ARM GAS  C:\Users\ykuch\AppData\Local\Temp\ccYZD6bm.s 			page 1


   1              		.syntax unified
   2              		.cpu cortex-m0
   3              		.fpu softvfp
   4              		.eabi_attribute 20, 1
   5              		.eabi_attribute 21, 1
   6              		.eabi_attribute 23, 3
   7              		.eabi_attribute 24, 1
   8              		.eabi_attribute 25, 1
   9              		.eabi_attribute 26, 1
  10              		.eabi_attribute 30, 1
  11              		.eabi_attribute 34, 0
  12              		.eabi_attribute 18, 4
  13              		.thumb
  14              		.syntax unified
  15              		.file	"cyfitter_cfg.c"
  16              		.text
  17              	.Ltext0:
  18              		.cfi_sections	.debug_frame
  19              		.section	.text.cfg_write_bytes32,"ax",%progbits
  20              		.align	2
  21              		.code	16
  22              		.thumb_func
  23              		.type	cfg_write_bytes32, %function
  24              	cfg_write_bytes32:
  25              	.LFB3:
  26              		.file 1 "Generated_Source\\PSoC4\\cyfitter_cfg.c"
   1:Generated_Source\PSoC4/cyfitter_cfg.c **** 
   2:Generated_Source\PSoC4/cyfitter_cfg.c **** /*******************************************************************************
   3:Generated_Source\PSoC4/cyfitter_cfg.c **** * File Name: cyfitter_cfg.c
   4:Generated_Source\PSoC4/cyfitter_cfg.c **** * 
   5:Generated_Source\PSoC4/cyfitter_cfg.c **** * PSoC Creator  4.4
   6:Generated_Source\PSoC4/cyfitter_cfg.c **** *
   7:Generated_Source\PSoC4/cyfitter_cfg.c **** * Description:
   8:Generated_Source\PSoC4/cyfitter_cfg.c **** * This file contains device initialization code.
   9:Generated_Source\PSoC4/cyfitter_cfg.c **** * Except for the user defined sections in CyClockStartupError(), this file should not be modified.
  10:Generated_Source\PSoC4/cyfitter_cfg.c **** * This file is automatically generated by PSoC Creator.
  11:Generated_Source\PSoC4/cyfitter_cfg.c **** *
  12:Generated_Source\PSoC4/cyfitter_cfg.c **** ********************************************************************************
  13:Generated_Source\PSoC4/cyfitter_cfg.c **** * Copyright (c) 2007-2020 Cypress Semiconductor.  All rights reserved.
  14:Generated_Source\PSoC4/cyfitter_cfg.c **** * You may use this file only in accordance with the license, terms, conditions, 
  15:Generated_Source\PSoC4/cyfitter_cfg.c **** * disclaimers, and limitations in the end user license agreement accompanying 
  16:Generated_Source\PSoC4/cyfitter_cfg.c **** * the software package with which this file was provided.
  17:Generated_Source\PSoC4/cyfitter_cfg.c **** ********************************************************************************/
  18:Generated_Source\PSoC4/cyfitter_cfg.c **** 
  19:Generated_Source\PSoC4/cyfitter_cfg.c **** #include <string.h>
  20:Generated_Source\PSoC4/cyfitter_cfg.c **** #include "cytypes.h"
  21:Generated_Source\PSoC4/cyfitter_cfg.c **** #include "cydevice_trm.h"
  22:Generated_Source\PSoC4/cyfitter_cfg.c **** #include "cyfitter.h"
  23:Generated_Source\PSoC4/cyfitter_cfg.c **** #include "CyLib.h"
  24:Generated_Source\PSoC4/cyfitter_cfg.c **** #include "CyLFClk.h"
  25:Generated_Source\PSoC4/cyfitter_cfg.c **** #include "cyfitter_cfg.h"
  26:Generated_Source\PSoC4/cyfitter_cfg.c **** #include "cyapicallbacks.h"
  27:Generated_Source\PSoC4/cyfitter_cfg.c **** 
  28:Generated_Source\PSoC4/cyfitter_cfg.c **** 
  29:Generated_Source\PSoC4/cyfitter_cfg.c **** #if defined(__GNUC__) || defined(__ARMCC_VERSION)
  30:Generated_Source\PSoC4/cyfitter_cfg.c ****     #define CYPACKED 
  31:Generated_Source\PSoC4/cyfitter_cfg.c ****     #define CYPACKED_ATTR __attribute__ ((packed))
ARM GAS  C:\Users\ykuch\AppData\Local\Temp\ccYZD6bm.s 			page 2


  32:Generated_Source\PSoC4/cyfitter_cfg.c ****     #define CYALIGNED __attribute__ ((aligned))
  33:Generated_Source\PSoC4/cyfitter_cfg.c ****     #define CY_CFG_UNUSED __attribute__ ((unused))
  34:Generated_Source\PSoC4/cyfitter_cfg.c ****     #ifndef CY_CFG_SECTION
  35:Generated_Source\PSoC4/cyfitter_cfg.c ****         #define CY_CFG_SECTION __attribute__ ((section(".psocinit")))
  36:Generated_Source\PSoC4/cyfitter_cfg.c ****     #endif
  37:Generated_Source\PSoC4/cyfitter_cfg.c ****     
  38:Generated_Source\PSoC4/cyfitter_cfg.c ****     #if defined(__ARMCC_VERSION)
  39:Generated_Source\PSoC4/cyfitter_cfg.c ****         #define CY_CFG_MEMORY_BARRIER() __memory_changed()
  40:Generated_Source\PSoC4/cyfitter_cfg.c ****     #else
  41:Generated_Source\PSoC4/cyfitter_cfg.c ****         #define CY_CFG_MEMORY_BARRIER() __sync_synchronize()
  42:Generated_Source\PSoC4/cyfitter_cfg.c ****     #endif
  43:Generated_Source\PSoC4/cyfitter_cfg.c ****     
  44:Generated_Source\PSoC4/cyfitter_cfg.c **** #elif defined(__ICCARM__)
  45:Generated_Source\PSoC4/cyfitter_cfg.c ****     #include <intrinsics.h>
  46:Generated_Source\PSoC4/cyfitter_cfg.c **** 
  47:Generated_Source\PSoC4/cyfitter_cfg.c ****     #define CYPACKED __packed
  48:Generated_Source\PSoC4/cyfitter_cfg.c ****     #define CYPACKED_ATTR 
  49:Generated_Source\PSoC4/cyfitter_cfg.c ****     #define CYALIGNED _Pragma("data_alignment=4")
  50:Generated_Source\PSoC4/cyfitter_cfg.c ****     #define CY_CFG_UNUSED _Pragma("diag_suppress=Pe177")
  51:Generated_Source\PSoC4/cyfitter_cfg.c ****     #define CY_CFG_SECTION _Pragma("location=\".psocinit\"")
  52:Generated_Source\PSoC4/cyfitter_cfg.c ****     
  53:Generated_Source\PSoC4/cyfitter_cfg.c ****     #define CY_CFG_MEMORY_BARRIER() __DMB()
  54:Generated_Source\PSoC4/cyfitter_cfg.c ****     
  55:Generated_Source\PSoC4/cyfitter_cfg.c **** #else
  56:Generated_Source\PSoC4/cyfitter_cfg.c ****     #error Unsupported toolchain
  57:Generated_Source\PSoC4/cyfitter_cfg.c **** #endif
  58:Generated_Source\PSoC4/cyfitter_cfg.c **** 
  59:Generated_Source\PSoC4/cyfitter_cfg.c **** #ifndef CYCODE
  60:Generated_Source\PSoC4/cyfitter_cfg.c ****     #define CYCODE
  61:Generated_Source\PSoC4/cyfitter_cfg.c **** #endif
  62:Generated_Source\PSoC4/cyfitter_cfg.c **** #ifndef CYDATA
  63:Generated_Source\PSoC4/cyfitter_cfg.c ****     #define CYDATA
  64:Generated_Source\PSoC4/cyfitter_cfg.c **** #endif
  65:Generated_Source\PSoC4/cyfitter_cfg.c **** #ifndef CYFAR
  66:Generated_Source\PSoC4/cyfitter_cfg.c ****     #define CYFAR
  67:Generated_Source\PSoC4/cyfitter_cfg.c **** #endif
  68:Generated_Source\PSoC4/cyfitter_cfg.c **** #ifndef CYXDATA
  69:Generated_Source\PSoC4/cyfitter_cfg.c ****     #define CYXDATA
  70:Generated_Source\PSoC4/cyfitter_cfg.c **** #endif
  71:Generated_Source\PSoC4/cyfitter_cfg.c **** 
  72:Generated_Source\PSoC4/cyfitter_cfg.c **** 
  73:Generated_Source\PSoC4/cyfitter_cfg.c **** CY_CFG_UNUSED
  74:Generated_Source\PSoC4/cyfitter_cfg.c **** static void CYMEMZERO(void *s, size_t n);
  75:Generated_Source\PSoC4/cyfitter_cfg.c **** CY_CFG_UNUSED
  76:Generated_Source\PSoC4/cyfitter_cfg.c **** static void CYMEMZERO(void *s, size_t n)
  77:Generated_Source\PSoC4/cyfitter_cfg.c **** {
  78:Generated_Source\PSoC4/cyfitter_cfg.c **** 	(void)memset(s, 0, n);
  79:Generated_Source\PSoC4/cyfitter_cfg.c **** }
  80:Generated_Source\PSoC4/cyfitter_cfg.c **** CY_CFG_UNUSED
  81:Generated_Source\PSoC4/cyfitter_cfg.c **** static void CYCONFIGCPY(void *dest, const void *src, size_t n);
  82:Generated_Source\PSoC4/cyfitter_cfg.c **** CY_CFG_UNUSED
  83:Generated_Source\PSoC4/cyfitter_cfg.c **** static void CYCONFIGCPY(void *dest, const void *src, size_t n)
  84:Generated_Source\PSoC4/cyfitter_cfg.c **** {
  85:Generated_Source\PSoC4/cyfitter_cfg.c **** 	(void)memcpy(dest, src, n);
  86:Generated_Source\PSoC4/cyfitter_cfg.c **** }
  87:Generated_Source\PSoC4/cyfitter_cfg.c **** CY_CFG_UNUSED
  88:Generated_Source\PSoC4/cyfitter_cfg.c **** static void CYCONFIGCPYCODE(void *dest, const void *src, size_t n);
ARM GAS  C:\Users\ykuch\AppData\Local\Temp\ccYZD6bm.s 			page 3


  89:Generated_Source\PSoC4/cyfitter_cfg.c **** CY_CFG_UNUSED
  90:Generated_Source\PSoC4/cyfitter_cfg.c **** static void CYCONFIGCPYCODE(void *dest, const void *src, size_t n)
  91:Generated_Source\PSoC4/cyfitter_cfg.c **** {
  92:Generated_Source\PSoC4/cyfitter_cfg.c **** 	(void)memcpy(dest, src, n);
  93:Generated_Source\PSoC4/cyfitter_cfg.c **** }
  94:Generated_Source\PSoC4/cyfitter_cfg.c **** 
  95:Generated_Source\PSoC4/cyfitter_cfg.c **** 
  96:Generated_Source\PSoC4/cyfitter_cfg.c **** 
  97:Generated_Source\PSoC4/cyfitter_cfg.c **** 
  98:Generated_Source\PSoC4/cyfitter_cfg.c **** /* Clock startup error codes                                                   */
  99:Generated_Source\PSoC4/cyfitter_cfg.c **** #define CYCLOCKSTART_NO_ERROR    0u
 100:Generated_Source\PSoC4/cyfitter_cfg.c **** #define CYCLOCKSTART_XTAL_ERROR  1u
 101:Generated_Source\PSoC4/cyfitter_cfg.c **** #define CYCLOCKSTART_32KHZ_ERROR 2u
 102:Generated_Source\PSoC4/cyfitter_cfg.c **** #define CYCLOCKSTART_PLL_ERROR   3u
 103:Generated_Source\PSoC4/cyfitter_cfg.c **** #define CYCLOCKSTART_FLL_ERROR   4u
 104:Generated_Source\PSoC4/cyfitter_cfg.c **** #define CYCLOCKSTART_WCO_ERROR   5u
 105:Generated_Source\PSoC4/cyfitter_cfg.c **** 
 106:Generated_Source\PSoC4/cyfitter_cfg.c **** 
 107:Generated_Source\PSoC4/cyfitter_cfg.c **** #ifdef CY_NEED_CYCLOCKSTARTUPERROR
 108:Generated_Source\PSoC4/cyfitter_cfg.c **** /*******************************************************************************
 109:Generated_Source\PSoC4/cyfitter_cfg.c **** * Function Name: CyClockStartupError
 110:Generated_Source\PSoC4/cyfitter_cfg.c **** ********************************************************************************
 111:Generated_Source\PSoC4/cyfitter_cfg.c **** * Summary:
 112:Generated_Source\PSoC4/cyfitter_cfg.c **** *  If an error is encountered during clock configuration (crystal startup error,
 113:Generated_Source\PSoC4/cyfitter_cfg.c **** *  PLL lock error, etc.), the system will end up here.  Unless reimplemented by
 114:Generated_Source\PSoC4/cyfitter_cfg.c **** *  the customer, this function will stop in an infinite loop.
 115:Generated_Source\PSoC4/cyfitter_cfg.c **** *
 116:Generated_Source\PSoC4/cyfitter_cfg.c **** * Parameters:
 117:Generated_Source\PSoC4/cyfitter_cfg.c **** *   void
 118:Generated_Source\PSoC4/cyfitter_cfg.c **** *
 119:Generated_Source\PSoC4/cyfitter_cfg.c **** * Return:
 120:Generated_Source\PSoC4/cyfitter_cfg.c **** *   void
 121:Generated_Source\PSoC4/cyfitter_cfg.c **** *
 122:Generated_Source\PSoC4/cyfitter_cfg.c **** *******************************************************************************/
 123:Generated_Source\PSoC4/cyfitter_cfg.c **** CY_CFG_UNUSED
 124:Generated_Source\PSoC4/cyfitter_cfg.c **** static void CyClockStartupError(uint8 errorCode);
 125:Generated_Source\PSoC4/cyfitter_cfg.c **** CY_CFG_UNUSED
 126:Generated_Source\PSoC4/cyfitter_cfg.c **** static void CyClockStartupError(uint8 errorCode)
 127:Generated_Source\PSoC4/cyfitter_cfg.c **** {
 128:Generated_Source\PSoC4/cyfitter_cfg.c ****     /* To remove the compiler warning if errorCode not used.                */
 129:Generated_Source\PSoC4/cyfitter_cfg.c ****     errorCode = errorCode;
 130:Generated_Source\PSoC4/cyfitter_cfg.c **** 
 131:Generated_Source\PSoC4/cyfitter_cfg.c ****     /* If we have a clock startup error (bad MHz crystal, PLL lock, etc.),  */
 132:Generated_Source\PSoC4/cyfitter_cfg.c ****     /* we will end up here to allow the customer to implement something to  */
 133:Generated_Source\PSoC4/cyfitter_cfg.c ****     /* deal with the clock condition.                                       */
 134:Generated_Source\PSoC4/cyfitter_cfg.c **** 
 135:Generated_Source\PSoC4/cyfitter_cfg.c **** #ifdef CY_CFG_CLOCK_STARTUP_ERROR_CALLBACK
 136:Generated_Source\PSoC4/cyfitter_cfg.c ****     CY_CFG_Clock_Startup_ErrorCallback();
 137:Generated_Source\PSoC4/cyfitter_cfg.c **** #else
 138:Generated_Source\PSoC4/cyfitter_cfg.c ****     /*  If not using CY_CFG_CLOCK_STARTUP_ERROR_CALLBACK, place your clock startup code here. */
 139:Generated_Source\PSoC4/cyfitter_cfg.c ****     /* `#START CyClockStartupError` */
 140:Generated_Source\PSoC4/cyfitter_cfg.c **** 
 141:Generated_Source\PSoC4/cyfitter_cfg.c **** 
 142:Generated_Source\PSoC4/cyfitter_cfg.c **** 
 143:Generated_Source\PSoC4/cyfitter_cfg.c ****     /* `#END` */
 144:Generated_Source\PSoC4/cyfitter_cfg.c **** 
 145:Generated_Source\PSoC4/cyfitter_cfg.c ****     while(1) {}
ARM GAS  C:\Users\ykuch\AppData\Local\Temp\ccYZD6bm.s 			page 4


 146:Generated_Source\PSoC4/cyfitter_cfg.c **** #endif /* CY_CFG_CLOCK_STARTUP_ERROR_CALLBACK */
 147:Generated_Source\PSoC4/cyfitter_cfg.c **** }
 148:Generated_Source\PSoC4/cyfitter_cfg.c **** #endif
 149:Generated_Source\PSoC4/cyfitter_cfg.c **** 
 150:Generated_Source\PSoC4/cyfitter_cfg.c **** #define CY_CFG_BASE_ADDR_COUNT 8u
 151:Generated_Source\PSoC4/cyfitter_cfg.c **** CYPACKED typedef struct
 152:Generated_Source\PSoC4/cyfitter_cfg.c **** {
 153:Generated_Source\PSoC4/cyfitter_cfg.c **** 	uint8 offset;
 154:Generated_Source\PSoC4/cyfitter_cfg.c **** 	uint8 value;
 155:Generated_Source\PSoC4/cyfitter_cfg.c **** } CYPACKED_ATTR cy_cfg_addrvalue_t;
 156:Generated_Source\PSoC4/cyfitter_cfg.c **** 
 157:Generated_Source\PSoC4/cyfitter_cfg.c **** 
 158:Generated_Source\PSoC4/cyfitter_cfg.c **** 
 159:Generated_Source\PSoC4/cyfitter_cfg.c **** /*******************************************************************************
 160:Generated_Source\PSoC4/cyfitter_cfg.c **** * Function Name: cfg_write_bytes32
 161:Generated_Source\PSoC4/cyfitter_cfg.c **** ********************************************************************************
 162:Generated_Source\PSoC4/cyfitter_cfg.c **** * Summary:
 163:Generated_Source\PSoC4/cyfitter_cfg.c **** *  This function is used for setting up the chip configuration areas that
 164:Generated_Source\PSoC4/cyfitter_cfg.c **** *  contain relatively sparse data.
 165:Generated_Source\PSoC4/cyfitter_cfg.c **** *
 166:Generated_Source\PSoC4/cyfitter_cfg.c **** * Parameters:
 167:Generated_Source\PSoC4/cyfitter_cfg.c **** *   void
 168:Generated_Source\PSoC4/cyfitter_cfg.c **** *
 169:Generated_Source\PSoC4/cyfitter_cfg.c **** * Return:
 170:Generated_Source\PSoC4/cyfitter_cfg.c **** *   void
 171:Generated_Source\PSoC4/cyfitter_cfg.c **** *
 172:Generated_Source\PSoC4/cyfitter_cfg.c **** *******************************************************************************/
 173:Generated_Source\PSoC4/cyfitter_cfg.c **** static void cfg_write_bytes32(const uint32 addr_table[], const cy_cfg_addrvalue_t data_table[]);
 174:Generated_Source\PSoC4/cyfitter_cfg.c **** static void cfg_write_bytes32(const uint32 addr_table[], const cy_cfg_addrvalue_t data_table[])
 175:Generated_Source\PSoC4/cyfitter_cfg.c **** {
  27              		.loc 1 175 0
  28              		.cfi_startproc
  29              		@ args = 0, pretend = 0, frame = 0
  30              		@ frame_needed = 0, uses_anonymous_args = 0
  31              	.LVL0:
  32 0000 F0B5     		push	{r4, r5, r6, r7, lr}
  33              		.cfi_def_cfa_offset 20
  34              		.cfi_offset 4, -20
  35              		.cfi_offset 5, -16
  36              		.cfi_offset 6, -12
  37              		.cfi_offset 7, -8
  38              		.cfi_offset 14, -4
  39              	.LVL1:
 176:Generated_Source\PSoC4/cyfitter_cfg.c **** 	/* For 32-bit little-endian architectures */
 177:Generated_Source\PSoC4/cyfitter_cfg.c **** 	uint32 i, j = 0u;
  40              		.loc 1 177 0
  41 0002 0025     		movs	r5, #0
 178:Generated_Source\PSoC4/cyfitter_cfg.c **** 	for (i = 0u; i < CY_CFG_BASE_ADDR_COUNT; i++)
  42              		.loc 1 178 0
  43 0004 0027     		movs	r7, #0
  44 0006 11E0     		b	.L2
  45              	.LVL2:
  46              	.L5:
  47              	.LBB2:
 179:Generated_Source\PSoC4/cyfitter_cfg.c **** 	{
 180:Generated_Source\PSoC4/cyfitter_cfg.c **** 		uint32 baseAddr = addr_table[i];
  48              		.loc 1 180 0
ARM GAS  C:\Users\ykuch\AppData\Local\Temp\ccYZD6bm.s 			page 5


  49 0008 BB00     		lsls	r3, r7, #2
  50 000a C658     		ldr	r6, [r0, r3]
  51              	.LVL3:
 181:Generated_Source\PSoC4/cyfitter_cfg.c **** 		uint8 count = (uint8)baseAddr;
  52              		.loc 1 181 0
  53 000c F3B2     		uxtb	r3, r6
  54              	.LVL4:
 182:Generated_Source\PSoC4/cyfitter_cfg.c **** 		baseAddr &= 0xFFFFFF00u;
  55              		.loc 1 182 0
  56 000e FF22     		movs	r2, #255
  57 0010 9643     		bics	r6, r2
  58              	.LVL5:
 183:Generated_Source\PSoC4/cyfitter_cfg.c **** 		while (count != 0u)
  59              		.loc 1 183 0
  60 0012 08E0     		b	.L3
  61              	.L4:
 184:Generated_Source\PSoC4/cyfitter_cfg.c **** 		{
 185:Generated_Source\PSoC4/cyfitter_cfg.c **** 			CY_SET_REG8((void *)(baseAddr + data_table[j].offset), data_table[j].value);
  62              		.loc 1 185 0
  63 0014 6A00     		lsls	r2, r5, #1
  64 0016 8A18     		adds	r2, r1, r2
  65 0018 1478     		ldrb	r4, [r2]
  66 001a A419     		adds	r4, r4, r6
  67 001c 5278     		ldrb	r2, [r2, #1]
  68 001e 2270     		strb	r2, [r4]
 186:Generated_Source\PSoC4/cyfitter_cfg.c **** 			j++;
  69              		.loc 1 186 0
  70 0020 0135     		adds	r5, r5, #1
  71              	.LVL6:
 187:Generated_Source\PSoC4/cyfitter_cfg.c **** 			count--;
  72              		.loc 1 187 0
  73 0022 013B     		subs	r3, r3, #1
  74              	.LVL7:
  75 0024 DBB2     		uxtb	r3, r3
  76              	.LVL8:
  77              	.L3:
 183:Generated_Source\PSoC4/cyfitter_cfg.c **** 		{
  78              		.loc 1 183 0
  79 0026 002B     		cmp	r3, #0
  80 0028 F4D1     		bne	.L4
  81              	.LBE2:
 178:Generated_Source\PSoC4/cyfitter_cfg.c **** 	{
  82              		.loc 1 178 0 discriminator 2
  83 002a 0137     		adds	r7, r7, #1
  84              	.LVL9:
  85              	.L2:
 178:Generated_Source\PSoC4/cyfitter_cfg.c **** 	{
  86              		.loc 1 178 0 is_stmt 0 discriminator 1
  87 002c 072F     		cmp	r7, #7
  88 002e EBD9     		bls	.L5
 188:Generated_Source\PSoC4/cyfitter_cfg.c **** 		}
 189:Generated_Source\PSoC4/cyfitter_cfg.c **** 	}
 190:Generated_Source\PSoC4/cyfitter_cfg.c **** }
  89              		.loc 1 190 0 is_stmt 1
  90              		@ sp needed
  91              	.LVL10:
  92              	.LVL11:
ARM GAS  C:\Users\ykuch\AppData\Local\Temp\ccYZD6bm.s 			page 6


  93 0030 F0BD     		pop	{r4, r5, r6, r7, pc}
  94              		.cfi_endproc
  95              	.LFE3:
  96              		.size	cfg_write_bytes32, .-cfg_write_bytes32
  97 0032 C046     		.section	.text.CYMEMZERO,"ax",%progbits
  98              		.align	2
  99              		.code	16
 100              		.thumb_func
 101              		.type	CYMEMZERO, %function
 102              	CYMEMZERO:
 103              	.LFB0:
  77:Generated_Source\PSoC4/cyfitter_cfg.c **** 	(void)memset(s, 0, n);
 104              		.loc 1 77 0
 105              		.cfi_startproc
 106              		@ args = 0, pretend = 0, frame = 0
 107              		@ frame_needed = 0, uses_anonymous_args = 0
 108              	.LVL12:
 109 0000 10B5     		push	{r4, lr}
 110              		.cfi_def_cfa_offset 8
 111              		.cfi_offset 4, -8
 112              		.cfi_offset 14, -4
 113 0002 0A00     		movs	r2, r1
  78:Generated_Source\PSoC4/cyfitter_cfg.c **** }
 114              		.loc 1 78 0
 115 0004 0021     		movs	r1, #0
 116              	.LVL13:
 117 0006 FFF7FEFF 		bl	memset
 118              	.LVL14:
  79:Generated_Source\PSoC4/cyfitter_cfg.c **** CY_CFG_UNUSED
 119              		.loc 1 79 0
 120              		@ sp needed
 121 000a 10BD     		pop	{r4, pc}
 122              		.cfi_endproc
 123              	.LFE0:
 124              		.size	CYMEMZERO, .-CYMEMZERO
 125              		.section	.psocinit,"ax",%progbits
 126              		.align	2
 127              		.code	16
 128              		.thumb_func
 129              		.type	ClockSetup, %function
 130              	ClockSetup:
 131              	.LFB4:
 191:Generated_Source\PSoC4/cyfitter_cfg.c **** 
 192:Generated_Source\PSoC4/cyfitter_cfg.c **** 
 193:Generated_Source\PSoC4/cyfitter_cfg.c **** /*******************************************************************************
 194:Generated_Source\PSoC4/cyfitter_cfg.c **** * Function Name: ClockSetup
 195:Generated_Source\PSoC4/cyfitter_cfg.c **** ********************************************************************************
 196:Generated_Source\PSoC4/cyfitter_cfg.c **** *
 197:Generated_Source\PSoC4/cyfitter_cfg.c **** * Summary:
 198:Generated_Source\PSoC4/cyfitter_cfg.c **** *   Performs the initialization of all of the clocks in the device based on the
 199:Generated_Source\PSoC4/cyfitter_cfg.c **** *   settings in the Clock tab of the DWR.  This includes enabling the requested
 200:Generated_Source\PSoC4/cyfitter_cfg.c **** *   clocks and setting the necessary dividers to produce the desired frequency. 
 201:Generated_Source\PSoC4/cyfitter_cfg.c **** *
 202:Generated_Source\PSoC4/cyfitter_cfg.c **** * Parameters:
 203:Generated_Source\PSoC4/cyfitter_cfg.c **** *   void
 204:Generated_Source\PSoC4/cyfitter_cfg.c **** *
 205:Generated_Source\PSoC4/cyfitter_cfg.c **** * Return:
ARM GAS  C:\Users\ykuch\AppData\Local\Temp\ccYZD6bm.s 			page 7


 206:Generated_Source\PSoC4/cyfitter_cfg.c **** *   void
 207:Generated_Source\PSoC4/cyfitter_cfg.c **** *
 208:Generated_Source\PSoC4/cyfitter_cfg.c **** *******************************************************************************/
 209:Generated_Source\PSoC4/cyfitter_cfg.c **** static void ClockSetup(void);
 210:Generated_Source\PSoC4/cyfitter_cfg.c **** CY_CFG_SECTION
 211:Generated_Source\PSoC4/cyfitter_cfg.c **** static void ClockSetup(void)
 212:Generated_Source\PSoC4/cyfitter_cfg.c **** {
 132              		.loc 1 212 0
 133              		.cfi_startproc
 134              		@ args = 0, pretend = 0, frame = 0
 135              		@ frame_needed = 0, uses_anonymous_args = 0
 136 0000 70B5     		push	{r4, r5, r6, lr}
 137              		.cfi_def_cfa_offset 16
 138              		.cfi_offset 4, -16
 139              		.cfi_offset 5, -12
 140              		.cfi_offset 6, -8
 141              		.cfi_offset 14, -4
 213:Generated_Source\PSoC4/cyfitter_cfg.c **** 	/* Enable HALF_EN before trimming for the flash accelerator. */
 214:Generated_Source\PSoC4/cyfitter_cfg.c **** 	CY_SET_REG32((void CYXDATA *)(CYREG_CLK_SELECT), (CY_GET_REG32((void *)CYREG_CLK_SELECT) | 0x00040
 142              		.loc 1 214 0
 143 0002 0F4C     		ldr	r4, .L8
 144 0004 2368     		ldr	r3, [r4]
 145 0006 8022     		movs	r2, #128
 146 0008 D202     		lsls	r2, r2, #11
 147 000a 1343     		orrs	r3, r2
 148 000c 2360     		str	r3, [r4]
 215:Generated_Source\PSoC4/cyfitter_cfg.c **** 
 216:Generated_Source\PSoC4/cyfitter_cfg.c **** 	/* Setup and trim IMO based on desired frequency. */
 217:Generated_Source\PSoC4/cyfitter_cfg.c **** 	CySysClkWriteImoFreq(24u);
 149              		.loc 1 217 0
 150 000e 1820     		movs	r0, #24
 151 0010 FFF7FEFF 		bl	CySysClkWriteImoFreq
 152              	.LVL15:
 218:Generated_Source\PSoC4/cyfitter_cfg.c **** 
 219:Generated_Source\PSoC4/cyfitter_cfg.c **** 	/* Disable HALF_EN since it is not required at this IMO frequency. */
 220:Generated_Source\PSoC4/cyfitter_cfg.c **** 	CY_SET_REG32((void CYXDATA *)(CYREG_CLK_SELECT), (CY_GET_REG32((void *)CYREG_CLK_SELECT) & 0xFFFBF
 153              		.loc 1 220 0
 154 0014 2268     		ldr	r2, [r4]
 155 0016 0B4B     		ldr	r3, .L8+4
 156 0018 1340     		ands	r3, r2
 157 001a 2360     		str	r3, [r4]
 221:Generated_Source\PSoC4/cyfitter_cfg.c **** 	/* CYDEV_CLK_ILO_CONFIG Starting address: CYDEV_CLK_ILO_CONFIG */
 222:Generated_Source\PSoC4/cyfitter_cfg.c **** 	CY_SET_REG32((void *)(CYREG_CLK_ILO_CONFIG), 0x80000006u);
 158              		.loc 1 222 0
 159 001c 0A4A     		ldr	r2, .L8+8
 160 001e 0B4B     		ldr	r3, .L8+12
 161 0020 1A60     		str	r2, [r3]
 223:Generated_Source\PSoC4/cyfitter_cfg.c **** 
 224:Generated_Source\PSoC4/cyfitter_cfg.c **** 
 225:Generated_Source\PSoC4/cyfitter_cfg.c **** 	/* CYDEV_CLK_IMO_CONFIG Starting address: CYDEV_CLK_IMO_CONFIG */
 226:Generated_Source\PSoC4/cyfitter_cfg.c **** 	CY_SET_REG32((void *)(CYREG_CLK_IMO_CONFIG), 0x80000000u);
 162              		.loc 1 226 0
 163 0022 063A     		subs	r2, r2, #6
 164 0024 0A4B     		ldr	r3, .L8+16
 165 0026 1A60     		str	r2, [r3]
 227:Generated_Source\PSoC4/cyfitter_cfg.c **** 
 228:Generated_Source\PSoC4/cyfitter_cfg.c **** 	/* CYDEV_CLK_SELECT Starting address: CYDEV_CLK_SELECT */
ARM GAS  C:\Users\ykuch\AppData\Local\Temp\ccYZD6bm.s 			page 8


 229:Generated_Source\PSoC4/cyfitter_cfg.c **** 	CY_SET_REG32((void *)(CYREG_CLK_SELECT), 0x00000000u);
 166              		.loc 1 229 0
 167 0028 0025     		movs	r5, #0
 168 002a 2560     		str	r5, [r4]
 230:Generated_Source\PSoC4/cyfitter_cfg.c **** 
 231:Generated_Source\PSoC4/cyfitter_cfg.c **** 	(void)CyIntSetVector(9u, &CySysWdtIsr);
 169              		.loc 1 231 0
 170 002c 0949     		ldr	r1, .L8+20
 171 002e 0920     		movs	r0, #9
 172 0030 FFF7FEFF 		bl	CyIntSetVector
 173              	.LVL16:
 232:Generated_Source\PSoC4/cyfitter_cfg.c **** 	CyIntEnable(9u);
 174              		.loc 1 232 0
 175 0034 0920     		movs	r0, #9
 176 0036 FFF7FEFF 		bl	CyIntEnable
 177              	.LVL17:
 233:Generated_Source\PSoC4/cyfitter_cfg.c **** 	CY_SET_REG32((void *)(CYREG_WDT_CONFIG), 0x00000000u);
 178              		.loc 1 233 0
 179 003a 074B     		ldr	r3, .L8+24
 180 003c 1D60     		str	r5, [r3]
 234:Generated_Source\PSoC4/cyfitter_cfg.c **** }
 181              		.loc 1 234 0
 182              		@ sp needed
 183 003e 70BD     		pop	{r4, r5, r6, pc}
 184              	.L9:
 185              		.align	2
 186              	.L8:
 187 0040 00010B40 		.word	1074462976
 188 0044 FFFFFBFF 		.word	-262145
 189 0048 06000080 		.word	-2147483642
 190 004c 04010B40 		.word	1074462980
 191 0050 08010B40 		.word	1074462984
 192 0054 00000000 		.word	CySysWdtIsr
 193 0058 0C020B40 		.word	1074463244
 194              		.cfi_endproc
 195              	.LFE4:
 196              		.size	ClockSetup, .-ClockSetup
 197              		.align	2
 198              		.global	cyfitter_cfg
 199              		.code	16
 200              		.thumb_func
 201              		.type	cyfitter_cfg, %function
 202              	cyfitter_cfg:
 203              	.LFB6:
 235:Generated_Source\PSoC4/cyfitter_cfg.c **** 
 236:Generated_Source\PSoC4/cyfitter_cfg.c **** 
 237:Generated_Source\PSoC4/cyfitter_cfg.c **** /* Analog API Functions */
 238:Generated_Source\PSoC4/cyfitter_cfg.c **** 
 239:Generated_Source\PSoC4/cyfitter_cfg.c **** 
 240:Generated_Source\PSoC4/cyfitter_cfg.c **** /*******************************************************************************
 241:Generated_Source\PSoC4/cyfitter_cfg.c **** * Function Name: AnalogSetDefault
 242:Generated_Source\PSoC4/cyfitter_cfg.c **** ********************************************************************************
 243:Generated_Source\PSoC4/cyfitter_cfg.c **** *
 244:Generated_Source\PSoC4/cyfitter_cfg.c **** * Summary:
 245:Generated_Source\PSoC4/cyfitter_cfg.c **** *  Sets up the analog portions of the chip to default values based on chip
 246:Generated_Source\PSoC4/cyfitter_cfg.c **** *  configuration options from the project.
 247:Generated_Source\PSoC4/cyfitter_cfg.c **** *
ARM GAS  C:\Users\ykuch\AppData\Local\Temp\ccYZD6bm.s 			page 9


 248:Generated_Source\PSoC4/cyfitter_cfg.c **** * Parameters:
 249:Generated_Source\PSoC4/cyfitter_cfg.c **** *  void
 250:Generated_Source\PSoC4/cyfitter_cfg.c **** *
 251:Generated_Source\PSoC4/cyfitter_cfg.c **** * Return:
 252:Generated_Source\PSoC4/cyfitter_cfg.c **** *  void
 253:Generated_Source\PSoC4/cyfitter_cfg.c **** *
 254:Generated_Source\PSoC4/cyfitter_cfg.c **** *******************************************************************************/
 255:Generated_Source\PSoC4/cyfitter_cfg.c **** static void AnalogSetDefault(void);
 256:Generated_Source\PSoC4/cyfitter_cfg.c **** static void AnalogSetDefault(void)
 257:Generated_Source\PSoC4/cyfitter_cfg.c **** {
 258:Generated_Source\PSoC4/cyfitter_cfg.c **** }
 259:Generated_Source\PSoC4/cyfitter_cfg.c **** 
 260:Generated_Source\PSoC4/cyfitter_cfg.c **** 
 261:Generated_Source\PSoC4/cyfitter_cfg.c **** 
 262:Generated_Source\PSoC4/cyfitter_cfg.c **** 
 263:Generated_Source\PSoC4/cyfitter_cfg.c **** /*******************************************************************************
 264:Generated_Source\PSoC4/cyfitter_cfg.c **** * Function Name: cyfitter_cfg
 265:Generated_Source\PSoC4/cyfitter_cfg.c **** ********************************************************************************
 266:Generated_Source\PSoC4/cyfitter_cfg.c **** * Summary:
 267:Generated_Source\PSoC4/cyfitter_cfg.c **** *  This function is called by the start-up code for the selected device. It
 268:Generated_Source\PSoC4/cyfitter_cfg.c **** *  performs all of the necessary device configuration based on the design
 269:Generated_Source\PSoC4/cyfitter_cfg.c **** *  settings.  This includes settings from the Design Wide Resources (DWR) such
 270:Generated_Source\PSoC4/cyfitter_cfg.c **** *  as Clocks and Pins as well as any component configuration that is necessary.
 271:Generated_Source\PSoC4/cyfitter_cfg.c **** *
 272:Generated_Source\PSoC4/cyfitter_cfg.c **** * Parameters:
 273:Generated_Source\PSoC4/cyfitter_cfg.c **** *   void
 274:Generated_Source\PSoC4/cyfitter_cfg.c **** *
 275:Generated_Source\PSoC4/cyfitter_cfg.c **** * Return:
 276:Generated_Source\PSoC4/cyfitter_cfg.c **** *   void
 277:Generated_Source\PSoC4/cyfitter_cfg.c **** *
 278:Generated_Source\PSoC4/cyfitter_cfg.c **** *******************************************************************************/
 279:Generated_Source\PSoC4/cyfitter_cfg.c **** CY_CFG_SECTION
 280:Generated_Source\PSoC4/cyfitter_cfg.c **** void cyfitter_cfg(void)
 281:Generated_Source\PSoC4/cyfitter_cfg.c **** {
 204              		.loc 1 281 0
 205              		.cfi_startproc
 206              		@ args = 0, pretend = 0, frame = 0
 207              		@ frame_needed = 0, uses_anonymous_args = 0
 208 005c 10B5     		push	{r4, lr}
 209              		.cfi_def_cfa_offset 8
 210              		.cfi_offset 4, -8
 211              		.cfi_offset 14, -4
 282:Generated_Source\PSoC4/cyfitter_cfg.c **** 	/* Disable interrupts by default. Let user enable if/when they want. */
 283:Generated_Source\PSoC4/cyfitter_cfg.c **** 	CyGlobalIntDisable;
 212              		.loc 1 283 0
 213              		.syntax divided
 214              	@ 283 "Generated_Source\PSoC4\cyfitter_cfg.c" 1
 215 005e 72B6     		CPSID   i
 216              	@ 0 "" 2
 284:Generated_Source\PSoC4/cyfitter_cfg.c **** 
 285:Generated_Source\PSoC4/cyfitter_cfg.c **** 	/* Enable the clock in the interrupt controller for the routed interrupts */
 286:Generated_Source\PSoC4/cyfitter_cfg.c **** 	CY_SET_REG8((void *)CYREG_UDB_UDBIF_INT_CLK_CTL, 0x01u);
 217              		.loc 1 286 0
 218              		.thumb
 219              		.syntax unified
 220 0060 0122     		movs	r2, #1
 221 0062 224B     		ldr	r3, .L13
ARM GAS  C:\Users\ykuch\AppData\Local\Temp\ccYZD6bm.s 			page 10


 222 0064 1A70     		strb	r2, [r3]
 223              	.LVL18:
 224              	.LBB3:
 287:Generated_Source\PSoC4/cyfitter_cfg.c **** 	{
 288:Generated_Source\PSoC4/cyfitter_cfg.c **** 		static const uint32 CYCODE cy_cfg_addr_table[] = {
 289:Generated_Source\PSoC4/cyfitter_cfg.c **** 			0x400F0001u, /* Base address: 0x400F0000 Count: 1 */
 290:Generated_Source\PSoC4/cyfitter_cfg.c **** 			0x400F3003u, /* Base address: 0x400F3000 Count: 3 */
 291:Generated_Source\PSoC4/cyfitter_cfg.c **** 			0x400F3106u, /* Base address: 0x400F3100 Count: 6 */
 292:Generated_Source\PSoC4/cyfitter_cfg.c **** 			0x400F3234u, /* Base address: 0x400F3200 Count: 52 */
 293:Generated_Source\PSoC4/cyfitter_cfg.c **** 			0x400F331Au, /* Base address: 0x400F3300 Count: 26 */
 294:Generated_Source\PSoC4/cyfitter_cfg.c **** 			0x400F4006u, /* Base address: 0x400F4000 Count: 6 */
 295:Generated_Source\PSoC4/cyfitter_cfg.c **** 			0x400F4103u, /* Base address: 0x400F4100 Count: 3 */
 296:Generated_Source\PSoC4/cyfitter_cfg.c **** 			0x400F6002u, /* Base address: 0x400F6000 Count: 2 */
 297:Generated_Source\PSoC4/cyfitter_cfg.c **** 		};
 298:Generated_Source\PSoC4/cyfitter_cfg.c **** 
 299:Generated_Source\PSoC4/cyfitter_cfg.c **** 		static const cy_cfg_addrvalue_t CYCODE cy_cfg_data_table[] = {
 300:Generated_Source\PSoC4/cyfitter_cfg.c **** 			{0x83u, 0x0Du},
 301:Generated_Source\PSoC4/cyfitter_cfg.c **** 			{0xD6u, 0x08u},
 302:Generated_Source\PSoC4/cyfitter_cfg.c **** 			{0xDBu, 0x04u},
 303:Generated_Source\PSoC4/cyfitter_cfg.c **** 			{0xDDu, 0x90u},
 304:Generated_Source\PSoC4/cyfitter_cfg.c **** 			{0x5Fu, 0x90u},
 305:Generated_Source\PSoC4/cyfitter_cfg.c **** 			{0x64u, 0x04u},
 306:Generated_Source\PSoC4/cyfitter_cfg.c **** 			{0x67u, 0x0Au},
 307:Generated_Source\PSoC4/cyfitter_cfg.c **** 			{0x87u, 0x90u},
 308:Generated_Source\PSoC4/cyfitter_cfg.c **** 			{0xD6u, 0x30u},
 309:Generated_Source\PSoC4/cyfitter_cfg.c **** 			{0xD8u, 0x30u},
 310:Generated_Source\PSoC4/cyfitter_cfg.c **** 			{0x40u, 0x45u},
 311:Generated_Source\PSoC4/cyfitter_cfg.c **** 			{0x49u, 0xFFu},
 312:Generated_Source\PSoC4/cyfitter_cfg.c **** 			{0x4Au, 0xFFu},
 313:Generated_Source\PSoC4/cyfitter_cfg.c **** 			{0x4Bu, 0xFFu},
 314:Generated_Source\PSoC4/cyfitter_cfg.c **** 			{0x4Fu, 0x01u},
 315:Generated_Source\PSoC4/cyfitter_cfg.c **** 			{0x50u, 0x18u},
 316:Generated_Source\PSoC4/cyfitter_cfg.c **** 			{0x52u, 0x80u},
 317:Generated_Source\PSoC4/cyfitter_cfg.c **** 			{0x5Au, 0x09u},
 318:Generated_Source\PSoC4/cyfitter_cfg.c **** 			{0x5Bu, 0x08u},
 319:Generated_Source\PSoC4/cyfitter_cfg.c **** 			{0x5Du, 0x99u},
 320:Generated_Source\PSoC4/cyfitter_cfg.c **** 			{0x5Fu, 0x01u},
 321:Generated_Source\PSoC4/cyfitter_cfg.c **** 			{0x60u, 0x40u},
 322:Generated_Source\PSoC4/cyfitter_cfg.c **** 			{0x62u, 0x40u},
 323:Generated_Source\PSoC4/cyfitter_cfg.c **** 			{0x64u, 0x40u},
 324:Generated_Source\PSoC4/cyfitter_cfg.c **** 			{0x65u, 0x40u},
 325:Generated_Source\PSoC4/cyfitter_cfg.c **** 			{0x66u, 0x80u},
 326:Generated_Source\PSoC4/cyfitter_cfg.c **** 			{0x68u, 0x80u},
 327:Generated_Source\PSoC4/cyfitter_cfg.c **** 			{0x6Au, 0x80u},
 328:Generated_Source\PSoC4/cyfitter_cfg.c **** 			{0x6Cu, 0x80u},
 329:Generated_Source\PSoC4/cyfitter_cfg.c **** 			{0x6Eu, 0x80u},
 330:Generated_Source\PSoC4/cyfitter_cfg.c **** 			{0x83u, 0x01u},
 331:Generated_Source\PSoC4/cyfitter_cfg.c **** 			{0x9Fu, 0x01u},
 332:Generated_Source\PSoC4/cyfitter_cfg.c **** 			{0xB1u, 0x01u},
 333:Generated_Source\PSoC4/cyfitter_cfg.c **** 			{0xB7u, 0x01u},
 334:Generated_Source\PSoC4/cyfitter_cfg.c **** 			{0xBFu, 0x40u},
 335:Generated_Source\PSoC4/cyfitter_cfg.c **** 			{0xC0u, 0x14u},
 336:Generated_Source\PSoC4/cyfitter_cfg.c **** 			{0xC5u, 0xECu},
 337:Generated_Source\PSoC4/cyfitter_cfg.c **** 			{0xC7u, 0x20u},
 338:Generated_Source\PSoC4/cyfitter_cfg.c **** 			{0xC8u, 0x23u},
 339:Generated_Source\PSoC4/cyfitter_cfg.c **** 			{0xC9u, 0xFFu},
 340:Generated_Source\PSoC4/cyfitter_cfg.c **** 			{0xCAu, 0xFFu},
ARM GAS  C:\Users\ykuch\AppData\Local\Temp\ccYZD6bm.s 			page 11


 341:Generated_Source\PSoC4/cyfitter_cfg.c **** 			{0xCBu, 0xFFu},
 342:Generated_Source\PSoC4/cyfitter_cfg.c **** 			{0xCDu, 0x83u},
 343:Generated_Source\PSoC4/cyfitter_cfg.c **** 			{0xCEu, 0x03u},
 344:Generated_Source\PSoC4/cyfitter_cfg.c **** 			{0xCFu, 0x01u},
 345:Generated_Source\PSoC4/cyfitter_cfg.c **** 			{0xD0u, 0x18u},
 346:Generated_Source\PSoC4/cyfitter_cfg.c **** 			{0xD4u, 0x01u},
 347:Generated_Source\PSoC4/cyfitter_cfg.c **** 			{0xD9u, 0x0Au},
 348:Generated_Source\PSoC4/cyfitter_cfg.c **** 			{0xDAu, 0x0Au},
 349:Generated_Source\PSoC4/cyfitter_cfg.c **** 			{0xDBu, 0x0Au},
 350:Generated_Source\PSoC4/cyfitter_cfg.c **** 			{0xDCu, 0x90u},
 351:Generated_Source\PSoC4/cyfitter_cfg.c **** 			{0xDDu, 0x99u},
 352:Generated_Source\PSoC4/cyfitter_cfg.c **** 			{0xDFu, 0x01u},
 353:Generated_Source\PSoC4/cyfitter_cfg.c **** 			{0xE0u, 0x40u},
 354:Generated_Source\PSoC4/cyfitter_cfg.c **** 			{0xE2u, 0x40u},
 355:Generated_Source\PSoC4/cyfitter_cfg.c **** 			{0xE4u, 0x40u},
 356:Generated_Source\PSoC4/cyfitter_cfg.c **** 			{0xE5u, 0x40u},
 357:Generated_Source\PSoC4/cyfitter_cfg.c **** 			{0xE6u, 0x80u},
 358:Generated_Source\PSoC4/cyfitter_cfg.c **** 			{0xE8u, 0x80u},
 359:Generated_Source\PSoC4/cyfitter_cfg.c **** 			{0xEAu, 0x80u},
 360:Generated_Source\PSoC4/cyfitter_cfg.c **** 			{0xECu, 0x80u},
 361:Generated_Source\PSoC4/cyfitter_cfg.c **** 			{0xEEu, 0x80u},
 362:Generated_Source\PSoC4/cyfitter_cfg.c **** 			{0x21u, 0x02u},
 363:Generated_Source\PSoC4/cyfitter_cfg.c **** 			{0x22u, 0x40u},
 364:Generated_Source\PSoC4/cyfitter_cfg.c **** 			{0x33u, 0x40u},
 365:Generated_Source\PSoC4/cyfitter_cfg.c **** 			{0x39u, 0x02u},
 366:Generated_Source\PSoC4/cyfitter_cfg.c **** 			{0x41u, 0x01u},
 367:Generated_Source\PSoC4/cyfitter_cfg.c **** 			{0x43u, 0x40u},
 368:Generated_Source\PSoC4/cyfitter_cfg.c **** 			{0x46u, 0x80u},
 369:Generated_Source\PSoC4/cyfitter_cfg.c **** 			{0x49u, 0x05u},
 370:Generated_Source\PSoC4/cyfitter_cfg.c **** 			{0x4Eu, 0x02u},
 371:Generated_Source\PSoC4/cyfitter_cfg.c **** 			{0x51u, 0x01u},
 372:Generated_Source\PSoC4/cyfitter_cfg.c **** 			{0x52u, 0x02u},
 373:Generated_Source\PSoC4/cyfitter_cfg.c **** 			{0x59u, 0x05u},
 374:Generated_Source\PSoC4/cyfitter_cfg.c **** 			{0x5Au, 0x80u},
 375:Generated_Source\PSoC4/cyfitter_cfg.c **** 			{0x76u, 0x80u},
 376:Generated_Source\PSoC4/cyfitter_cfg.c **** 			{0x77u, 0x40u},
 377:Generated_Source\PSoC4/cyfitter_cfg.c **** 			{0x78u, 0x04u},
 378:Generated_Source\PSoC4/cyfitter_cfg.c **** 			{0x7Fu, 0x05u},
 379:Generated_Source\PSoC4/cyfitter_cfg.c **** 			{0x81u, 0x02u},
 380:Generated_Source\PSoC4/cyfitter_cfg.c **** 			{0x93u, 0x0Au},
 381:Generated_Source\PSoC4/cyfitter_cfg.c **** 			{0x98u, 0x04u},
 382:Generated_Source\PSoC4/cyfitter_cfg.c **** 			{0xCCu, 0x08u},
 383:Generated_Source\PSoC4/cyfitter_cfg.c **** 			{0xCEu, 0x01u},
 384:Generated_Source\PSoC4/cyfitter_cfg.c **** 			{0xD0u, 0x89u},
 385:Generated_Source\PSoC4/cyfitter_cfg.c **** 			{0xD2u, 0x10u},
 386:Generated_Source\PSoC4/cyfitter_cfg.c **** 			{0xD6u, 0x0Bu},
 387:Generated_Source\PSoC4/cyfitter_cfg.c **** 			{0xDEu, 0x32u},
 388:Generated_Source\PSoC4/cyfitter_cfg.c **** 			{0x1Au, 0x05u},
 389:Generated_Source\PSoC4/cyfitter_cfg.c **** 			{0x6Fu, 0x04u},
 390:Generated_Source\PSoC4/cyfitter_cfg.c **** 			{0x86u, 0x05u},
 391:Generated_Source\PSoC4/cyfitter_cfg.c **** 			{0xC6u, 0x40u},
 392:Generated_Source\PSoC4/cyfitter_cfg.c **** 			{0xDAu, 0x80u},
 393:Generated_Source\PSoC4/cyfitter_cfg.c **** 			{0xE0u, 0x50u},
 394:Generated_Source\PSoC4/cyfitter_cfg.c **** 			{0x83u, 0x04u},
 395:Generated_Source\PSoC4/cyfitter_cfg.c **** 			{0x9Fu, 0x04u},
 396:Generated_Source\PSoC4/cyfitter_cfg.c **** 			{0xE2u, 0x80u},
 397:Generated_Source\PSoC4/cyfitter_cfg.c **** 			{0x02u, 0x01u},
ARM GAS  C:\Users\ykuch\AppData\Local\Temp\ccYZD6bm.s 			page 12


 398:Generated_Source\PSoC4/cyfitter_cfg.c **** 			{0x11u, 0x01u},
 399:Generated_Source\PSoC4/cyfitter_cfg.c **** 		};
 400:Generated_Source\PSoC4/cyfitter_cfg.c **** 
 401:Generated_Source\PSoC4/cyfitter_cfg.c **** 
 402:Generated_Source\PSoC4/cyfitter_cfg.c **** 
 403:Generated_Source\PSoC4/cyfitter_cfg.c **** 		CYPACKED typedef struct {
 404:Generated_Source\PSoC4/cyfitter_cfg.c **** 			void CYFAR *address;
 405:Generated_Source\PSoC4/cyfitter_cfg.c **** 			uint16 size;
 406:Generated_Source\PSoC4/cyfitter_cfg.c **** 		} CYPACKED_ATTR cfg_memset_t;
 407:Generated_Source\PSoC4/cyfitter_cfg.c **** 
 408:Generated_Source\PSoC4/cyfitter_cfg.c **** 		static const cfg_memset_t CYCODE cfg_memset_list[] = {
 409:Generated_Source\PSoC4/cyfitter_cfg.c **** 			/* address, size */
 410:Generated_Source\PSoC4/cyfitter_cfg.c **** 			{(void CYFAR *)(CYDEV_UDB_P0_U0_BASE), 1024u},
 411:Generated_Source\PSoC4/cyfitter_cfg.c **** 			{(void CYFAR *)(CYDEV_UDB_DSI0_BASE), 1024u},
 412:Generated_Source\PSoC4/cyfitter_cfg.c **** 		};
 413:Generated_Source\PSoC4/cyfitter_cfg.c **** 
 414:Generated_Source\PSoC4/cyfitter_cfg.c **** 		uint8 CYDATA i;
 415:Generated_Source\PSoC4/cyfitter_cfg.c **** 
 416:Generated_Source\PSoC4/cyfitter_cfg.c **** 		/* Zero out critical memory blocks before beginning configuration */
 417:Generated_Source\PSoC4/cyfitter_cfg.c **** 		for (i = 0u; i < (sizeof(cfg_memset_list)/sizeof(cfg_memset_list[0])); i++)
 225              		.loc 1 417 0
 226 0066 0024     		movs	r4, #0
 227 0068 0FE0     		b	.L11
 228              	.LVL19:
 229              	.L12:
 230              	.LBB4:
 418:Generated_Source\PSoC4/cyfitter_cfg.c **** 		{
 419:Generated_Source\PSoC4/cyfitter_cfg.c **** 			const cfg_memset_t CYCODE * CYDATA ms = &cfg_memset_list[i];
 420:Generated_Source\PSoC4/cyfitter_cfg.c **** 			CYMEMZERO(ms->address, (size_t)(uint32)(ms->size));
 231              		.loc 1 420 0 discriminator 3
 232 006a 2148     		ldr	r0, .L13+4
 233 006c 6200     		lsls	r2, r4, #1
 234 006e 1319     		adds	r3, r2, r4
 235 0070 5900     		lsls	r1, r3, #1
 236 0072 0B00     		movs	r3, r1
 237 0074 4118     		adds	r1, r0, r1
 238 0076 8988     		ldrh	r1, [r1, #4]
 239 0078 1A5A     		ldrh	r2, [r3, r0]
 240 007a C318     		adds	r3, r0, r3
 241 007c 5888     		ldrh	r0, [r3, #2]
 242 007e 0004     		lsls	r0, r0, #16
 243 0080 1043     		orrs	r0, r2
 244 0082 FFF7FEFF 		bl	CYMEMZERO
 245              	.LVL20:
 246              	.LBE4:
 417:Generated_Source\PSoC4/cyfitter_cfg.c **** 		{
 247              		.loc 1 417 0 discriminator 3
 248 0086 0134     		adds	r4, r4, #1
 249              	.LVL21:
 250 0088 E4B2     		uxtb	r4, r4
 251              	.LVL22:
 252              	.L11:
 417:Generated_Source\PSoC4/cyfitter_cfg.c **** 		{
 253              		.loc 1 417 0 is_stmt 0 discriminator 1
 254 008a 012C     		cmp	r4, #1
 255 008c EDD9     		bls	.L12
 421:Generated_Source\PSoC4/cyfitter_cfg.c **** 		}
ARM GAS  C:\Users\ykuch\AppData\Local\Temp\ccYZD6bm.s 			page 13


 422:Generated_Source\PSoC4/cyfitter_cfg.c **** 
 423:Generated_Source\PSoC4/cyfitter_cfg.c **** 		cfg_write_bytes32(cy_cfg_addr_table, cy_cfg_data_table);
 256              		.loc 1 423 0 is_stmt 1
 257 008e 1849     		ldr	r1, .L13+4
 258 0090 0C31     		adds	r1, r1, #12
 259 0092 1848     		ldr	r0, .L13+8
 260 0094 5430     		adds	r0, r0, #84
 261 0096 FFF7FEFF 		bl	cfg_write_bytes32
 262              	.LVL23:
 424:Generated_Source\PSoC4/cyfitter_cfg.c **** 
 425:Generated_Source\PSoC4/cyfitter_cfg.c **** 		/* HSIOM Starting address: CYDEV_HSIOM_BASE */
 426:Generated_Source\PSoC4/cyfitter_cfg.c **** 		CY_SET_REG32((void *)(CYREG_HSIOM_PORT_SEL3), 0x0000EE00u);
 263              		.loc 1 426 0
 264 009a EE22     		movs	r2, #238
 265 009c 1202     		lsls	r2, r2, #8
 266 009e 164B     		ldr	r3, .L13+12
 267 00a0 1A60     		str	r2, [r3]
 427:Generated_Source\PSoC4/cyfitter_cfg.c **** 
 428:Generated_Source\PSoC4/cyfitter_cfg.c **** 		/* UDB_PA_2 Starting address: CYDEV_UDB_PA2_BASE */
 429:Generated_Source\PSoC4/cyfitter_cfg.c **** 		CY_SET_REG32((void *)(CYDEV_UDB_PA2_BASE), 0x00990000u);
 268              		.loc 1 429 0
 269 00a2 9923     		movs	r3, #153
 270 00a4 1B04     		lsls	r3, r3, #16
 271 00a6 154A     		ldr	r2, .L13+16
 272 00a8 1360     		str	r3, [r2]
 430:Generated_Source\PSoC4/cyfitter_cfg.c **** 
 431:Generated_Source\PSoC4/cyfitter_cfg.c **** 		/* UDB_PA_3 Starting address: CYDEV_UDB_PA3_BASE */
 432:Generated_Source\PSoC4/cyfitter_cfg.c **** 		CY_SET_REG32((void *)(CYDEV_UDB_PA3_BASE), 0x00990000u);
 273              		.loc 1 432 0
 274 00aa 154A     		ldr	r2, .L13+20
 275 00ac 1360     		str	r3, [r2]
 433:Generated_Source\PSoC4/cyfitter_cfg.c **** 
 434:Generated_Source\PSoC4/cyfitter_cfg.c **** 		/* INT_SELECT Starting address: CYDEV_CPUSS_INTR_SELECT */
 435:Generated_Source\PSoC4/cyfitter_cfg.c **** 		CY_SET_REG32((void *)(CYREG_CPUSS_INTR_SELECT), 0x00000001u);
 276              		.loc 1 435 0
 277 00ae 0122     		movs	r2, #1
 278 00b0 144B     		ldr	r3, .L13+24
 279 00b2 1A60     		str	r2, [r3]
 436:Generated_Source\PSoC4/cyfitter_cfg.c **** 
 437:Generated_Source\PSoC4/cyfitter_cfg.c **** 		/* INT_CONFIG Starting address: CYDEV_UDB_INT_CFG */
 438:Generated_Source\PSoC4/cyfitter_cfg.c **** 		CY_SET_REG32((void *)(CYREG_UDB_INT_CFG), 0x00000002u);
 280              		.loc 1 438 0
 281 00b4 0132     		adds	r2, r2, #1
 282 00b6 144B     		ldr	r3, .L13+28
 283 00b8 1A60     		str	r2, [r3]
 439:Generated_Source\PSoC4/cyfitter_cfg.c **** 
 440:Generated_Source\PSoC4/cyfitter_cfg.c **** 		/* Enable UDB array and digital routing */
 441:Generated_Source\PSoC4/cyfitter_cfg.c **** 		CY_SET_XTND_REG8((void *)CYREG_UDB_UDBIF_WAIT_CFG, (uint8)((CY_GET_XTND_REG8((void *)CYREG_UDB_UD
 284              		.loc 1 441 0
 285 00ba 1449     		ldr	r1, .L13+32
 286 00bc 0B78     		ldrb	r3, [r1]
 287 00be 3A32     		adds	r2, r2, #58
 288 00c0 9343     		bics	r3, r2
 289 00c2 1422     		movs	r2, #20
 290 00c4 1343     		orrs	r3, r2
 291 00c6 DBB2     		uxtb	r3, r3
 292 00c8 0B70     		strb	r3, [r1]
ARM GAS  C:\Users\ykuch\AppData\Local\Temp\ccYZD6bm.s 			page 14


 442:Generated_Source\PSoC4/cyfitter_cfg.c **** 		CY_SET_XTND_REG8((void *)CYREG_UDB_UDBIF_BANK_CTL, (uint8)(CY_GET_XTND_REG8((void *)CYREG_UDB_UDB
 293              		.loc 1 442 0
 294 00ca 114A     		ldr	r2, .L13+36
 295 00cc 1178     		ldrb	r1, [r2]
 296 00ce 1623     		movs	r3, #22
 297 00d0 0B43     		orrs	r3, r1
 298 00d2 DBB2     		uxtb	r3, r3
 299 00d4 1370     		strb	r3, [r2]
 300              	.LBE3:
 443:Generated_Source\PSoC4/cyfitter_cfg.c **** 	}
 444:Generated_Source\PSoC4/cyfitter_cfg.c **** 
 445:Generated_Source\PSoC4/cyfitter_cfg.c **** 	/* Perform second pass device configuration. These items must be configured in specific order afte
 446:Generated_Source\PSoC4/cyfitter_cfg.c **** 	/* IOPINS0_2 Starting address: CYDEV_PRT2_BASE */
 447:Generated_Source\PSoC4/cyfitter_cfg.c **** 	CY_SET_REG32((void *)(CYREG_PRT2_PC), 0x001B6DB6u);
 301              		.loc 1 447 0
 302 00d6 0F4A     		ldr	r2, .L13+40
 303 00d8 0F4B     		ldr	r3, .L13+44
 304 00da 1A60     		str	r2, [r3]
 448:Generated_Source\PSoC4/cyfitter_cfg.c **** 
 449:Generated_Source\PSoC4/cyfitter_cfg.c **** 	/* IOPINS0_3 Starting address: CYDEV_PRT3_BASE */
 450:Generated_Source\PSoC4/cyfitter_cfg.c **** 	CY_SET_REG32((void *)(CYREG_PRT3_PC), 0x00000D80u);
 305              		.loc 1 450 0
 306 00dc D822     		movs	r2, #216
 307 00de 1201     		lsls	r2, r2, #4
 308 00e0 0E4B     		ldr	r3, .L13+48
 309 00e2 1A60     		str	r2, [r3]
 451:Generated_Source\PSoC4/cyfitter_cfg.c **** 
 452:Generated_Source\PSoC4/cyfitter_cfg.c **** 
 453:Generated_Source\PSoC4/cyfitter_cfg.c **** 	/* Setup clocks based on selections from Clock DWR */
 454:Generated_Source\PSoC4/cyfitter_cfg.c **** 	ClockSetup();
 310              		.loc 1 454 0
 311 00e4 FFF78CFF 		bl	ClockSetup
 312              	.LVL24:
 455:Generated_Source\PSoC4/cyfitter_cfg.c **** 
 456:Generated_Source\PSoC4/cyfitter_cfg.c **** 	/* Perform basic analog initialization to defaults */
 457:Generated_Source\PSoC4/cyfitter_cfg.c **** 	AnalogSetDefault();
 458:Generated_Source\PSoC4/cyfitter_cfg.c **** 
 459:Generated_Source\PSoC4/cyfitter_cfg.c **** }
 313              		.loc 1 459 0
 314              		@ sp needed
 315              	.LVL25:
 316 00e8 10BD     		pop	{r4, pc}
 317              	.L14:
 318 00ea C046     		.align	2
 319              	.L13:
 320 00ec 1C700F40 		.word	1074753564
 321 00f0 00000000 		.word	.LANCHOR0
 322 00f4 80000000 		.word	.LANCHOR1
 323 00f8 0C000140 		.word	1073807372
 324 00fc 20500F40 		.word	1074745376
 325 0100 30500F40 		.word	1074745392
 326 0104 20000040 		.word	1073741856
 327 0108 00800F40 		.word	1074757632
 328 010c 01700F40 		.word	1074753537
 329 0110 00700F40 		.word	1074753536
 330 0114 B66D1B00 		.word	1797558
 331 0118 08020440 		.word	1074004488
ARM GAS  C:\Users\ykuch\AppData\Local\Temp\ccYZD6bm.s 			page 15


 332 011c 08030440 		.word	1074004744
 333              		.cfi_endproc
 334              	.LFE6:
 335              		.size	cyfitter_cfg, .-cyfitter_cfg
 336              		.section	.rodata
 337              		.align	2
 338              		.set	.LANCHOR0,. + 0
 339              		.set	.LANCHOR1,. + 128
 340              		.type	cfg_memset_list.4870, %object
 341              		.size	cfg_memset_list.4870, 12
 342              	cfg_memset_list.4870:
 343 0000 00300F40 		.word	1074737152
 344 0004 0004     		.short	1024
 345 0006 00400F40 		.4byte	1074741248
 346 000a 0004     		.short	1024
 347              		.type	cy_cfg_data_table.4865, %object
 348              		.size	cy_cfg_data_table.4865, 198
 349              	cy_cfg_data_table.4865:
 350 000c 83       		.byte	-125
 351 000d 0D       		.byte	13
 352 000e D6       		.byte	-42
 353 000f 08       		.byte	8
 354 0010 DB       		.byte	-37
 355 0011 04       		.byte	4
 356 0012 DD       		.byte	-35
 357 0013 90       		.byte	-112
 358 0014 5F       		.byte	95
 359 0015 90       		.byte	-112
 360 0016 64       		.byte	100
 361 0017 04       		.byte	4
 362 0018 67       		.byte	103
 363 0019 0A       		.byte	10
 364 001a 87       		.byte	-121
 365 001b 90       		.byte	-112
 366 001c D6       		.byte	-42
 367 001d 30       		.byte	48
 368 001e D8       		.byte	-40
 369 001f 30       		.byte	48
 370 0020 40       		.byte	64
 371 0021 45       		.byte	69
 372 0022 49       		.byte	73
 373 0023 FF       		.byte	-1
 374 0024 4A       		.byte	74
 375 0025 FF       		.byte	-1
 376 0026 4B       		.byte	75
 377 0027 FF       		.byte	-1
 378 0028 4F       		.byte	79
 379 0029 01       		.byte	1
 380 002a 50       		.byte	80
 381 002b 18       		.byte	24
 382 002c 52       		.byte	82
 383 002d 80       		.byte	-128
 384 002e 5A       		.byte	90
 385 002f 09       		.byte	9
 386 0030 5B       		.byte	91
 387 0031 08       		.byte	8
 388 0032 5D       		.byte	93
ARM GAS  C:\Users\ykuch\AppData\Local\Temp\ccYZD6bm.s 			page 16


 389 0033 99       		.byte	-103
 390 0034 5F       		.byte	95
 391 0035 01       		.byte	1
 392 0036 60       		.byte	96
 393 0037 40       		.byte	64
 394 0038 62       		.byte	98
 395 0039 40       		.byte	64
 396 003a 64       		.byte	100
 397 003b 40       		.byte	64
 398 003c 65       		.byte	101
 399 003d 40       		.byte	64
 400 003e 66       		.byte	102
 401 003f 80       		.byte	-128
 402 0040 68       		.byte	104
 403 0041 80       		.byte	-128
 404 0042 6A       		.byte	106
 405 0043 80       		.byte	-128
 406 0044 6C       		.byte	108
 407 0045 80       		.byte	-128
 408 0046 6E       		.byte	110
 409 0047 80       		.byte	-128
 410 0048 83       		.byte	-125
 411 0049 01       		.byte	1
 412 004a 9F       		.byte	-97
 413 004b 01       		.byte	1
 414 004c B1       		.byte	-79
 415 004d 01       		.byte	1
 416 004e B7       		.byte	-73
 417 004f 01       		.byte	1
 418 0050 BF       		.byte	-65
 419 0051 40       		.byte	64
 420 0052 C0       		.byte	-64
 421 0053 14       		.byte	20
 422 0054 C5       		.byte	-59
 423 0055 EC       		.byte	-20
 424 0056 C7       		.byte	-57
 425 0057 20       		.byte	32
 426 0058 C8       		.byte	-56
 427 0059 23       		.byte	35
 428 005a C9       		.byte	-55
 429 005b FF       		.byte	-1
 430 005c CA       		.byte	-54
 431 005d FF       		.byte	-1
 432 005e CB       		.byte	-53
 433 005f FF       		.byte	-1
 434 0060 CD       		.byte	-51
 435 0061 83       		.byte	-125
 436 0062 CE       		.byte	-50
 437 0063 03       		.byte	3
 438 0064 CF       		.byte	-49
 439 0065 01       		.byte	1
 440 0066 D0       		.byte	-48
 441 0067 18       		.byte	24
 442 0068 D4       		.byte	-44
 443 0069 01       		.byte	1
 444 006a D9       		.byte	-39
 445 006b 0A       		.byte	10
ARM GAS  C:\Users\ykuch\AppData\Local\Temp\ccYZD6bm.s 			page 17


 446 006c DA       		.byte	-38
 447 006d 0A       		.byte	10
 448 006e DB       		.byte	-37
 449 006f 0A       		.byte	10
 450 0070 DC       		.byte	-36
 451 0071 90       		.byte	-112
 452 0072 DD       		.byte	-35
 453 0073 99       		.byte	-103
 454 0074 DF       		.byte	-33
 455 0075 01       		.byte	1
 456 0076 E0       		.byte	-32
 457 0077 40       		.byte	64
 458 0078 E2       		.byte	-30
 459 0079 40       		.byte	64
 460 007a E4       		.byte	-28
 461 007b 40       		.byte	64
 462 007c E5       		.byte	-27
 463 007d 40       		.byte	64
 464 007e E6       		.byte	-26
 465 007f 80       		.byte	-128
 466 0080 E8       		.byte	-24
 467 0081 80       		.byte	-128
 468 0082 EA       		.byte	-22
 469 0083 80       		.byte	-128
 470 0084 EC       		.byte	-20
 471 0085 80       		.byte	-128
 472 0086 EE       		.byte	-18
 473 0087 80       		.byte	-128
 474 0088 21       		.byte	33
 475 0089 02       		.byte	2
 476 008a 22       		.byte	34
 477 008b 40       		.byte	64
 478 008c 33       		.byte	51
 479 008d 40       		.byte	64
 480 008e 39       		.byte	57
 481 008f 02       		.byte	2
 482 0090 41       		.byte	65
 483 0091 01       		.byte	1
 484 0092 43       		.byte	67
 485 0093 40       		.byte	64
 486 0094 46       		.byte	70
 487 0095 80       		.byte	-128
 488 0096 49       		.byte	73
 489 0097 05       		.byte	5
 490 0098 4E       		.byte	78
 491 0099 02       		.byte	2
 492 009a 51       		.byte	81
 493 009b 01       		.byte	1
 494 009c 52       		.byte	82
 495 009d 02       		.byte	2
 496 009e 59       		.byte	89
 497 009f 05       		.byte	5
 498 00a0 5A       		.byte	90
 499 00a1 80       		.byte	-128
 500 00a2 76       		.byte	118
 501 00a3 80       		.byte	-128
 502 00a4 77       		.byte	119
ARM GAS  C:\Users\ykuch\AppData\Local\Temp\ccYZD6bm.s 			page 18


 503 00a5 40       		.byte	64
 504 00a6 78       		.byte	120
 505 00a7 04       		.byte	4
 506 00a8 7F       		.byte	127
 507 00a9 05       		.byte	5
 508 00aa 81       		.byte	-127
 509 00ab 02       		.byte	2
 510 00ac 93       		.byte	-109
 511 00ad 0A       		.byte	10
 512 00ae 98       		.byte	-104
 513 00af 04       		.byte	4
 514 00b0 CC       		.byte	-52
 515 00b1 08       		.byte	8
 516 00b2 CE       		.byte	-50
 517 00b3 01       		.byte	1
 518 00b4 D0       		.byte	-48
 519 00b5 89       		.byte	-119
 520 00b6 D2       		.byte	-46
 521 00b7 10       		.byte	16
 522 00b8 D6       		.byte	-42
 523 00b9 0B       		.byte	11
 524 00ba DE       		.byte	-34
 525 00bb 32       		.byte	50
 526 00bc 1A       		.byte	26
 527 00bd 05       		.byte	5
 528 00be 6F       		.byte	111
 529 00bf 04       		.byte	4
 530 00c0 86       		.byte	-122
 531 00c1 05       		.byte	5
 532 00c2 C6       		.byte	-58
 533 00c3 40       		.byte	64
 534 00c4 DA       		.byte	-38
 535 00c5 80       		.byte	-128
 536 00c6 E0       		.byte	-32
 537 00c7 50       		.byte	80
 538 00c8 83       		.byte	-125
 539 00c9 04       		.byte	4
 540 00ca 9F       		.byte	-97
 541 00cb 04       		.byte	4
 542 00cc E2       		.byte	-30
 543 00cd 80       		.byte	-128
 544 00ce 02       		.byte	2
 545 00cf 01       		.byte	1
 546 00d0 11       		.byte	17
 547 00d1 01       		.byte	1
 548 00d2 0000     		.space	2
 549              		.type	cy_cfg_addr_table.4864, %object
 550              		.size	cy_cfg_addr_table.4864, 32
 551              	cy_cfg_addr_table.4864:
 552 00d4 01000F40 		.word	1074724865
 553 00d8 03300F40 		.word	1074737155
 554 00dc 06310F40 		.word	1074737414
 555 00e0 34320F40 		.word	1074737716
 556 00e4 1A330F40 		.word	1074737946
 557 00e8 06400F40 		.word	1074741254
 558 00ec 03410F40 		.word	1074741507
 559 00f0 02600F40 		.word	1074749442
ARM GAS  C:\Users\ykuch\AppData\Local\Temp\ccYZD6bm.s 			page 19


 560              		.text
 561              	.Letext0:
 562              		.file 2 "c:\\program files (x86)\\cypress\\psoc creator\\4.4\\psoc creator\\import\\gnu\\arm\\5.4.
 563              		.file 3 "Generated_Source\\PSoC4\\cytypes.h"
 564              		.file 4 "Generated_Source\\PSoC4\\CyLib.h"
 565              		.section	.debug_info,"",%progbits
 566              	.Ldebug_info0:
 567 0000 9C030000 		.4byte	0x39c
 568 0004 0400     		.2byte	0x4
 569 0006 00000000 		.4byte	.Ldebug_abbrev0
 570 000a 04       		.byte	0x4
 571 000b 01       		.uleb128 0x1
 572 000c 59010000 		.4byte	.LASF39
 573 0010 0C       		.byte	0xc
 574 0011 86020000 		.4byte	.LASF40
 575 0015 5D000000 		.4byte	.LASF41
 576 0019 00000000 		.4byte	.Ldebug_ranges0+0
 577 001d 00000000 		.4byte	0
 578 0021 00000000 		.4byte	.Ldebug_line0
 579 0025 02       		.uleb128 0x2
 580 0026 04       		.byte	0x4
 581 0027 05       		.byte	0x5
 582 0028 696E7400 		.ascii	"int\000"
 583 002c 03       		.uleb128 0x3
 584 002d 06000000 		.4byte	.LASF12
 585 0031 02       		.byte	0x2
 586 0032 D8       		.byte	0xd8
 587 0033 37000000 		.4byte	0x37
 588 0037 04       		.uleb128 0x4
 589 0038 04       		.byte	0x4
 590 0039 07       		.byte	0x7
 591 003a 20010000 		.4byte	.LASF0
 592 003e 04       		.uleb128 0x4
 593 003f 08       		.byte	0x8
 594 0040 05       		.byte	0x5
 595 0041 19020000 		.4byte	.LASF1
 596 0045 04       		.uleb128 0x4
 597 0046 08       		.byte	0x8
 598 0047 04       		.byte	0x4
 599 0048 6E020000 		.4byte	.LASF2
 600 004c 04       		.uleb128 0x4
 601 004d 01       		.byte	0x1
 602 004e 06       		.byte	0x6
 603 004f 7A020000 		.4byte	.LASF3
 604 0053 04       		.uleb128 0x4
 605 0054 01       		.byte	0x1
 606 0055 08       		.byte	0x8
 607 0056 C2000000 		.4byte	.LASF4
 608 005a 04       		.uleb128 0x4
 609 005b 02       		.byte	0x2
 610 005c 05       		.byte	0x5
 611 005d 46020000 		.4byte	.LASF5
 612 0061 04       		.uleb128 0x4
 613 0062 02       		.byte	0x2
 614 0063 07       		.byte	0x7
 615 0064 06020000 		.4byte	.LASF6
 616 0068 04       		.uleb128 0x4
ARM GAS  C:\Users\ykuch\AppData\Local\Temp\ccYZD6bm.s 			page 20


 617 0069 04       		.byte	0x4
 618 006a 05       		.byte	0x5
 619 006b 65020000 		.4byte	.LASF7
 620 006f 04       		.uleb128 0x4
 621 0070 04       		.byte	0x4
 622 0071 07       		.byte	0x7
 623 0072 A0000000 		.4byte	.LASF8
 624 0076 04       		.uleb128 0x4
 625 0077 08       		.byte	0x8
 626 0078 07       		.byte	0x7
 627 0079 42010000 		.4byte	.LASF9
 628 007d 04       		.uleb128 0x4
 629 007e 04       		.byte	0x4
 630 007f 07       		.byte	0x7
 631 0080 FD010000 		.4byte	.LASF10
 632 0084 05       		.uleb128 0x5
 633 0085 04       		.byte	0x4
 634 0086 04       		.uleb128 0x4
 635 0087 01       		.byte	0x1
 636 0088 08       		.byte	0x8
 637 0089 27020000 		.4byte	.LASF11
 638 008d 06       		.uleb128 0x6
 639 008e B2000000 		.4byte	.LASF13
 640 0092 03       		.byte	0x3
 641 0093 FC01     		.2byte	0x1fc
 642 0095 53000000 		.4byte	0x53
 643 0099 06       		.uleb128 0x6
 644 009a 07010000 		.4byte	.LASF14
 645 009e 03       		.byte	0x3
 646 009f FD01     		.2byte	0x1fd
 647 00a1 61000000 		.4byte	0x61
 648 00a5 06       		.uleb128 0x6
 649 00a6 19010000 		.4byte	.LASF15
 650 00aa 03       		.byte	0x3
 651 00ab FE01     		.2byte	0x1fe
 652 00ad 6F000000 		.4byte	0x6f
 653 00b1 04       		.uleb128 0x4
 654 00b2 04       		.byte	0x4
 655 00b3 04       		.byte	0x4
 656 00b4 57000000 		.4byte	.LASF16
 657 00b8 04       		.uleb128 0x4
 658 00b9 08       		.byte	0x8
 659 00ba 04       		.byte	0x4
 660 00bb D7000000 		.4byte	.LASF17
 661 00bf 06       		.uleb128 0x6
 662 00c0 9B000000 		.4byte	.LASF18
 663 00c4 03       		.byte	0x3
 664 00c5 A602     		.2byte	0x2a6
 665 00c7 CB000000 		.4byte	0xcb
 666 00cb 07       		.uleb128 0x7
 667 00cc 8D000000 		.4byte	0x8d
 668 00d0 06       		.uleb128 0x6
 669 00d1 00000000 		.4byte	.LASF19
 670 00d5 03       		.byte	0x3
 671 00d6 A802     		.2byte	0x2a8
 672 00d8 DC000000 		.4byte	0xdc
 673 00dc 07       		.uleb128 0x7
ARM GAS  C:\Users\ykuch\AppData\Local\Temp\ccYZD6bm.s 			page 21


 674 00dd A5000000 		.4byte	0xa5
 675 00e1 08       		.uleb128 0x8
 676 00e2 02       		.byte	0x2
 677 00e3 01       		.byte	0x1
 678 00e4 97       		.byte	0x97
 679 00e5 02010000 		.4byte	0x102
 680 00e9 09       		.uleb128 0x9
 681 00ea 3F020000 		.4byte	.LASF20
 682 00ee 01       		.byte	0x1
 683 00ef 99       		.byte	0x99
 684 00f0 8D000000 		.4byte	0x8d
 685 00f4 00       		.byte	0
 686 00f5 09       		.uleb128 0x9
 687 00f6 1C000000 		.4byte	.LASF21
 688 00fa 01       		.byte	0x1
 689 00fb 9A       		.byte	0x9a
 690 00fc 8D000000 		.4byte	0x8d
 691 0100 01       		.byte	0x1
 692 0101 00       		.byte	0
 693 0102 03       		.uleb128 0x3
 694 0103 2C020000 		.4byte	.LASF22
 695 0107 01       		.byte	0x1
 696 0108 9B       		.byte	0x9b
 697 0109 E1000000 		.4byte	0xe1
 698 010d 0A       		.uleb128 0xa
 699 010e DE000000 		.4byte	.LASF27
 700 0112 01       		.byte	0x1
 701 0113 AE       		.byte	0xae
 702 0114 00000000 		.4byte	.LFB3
 703 0118 32000000 		.4byte	.LFE3-.LFB3
 704 011c 01       		.uleb128 0x1
 705 011d 9C       		.byte	0x9c
 706 011e 7F010000 		.4byte	0x17f
 707 0122 0B       		.uleb128 0xb
 708 0123 FC000000 		.4byte	.LASF23
 709 0127 01       		.byte	0x1
 710 0128 AE       		.byte	0xae
 711 0129 7F010000 		.4byte	0x17f
 712 012d 01       		.uleb128 0x1
 713 012e 50       		.byte	0x50
 714 012f 0B       		.uleb128 0xb
 715 0130 0E010000 		.4byte	.LASF24
 716 0134 01       		.byte	0x1
 717 0135 AE       		.byte	0xae
 718 0136 8A010000 		.4byte	0x18a
 719 013a 01       		.uleb128 0x1
 720 013b 51       		.byte	0x51
 721 013c 0C       		.uleb128 0xc
 722 013d 6900     		.ascii	"i\000"
 723 013f 01       		.byte	0x1
 724 0140 B1       		.byte	0xb1
 725 0141 A5000000 		.4byte	0xa5
 726 0145 00000000 		.4byte	.LLST0
 727 0149 0C       		.uleb128 0xc
 728 014a 6A00     		.ascii	"j\000"
 729 014c 01       		.byte	0x1
 730 014d B1       		.byte	0xb1
ARM GAS  C:\Users\ykuch\AppData\Local\Temp\ccYZD6bm.s 			page 22


 731 014e A5000000 		.4byte	0xa5
 732 0152 1F000000 		.4byte	.LLST1
 733 0156 0D       		.uleb128 0xd
 734 0157 08000000 		.4byte	.LBB2
 735 015b 22000000 		.4byte	.LBE2-.LBB2
 736 015f 0E       		.uleb128 0xe
 737 0160 F4010000 		.4byte	.LASF25
 738 0164 01       		.byte	0x1
 739 0165 B4       		.byte	0xb4
 740 0166 A5000000 		.4byte	0xa5
 741 016a 3E000000 		.4byte	.LLST2
 742 016e 0E       		.uleb128 0xe
 743 016f 22000000 		.4byte	.LASF26
 744 0173 01       		.byte	0x1
 745 0174 B5       		.byte	0xb5
 746 0175 8D000000 		.4byte	0x8d
 747 0179 51000000 		.4byte	.LLST3
 748 017d 00       		.byte	0
 749 017e 00       		.byte	0
 750 017f 0F       		.uleb128 0xf
 751 0180 04       		.byte	0x4
 752 0181 85010000 		.4byte	0x185
 753 0185 10       		.uleb128 0x10
 754 0186 A5000000 		.4byte	0xa5
 755 018a 0F       		.uleb128 0xf
 756 018b 04       		.byte	0x4
 757 018c 90010000 		.4byte	0x190
 758 0190 10       		.uleb128 0x10
 759 0191 02010000 		.4byte	0x102
 760 0195 0A       		.uleb128 0xa
 761 0196 B8000000 		.4byte	.LASF28
 762 019a 01       		.byte	0x1
 763 019b 4C       		.byte	0x4c
 764 019c 00000000 		.4byte	.LFB0
 765 01a0 0C000000 		.4byte	.LFE0-.LFB0
 766 01a4 01       		.uleb128 0x1
 767 01a5 9C       		.byte	0x9c
 768 01a6 E2010000 		.4byte	0x1e2
 769 01aa 11       		.uleb128 0x11
 770 01ab 7300     		.ascii	"s\000"
 771 01ad 01       		.byte	0x1
 772 01ae 4C       		.byte	0x4c
 773 01af 84000000 		.4byte	0x84
 774 01b3 6F000000 		.4byte	.LLST4
 775 01b7 11       		.uleb128 0x11
 776 01b8 6E00     		.ascii	"n\000"
 777 01ba 01       		.byte	0x1
 778 01bb 4C       		.byte	0x4c
 779 01bc 2C000000 		.4byte	0x2c
 780 01c0 90000000 		.4byte	.LLST5
 781 01c4 12       		.uleb128 0x12
 782 01c5 0A000000 		.4byte	.LVL14
 783 01c9 75030000 		.4byte	0x375
 784 01cd 13       		.uleb128 0x13
 785 01ce 01       		.uleb128 0x1
 786 01cf 50       		.byte	0x50
 787 01d0 03       		.uleb128 0x3
ARM GAS  C:\Users\ykuch\AppData\Local\Temp\ccYZD6bm.s 			page 23


 788 01d1 F3       		.byte	0xf3
 789 01d2 01       		.uleb128 0x1
 790 01d3 50       		.byte	0x50
 791 01d4 13       		.uleb128 0x13
 792 01d5 01       		.uleb128 0x1
 793 01d6 51       		.byte	0x51
 794 01d7 01       		.uleb128 0x1
 795 01d8 30       		.byte	0x30
 796 01d9 13       		.uleb128 0x13
 797 01da 01       		.uleb128 0x1
 798 01db 52       		.byte	0x52
 799 01dc 03       		.uleb128 0x3
 800 01dd F3       		.byte	0xf3
 801 01de 01       		.uleb128 0x1
 802 01df 51       		.byte	0x51
 803 01e0 00       		.byte	0
 804 01e1 00       		.byte	0
 805 01e2 0A       		.uleb128 0xa
 806 01e3 28000000 		.4byte	.LASF29
 807 01e7 01       		.byte	0x1
 808 01e8 D3       		.byte	0xd3
 809 01e9 00000000 		.4byte	.LFB4
 810 01ed 5C000000 		.4byte	.LFE4-.LFB4
 811 01f1 01       		.uleb128 0x1
 812 01f2 9C       		.byte	0x9c
 813 01f3 2D020000 		.4byte	0x22d
 814 01f7 14       		.uleb128 0x14
 815 01f8 14000000 		.4byte	.LVL15
 816 01fc 7E030000 		.4byte	0x37e
 817 0200 0A020000 		.4byte	0x20a
 818 0204 13       		.uleb128 0x13
 819 0205 01       		.uleb128 0x1
 820 0206 50       		.byte	0x50
 821 0207 01       		.uleb128 0x1
 822 0208 48       		.byte	0x48
 823 0209 00       		.byte	0
 824 020a 14       		.uleb128 0x14
 825 020b 34000000 		.4byte	.LVL16
 826 020f 89030000 		.4byte	0x389
 827 0213 1D020000 		.4byte	0x21d
 828 0217 13       		.uleb128 0x13
 829 0218 01       		.uleb128 0x1
 830 0219 50       		.byte	0x50
 831 021a 01       		.uleb128 0x1
 832 021b 39       		.byte	0x39
 833 021c 00       		.byte	0
 834 021d 12       		.uleb128 0x12
 835 021e 3A000000 		.4byte	.LVL17
 836 0222 94030000 		.4byte	0x394
 837 0226 13       		.uleb128 0x13
 838 0227 01       		.uleb128 0x1
 839 0228 50       		.byte	0x50
 840 0229 01       		.uleb128 0x1
 841 022a 39       		.byte	0x39
 842 022b 00       		.byte	0
 843 022c 00       		.byte	0
 844 022d 15       		.uleb128 0x15
ARM GAS  C:\Users\ykuch\AppData\Local\Temp\ccYZD6bm.s 			page 24


 845 022e 2D010000 		.4byte	.LASF42
 846 0232 01       		.byte	0x1
 847 0233 1801     		.2byte	0x118
 848 0235 5C000000 		.4byte	.LFB6
 849 0239 C4000000 		.4byte	.LFE6-.LFB6
 850 023d 01       		.uleb128 0x1
 851 023e 9C       		.byte	0x9c
 852 023f 4B030000 		.4byte	0x34b
 853 0243 16       		.uleb128 0x16
 854 0244 66000000 		.4byte	.LBB3
 855 0248 70000000 		.4byte	.LBE3-.LBB3
 856 024c 41030000 		.4byte	0x341
 857 0250 17       		.uleb128 0x17
 858 0251 33000000 		.4byte	.LASF30
 859 0255 01       		.byte	0x1
 860 0256 2001     		.2byte	0x120
 861 0258 5B030000 		.4byte	0x35b
 862 025c 05       		.uleb128 0x5
 863 025d 03       		.byte	0x3
 864 025e D4000000 		.4byte	cy_cfg_addr_table.4864
 865 0262 17       		.uleb128 0x17
 866 0263 45000000 		.4byte	.LASF31
 867 0267 01       		.byte	0x1
 868 0268 2B01     		.2byte	0x12b
 869 026a 70030000 		.4byte	0x370
 870 026e 05       		.uleb128 0x5
 871 026f 03       		.byte	0x3
 872 0270 0C000000 		.4byte	cy_cfg_data_table.4865
 873 0274 18       		.uleb128 0x18
 874 0275 06       		.byte	0x6
 875 0276 01       		.byte	0x1
 876 0277 9301     		.2byte	0x193
 877 0279 98020000 		.4byte	0x298
 878 027d 19       		.uleb128 0x19
 879 027e 3A010000 		.4byte	.LASF32
 880 0282 01       		.byte	0x1
 881 0283 9401     		.2byte	0x194
 882 0285 84000000 		.4byte	0x84
 883 0289 00       		.byte	0
 884 028a 19       		.uleb128 0x19
 885 028b 96000000 		.4byte	.LASF33
 886 028f 01       		.byte	0x1
 887 0290 9501     		.2byte	0x195
 888 0292 99000000 		.4byte	0x99
 889 0296 04       		.byte	0x4
 890 0297 00       		.byte	0
 891 0298 06       		.uleb128 0x6
 892 0299 E7010000 		.4byte	.LASF34
 893 029d 01       		.byte	0x1
 894 029e 9601     		.2byte	0x196
 895 02a0 74020000 		.4byte	0x274
 896 02a4 1A       		.uleb128 0x1a
 897 02a5 B4020000 		.4byte	0x2b4
 898 02a9 B4020000 		.4byte	0x2b4
 899 02ad 1B       		.uleb128 0x1b
 900 02ae 7D000000 		.4byte	0x7d
 901 02b2 01       		.byte	0x1
ARM GAS  C:\Users\ykuch\AppData\Local\Temp\ccYZD6bm.s 			page 25


 902 02b3 00       		.byte	0
 903 02b4 10       		.uleb128 0x10
 904 02b5 98020000 		.4byte	0x298
 905 02b9 17       		.uleb128 0x17
 906 02ba 86000000 		.4byte	.LASF35
 907 02be 01       		.byte	0x1
 908 02bf 9801     		.2byte	0x198
 909 02c1 CB020000 		.4byte	0x2cb
 910 02c5 05       		.uleb128 0x5
 911 02c6 03       		.byte	0x3
 912 02c7 00000000 		.4byte	cfg_memset_list.4870
 913 02cb 10       		.uleb128 0x10
 914 02cc A4020000 		.4byte	0x2a4
 915 02d0 1C       		.uleb128 0x1c
 916 02d1 6900     		.ascii	"i\000"
 917 02d3 01       		.byte	0x1
 918 02d4 9E01     		.2byte	0x19e
 919 02d6 8D000000 		.4byte	0x8d
 920 02da BC000000 		.4byte	.LLST6
 921 02de 16       		.uleb128 0x16
 922 02df 6A000000 		.4byte	.LBB4
 923 02e3 1C000000 		.4byte	.LBE4-.LBB4
 924 02e7 24030000 		.4byte	0x324
 925 02eb 1C       		.uleb128 0x1c
 926 02ec 6D7300   		.ascii	"ms\000"
 927 02ef 01       		.byte	0x1
 928 02f0 A301     		.2byte	0x1a3
 929 02f2 FA020000 		.4byte	0x2fa
 930 02f6 E6000000 		.4byte	.LLST7
 931 02fa 0F       		.uleb128 0xf
 932 02fb 04       		.byte	0x4
 933 02fc B4020000 		.4byte	0x2b4
 934 0300 12       		.uleb128 0x12
 935 0301 86000000 		.4byte	.LVL20
 936 0305 95010000 		.4byte	0x195
 937 0309 13       		.uleb128 0x13
 938 030a 01       		.uleb128 0x1
 939 030b 51       		.byte	0x51
 940 030c 15       		.uleb128 0x15
 941 030d 74       		.byte	0x74
 942 030e 00       		.sleb128 0
 943 030f 31       		.byte	0x31
 944 0310 24       		.byte	0x24
 945 0311 74       		.byte	0x74
 946 0312 00       		.sleb128 0
 947 0313 22       		.byte	0x22
 948 0314 31       		.byte	0x31
 949 0315 24       		.byte	0x24
 950 0316 03       		.byte	0x3
 951 0317 04000000 		.4byte	.LANCHOR0+4
 952 031b 22       		.byte	0x22
 953 031c 94       		.byte	0x94
 954 031d 02       		.byte	0x2
 955 031e 0A       		.byte	0xa
 956 031f FFFF     		.2byte	0xffff
 957 0321 1A       		.byte	0x1a
 958 0322 00       		.byte	0
ARM GAS  C:\Users\ykuch\AppData\Local\Temp\ccYZD6bm.s 			page 26


 959 0323 00       		.byte	0
 960 0324 12       		.uleb128 0x12
 961 0325 9A000000 		.4byte	.LVL23
 962 0329 0D010000 		.4byte	0x10d
 963 032d 13       		.uleb128 0x13
 964 032e 01       		.uleb128 0x1
 965 032f 50       		.byte	0x50
 966 0330 05       		.uleb128 0x5
 967 0331 03       		.byte	0x3
 968 0332 D4000000 		.4byte	.LANCHOR1+84
 969 0336 13       		.uleb128 0x13
 970 0337 01       		.uleb128 0x1
 971 0338 51       		.byte	0x51
 972 0339 05       		.uleb128 0x5
 973 033a 03       		.byte	0x3
 974 033b 0C000000 		.4byte	.LANCHOR0+12
 975 033f 00       		.byte	0
 976 0340 00       		.byte	0
 977 0341 1D       		.uleb128 0x1d
 978 0342 E8000000 		.4byte	.LVL24
 979 0346 E2010000 		.4byte	0x1e2
 980 034a 00       		.byte	0
 981 034b 1A       		.uleb128 0x1a
 982 034c 85010000 		.4byte	0x185
 983 0350 5B030000 		.4byte	0x35b
 984 0354 1B       		.uleb128 0x1b
 985 0355 7D000000 		.4byte	0x7d
 986 0359 07       		.byte	0x7
 987 035a 00       		.byte	0
 988 035b 10       		.uleb128 0x10
 989 035c 4B030000 		.4byte	0x34b
 990 0360 1A       		.uleb128 0x1a
 991 0361 90010000 		.4byte	0x190
 992 0365 70030000 		.4byte	0x370
 993 0369 1B       		.uleb128 0x1b
 994 036a 7D000000 		.4byte	0x7d
 995 036e 62       		.byte	0x62
 996 036f 00       		.byte	0
 997 0370 10       		.uleb128 0x10
 998 0371 60030000 		.4byte	0x360
 999 0375 1E       		.uleb128 0x1e
 1000 0376 D0000000 		.4byte	.LASF43
 1001 037a D0000000 		.4byte	.LASF43
 1002 037e 1F       		.uleb128 0x1f
 1003 037f 50020000 		.4byte	.LASF36
 1004 0383 50020000 		.4byte	.LASF36
 1005 0387 04       		.byte	0x4
 1006 0388 6C       		.byte	0x6c
 1007 0389 1F       		.uleb128 0x1f
 1008 038a 0D000000 		.4byte	.LASF37
 1009 038e 0D000000 		.4byte	.LASF37
 1010 0392 04       		.byte	0x4
 1011 0393 D0       		.byte	0xd0
 1012 0394 1F       		.uleb128 0x1f
 1013 0395 F0000000 		.4byte	.LASF38
 1014 0399 F0000000 		.4byte	.LASF38
 1015 039d 04       		.byte	0x4
ARM GAS  C:\Users\ykuch\AppData\Local\Temp\ccYZD6bm.s 			page 27


 1016 039e D6       		.byte	0xd6
 1017 039f 00       		.byte	0
 1018              		.section	.debug_abbrev,"",%progbits
 1019              	.Ldebug_abbrev0:
 1020 0000 01       		.uleb128 0x1
 1021 0001 11       		.uleb128 0x11
 1022 0002 01       		.byte	0x1
 1023 0003 25       		.uleb128 0x25
 1024 0004 0E       		.uleb128 0xe
 1025 0005 13       		.uleb128 0x13
 1026 0006 0B       		.uleb128 0xb
 1027 0007 03       		.uleb128 0x3
 1028 0008 0E       		.uleb128 0xe
 1029 0009 1B       		.uleb128 0x1b
 1030 000a 0E       		.uleb128 0xe
 1031 000b 55       		.uleb128 0x55
 1032 000c 17       		.uleb128 0x17
 1033 000d 11       		.uleb128 0x11
 1034 000e 01       		.uleb128 0x1
 1035 000f 10       		.uleb128 0x10
 1036 0010 17       		.uleb128 0x17
 1037 0011 00       		.byte	0
 1038 0012 00       		.byte	0
 1039 0013 02       		.uleb128 0x2
 1040 0014 24       		.uleb128 0x24
 1041 0015 00       		.byte	0
 1042 0016 0B       		.uleb128 0xb
 1043 0017 0B       		.uleb128 0xb
 1044 0018 3E       		.uleb128 0x3e
 1045 0019 0B       		.uleb128 0xb
 1046 001a 03       		.uleb128 0x3
 1047 001b 08       		.uleb128 0x8
 1048 001c 00       		.byte	0
 1049 001d 00       		.byte	0
 1050 001e 03       		.uleb128 0x3
 1051 001f 16       		.uleb128 0x16
 1052 0020 00       		.byte	0
 1053 0021 03       		.uleb128 0x3
 1054 0022 0E       		.uleb128 0xe
 1055 0023 3A       		.uleb128 0x3a
 1056 0024 0B       		.uleb128 0xb
 1057 0025 3B       		.uleb128 0x3b
 1058 0026 0B       		.uleb128 0xb
 1059 0027 49       		.uleb128 0x49
 1060 0028 13       		.uleb128 0x13
 1061 0029 00       		.byte	0
 1062 002a 00       		.byte	0
 1063 002b 04       		.uleb128 0x4
 1064 002c 24       		.uleb128 0x24
 1065 002d 00       		.byte	0
 1066 002e 0B       		.uleb128 0xb
 1067 002f 0B       		.uleb128 0xb
 1068 0030 3E       		.uleb128 0x3e
 1069 0031 0B       		.uleb128 0xb
 1070 0032 03       		.uleb128 0x3
 1071 0033 0E       		.uleb128 0xe
 1072 0034 00       		.byte	0
ARM GAS  C:\Users\ykuch\AppData\Local\Temp\ccYZD6bm.s 			page 28


 1073 0035 00       		.byte	0
 1074 0036 05       		.uleb128 0x5
 1075 0037 0F       		.uleb128 0xf
 1076 0038 00       		.byte	0
 1077 0039 0B       		.uleb128 0xb
 1078 003a 0B       		.uleb128 0xb
 1079 003b 00       		.byte	0
 1080 003c 00       		.byte	0
 1081 003d 06       		.uleb128 0x6
 1082 003e 16       		.uleb128 0x16
 1083 003f 00       		.byte	0
 1084 0040 03       		.uleb128 0x3
 1085 0041 0E       		.uleb128 0xe
 1086 0042 3A       		.uleb128 0x3a
 1087 0043 0B       		.uleb128 0xb
 1088 0044 3B       		.uleb128 0x3b
 1089 0045 05       		.uleb128 0x5
 1090 0046 49       		.uleb128 0x49
 1091 0047 13       		.uleb128 0x13
 1092 0048 00       		.byte	0
 1093 0049 00       		.byte	0
 1094 004a 07       		.uleb128 0x7
 1095 004b 35       		.uleb128 0x35
 1096 004c 00       		.byte	0
 1097 004d 49       		.uleb128 0x49
 1098 004e 13       		.uleb128 0x13
 1099 004f 00       		.byte	0
 1100 0050 00       		.byte	0
 1101 0051 08       		.uleb128 0x8
 1102 0052 13       		.uleb128 0x13
 1103 0053 01       		.byte	0x1
 1104 0054 0B       		.uleb128 0xb
 1105 0055 0B       		.uleb128 0xb
 1106 0056 3A       		.uleb128 0x3a
 1107 0057 0B       		.uleb128 0xb
 1108 0058 3B       		.uleb128 0x3b
 1109 0059 0B       		.uleb128 0xb
 1110 005a 01       		.uleb128 0x1
 1111 005b 13       		.uleb128 0x13
 1112 005c 00       		.byte	0
 1113 005d 00       		.byte	0
 1114 005e 09       		.uleb128 0x9
 1115 005f 0D       		.uleb128 0xd
 1116 0060 00       		.byte	0
 1117 0061 03       		.uleb128 0x3
 1118 0062 0E       		.uleb128 0xe
 1119 0063 3A       		.uleb128 0x3a
 1120 0064 0B       		.uleb128 0xb
 1121 0065 3B       		.uleb128 0x3b
 1122 0066 0B       		.uleb128 0xb
 1123 0067 49       		.uleb128 0x49
 1124 0068 13       		.uleb128 0x13
 1125 0069 38       		.uleb128 0x38
 1126 006a 0B       		.uleb128 0xb
 1127 006b 00       		.byte	0
 1128 006c 00       		.byte	0
 1129 006d 0A       		.uleb128 0xa
ARM GAS  C:\Users\ykuch\AppData\Local\Temp\ccYZD6bm.s 			page 29


 1130 006e 2E       		.uleb128 0x2e
 1131 006f 01       		.byte	0x1
 1132 0070 03       		.uleb128 0x3
 1133 0071 0E       		.uleb128 0xe
 1134 0072 3A       		.uleb128 0x3a
 1135 0073 0B       		.uleb128 0xb
 1136 0074 3B       		.uleb128 0x3b
 1137 0075 0B       		.uleb128 0xb
 1138 0076 27       		.uleb128 0x27
 1139 0077 19       		.uleb128 0x19
 1140 0078 11       		.uleb128 0x11
 1141 0079 01       		.uleb128 0x1
 1142 007a 12       		.uleb128 0x12
 1143 007b 06       		.uleb128 0x6
 1144 007c 40       		.uleb128 0x40
 1145 007d 18       		.uleb128 0x18
 1146 007e 9742     		.uleb128 0x2117
 1147 0080 19       		.uleb128 0x19
 1148 0081 01       		.uleb128 0x1
 1149 0082 13       		.uleb128 0x13
 1150 0083 00       		.byte	0
 1151 0084 00       		.byte	0
 1152 0085 0B       		.uleb128 0xb
 1153 0086 05       		.uleb128 0x5
 1154 0087 00       		.byte	0
 1155 0088 03       		.uleb128 0x3
 1156 0089 0E       		.uleb128 0xe
 1157 008a 3A       		.uleb128 0x3a
 1158 008b 0B       		.uleb128 0xb
 1159 008c 3B       		.uleb128 0x3b
 1160 008d 0B       		.uleb128 0xb
 1161 008e 49       		.uleb128 0x49
 1162 008f 13       		.uleb128 0x13
 1163 0090 02       		.uleb128 0x2
 1164 0091 18       		.uleb128 0x18
 1165 0092 00       		.byte	0
 1166 0093 00       		.byte	0
 1167 0094 0C       		.uleb128 0xc
 1168 0095 34       		.uleb128 0x34
 1169 0096 00       		.byte	0
 1170 0097 03       		.uleb128 0x3
 1171 0098 08       		.uleb128 0x8
 1172 0099 3A       		.uleb128 0x3a
 1173 009a 0B       		.uleb128 0xb
 1174 009b 3B       		.uleb128 0x3b
 1175 009c 0B       		.uleb128 0xb
 1176 009d 49       		.uleb128 0x49
 1177 009e 13       		.uleb128 0x13
 1178 009f 02       		.uleb128 0x2
 1179 00a0 17       		.uleb128 0x17
 1180 00a1 00       		.byte	0
 1181 00a2 00       		.byte	0
 1182 00a3 0D       		.uleb128 0xd
 1183 00a4 0B       		.uleb128 0xb
 1184 00a5 01       		.byte	0x1
 1185 00a6 11       		.uleb128 0x11
 1186 00a7 01       		.uleb128 0x1
ARM GAS  C:\Users\ykuch\AppData\Local\Temp\ccYZD6bm.s 			page 30


 1187 00a8 12       		.uleb128 0x12
 1188 00a9 06       		.uleb128 0x6
 1189 00aa 00       		.byte	0
 1190 00ab 00       		.byte	0
 1191 00ac 0E       		.uleb128 0xe
 1192 00ad 34       		.uleb128 0x34
 1193 00ae 00       		.byte	0
 1194 00af 03       		.uleb128 0x3
 1195 00b0 0E       		.uleb128 0xe
 1196 00b1 3A       		.uleb128 0x3a
 1197 00b2 0B       		.uleb128 0xb
 1198 00b3 3B       		.uleb128 0x3b
 1199 00b4 0B       		.uleb128 0xb
 1200 00b5 49       		.uleb128 0x49
 1201 00b6 13       		.uleb128 0x13
 1202 00b7 02       		.uleb128 0x2
 1203 00b8 17       		.uleb128 0x17
 1204 00b9 00       		.byte	0
 1205 00ba 00       		.byte	0
 1206 00bb 0F       		.uleb128 0xf
 1207 00bc 0F       		.uleb128 0xf
 1208 00bd 00       		.byte	0
 1209 00be 0B       		.uleb128 0xb
 1210 00bf 0B       		.uleb128 0xb
 1211 00c0 49       		.uleb128 0x49
 1212 00c1 13       		.uleb128 0x13
 1213 00c2 00       		.byte	0
 1214 00c3 00       		.byte	0
 1215 00c4 10       		.uleb128 0x10
 1216 00c5 26       		.uleb128 0x26
 1217 00c6 00       		.byte	0
 1218 00c7 49       		.uleb128 0x49
 1219 00c8 13       		.uleb128 0x13
 1220 00c9 00       		.byte	0
 1221 00ca 00       		.byte	0
 1222 00cb 11       		.uleb128 0x11
 1223 00cc 05       		.uleb128 0x5
 1224 00cd 00       		.byte	0
 1225 00ce 03       		.uleb128 0x3
 1226 00cf 08       		.uleb128 0x8
 1227 00d0 3A       		.uleb128 0x3a
 1228 00d1 0B       		.uleb128 0xb
 1229 00d2 3B       		.uleb128 0x3b
 1230 00d3 0B       		.uleb128 0xb
 1231 00d4 49       		.uleb128 0x49
 1232 00d5 13       		.uleb128 0x13
 1233 00d6 02       		.uleb128 0x2
 1234 00d7 17       		.uleb128 0x17
 1235 00d8 00       		.byte	0
 1236 00d9 00       		.byte	0
 1237 00da 12       		.uleb128 0x12
 1238 00db 898201   		.uleb128 0x4109
 1239 00de 01       		.byte	0x1
 1240 00df 11       		.uleb128 0x11
 1241 00e0 01       		.uleb128 0x1
 1242 00e1 31       		.uleb128 0x31
 1243 00e2 13       		.uleb128 0x13
ARM GAS  C:\Users\ykuch\AppData\Local\Temp\ccYZD6bm.s 			page 31


 1244 00e3 00       		.byte	0
 1245 00e4 00       		.byte	0
 1246 00e5 13       		.uleb128 0x13
 1247 00e6 8A8201   		.uleb128 0x410a
 1248 00e9 00       		.byte	0
 1249 00ea 02       		.uleb128 0x2
 1250 00eb 18       		.uleb128 0x18
 1251 00ec 9142     		.uleb128 0x2111
 1252 00ee 18       		.uleb128 0x18
 1253 00ef 00       		.byte	0
 1254 00f0 00       		.byte	0
 1255 00f1 14       		.uleb128 0x14
 1256 00f2 898201   		.uleb128 0x4109
 1257 00f5 01       		.byte	0x1
 1258 00f6 11       		.uleb128 0x11
 1259 00f7 01       		.uleb128 0x1
 1260 00f8 31       		.uleb128 0x31
 1261 00f9 13       		.uleb128 0x13
 1262 00fa 01       		.uleb128 0x1
 1263 00fb 13       		.uleb128 0x13
 1264 00fc 00       		.byte	0
 1265 00fd 00       		.byte	0
 1266 00fe 15       		.uleb128 0x15
 1267 00ff 2E       		.uleb128 0x2e
 1268 0100 01       		.byte	0x1
 1269 0101 3F       		.uleb128 0x3f
 1270 0102 19       		.uleb128 0x19
 1271 0103 03       		.uleb128 0x3
 1272 0104 0E       		.uleb128 0xe
 1273 0105 3A       		.uleb128 0x3a
 1274 0106 0B       		.uleb128 0xb
 1275 0107 3B       		.uleb128 0x3b
 1276 0108 05       		.uleb128 0x5
 1277 0109 27       		.uleb128 0x27
 1278 010a 19       		.uleb128 0x19
 1279 010b 11       		.uleb128 0x11
 1280 010c 01       		.uleb128 0x1
 1281 010d 12       		.uleb128 0x12
 1282 010e 06       		.uleb128 0x6
 1283 010f 40       		.uleb128 0x40
 1284 0110 18       		.uleb128 0x18
 1285 0111 9742     		.uleb128 0x2117
 1286 0113 19       		.uleb128 0x19
 1287 0114 01       		.uleb128 0x1
 1288 0115 13       		.uleb128 0x13
 1289 0116 00       		.byte	0
 1290 0117 00       		.byte	0
 1291 0118 16       		.uleb128 0x16
 1292 0119 0B       		.uleb128 0xb
 1293 011a 01       		.byte	0x1
 1294 011b 11       		.uleb128 0x11
 1295 011c 01       		.uleb128 0x1
 1296 011d 12       		.uleb128 0x12
 1297 011e 06       		.uleb128 0x6
 1298 011f 01       		.uleb128 0x1
 1299 0120 13       		.uleb128 0x13
 1300 0121 00       		.byte	0
ARM GAS  C:\Users\ykuch\AppData\Local\Temp\ccYZD6bm.s 			page 32


 1301 0122 00       		.byte	0
 1302 0123 17       		.uleb128 0x17
 1303 0124 34       		.uleb128 0x34
 1304 0125 00       		.byte	0
 1305 0126 03       		.uleb128 0x3
 1306 0127 0E       		.uleb128 0xe
 1307 0128 3A       		.uleb128 0x3a
 1308 0129 0B       		.uleb128 0xb
 1309 012a 3B       		.uleb128 0x3b
 1310 012b 05       		.uleb128 0x5
 1311 012c 49       		.uleb128 0x49
 1312 012d 13       		.uleb128 0x13
 1313 012e 02       		.uleb128 0x2
 1314 012f 18       		.uleb128 0x18
 1315 0130 00       		.byte	0
 1316 0131 00       		.byte	0
 1317 0132 18       		.uleb128 0x18
 1318 0133 13       		.uleb128 0x13
 1319 0134 01       		.byte	0x1
 1320 0135 0B       		.uleb128 0xb
 1321 0136 0B       		.uleb128 0xb
 1322 0137 3A       		.uleb128 0x3a
 1323 0138 0B       		.uleb128 0xb
 1324 0139 3B       		.uleb128 0x3b
 1325 013a 05       		.uleb128 0x5
 1326 013b 01       		.uleb128 0x1
 1327 013c 13       		.uleb128 0x13
 1328 013d 00       		.byte	0
 1329 013e 00       		.byte	0
 1330 013f 19       		.uleb128 0x19
 1331 0140 0D       		.uleb128 0xd
 1332 0141 00       		.byte	0
 1333 0142 03       		.uleb128 0x3
 1334 0143 0E       		.uleb128 0xe
 1335 0144 3A       		.uleb128 0x3a
 1336 0145 0B       		.uleb128 0xb
 1337 0146 3B       		.uleb128 0x3b
 1338 0147 05       		.uleb128 0x5
 1339 0148 49       		.uleb128 0x49
 1340 0149 13       		.uleb128 0x13
 1341 014a 38       		.uleb128 0x38
 1342 014b 0B       		.uleb128 0xb
 1343 014c 00       		.byte	0
 1344 014d 00       		.byte	0
 1345 014e 1A       		.uleb128 0x1a
 1346 014f 01       		.uleb128 0x1
 1347 0150 01       		.byte	0x1
 1348 0151 49       		.uleb128 0x49
 1349 0152 13       		.uleb128 0x13
 1350 0153 01       		.uleb128 0x1
 1351 0154 13       		.uleb128 0x13
 1352 0155 00       		.byte	0
 1353 0156 00       		.byte	0
 1354 0157 1B       		.uleb128 0x1b
 1355 0158 21       		.uleb128 0x21
 1356 0159 00       		.byte	0
 1357 015a 49       		.uleb128 0x49
ARM GAS  C:\Users\ykuch\AppData\Local\Temp\ccYZD6bm.s 			page 33


 1358 015b 13       		.uleb128 0x13
 1359 015c 2F       		.uleb128 0x2f
 1360 015d 0B       		.uleb128 0xb
 1361 015e 00       		.byte	0
 1362 015f 00       		.byte	0
 1363 0160 1C       		.uleb128 0x1c
 1364 0161 34       		.uleb128 0x34
 1365 0162 00       		.byte	0
 1366 0163 03       		.uleb128 0x3
 1367 0164 08       		.uleb128 0x8
 1368 0165 3A       		.uleb128 0x3a
 1369 0166 0B       		.uleb128 0xb
 1370 0167 3B       		.uleb128 0x3b
 1371 0168 05       		.uleb128 0x5
 1372 0169 49       		.uleb128 0x49
 1373 016a 13       		.uleb128 0x13
 1374 016b 02       		.uleb128 0x2
 1375 016c 17       		.uleb128 0x17
 1376 016d 00       		.byte	0
 1377 016e 00       		.byte	0
 1378 016f 1D       		.uleb128 0x1d
 1379 0170 898201   		.uleb128 0x4109
 1380 0173 00       		.byte	0
 1381 0174 11       		.uleb128 0x11
 1382 0175 01       		.uleb128 0x1
 1383 0176 31       		.uleb128 0x31
 1384 0177 13       		.uleb128 0x13
 1385 0178 00       		.byte	0
 1386 0179 00       		.byte	0
 1387 017a 1E       		.uleb128 0x1e
 1388 017b 2E       		.uleb128 0x2e
 1389 017c 00       		.byte	0
 1390 017d 3F       		.uleb128 0x3f
 1391 017e 19       		.uleb128 0x19
 1392 017f 3C       		.uleb128 0x3c
 1393 0180 19       		.uleb128 0x19
 1394 0181 6E       		.uleb128 0x6e
 1395 0182 0E       		.uleb128 0xe
 1396 0183 03       		.uleb128 0x3
 1397 0184 0E       		.uleb128 0xe
 1398 0185 00       		.byte	0
 1399 0186 00       		.byte	0
 1400 0187 1F       		.uleb128 0x1f
 1401 0188 2E       		.uleb128 0x2e
 1402 0189 00       		.byte	0
 1403 018a 3F       		.uleb128 0x3f
 1404 018b 19       		.uleb128 0x19
 1405 018c 3C       		.uleb128 0x3c
 1406 018d 19       		.uleb128 0x19
 1407 018e 6E       		.uleb128 0x6e
 1408 018f 0E       		.uleb128 0xe
 1409 0190 03       		.uleb128 0x3
 1410 0191 0E       		.uleb128 0xe
 1411 0192 3A       		.uleb128 0x3a
 1412 0193 0B       		.uleb128 0xb
 1413 0194 3B       		.uleb128 0x3b
 1414 0195 0B       		.uleb128 0xb
ARM GAS  C:\Users\ykuch\AppData\Local\Temp\ccYZD6bm.s 			page 34


 1415 0196 00       		.byte	0
 1416 0197 00       		.byte	0
 1417 0198 00       		.byte	0
 1418              		.section	.debug_loc,"",%progbits
 1419              	.Ldebug_loc0:
 1420              	.LLST0:
 1421 0000 02000000 		.4byte	.LVL1
 1422 0004 08000000 		.4byte	.LVL2
 1423 0008 0200     		.2byte	0x2
 1424 000a 30       		.byte	0x30
 1425 000b 9F       		.byte	0x9f
 1426 000c 08000000 		.4byte	.LVL2
 1427 0010 30000000 		.4byte	.LVL11
 1428 0014 0100     		.2byte	0x1
 1429 0016 57       		.byte	0x57
 1430 0017 00000000 		.4byte	0
 1431 001b 00000000 		.4byte	0
 1432              	.LLST1:
 1433 001f 02000000 		.4byte	.LVL1
 1434 0023 08000000 		.4byte	.LVL2
 1435 0027 0200     		.2byte	0x2
 1436 0029 30       		.byte	0x30
 1437 002a 9F       		.byte	0x9f
 1438 002b 08000000 		.4byte	.LVL2
 1439 002f 30000000 		.4byte	.LVL10
 1440 0033 0100     		.2byte	0x1
 1441 0035 55       		.byte	0x55
 1442 0036 00000000 		.4byte	0
 1443 003a 00000000 		.4byte	0
 1444              	.LLST2:
 1445 003e 0C000000 		.4byte	.LVL3
 1446 0042 2C000000 		.4byte	.LVL9
 1447 0046 0100     		.2byte	0x1
 1448 0048 56       		.byte	0x56
 1449 0049 00000000 		.4byte	0
 1450 004d 00000000 		.4byte	0
 1451              	.LLST3:
 1452 0051 0E000000 		.4byte	.LVL4
 1453 0055 24000000 		.4byte	.LVL7
 1454 0059 0100     		.2byte	0x1
 1455 005b 53       		.byte	0x53
 1456 005c 26000000 		.4byte	.LVL8
 1457 0060 2C000000 		.4byte	.LVL9
 1458 0064 0100     		.2byte	0x1
 1459 0066 53       		.byte	0x53
 1460 0067 00000000 		.4byte	0
 1461 006b 00000000 		.4byte	0
 1462              	.LLST4:
 1463 006f 00000000 		.4byte	.LVL12
 1464 0073 09000000 		.4byte	.LVL14-1
 1465 0077 0100     		.2byte	0x1
 1466 0079 50       		.byte	0x50
 1467 007a 09000000 		.4byte	.LVL14-1
 1468 007e 0C000000 		.4byte	.LFE0
 1469 0082 0400     		.2byte	0x4
 1470 0084 F3       		.byte	0xf3
 1471 0085 01       		.uleb128 0x1
ARM GAS  C:\Users\ykuch\AppData\Local\Temp\ccYZD6bm.s 			page 35


 1472 0086 50       		.byte	0x50
 1473 0087 9F       		.byte	0x9f
 1474 0088 00000000 		.4byte	0
 1475 008c 00000000 		.4byte	0
 1476              	.LLST5:
 1477 0090 00000000 		.4byte	.LVL12
 1478 0094 06000000 		.4byte	.LVL13
 1479 0098 0100     		.2byte	0x1
 1480 009a 51       		.byte	0x51
 1481 009b 06000000 		.4byte	.LVL13
 1482 009f 09000000 		.4byte	.LVL14-1
 1483 00a3 0100     		.2byte	0x1
 1484 00a5 52       		.byte	0x52
 1485 00a6 09000000 		.4byte	.LVL14-1
 1486 00aa 0C000000 		.4byte	.LFE0
 1487 00ae 0400     		.2byte	0x4
 1488 00b0 F3       		.byte	0xf3
 1489 00b1 01       		.uleb128 0x1
 1490 00b2 51       		.byte	0x51
 1491 00b3 9F       		.byte	0x9f
 1492 00b4 00000000 		.4byte	0
 1493 00b8 00000000 		.4byte	0
 1494              	.LLST6:
 1495 00bc 66000000 		.4byte	.LVL18
 1496 00c0 6A000000 		.4byte	.LVL19
 1497 00c4 0200     		.2byte	0x2
 1498 00c6 30       		.byte	0x30
 1499 00c7 9F       		.byte	0x9f
 1500 00c8 6A000000 		.4byte	.LVL19
 1501 00cc 88000000 		.4byte	.LVL21
 1502 00d0 0100     		.2byte	0x1
 1503 00d2 54       		.byte	0x54
 1504 00d3 8A000000 		.4byte	.LVL22
 1505 00d7 E8000000 		.4byte	.LVL25
 1506 00db 0100     		.2byte	0x1
 1507 00dd 54       		.byte	0x54
 1508 00de 00000000 		.4byte	0
 1509 00e2 00000000 		.4byte	0
 1510              	.LLST7:
 1511 00e6 6A000000 		.4byte	.LVL19
 1512 00ea 88000000 		.4byte	.LVL21
 1513 00ee 0B00     		.2byte	0xb
 1514 00f0 74       		.byte	0x74
 1515 00f1 00       		.sleb128 0
 1516 00f2 36       		.byte	0x36
 1517 00f3 1E       		.byte	0x1e
 1518 00f4 03       		.byte	0x3
 1519 00f5 00000000 		.4byte	cfg_memset_list.4870
 1520 00f9 22       		.byte	0x22
 1521 00fa 9F       		.byte	0x9f
 1522 00fb 88000000 		.4byte	.LVL21
 1523 00ff 8A000000 		.4byte	.LVL22
 1524 0103 0B00     		.2byte	0xb
 1525 0105 74       		.byte	0x74
 1526 0106 7F       		.sleb128 -1
 1527 0107 36       		.byte	0x36
 1528 0108 1E       		.byte	0x1e
ARM GAS  C:\Users\ykuch\AppData\Local\Temp\ccYZD6bm.s 			page 36


 1529 0109 03       		.byte	0x3
 1530 010a 00000000 		.4byte	cfg_memset_list.4870
 1531 010e 22       		.byte	0x22
 1532 010f 9F       		.byte	0x9f
 1533 0110 00000000 		.4byte	0
 1534 0114 00000000 		.4byte	0
 1535              		.section	.debug_aranges,"",%progbits
 1536 0000 34000000 		.4byte	0x34
 1537 0004 0200     		.2byte	0x2
 1538 0006 00000000 		.4byte	.Ldebug_info0
 1539 000a 04       		.byte	0x4
 1540 000b 00       		.byte	0
 1541 000c 0000     		.2byte	0
 1542 000e 0000     		.2byte	0
 1543 0010 00000000 		.4byte	.LFB3
 1544 0014 32000000 		.4byte	.LFE3-.LFB3
 1545 0018 00000000 		.4byte	.LFB0
 1546 001c 0C000000 		.4byte	.LFE0-.LFB0
 1547 0020 00000000 		.4byte	.LFB4
 1548 0024 5C000000 		.4byte	.LFE4-.LFB4
 1549 0028 5C000000 		.4byte	.LFB6
 1550 002c C4000000 		.4byte	.LFE6-.LFB6
 1551 0030 00000000 		.4byte	0
 1552 0034 00000000 		.4byte	0
 1553              		.section	.debug_ranges,"",%progbits
 1554              	.Ldebug_ranges0:
 1555 0000 00000000 		.4byte	.LFB3
 1556 0004 32000000 		.4byte	.LFE3
 1557 0008 00000000 		.4byte	.LFB0
 1558 000c 0C000000 		.4byte	.LFE0
 1559 0010 00000000 		.4byte	.LFB4
 1560 0014 5C000000 		.4byte	.LFE4
 1561 0018 5C000000 		.4byte	.LFB6
 1562 001c 20010000 		.4byte	.LFE6
 1563 0020 00000000 		.4byte	0
 1564 0024 00000000 		.4byte	0
 1565              		.section	.debug_line,"",%progbits
 1566              	.Ldebug_line0:
 1567 0000 57010000 		.section	.debug_str,"MS",%progbits,1
 1567      0200D600 
 1567      00000201 
 1567      FB0E0D00 
 1567      01010101 
 1568              	.LASF19:
 1569 0000 72656733 		.ascii	"reg32\000"
 1569      3200
 1570              	.LASF12:
 1571 0006 73697A65 		.ascii	"size_t\000"
 1571      5F7400
 1572              	.LASF37:
 1573 000d 4379496E 		.ascii	"CyIntSetVector\000"
 1573      74536574 
 1573      56656374 
 1573      6F7200
 1574              	.LASF21:
 1575 001c 76616C75 		.ascii	"value\000"
 1575      6500
ARM GAS  C:\Users\ykuch\AppData\Local\Temp\ccYZD6bm.s 			page 37


 1576              	.LASF26:
 1577 0022 636F756E 		.ascii	"count\000"
 1577      7400
 1578              	.LASF29:
 1579 0028 436C6F63 		.ascii	"ClockSetup\000"
 1579      6B536574 
 1579      757000
 1580              	.LASF30:
 1581 0033 63795F63 		.ascii	"cy_cfg_addr_table\000"
 1581      66675F61 
 1581      6464725F 
 1581      7461626C 
 1581      6500
 1582              	.LASF31:
 1583 0045 63795F63 		.ascii	"cy_cfg_data_table\000"
 1583      66675F64 
 1583      6174615F 
 1583      7461626C 
 1583      6500
 1584              	.LASF16:
 1585 0057 666C6F61 		.ascii	"float\000"
 1585      7400
 1586              	.LASF41:
 1587 005d 433A5C50 		.ascii	"C:\\PSoC\\lab_6\\Workspace01\\Design01.cydsn\000"
 1587      536F435C 
 1587      6C61625F 
 1587      365C576F 
 1587      726B7370 
 1588              	.LASF35:
 1589 0086 6366675F 		.ascii	"cfg_memset_list\000"
 1589      6D656D73 
 1589      65745F6C 
 1589      69737400 
 1590              	.LASF33:
 1591 0096 73697A65 		.ascii	"size\000"
 1591      00
 1592              	.LASF18:
 1593 009b 72656738 		.ascii	"reg8\000"
 1593      00
 1594              	.LASF8:
 1595 00a0 6C6F6E67 		.ascii	"long unsigned int\000"
 1595      20756E73 
 1595      69676E65 
 1595      6420696E 
 1595      7400
 1596              	.LASF13:
 1597 00b2 75696E74 		.ascii	"uint8\000"
 1597      3800
 1598              	.LASF28:
 1599 00b8 43594D45 		.ascii	"CYMEMZERO\000"
 1599      4D5A4552 
 1599      4F00
 1600              	.LASF4:
 1601 00c2 756E7369 		.ascii	"unsigned char\000"
 1601      676E6564 
 1601      20636861 
 1601      7200
ARM GAS  C:\Users\ykuch\AppData\Local\Temp\ccYZD6bm.s 			page 38


 1602              	.LASF43:
 1603 00d0 6D656D73 		.ascii	"memset\000"
 1603      657400
 1604              	.LASF17:
 1605 00d7 646F7562 		.ascii	"double\000"
 1605      6C6500
 1606              	.LASF27:
 1607 00de 6366675F 		.ascii	"cfg_write_bytes32\000"
 1607      77726974 
 1607      655F6279 
 1607      74657333 
 1607      3200
 1608              	.LASF38:
 1609 00f0 4379496E 		.ascii	"CyIntEnable\000"
 1609      74456E61 
 1609      626C6500 
 1610              	.LASF23:
 1611 00fc 61646472 		.ascii	"addr_table\000"
 1611      5F746162 
 1611      6C6500
 1612              	.LASF14:
 1613 0107 75696E74 		.ascii	"uint16\000"
 1613      313600
 1614              	.LASF24:
 1615 010e 64617461 		.ascii	"data_table\000"
 1615      5F746162 
 1615      6C6500
 1616              	.LASF15:
 1617 0119 75696E74 		.ascii	"uint32\000"
 1617      333200
 1618              	.LASF0:
 1619 0120 756E7369 		.ascii	"unsigned int\000"
 1619      676E6564 
 1619      20696E74 
 1619      00
 1620              	.LASF42:
 1621 012d 63796669 		.ascii	"cyfitter_cfg\000"
 1621      74746572 
 1621      5F636667 
 1621      00
 1622              	.LASF32:
 1623 013a 61646472 		.ascii	"address\000"
 1623      65737300 
 1624              	.LASF9:
 1625 0142 6C6F6E67 		.ascii	"long long unsigned int\000"
 1625      206C6F6E 
 1625      6720756E 
 1625      7369676E 
 1625      65642069 
 1626              	.LASF39:
 1627 0159 474E5520 		.ascii	"GNU C11 5.4.1 20160609 (release) [ARM/embedded-5-br"
 1627      43313120 
 1627      352E342E 
 1627      31203230 
 1627      31363036 
 1628 018c 616E6368 		.ascii	"anch revision 237715] -mcpu=cortex-m0 -mthumb -g -O"
 1628      20726576 
ARM GAS  C:\Users\ykuch\AppData\Local\Temp\ccYZD6bm.s 			page 39


 1628      6973696F 
 1628      6E203233 
 1628      37373135 
 1629 01bf 67202D66 		.ascii	"g -ffunction-sections -ffat-lto-objects\000"
 1629      66756E63 
 1629      74696F6E 
 1629      2D736563 
 1629      74696F6E 
 1630              	.LASF34:
 1631 01e7 6366675F 		.ascii	"cfg_memset_t\000"
 1631      6D656D73 
 1631      65745F74 
 1631      00
 1632              	.LASF25:
 1633 01f4 62617365 		.ascii	"baseAddr\000"
 1633      41646472 
 1633      00
 1634              	.LASF10:
 1635 01fd 73697A65 		.ascii	"sizetype\000"
 1635      74797065 
 1635      00
 1636              	.LASF6:
 1637 0206 73686F72 		.ascii	"short unsigned int\000"
 1637      7420756E 
 1637      7369676E 
 1637      65642069 
 1637      6E7400
 1638              	.LASF1:
 1639 0219 6C6F6E67 		.ascii	"long long int\000"
 1639      206C6F6E 
 1639      6720696E 
 1639      7400
 1640              	.LASF11:
 1641 0227 63686172 		.ascii	"char\000"
 1641      00
 1642              	.LASF22:
 1643 022c 63795F63 		.ascii	"cy_cfg_addrvalue_t\000"
 1643      66675F61 
 1643      64647276 
 1643      616C7565 
 1643      5F7400
 1644              	.LASF20:
 1645 023f 6F666673 		.ascii	"offset\000"
 1645      657400
 1646              	.LASF5:
 1647 0246 73686F72 		.ascii	"short int\000"
 1647      7420696E 
 1647      7400
 1648              	.LASF36:
 1649 0250 43795379 		.ascii	"CySysClkWriteImoFreq\000"
 1649      73436C6B 
 1649      57726974 
 1649      65496D6F 
 1649      46726571 
 1650              	.LASF7:
 1651 0265 6C6F6E67 		.ascii	"long int\000"
 1651      20696E74 
ARM GAS  C:\Users\ykuch\AppData\Local\Temp\ccYZD6bm.s 			page 40


 1651      00
 1652              	.LASF2:
 1653 026e 6C6F6E67 		.ascii	"long double\000"
 1653      20646F75 
 1653      626C6500 
 1654              	.LASF3:
 1655 027a 7369676E 		.ascii	"signed char\000"
 1655      65642063 
 1655      68617200 
 1656              	.LASF40:
 1657 0286 47656E65 		.ascii	"Generated_Source\\PSoC4\\cyfitter_cfg.c\000"
 1657      72617465 
 1657      645F536F 
 1657      75726365 
 1657      5C50536F 
 1658              		.ident	"GCC: (GNU Tools for ARM Embedded Processors) 5.4.1 20160609 (release) [ARM/embedded-5-bran
