ARM GAS  C:\Users\ykuch\AppData\Local\Temp\ccNMJLYW.s 			page 1


   1              		.syntax unified
   2              		.cpu cortex-m0
   3              		.fpu softvfp
   4              		.eabi_attribute 20, 1
   5              		.eabi_attribute 21, 1
   6              		.eabi_attribute 23, 3
   7              		.eabi_attribute 24, 1
   8              		.eabi_attribute 25, 1
   9              		.eabi_attribute 26, 1
  10              		.eabi_attribute 30, 1
  11              		.eabi_attribute 34, 0
  12              		.eabi_attribute 18, 4
  13              		.thumb
  14              		.syntax unified
  15              		.file	"main.c"
  16              		.text
  17              	.Ltext0:
  18              		.cfi_sections	.debug_frame
  19              		.section	.text.program_WORKER,"ax",%progbits
  20              		.align	2
  21              		.global	program_WORKER
  22              		.code	16
  23              		.thumb_func
  24              		.type	program_WORKER, %function
  25              	program_WORKER:
  26              	.LFB32:
  27              		.file 1 "main.c"
   1:main.c        **** #include <project.h>
   2:main.c        **** 
   3:main.c        **** uint16 t = 0;
   4:main.c        **** 
   5:main.c        **** CY_ISR(program_WORKER)
   6:main.c        **** {
  28              		.loc 1 6 0
  29              		.cfi_startproc
  30              		@ args = 0, pretend = 0, frame = 0
  31              		@ frame_needed = 0, uses_anonymous_args = 0
  32 0000 10B5     		push	{r4, lr}
  33              		.cfi_def_cfa_offset 8
  34              		.cfi_offset 4, -8
  35              		.cfi_offset 14, -4
   7:main.c        ****     LCD_Position(0, 1);
  36              		.loc 1 7 0
  37 0002 0121     		movs	r1, #1
  38 0004 0020     		movs	r0, #0
  39 0006 FFF7FEFF 		bl	LCD_Position
  40              	.LVL0:
   8:main.c        ****     t++;
  41              		.loc 1 8 0
  42 000a 044B     		ldr	r3, .L2
  43 000c 1888     		ldrh	r0, [r3]
  44 000e 0130     		adds	r0, r0, #1
  45 0010 80B2     		uxth	r0, r0
  46 0012 1880     		strh	r0, [r3]
   9:main.c        ****     LCD_PrintInt16(t);
  47              		.loc 1 9 0
  48 0014 FFF7FEFF 		bl	LCD_PrintInt16
ARM GAS  C:\Users\ykuch\AppData\Local\Temp\ccNMJLYW.s 			page 2


  49              	.LVL1:
  10:main.c        **** }
  50              		.loc 1 10 0
  51              		@ sp needed
  52 0018 10BD     		pop	{r4, pc}
  53              	.L3:
  54 001a C046     		.align	2
  55              	.L2:
  56 001c 00000000 		.word	.LANCHOR0
  57              		.cfi_endproc
  58              	.LFE32:
  59              		.size	program_WORKER, .-program_WORKER
  60              		.section	.text.main,"ax",%progbits
  61              		.align	2
  62              		.global	main
  63              		.code	16
  64              		.thumb_func
  65              		.type	main, %function
  66              	main:
  67              	.LFB33:
  11:main.c        **** 
  12:main.c        **** int main()
  13:main.c        **** {
  68              		.loc 1 13 0
  69              		.cfi_startproc
  70              		@ Volatile: function does not return.
  71              		@ args = 0, pretend = 0, frame = 0
  72              		@ frame_needed = 0, uses_anonymous_args = 0
  73 0000 10B5     		push	{r4, lr}
  74              		.cfi_def_cfa_offset 8
  75              		.cfi_offset 4, -8
  76              		.cfi_offset 14, -4
  14:main.c        ****     CyGlobalIntEnable;
  77              		.loc 1 14 0
  78              		.syntax divided
  79              	@ 14 "main.c" 1
  80 0002 62B6     		CPSIE   i
  81              	@ 0 "" 2
  15:main.c        ****     ISR_StartEx(program_WORKER);
  82              		.loc 1 15 0
  83              		.thumb
  84              		.syntax unified
  85 0004 0348     		ldr	r0, .L6
  86 0006 FFF7FEFF 		bl	ISR_StartEx
  87              	.LVL2:
  16:main.c        ****     Timer_1_Start();
  88              		.loc 1 16 0
  89 000a FFF7FEFF 		bl	Timer_1_Start
  90              	.LVL3:
  17:main.c        ****     LCD_Init();
  91              		.loc 1 17 0
  92 000e FFF7FEFF 		bl	LCD_Init
  93              	.LVL4:
  94              	.L5:
  95 0012 FEE7     		b	.L5
  96              	.L7:
  97              		.align	2
ARM GAS  C:\Users\ykuch\AppData\Local\Temp\ccNMJLYW.s 			page 3


  98              	.L6:
  99 0014 00000000 		.word	program_WORKER
 100              		.cfi_endproc
 101              	.LFE33:
 102              		.size	main, .-main
 103              		.global	t
 104              		.bss
 105              		.align	1
 106              		.set	.LANCHOR0,. + 0
 107              		.type	t, %object
 108              		.size	t, 2
 109              	t:
 110 0000 0000     		.space	2
 111              		.text
 112              	.Letext0:
 113              		.file 2 "Generated_Source\\PSoC4/LCD.h"
 114              		.file 3 "Generated_Source\\PSoC4/ISR.h"
 115              		.file 4 "Generated_Source\\PSoC4/Timer_1.h"
 116              		.file 5 "Generated_Source\\PSoC4/cytypes.h"
 117              		.section	.debug_info,"",%progbits
 118              	.Ldebug_info0:
 119 0000 57010000 		.4byte	0x157
 120 0004 0400     		.2byte	0x4
 121 0006 00000000 		.4byte	.Ldebug_abbrev0
 122 000a 04       		.byte	0x4
 123 000b 01       		.uleb128 0x1
 124 000c AB000000 		.4byte	.LASF19
 125 0010 0C       		.byte	0xc
 126 0011 1D000000 		.4byte	.LASF20
 127 0015 9A010000 		.4byte	.LASF21
 128 0019 00000000 		.4byte	.Ldebug_ranges0+0
 129 001d 00000000 		.4byte	0
 130 0021 00000000 		.4byte	.Ldebug_line0
 131 0025 02       		.uleb128 0x2
 132 0026 01       		.byte	0x1
 133 0027 06       		.byte	0x6
 134 0028 4C010000 		.4byte	.LASF0
 135 002c 02       		.uleb128 0x2
 136 002d 01       		.byte	0x1
 137 002e 08       		.byte	0x8
 138 002f 6F000000 		.4byte	.LASF1
 139 0033 02       		.uleb128 0x2
 140 0034 02       		.byte	0x2
 141 0035 05       		.byte	0x5
 142 0036 73010000 		.4byte	.LASF2
 143 003a 02       		.uleb128 0x2
 144 003b 02       		.byte	0x2
 145 003c 07       		.byte	0x7
 146 003d 39010000 		.4byte	.LASF3
 147 0041 02       		.uleb128 0x2
 148 0042 04       		.byte	0x4
 149 0043 05       		.byte	0x5
 150 0044 8F000000 		.4byte	.LASF4
 151 0048 02       		.uleb128 0x2
 152 0049 04       		.byte	0x4
 153 004a 07       		.byte	0x7
 154 004b 29000000 		.4byte	.LASF5
ARM GAS  C:\Users\ykuch\AppData\Local\Temp\ccNMJLYW.s 			page 4


 155 004f 02       		.uleb128 0x2
 156 0050 08       		.byte	0x8
 157 0051 05       		.byte	0x5
 158 0052 00000000 		.4byte	.LASF6
 159 0056 02       		.uleb128 0x2
 160 0057 08       		.byte	0x8
 161 0058 07       		.byte	0x7
 162 0059 3B000000 		.4byte	.LASF7
 163 005d 03       		.uleb128 0x3
 164 005e 04       		.byte	0x4
 165 005f 05       		.byte	0x5
 166 0060 696E7400 		.ascii	"int\000"
 167 0064 02       		.uleb128 0x2
 168 0065 04       		.byte	0x4
 169 0066 07       		.byte	0x7
 170 0067 84010000 		.4byte	.LASF8
 171 006b 04       		.uleb128 0x4
 172 006c 7D010000 		.4byte	.LASF22
 173 0070 05       		.byte	0x5
 174 0071 FD01     		.2byte	0x1fd
 175 0073 3A000000 		.4byte	0x3a
 176 0077 02       		.uleb128 0x2
 177 0078 04       		.byte	0x4
 178 0079 04       		.byte	0x4
 179 007a 52000000 		.4byte	.LASF9
 180 007e 02       		.uleb128 0x2
 181 007f 08       		.byte	0x8
 182 0080 04       		.byte	0x4
 183 0081 98000000 		.4byte	.LASF10
 184 0085 02       		.uleb128 0x2
 185 0086 01       		.byte	0x1
 186 0087 08       		.byte	0x8
 187 0088 7D000000 		.4byte	.LASF11
 188 008c 02       		.uleb128 0x2
 189 008d 08       		.byte	0x8
 190 008e 04       		.byte	0x4
 191 008f 58010000 		.4byte	.LASF12
 192 0093 02       		.uleb128 0x2
 193 0094 04       		.byte	0x4
 194 0095 07       		.byte	0x7
 195 0096 91010000 		.4byte	.LASF13
 196 009a 05       		.uleb128 0x5
 197 009b 64010000 		.4byte	.LASF23
 198 009f 01       		.byte	0x1
 199 00a0 05       		.byte	0x5
 200 00a1 00000000 		.4byte	.LFB32
 201 00a5 20000000 		.4byte	.LFE32-.LFB32
 202 00a9 01       		.uleb128 0x1
 203 00aa 9C       		.byte	0x9c
 204 00ab D1000000 		.4byte	0xd1
 205 00af 06       		.uleb128 0x6
 206 00b0 0A000000 		.4byte	.LVL0
 207 00b4 23010000 		.4byte	0x123
 208 00b8 C7000000 		.4byte	0xc7
 209 00bc 07       		.uleb128 0x7
 210 00bd 01       		.uleb128 0x1
 211 00be 50       		.byte	0x50
ARM GAS  C:\Users\ykuch\AppData\Local\Temp\ccNMJLYW.s 			page 5


 212 00bf 01       		.uleb128 0x1
 213 00c0 30       		.byte	0x30
 214 00c1 07       		.uleb128 0x7
 215 00c2 01       		.uleb128 0x1
 216 00c3 51       		.byte	0x51
 217 00c4 01       		.uleb128 0x1
 218 00c5 31       		.byte	0x31
 219 00c6 00       		.byte	0
 220 00c7 08       		.uleb128 0x8
 221 00c8 18000000 		.4byte	.LVL1
 222 00cc 2E010000 		.4byte	0x12e
 223 00d0 00       		.byte	0
 224 00d1 09       		.uleb128 0x9
 225 00d2 24000000 		.4byte	.LASF24
 226 00d6 01       		.byte	0x1
 227 00d7 0C       		.byte	0xc
 228 00d8 5D000000 		.4byte	0x5d
 229 00dc 00000000 		.4byte	.LFB33
 230 00e0 18000000 		.4byte	.LFE33-.LFB33
 231 00e4 01       		.uleb128 0x1
 232 00e5 9C       		.byte	0x9c
 233 00e6 14010000 		.4byte	0x114
 234 00ea 06       		.uleb128 0x6
 235 00eb 0A000000 		.4byte	.LVL2
 236 00ef 39010000 		.4byte	0x139
 237 00f3 01010000 		.4byte	0x101
 238 00f7 07       		.uleb128 0x7
 239 00f8 01       		.uleb128 0x1
 240 00f9 50       		.byte	0x50
 241 00fa 05       		.uleb128 0x5
 242 00fb 03       		.byte	0x3
 243 00fc 00000000 		.4byte	program_WORKER
 244 0100 00       		.byte	0
 245 0101 08       		.uleb128 0x8
 246 0102 0E000000 		.4byte	.LVL3
 247 0106 44010000 		.4byte	0x144
 248 010a 08       		.uleb128 0x8
 249 010b 12000000 		.4byte	.LVL4
 250 010f 4F010000 		.4byte	0x14f
 251 0113 00       		.byte	0
 252 0114 0A       		.uleb128 0xa
 253 0115 7400     		.ascii	"t\000"
 254 0117 01       		.byte	0x1
 255 0118 03       		.byte	0x3
 256 0119 6B000000 		.4byte	0x6b
 257 011d 05       		.uleb128 0x5
 258 011e 03       		.byte	0x3
 259 011f 00000000 		.4byte	t
 260 0123 0B       		.uleb128 0xb
 261 0124 82000000 		.4byte	.LASF14
 262 0128 82000000 		.4byte	.LASF14
 263 012c 02       		.byte	0x2
 264 012d 3D       		.byte	0x3d
 265 012e 0B       		.uleb128 0xb
 266 012f 0E000000 		.4byte	.LASF15
 267 0133 0E000000 		.4byte	.LASF15
 268 0137 02       		.byte	0x2
ARM GAS  C:\Users\ykuch\AppData\Local\Temp\ccNMJLYW.s 			page 6


 269 0138 5E       		.byte	0x5e
 270 0139 0B       		.uleb128 0xb
 271 013a 9F000000 		.4byte	.LASF16
 272 013e 9F000000 		.4byte	.LASF16
 273 0142 03       		.byte	0x3
 274 0143 18       		.byte	0x18
 275 0144 0B       		.uleb128 0xb
 276 0145 61000000 		.4byte	.LASF17
 277 0149 61000000 		.4byte	.LASF17
 278 014d 04       		.byte	0x4
 279 014e 5A       		.byte	0x5a
 280 014f 0B       		.uleb128 0xb
 281 0150 58000000 		.4byte	.LASF18
 282 0154 58000000 		.4byte	.LASF18
 283 0158 02       		.byte	0x2
 284 0159 36       		.byte	0x36
 285 015a 00       		.byte	0
 286              		.section	.debug_abbrev,"",%progbits
 287              	.Ldebug_abbrev0:
 288 0000 01       		.uleb128 0x1
 289 0001 11       		.uleb128 0x11
 290 0002 01       		.byte	0x1
 291 0003 25       		.uleb128 0x25
 292 0004 0E       		.uleb128 0xe
 293 0005 13       		.uleb128 0x13
 294 0006 0B       		.uleb128 0xb
 295 0007 03       		.uleb128 0x3
 296 0008 0E       		.uleb128 0xe
 297 0009 1B       		.uleb128 0x1b
 298 000a 0E       		.uleb128 0xe
 299 000b 55       		.uleb128 0x55
 300 000c 17       		.uleb128 0x17
 301 000d 11       		.uleb128 0x11
 302 000e 01       		.uleb128 0x1
 303 000f 10       		.uleb128 0x10
 304 0010 17       		.uleb128 0x17
 305 0011 00       		.byte	0
 306 0012 00       		.byte	0
 307 0013 02       		.uleb128 0x2
 308 0014 24       		.uleb128 0x24
 309 0015 00       		.byte	0
 310 0016 0B       		.uleb128 0xb
 311 0017 0B       		.uleb128 0xb
 312 0018 3E       		.uleb128 0x3e
 313 0019 0B       		.uleb128 0xb
 314 001a 03       		.uleb128 0x3
 315 001b 0E       		.uleb128 0xe
 316 001c 00       		.byte	0
 317 001d 00       		.byte	0
 318 001e 03       		.uleb128 0x3
 319 001f 24       		.uleb128 0x24
 320 0020 00       		.byte	0
 321 0021 0B       		.uleb128 0xb
 322 0022 0B       		.uleb128 0xb
 323 0023 3E       		.uleb128 0x3e
 324 0024 0B       		.uleb128 0xb
 325 0025 03       		.uleb128 0x3
ARM GAS  C:\Users\ykuch\AppData\Local\Temp\ccNMJLYW.s 			page 7


 326 0026 08       		.uleb128 0x8
 327 0027 00       		.byte	0
 328 0028 00       		.byte	0
 329 0029 04       		.uleb128 0x4
 330 002a 16       		.uleb128 0x16
 331 002b 00       		.byte	0
 332 002c 03       		.uleb128 0x3
 333 002d 0E       		.uleb128 0xe
 334 002e 3A       		.uleb128 0x3a
 335 002f 0B       		.uleb128 0xb
 336 0030 3B       		.uleb128 0x3b
 337 0031 05       		.uleb128 0x5
 338 0032 49       		.uleb128 0x49
 339 0033 13       		.uleb128 0x13
 340 0034 00       		.byte	0
 341 0035 00       		.byte	0
 342 0036 05       		.uleb128 0x5
 343 0037 2E       		.uleb128 0x2e
 344 0038 01       		.byte	0x1
 345 0039 3F       		.uleb128 0x3f
 346 003a 19       		.uleb128 0x19
 347 003b 03       		.uleb128 0x3
 348 003c 0E       		.uleb128 0xe
 349 003d 3A       		.uleb128 0x3a
 350 003e 0B       		.uleb128 0xb
 351 003f 3B       		.uleb128 0x3b
 352 0040 0B       		.uleb128 0xb
 353 0041 27       		.uleb128 0x27
 354 0042 19       		.uleb128 0x19
 355 0043 11       		.uleb128 0x11
 356 0044 01       		.uleb128 0x1
 357 0045 12       		.uleb128 0x12
 358 0046 06       		.uleb128 0x6
 359 0047 40       		.uleb128 0x40
 360 0048 18       		.uleb128 0x18
 361 0049 9742     		.uleb128 0x2117
 362 004b 19       		.uleb128 0x19
 363 004c 01       		.uleb128 0x1
 364 004d 13       		.uleb128 0x13
 365 004e 00       		.byte	0
 366 004f 00       		.byte	0
 367 0050 06       		.uleb128 0x6
 368 0051 898201   		.uleb128 0x4109
 369 0054 01       		.byte	0x1
 370 0055 11       		.uleb128 0x11
 371 0056 01       		.uleb128 0x1
 372 0057 31       		.uleb128 0x31
 373 0058 13       		.uleb128 0x13
 374 0059 01       		.uleb128 0x1
 375 005a 13       		.uleb128 0x13
 376 005b 00       		.byte	0
 377 005c 00       		.byte	0
 378 005d 07       		.uleb128 0x7
 379 005e 8A8201   		.uleb128 0x410a
 380 0061 00       		.byte	0
 381 0062 02       		.uleb128 0x2
 382 0063 18       		.uleb128 0x18
ARM GAS  C:\Users\ykuch\AppData\Local\Temp\ccNMJLYW.s 			page 8


 383 0064 9142     		.uleb128 0x2111
 384 0066 18       		.uleb128 0x18
 385 0067 00       		.byte	0
 386 0068 00       		.byte	0
 387 0069 08       		.uleb128 0x8
 388 006a 898201   		.uleb128 0x4109
 389 006d 00       		.byte	0
 390 006e 11       		.uleb128 0x11
 391 006f 01       		.uleb128 0x1
 392 0070 31       		.uleb128 0x31
 393 0071 13       		.uleb128 0x13
 394 0072 00       		.byte	0
 395 0073 00       		.byte	0
 396 0074 09       		.uleb128 0x9
 397 0075 2E       		.uleb128 0x2e
 398 0076 01       		.byte	0x1
 399 0077 3F       		.uleb128 0x3f
 400 0078 19       		.uleb128 0x19
 401 0079 03       		.uleb128 0x3
 402 007a 0E       		.uleb128 0xe
 403 007b 3A       		.uleb128 0x3a
 404 007c 0B       		.uleb128 0xb
 405 007d 3B       		.uleb128 0x3b
 406 007e 0B       		.uleb128 0xb
 407 007f 49       		.uleb128 0x49
 408 0080 13       		.uleb128 0x13
 409 0081 8701     		.uleb128 0x87
 410 0083 19       		.uleb128 0x19
 411 0084 11       		.uleb128 0x11
 412 0085 01       		.uleb128 0x1
 413 0086 12       		.uleb128 0x12
 414 0087 06       		.uleb128 0x6
 415 0088 40       		.uleb128 0x40
 416 0089 18       		.uleb128 0x18
 417 008a 9742     		.uleb128 0x2117
 418 008c 19       		.uleb128 0x19
 419 008d 01       		.uleb128 0x1
 420 008e 13       		.uleb128 0x13
 421 008f 00       		.byte	0
 422 0090 00       		.byte	0
 423 0091 0A       		.uleb128 0xa
 424 0092 34       		.uleb128 0x34
 425 0093 00       		.byte	0
 426 0094 03       		.uleb128 0x3
 427 0095 08       		.uleb128 0x8
 428 0096 3A       		.uleb128 0x3a
 429 0097 0B       		.uleb128 0xb
 430 0098 3B       		.uleb128 0x3b
 431 0099 0B       		.uleb128 0xb
 432 009a 49       		.uleb128 0x49
 433 009b 13       		.uleb128 0x13
 434 009c 3F       		.uleb128 0x3f
 435 009d 19       		.uleb128 0x19
 436 009e 02       		.uleb128 0x2
 437 009f 18       		.uleb128 0x18
 438 00a0 00       		.byte	0
 439 00a1 00       		.byte	0
ARM GAS  C:\Users\ykuch\AppData\Local\Temp\ccNMJLYW.s 			page 9


 440 00a2 0B       		.uleb128 0xb
 441 00a3 2E       		.uleb128 0x2e
 442 00a4 00       		.byte	0
 443 00a5 3F       		.uleb128 0x3f
 444 00a6 19       		.uleb128 0x19
 445 00a7 3C       		.uleb128 0x3c
 446 00a8 19       		.uleb128 0x19
 447 00a9 6E       		.uleb128 0x6e
 448 00aa 0E       		.uleb128 0xe
 449 00ab 03       		.uleb128 0x3
 450 00ac 0E       		.uleb128 0xe
 451 00ad 3A       		.uleb128 0x3a
 452 00ae 0B       		.uleb128 0xb
 453 00af 3B       		.uleb128 0x3b
 454 00b0 0B       		.uleb128 0xb
 455 00b1 00       		.byte	0
 456 00b2 00       		.byte	0
 457 00b3 00       		.byte	0
 458              		.section	.debug_aranges,"",%progbits
 459 0000 24000000 		.4byte	0x24
 460 0004 0200     		.2byte	0x2
 461 0006 00000000 		.4byte	.Ldebug_info0
 462 000a 04       		.byte	0x4
 463 000b 00       		.byte	0
 464 000c 0000     		.2byte	0
 465 000e 0000     		.2byte	0
 466 0010 00000000 		.4byte	.LFB32
 467 0014 20000000 		.4byte	.LFE32-.LFB32
 468 0018 00000000 		.4byte	.LFB33
 469 001c 18000000 		.4byte	.LFE33-.LFB33
 470 0020 00000000 		.4byte	0
 471 0024 00000000 		.4byte	0
 472              		.section	.debug_ranges,"",%progbits
 473              	.Ldebug_ranges0:
 474 0000 00000000 		.4byte	.LFB32
 475 0004 20000000 		.4byte	.LFE32
 476 0008 00000000 		.4byte	.LFB33
 477 000c 18000000 		.4byte	.LFE33
 478 0010 00000000 		.4byte	0
 479 0014 00000000 		.4byte	0
 480              		.section	.debug_line,"",%progbits
 481              	.Ldebug_line0:
 482 0000 8A000000 		.section	.debug_str,"MS",%progbits,1
 482      02006000 
 482      00000201 
 482      FB0E0D00 
 482      01010101 
 483              	.LASF6:
 484 0000 6C6F6E67 		.ascii	"long long int\000"
 484      206C6F6E 
 484      6720696E 
 484      7400
 485              	.LASF15:
 486 000e 4C43445F 		.ascii	"LCD_PrintInt16\000"
 486      5072696E 
 486      74496E74 
 486      313600
ARM GAS  C:\Users\ykuch\AppData\Local\Temp\ccNMJLYW.s 			page 10


 487              	.LASF20:
 488 001d 6D61696E 		.ascii	"main.c\000"
 488      2E6300
 489              	.LASF24:
 490 0024 6D61696E 		.ascii	"main\000"
 490      00
 491              	.LASF5:
 492 0029 6C6F6E67 		.ascii	"long unsigned int\000"
 492      20756E73 
 492      69676E65 
 492      6420696E 
 492      7400
 493              	.LASF7:
 494 003b 6C6F6E67 		.ascii	"long long unsigned int\000"
 494      206C6F6E 
 494      6720756E 
 494      7369676E 
 494      65642069 
 495              	.LASF9:
 496 0052 666C6F61 		.ascii	"float\000"
 496      7400
 497              	.LASF18:
 498 0058 4C43445F 		.ascii	"LCD_Init\000"
 498      496E6974 
 498      00
 499              	.LASF17:
 500 0061 54696D65 		.ascii	"Timer_1_Start\000"
 500      725F315F 
 500      53746172 
 500      7400
 501              	.LASF1:
 502 006f 756E7369 		.ascii	"unsigned char\000"
 502      676E6564 
 502      20636861 
 502      7200
 503              	.LASF11:
 504 007d 63686172 		.ascii	"char\000"
 504      00
 505              	.LASF14:
 506 0082 4C43445F 		.ascii	"LCD_Position\000"
 506      506F7369 
 506      74696F6E 
 506      00
 507              	.LASF4:
 508 008f 6C6F6E67 		.ascii	"long int\000"
 508      20696E74 
 508      00
 509              	.LASF10:
 510 0098 646F7562 		.ascii	"double\000"
 510      6C6500
 511              	.LASF16:
 512 009f 4953525F 		.ascii	"ISR_StartEx\000"
 512      53746172 
 512      74457800 
 513              	.LASF19:
 514 00ab 474E5520 		.ascii	"GNU C11 5.4.1 20160609 (release) [ARM/embedded-5-br"
 514      43313120 
ARM GAS  C:\Users\ykuch\AppData\Local\Temp\ccNMJLYW.s 			page 11


 514      352E342E 
 514      31203230 
 514      31363036 
 515 00de 616E6368 		.ascii	"anch revision 237715] -mcpu=cortex-m0 -mthumb -g -O"
 515      20726576 
 515      6973696F 
 515      6E203233 
 515      37373135 
 516 0111 67202D66 		.ascii	"g -ffunction-sections -ffat-lto-objects\000"
 516      66756E63 
 516      74696F6E 
 516      2D736563 
 516      74696F6E 
 517              	.LASF3:
 518 0139 73686F72 		.ascii	"short unsigned int\000"
 518      7420756E 
 518      7369676E 
 518      65642069 
 518      6E7400
 519              	.LASF0:
 520 014c 7369676E 		.ascii	"signed char\000"
 520      65642063 
 520      68617200 
 521              	.LASF12:
 522 0158 6C6F6E67 		.ascii	"long double\000"
 522      20646F75 
 522      626C6500 
 523              	.LASF23:
 524 0164 70726F67 		.ascii	"program_WORKER\000"
 524      72616D5F 
 524      574F524B 
 524      455200
 525              	.LASF2:
 526 0173 73686F72 		.ascii	"short int\000"
 526      7420696E 
 526      7400
 527              	.LASF22:
 528 017d 75696E74 		.ascii	"uint16\000"
 528      313600
 529              	.LASF8:
 530 0184 756E7369 		.ascii	"unsigned int\000"
 530      676E6564 
 530      20696E74 
 530      00
 531              	.LASF13:
 532 0191 73697A65 		.ascii	"sizetype\000"
 532      74797065 
 532      00
 533              	.LASF21:
 534 019a 433A5C50 		.ascii	"C:\\PSoC\\Psoc\\lab_6\\Workspace01\\Design01.cydsn\000"
 534      536F435C 
 534      50736F63 
 534      5C6C6162 
 534      5F365C57 
 535              		.ident	"GCC: (GNU Tools for ARM Embedded Processors) 5.4.1 20160609 (release) [ARM/embedded-5-bran
