ARM GAS  C:\Users\ribot\AppData\Local\Temp\ccORJEkm.s 			page 1


   1              		.syntax unified
   2              		.cpu cortex-m0
   3              		.fpu softvfp
   4              		.eabi_attribute 20, 1
   5              		.eabi_attribute 21, 1
   6              		.eabi_attribute 23, 3
   7              		.eabi_attribute 24, 1
   8              		.eabi_attribute 25, 1
   9              		.eabi_attribute 26, 1
  10              		.eabi_attribute 30, 1
  11              		.eabi_attribute 34, 0
  12              		.eabi_attribute 18, 4
  13              		.thumb
  14              		.syntax unified
  15              		.file	"main.c"
  16              		.text
  17              	.Ltext0:
  18              		.cfi_sections	.debug_frame
  19              		.section	.text.Error_Return,"ax",%progbits
  20              		.align	2
  21              		.global	Error_Return
  22              		.code	16
  23              		.thumb_func
  24              		.type	Error_Return, %function
  25              	Error_Return:
  26              	.LFB32:
  27              		.file 1 "main.c"
   1:main.c        **** #include "project.h"
   2:main.c        **** /* Number of channnels */
   3:main.c        **** #define NUMBER_OF_CHANNELS (4)
   4:main.c        **** /* The argument of the Pin_Write API to turn on the LED */
   5:main.c        **** #define LED_ON_VALUE (0)
   6:main.c        **** /* The argument of the Pin_Write API to turn off the LED */
   7:main.c        **** #define LED_OFF_VALUE (1)
   8:main.c        **** /* Size of UART buffer */
   9:main.c        **** #define UART_BUFFER_SIZE (9)
  10:main.c        **** /* UART buffer indeces */
  11:main.c        **** #define UART_BUFFER_A_IDX (0)
  12:main.c        **** #define UART_BUFFER_T_IDX (1)
  13:main.c        **** #define UART_BUFFER_PLUS_IDX (2) // PLUS - Symbol "+"
  14:main.c        **** #define UART_BUFFER_C_IDX (3)
  15:main.c        **** #define UART_BUFFER_CHANNEL_IDX (4)
  16:main.c        **** #define UART_BUFFER_EQUALS_IDX (5) // EQUALS - Symbol "="
  17:main.c        **** #define UART_BUFFER_D_VALUE_IDX (6)
  18:main.c        **** #define UART_BUFFER_H_VALUE_IDX (7)
  19:main.c        **** #define UART_BUFFER_L_VALUE_IDX (8)
  20:main.c        **** /* ASCII offset for digits. ASCII code of 0 in ASCII table. */
  21:main.c        **** #define ASCII_OFFSET_FOR_DIGITS (48)
  22:main.c        **** /* Channel Descriptor Type */
  23:main.c        **** typedef struct
  24:main.c        **** {
  25:main.c        ****  uint8 Current_D; /* Counter of state D duration */
  26:main.c        ****  uint8 Current_H; /* Counter of state H duration */
  27:main.c        ****  uint8 Current_L; /* Counter of state L duration */
  28:main.c        ****  uint8 Max_D; /* Maximum state D duration */
  29:main.c        ****  uint8 Max_H; /* Maximum state H duration */
  30:main.c        ****  uint8 Max_L; /* Maximum state L duration */
ARM GAS  C:\Users\ribot\AppData\Local\Temp\ccORJEkm.s 			page 2


  31:main.c        ****  void (*PinControlFunction)(uint8); /* Pointer to pin control function */
  32:main.c        **** } ChannelDescriptorType;
  33:main.c        **** 
  34:main.c        **** /* Channels descriptors array with size of channels number */
  35:main.c        **** ChannelDescriptorType ChannelDescriptorsArray[NUMBER_OF_CHANNELS];
  36:main.c        **** /* Buffer to store data from UART */
  37:main.c        **** char UartBuffer[UART_BUFFER_SIZE];
  38:main.c        **** /* Index to the current UART buffer element */
  39:main.c        **** uint8 UartBufferIdx;
  40:main.c        **** 
  41:main.c        **** /* This function notifies the user that an incorrect AT-command has been entered */
  42:main.c        **** void Error_Return(void)
  43:main.c        **** {
  28              		.loc 1 43 0
  29              		.cfi_startproc
  30              		@ args = 0, pretend = 0, frame = 0
  31              		@ frame_needed = 0, uses_anonymous_args = 0
  32 0000 10B5     		push	{r4, lr}
  33              		.cfi_def_cfa_offset 8
  34              		.cfi_offset 4, -8
  35              		.cfi_offset 14, -4
  44:main.c        ****     UART_1_UartPutChar('\n');
  36              		.loc 1 44 0
  37 0002 0A20     		movs	r0, #10
  38 0004 FFF7FEFF 		bl	UART_1_SpiUartWriteTxData
  39              	.LVL0:
  45:main.c        ****     UART_1_UartPutChar('\r');
  40              		.loc 1 45 0
  41 0008 0D20     		movs	r0, #13
  42 000a FFF7FEFF 		bl	UART_1_SpiUartWriteTxData
  43              	.LVL1:
  46:main.c        ****     UART_1_UartPutChar(' ');
  44              		.loc 1 46 0
  45 000e 2020     		movs	r0, #32
  46 0010 FFF7FEFF 		bl	UART_1_SpiUartWriteTxData
  47              	.LVL2:
  47:main.c        ****     UART_1_UartPutChar('E');
  48              		.loc 1 47 0
  49 0014 4520     		movs	r0, #69
  50 0016 FFF7FEFF 		bl	UART_1_SpiUartWriteTxData
  51              	.LVL3:
  48:main.c        ****     UART_1_UartPutChar('r');
  52              		.loc 1 48 0
  53 001a 7220     		movs	r0, #114
  54 001c FFF7FEFF 		bl	UART_1_SpiUartWriteTxData
  55              	.LVL4:
  49:main.c        ****     UART_1_UartPutChar('r');
  56              		.loc 1 49 0
  57 0020 7220     		movs	r0, #114
  58 0022 FFF7FEFF 		bl	UART_1_SpiUartWriteTxData
  59              	.LVL5:
  50:main.c        ****     UART_1_UartPutChar('o');
  60              		.loc 1 50 0
  61 0026 6F20     		movs	r0, #111
  62 0028 FFF7FEFF 		bl	UART_1_SpiUartWriteTxData
  63              	.LVL6:
  51:main.c        ****     UART_1_UartPutChar('r');
ARM GAS  C:\Users\ribot\AppData\Local\Temp\ccORJEkm.s 			page 3


  64              		.loc 1 51 0
  65 002c 7220     		movs	r0, #114
  66 002e FFF7FEFF 		bl	UART_1_SpiUartWriteTxData
  67              	.LVL7:
  52:main.c        ****     UART_1_UartPutChar(' ');
  68              		.loc 1 52 0
  69 0032 2020     		movs	r0, #32
  70 0034 FFF7FEFF 		bl	UART_1_SpiUartWriteTxData
  71              	.LVL8:
  53:main.c        ****     UART_1_UartPutChar('\n');
  72              		.loc 1 53 0
  73 0038 0A20     		movs	r0, #10
  74 003a FFF7FEFF 		bl	UART_1_SpiUartWriteTxData
  75              	.LVL9:
  54:main.c        ****     UART_1_UartPutChar('\r');
  76              		.loc 1 54 0
  77 003e 0D20     		movs	r0, #13
  78 0040 FFF7FEFF 		bl	UART_1_SpiUartWriteTxData
  79              	.LVL10:
  55:main.c        **** }
  80              		.loc 1 55 0
  81              		@ sp needed
  82 0044 10BD     		pop	{r4, pc}
  83              		.cfi_endproc
  84              	.LFE32:
  85              		.size	Error_Return, .-Error_Return
  86 0046 C046     		.section	.text.ChannelController,"ax",%progbits
  87              		.align	2
  88              		.global	ChannelController
  89              		.code	16
  90              		.thumb_func
  91              		.type	ChannelController, %function
  92              	ChannelController:
  93              	.LFB33:
  56:main.c        **** 
  57:main.c        **** /**************************************************************************
  58:main.c        ****  This function perfoms channel control.
  59:main.c        ****  It decrements counters D, H or L and toggles pin state when required.
  60:main.c        **** **************************************************************************/
  61:main.c        **** void ChannelController(uint8 Channel_Number)
  62:main.c        **** {
  94              		.loc 1 62 0
  95              		.cfi_startproc
  96              		@ args = 0, pretend = 0, frame = 0
  97              		@ frame_needed = 0, uses_anonymous_args = 0
  98              	.LVL11:
  99 0000 70B5     		push	{r4, r5, r6, lr}
 100              		.cfi_def_cfa_offset 16
 101              		.cfi_offset 4, -16
 102              		.cfi_offset 5, -12
 103              		.cfi_offset 6, -8
 104              		.cfi_offset 14, -4
  63:main.c        ****     if(ChannelDescriptorsArray[Channel_Number].Current_D > 0)
 105              		.loc 1 63 0
 106 0002 4300     		lsls	r3, r0, #1
 107 0004 1B18     		adds	r3, r3, r0
 108 0006 9A00     		lsls	r2, r3, #2
ARM GAS  C:\Users\ribot\AppData\Local\Temp\ccORJEkm.s 			page 4


 109 0008 254B     		ldr	r3, .L7
 110 000a D15C     		ldrb	r1, [r2, r3]
 111 000c 0029     		cmp	r1, #0
 112 000e 0AD0     		beq	.L3
  64:main.c        ****     {
  65:main.c        ****         ChannelDescriptorsArray[Channel_Number].Current_D--;
 113              		.loc 1 65 0
 114 0010 1A00     		movs	r2, r3
 115 0012 4300     		lsls	r3, r0, #1
 116 0014 1D18     		adds	r5, r3, r0
 117 0016 AC00     		lsls	r4, r5, #2
 118 0018 0139     		subs	r1, r1, #1
 119 001a A154     		strb	r1, [r4, r2]
  66:main.c        ****         ChannelDescriptorsArray[Channel_Number].PinControlFunction(LED_OFF_VALUE);
 120              		.loc 1 66 0
 121 001c 1319     		adds	r3, r2, r4
 122 001e 9B68     		ldr	r3, [r3, #8]
 123 0020 0120     		movs	r0, #1
 124              	.LVL12:
 125 0022 9847     		blx	r3
 126              	.LVL13:
  67:main.c        ****         return;
 127              		.loc 1 67 0
 128 0024 3AE0     		b	.L2
 129              	.LVL14:
 130              	.L3:
  68:main.c        ****     }
  69:main.c        ****     if(ChannelDescriptorsArray[Channel_Number].Current_H > 0)
 131              		.loc 1 69 0
 132 0026 4200     		lsls	r2, r0, #1
 133 0028 1218     		adds	r2, r2, r0
 134 002a 9300     		lsls	r3, r2, #2
 135 002c 1C4A     		ldr	r2, .L7
 136 002e D318     		adds	r3, r2, r3
 137 0030 5C78     		ldrb	r4, [r3, #1]
 138 0032 002C     		cmp	r4, #0
 139 0034 0AD0     		beq	.L5
  70:main.c        ****     {
  71:main.c        ****         ChannelDescriptorsArray[Channel_Number].Current_H--;
 140              		.loc 1 71 0
 141 0036 1100     		movs	r1, r2
 142 0038 4300     		lsls	r3, r0, #1
 143 003a 1D18     		adds	r5, r3, r0
 144 003c AA00     		lsls	r2, r5, #2
 145 003e 8A18     		adds	r2, r1, r2
 146 0040 013C     		subs	r4, r4, #1
 147 0042 5470     		strb	r4, [r2, #1]
  72:main.c        ****         ChannelDescriptorsArray[Channel_Number].PinControlFunction(LED_ON_VALUE);
 148              		.loc 1 72 0
 149 0044 9368     		ldr	r3, [r2, #8]
 150 0046 0020     		movs	r0, #0
 151              	.LVL15:
 152 0048 9847     		blx	r3
 153              	.LVL16:
  73:main.c        ****         return;
 154              		.loc 1 73 0
 155 004a 27E0     		b	.L2
ARM GAS  C:\Users\ribot\AppData\Local\Temp\ccORJEkm.s 			page 5


 156              	.LVL17:
 157              	.L5:
  74:main.c        ****     }
  75:main.c        ****     if(ChannelDescriptorsArray[Channel_Number].Current_L > 0)
 158              		.loc 1 75 0
 159 004c 4200     		lsls	r2, r0, #1
 160 004e 1218     		adds	r2, r2, r0
 161 0050 9300     		lsls	r3, r2, #2
 162 0052 134A     		ldr	r2, .L7
 163 0054 D318     		adds	r3, r2, r3
 164 0056 9B78     		ldrb	r3, [r3, #2]
 165 0058 002B     		cmp	r3, #0
 166 005a 0AD0     		beq	.L6
  76:main.c        ****     {
  77:main.c        ****         ChannelDescriptorsArray[Channel_Number].Current_L--;
 167              		.loc 1 77 0
 168 005c 1400     		movs	r4, r2
 169 005e 4200     		lsls	r2, r0, #1
 170 0060 1518     		adds	r5, r2, r0
 171 0062 A900     		lsls	r1, r5, #2
 172 0064 6118     		adds	r1, r4, r1
 173 0066 013B     		subs	r3, r3, #1
 174 0068 8B70     		strb	r3, [r1, #2]
  78:main.c        ****         ChannelDescriptorsArray[Channel_Number].PinControlFunction(LED_OFF_VALUE);
 175              		.loc 1 78 0
 176 006a 8B68     		ldr	r3, [r1, #8]
 177 006c 0120     		movs	r0, #1
 178              	.LVL18:
 179 006e 9847     		blx	r3
 180              	.LVL19:
  79:main.c        ****         return;
 181              		.loc 1 79 0
 182 0070 14E0     		b	.L2
 183              	.LVL20:
 184              	.L6:
  80:main.c        ****     }
  81:main.c        ****     
  82:main.c        ****     if (     ChannelDescriptorsArray[Channel_Number].Current_D == 0 && 
 185              		.loc 1 82 0
 186 0072 0029     		cmp	r1, #0
 187 0074 12D1     		bne	.L2
 188              		.loc 1 82 0 is_stmt 0 discriminator 1
 189 0076 002C     		cmp	r4, #0
 190 0078 10D1     		bne	.L2
  83:main.c        ****              ChannelDescriptorsArray[Channel_Number].Current_H == 0 && 
 191              		.loc 1 83 0 is_stmt 1
 192 007a 002B     		cmp	r3, #0
 193 007c 0ED1     		bne	.L2
  84:main.c        ****              ChannelDescriptorsArray[Channel_Number].Current_L == 0)
  85:main.c        ****     {
  86:main.c        ****     ChannelDescriptorsArray[Channel_Number].Current_D = 
  87:main.c        ****     ChannelDescriptorsArray[Channel_Number].Max_D;
 194              		.loc 1 87 0
 195 007e 084A     		ldr	r2, .L7
 196 0080 4100     		lsls	r1, r0, #1
 197 0082 0C18     		adds	r4, r1, r0
 198 0084 A300     		lsls	r3, r4, #2
ARM GAS  C:\Users\ribot\AppData\Local\Temp\ccORJEkm.s 			page 6


 199 0086 D318     		adds	r3, r2, r3
 200 0088 DE78     		ldrb	r6, [r3, #3]
  86:main.c        ****     ChannelDescriptorsArray[Channel_Number].Max_D;
 201              		.loc 1 86 0
 202 008a 2500     		movs	r5, r4
 203 008c A400     		lsls	r4, r4, #2
 204 008e A654     		strb	r6, [r4, r2]
  88:main.c        ****     
  89:main.c        ****     ChannelDescriptorsArray[Channel_Number].Current_H = 
  90:main.c        ****     ChannelDescriptorsArray[Channel_Number].Max_H;
 205              		.loc 1 90 0
 206 0090 1C79     		ldrb	r4, [r3, #4]
  89:main.c        ****     ChannelDescriptorsArray[Channel_Number].Max_H;
 207              		.loc 1 89 0
 208 0092 5C70     		strb	r4, [r3, #1]
  91:main.c        ****     
  92:main.c        ****     ChannelDescriptorsArray[Channel_Number].Current_L = 
  93:main.c        ****     ChannelDescriptorsArray[Channel_Number].Max_L;
 209              		.loc 1 93 0
 210 0094 5C79     		ldrb	r4, [r3, #5]
  92:main.c        ****     ChannelDescriptorsArray[Channel_Number].Max_L;
 211              		.loc 1 92 0
 212 0096 AB00     		lsls	r3, r5, #2
 213 0098 D318     		adds	r3, r2, r3
 214 009a 9C70     		strb	r4, [r3, #2]
 215              	.LVL21:
 216              	.L2:
  94:main.c        **** 
  95:main.c        ****     return;
  96:main.c        ****     }
  97:main.c        **** }
 217              		.loc 1 97 0
 218              		@ sp needed
 219 009c 70BD     		pop	{r4, r5, r6, pc}
 220              	.L8:
 221 009e C046     		.align	2
 222              	.L7:
 223 00a0 00000000 		.word	ChannelDescriptorsArray
 224              		.cfi_endproc
 225              	.LFE33:
 226              		.size	ChannelController, .-ChannelController
 227              		.section	.text.TimeSlotInterrupt,"ax",%progbits
 228              		.align	2
 229              		.global	TimeSlotInterrupt
 230              		.code	16
 231              		.thumb_func
 232              		.type	TimeSlotInterrupt, %function
 233              	TimeSlotInterrupt:
 234              	.LFB34:
  98:main.c        **** /**************************************************************************
  99:main.c        ****  Interrupt Handler called every 500ms
 100:main.c        **** **************************************************************************/
 101:main.c        **** CY_ISR(TimeSlotInterrupt)
 102:main.c        **** {
 235              		.loc 1 102 0
 236              		.cfi_startproc
 237              		@ args = 0, pretend = 0, frame = 0
ARM GAS  C:\Users\ribot\AppData\Local\Temp\ccORJEkm.s 			page 7


 238              		@ frame_needed = 0, uses_anonymous_args = 0
 239 0000 10B5     		push	{r4, lr}
 240              		.cfi_def_cfa_offset 8
 241              		.cfi_offset 4, -8
 242              		.cfi_offset 14, -4
 243              	.LVL22:
 103:main.c        ****  uint8 CurrentChannelNumber;
 104:main.c        ****  /* Call Channel controller function for each of channel */
 105:main.c        ****  for (CurrentChannelNumber = 0;
 244              		.loc 1 105 0
 245 0002 0024     		movs	r4, #0
 246 0004 04E0     		b	.L10
 247              	.LVL23:
 248              	.L11:
 106:main.c        ****  CurrentChannelNumber < NUMBER_OF_CHANNELS;
 107:main.c        ****  CurrentChannelNumber++)
 108:main.c        ****  {
 109:main.c        ****     ChannelController(CurrentChannelNumber);
 249              		.loc 1 109 0
 250 0006 2000     		movs	r0, r4
 251 0008 FFF7FEFF 		bl	ChannelController
 252              	.LVL24:
 107:main.c        ****  {
 253              		.loc 1 107 0
 254 000c 0134     		adds	r4, r4, #1
 255              	.LVL25:
 256 000e E4B2     		uxtb	r4, r4
 257              	.LVL26:
 258              	.L10:
 105:main.c        ****  CurrentChannelNumber < NUMBER_OF_CHANNELS;
 259              		.loc 1 105 0 discriminator 1
 260 0010 032C     		cmp	r4, #3
 261 0012 F8D9     		bls	.L11
 110:main.c        ****  }
 111:main.c        **** }
 262              		.loc 1 111 0
 263              		@ sp needed
 264              	.LVL27:
 265 0014 10BD     		pop	{r4, pc}
 266              		.cfi_endproc
 267              	.LFE34:
 268              		.size	TimeSlotInterrupt, .-TimeSlotInterrupt
 269 0016 C046     		.section	.text.UpdateChannelDescriptor,"ax",%progbits
 270              		.align	2
 271              		.global	UpdateChannelDescriptor
 272              		.code	16
 273              		.thumb_func
 274              		.type	UpdateChannelDescriptor, %function
 275              	UpdateChannelDescriptor:
 276              	.LFB35:
 112:main.c        **** /**************************************************************************
 113:main.c        ****  This function to update channel descriptors and pin state.
 114:main.c        ****  Counters D, H and L of all other channels are reset to the initial state
 115:main.c        ****  to start all channels synchronously.
 116:main.c        ****  Parameters:
 117:main.c        ****  ChannelNumber - channel to be updated;
 118:main.c        ****  D - new value of delay D;
ARM GAS  C:\Users\ribot\AppData\Local\Temp\ccORJEkm.s 			page 8


 119:main.c        ****  H - new value of pulse duration H;
 120:main.c        ****  L - new value of pause duration L;
 121:main.c        **** **************************************************************************/
 122:main.c        **** void UpdateChannelDescriptor(uint8 ChannelNumber, uint8 D, uint8 H, uint8 L)
 123:main.c        **** {
 277              		.loc 1 123 0
 278              		.cfi_startproc
 279              		@ args = 0, pretend = 0, frame = 0
 280              		@ frame_needed = 0, uses_anonymous_args = 0
 281              	.LVL28:
 282 0000 F8B5     		push	{r3, r4, r5, r6, r7, lr}
 283              		.cfi_def_cfa_offset 24
 284              		.cfi_offset 3, -24
 285              		.cfi_offset 4, -20
 286              		.cfi_offset 5, -16
 287              		.cfi_offset 6, -12
 288              		.cfi_offset 7, -8
 289              		.cfi_offset 14, -4
 124:main.c        ****  uint8 ChannelIdx;
 125:main.c        ****  
 126:main.c        ****  /* Enter critical section to avoid interrupts during channel descriptors update */
 127:main.c        ****  CyGlobalIntDisable; /* Disable global interrupts. */
 290              		.loc 1 127 0
 291              		.syntax divided
 292              	@ 127 "main.c" 1
 293 0002 72B6     		CPSID   i
 294              	@ 0 "" 2
 128:main.c        ****  /* Update channel descriptor values from the data received from UART */
 129:main.c        ****  ChannelDescriptorsArray[ChannelNumber].Max_D = D;
 295              		.loc 1 129 0
 296              		.thumb
 297              		.syntax unified
 298 0004 104D     		ldr	r5, .L15
 299 0006 4600     		lsls	r6, r0, #1
 300 0008 3718     		adds	r7, r6, r0
 301 000a BC00     		lsls	r4, r7, #2
 302 000c 2C19     		adds	r4, r5, r4
 303 000e E170     		strb	r1, [r4, #3]
 130:main.c        ****  ChannelDescriptorsArray[ChannelNumber].Max_H = H; 
 304              		.loc 1 130 0
 305 0010 2271     		strb	r2, [r4, #4]
 131:main.c        ****  ChannelDescriptorsArray[ChannelNumber].Max_L = L; 
 306              		.loc 1 131 0
 307 0012 6371     		strb	r3, [r4, #5]
 308              	.LVL29:
 132:main.c        ****  
 133:main.c        ****  /* Reload counters in all channels to synchronize all channels. */
 134:main.c        ****  for (ChannelIdx = 0; ChannelIdx < NUMBER_OF_CHANNELS; ChannelIdx++)
 309              		.loc 1 134 0
 310 0014 0024     		movs	r4, #0
 311 0016 13E0     		b	.L13
 312              	.LVL30:
 313              	.L14:
 135:main.c        ****  {
 136:main.c        ****  ChannelDescriptorsArray[ChannelIdx].Current_D = ChannelDescriptorsArray[ChannelIdx].Max_D;
 314              		.loc 1 136 0 discriminator 3
 315 0018 0B49     		ldr	r1, .L15
ARM GAS  C:\Users\ribot\AppData\Local\Temp\ccORJEkm.s 			page 9


 316 001a 6200     		lsls	r2, r4, #1
 317 001c 1019     		adds	r0, r2, r4
 318 001e 8300     		lsls	r3, r0, #2
 319 0020 CB18     		adds	r3, r1, r3
 320 0022 DE78     		ldrb	r6, [r3, #3]
 321 0024 0500     		movs	r5, r0
 322 0026 8000     		lsls	r0, r0, #2
 323 0028 4654     		strb	r6, [r0, r1]
 137:main.c        ****  ChannelDescriptorsArray[ChannelIdx].Current_H = ChannelDescriptorsArray[ChannelIdx].Max_H;
 324              		.loc 1 137 0 discriminator 3
 325 002a 1879     		ldrb	r0, [r3, #4]
 326 002c 5870     		strb	r0, [r3, #1]
 138:main.c        ****  ChannelDescriptorsArray[ChannelIdx].Current_L = ChannelDescriptorsArray[ChannelIdx].Max_L;
 327              		.loc 1 138 0 discriminator 3
 328 002e 5879     		ldrb	r0, [r3, #5]
 329 0030 9870     		strb	r0, [r3, #2]
 139:main.c        ****  /* Reset output pin corresponding to this channel */
 140:main.c        ****  ChannelDescriptorsArray[ChannelIdx].PinControlFunction(LED_OFF_VALUE);
 330              		.loc 1 140 0 discriminator 3
 331 0032 AB00     		lsls	r3, r5, #2
 332 0034 CB18     		adds	r3, r1, r3
 333 0036 9B68     		ldr	r3, [r3, #8]
 334 0038 0120     		movs	r0, #1
 335 003a 9847     		blx	r3
 336              	.LVL31:
 134:main.c        ****  {
 337              		.loc 1 134 0 discriminator 3
 338 003c 0134     		adds	r4, r4, #1
 339              	.LVL32:
 340 003e E4B2     		uxtb	r4, r4
 341              	.LVL33:
 342              	.L13:
 134:main.c        ****  {
 343              		.loc 1 134 0 is_stmt 0 discriminator 1
 344 0040 032C     		cmp	r4, #3
 345 0042 E9D9     		bls	.L14
 141:main.c        ****  }
 142:main.c        ****  /* Exit critical section */
 143:main.c        ****  CyGlobalIntEnable; /* Enable global interrupts. */
 346              		.loc 1 143 0 is_stmt 1
 347              		.syntax divided
 348              	@ 143 "main.c" 1
 349 0044 62B6     		CPSIE   i
 350              	@ 0 "" 2
 144:main.c        **** }
 351              		.loc 1 144 0
 352              		.thumb
 353              		.syntax unified
 354              		@ sp needed
 355              	.LVL34:
 356 0046 F8BD     		pop	{r3, r4, r5, r6, r7, pc}
 357              	.L16:
 358              		.align	2
 359              	.L15:
 360 0048 00000000 		.word	ChannelDescriptorsArray
 361              		.cfi_endproc
 362              	.LFE35:
ARM GAS  C:\Users\ribot\AppData\Local\Temp\ccORJEkm.s 			page 10


 363              		.size	UpdateChannelDescriptor, .-UpdateChannelDescriptor
 364              		.section	.text.UartBufferParser,"ax",%progbits
 365              		.align	2
 366              		.global	UartBufferParser
 367              		.code	16
 368              		.thumb_func
 369              		.type	UartBufferParser, %function
 370              	UartBufferParser:
 371              	.LFB36:
 145:main.c        **** /**************************************************************************
 146:main.c        ****  This function parses the UART buffer and update counters D, H and L
 147:main.c        **** **************************************************************************/
 148:main.c        **** void UartBufferParser(void)
 149:main.c        **** {
 372              		.loc 1 149 0
 373              		.cfi_startproc
 374              		@ args = 0, pretend = 0, frame = 0
 375              		@ frame_needed = 0, uses_anonymous_args = 0
 376 0000 10B5     		push	{r4, lr}
 377              		.cfi_def_cfa_offset 8
 378              		.cfi_offset 4, -8
 379              		.cfi_offset 14, -4
 150:main.c        ****  uint8 ChannelNumber;
 151:main.c        ****  uint8 ValueD, ValueH, ValueL;
 152:main.c        ****  
 153:main.c        ****  ValueD = UartBuffer[UART_BUFFER_D_VALUE_IDX] - ASCII_OFFSET_FOR_DIGITS;
 380              		.loc 1 153 0
 381 0002 1E4C     		ldr	r4, .L25
 382 0004 A179     		ldrb	r1, [r4, #6]
 383 0006 3039     		subs	r1, r1, #48
 384 0008 C9B2     		uxtb	r1, r1
 385              	.LVL35:
 154:main.c        ****  ValueH = UartBuffer[UART_BUFFER_H_VALUE_IDX] - ASCII_OFFSET_FOR_DIGITS;
 386              		.loc 1 154 0
 387 000a E279     		ldrb	r2, [r4, #7]
 388 000c 303A     		subs	r2, r2, #48
 389 000e D2B2     		uxtb	r2, r2
 390              	.LVL36:
 155:main.c        ****  ValueL = UartBuffer[UART_BUFFER_L_VALUE_IDX] - ASCII_OFFSET_FOR_DIGITS;   
 391              		.loc 1 155 0
 392 0010 237A     		ldrb	r3, [r4, #8]
 393 0012 303B     		subs	r3, r3, #48
 394 0014 DBB2     		uxtb	r3, r3
 395              	.LVL37:
 156:main.c        ****  ChannelNumber = UartBuffer[UART_BUFFER_CHANNEL_IDX] - ASCII_OFFSET_FOR_DIGITS;
 396              		.loc 1 156 0
 397 0016 2079     		ldrb	r0, [r4, #4]
 398 0018 3038     		subs	r0, r0, #48
 399 001a C0B2     		uxtb	r0, r0
 400              	.LVL38:
 157:main.c        **** 
 158:main.c        ****  if ('A' != UartBuffer[UART_BUFFER_A_IDX])
 401              		.loc 1 158 0
 402 001c 2478     		ldrb	r4, [r4]
 403 001e 412C     		cmp	r4, #65
 404 0020 02D0     		beq	.L18
 159:main.c        ****     {
ARM GAS  C:\Users\ribot\AppData\Local\Temp\ccORJEkm.s 			page 11


 160:main.c        ****         /* UART buffer content does not match to the expected value "A". Return. */
 161:main.c        ****         Error_Return();
 405              		.loc 1 161 0
 406 0022 FFF7FEFF 		bl	Error_Return
 407              	.LVL39:
 162:main.c        ****         return;
 408              		.loc 1 162 0
 409 0026 28E0     		b	.L17
 410              	.LVL40:
 411              	.L18:
 163:main.c        ****     }
 164:main.c        ****  if ('T' != UartBuffer[UART_BUFFER_T_IDX])
 412              		.loc 1 164 0
 413 0028 144C     		ldr	r4, .L25
 414 002a 6478     		ldrb	r4, [r4, #1]
 415 002c 542C     		cmp	r4, #84
 416 002e 02D0     		beq	.L20
 165:main.c        ****     {
 166:main.c        ****         Error_Return();
 417              		.loc 1 166 0
 418 0030 FFF7FEFF 		bl	Error_Return
 419              	.LVL41:
 167:main.c        ****         return;
 420              		.loc 1 167 0
 421 0034 21E0     		b	.L17
 422              	.LVL42:
 423              	.L20:
 168:main.c        ****     }
 169:main.c        ****  if ('+' != UartBuffer[UART_BUFFER_PLUS_IDX])
 424              		.loc 1 169 0
 425 0036 114C     		ldr	r4, .L25
 426 0038 A478     		ldrb	r4, [r4, #2]
 427 003a 2B2C     		cmp	r4, #43
 428 003c 02D0     		beq	.L21
 170:main.c        ****     {
 171:main.c        ****         Error_Return();
 429              		.loc 1 171 0
 430 003e FFF7FEFF 		bl	Error_Return
 431              	.LVL43:
 172:main.c        ****         return;
 432              		.loc 1 172 0
 433 0042 1AE0     		b	.L17
 434              	.LVL44:
 435              	.L21:
 173:main.c        ****     }
 174:main.c        ****  if ('C' != UartBuffer[UART_BUFFER_C_IDX])
 436              		.loc 1 174 0
 437 0044 0D4C     		ldr	r4, .L25
 438 0046 E478     		ldrb	r4, [r4, #3]
 439 0048 432C     		cmp	r4, #67
 440 004a 02D0     		beq	.L22
 175:main.c        ****     {
 176:main.c        ****         Error_Return();
 441              		.loc 1 176 0
 442 004c FFF7FEFF 		bl	Error_Return
 443              	.LVL45:
 177:main.c        ****         return;
ARM GAS  C:\Users\ribot\AppData\Local\Temp\ccORJEkm.s 			page 12


 444              		.loc 1 177 0
 445 0050 13E0     		b	.L17
 446              	.LVL46:
 447              	.L22:
 178:main.c        ****     }
 179:main.c        ****  if ('=' != UartBuffer[UART_BUFFER_EQUALS_IDX])
 448              		.loc 1 179 0
 449 0052 0A4C     		ldr	r4, .L25
 450 0054 6479     		ldrb	r4, [r4, #5]
 451 0056 3D2C     		cmp	r4, #61
 452 0058 02D0     		beq	.L23
 180:main.c        ****     {
 181:main.c        ****         Error_Return();
 453              		.loc 1 181 0
 454 005a FFF7FEFF 		bl	Error_Return
 455              	.LVL47:
 182:main.c        ****         return;
 456              		.loc 1 182 0
 457 005e 0CE0     		b	.L17
 458              	.LVL48:
 459              	.L23:
 183:main.c        ****     }
 184:main.c        ****     
 185:main.c        ****  if (ValueD >= 0 && ValueD <= 9 &&
 460              		.loc 1 185 0
 461 0060 0929     		cmp	r1, #9
 462 0062 08D8     		bhi	.L24
 186:main.c        ****      ValueH >= 0 && ValueH <= 9 &&
 463              		.loc 1 186 0
 464 0064 092A     		cmp	r2, #9
 465 0066 06D8     		bhi	.L24
 187:main.c        ****      ValueL >= 0 && ValueL <= 9 &&
 466              		.loc 1 187 0
 467 0068 092B     		cmp	r3, #9
 468 006a 04D8     		bhi	.L24
 188:main.c        ****      ChannelNumber >= 0 && ChannelNumber < NUMBER_OF_CHANNELS)
 469              		.loc 1 188 0
 470 006c 0328     		cmp	r0, #3
 471 006e 02D8     		bhi	.L24
 189:main.c        ****     {
 190:main.c        ****         /* Update channel descriptor with received values D, H and L */
 191:main.c        ****         UpdateChannelDescriptor(ChannelNumber, ValueD, ValueH, ValueL);
 472              		.loc 1 191 0
 473 0070 FFF7FEFF 		bl	UpdateChannelDescriptor
 474              	.LVL49:
 475 0074 01E0     		b	.L17
 476              	.LVL50:
 477              	.L24:
 192:main.c        ****     }
 193:main.c        ****  else
 194:main.c        ****     {
 195:main.c        ****         Error_Return();
 478              		.loc 1 195 0
 479 0076 FFF7FEFF 		bl	Error_Return
 480              	.LVL51:
 481              	.L17:
 196:main.c        ****     }
ARM GAS  C:\Users\ribot\AppData\Local\Temp\ccORJEkm.s 			page 13


 197:main.c        **** }
 482              		.loc 1 197 0
 483              		@ sp needed
 484 007a 10BD     		pop	{r4, pc}
 485              	.L26:
 486              		.align	2
 487              	.L25:
 488 007c 00000000 		.word	UartBuffer
 489              		.cfi_endproc
 490              	.LFE36:
 491              		.size	UartBufferParser, .-UartBufferParser
 492              		.section	.text.UartDataReader,"ax",%progbits
 493              		.align	2
 494              		.global	UartDataReader
 495              		.code	16
 496              		.thumb_func
 497              		.type	UartDataReader, %function
 498              	UartDataReader:
 499              	.LFB37:
 198:main.c        **** /**************************************************************************
 199:main.c        ****  This function to read bytes (characters) from UART, collect data to the
 200:main.c        ****  buffer and parse the buffer.
 201:main.c        **** **************************************************************************/
 202:main.c        **** void UartDataReader(void)
 203:main.c        **** {
 500              		.loc 1 203 0
 501              		.cfi_startproc
 502              		@ args = 0, pretend = 0, frame = 0
 503              		@ frame_needed = 0, uses_anonymous_args = 0
 504 0000 10B5     		push	{r4, lr}
 505              		.cfi_def_cfa_offset 8
 506              		.cfi_offset 4, -8
 507              		.cfi_offset 14, -4
 508              	.LVL52:
 204:main.c        ****  char CurrentCharacter = 0;
 205:main.c        ****  CurrentCharacter = UART_1_UartGetChar();
 509              		.loc 1 205 0
 510 0002 FFF7FEFF 		bl	UART_1_UartGetChar
 511              	.LVL53:
 512 0006 C4B2     		uxtb	r4, r0
 513              	.LVL54:
 206:main.c        ****  if (0 == CurrentCharacter)
 514              		.loc 1 206 0
 515 0008 002C     		cmp	r4, #0
 516 000a 16D0     		beq	.L27
 207:main.c        ****  {
 208:main.c        ****  /* If current character equal to zero it means that no data received
 209:main.c        **** from UART.
 210:main.c        ****  Retrun from the function. */
 211:main.c        ****  return;
 212:main.c        ****  }
 213:main.c        ****  
 214:main.c        ****  /* Send back received character to see it in the terminal */
 215:main.c        ****  UART_1_UartPutChar(CurrentCharacter);
 517              		.loc 1 215 0
 518 000c FF23     		movs	r3, #255
 519 000e 1840     		ands	r0, r3
ARM GAS  C:\Users\ribot\AppData\Local\Temp\ccORJEkm.s 			page 14


 520 0010 FFF7FEFF 		bl	UART_1_SpiUartWriteTxData
 521              	.LVL55:
 216:main.c        ****  
 217:main.c        ****  /* Check if received character is "A" (== indicator of packet begin) */
 218:main.c        ****  if ('A' == CurrentCharacter)
 522              		.loc 1 218 0
 523 0014 412C     		cmp	r4, #65
 524 0016 02D1     		bne	.L29
 219:main.c        ****  {
 220:main.c        ****  /* UART received character "A". Reset index to begin of the UART buffer
 221:main.c        **** */
 222:main.c        ****  UartBufferIdx = 0;
 525              		.loc 1 222 0
 526 0018 0022     		movs	r2, #0
 527 001a 084B     		ldr	r3, .L30
 528 001c 1A70     		strb	r2, [r3]
 529              	.L29:
 223:main.c        ****  }
 224:main.c        ****  /* Put received character to UART buffer and increment index. */
 225:main.c        ****  UartBuffer[UartBufferIdx] = CurrentCharacter;
 530              		.loc 1 225 0
 531 001e 074A     		ldr	r2, .L30
 532 0020 1378     		ldrb	r3, [r2]
 533 0022 0749     		ldr	r1, .L30+4
 534 0024 CC54     		strb	r4, [r1, r3]
 226:main.c        ****  UartBufferIdx++;
 535              		.loc 1 226 0
 536 0026 0133     		adds	r3, r3, #1
 537 0028 DBB2     		uxtb	r3, r3
 538 002a 1370     		strb	r3, [r2]
 227:main.c        ****  
 228:main.c        ****  /* Check if UART buffer is filled */
 229:main.c        ****  if (UART_BUFFER_SIZE == UartBufferIdx)
 539              		.loc 1 229 0
 540 002c 092B     		cmp	r3, #9
 541 002e 04D1     		bne	.L27
 230:main.c        ****  {
 231:main.c        ****  /* UART buffer is full. Start parse this buffer. */
 232:main.c        ****  UartBufferParser();
 542              		.loc 1 232 0
 543 0030 FFF7FEFF 		bl	UartBufferParser
 544              	.LVL56:
 233:main.c        ****  /* Reset index to begin of the UART buffer */
 234:main.c        ****  UartBufferIdx = 0;
 545              		.loc 1 234 0
 546 0034 0022     		movs	r2, #0
 547 0036 014B     		ldr	r3, .L30
 548 0038 1A70     		strb	r2, [r3]
 549              	.L27:
 235:main.c        ****  }
 236:main.c        **** }
 550              		.loc 1 236 0
 551              		@ sp needed
 552              	.LVL57:
 553 003a 10BD     		pop	{r4, pc}
 554              	.L31:
 555              		.align	2
ARM GAS  C:\Users\ribot\AppData\Local\Temp\ccORJEkm.s 			page 15


 556              	.L30:
 557 003c 00000000 		.word	UartBufferIdx
 558 0040 00000000 		.word	UartBuffer
 559              		.cfi_endproc
 560              	.LFE37:
 561              		.size	UartDataReader, .-UartDataReader
 562              		.section	.text.Init,"ax",%progbits
 563              		.align	2
 564              		.global	Init
 565              		.code	16
 566              		.thumb_func
 567              		.type	Init, %function
 568              	Init:
 569              	.LFB38:
 237:main.c        **** /**************************************************************************
 238:main.c        ****  This function performs generic initialization.
 239:main.c        **** **************************************************************************/
 240:main.c        **** void Init(void)
 241:main.c        **** {
 570              		.loc 1 241 0
 571              		.cfi_startproc
 572              		@ args = 0, pretend = 0, frame = 0
 573              		@ frame_needed = 0, uses_anonymous_args = 0
 574 0000 10B5     		push	{r4, lr}
 575              		.cfi_def_cfa_offset 8
 576              		.cfi_offset 4, -8
 577              		.cfi_offset 14, -4
 242:main.c        ****  /* Assign pin control functions to the channel descriptors. */
 243:main.c        ****  ChannelDescriptorsArray[0].PinControlFunction = Blue_Output_Write;
 578              		.loc 1 243 0
 579 0002 084B     		ldr	r3, .L33
 580 0004 084A     		ldr	r2, .L33+4
 581 0006 9A60     		str	r2, [r3, #8]
 244:main.c        ****  ChannelDescriptorsArray[1].PinControlFunction = Green_Output_Write;
 582              		.loc 1 244 0
 583 0008 0849     		ldr	r1, .L33+8
 584 000a 5961     		str	r1, [r3, #20]
 245:main.c        ****  ChannelDescriptorsArray[2].PinControlFunction = Red_Output_Write;
 585              		.loc 1 245 0
 586 000c 0849     		ldr	r1, .L33+12
 587 000e 1962     		str	r1, [r3, #32]
 246:main.c        ****  ChannelDescriptorsArray[3].PinControlFunction = Blue_Output_Write;
 588              		.loc 1 246 0
 589 0010 DA62     		str	r2, [r3, #44]
 247:main.c        ****  
 248:main.c        **** /* UART component start */
 249:main.c        ****  UART_1_Start();
 590              		.loc 1 249 0
 591 0012 FFF7FEFF 		bl	UART_1_Start
 592              	.LVL58:
 250:main.c        **** 
 251:main.c        ****  /* Start Interrupt component */
 252:main.c        ****  isr_1_StartEx(TimeSlotInterrupt);
 593              		.loc 1 252 0
 594 0016 0748     		ldr	r0, .L33+16
 595 0018 FFF7FEFF 		bl	isr_1_StartEx
 596              	.LVL59:
ARM GAS  C:\Users\ribot\AppData\Local\Temp\ccORJEkm.s 			page 16


 253:main.c        **** 
 254:main.c        ****  /* Start component Timer */
 255:main.c        ****  Timer_1_Start();
 597              		.loc 1 255 0
 598 001c FFF7FEFF 		bl	Timer_1_Start
 599              	.LVL60:
 256:main.c        **** }
 600              		.loc 1 256 0
 601              		@ sp needed
 602 0020 10BD     		pop	{r4, pc}
 603              	.L34:
 604 0022 C046     		.align	2
 605              	.L33:
 606 0024 00000000 		.word	ChannelDescriptorsArray
 607 0028 00000000 		.word	Blue_Output_Write
 608 002c 00000000 		.word	Green_Output_Write
 609 0030 00000000 		.word	Red_Output_Write
 610 0034 00000000 		.word	TimeSlotInterrupt
 611              		.cfi_endproc
 612              	.LFE38:
 613              		.size	Init, .-Init
 614              		.section	.text.main,"ax",%progbits
 615              		.align	2
 616              		.global	main
 617              		.code	16
 618              		.thumb_func
 619              		.type	main, %function
 620              	main:
 621              	.LFB39:
 257:main.c        **** /**************************************************************************
 258:main.c        ****  Main function
 259:main.c        **** **************************************************************************/
 260:main.c        **** int main(void)
 261:main.c        **** {
 622              		.loc 1 261 0
 623              		.cfi_startproc
 624              		@ Volatile: function does not return.
 625              		@ args = 0, pretend = 0, frame = 0
 626              		@ frame_needed = 0, uses_anonymous_args = 0
 627 0000 10B5     		push	{r4, lr}
 628              		.cfi_def_cfa_offset 8
 629              		.cfi_offset 4, -8
 630              		.cfi_offset 14, -4
 262:main.c        ****  CyGlobalIntEnable; /* Enable global interrupts. */
 631              		.loc 1 262 0
 632              		.syntax divided
 633              	@ 262 "main.c" 1
 634 0002 62B6     		CPSIE   i
 635              	@ 0 "" 2
 263:main.c        ****  Red_Output_Write(1);
 636              		.loc 1 263 0
 637              		.thumb
 638              		.syntax unified
 639 0004 0120     		movs	r0, #1
 640 0006 FFF7FEFF 		bl	Red_Output_Write
 641              	.LVL61:
 264:main.c        ****  Blue_Output_Write(1);
ARM GAS  C:\Users\ribot\AppData\Local\Temp\ccORJEkm.s 			page 17


 642              		.loc 1 264 0
 643 000a 0120     		movs	r0, #1
 644 000c FFF7FEFF 		bl	Blue_Output_Write
 645              	.LVL62:
 265:main.c        ****  Green_Output_Write(1);
 646              		.loc 1 265 0
 647 0010 0120     		movs	r0, #1
 648 0012 FFF7FEFF 		bl	Green_Output_Write
 649              	.LVL63:
 266:main.c        ****  /* Perform generic initialization */
 267:main.c        ****  Init(); 
 650              		.loc 1 267 0
 651 0016 FFF7FEFF 		bl	Init
 652              	.LVL64:
 653              	.L36:
 268:main.c        ****  /* Infinite loop */
 269:main.c        ****  for(;;)
 270:main.c        ****  {
 271:main.c        ****     UartDataReader();
 654              		.loc 1 271 0 discriminator 1
 655 001a FFF7FEFF 		bl	UartDataReader
 656              	.LVL65:
 657 001e FCE7     		b	.L36
 658              		.cfi_endproc
 659              	.LFE39:
 660              		.size	main, .-main
 661              		.comm	UartBufferIdx,1,1
 662              		.comm	UartBuffer,9,4
 663              		.comm	ChannelDescriptorsArray,48,4
 664              		.text
 665              	.Letext0:
 666              		.file 2 "Generated_Source\\PSoC4/cytypes.h"
 667              		.file 3 "Generated_Source\\PSoC4/UART_1_SPI_UART.h"
 668              		.file 4 "Generated_Source\\PSoC4/UART_1.h"
 669              		.file 5 "Generated_Source\\PSoC4/isr_1.h"
 670              		.file 6 "Generated_Source\\PSoC4/Timer_1.h"
 671              		.file 7 "Generated_Source\\PSoC4/Red_Output.h"
 672              		.file 8 "Generated_Source\\PSoC4/Blue_Output.h"
 673              		.file 9 "Generated_Source\\PSoC4/Green_Output.h"
 674              		.section	.debug_info,"",%progbits
 675              	.Ldebug_info0:
 676 0000 12050000 		.4byte	0x512
 677 0004 0400     		.2byte	0x4
 678 0006 00000000 		.4byte	.Ldebug_abbrev0
 679 000a 04       		.byte	0x4
 680 000b 01       		.uleb128 0x1
 681 000c 3A020000 		.4byte	.LASF50
 682 0010 0C       		.byte	0xc
 683 0011 EE020000 		.4byte	.LASF51
 684 0015 88000000 		.4byte	.LASF52
 685 0019 00000000 		.4byte	.Ldebug_ranges0+0
 686 001d 00000000 		.4byte	0
 687 0021 00000000 		.4byte	.Ldebug_line0
 688 0025 02       		.uleb128 0x2
 689 0026 01       		.byte	0x1
 690 0027 06       		.byte	0x6
 691 0028 05010000 		.4byte	.LASF0
ARM GAS  C:\Users\ribot\AppData\Local\Temp\ccORJEkm.s 			page 18


 692 002c 02       		.uleb128 0x2
 693 002d 01       		.byte	0x1
 694 002e 08       		.byte	0x8
 695 002f 18010000 		.4byte	.LASF1
 696 0033 02       		.uleb128 0x2
 697 0034 02       		.byte	0x2
 698 0035 05       		.byte	0x5
 699 0036 A3010000 		.4byte	.LASF2
 700 003a 02       		.uleb128 0x2
 701 003b 02       		.byte	0x2
 702 003c 07       		.byte	0x7
 703 003d 54010000 		.4byte	.LASF3
 704 0041 02       		.uleb128 0x2
 705 0042 04       		.byte	0x4
 706 0043 05       		.byte	0x5
 707 0044 15030000 		.4byte	.LASF4
 708 0048 02       		.uleb128 0x2
 709 0049 04       		.byte	0x4
 710 004a 07       		.byte	0x7
 711 004b 3B010000 		.4byte	.LASF5
 712 004f 02       		.uleb128 0x2
 713 0050 08       		.byte	0x8
 714 0051 05       		.byte	0x5
 715 0052 E0020000 		.4byte	.LASF6
 716 0056 02       		.uleb128 0x2
 717 0057 08       		.byte	0x8
 718 0058 07       		.byte	0x7
 719 0059 EC010000 		.4byte	.LASF7
 720 005d 03       		.uleb128 0x3
 721 005e 04       		.byte	0x4
 722 005f 05       		.byte	0x5
 723 0060 696E7400 		.ascii	"int\000"
 724 0064 02       		.uleb128 0x2
 725 0065 04       		.byte	0x4
 726 0066 07       		.byte	0x7
 727 0067 D9010000 		.4byte	.LASF8
 728 006b 04       		.uleb128 0x4
 729 006c 0F030000 		.4byte	.LASF9
 730 0070 02       		.byte	0x2
 731 0071 FC01     		.2byte	0x1fc
 732 0073 2C000000 		.4byte	0x2c
 733 0077 04       		.uleb128 0x4
 734 0078 CD010000 		.4byte	.LASF10
 735 007c 02       		.byte	0x2
 736 007d FE01     		.2byte	0x1fe
 737 007f 48000000 		.4byte	0x48
 738 0083 02       		.uleb128 0x2
 739 0084 04       		.byte	0x4
 740 0085 04       		.byte	0x4
 741 0086 FF000000 		.4byte	.LASF11
 742 008a 02       		.uleb128 0x2
 743 008b 08       		.byte	0x8
 744 008c 04       		.byte	0x4
 745 008d 9C010000 		.4byte	.LASF12
 746 0091 02       		.uleb128 0x2
 747 0092 01       		.byte	0x1
 748 0093 08       		.byte	0x8
ARM GAS  C:\Users\ribot\AppData\Local\Temp\ccORJEkm.s 			page 19


 749 0094 F5020000 		.4byte	.LASF13
 750 0098 02       		.uleb128 0x2
 751 0099 08       		.byte	0x8
 752 009a 04       		.byte	0x4
 753 009b 2C030000 		.4byte	.LASF14
 754 009f 02       		.uleb128 0x2
 755 00a0 04       		.byte	0x4
 756 00a1 07       		.byte	0x7
 757 00a2 D7020000 		.4byte	.LASF15
 758 00a6 05       		.uleb128 0x5
 759 00a7 0C       		.byte	0xc
 760 00a8 01       		.byte	0x1
 761 00a9 17       		.byte	0x17
 762 00aa 03010000 		.4byte	0x103
 763 00ae 06       		.uleb128 0x6
 764 00af 26020000 		.4byte	.LASF16
 765 00b3 01       		.byte	0x1
 766 00b4 19       		.byte	0x19
 767 00b5 6B000000 		.4byte	0x6b
 768 00b9 00       		.byte	0
 769 00ba 06       		.uleb128 0x6
 770 00bb 30020000 		.4byte	.LASF17
 771 00bf 01       		.byte	0x1
 772 00c0 1A       		.byte	0x1a
 773 00c1 6B000000 		.4byte	0x6b
 774 00c5 01       		.byte	0x1
 775 00c6 06       		.uleb128 0x6
 776 00c7 E2000000 		.4byte	.LASF18
 777 00cb 01       		.byte	0x1
 778 00cc 1B       		.byte	0x1b
 779 00cd 6B000000 		.4byte	0x6b
 780 00d1 02       		.byte	0x2
 781 00d2 06       		.uleb128 0x6
 782 00d3 C7010000 		.4byte	.LASF19
 783 00d7 01       		.byte	0x1
 784 00d8 1C       		.byte	0x1c
 785 00d9 6B000000 		.4byte	0x6b
 786 00dd 03       		.byte	0x3
 787 00de 06       		.uleb128 0x6
 788 00df 09030000 		.4byte	.LASF20
 789 00e3 01       		.byte	0x1
 790 00e4 1D       		.byte	0x1d
 791 00e5 6B000000 		.4byte	0x6b
 792 00e9 04       		.byte	0x4
 793 00ea 06       		.uleb128 0x6
 794 00eb E6010000 		.4byte	.LASF21
 795 00ef 01       		.byte	0x1
 796 00f0 1E       		.byte	0x1e
 797 00f1 6B000000 		.4byte	0x6b
 798 00f5 05       		.byte	0x5
 799 00f6 06       		.uleb128 0x6
 800 00f7 CF000000 		.4byte	.LASF22
 801 00fb 01       		.byte	0x1
 802 00fc 1F       		.byte	0x1f
 803 00fd 0E010000 		.4byte	0x10e
 804 0101 08       		.byte	0x8
 805 0102 00       		.byte	0
ARM GAS  C:\Users\ribot\AppData\Local\Temp\ccORJEkm.s 			page 20


 806 0103 07       		.uleb128 0x7
 807 0104 0E010000 		.4byte	0x10e
 808 0108 08       		.uleb128 0x8
 809 0109 6B000000 		.4byte	0x6b
 810 010d 00       		.byte	0
 811 010e 09       		.uleb128 0x9
 812 010f 04       		.byte	0x4
 813 0110 03010000 		.4byte	0x103
 814 0114 0A       		.uleb128 0xa
 815 0115 5D000000 		.4byte	.LASF23
 816 0119 01       		.byte	0x1
 817 011a 20       		.byte	0x20
 818 011b A6000000 		.4byte	0xa6
 819 011f 0B       		.uleb128 0xb
 820 0120 8F010000 		.4byte	.LASF24
 821 0124 01       		.byte	0x1
 822 0125 2A       		.byte	0x2a
 823 0126 00000000 		.4byte	.LFB32
 824 012a 46000000 		.4byte	.LFE32-.LFB32
 825 012e 01       		.uleb128 0x1
 826 012f 9C       		.byte	0x9c
 827 0130 09020000 		.4byte	0x209
 828 0134 0C       		.uleb128 0xc
 829 0135 08000000 		.4byte	.LVL0
 830 0139 BB040000 		.4byte	0x4bb
 831 013d 47010000 		.4byte	0x147
 832 0141 0D       		.uleb128 0xd
 833 0142 01       		.uleb128 0x1
 834 0143 50       		.byte	0x50
 835 0144 01       		.uleb128 0x1
 836 0145 3A       		.byte	0x3a
 837 0146 00       		.byte	0
 838 0147 0C       		.uleb128 0xc
 839 0148 0E000000 		.4byte	.LVL1
 840 014c BB040000 		.4byte	0x4bb
 841 0150 5A010000 		.4byte	0x15a
 842 0154 0D       		.uleb128 0xd
 843 0155 01       		.uleb128 0x1
 844 0156 50       		.byte	0x50
 845 0157 01       		.uleb128 0x1
 846 0158 3D       		.byte	0x3d
 847 0159 00       		.byte	0
 848 015a 0C       		.uleb128 0xc
 849 015b 14000000 		.4byte	.LVL2
 850 015f BB040000 		.4byte	0x4bb
 851 0163 6E010000 		.4byte	0x16e
 852 0167 0D       		.uleb128 0xd
 853 0168 01       		.uleb128 0x1
 854 0169 50       		.byte	0x50
 855 016a 02       		.uleb128 0x2
 856 016b 08       		.byte	0x8
 857 016c 20       		.byte	0x20
 858 016d 00       		.byte	0
 859 016e 0C       		.uleb128 0xc
 860 016f 1A000000 		.4byte	.LVL3
 861 0173 BB040000 		.4byte	0x4bb
 862 0177 82010000 		.4byte	0x182
ARM GAS  C:\Users\ribot\AppData\Local\Temp\ccORJEkm.s 			page 21


 863 017b 0D       		.uleb128 0xd
 864 017c 01       		.uleb128 0x1
 865 017d 50       		.byte	0x50
 866 017e 02       		.uleb128 0x2
 867 017f 08       		.byte	0x8
 868 0180 45       		.byte	0x45
 869 0181 00       		.byte	0
 870 0182 0C       		.uleb128 0xc
 871 0183 20000000 		.4byte	.LVL4
 872 0187 BB040000 		.4byte	0x4bb
 873 018b 96010000 		.4byte	0x196
 874 018f 0D       		.uleb128 0xd
 875 0190 01       		.uleb128 0x1
 876 0191 50       		.byte	0x50
 877 0192 02       		.uleb128 0x2
 878 0193 08       		.byte	0x8
 879 0194 72       		.byte	0x72
 880 0195 00       		.byte	0
 881 0196 0C       		.uleb128 0xc
 882 0197 26000000 		.4byte	.LVL5
 883 019b BB040000 		.4byte	0x4bb
 884 019f AA010000 		.4byte	0x1aa
 885 01a3 0D       		.uleb128 0xd
 886 01a4 01       		.uleb128 0x1
 887 01a5 50       		.byte	0x50
 888 01a6 02       		.uleb128 0x2
 889 01a7 08       		.byte	0x8
 890 01a8 72       		.byte	0x72
 891 01a9 00       		.byte	0
 892 01aa 0C       		.uleb128 0xc
 893 01ab 2C000000 		.4byte	.LVL6
 894 01af BB040000 		.4byte	0x4bb
 895 01b3 BE010000 		.4byte	0x1be
 896 01b7 0D       		.uleb128 0xd
 897 01b8 01       		.uleb128 0x1
 898 01b9 50       		.byte	0x50
 899 01ba 02       		.uleb128 0x2
 900 01bb 08       		.byte	0x8
 901 01bc 6F       		.byte	0x6f
 902 01bd 00       		.byte	0
 903 01be 0C       		.uleb128 0xc
 904 01bf 32000000 		.4byte	.LVL7
 905 01c3 BB040000 		.4byte	0x4bb
 906 01c7 D2010000 		.4byte	0x1d2
 907 01cb 0D       		.uleb128 0xd
 908 01cc 01       		.uleb128 0x1
 909 01cd 50       		.byte	0x50
 910 01ce 02       		.uleb128 0x2
 911 01cf 08       		.byte	0x8
 912 01d0 72       		.byte	0x72
 913 01d1 00       		.byte	0
 914 01d2 0C       		.uleb128 0xc
 915 01d3 38000000 		.4byte	.LVL8
 916 01d7 BB040000 		.4byte	0x4bb
 917 01db E6010000 		.4byte	0x1e6
 918 01df 0D       		.uleb128 0xd
 919 01e0 01       		.uleb128 0x1
ARM GAS  C:\Users\ribot\AppData\Local\Temp\ccORJEkm.s 			page 22


 920 01e1 50       		.byte	0x50
 921 01e2 02       		.uleb128 0x2
 922 01e3 08       		.byte	0x8
 923 01e4 20       		.byte	0x20
 924 01e5 00       		.byte	0
 925 01e6 0C       		.uleb128 0xc
 926 01e7 3E000000 		.4byte	.LVL9
 927 01eb BB040000 		.4byte	0x4bb
 928 01ef F9010000 		.4byte	0x1f9
 929 01f3 0D       		.uleb128 0xd
 930 01f4 01       		.uleb128 0x1
 931 01f5 50       		.byte	0x50
 932 01f6 01       		.uleb128 0x1
 933 01f7 3A       		.byte	0x3a
 934 01f8 00       		.byte	0
 935 01f9 0E       		.uleb128 0xe
 936 01fa 44000000 		.4byte	.LVL10
 937 01fe BB040000 		.4byte	0x4bb
 938 0202 0D       		.uleb128 0xd
 939 0203 01       		.uleb128 0x1
 940 0204 50       		.byte	0x50
 941 0205 01       		.uleb128 0x1
 942 0206 3D       		.byte	0x3d
 943 0207 00       		.byte	0
 944 0208 00       		.byte	0
 945 0209 0B       		.uleb128 0xb
 946 020a 4B000000 		.4byte	.LASF25
 947 020e 01       		.byte	0x1
 948 020f 3D       		.byte	0x3d
 949 0210 00000000 		.4byte	.LFB33
 950 0214 A4000000 		.4byte	.LFE33-.LFB33
 951 0218 01       		.uleb128 0x1
 952 0219 9C       		.byte	0x9c
 953 021a 57020000 		.4byte	0x257
 954 021e 0F       		.uleb128 0xf
 955 021f FA020000 		.4byte	.LASF28
 956 0223 01       		.byte	0x1
 957 0224 3D       		.byte	0x3d
 958 0225 6B000000 		.4byte	0x6b
 959 0229 00000000 		.4byte	.LLST0
 960 022d 10       		.uleb128 0x10
 961 022e 24000000 		.4byte	.LVL13
 962 0232 3C020000 		.4byte	0x23c
 963 0236 0D       		.uleb128 0xd
 964 0237 01       		.uleb128 0x1
 965 0238 50       		.byte	0x50
 966 0239 01       		.uleb128 0x1
 967 023a 31       		.byte	0x31
 968 023b 00       		.byte	0
 969 023c 10       		.uleb128 0x10
 970 023d 4A000000 		.4byte	.LVL16
 971 0241 4B020000 		.4byte	0x24b
 972 0245 0D       		.uleb128 0xd
 973 0246 01       		.uleb128 0x1
 974 0247 50       		.byte	0x50
 975 0248 01       		.uleb128 0x1
 976 0249 30       		.byte	0x30
ARM GAS  C:\Users\ribot\AppData\Local\Temp\ccORJEkm.s 			page 23


 977 024a 00       		.byte	0
 978 024b 11       		.uleb128 0x11
 979 024c 70000000 		.4byte	.LVL19
 980 0250 0D       		.uleb128 0xd
 981 0251 01       		.uleb128 0x1
 982 0252 50       		.byte	0x50
 983 0253 01       		.uleb128 0x1
 984 0254 31       		.byte	0x31
 985 0255 00       		.byte	0
 986 0256 00       		.byte	0
 987 0257 0B       		.uleb128 0xb
 988 0258 39000000 		.4byte	.LASF26
 989 025c 01       		.byte	0x1
 990 025d 65       		.byte	0x65
 991 025e 00000000 		.4byte	.LFB34
 992 0262 16000000 		.4byte	.LFE34-.LFB34
 993 0266 01       		.uleb128 0x1
 994 0267 9C       		.byte	0x9c
 995 0268 8C020000 		.4byte	0x28c
 996 026c 12       		.uleb128 0x12
 997 026d 73000000 		.4byte	.LASF30
 998 0271 01       		.byte	0x1
 999 0272 67       		.byte	0x67
 1000 0273 6B000000 		.4byte	0x6b
 1001 0277 6C000000 		.4byte	.LLST1
 1002 027b 0E       		.uleb128 0xe
 1003 027c 0C000000 		.4byte	.LVL24
 1004 0280 09020000 		.4byte	0x209
 1005 0284 0D       		.uleb128 0xd
 1006 0285 01       		.uleb128 0x1
 1007 0286 50       		.byte	0x50
 1008 0287 02       		.uleb128 0x2
 1009 0288 74       		.byte	0x74
 1010 0289 00       		.sleb128 0
 1011 028a 00       		.byte	0
 1012 028b 00       		.byte	0
 1013 028c 0B       		.uleb128 0xb
 1014 028d 03020000 		.4byte	.LASF27
 1015 0291 01       		.byte	0x1
 1016 0292 7A       		.byte	0x7a
 1017 0293 00000000 		.4byte	.LFB35
 1018 0297 4C000000 		.4byte	.LFE35-.LFB35
 1019 029b 01       		.uleb128 0x1
 1020 029c 9C       		.byte	0x9c
 1021 029d F2020000 		.4byte	0x2f2
 1022 02a1 0F       		.uleb128 0xf
 1023 02a2 2D010000 		.4byte	.LASF29
 1024 02a6 01       		.byte	0x1
 1025 02a7 7A       		.byte	0x7a
 1026 02a8 6B000000 		.4byte	0x6b
 1027 02ac 96000000 		.4byte	.LLST2
 1028 02b0 13       		.uleb128 0x13
 1029 02b1 4400     		.ascii	"D\000"
 1030 02b3 01       		.byte	0x1
 1031 02b4 7A       		.byte	0x7a
 1032 02b5 6B000000 		.4byte	0x6b
 1033 02b9 B7000000 		.4byte	.LLST3
ARM GAS  C:\Users\ribot\AppData\Local\Temp\ccORJEkm.s 			page 24


 1034 02bd 13       		.uleb128 0x13
 1035 02be 4800     		.ascii	"H\000"
 1036 02c0 01       		.byte	0x1
 1037 02c1 7A       		.byte	0x7a
 1038 02c2 6B000000 		.4byte	0x6b
 1039 02c6 D8000000 		.4byte	.LLST4
 1040 02ca 13       		.uleb128 0x13
 1041 02cb 4C00     		.ascii	"L\000"
 1042 02cd 01       		.byte	0x1
 1043 02ce 7A       		.byte	0x7a
 1044 02cf 6B000000 		.4byte	0x6b
 1045 02d3 F9000000 		.4byte	.LLST5
 1046 02d7 12       		.uleb128 0x12
 1047 02d8 1B000000 		.4byte	.LASF31
 1048 02dc 01       		.byte	0x1
 1049 02dd 7C       		.byte	0x7c
 1050 02de 6B000000 		.4byte	0x6b
 1051 02e2 1A010000 		.4byte	.LLST6
 1052 02e6 11       		.uleb128 0x11
 1053 02e7 3C000000 		.4byte	.LVL31
 1054 02eb 0D       		.uleb128 0xd
 1055 02ec 01       		.uleb128 0x1
 1056 02ed 50       		.byte	0x50
 1057 02ee 01       		.uleb128 0x1
 1058 02ef 31       		.byte	0x31
 1059 02f0 00       		.byte	0
 1060 02f1 00       		.byte	0
 1061 02f2 0B       		.uleb128 0xb
 1062 02f3 50030000 		.4byte	.LASF32
 1063 02f7 01       		.byte	0x1
 1064 02f8 94       		.byte	0x94
 1065 02f9 00000000 		.4byte	.LFB36
 1066 02fd 80000000 		.4byte	.LFE36-.LFB36
 1067 0301 01       		.uleb128 0x1
 1068 0302 9C       		.byte	0x9c
 1069 0303 83030000 		.4byte	0x383
 1070 0307 12       		.uleb128 0x12
 1071 0308 2D010000 		.4byte	.LASF29
 1072 030c 01       		.byte	0x1
 1073 030d 96       		.byte	0x96
 1074 030e 6B000000 		.4byte	0x6b
 1075 0312 44010000 		.4byte	.LLST7
 1076 0316 12       		.uleb128 0x12
 1077 0317 11010000 		.4byte	.LASF33
 1078 031b 01       		.byte	0x1
 1079 031c 97       		.byte	0x97
 1080 031d 6B000000 		.4byte	0x6b
 1081 0321 99010000 		.4byte	.LLST8
 1082 0325 12       		.uleb128 0x12
 1083 0326 26010000 		.4byte	.LASF34
 1084 032a 01       		.byte	0x1
 1085 032b 97       		.byte	0x97
 1086 032c 6B000000 		.4byte	0x6b
 1087 0330 EE010000 		.4byte	.LLST9
 1088 0334 12       		.uleb128 0x12
 1089 0335 4D010000 		.4byte	.LASF35
 1090 0339 01       		.byte	0x1
ARM GAS  C:\Users\ribot\AppData\Local\Temp\ccORJEkm.s 			page 25


 1091 033a 97       		.byte	0x97
 1092 033b 6B000000 		.4byte	0x6b
 1093 033f 43020000 		.4byte	.LLST10
 1094 0343 14       		.uleb128 0x14
 1095 0344 26000000 		.4byte	.LVL39
 1096 0348 1F010000 		.4byte	0x11f
 1097 034c 14       		.uleb128 0x14
 1098 034d 34000000 		.4byte	.LVL41
 1099 0351 1F010000 		.4byte	0x11f
 1100 0355 14       		.uleb128 0x14
 1101 0356 42000000 		.4byte	.LVL43
 1102 035a 1F010000 		.4byte	0x11f
 1103 035e 14       		.uleb128 0x14
 1104 035f 50000000 		.4byte	.LVL45
 1105 0363 1F010000 		.4byte	0x11f
 1106 0367 14       		.uleb128 0x14
 1107 0368 5E000000 		.4byte	.LVL47
 1108 036c 1F010000 		.4byte	0x11f
 1109 0370 14       		.uleb128 0x14
 1110 0371 74000000 		.4byte	.LVL49
 1111 0375 8C020000 		.4byte	0x28c
 1112 0379 14       		.uleb128 0x14
 1113 037a 7A000000 		.4byte	.LVL51
 1114 037e 1F010000 		.4byte	0x11f
 1115 0382 00       		.byte	0
 1116 0383 0B       		.uleb128 0xb
 1117 0384 C8020000 		.4byte	.LASF36
 1118 0388 01       		.byte	0x1
 1119 0389 CA       		.byte	0xca
 1120 038a 00000000 		.4byte	.LFB37
 1121 038e 44000000 		.4byte	.LFE37-.LFB37
 1122 0392 01       		.uleb128 0x1
 1123 0393 9C       		.byte	0x9c
 1124 0394 C3030000 		.4byte	0x3c3
 1125 0398 12       		.uleb128 0x12
 1126 0399 7E010000 		.4byte	.LASF37
 1127 039d 01       		.byte	0x1
 1128 039e CC       		.byte	0xcc
 1129 039f 91000000 		.4byte	0x91
 1130 03a3 98020000 		.4byte	.LLST11
 1131 03a7 14       		.uleb128 0x14
 1132 03a8 06000000 		.4byte	.LVL53
 1133 03ac C7040000 		.4byte	0x4c7
 1134 03b0 14       		.uleb128 0x14
 1135 03b1 14000000 		.4byte	.LVL55
 1136 03b5 BB040000 		.4byte	0x4bb
 1137 03b9 14       		.uleb128 0x14
 1138 03ba 34000000 		.4byte	.LVL56
 1139 03be F2020000 		.4byte	0x2f2
 1140 03c2 00       		.byte	0
 1141 03c3 0B       		.uleb128 0xb
 1142 03c4 67010000 		.4byte	.LASF38
 1143 03c8 01       		.byte	0x1
 1144 03c9 F0       		.byte	0xf0
 1145 03ca 00000000 		.4byte	.LFB38
 1146 03ce 38000000 		.4byte	.LFE38-.LFB38
 1147 03d2 01       		.uleb128 0x1
ARM GAS  C:\Users\ribot\AppData\Local\Temp\ccORJEkm.s 			page 26


 1148 03d3 9C       		.byte	0x9c
 1149 03d4 02040000 		.4byte	0x402
 1150 03d8 14       		.uleb128 0x14
 1151 03d9 16000000 		.4byte	.LVL58
 1152 03dd D3040000 		.4byte	0x4d3
 1153 03e1 0C       		.uleb128 0xc
 1154 03e2 1C000000 		.4byte	.LVL59
 1155 03e6 DE040000 		.4byte	0x4de
 1156 03ea F8030000 		.4byte	0x3f8
 1157 03ee 0D       		.uleb128 0xd
 1158 03ef 01       		.uleb128 0x1
 1159 03f0 50       		.byte	0x50
 1160 03f1 05       		.uleb128 0x5
 1161 03f2 03       		.byte	0x3
 1162 03f3 00000000 		.4byte	TimeSlotInterrupt
 1163 03f7 00       		.byte	0
 1164 03f8 14       		.uleb128 0x14
 1165 03f9 20000000 		.4byte	.LVL60
 1166 03fd E9040000 		.4byte	0x4e9
 1167 0401 00       		.byte	0
 1168 0402 15       		.uleb128 0x15
 1169 0403 D4010000 		.4byte	.LASF53
 1170 0407 01       		.byte	0x1
 1171 0408 0401     		.2byte	0x104
 1172 040a 5D000000 		.4byte	0x5d
 1173 040e 00000000 		.4byte	.LFB39
 1174 0412 20000000 		.4byte	.LFE39-.LFB39
 1175 0416 01       		.uleb128 0x1
 1176 0417 9C       		.byte	0x9c
 1177 0418 68040000 		.4byte	0x468
 1178 041c 0C       		.uleb128 0xc
 1179 041d 0A000000 		.4byte	.LVL61
 1180 0421 F4040000 		.4byte	0x4f4
 1181 0425 2F040000 		.4byte	0x42f
 1182 0429 0D       		.uleb128 0xd
 1183 042a 01       		.uleb128 0x1
 1184 042b 50       		.byte	0x50
 1185 042c 01       		.uleb128 0x1
 1186 042d 31       		.byte	0x31
 1187 042e 00       		.byte	0
 1188 042f 0C       		.uleb128 0xc
 1189 0430 10000000 		.4byte	.LVL62
 1190 0434 FF040000 		.4byte	0x4ff
 1191 0438 42040000 		.4byte	0x442
 1192 043c 0D       		.uleb128 0xd
 1193 043d 01       		.uleb128 0x1
 1194 043e 50       		.byte	0x50
 1195 043f 01       		.uleb128 0x1
 1196 0440 31       		.byte	0x31
 1197 0441 00       		.byte	0
 1198 0442 0C       		.uleb128 0xc
 1199 0443 16000000 		.4byte	.LVL63
 1200 0447 0A050000 		.4byte	0x50a
 1201 044b 55040000 		.4byte	0x455
 1202 044f 0D       		.uleb128 0xd
 1203 0450 01       		.uleb128 0x1
 1204 0451 50       		.byte	0x50
ARM GAS  C:\Users\ribot\AppData\Local\Temp\ccORJEkm.s 			page 27


 1205 0452 01       		.uleb128 0x1
 1206 0453 31       		.byte	0x31
 1207 0454 00       		.byte	0
 1208 0455 14       		.uleb128 0x14
 1209 0456 1A000000 		.4byte	.LVL64
 1210 045a C3030000 		.4byte	0x3c3
 1211 045e 14       		.uleb128 0x14
 1212 045f 1E000000 		.4byte	.LVL65
 1213 0463 83030000 		.4byte	0x383
 1214 0467 00       		.byte	0
 1215 0468 16       		.uleb128 0x16
 1216 0469 14010000 		.4byte	0x114
 1217 046d 78040000 		.4byte	0x478
 1218 0471 17       		.uleb128 0x17
 1219 0472 9F000000 		.4byte	0x9f
 1220 0476 03       		.byte	0x3
 1221 0477 00       		.byte	0
 1222 0478 18       		.uleb128 0x18
 1223 0479 38030000 		.4byte	.LASF39
 1224 047d 01       		.byte	0x1
 1225 047e 23       		.byte	0x23
 1226 047f 68040000 		.4byte	0x468
 1227 0483 05       		.uleb128 0x5
 1228 0484 03       		.byte	0x3
 1229 0485 00000000 		.4byte	ChannelDescriptorsArray
 1230 0489 16       		.uleb128 0x16
 1231 048a 91000000 		.4byte	0x91
 1232 048e 99040000 		.4byte	0x499
 1233 0492 17       		.uleb128 0x17
 1234 0493 9F000000 		.4byte	0x9f
 1235 0497 08       		.byte	0x8
 1236 0498 00       		.byte	0
 1237 0499 18       		.uleb128 0x18
 1238 049a 1B020000 		.4byte	.LASF40
 1239 049e 01       		.byte	0x1
 1240 049f 25       		.byte	0x25
 1241 04a0 89040000 		.4byte	0x489
 1242 04a4 05       		.uleb128 0x5
 1243 04a5 03       		.byte	0x3
 1244 04a6 00000000 		.4byte	UartBuffer
 1245 04aa 18       		.uleb128 0x18
 1246 04ab 1E030000 		.4byte	.LASF41
 1247 04af 01       		.byte	0x1
 1248 04b0 27       		.byte	0x27
 1249 04b1 6B000000 		.4byte	0x6b
 1250 04b5 05       		.uleb128 0x5
 1251 04b6 03       		.byte	0x3
 1252 04b7 00000000 		.4byte	UartBufferIdx
 1253 04bb 19       		.uleb128 0x19
 1254 04bc AD010000 		.4byte	.LASF42
 1255 04c0 AD010000 		.4byte	.LASF42
 1256 04c4 03       		.byte	0x3
 1257 04c5 4403     		.2byte	0x344
 1258 04c7 19       		.uleb128 0x19
 1259 04c8 26000000 		.4byte	.LASF43
 1260 04cc 26000000 		.4byte	.LASF43
 1261 04d0 03       		.byte	0x3
ARM GAS  C:\Users\ribot\AppData\Local\Temp\ccORJEkm.s 			page 28


 1262 04d1 0F03     		.2byte	0x30f
 1263 04d3 1A       		.uleb128 0x1a
 1264 04d4 00000000 		.4byte	.LASF44
 1265 04d8 00000000 		.4byte	.LASF44
 1266 04dc 04       		.byte	0x4
 1267 04dd 72       		.byte	0x72
 1268 04de 1A       		.uleb128 0x1a
 1269 04df 61030000 		.4byte	.LASF45
 1270 04e3 61030000 		.4byte	.LASF45
 1271 04e7 05       		.byte	0x5
 1272 04e8 18       		.byte	0x18
 1273 04e9 1A       		.uleb128 0x1a
 1274 04ea 0D000000 		.4byte	.LASF46
 1275 04ee 0D000000 		.4byte	.LASF46
 1276 04f2 06       		.byte	0x6
 1277 04f3 5A       		.byte	0x5a
 1278 04f4 1A       		.uleb128 0x1a
 1279 04f5 6F030000 		.4byte	.LASF47
 1280 04f9 6F030000 		.4byte	.LASF47
 1281 04fd 07       		.byte	0x7
 1282 04fe 33       		.byte	0x33
 1283 04ff 1A       		.uleb128 0x1a
 1284 0500 6C010000 		.4byte	.LASF48
 1285 0504 6C010000 		.4byte	.LASF48
 1286 0508 08       		.byte	0x8
 1287 0509 33       		.byte	0x33
 1288 050a 1A       		.uleb128 0x1a
 1289 050b EC000000 		.4byte	.LASF49
 1290 050f EC000000 		.4byte	.LASF49
 1291 0513 09       		.byte	0x9
 1292 0514 33       		.byte	0x33
 1293 0515 00       		.byte	0
 1294              		.section	.debug_abbrev,"",%progbits
 1295              	.Ldebug_abbrev0:
 1296 0000 01       		.uleb128 0x1
 1297 0001 11       		.uleb128 0x11
 1298 0002 01       		.byte	0x1
 1299 0003 25       		.uleb128 0x25
 1300 0004 0E       		.uleb128 0xe
 1301 0005 13       		.uleb128 0x13
 1302 0006 0B       		.uleb128 0xb
 1303 0007 03       		.uleb128 0x3
 1304 0008 0E       		.uleb128 0xe
 1305 0009 1B       		.uleb128 0x1b
 1306 000a 0E       		.uleb128 0xe
 1307 000b 55       		.uleb128 0x55
 1308 000c 17       		.uleb128 0x17
 1309 000d 11       		.uleb128 0x11
 1310 000e 01       		.uleb128 0x1
 1311 000f 10       		.uleb128 0x10
 1312 0010 17       		.uleb128 0x17
 1313 0011 00       		.byte	0
 1314 0012 00       		.byte	0
 1315 0013 02       		.uleb128 0x2
 1316 0014 24       		.uleb128 0x24
 1317 0015 00       		.byte	0
 1318 0016 0B       		.uleb128 0xb
ARM GAS  C:\Users\ribot\AppData\Local\Temp\ccORJEkm.s 			page 29


 1319 0017 0B       		.uleb128 0xb
 1320 0018 3E       		.uleb128 0x3e
 1321 0019 0B       		.uleb128 0xb
 1322 001a 03       		.uleb128 0x3
 1323 001b 0E       		.uleb128 0xe
 1324 001c 00       		.byte	0
 1325 001d 00       		.byte	0
 1326 001e 03       		.uleb128 0x3
 1327 001f 24       		.uleb128 0x24
 1328 0020 00       		.byte	0
 1329 0021 0B       		.uleb128 0xb
 1330 0022 0B       		.uleb128 0xb
 1331 0023 3E       		.uleb128 0x3e
 1332 0024 0B       		.uleb128 0xb
 1333 0025 03       		.uleb128 0x3
 1334 0026 08       		.uleb128 0x8
 1335 0027 00       		.byte	0
 1336 0028 00       		.byte	0
 1337 0029 04       		.uleb128 0x4
 1338 002a 16       		.uleb128 0x16
 1339 002b 00       		.byte	0
 1340 002c 03       		.uleb128 0x3
 1341 002d 0E       		.uleb128 0xe
 1342 002e 3A       		.uleb128 0x3a
 1343 002f 0B       		.uleb128 0xb
 1344 0030 3B       		.uleb128 0x3b
 1345 0031 05       		.uleb128 0x5
 1346 0032 49       		.uleb128 0x49
 1347 0033 13       		.uleb128 0x13
 1348 0034 00       		.byte	0
 1349 0035 00       		.byte	0
 1350 0036 05       		.uleb128 0x5
 1351 0037 13       		.uleb128 0x13
 1352 0038 01       		.byte	0x1
 1353 0039 0B       		.uleb128 0xb
 1354 003a 0B       		.uleb128 0xb
 1355 003b 3A       		.uleb128 0x3a
 1356 003c 0B       		.uleb128 0xb
 1357 003d 3B       		.uleb128 0x3b
 1358 003e 0B       		.uleb128 0xb
 1359 003f 01       		.uleb128 0x1
 1360 0040 13       		.uleb128 0x13
 1361 0041 00       		.byte	0
 1362 0042 00       		.byte	0
 1363 0043 06       		.uleb128 0x6
 1364 0044 0D       		.uleb128 0xd
 1365 0045 00       		.byte	0
 1366 0046 03       		.uleb128 0x3
 1367 0047 0E       		.uleb128 0xe
 1368 0048 3A       		.uleb128 0x3a
 1369 0049 0B       		.uleb128 0xb
 1370 004a 3B       		.uleb128 0x3b
 1371 004b 0B       		.uleb128 0xb
 1372 004c 49       		.uleb128 0x49
 1373 004d 13       		.uleb128 0x13
 1374 004e 38       		.uleb128 0x38
 1375 004f 0B       		.uleb128 0xb
ARM GAS  C:\Users\ribot\AppData\Local\Temp\ccORJEkm.s 			page 30


 1376 0050 00       		.byte	0
 1377 0051 00       		.byte	0
 1378 0052 07       		.uleb128 0x7
 1379 0053 15       		.uleb128 0x15
 1380 0054 01       		.byte	0x1
 1381 0055 27       		.uleb128 0x27
 1382 0056 19       		.uleb128 0x19
 1383 0057 01       		.uleb128 0x1
 1384 0058 13       		.uleb128 0x13
 1385 0059 00       		.byte	0
 1386 005a 00       		.byte	0
 1387 005b 08       		.uleb128 0x8
 1388 005c 05       		.uleb128 0x5
 1389 005d 00       		.byte	0
 1390 005e 49       		.uleb128 0x49
 1391 005f 13       		.uleb128 0x13
 1392 0060 00       		.byte	0
 1393 0061 00       		.byte	0
 1394 0062 09       		.uleb128 0x9
 1395 0063 0F       		.uleb128 0xf
 1396 0064 00       		.byte	0
 1397 0065 0B       		.uleb128 0xb
 1398 0066 0B       		.uleb128 0xb
 1399 0067 49       		.uleb128 0x49
 1400 0068 13       		.uleb128 0x13
 1401 0069 00       		.byte	0
 1402 006a 00       		.byte	0
 1403 006b 0A       		.uleb128 0xa
 1404 006c 16       		.uleb128 0x16
 1405 006d 00       		.byte	0
 1406 006e 03       		.uleb128 0x3
 1407 006f 0E       		.uleb128 0xe
 1408 0070 3A       		.uleb128 0x3a
 1409 0071 0B       		.uleb128 0xb
 1410 0072 3B       		.uleb128 0x3b
 1411 0073 0B       		.uleb128 0xb
 1412 0074 49       		.uleb128 0x49
 1413 0075 13       		.uleb128 0x13
 1414 0076 00       		.byte	0
 1415 0077 00       		.byte	0
 1416 0078 0B       		.uleb128 0xb
 1417 0079 2E       		.uleb128 0x2e
 1418 007a 01       		.byte	0x1
 1419 007b 3F       		.uleb128 0x3f
 1420 007c 19       		.uleb128 0x19
 1421 007d 03       		.uleb128 0x3
 1422 007e 0E       		.uleb128 0xe
 1423 007f 3A       		.uleb128 0x3a
 1424 0080 0B       		.uleb128 0xb
 1425 0081 3B       		.uleb128 0x3b
 1426 0082 0B       		.uleb128 0xb
 1427 0083 27       		.uleb128 0x27
 1428 0084 19       		.uleb128 0x19
 1429 0085 11       		.uleb128 0x11
 1430 0086 01       		.uleb128 0x1
 1431 0087 12       		.uleb128 0x12
 1432 0088 06       		.uleb128 0x6
ARM GAS  C:\Users\ribot\AppData\Local\Temp\ccORJEkm.s 			page 31


 1433 0089 40       		.uleb128 0x40
 1434 008a 18       		.uleb128 0x18
 1435 008b 9742     		.uleb128 0x2117
 1436 008d 19       		.uleb128 0x19
 1437 008e 01       		.uleb128 0x1
 1438 008f 13       		.uleb128 0x13
 1439 0090 00       		.byte	0
 1440 0091 00       		.byte	0
 1441 0092 0C       		.uleb128 0xc
 1442 0093 898201   		.uleb128 0x4109
 1443 0096 01       		.byte	0x1
 1444 0097 11       		.uleb128 0x11
 1445 0098 01       		.uleb128 0x1
 1446 0099 31       		.uleb128 0x31
 1447 009a 13       		.uleb128 0x13
 1448 009b 01       		.uleb128 0x1
 1449 009c 13       		.uleb128 0x13
 1450 009d 00       		.byte	0
 1451 009e 00       		.byte	0
 1452 009f 0D       		.uleb128 0xd
 1453 00a0 8A8201   		.uleb128 0x410a
 1454 00a3 00       		.byte	0
 1455 00a4 02       		.uleb128 0x2
 1456 00a5 18       		.uleb128 0x18
 1457 00a6 9142     		.uleb128 0x2111
 1458 00a8 18       		.uleb128 0x18
 1459 00a9 00       		.byte	0
 1460 00aa 00       		.byte	0
 1461 00ab 0E       		.uleb128 0xe
 1462 00ac 898201   		.uleb128 0x4109
 1463 00af 01       		.byte	0x1
 1464 00b0 11       		.uleb128 0x11
 1465 00b1 01       		.uleb128 0x1
 1466 00b2 31       		.uleb128 0x31
 1467 00b3 13       		.uleb128 0x13
 1468 00b4 00       		.byte	0
 1469 00b5 00       		.byte	0
 1470 00b6 0F       		.uleb128 0xf
 1471 00b7 05       		.uleb128 0x5
 1472 00b8 00       		.byte	0
 1473 00b9 03       		.uleb128 0x3
 1474 00ba 0E       		.uleb128 0xe
 1475 00bb 3A       		.uleb128 0x3a
 1476 00bc 0B       		.uleb128 0xb
 1477 00bd 3B       		.uleb128 0x3b
 1478 00be 0B       		.uleb128 0xb
 1479 00bf 49       		.uleb128 0x49
 1480 00c0 13       		.uleb128 0x13
 1481 00c1 02       		.uleb128 0x2
 1482 00c2 17       		.uleb128 0x17
 1483 00c3 00       		.byte	0
 1484 00c4 00       		.byte	0
 1485 00c5 10       		.uleb128 0x10
 1486 00c6 898201   		.uleb128 0x4109
 1487 00c9 01       		.byte	0x1
 1488 00ca 11       		.uleb128 0x11
 1489 00cb 01       		.uleb128 0x1
ARM GAS  C:\Users\ribot\AppData\Local\Temp\ccORJEkm.s 			page 32


 1490 00cc 01       		.uleb128 0x1
 1491 00cd 13       		.uleb128 0x13
 1492 00ce 00       		.byte	0
 1493 00cf 00       		.byte	0
 1494 00d0 11       		.uleb128 0x11
 1495 00d1 898201   		.uleb128 0x4109
 1496 00d4 01       		.byte	0x1
 1497 00d5 11       		.uleb128 0x11
 1498 00d6 01       		.uleb128 0x1
 1499 00d7 00       		.byte	0
 1500 00d8 00       		.byte	0
 1501 00d9 12       		.uleb128 0x12
 1502 00da 34       		.uleb128 0x34
 1503 00db 00       		.byte	0
 1504 00dc 03       		.uleb128 0x3
 1505 00dd 0E       		.uleb128 0xe
 1506 00de 3A       		.uleb128 0x3a
 1507 00df 0B       		.uleb128 0xb
 1508 00e0 3B       		.uleb128 0x3b
 1509 00e1 0B       		.uleb128 0xb
 1510 00e2 49       		.uleb128 0x49
 1511 00e3 13       		.uleb128 0x13
 1512 00e4 02       		.uleb128 0x2
 1513 00e5 17       		.uleb128 0x17
 1514 00e6 00       		.byte	0
 1515 00e7 00       		.byte	0
 1516 00e8 13       		.uleb128 0x13
 1517 00e9 05       		.uleb128 0x5
 1518 00ea 00       		.byte	0
 1519 00eb 03       		.uleb128 0x3
 1520 00ec 08       		.uleb128 0x8
 1521 00ed 3A       		.uleb128 0x3a
 1522 00ee 0B       		.uleb128 0xb
 1523 00ef 3B       		.uleb128 0x3b
 1524 00f0 0B       		.uleb128 0xb
 1525 00f1 49       		.uleb128 0x49
 1526 00f2 13       		.uleb128 0x13
 1527 00f3 02       		.uleb128 0x2
 1528 00f4 17       		.uleb128 0x17
 1529 00f5 00       		.byte	0
 1530 00f6 00       		.byte	0
 1531 00f7 14       		.uleb128 0x14
 1532 00f8 898201   		.uleb128 0x4109
 1533 00fb 00       		.byte	0
 1534 00fc 11       		.uleb128 0x11
 1535 00fd 01       		.uleb128 0x1
 1536 00fe 31       		.uleb128 0x31
 1537 00ff 13       		.uleb128 0x13
 1538 0100 00       		.byte	0
 1539 0101 00       		.byte	0
 1540 0102 15       		.uleb128 0x15
 1541 0103 2E       		.uleb128 0x2e
 1542 0104 01       		.byte	0x1
 1543 0105 3F       		.uleb128 0x3f
 1544 0106 19       		.uleb128 0x19
 1545 0107 03       		.uleb128 0x3
 1546 0108 0E       		.uleb128 0xe
ARM GAS  C:\Users\ribot\AppData\Local\Temp\ccORJEkm.s 			page 33


 1547 0109 3A       		.uleb128 0x3a
 1548 010a 0B       		.uleb128 0xb
 1549 010b 3B       		.uleb128 0x3b
 1550 010c 05       		.uleb128 0x5
 1551 010d 27       		.uleb128 0x27
 1552 010e 19       		.uleb128 0x19
 1553 010f 49       		.uleb128 0x49
 1554 0110 13       		.uleb128 0x13
 1555 0111 8701     		.uleb128 0x87
 1556 0113 19       		.uleb128 0x19
 1557 0114 11       		.uleb128 0x11
 1558 0115 01       		.uleb128 0x1
 1559 0116 12       		.uleb128 0x12
 1560 0117 06       		.uleb128 0x6
 1561 0118 40       		.uleb128 0x40
 1562 0119 18       		.uleb128 0x18
 1563 011a 9742     		.uleb128 0x2117
 1564 011c 19       		.uleb128 0x19
 1565 011d 01       		.uleb128 0x1
 1566 011e 13       		.uleb128 0x13
 1567 011f 00       		.byte	0
 1568 0120 00       		.byte	0
 1569 0121 16       		.uleb128 0x16
 1570 0122 01       		.uleb128 0x1
 1571 0123 01       		.byte	0x1
 1572 0124 49       		.uleb128 0x49
 1573 0125 13       		.uleb128 0x13
 1574 0126 01       		.uleb128 0x1
 1575 0127 13       		.uleb128 0x13
 1576 0128 00       		.byte	0
 1577 0129 00       		.byte	0
 1578 012a 17       		.uleb128 0x17
 1579 012b 21       		.uleb128 0x21
 1580 012c 00       		.byte	0
 1581 012d 49       		.uleb128 0x49
 1582 012e 13       		.uleb128 0x13
 1583 012f 2F       		.uleb128 0x2f
 1584 0130 0B       		.uleb128 0xb
 1585 0131 00       		.byte	0
 1586 0132 00       		.byte	0
 1587 0133 18       		.uleb128 0x18
 1588 0134 34       		.uleb128 0x34
 1589 0135 00       		.byte	0
 1590 0136 03       		.uleb128 0x3
 1591 0137 0E       		.uleb128 0xe
 1592 0138 3A       		.uleb128 0x3a
 1593 0139 0B       		.uleb128 0xb
 1594 013a 3B       		.uleb128 0x3b
 1595 013b 0B       		.uleb128 0xb
 1596 013c 49       		.uleb128 0x49
 1597 013d 13       		.uleb128 0x13
 1598 013e 3F       		.uleb128 0x3f
 1599 013f 19       		.uleb128 0x19
 1600 0140 02       		.uleb128 0x2
 1601 0141 18       		.uleb128 0x18
 1602 0142 00       		.byte	0
 1603 0143 00       		.byte	0
ARM GAS  C:\Users\ribot\AppData\Local\Temp\ccORJEkm.s 			page 34


 1604 0144 19       		.uleb128 0x19
 1605 0145 2E       		.uleb128 0x2e
 1606 0146 00       		.byte	0
 1607 0147 3F       		.uleb128 0x3f
 1608 0148 19       		.uleb128 0x19
 1609 0149 3C       		.uleb128 0x3c
 1610 014a 19       		.uleb128 0x19
 1611 014b 6E       		.uleb128 0x6e
 1612 014c 0E       		.uleb128 0xe
 1613 014d 03       		.uleb128 0x3
 1614 014e 0E       		.uleb128 0xe
 1615 014f 3A       		.uleb128 0x3a
 1616 0150 0B       		.uleb128 0xb
 1617 0151 3B       		.uleb128 0x3b
 1618 0152 05       		.uleb128 0x5
 1619 0153 00       		.byte	0
 1620 0154 00       		.byte	0
 1621 0155 1A       		.uleb128 0x1a
 1622 0156 2E       		.uleb128 0x2e
 1623 0157 00       		.byte	0
 1624 0158 3F       		.uleb128 0x3f
 1625 0159 19       		.uleb128 0x19
 1626 015a 3C       		.uleb128 0x3c
 1627 015b 19       		.uleb128 0x19
 1628 015c 6E       		.uleb128 0x6e
 1629 015d 0E       		.uleb128 0xe
 1630 015e 03       		.uleb128 0x3
 1631 015f 0E       		.uleb128 0xe
 1632 0160 3A       		.uleb128 0x3a
 1633 0161 0B       		.uleb128 0xb
 1634 0162 3B       		.uleb128 0x3b
 1635 0163 0B       		.uleb128 0xb
 1636 0164 00       		.byte	0
 1637 0165 00       		.byte	0
 1638 0166 00       		.byte	0
 1639              		.section	.debug_loc,"",%progbits
 1640              	.Ldebug_loc0:
 1641              	.LLST0:
 1642 0000 00000000 		.4byte	.LVL11
 1643 0004 22000000 		.4byte	.LVL12
 1644 0008 0100     		.2byte	0x1
 1645 000a 50       		.byte	0x50
 1646 000b 22000000 		.4byte	.LVL12
 1647 000f 26000000 		.4byte	.LVL14
 1648 0013 0400     		.2byte	0x4
 1649 0015 F3       		.byte	0xf3
 1650 0016 01       		.uleb128 0x1
 1651 0017 50       		.byte	0x50
 1652 0018 9F       		.byte	0x9f
 1653 0019 26000000 		.4byte	.LVL14
 1654 001d 48000000 		.4byte	.LVL15
 1655 0021 0100     		.2byte	0x1
 1656 0023 50       		.byte	0x50
 1657 0024 48000000 		.4byte	.LVL15
 1658 0028 4C000000 		.4byte	.LVL17
 1659 002c 0400     		.2byte	0x4
 1660 002e F3       		.byte	0xf3
ARM GAS  C:\Users\ribot\AppData\Local\Temp\ccORJEkm.s 			page 35


 1661 002f 01       		.uleb128 0x1
 1662 0030 50       		.byte	0x50
 1663 0031 9F       		.byte	0x9f
 1664 0032 4C000000 		.4byte	.LVL17
 1665 0036 6E000000 		.4byte	.LVL18
 1666 003a 0100     		.2byte	0x1
 1667 003c 50       		.byte	0x50
 1668 003d 6E000000 		.4byte	.LVL18
 1669 0041 72000000 		.4byte	.LVL20
 1670 0045 0400     		.2byte	0x4
 1671 0047 F3       		.byte	0xf3
 1672 0048 01       		.uleb128 0x1
 1673 0049 50       		.byte	0x50
 1674 004a 9F       		.byte	0x9f
 1675 004b 72000000 		.4byte	.LVL20
 1676 004f 9C000000 		.4byte	.LVL21
 1677 0053 0100     		.2byte	0x1
 1678 0055 50       		.byte	0x50
 1679 0056 9C000000 		.4byte	.LVL21
 1680 005a A4000000 		.4byte	.LFE33
 1681 005e 0400     		.2byte	0x4
 1682 0060 F3       		.byte	0xf3
 1683 0061 01       		.uleb128 0x1
 1684 0062 50       		.byte	0x50
 1685 0063 9F       		.byte	0x9f
 1686 0064 00000000 		.4byte	0
 1687 0068 00000000 		.4byte	0
 1688              	.LLST1:
 1689 006c 02000000 		.4byte	.LVL22
 1690 0070 06000000 		.4byte	.LVL23
 1691 0074 0200     		.2byte	0x2
 1692 0076 30       		.byte	0x30
 1693 0077 9F       		.byte	0x9f
 1694 0078 06000000 		.4byte	.LVL23
 1695 007c 0E000000 		.4byte	.LVL25
 1696 0080 0100     		.2byte	0x1
 1697 0082 54       		.byte	0x54
 1698 0083 10000000 		.4byte	.LVL26
 1699 0087 14000000 		.4byte	.LVL27
 1700 008b 0100     		.2byte	0x1
 1701 008d 54       		.byte	0x54
 1702 008e 00000000 		.4byte	0
 1703 0092 00000000 		.4byte	0
 1704              	.LLST2:
 1705 0096 00000000 		.4byte	.LVL28
 1706 009a 18000000 		.4byte	.LVL30
 1707 009e 0100     		.2byte	0x1
 1708 00a0 50       		.byte	0x50
 1709 00a1 18000000 		.4byte	.LVL30
 1710 00a5 4C000000 		.4byte	.LFE35
 1711 00a9 0400     		.2byte	0x4
 1712 00ab F3       		.byte	0xf3
 1713 00ac 01       		.uleb128 0x1
 1714 00ad 50       		.byte	0x50
 1715 00ae 9F       		.byte	0x9f
 1716 00af 00000000 		.4byte	0
 1717 00b3 00000000 		.4byte	0
ARM GAS  C:\Users\ribot\AppData\Local\Temp\ccORJEkm.s 			page 36


 1718              	.LLST3:
 1719 00b7 00000000 		.4byte	.LVL28
 1720 00bb 18000000 		.4byte	.LVL30
 1721 00bf 0100     		.2byte	0x1
 1722 00c1 51       		.byte	0x51
 1723 00c2 18000000 		.4byte	.LVL30
 1724 00c6 4C000000 		.4byte	.LFE35
 1725 00ca 0400     		.2byte	0x4
 1726 00cc F3       		.byte	0xf3
 1727 00cd 01       		.uleb128 0x1
 1728 00ce 51       		.byte	0x51
 1729 00cf 9F       		.byte	0x9f
 1730 00d0 00000000 		.4byte	0
 1731 00d4 00000000 		.4byte	0
 1732              	.LLST4:
 1733 00d8 00000000 		.4byte	.LVL28
 1734 00dc 18000000 		.4byte	.LVL30
 1735 00e0 0100     		.2byte	0x1
 1736 00e2 52       		.byte	0x52
 1737 00e3 18000000 		.4byte	.LVL30
 1738 00e7 4C000000 		.4byte	.LFE35
 1739 00eb 0400     		.2byte	0x4
 1740 00ed F3       		.byte	0xf3
 1741 00ee 01       		.uleb128 0x1
 1742 00ef 52       		.byte	0x52
 1743 00f0 9F       		.byte	0x9f
 1744 00f1 00000000 		.4byte	0
 1745 00f5 00000000 		.4byte	0
 1746              	.LLST5:
 1747 00f9 00000000 		.4byte	.LVL28
 1748 00fd 18000000 		.4byte	.LVL30
 1749 0101 0100     		.2byte	0x1
 1750 0103 53       		.byte	0x53
 1751 0104 18000000 		.4byte	.LVL30
 1752 0108 4C000000 		.4byte	.LFE35
 1753 010c 0400     		.2byte	0x4
 1754 010e F3       		.byte	0xf3
 1755 010f 01       		.uleb128 0x1
 1756 0110 53       		.byte	0x53
 1757 0111 9F       		.byte	0x9f
 1758 0112 00000000 		.4byte	0
 1759 0116 00000000 		.4byte	0
 1760              	.LLST6:
 1761 011a 14000000 		.4byte	.LVL29
 1762 011e 18000000 		.4byte	.LVL30
 1763 0122 0200     		.2byte	0x2
 1764 0124 30       		.byte	0x30
 1765 0125 9F       		.byte	0x9f
 1766 0126 18000000 		.4byte	.LVL30
 1767 012a 3E000000 		.4byte	.LVL32
 1768 012e 0100     		.2byte	0x1
 1769 0130 54       		.byte	0x54
 1770 0131 40000000 		.4byte	.LVL33
 1771 0135 46000000 		.4byte	.LVL34
 1772 0139 0100     		.2byte	0x1
 1773 013b 54       		.byte	0x54
 1774 013c 00000000 		.4byte	0
ARM GAS  C:\Users\ribot\AppData\Local\Temp\ccORJEkm.s 			page 37


 1775 0140 00000000 		.4byte	0
 1776              	.LLST7:
 1777 0144 1C000000 		.4byte	.LVL38
 1778 0148 25000000 		.4byte	.LVL39-1
 1779 014c 0100     		.2byte	0x1
 1780 014e 50       		.byte	0x50
 1781 014f 28000000 		.4byte	.LVL40
 1782 0153 33000000 		.4byte	.LVL41-1
 1783 0157 0100     		.2byte	0x1
 1784 0159 50       		.byte	0x50
 1785 015a 36000000 		.4byte	.LVL42
 1786 015e 41000000 		.4byte	.LVL43-1
 1787 0162 0100     		.2byte	0x1
 1788 0164 50       		.byte	0x50
 1789 0165 44000000 		.4byte	.LVL44
 1790 0169 4F000000 		.4byte	.LVL45-1
 1791 016d 0100     		.2byte	0x1
 1792 016f 50       		.byte	0x50
 1793 0170 52000000 		.4byte	.LVL46
 1794 0174 5D000000 		.4byte	.LVL47-1
 1795 0178 0100     		.2byte	0x1
 1796 017a 50       		.byte	0x50
 1797 017b 60000000 		.4byte	.LVL48
 1798 017f 73000000 		.4byte	.LVL49-1
 1799 0183 0100     		.2byte	0x1
 1800 0185 50       		.byte	0x50
 1801 0186 76000000 		.4byte	.LVL50
 1802 018a 79000000 		.4byte	.LVL51-1
 1803 018e 0100     		.2byte	0x1
 1804 0190 50       		.byte	0x50
 1805 0191 00000000 		.4byte	0
 1806 0195 00000000 		.4byte	0
 1807              	.LLST8:
 1808 0199 0A000000 		.4byte	.LVL35
 1809 019d 25000000 		.4byte	.LVL39-1
 1810 01a1 0100     		.2byte	0x1
 1811 01a3 51       		.byte	0x51
 1812 01a4 28000000 		.4byte	.LVL40
 1813 01a8 33000000 		.4byte	.LVL41-1
 1814 01ac 0100     		.2byte	0x1
 1815 01ae 51       		.byte	0x51
 1816 01af 36000000 		.4byte	.LVL42
 1817 01b3 41000000 		.4byte	.LVL43-1
 1818 01b7 0100     		.2byte	0x1
 1819 01b9 51       		.byte	0x51
 1820 01ba 44000000 		.4byte	.LVL44
 1821 01be 4F000000 		.4byte	.LVL45-1
 1822 01c2 0100     		.2byte	0x1
 1823 01c4 51       		.byte	0x51
 1824 01c5 52000000 		.4byte	.LVL46
 1825 01c9 5D000000 		.4byte	.LVL47-1
 1826 01cd 0100     		.2byte	0x1
 1827 01cf 51       		.byte	0x51
 1828 01d0 60000000 		.4byte	.LVL48
 1829 01d4 73000000 		.4byte	.LVL49-1
 1830 01d8 0100     		.2byte	0x1
 1831 01da 51       		.byte	0x51
ARM GAS  C:\Users\ribot\AppData\Local\Temp\ccORJEkm.s 			page 38


 1832 01db 76000000 		.4byte	.LVL50
 1833 01df 79000000 		.4byte	.LVL51-1
 1834 01e3 0100     		.2byte	0x1
 1835 01e5 51       		.byte	0x51
 1836 01e6 00000000 		.4byte	0
 1837 01ea 00000000 		.4byte	0
 1838              	.LLST9:
 1839 01ee 10000000 		.4byte	.LVL36
 1840 01f2 25000000 		.4byte	.LVL39-1
 1841 01f6 0100     		.2byte	0x1
 1842 01f8 52       		.byte	0x52
 1843 01f9 28000000 		.4byte	.LVL40
 1844 01fd 33000000 		.4byte	.LVL41-1
 1845 0201 0100     		.2byte	0x1
 1846 0203 52       		.byte	0x52
 1847 0204 36000000 		.4byte	.LVL42
 1848 0208 41000000 		.4byte	.LVL43-1
 1849 020c 0100     		.2byte	0x1
 1850 020e 52       		.byte	0x52
 1851 020f 44000000 		.4byte	.LVL44
 1852 0213 4F000000 		.4byte	.LVL45-1
 1853 0217 0100     		.2byte	0x1
 1854 0219 52       		.byte	0x52
 1855 021a 52000000 		.4byte	.LVL46
 1856 021e 5D000000 		.4byte	.LVL47-1
 1857 0222 0100     		.2byte	0x1
 1858 0224 52       		.byte	0x52
 1859 0225 60000000 		.4byte	.LVL48
 1860 0229 73000000 		.4byte	.LVL49-1
 1861 022d 0100     		.2byte	0x1
 1862 022f 52       		.byte	0x52
 1863 0230 76000000 		.4byte	.LVL50
 1864 0234 79000000 		.4byte	.LVL51-1
 1865 0238 0100     		.2byte	0x1
 1866 023a 52       		.byte	0x52
 1867 023b 00000000 		.4byte	0
 1868 023f 00000000 		.4byte	0
 1869              	.LLST10:
 1870 0243 16000000 		.4byte	.LVL37
 1871 0247 25000000 		.4byte	.LVL39-1
 1872 024b 0100     		.2byte	0x1
 1873 024d 53       		.byte	0x53
 1874 024e 28000000 		.4byte	.LVL40
 1875 0252 33000000 		.4byte	.LVL41-1
 1876 0256 0100     		.2byte	0x1
 1877 0258 53       		.byte	0x53
 1878 0259 36000000 		.4byte	.LVL42
 1879 025d 41000000 		.4byte	.LVL43-1
 1880 0261 0100     		.2byte	0x1
 1881 0263 53       		.byte	0x53
 1882 0264 44000000 		.4byte	.LVL44
 1883 0268 4F000000 		.4byte	.LVL45-1
 1884 026c 0100     		.2byte	0x1
 1885 026e 53       		.byte	0x53
 1886 026f 52000000 		.4byte	.LVL46
 1887 0273 5D000000 		.4byte	.LVL47-1
 1888 0277 0100     		.2byte	0x1
ARM GAS  C:\Users\ribot\AppData\Local\Temp\ccORJEkm.s 			page 39


 1889 0279 53       		.byte	0x53
 1890 027a 60000000 		.4byte	.LVL48
 1891 027e 73000000 		.4byte	.LVL49-1
 1892 0282 0100     		.2byte	0x1
 1893 0284 53       		.byte	0x53
 1894 0285 76000000 		.4byte	.LVL50
 1895 0289 79000000 		.4byte	.LVL51-1
 1896 028d 0100     		.2byte	0x1
 1897 028f 53       		.byte	0x53
 1898 0290 00000000 		.4byte	0
 1899 0294 00000000 		.4byte	0
 1900              	.LLST11:
 1901 0298 02000000 		.4byte	.LVL52
 1902 029c 08000000 		.4byte	.LVL54
 1903 02a0 0200     		.2byte	0x2
 1904 02a2 30       		.byte	0x30
 1905 02a3 9F       		.byte	0x9f
 1906 02a4 08000000 		.4byte	.LVL54
 1907 02a8 3A000000 		.4byte	.LVL57
 1908 02ac 0100     		.2byte	0x1
 1909 02ae 54       		.byte	0x54
 1910 02af 00000000 		.4byte	0
 1911 02b3 00000000 		.4byte	0
 1912              		.section	.debug_aranges,"",%progbits
 1913 0000 54000000 		.4byte	0x54
 1914 0004 0200     		.2byte	0x2
 1915 0006 00000000 		.4byte	.Ldebug_info0
 1916 000a 04       		.byte	0x4
 1917 000b 00       		.byte	0
 1918 000c 0000     		.2byte	0
 1919 000e 0000     		.2byte	0
 1920 0010 00000000 		.4byte	.LFB32
 1921 0014 46000000 		.4byte	.LFE32-.LFB32
 1922 0018 00000000 		.4byte	.LFB33
 1923 001c A4000000 		.4byte	.LFE33-.LFB33
 1924 0020 00000000 		.4byte	.LFB34
 1925 0024 16000000 		.4byte	.LFE34-.LFB34
 1926 0028 00000000 		.4byte	.LFB35
 1927 002c 4C000000 		.4byte	.LFE35-.LFB35
 1928 0030 00000000 		.4byte	.LFB36
 1929 0034 80000000 		.4byte	.LFE36-.LFB36
 1930 0038 00000000 		.4byte	.LFB37
 1931 003c 44000000 		.4byte	.LFE37-.LFB37
 1932 0040 00000000 		.4byte	.LFB38
 1933 0044 38000000 		.4byte	.LFE38-.LFB38
 1934 0048 00000000 		.4byte	.LFB39
 1935 004c 20000000 		.4byte	.LFE39-.LFB39
 1936 0050 00000000 		.4byte	0
 1937 0054 00000000 		.4byte	0
 1938              		.section	.debug_ranges,"",%progbits
 1939              	.Ldebug_ranges0:
 1940 0000 00000000 		.4byte	.LFB32
 1941 0004 46000000 		.4byte	.LFE32
 1942 0008 00000000 		.4byte	.LFB33
 1943 000c A4000000 		.4byte	.LFE33
 1944 0010 00000000 		.4byte	.LFB34
 1945 0014 16000000 		.4byte	.LFE34
ARM GAS  C:\Users\ribot\AppData\Local\Temp\ccORJEkm.s 			page 40


 1946 0018 00000000 		.4byte	.LFB35
 1947 001c 4C000000 		.4byte	.LFE35
 1948 0020 00000000 		.4byte	.LFB36
 1949 0024 80000000 		.4byte	.LFE36
 1950 0028 00000000 		.4byte	.LFB37
 1951 002c 44000000 		.4byte	.LFE37
 1952 0030 00000000 		.4byte	.LFB38
 1953 0034 38000000 		.4byte	.LFE38
 1954 0038 00000000 		.4byte	.LFB39
 1955 003c 20000000 		.4byte	.LFE39
 1956 0040 00000000 		.4byte	0
 1957 0044 00000000 		.4byte	0
 1958              		.section	.debug_line,"",%progbits
 1959              	.Ldebug_line0:
 1960 0000 C6010000 		.section	.debug_str,"MS",%progbits,1
 1960      0200AD00 
 1960      00000201 
 1960      FB0E0D00 
 1960      01010101 
 1961              	.LASF44:
 1962 0000 55415254 		.ascii	"UART_1_Start\000"
 1962      5F315F53 
 1962      74617274 
 1962      00
 1963              	.LASF46:
 1964 000d 54696D65 		.ascii	"Timer_1_Start\000"
 1964      725F315F 
 1964      53746172 
 1964      7400
 1965              	.LASF31:
 1966 001b 4368616E 		.ascii	"ChannelIdx\000"
 1966      6E656C49 
 1966      647800
 1967              	.LASF43:
 1968 0026 55415254 		.ascii	"UART_1_UartGetChar\000"
 1968      5F315F55 
 1968      61727447 
 1968      65744368 
 1968      617200
 1969              	.LASF26:
 1970 0039 54696D65 		.ascii	"TimeSlotInterrupt\000"
 1970      536C6F74 
 1970      496E7465 
 1970      72727570 
 1970      7400
 1971              	.LASF25:
 1972 004b 4368616E 		.ascii	"ChannelController\000"
 1972      6E656C43 
 1972      6F6E7472 
 1972      6F6C6C65 
 1972      7200
 1973              	.LASF23:
 1974 005d 4368616E 		.ascii	"ChannelDescriptorType\000"
 1974      6E656C44 
 1974      65736372 
 1974      6970746F 
 1974      72547970 
ARM GAS  C:\Users\ribot\AppData\Local\Temp\ccORJEkm.s 			page 41


 1975              	.LASF30:
 1976 0073 43757272 		.ascii	"CurrentChannelNumber\000"
 1976      656E7443 
 1976      68616E6E 
 1976      656C4E75 
 1976      6D626572 
 1977              	.LASF52:
 1978 0088 433A5C55 		.ascii	"C:\\Users\\ribot\\Documents\\PSoC Creator\\Kursovi\\"
 1978      73657273 
 1978      5C726962 
 1978      6F745C44 
 1978      6F63756D 
 1979 00b6 4B757273 		.ascii	"Kursova_1(4)_Varik.cydsn\000"
 1979      6F76615F 
 1979      31283429 
 1979      5F566172 
 1979      696B2E63 
 1980              	.LASF22:
 1981 00cf 50696E43 		.ascii	"PinControlFunction\000"
 1981      6F6E7472 
 1981      6F6C4675 
 1981      6E637469 
 1981      6F6E00
 1982              	.LASF18:
 1983 00e2 43757272 		.ascii	"Current_L\000"
 1983      656E745F 
 1983      4C00
 1984              	.LASF49:
 1985 00ec 47726565 		.ascii	"Green_Output_Write\000"
 1985      6E5F4F75 
 1985      74707574 
 1985      5F577269 
 1985      746500
 1986              	.LASF11:
 1987 00ff 666C6F61 		.ascii	"float\000"
 1987      7400
 1988              	.LASF0:
 1989 0105 7369676E 		.ascii	"signed char\000"
 1989      65642063 
 1989      68617200 
 1990              	.LASF33:
 1991 0111 56616C75 		.ascii	"ValueD\000"
 1991      654400
 1992              	.LASF1:
 1993 0118 756E7369 		.ascii	"unsigned char\000"
 1993      676E6564 
 1993      20636861 
 1993      7200
 1994              	.LASF34:
 1995 0126 56616C75 		.ascii	"ValueH\000"
 1995      654800
 1996              	.LASF29:
 1997 012d 4368616E 		.ascii	"ChannelNumber\000"
 1997      6E656C4E 
 1997      756D6265 
 1997      7200
 1998              	.LASF5:
ARM GAS  C:\Users\ribot\AppData\Local\Temp\ccORJEkm.s 			page 42


 1999 013b 6C6F6E67 		.ascii	"long unsigned int\000"
 1999      20756E73 
 1999      69676E65 
 1999      6420696E 
 1999      7400
 2000              	.LASF35:
 2001 014d 56616C75 		.ascii	"ValueL\000"
 2001      654C00
 2002              	.LASF3:
 2003 0154 73686F72 		.ascii	"short unsigned int\000"
 2003      7420756E 
 2003      7369676E 
 2003      65642069 
 2003      6E7400
 2004              	.LASF38:
 2005 0167 496E6974 		.ascii	"Init\000"
 2005      00
 2006              	.LASF48:
 2007 016c 426C7565 		.ascii	"Blue_Output_Write\000"
 2007      5F4F7574 
 2007      7075745F 
 2007      57726974 
 2007      6500
 2008              	.LASF37:
 2009 017e 43757272 		.ascii	"CurrentCharacter\000"
 2009      656E7443 
 2009      68617261 
 2009      63746572 
 2009      00
 2010              	.LASF24:
 2011 018f 4572726F 		.ascii	"Error_Return\000"
 2011      725F5265 
 2011      7475726E 
 2011      00
 2012              	.LASF12:
 2013 019c 646F7562 		.ascii	"double\000"
 2013      6C6500
 2014              	.LASF2:
 2015 01a3 73686F72 		.ascii	"short int\000"
 2015      7420696E 
 2015      7400
 2016              	.LASF42:
 2017 01ad 55415254 		.ascii	"UART_1_SpiUartWriteTxData\000"
 2017      5F315F53 
 2017      70695561 
 2017      72745772 
 2017      69746554 
 2018              	.LASF19:
 2019 01c7 4D61785F 		.ascii	"Max_D\000"
 2019      4400
 2020              	.LASF10:
 2021 01cd 75696E74 		.ascii	"uint32\000"
 2021      333200
 2022              	.LASF53:
 2023 01d4 6D61696E 		.ascii	"main\000"
 2023      00
 2024              	.LASF8:
ARM GAS  C:\Users\ribot\AppData\Local\Temp\ccORJEkm.s 			page 43


 2025 01d9 756E7369 		.ascii	"unsigned int\000"
 2025      676E6564 
 2025      20696E74 
 2025      00
 2026              	.LASF21:
 2027 01e6 4D61785F 		.ascii	"Max_L\000"
 2027      4C00
 2028              	.LASF7:
 2029 01ec 6C6F6E67 		.ascii	"long long unsigned int\000"
 2029      206C6F6E 
 2029      6720756E 
 2029      7369676E 
 2029      65642069 
 2030              	.LASF27:
 2031 0203 55706461 		.ascii	"UpdateChannelDescriptor\000"
 2031      74654368 
 2031      616E6E65 
 2031      6C446573 
 2031      63726970 
 2032              	.LASF40:
 2033 021b 55617274 		.ascii	"UartBuffer\000"
 2033      42756666 
 2033      657200
 2034              	.LASF16:
 2035 0226 43757272 		.ascii	"Current_D\000"
 2035      656E745F 
 2035      4400
 2036              	.LASF17:
 2037 0230 43757272 		.ascii	"Current_H\000"
 2037      656E745F 
 2037      4800
 2038              	.LASF50:
 2039 023a 474E5520 		.ascii	"GNU C11 5.4.1 20160609 (release) [ARM/embedded-5-br"
 2039      43313120 
 2039      352E342E 
 2039      31203230 
 2039      31363036 
 2040 026d 616E6368 		.ascii	"anch revision 237715] -mcpu=cortex-m0 -mthumb -g -O"
 2040      20726576 
 2040      6973696F 
 2040      6E203233 
 2040      37373135 
 2041 02a0 67202D66 		.ascii	"g -ffunction-sections -ffat-lto-objects\000"
 2041      66756E63 
 2041      74696F6E 
 2041      2D736563 
 2041      74696F6E 
 2042              	.LASF36:
 2043 02c8 55617274 		.ascii	"UartDataReader\000"
 2043      44617461 
 2043      52656164 
 2043      657200
 2044              	.LASF15:
 2045 02d7 73697A65 		.ascii	"sizetype\000"
 2045      74797065 
 2045      00
 2046              	.LASF6:
ARM GAS  C:\Users\ribot\AppData\Local\Temp\ccORJEkm.s 			page 44


 2047 02e0 6C6F6E67 		.ascii	"long long int\000"
 2047      206C6F6E 
 2047      6720696E 
 2047      7400
 2048              	.LASF51:
 2049 02ee 6D61696E 		.ascii	"main.c\000"
 2049      2E6300
 2050              	.LASF13:
 2051 02f5 63686172 		.ascii	"char\000"
 2051      00
 2052              	.LASF28:
 2053 02fa 4368616E 		.ascii	"Channel_Number\000"
 2053      6E656C5F 
 2053      4E756D62 
 2053      657200
 2054              	.LASF20:
 2055 0309 4D61785F 		.ascii	"Max_H\000"
 2055      4800
 2056              	.LASF9:
 2057 030f 75696E74 		.ascii	"uint8\000"
 2057      3800
 2058              	.LASF4:
 2059 0315 6C6F6E67 		.ascii	"long int\000"
 2059      20696E74 
 2059      00
 2060              	.LASF41:
 2061 031e 55617274 		.ascii	"UartBufferIdx\000"
 2061      42756666 
 2061      65724964 
 2061      7800
 2062              	.LASF14:
 2063 032c 6C6F6E67 		.ascii	"long double\000"
 2063      20646F75 
 2063      626C6500 
 2064              	.LASF39:
 2065 0338 4368616E 		.ascii	"ChannelDescriptorsArray\000"
 2065      6E656C44 
 2065      65736372 
 2065      6970746F 
 2065      72734172 
 2066              	.LASF32:
 2067 0350 55617274 		.ascii	"UartBufferParser\000"
 2067      42756666 
 2067      65725061 
 2067      72736572 
 2067      00
 2068              	.LASF45:
 2069 0361 6973725F 		.ascii	"isr_1_StartEx\000"
 2069      315F5374 
 2069      61727445 
 2069      7800
 2070              	.LASF47:
 2071 036f 5265645F 		.ascii	"Red_Output_Write\000"
 2071      4F757470 
 2071      75745F57 
 2071      72697465 
 2071      00
ARM GAS  C:\Users\ribot\AppData\Local\Temp\ccORJEkm.s 			page 45


 2072              		.ident	"GCC: (GNU Tools for ARM Embedded Processors) 5.4.1 20160609 (release) [ARM/embedded-5-bran
