ARM GAS  C:\Users\ykuch\AppData\Local\Temp\ccmqMAbu.s 			page 1


   1              		.syntax unified
   2              		.cpu cortex-m0
   3              		.fpu softvfp
   4              		.eabi_attribute 20, 1
   5              		.eabi_attribute 21, 1
   6              		.eabi_attribute 23, 3
   7              		.eabi_attribute 24, 1
   8              		.eabi_attribute 25, 1
   9              		.eabi_attribute 26, 1
  10              		.eabi_attribute 30, 1
  11              		.eabi_attribute 34, 0
  12              		.eabi_attribute 18, 4
  13              		.thumb
  14              		.syntax unified
  15              		.file	"main.c"
  16              		.text
  17              	.Ltext0:
  18              		.cfi_sections	.debug_frame
  19              		.section	.text.main,"ax",%progbits
  20              		.align	2
  21              		.global	main
  22              		.code	16
  23              		.thumb_func
  24              		.type	main, %function
  25              	main:
  26              	.LFB32:
  27              		.file 1 "main.c"
   1:main.c        **** #include "project.h"
   2:main.c        **** uint8 s;
   3:main.c        **** uint8 var1;
   4:main.c        **** const uint8 Name[] = {"Chulup_Denis"}; // 12 submol
   5:main.c        **** 
   6:main.c        **** int main(void)
   7:main.c        **** {
  28              		.loc 1 7 0
  29              		.cfi_startproc
  30              		@ args = 0, pretend = 0, frame = 0
  31              		@ frame_needed = 0, uses_anonymous_args = 0
  32 0000 10B5     		push	{r4, lr}
  33              		.cfi_def_cfa_offset 8
  34              		.cfi_offset 4, -8
  35              		.cfi_offset 14, -4
   8:main.c        ****     UART_Start(); // запуск блоку UART
  36              		.loc 1 8 0
  37 0002 FFF7FEFF 		bl	UART_Start
  38              	.LVL0:
   9:main.c        ****     UART_UartPutString("Start_program: ");
  39              		.loc 1 9 0
  40 0006 1248     		ldr	r0, .L4
  41 0008 FFF7FEFF 		bl	UART_UartPutString
  42              	.LVL1:
  10:main.c        **** 
  11:main.c        ****     CyGlobalIntEnable; 
  43              		.loc 1 11 0
  44              		.syntax divided
  45              	@ 11 "main.c" 1
  46 000c 62B6     		CPSIE   i
ARM GAS  C:\Users\ykuch\AppData\Local\Temp\ccmqMAbu.s 			page 2


  47              	@ 0 "" 2
  12:main.c        ****     /*
  13:main.c        ****     for(int i; i <= 12; i++)
  14:main.c        ****     {
  15:main.c        ****         UART_UartPutChar(Name[i]);
  16:main.c        ****         CyDelay(1000);//1s
  17:main.c        ****     }
  18:main.c        ****     */
  19:main.c        ****     
  20:main.c        ****     s = UART_UartGetChar();
  48              		.loc 1 20 0
  49              		.thumb
  50              		.syntax unified
  51 000e FFF7FEFF 		bl	UART_UartGetChar
  52              	.LVL2:
  53 0012 C0B2     		uxtb	r0, r0
  54 0014 0F4B     		ldr	r3, .L4+4
  55 0016 1870     		strb	r0, [r3]
  21:main.c        ****     // Зчитуємо з інтерфейсу UART символи
  22:main.c        ****     
  23:main.c        ****     if(s > 0u)
  56              		.loc 1 23 0
  57 0018 0028     		cmp	r0, #0
  58 001a 0CD0     		beq	.L2
  24:main.c        ****     {
  25:main.c        ****         UART_UartPutChar(s);
  59              		.loc 1 25 0
  60 001c FFF7FEFF 		bl	UART_SpiUartWriteTxData
  61              	.LVL3:
  26:main.c        ****         Green_Write(0);
  62              		.loc 1 26 0
  63 0020 0020     		movs	r0, #0
  64 0022 FFF7FEFF 		bl	Green_Write
  65              	.LVL4:
  27:main.c        ****         CyDelay(1000);//1s
  66              		.loc 1 27 0
  67 0026 FA20     		movs	r0, #250
  68 0028 8000     		lsls	r0, r0, #2
  69 002a FFF7FEFF 		bl	CyDelay
  70              	.LVL5:
  28:main.c        ****         Green_Write(1);
  71              		.loc 1 28 0
  72 002e 0120     		movs	r0, #1
  73 0030 FFF7FEFF 		bl	Green_Write
  74              	.LVL6:
  75 0034 09E0     		b	.L3
  76              	.L2:
  29:main.c        ****     }
  30:main.c        ****     else
  31:main.c        ****     {
  32:main.c        ****         Red_Write(0);
  77              		.loc 1 32 0
  78 0036 0020     		movs	r0, #0
  79 0038 FFF7FEFF 		bl	Red_Write
  80              	.LVL7:
  33:main.c        ****         CyDelay(1000);//1s
  81              		.loc 1 33 0
ARM GAS  C:\Users\ykuch\AppData\Local\Temp\ccmqMAbu.s 			page 3


  82 003c FA20     		movs	r0, #250
  83 003e 8000     		lsls	r0, r0, #2
  84 0040 FFF7FEFF 		bl	CyDelay
  85              	.LVL8:
  34:main.c        ****         Red_Write(1);
  86              		.loc 1 34 0
  87 0044 0120     		movs	r0, #1
  88 0046 FFF7FEFF 		bl	Red_Write
  89              	.LVL9:
  90              	.L3:
  35:main.c        ****     }
  36:main.c        **** }...
  91              		.loc 1 36 0
  92 004a 0020     		movs	r0, #0
  93              		@ sp needed
  94 004c 10BD     		pop	{r4, pc}
  95              	.L5:
  96 004e C046     		.align	2
  97              	.L4:
  98 0050 00000000 		.word	.LC0
  99 0054 00000000 		.word	s
 100              		.cfi_endproc
 101              	.LFE32:
 102              		.size	main, .-main
 103              		.global	Name
 104              		.comm	var1,1,1
 105              		.comm	s,1,1
 106              		.section	.rodata
 107              		.align	2
 108              		.type	Name, %object
 109              		.size	Name, 13
 110              	Name:
 111 0000 4368756C 		.ascii	"Chulup_Denis\000"
 111      75705F44 
 111      656E6973 
 111      00
 112              		.section	.rodata.str1.4,"aMS",%progbits,1
 113              		.align	2
 114              	.LC0:
 115 0000 53746172 		.ascii	"Start_program: \000"
 115      745F7072 
 115      6F677261 
 115      6D3A2000 
 116              		.text
 117              	.Letext0:
 118              		.file 2 "Generated_Source\\PSoC4/cytypes.h"
 119              		.file 3 "Generated_Source\\PSoC4/UART.h"
 120              		.file 4 "Generated_Source\\PSoC4/UART_SPI_UART.h"
 121              		.file 5 "Generated_Source\\PSoC4/Green.h"
 122              		.file 6 "Generated_Source\\PSoC4/CyLib.h"
 123              		.file 7 "Generated_Source\\PSoC4/Red.h"
 124              		.section	.debug_info,"",%progbits
 125              	.Ldebug_info0:
 126 0000 FC010000 		.4byte	0x1fc
 127 0004 0400     		.2byte	0x4
 128 0006 00000000 		.4byte	.Ldebug_abbrev0
 129 000a 04       		.byte	0x4
ARM GAS  C:\Users\ykuch\AppData\Local\Temp\ccmqMAbu.s 			page 4


 130 000b 01       		.uleb128 0x1
 131 000c B4000000 		.4byte	.LASF25
 132 0010 0C       		.byte	0xc
 133 0011 59010000 		.4byte	.LASF26
 134 0015 8B010000 		.4byte	.LASF27
 135 0019 00000000 		.4byte	.Ldebug_ranges0+0
 136 001d 00000000 		.4byte	0
 137 0021 00000000 		.4byte	.Ldebug_line0
 138 0025 02       		.uleb128 0x2
 139 0026 01       		.byte	0x1
 140 0027 06       		.byte	0x6
 141 0028 B9010000 		.4byte	.LASF0
 142 002c 02       		.uleb128 0x2
 143 002d 01       		.byte	0x1
 144 002e 08       		.byte	0x8
 145 002f 47000000 		.4byte	.LASF1
 146 0033 02       		.uleb128 0x2
 147 0034 02       		.byte	0x2
 148 0035 05       		.byte	0x5
 149 0036 78010000 		.4byte	.LASF2
 150 003a 02       		.uleb128 0x2
 151 003b 02       		.byte	0x2
 152 003c 07       		.byte	0x7
 153 003d 1B000000 		.4byte	.LASF3
 154 0041 02       		.uleb128 0x2
 155 0042 04       		.byte	0x4
 156 0043 05       		.byte	0x5
 157 0044 82010000 		.4byte	.LASF4
 158 0048 02       		.uleb128 0x2
 159 0049 04       		.byte	0x4
 160 004a 07       		.byte	0x7
 161 004b 55000000 		.4byte	.LASF5
 162 004f 02       		.uleb128 0x2
 163 0050 08       		.byte	0x8
 164 0051 05       		.byte	0x5
 165 0052 4B010000 		.4byte	.LASF6
 166 0056 02       		.uleb128 0x2
 167 0057 08       		.byte	0x8
 168 0058 07       		.byte	0x7
 169 0059 9D000000 		.4byte	.LASF7
 170 005d 03       		.uleb128 0x3
 171 005e 04       		.byte	0x4
 172 005f 05       		.byte	0x5
 173 0060 696E7400 		.ascii	"int\000"
 174 0064 02       		.uleb128 0x2
 175 0065 04       		.byte	0x4
 176 0066 07       		.byte	0x7
 177 0067 90000000 		.4byte	.LASF8
 178 006b 04       		.uleb128 0x4
 179 006c 67000000 		.4byte	.LASF9
 180 0070 02       		.byte	0x2
 181 0071 FB01     		.2byte	0x1fb
 182 0073 2C000000 		.4byte	0x2c
 183 0077 04       		.uleb128 0x4
 184 0078 84000000 		.4byte	.LASF10
 185 007c 02       		.byte	0x2
 186 007d FD01     		.2byte	0x1fd
ARM GAS  C:\Users\ykuch\AppData\Local\Temp\ccmqMAbu.s 			page 5


 187 007f 48000000 		.4byte	0x48
 188 0083 02       		.uleb128 0x2
 189 0084 04       		.byte	0x4
 190 0085 04       		.byte	0x4
 191 0086 41000000 		.4byte	.LASF11
 192 008a 02       		.uleb128 0x2
 193 008b 08       		.byte	0x8
 194 008c 04       		.byte	0x4
 195 008d 78000000 		.4byte	.LASF12
 196 0091 02       		.uleb128 0x2
 197 0092 01       		.byte	0x1
 198 0093 08       		.byte	0x8
 199 0094 00000000 		.4byte	.LASF13
 200 0098 02       		.uleb128 0x2
 201 0099 08       		.byte	0x8
 202 009a 04       		.byte	0x4
 203 009b AD010000 		.4byte	.LASF14
 204 009f 02       		.uleb128 0x2
 205 00a0 04       		.byte	0x4
 206 00a1 07       		.byte	0x7
 207 00a2 42010000 		.4byte	.LASF15
 208 00a6 05       		.uleb128 0x5
 209 00a7 7F000000 		.4byte	.LASF28
 210 00ab 01       		.byte	0x1
 211 00ac 06       		.byte	0x6
 212 00ad 5D000000 		.4byte	0x5d
 213 00b1 00000000 		.4byte	.LFB32
 214 00b5 58000000 		.4byte	.LFE32-.LFB32
 215 00b9 01       		.uleb128 0x1
 216 00ba 9C       		.byte	0x9c
 217 00bb 64010000 		.4byte	0x164
 218 00bf 06       		.uleb128 0x6
 219 00c0 06000000 		.4byte	.LVL0
 220 00c4 AF010000 		.4byte	0x1af
 221 00c8 07       		.uleb128 0x7
 222 00c9 0C000000 		.4byte	.LVL1
 223 00cd BA010000 		.4byte	0x1ba
 224 00d1 DF000000 		.4byte	0xdf
 225 00d5 08       		.uleb128 0x8
 226 00d6 01       		.uleb128 0x1
 227 00d7 50       		.byte	0x50
 228 00d8 05       		.uleb128 0x5
 229 00d9 03       		.byte	0x3
 230 00da 00000000 		.4byte	.LC0
 231 00de 00       		.byte	0
 232 00df 06       		.uleb128 0x6
 233 00e0 12000000 		.4byte	.LVL2
 234 00e4 C6010000 		.4byte	0x1c6
 235 00e8 06       		.uleb128 0x6
 236 00e9 20000000 		.4byte	.LVL3
 237 00ed D2010000 		.4byte	0x1d2
 238 00f1 07       		.uleb128 0x7
 239 00f2 26000000 		.4byte	.LVL4
 240 00f6 DE010000 		.4byte	0x1de
 241 00fa 04010000 		.4byte	0x104
 242 00fe 08       		.uleb128 0x8
 243 00ff 01       		.uleb128 0x1
ARM GAS  C:\Users\ykuch\AppData\Local\Temp\ccmqMAbu.s 			page 6


 244 0100 50       		.byte	0x50
 245 0101 01       		.uleb128 0x1
 246 0102 30       		.byte	0x30
 247 0103 00       		.byte	0
 248 0104 07       		.uleb128 0x7
 249 0105 2E000000 		.4byte	.LVL5
 250 0109 E9010000 		.4byte	0x1e9
 251 010d 19010000 		.4byte	0x119
 252 0111 08       		.uleb128 0x8
 253 0112 01       		.uleb128 0x1
 254 0113 50       		.byte	0x50
 255 0114 03       		.uleb128 0x3
 256 0115 0A       		.byte	0xa
 257 0116 E803     		.2byte	0x3e8
 258 0118 00       		.byte	0
 259 0119 07       		.uleb128 0x7
 260 011a 34000000 		.4byte	.LVL6
 261 011e DE010000 		.4byte	0x1de
 262 0122 2C010000 		.4byte	0x12c
 263 0126 08       		.uleb128 0x8
 264 0127 01       		.uleb128 0x1
 265 0128 50       		.byte	0x50
 266 0129 01       		.uleb128 0x1
 267 012a 31       		.byte	0x31
 268 012b 00       		.byte	0
 269 012c 07       		.uleb128 0x7
 270 012d 3C000000 		.4byte	.LVL7
 271 0131 F4010000 		.4byte	0x1f4
 272 0135 3F010000 		.4byte	0x13f
 273 0139 08       		.uleb128 0x8
 274 013a 01       		.uleb128 0x1
 275 013b 50       		.byte	0x50
 276 013c 01       		.uleb128 0x1
 277 013d 30       		.byte	0x30
 278 013e 00       		.byte	0
 279 013f 07       		.uleb128 0x7
 280 0140 44000000 		.4byte	.LVL8
 281 0144 E9010000 		.4byte	0x1e9
 282 0148 54010000 		.4byte	0x154
 283 014c 08       		.uleb128 0x8
 284 014d 01       		.uleb128 0x1
 285 014e 50       		.byte	0x50
 286 014f 03       		.uleb128 0x3
 287 0150 0A       		.byte	0xa
 288 0151 E803     		.2byte	0x3e8
 289 0153 00       		.byte	0
 290 0154 09       		.uleb128 0x9
 291 0155 4A000000 		.4byte	.LVL9
 292 0159 F4010000 		.4byte	0x1f4
 293 015d 08       		.uleb128 0x8
 294 015e 01       		.uleb128 0x1
 295 015f 50       		.byte	0x50
 296 0160 01       		.uleb128 0x1
 297 0161 31       		.byte	0x31
 298 0162 00       		.byte	0
 299 0163 00       		.byte	0
 300 0164 0A       		.uleb128 0xa
ARM GAS  C:\Users\ykuch\AppData\Local\Temp\ccmqMAbu.s 			page 7


 301 0165 7300     		.ascii	"s\000"
 302 0167 01       		.byte	0x1
 303 0168 02       		.byte	0x2
 304 0169 6B000000 		.4byte	0x6b
 305 016d 05       		.uleb128 0x5
 306 016e 03       		.byte	0x3
 307 016f 00000000 		.4byte	s
 308 0173 0B       		.uleb128 0xb
 309 0174 8B000000 		.4byte	.LASF16
 310 0178 01       		.byte	0x1
 311 0179 03       		.byte	0x3
 312 017a 6B000000 		.4byte	0x6b
 313 017e 05       		.uleb128 0x5
 314 017f 03       		.byte	0x3
 315 0180 00000000 		.4byte	var1
 316 0184 0C       		.uleb128 0xc
 317 0185 94010000 		.4byte	0x194
 318 0189 94010000 		.4byte	0x194
 319 018d 0D       		.uleb128 0xd
 320 018e 9F000000 		.4byte	0x9f
 321 0192 0C       		.byte	0xc
 322 0193 00       		.byte	0
 323 0194 0E       		.uleb128 0xe
 324 0195 6B000000 		.4byte	0x6b
 325 0199 0B       		.uleb128 0xb
 326 019a C5010000 		.4byte	.LASF17
 327 019e 01       		.byte	0x1
 328 019f 04       		.byte	0x4
 329 01a0 AA010000 		.4byte	0x1aa
 330 01a4 05       		.uleb128 0x5
 331 01a5 03       		.byte	0x3
 332 01a6 00000000 		.4byte	Name
 333 01aa 0E       		.uleb128 0xe
 334 01ab 84010000 		.4byte	0x184
 335 01af 0F       		.uleb128 0xf
 336 01b0 6D000000 		.4byte	.LASF18
 337 01b4 6D000000 		.4byte	.LASF18
 338 01b8 03       		.byte	0x3
 339 01b9 72       		.byte	0x72
 340 01ba 10       		.uleb128 0x10
 341 01bb 2E000000 		.4byte	.LASF19
 342 01bf 2E000000 		.4byte	.LASF19
 343 01c3 04       		.byte	0x4
 344 01c4 2A03     		.2byte	0x32a
 345 01c6 10       		.uleb128 0x10
 346 01c7 CA010000 		.4byte	.LASF20
 347 01cb CA010000 		.4byte	.LASF20
 348 01cf 04       		.byte	0x4
 349 01d0 0F03     		.2byte	0x30f
 350 01d2 10       		.uleb128 0x10
 351 01d3 60010000 		.4byte	.LASF21
 352 01d7 60010000 		.4byte	.LASF21
 353 01db 04       		.byte	0x4
 354 01dc 4403     		.2byte	0x344
 355 01de 0F       		.uleb128 0xf
 356 01df 0F000000 		.4byte	.LASF22
 357 01e3 0F000000 		.4byte	.LASF22
ARM GAS  C:\Users\ykuch\AppData\Local\Temp\ccmqMAbu.s 			page 8


 358 01e7 05       		.byte	0x5
 359 01e8 33       		.byte	0x33
 360 01e9 0F       		.uleb128 0xf
 361 01ea DB010000 		.4byte	.LASF23
 362 01ee DB010000 		.4byte	.LASF23
 363 01f2 06       		.byte	0x6
 364 01f3 EC       		.byte	0xec
 365 01f4 0F       		.uleb128 0xf
 366 01f5 05000000 		.4byte	.LASF24
 367 01f9 05000000 		.4byte	.LASF24
 368 01fd 07       		.byte	0x7
 369 01fe 33       		.byte	0x33
 370 01ff 00       		.byte	0
 371              		.section	.debug_abbrev,"",%progbits
 372              	.Ldebug_abbrev0:
 373 0000 01       		.uleb128 0x1
 374 0001 11       		.uleb128 0x11
 375 0002 01       		.byte	0x1
 376 0003 25       		.uleb128 0x25
 377 0004 0E       		.uleb128 0xe
 378 0005 13       		.uleb128 0x13
 379 0006 0B       		.uleb128 0xb
 380 0007 03       		.uleb128 0x3
 381 0008 0E       		.uleb128 0xe
 382 0009 1B       		.uleb128 0x1b
 383 000a 0E       		.uleb128 0xe
 384 000b 55       		.uleb128 0x55
 385 000c 17       		.uleb128 0x17
 386 000d 11       		.uleb128 0x11
 387 000e 01       		.uleb128 0x1
 388 000f 10       		.uleb128 0x10
 389 0010 17       		.uleb128 0x17
 390 0011 00       		.byte	0
 391 0012 00       		.byte	0
 392 0013 02       		.uleb128 0x2
 393 0014 24       		.uleb128 0x24
 394 0015 00       		.byte	0
 395 0016 0B       		.uleb128 0xb
 396 0017 0B       		.uleb128 0xb
 397 0018 3E       		.uleb128 0x3e
 398 0019 0B       		.uleb128 0xb
 399 001a 03       		.uleb128 0x3
 400 001b 0E       		.uleb128 0xe
 401 001c 00       		.byte	0
 402 001d 00       		.byte	0
 403 001e 03       		.uleb128 0x3
 404 001f 24       		.uleb128 0x24
 405 0020 00       		.byte	0
 406 0021 0B       		.uleb128 0xb
 407 0022 0B       		.uleb128 0xb
 408 0023 3E       		.uleb128 0x3e
 409 0024 0B       		.uleb128 0xb
 410 0025 03       		.uleb128 0x3
 411 0026 08       		.uleb128 0x8
 412 0027 00       		.byte	0
 413 0028 00       		.byte	0
 414 0029 04       		.uleb128 0x4
ARM GAS  C:\Users\ykuch\AppData\Local\Temp\ccmqMAbu.s 			page 9


 415 002a 16       		.uleb128 0x16
 416 002b 00       		.byte	0
 417 002c 03       		.uleb128 0x3
 418 002d 0E       		.uleb128 0xe
 419 002e 3A       		.uleb128 0x3a
 420 002f 0B       		.uleb128 0xb
 421 0030 3B       		.uleb128 0x3b
 422 0031 05       		.uleb128 0x5
 423 0032 49       		.uleb128 0x49
 424 0033 13       		.uleb128 0x13
 425 0034 00       		.byte	0
 426 0035 00       		.byte	0
 427 0036 05       		.uleb128 0x5
 428 0037 2E       		.uleb128 0x2e
 429 0038 01       		.byte	0x1
 430 0039 3F       		.uleb128 0x3f
 431 003a 19       		.uleb128 0x19
 432 003b 03       		.uleb128 0x3
 433 003c 0E       		.uleb128 0xe
 434 003d 3A       		.uleb128 0x3a
 435 003e 0B       		.uleb128 0xb
 436 003f 3B       		.uleb128 0x3b
 437 0040 0B       		.uleb128 0xb
 438 0041 27       		.uleb128 0x27
 439 0042 19       		.uleb128 0x19
 440 0043 49       		.uleb128 0x49
 441 0044 13       		.uleb128 0x13
 442 0045 11       		.uleb128 0x11
 443 0046 01       		.uleb128 0x1
 444 0047 12       		.uleb128 0x12
 445 0048 06       		.uleb128 0x6
 446 0049 40       		.uleb128 0x40
 447 004a 18       		.uleb128 0x18
 448 004b 9742     		.uleb128 0x2117
 449 004d 19       		.uleb128 0x19
 450 004e 01       		.uleb128 0x1
 451 004f 13       		.uleb128 0x13
 452 0050 00       		.byte	0
 453 0051 00       		.byte	0
 454 0052 06       		.uleb128 0x6
 455 0053 898201   		.uleb128 0x4109
 456 0056 00       		.byte	0
 457 0057 11       		.uleb128 0x11
 458 0058 01       		.uleb128 0x1
 459 0059 31       		.uleb128 0x31
 460 005a 13       		.uleb128 0x13
 461 005b 00       		.byte	0
 462 005c 00       		.byte	0
 463 005d 07       		.uleb128 0x7
 464 005e 898201   		.uleb128 0x4109
 465 0061 01       		.byte	0x1
 466 0062 11       		.uleb128 0x11
 467 0063 01       		.uleb128 0x1
 468 0064 31       		.uleb128 0x31
 469 0065 13       		.uleb128 0x13
 470 0066 01       		.uleb128 0x1
 471 0067 13       		.uleb128 0x13
ARM GAS  C:\Users\ykuch\AppData\Local\Temp\ccmqMAbu.s 			page 10


 472 0068 00       		.byte	0
 473 0069 00       		.byte	0
 474 006a 08       		.uleb128 0x8
 475 006b 8A8201   		.uleb128 0x410a
 476 006e 00       		.byte	0
 477 006f 02       		.uleb128 0x2
 478 0070 18       		.uleb128 0x18
 479 0071 9142     		.uleb128 0x2111
 480 0073 18       		.uleb128 0x18
 481 0074 00       		.byte	0
 482 0075 00       		.byte	0
 483 0076 09       		.uleb128 0x9
 484 0077 898201   		.uleb128 0x4109
 485 007a 01       		.byte	0x1
 486 007b 11       		.uleb128 0x11
 487 007c 01       		.uleb128 0x1
 488 007d 31       		.uleb128 0x31
 489 007e 13       		.uleb128 0x13
 490 007f 00       		.byte	0
 491 0080 00       		.byte	0
 492 0081 0A       		.uleb128 0xa
 493 0082 34       		.uleb128 0x34
 494 0083 00       		.byte	0
 495 0084 03       		.uleb128 0x3
 496 0085 08       		.uleb128 0x8
 497 0086 3A       		.uleb128 0x3a
 498 0087 0B       		.uleb128 0xb
 499 0088 3B       		.uleb128 0x3b
 500 0089 0B       		.uleb128 0xb
 501 008a 49       		.uleb128 0x49
 502 008b 13       		.uleb128 0x13
 503 008c 3F       		.uleb128 0x3f
 504 008d 19       		.uleb128 0x19
 505 008e 02       		.uleb128 0x2
 506 008f 18       		.uleb128 0x18
 507 0090 00       		.byte	0
 508 0091 00       		.byte	0
 509 0092 0B       		.uleb128 0xb
 510 0093 34       		.uleb128 0x34
 511 0094 00       		.byte	0
 512 0095 03       		.uleb128 0x3
 513 0096 0E       		.uleb128 0xe
 514 0097 3A       		.uleb128 0x3a
 515 0098 0B       		.uleb128 0xb
 516 0099 3B       		.uleb128 0x3b
 517 009a 0B       		.uleb128 0xb
 518 009b 49       		.uleb128 0x49
 519 009c 13       		.uleb128 0x13
 520 009d 3F       		.uleb128 0x3f
 521 009e 19       		.uleb128 0x19
 522 009f 02       		.uleb128 0x2
 523 00a0 18       		.uleb128 0x18
 524 00a1 00       		.byte	0
 525 00a2 00       		.byte	0
 526 00a3 0C       		.uleb128 0xc
 527 00a4 01       		.uleb128 0x1
 528 00a5 01       		.byte	0x1
ARM GAS  C:\Users\ykuch\AppData\Local\Temp\ccmqMAbu.s 			page 11


 529 00a6 49       		.uleb128 0x49
 530 00a7 13       		.uleb128 0x13
 531 00a8 01       		.uleb128 0x1
 532 00a9 13       		.uleb128 0x13
 533 00aa 00       		.byte	0
 534 00ab 00       		.byte	0
 535 00ac 0D       		.uleb128 0xd
 536 00ad 21       		.uleb128 0x21
 537 00ae 00       		.byte	0
 538 00af 49       		.uleb128 0x49
 539 00b0 13       		.uleb128 0x13
 540 00b1 2F       		.uleb128 0x2f
 541 00b2 0B       		.uleb128 0xb
 542 00b3 00       		.byte	0
 543 00b4 00       		.byte	0
 544 00b5 0E       		.uleb128 0xe
 545 00b6 26       		.uleb128 0x26
 546 00b7 00       		.byte	0
 547 00b8 49       		.uleb128 0x49
 548 00b9 13       		.uleb128 0x13
 549 00ba 00       		.byte	0
 550 00bb 00       		.byte	0
 551 00bc 0F       		.uleb128 0xf
 552 00bd 2E       		.uleb128 0x2e
 553 00be 00       		.byte	0
 554 00bf 3F       		.uleb128 0x3f
 555 00c0 19       		.uleb128 0x19
 556 00c1 3C       		.uleb128 0x3c
 557 00c2 19       		.uleb128 0x19
 558 00c3 6E       		.uleb128 0x6e
 559 00c4 0E       		.uleb128 0xe
 560 00c5 03       		.uleb128 0x3
 561 00c6 0E       		.uleb128 0xe
 562 00c7 3A       		.uleb128 0x3a
 563 00c8 0B       		.uleb128 0xb
 564 00c9 3B       		.uleb128 0x3b
 565 00ca 0B       		.uleb128 0xb
 566 00cb 00       		.byte	0
 567 00cc 00       		.byte	0
 568 00cd 10       		.uleb128 0x10
 569 00ce 2E       		.uleb128 0x2e
 570 00cf 00       		.byte	0
 571 00d0 3F       		.uleb128 0x3f
 572 00d1 19       		.uleb128 0x19
 573 00d2 3C       		.uleb128 0x3c
 574 00d3 19       		.uleb128 0x19
 575 00d4 6E       		.uleb128 0x6e
 576 00d5 0E       		.uleb128 0xe
 577 00d6 03       		.uleb128 0x3
 578 00d7 0E       		.uleb128 0xe
 579 00d8 3A       		.uleb128 0x3a
 580 00d9 0B       		.uleb128 0xb
 581 00da 3B       		.uleb128 0x3b
 582 00db 05       		.uleb128 0x5
 583 00dc 00       		.byte	0
 584 00dd 00       		.byte	0
 585 00de 00       		.byte	0
ARM GAS  C:\Users\ykuch\AppData\Local\Temp\ccmqMAbu.s 			page 12


 586              		.section	.debug_aranges,"",%progbits
 587 0000 1C000000 		.4byte	0x1c
 588 0004 0200     		.2byte	0x2
 589 0006 00000000 		.4byte	.Ldebug_info0
 590 000a 04       		.byte	0x4
 591 000b 00       		.byte	0
 592 000c 0000     		.2byte	0
 593 000e 0000     		.2byte	0
 594 0010 00000000 		.4byte	.LFB32
 595 0014 58000000 		.4byte	.LFE32-.LFB32
 596 0018 00000000 		.4byte	0
 597 001c 00000000 		.4byte	0
 598              		.section	.debug_ranges,"",%progbits
 599              	.Ldebug_ranges0:
 600 0000 00000000 		.4byte	.LFB32
 601 0004 58000000 		.4byte	.LFE32
 602 0008 00000000 		.4byte	0
 603 000c 00000000 		.4byte	0
 604              		.section	.debug_line,"",%progbits
 605              	.Ldebug_line0:
 606 0000 9F000000 		.section	.debug_str,"MS",%progbits,1
 606      02007D00 
 606      00000201 
 606      FB0E0D00 
 606      01010101 
 607              	.LASF13:
 608 0000 63686172 		.ascii	"char\000"
 608      00
 609              	.LASF24:
 610 0005 5265645F 		.ascii	"Red_Write\000"
 610      57726974 
 610      6500
 611              	.LASF22:
 612 000f 47726565 		.ascii	"Green_Write\000"
 612      6E5F5772 
 612      69746500 
 613              	.LASF3:
 614 001b 73686F72 		.ascii	"short unsigned int\000"
 614      7420756E 
 614      7369676E 
 614      65642069 
 614      6E7400
 615              	.LASF19:
 616 002e 55415254 		.ascii	"UART_UartPutString\000"
 616      5F556172 
 616      74507574 
 616      53747269 
 616      6E6700
 617              	.LASF11:
 618 0041 666C6F61 		.ascii	"float\000"
 618      7400
 619              	.LASF1:
 620 0047 756E7369 		.ascii	"unsigned char\000"
 620      676E6564 
 620      20636861 
 620      7200
 621              	.LASF5:
ARM GAS  C:\Users\ykuch\AppData\Local\Temp\ccmqMAbu.s 			page 13


 622 0055 6C6F6E67 		.ascii	"long unsigned int\000"
 622      20756E73 
 622      69676E65 
 622      6420696E 
 622      7400
 623              	.LASF9:
 624 0067 75696E74 		.ascii	"uint8\000"
 624      3800
 625              	.LASF18:
 626 006d 55415254 		.ascii	"UART_Start\000"
 626      5F537461 
 626      727400
 627              	.LASF12:
 628 0078 646F7562 		.ascii	"double\000"
 628      6C6500
 629              	.LASF28:
 630 007f 6D61696E 		.ascii	"main\000"
 630      00
 631              	.LASF10:
 632 0084 75696E74 		.ascii	"uint32\000"
 632      333200
 633              	.LASF16:
 634 008b 76617231 		.ascii	"var1\000"
 634      00
 635              	.LASF8:
 636 0090 756E7369 		.ascii	"unsigned int\000"
 636      676E6564 
 636      20696E74 
 636      00
 637              	.LASF7:
 638 009d 6C6F6E67 		.ascii	"long long unsigned int\000"
 638      206C6F6E 
 638      6720756E 
 638      7369676E 
 638      65642069 
 639              	.LASF25:
 640 00b4 474E5520 		.ascii	"GNU C11 5.4.1 20160609 (release) [ARM/embedded-5-br"
 640      43313120 
 640      352E342E 
 640      31203230 
 640      31363036 
 641 00e7 616E6368 		.ascii	"anch revision 237715] -mcpu=cortex-m0 -mthumb -g -O"
 641      20726576 
 641      6973696F 
 641      6E203233 
 641      37373135 
 642 011a 67202D66 		.ascii	"g -ffunction-sections -ffat-lto-objects\000"
 642      66756E63 
 642      74696F6E 
 642      2D736563 
 642      74696F6E 
 643              	.LASF15:
 644 0142 73697A65 		.ascii	"sizetype\000"
 644      74797065 
 644      00
 645              	.LASF6:
 646 014b 6C6F6E67 		.ascii	"long long int\000"
ARM GAS  C:\Users\ykuch\AppData\Local\Temp\ccmqMAbu.s 			page 14


 646      206C6F6E 
 646      6720696E 
 646      7400
 647              	.LASF26:
 648 0159 6D61696E 		.ascii	"main.c\000"
 648      2E6300
 649              	.LASF21:
 650 0160 55415254 		.ascii	"UART_SpiUartWriteTxData\000"
 650      5F537069 
 650      55617274 
 650      57726974 
 650      65547844 
 651              	.LASF2:
 652 0178 73686F72 		.ascii	"short int\000"
 652      7420696E 
 652      7400
 653              	.LASF4:
 654 0182 6C6F6E67 		.ascii	"long int\000"
 654      20696E74 
 654      00
 655              	.LASF27:
 656 018b 433A5C50 		.ascii	"C:\\PSoC\\Psoc\\Lab_7\\Design01.cydsn\000"
 656      536F435C 
 656      50736F63 
 656      5C4C6162 
 656      5F375C44 
 657              	.LASF14:
 658 01ad 6C6F6E67 		.ascii	"long double\000"
 658      20646F75 
 658      626C6500 
 659              	.LASF0:
 660 01b9 7369676E 		.ascii	"signed char\000"
 660      65642063 
 660      68617200 
 661              	.LASF17:
 662 01c5 4E616D65 		.ascii	"Name\000"
 662      00
 663              	.LASF20:
 664 01ca 55415254 		.ascii	"UART_UartGetChar\000"
 664      5F556172 
 664      74476574 
 664      43686172 
 664      00
 665              	.LASF23:
 666 01db 43794465 		.ascii	"CyDelay\000"
 666      6C617900 
 667              		.ident	"GCC: (GNU Tools for ARM Embedded Processors) 5.4.1 20160609 (release) [ARM/embedded-5-bran
