ARM GAS  C:\Users\ykuch\AppData\Local\Temp\cceaKQjZ.s 			page 1


   1              		.syntax unified
   2              		.cpu cortex-m0
   3              		.fpu softvfp
   4              		.eabi_attribute 20, 1
   5              		.eabi_attribute 21, 1
   6              		.eabi_attribute 23, 3
   7              		.eabi_attribute 24, 1
   8              		.eabi_attribute 25, 1
   9              		.eabi_attribute 26, 1
  10              		.eabi_attribute 30, 1
  11              		.eabi_attribute 34, 0
  12              		.eabi_attribute 18, 4
  13              		.thumb
  14              		.syntax unified
  15              		.file	"cyfitter_cfg.c"
  16              		.text
  17              	.Ltext0:
  18              		.cfi_sections	.debug_frame
  19              		.section	.text.cfg_write_bytes32,"ax",%progbits
  20              		.align	2
  21              		.code	16
  22              		.thumb_func
  23              		.type	cfg_write_bytes32, %function
  24              	cfg_write_bytes32:
  25              	.LFB3:
  26              		.file 1 "Generated_Source\\PSoC4\\cyfitter_cfg.c"
   1:Generated_Source\PSoC4/cyfitter_cfg.c **** 
   2:Generated_Source\PSoC4/cyfitter_cfg.c **** /*******************************************************************************
   3:Generated_Source\PSoC4/cyfitter_cfg.c **** * File Name: cyfitter_cfg.c
   4:Generated_Source\PSoC4/cyfitter_cfg.c **** * 
   5:Generated_Source\PSoC4/cyfitter_cfg.c **** * PSoC Creator  4.4
   6:Generated_Source\PSoC4/cyfitter_cfg.c **** *
   7:Generated_Source\PSoC4/cyfitter_cfg.c **** * Description:
   8:Generated_Source\PSoC4/cyfitter_cfg.c **** * This file contains device initialization code.
   9:Generated_Source\PSoC4/cyfitter_cfg.c **** * Except for the user defined sections in CyClockStartupError(), this file should not be modified.
  10:Generated_Source\PSoC4/cyfitter_cfg.c **** * This file is automatically generated by PSoC Creator.
  11:Generated_Source\PSoC4/cyfitter_cfg.c **** *
  12:Generated_Source\PSoC4/cyfitter_cfg.c **** ********************************************************************************
  13:Generated_Source\PSoC4/cyfitter_cfg.c **** * Copyright (c) 2007-2020 Cypress Semiconductor.  All rights reserved.
  14:Generated_Source\PSoC4/cyfitter_cfg.c **** * You may use this file only in accordance with the license, terms, conditions, 
  15:Generated_Source\PSoC4/cyfitter_cfg.c **** * disclaimers, and limitations in the end user license agreement accompanying 
  16:Generated_Source\PSoC4/cyfitter_cfg.c **** * the software package with which this file was provided.
  17:Generated_Source\PSoC4/cyfitter_cfg.c **** ********************************************************************************/
  18:Generated_Source\PSoC4/cyfitter_cfg.c **** 
  19:Generated_Source\PSoC4/cyfitter_cfg.c **** #include <string.h>
  20:Generated_Source\PSoC4/cyfitter_cfg.c **** #include "cytypes.h"
  21:Generated_Source\PSoC4/cyfitter_cfg.c **** #include "cydevice_trm.h"
  22:Generated_Source\PSoC4/cyfitter_cfg.c **** #include "cyfitter.h"
  23:Generated_Source\PSoC4/cyfitter_cfg.c **** #include "CyLib.h"
  24:Generated_Source\PSoC4/cyfitter_cfg.c **** #include "CyLFClk.h"
  25:Generated_Source\PSoC4/cyfitter_cfg.c **** #include "cyfitter_cfg.h"
  26:Generated_Source\PSoC4/cyfitter_cfg.c **** #include "cyapicallbacks.h"
  27:Generated_Source\PSoC4/cyfitter_cfg.c **** 
  28:Generated_Source\PSoC4/cyfitter_cfg.c **** 
  29:Generated_Source\PSoC4/cyfitter_cfg.c **** #if defined(__GNUC__) || defined(__ARMCC_VERSION)
  30:Generated_Source\PSoC4/cyfitter_cfg.c ****     #define CYPACKED 
  31:Generated_Source\PSoC4/cyfitter_cfg.c ****     #define CYPACKED_ATTR __attribute__ ((packed))
ARM GAS  C:\Users\ykuch\AppData\Local\Temp\cceaKQjZ.s 			page 2


  32:Generated_Source\PSoC4/cyfitter_cfg.c ****     #define CYALIGNED __attribute__ ((aligned))
  33:Generated_Source\PSoC4/cyfitter_cfg.c ****     #define CY_CFG_UNUSED __attribute__ ((unused))
  34:Generated_Source\PSoC4/cyfitter_cfg.c ****     #ifndef CY_CFG_SECTION
  35:Generated_Source\PSoC4/cyfitter_cfg.c ****         #define CY_CFG_SECTION __attribute__ ((section(".psocinit")))
  36:Generated_Source\PSoC4/cyfitter_cfg.c ****     #endif
  37:Generated_Source\PSoC4/cyfitter_cfg.c ****     
  38:Generated_Source\PSoC4/cyfitter_cfg.c ****     #if defined(__ARMCC_VERSION)
  39:Generated_Source\PSoC4/cyfitter_cfg.c ****         #define CY_CFG_MEMORY_BARRIER() __memory_changed()
  40:Generated_Source\PSoC4/cyfitter_cfg.c ****     #else
  41:Generated_Source\PSoC4/cyfitter_cfg.c ****         #define CY_CFG_MEMORY_BARRIER() __sync_synchronize()
  42:Generated_Source\PSoC4/cyfitter_cfg.c ****     #endif
  43:Generated_Source\PSoC4/cyfitter_cfg.c ****     
  44:Generated_Source\PSoC4/cyfitter_cfg.c **** #elif defined(__ICCARM__)
  45:Generated_Source\PSoC4/cyfitter_cfg.c ****     #include <intrinsics.h>
  46:Generated_Source\PSoC4/cyfitter_cfg.c **** 
  47:Generated_Source\PSoC4/cyfitter_cfg.c ****     #define CYPACKED __packed
  48:Generated_Source\PSoC4/cyfitter_cfg.c ****     #define CYPACKED_ATTR 
  49:Generated_Source\PSoC4/cyfitter_cfg.c ****     #define CYALIGNED _Pragma("data_alignment=4")
  50:Generated_Source\PSoC4/cyfitter_cfg.c ****     #define CY_CFG_UNUSED _Pragma("diag_suppress=Pe177")
  51:Generated_Source\PSoC4/cyfitter_cfg.c ****     #define CY_CFG_SECTION _Pragma("location=\".psocinit\"")
  52:Generated_Source\PSoC4/cyfitter_cfg.c ****     
  53:Generated_Source\PSoC4/cyfitter_cfg.c ****     #define CY_CFG_MEMORY_BARRIER() __DMB()
  54:Generated_Source\PSoC4/cyfitter_cfg.c ****     
  55:Generated_Source\PSoC4/cyfitter_cfg.c **** #else
  56:Generated_Source\PSoC4/cyfitter_cfg.c ****     #error Unsupported toolchain
  57:Generated_Source\PSoC4/cyfitter_cfg.c **** #endif
  58:Generated_Source\PSoC4/cyfitter_cfg.c **** 
  59:Generated_Source\PSoC4/cyfitter_cfg.c **** #ifndef CYCODE
  60:Generated_Source\PSoC4/cyfitter_cfg.c ****     #define CYCODE
  61:Generated_Source\PSoC4/cyfitter_cfg.c **** #endif
  62:Generated_Source\PSoC4/cyfitter_cfg.c **** #ifndef CYDATA
  63:Generated_Source\PSoC4/cyfitter_cfg.c ****     #define CYDATA
  64:Generated_Source\PSoC4/cyfitter_cfg.c **** #endif
  65:Generated_Source\PSoC4/cyfitter_cfg.c **** #ifndef CYFAR
  66:Generated_Source\PSoC4/cyfitter_cfg.c ****     #define CYFAR
  67:Generated_Source\PSoC4/cyfitter_cfg.c **** #endif
  68:Generated_Source\PSoC4/cyfitter_cfg.c **** #ifndef CYXDATA
  69:Generated_Source\PSoC4/cyfitter_cfg.c ****     #define CYXDATA
  70:Generated_Source\PSoC4/cyfitter_cfg.c **** #endif
  71:Generated_Source\PSoC4/cyfitter_cfg.c **** 
  72:Generated_Source\PSoC4/cyfitter_cfg.c **** 
  73:Generated_Source\PSoC4/cyfitter_cfg.c **** CY_CFG_UNUSED
  74:Generated_Source\PSoC4/cyfitter_cfg.c **** static void CYMEMZERO(void *s, size_t n);
  75:Generated_Source\PSoC4/cyfitter_cfg.c **** CY_CFG_UNUSED
  76:Generated_Source\PSoC4/cyfitter_cfg.c **** static void CYMEMZERO(void *s, size_t n)
  77:Generated_Source\PSoC4/cyfitter_cfg.c **** {
  78:Generated_Source\PSoC4/cyfitter_cfg.c **** 	(void)memset(s, 0, n);
  79:Generated_Source\PSoC4/cyfitter_cfg.c **** }
  80:Generated_Source\PSoC4/cyfitter_cfg.c **** CY_CFG_UNUSED
  81:Generated_Source\PSoC4/cyfitter_cfg.c **** static void CYCONFIGCPY(void *dest, const void *src, size_t n);
  82:Generated_Source\PSoC4/cyfitter_cfg.c **** CY_CFG_UNUSED
  83:Generated_Source\PSoC4/cyfitter_cfg.c **** static void CYCONFIGCPY(void *dest, const void *src, size_t n)
  84:Generated_Source\PSoC4/cyfitter_cfg.c **** {
  85:Generated_Source\PSoC4/cyfitter_cfg.c **** 	(void)memcpy(dest, src, n);
  86:Generated_Source\PSoC4/cyfitter_cfg.c **** }
  87:Generated_Source\PSoC4/cyfitter_cfg.c **** CY_CFG_UNUSED
  88:Generated_Source\PSoC4/cyfitter_cfg.c **** static void CYCONFIGCPYCODE(void *dest, const void *src, size_t n);
ARM GAS  C:\Users\ykuch\AppData\Local\Temp\cceaKQjZ.s 			page 3


  89:Generated_Source\PSoC4/cyfitter_cfg.c **** CY_CFG_UNUSED
  90:Generated_Source\PSoC4/cyfitter_cfg.c **** static void CYCONFIGCPYCODE(void *dest, const void *src, size_t n)
  91:Generated_Source\PSoC4/cyfitter_cfg.c **** {
  92:Generated_Source\PSoC4/cyfitter_cfg.c **** 	(void)memcpy(dest, src, n);
  93:Generated_Source\PSoC4/cyfitter_cfg.c **** }
  94:Generated_Source\PSoC4/cyfitter_cfg.c **** 
  95:Generated_Source\PSoC4/cyfitter_cfg.c **** 
  96:Generated_Source\PSoC4/cyfitter_cfg.c **** 
  97:Generated_Source\PSoC4/cyfitter_cfg.c **** 
  98:Generated_Source\PSoC4/cyfitter_cfg.c **** /* Clock startup error codes                                                   */
  99:Generated_Source\PSoC4/cyfitter_cfg.c **** #define CYCLOCKSTART_NO_ERROR    0u
 100:Generated_Source\PSoC4/cyfitter_cfg.c **** #define CYCLOCKSTART_XTAL_ERROR  1u
 101:Generated_Source\PSoC4/cyfitter_cfg.c **** #define CYCLOCKSTART_32KHZ_ERROR 2u
 102:Generated_Source\PSoC4/cyfitter_cfg.c **** #define CYCLOCKSTART_PLL_ERROR   3u
 103:Generated_Source\PSoC4/cyfitter_cfg.c **** #define CYCLOCKSTART_FLL_ERROR   4u
 104:Generated_Source\PSoC4/cyfitter_cfg.c **** #define CYCLOCKSTART_WCO_ERROR   5u
 105:Generated_Source\PSoC4/cyfitter_cfg.c **** 
 106:Generated_Source\PSoC4/cyfitter_cfg.c **** 
 107:Generated_Source\PSoC4/cyfitter_cfg.c **** #ifdef CY_NEED_CYCLOCKSTARTUPERROR
 108:Generated_Source\PSoC4/cyfitter_cfg.c **** /*******************************************************************************
 109:Generated_Source\PSoC4/cyfitter_cfg.c **** * Function Name: CyClockStartupError
 110:Generated_Source\PSoC4/cyfitter_cfg.c **** ********************************************************************************
 111:Generated_Source\PSoC4/cyfitter_cfg.c **** * Summary:
 112:Generated_Source\PSoC4/cyfitter_cfg.c **** *  If an error is encountered during clock configuration (crystal startup error,
 113:Generated_Source\PSoC4/cyfitter_cfg.c **** *  PLL lock error, etc.), the system will end up here.  Unless reimplemented by
 114:Generated_Source\PSoC4/cyfitter_cfg.c **** *  the customer, this function will stop in an infinite loop.
 115:Generated_Source\PSoC4/cyfitter_cfg.c **** *
 116:Generated_Source\PSoC4/cyfitter_cfg.c **** * Parameters:
 117:Generated_Source\PSoC4/cyfitter_cfg.c **** *   void
 118:Generated_Source\PSoC4/cyfitter_cfg.c **** *
 119:Generated_Source\PSoC4/cyfitter_cfg.c **** * Return:
 120:Generated_Source\PSoC4/cyfitter_cfg.c **** *   void
 121:Generated_Source\PSoC4/cyfitter_cfg.c **** *
 122:Generated_Source\PSoC4/cyfitter_cfg.c **** *******************************************************************************/
 123:Generated_Source\PSoC4/cyfitter_cfg.c **** CY_CFG_UNUSED
 124:Generated_Source\PSoC4/cyfitter_cfg.c **** static void CyClockStartupError(uint8 errorCode);
 125:Generated_Source\PSoC4/cyfitter_cfg.c **** CY_CFG_UNUSED
 126:Generated_Source\PSoC4/cyfitter_cfg.c **** static void CyClockStartupError(uint8 errorCode)
 127:Generated_Source\PSoC4/cyfitter_cfg.c **** {
 128:Generated_Source\PSoC4/cyfitter_cfg.c ****     /* To remove the compiler warning if errorCode not used.                */
 129:Generated_Source\PSoC4/cyfitter_cfg.c ****     errorCode = errorCode;
 130:Generated_Source\PSoC4/cyfitter_cfg.c **** 
 131:Generated_Source\PSoC4/cyfitter_cfg.c ****     /* If we have a clock startup error (bad MHz crystal, PLL lock, etc.),  */
 132:Generated_Source\PSoC4/cyfitter_cfg.c ****     /* we will end up here to allow the customer to implement something to  */
 133:Generated_Source\PSoC4/cyfitter_cfg.c ****     /* deal with the clock condition.                                       */
 134:Generated_Source\PSoC4/cyfitter_cfg.c **** 
 135:Generated_Source\PSoC4/cyfitter_cfg.c **** #ifdef CY_CFG_CLOCK_STARTUP_ERROR_CALLBACK
 136:Generated_Source\PSoC4/cyfitter_cfg.c ****     CY_CFG_Clock_Startup_ErrorCallback();
 137:Generated_Source\PSoC4/cyfitter_cfg.c **** #else
 138:Generated_Source\PSoC4/cyfitter_cfg.c ****     /*  If not using CY_CFG_CLOCK_STARTUP_ERROR_CALLBACK, place your clock startup code here. */
 139:Generated_Source\PSoC4/cyfitter_cfg.c ****     /* `#START CyClockStartupError` */
 140:Generated_Source\PSoC4/cyfitter_cfg.c **** 
 141:Generated_Source\PSoC4/cyfitter_cfg.c **** 
 142:Generated_Source\PSoC4/cyfitter_cfg.c **** 
 143:Generated_Source\PSoC4/cyfitter_cfg.c ****     /* `#END` */
 144:Generated_Source\PSoC4/cyfitter_cfg.c **** 
 145:Generated_Source\PSoC4/cyfitter_cfg.c ****     while(1) {}
ARM GAS  C:\Users\ykuch\AppData\Local\Temp\cceaKQjZ.s 			page 4


 146:Generated_Source\PSoC4/cyfitter_cfg.c **** #endif /* CY_CFG_CLOCK_STARTUP_ERROR_CALLBACK */
 147:Generated_Source\PSoC4/cyfitter_cfg.c **** }
 148:Generated_Source\PSoC4/cyfitter_cfg.c **** #endif
 149:Generated_Source\PSoC4/cyfitter_cfg.c **** 
 150:Generated_Source\PSoC4/cyfitter_cfg.c **** #define CY_CFG_BASE_ADDR_COUNT 8u
 151:Generated_Source\PSoC4/cyfitter_cfg.c **** CYPACKED typedef struct
 152:Generated_Source\PSoC4/cyfitter_cfg.c **** {
 153:Generated_Source\PSoC4/cyfitter_cfg.c **** 	uint8 offset;
 154:Generated_Source\PSoC4/cyfitter_cfg.c **** 	uint8 value;
 155:Generated_Source\PSoC4/cyfitter_cfg.c **** } CYPACKED_ATTR cy_cfg_addrvalue_t;
 156:Generated_Source\PSoC4/cyfitter_cfg.c **** 
 157:Generated_Source\PSoC4/cyfitter_cfg.c **** 
 158:Generated_Source\PSoC4/cyfitter_cfg.c **** 
 159:Generated_Source\PSoC4/cyfitter_cfg.c **** /*******************************************************************************
 160:Generated_Source\PSoC4/cyfitter_cfg.c **** * Function Name: cfg_write_bytes32
 161:Generated_Source\PSoC4/cyfitter_cfg.c **** ********************************************************************************
 162:Generated_Source\PSoC4/cyfitter_cfg.c **** * Summary:
 163:Generated_Source\PSoC4/cyfitter_cfg.c **** *  This function is used for setting up the chip configuration areas that
 164:Generated_Source\PSoC4/cyfitter_cfg.c **** *  contain relatively sparse data.
 165:Generated_Source\PSoC4/cyfitter_cfg.c **** *
 166:Generated_Source\PSoC4/cyfitter_cfg.c **** * Parameters:
 167:Generated_Source\PSoC4/cyfitter_cfg.c **** *   void
 168:Generated_Source\PSoC4/cyfitter_cfg.c **** *
 169:Generated_Source\PSoC4/cyfitter_cfg.c **** * Return:
 170:Generated_Source\PSoC4/cyfitter_cfg.c **** *   void
 171:Generated_Source\PSoC4/cyfitter_cfg.c **** *
 172:Generated_Source\PSoC4/cyfitter_cfg.c **** *******************************************************************************/
 173:Generated_Source\PSoC4/cyfitter_cfg.c **** static void cfg_write_bytes32(const uint32 addr_table[], const cy_cfg_addrvalue_t data_table[]);
 174:Generated_Source\PSoC4/cyfitter_cfg.c **** static void cfg_write_bytes32(const uint32 addr_table[], const cy_cfg_addrvalue_t data_table[])
 175:Generated_Source\PSoC4/cyfitter_cfg.c **** {
  27              		.loc 1 175 0
  28              		.cfi_startproc
  29              		@ args = 0, pretend = 0, frame = 0
  30              		@ frame_needed = 0, uses_anonymous_args = 0
  31              	.LVL0:
  32 0000 F0B5     		push	{r4, r5, r6, r7, lr}
  33              		.cfi_def_cfa_offset 20
  34              		.cfi_offset 4, -20
  35              		.cfi_offset 5, -16
  36              		.cfi_offset 6, -12
  37              		.cfi_offset 7, -8
  38              		.cfi_offset 14, -4
  39              	.LVL1:
 176:Generated_Source\PSoC4/cyfitter_cfg.c **** 	/* For 32-bit little-endian architectures */
 177:Generated_Source\PSoC4/cyfitter_cfg.c **** 	uint32 i, j = 0u;
  40              		.loc 1 177 0
  41 0002 0025     		movs	r5, #0
 178:Generated_Source\PSoC4/cyfitter_cfg.c **** 	for (i = 0u; i < CY_CFG_BASE_ADDR_COUNT; i++)
  42              		.loc 1 178 0
  43 0004 0027     		movs	r7, #0
  44 0006 11E0     		b	.L2
  45              	.LVL2:
  46              	.L5:
  47              	.LBB2:
 179:Generated_Source\PSoC4/cyfitter_cfg.c **** 	{
 180:Generated_Source\PSoC4/cyfitter_cfg.c **** 		uint32 baseAddr = addr_table[i];
  48              		.loc 1 180 0
ARM GAS  C:\Users\ykuch\AppData\Local\Temp\cceaKQjZ.s 			page 5


  49 0008 BB00     		lsls	r3, r7, #2
  50 000a C658     		ldr	r6, [r0, r3]
  51              	.LVL3:
 181:Generated_Source\PSoC4/cyfitter_cfg.c **** 		uint8 count = (uint8)baseAddr;
  52              		.loc 1 181 0
  53 000c F3B2     		uxtb	r3, r6
  54              	.LVL4:
 182:Generated_Source\PSoC4/cyfitter_cfg.c **** 		baseAddr &= 0xFFFFFF00u;
  55              		.loc 1 182 0
  56 000e FF22     		movs	r2, #255
  57 0010 9643     		bics	r6, r2
  58              	.LVL5:
 183:Generated_Source\PSoC4/cyfitter_cfg.c **** 		while (count != 0u)
  59              		.loc 1 183 0
  60 0012 08E0     		b	.L3
  61              	.L4:
 184:Generated_Source\PSoC4/cyfitter_cfg.c **** 		{
 185:Generated_Source\PSoC4/cyfitter_cfg.c **** 			CY_SET_REG8((void *)(baseAddr + data_table[j].offset), data_table[j].value);
  62              		.loc 1 185 0
  63 0014 6A00     		lsls	r2, r5, #1
  64 0016 8A18     		adds	r2, r1, r2
  65 0018 1478     		ldrb	r4, [r2]
  66 001a A419     		adds	r4, r4, r6
  67 001c 5278     		ldrb	r2, [r2, #1]
  68 001e 2270     		strb	r2, [r4]
 186:Generated_Source\PSoC4/cyfitter_cfg.c **** 			j++;
  69              		.loc 1 186 0
  70 0020 0135     		adds	r5, r5, #1
  71              	.LVL6:
 187:Generated_Source\PSoC4/cyfitter_cfg.c **** 			count--;
  72              		.loc 1 187 0
  73 0022 013B     		subs	r3, r3, #1
  74              	.LVL7:
  75 0024 DBB2     		uxtb	r3, r3
  76              	.LVL8:
  77              	.L3:
 183:Generated_Source\PSoC4/cyfitter_cfg.c **** 		{
  78              		.loc 1 183 0
  79 0026 002B     		cmp	r3, #0
  80 0028 F4D1     		bne	.L4
  81              	.LBE2:
 178:Generated_Source\PSoC4/cyfitter_cfg.c **** 	{
  82              		.loc 1 178 0 discriminator 2
  83 002a 0137     		adds	r7, r7, #1
  84              	.LVL9:
  85              	.L2:
 178:Generated_Source\PSoC4/cyfitter_cfg.c **** 	{
  86              		.loc 1 178 0 is_stmt 0 discriminator 1
  87 002c 072F     		cmp	r7, #7
  88 002e EBD9     		bls	.L5
 188:Generated_Source\PSoC4/cyfitter_cfg.c **** 		}
 189:Generated_Source\PSoC4/cyfitter_cfg.c **** 	}
 190:Generated_Source\PSoC4/cyfitter_cfg.c **** }
  89              		.loc 1 190 0 is_stmt 1
  90              		@ sp needed
  91              	.LVL10:
  92              	.LVL11:
ARM GAS  C:\Users\ykuch\AppData\Local\Temp\cceaKQjZ.s 			page 6


  93 0030 F0BD     		pop	{r4, r5, r6, r7, pc}
  94              		.cfi_endproc
  95              	.LFE3:
  96              		.size	cfg_write_bytes32, .-cfg_write_bytes32
  97 0032 C046     		.section	.text.CYMEMZERO,"ax",%progbits
  98              		.align	2
  99              		.code	16
 100              		.thumb_func
 101              		.type	CYMEMZERO, %function
 102              	CYMEMZERO:
 103              	.LFB0:
  77:Generated_Source\PSoC4/cyfitter_cfg.c **** 	(void)memset(s, 0, n);
 104              		.loc 1 77 0
 105              		.cfi_startproc
 106              		@ args = 0, pretend = 0, frame = 0
 107              		@ frame_needed = 0, uses_anonymous_args = 0
 108              	.LVL12:
 109 0000 10B5     		push	{r4, lr}
 110              		.cfi_def_cfa_offset 8
 111              		.cfi_offset 4, -8
 112              		.cfi_offset 14, -4
 113 0002 0A00     		movs	r2, r1
  78:Generated_Source\PSoC4/cyfitter_cfg.c **** }
 114              		.loc 1 78 0
 115 0004 0021     		movs	r1, #0
 116              	.LVL13:
 117 0006 FFF7FEFF 		bl	memset
 118              	.LVL14:
  79:Generated_Source\PSoC4/cyfitter_cfg.c **** CY_CFG_UNUSED
 119              		.loc 1 79 0
 120              		@ sp needed
 121 000a 10BD     		pop	{r4, pc}
 122              		.cfi_endproc
 123              	.LFE0:
 124              		.size	CYMEMZERO, .-CYMEMZERO
 125              		.section	.psocinit,"ax",%progbits
 126              		.align	2
 127              		.code	16
 128              		.thumb_func
 129              		.type	ClockSetup, %function
 130              	ClockSetup:
 131              	.LFB4:
 191:Generated_Source\PSoC4/cyfitter_cfg.c **** 
 192:Generated_Source\PSoC4/cyfitter_cfg.c **** 
 193:Generated_Source\PSoC4/cyfitter_cfg.c **** /*******************************************************************************
 194:Generated_Source\PSoC4/cyfitter_cfg.c **** * Function Name: ClockSetup
 195:Generated_Source\PSoC4/cyfitter_cfg.c **** ********************************************************************************
 196:Generated_Source\PSoC4/cyfitter_cfg.c **** *
 197:Generated_Source\PSoC4/cyfitter_cfg.c **** * Summary:
 198:Generated_Source\PSoC4/cyfitter_cfg.c **** *   Performs the initialization of all of the clocks in the device based on the
 199:Generated_Source\PSoC4/cyfitter_cfg.c **** *   settings in the Clock tab of the DWR.  This includes enabling the requested
 200:Generated_Source\PSoC4/cyfitter_cfg.c **** *   clocks and setting the necessary dividers to produce the desired frequency. 
 201:Generated_Source\PSoC4/cyfitter_cfg.c **** *
 202:Generated_Source\PSoC4/cyfitter_cfg.c **** * Parameters:
 203:Generated_Source\PSoC4/cyfitter_cfg.c **** *   void
 204:Generated_Source\PSoC4/cyfitter_cfg.c **** *
 205:Generated_Source\PSoC4/cyfitter_cfg.c **** * Return:
ARM GAS  C:\Users\ykuch\AppData\Local\Temp\cceaKQjZ.s 			page 7


 206:Generated_Source\PSoC4/cyfitter_cfg.c **** *   void
 207:Generated_Source\PSoC4/cyfitter_cfg.c **** *
 208:Generated_Source\PSoC4/cyfitter_cfg.c **** *******************************************************************************/
 209:Generated_Source\PSoC4/cyfitter_cfg.c **** static void ClockSetup(void);
 210:Generated_Source\PSoC4/cyfitter_cfg.c **** CY_CFG_SECTION
 211:Generated_Source\PSoC4/cyfitter_cfg.c **** static void ClockSetup(void)
 212:Generated_Source\PSoC4/cyfitter_cfg.c **** {
 132              		.loc 1 212 0
 133              		.cfi_startproc
 134              		@ args = 0, pretend = 0, frame = 0
 135              		@ frame_needed = 0, uses_anonymous_args = 0
 136 0000 70B5     		push	{r4, r5, r6, lr}
 137              		.cfi_def_cfa_offset 16
 138              		.cfi_offset 4, -16
 139              		.cfi_offset 5, -12
 140              		.cfi_offset 6, -8
 141              		.cfi_offset 14, -4
 213:Generated_Source\PSoC4/cyfitter_cfg.c **** 	/* Enable HALF_EN before trimming for the flash accelerator. */
 214:Generated_Source\PSoC4/cyfitter_cfg.c **** 	CY_SET_REG32((void CYXDATA *)(CYREG_CLK_SELECT), (CY_GET_REG32((void *)CYREG_CLK_SELECT) | 0x00040
 142              		.loc 1 214 0
 143 0002 0F4C     		ldr	r4, .L8
 144 0004 2368     		ldr	r3, [r4]
 145 0006 8022     		movs	r2, #128
 146 0008 D202     		lsls	r2, r2, #11
 147 000a 1343     		orrs	r3, r2
 148 000c 2360     		str	r3, [r4]
 215:Generated_Source\PSoC4/cyfitter_cfg.c **** 
 216:Generated_Source\PSoC4/cyfitter_cfg.c **** 	/* Setup and trim IMO based on desired frequency. */
 217:Generated_Source\PSoC4/cyfitter_cfg.c **** 	CySysClkWriteImoFreq(24u);
 149              		.loc 1 217 0
 150 000e 1820     		movs	r0, #24
 151 0010 FFF7FEFF 		bl	CySysClkWriteImoFreq
 152              	.LVL15:
 218:Generated_Source\PSoC4/cyfitter_cfg.c **** 
 219:Generated_Source\PSoC4/cyfitter_cfg.c **** 	/* Disable HALF_EN since it is not required at this IMO frequency. */
 220:Generated_Source\PSoC4/cyfitter_cfg.c **** 	CY_SET_REG32((void CYXDATA *)(CYREG_CLK_SELECT), (CY_GET_REG32((void *)CYREG_CLK_SELECT) & 0xFFFBF
 153              		.loc 1 220 0
 154 0014 2268     		ldr	r2, [r4]
 155 0016 0B4B     		ldr	r3, .L8+4
 156 0018 1340     		ands	r3, r2
 157 001a 2360     		str	r3, [r4]
 221:Generated_Source\PSoC4/cyfitter_cfg.c **** 	/* CYDEV_CLK_ILO_CONFIG Starting address: CYDEV_CLK_ILO_CONFIG */
 222:Generated_Source\PSoC4/cyfitter_cfg.c **** 	CY_SET_REG32((void *)(CYREG_CLK_ILO_CONFIG), 0x80000006u);
 158              		.loc 1 222 0
 159 001c 0A4A     		ldr	r2, .L8+8
 160 001e 0B4B     		ldr	r3, .L8+12
 161 0020 1A60     		str	r2, [r3]
 223:Generated_Source\PSoC4/cyfitter_cfg.c **** 
 224:Generated_Source\PSoC4/cyfitter_cfg.c **** 
 225:Generated_Source\PSoC4/cyfitter_cfg.c **** 	/* CYDEV_CLK_IMO_CONFIG Starting address: CYDEV_CLK_IMO_CONFIG */
 226:Generated_Source\PSoC4/cyfitter_cfg.c **** 	CY_SET_REG32((void *)(CYREG_CLK_IMO_CONFIG), 0x80000000u);
 162              		.loc 1 226 0
 163 0022 063A     		subs	r2, r2, #6
 164 0024 0A4B     		ldr	r3, .L8+16
 165 0026 1A60     		str	r2, [r3]
 227:Generated_Source\PSoC4/cyfitter_cfg.c **** 
 228:Generated_Source\PSoC4/cyfitter_cfg.c **** 	/* CYDEV_CLK_SELECT Starting address: CYDEV_CLK_SELECT */
ARM GAS  C:\Users\ykuch\AppData\Local\Temp\cceaKQjZ.s 			page 8


 229:Generated_Source\PSoC4/cyfitter_cfg.c **** 	CY_SET_REG32((void *)(CYREG_CLK_SELECT), 0x00000000u);
 166              		.loc 1 229 0
 167 0028 0025     		movs	r5, #0
 168 002a 2560     		str	r5, [r4]
 230:Generated_Source\PSoC4/cyfitter_cfg.c **** 
 231:Generated_Source\PSoC4/cyfitter_cfg.c **** 	(void)CyIntSetVector(9u, &CySysWdtIsr);
 169              		.loc 1 231 0
 170 002c 0949     		ldr	r1, .L8+20
 171 002e 0920     		movs	r0, #9
 172 0030 FFF7FEFF 		bl	CyIntSetVector
 173              	.LVL16:
 232:Generated_Source\PSoC4/cyfitter_cfg.c **** 	CyIntEnable(9u);
 174              		.loc 1 232 0
 175 0034 0920     		movs	r0, #9
 176 0036 FFF7FEFF 		bl	CyIntEnable
 177              	.LVL17:
 233:Generated_Source\PSoC4/cyfitter_cfg.c **** 	CY_SET_REG32((void *)(CYREG_WDT_CONFIG), 0x00000000u);
 178              		.loc 1 233 0
 179 003a 074B     		ldr	r3, .L8+24
 180 003c 1D60     		str	r5, [r3]
 234:Generated_Source\PSoC4/cyfitter_cfg.c **** }
 181              		.loc 1 234 0
 182              		@ sp needed
 183 003e 70BD     		pop	{r4, r5, r6, pc}
 184              	.L9:
 185              		.align	2
 186              	.L8:
 187 0040 00010B40 		.word	1074462976
 188 0044 FFFFFBFF 		.word	-262145
 189 0048 06000080 		.word	-2147483642
 190 004c 04010B40 		.word	1074462980
 191 0050 08010B40 		.word	1074462984
 192 0054 00000000 		.word	CySysWdtIsr
 193 0058 0C020B40 		.word	1074463244
 194              		.cfi_endproc
 195              	.LFE4:
 196              		.size	ClockSetup, .-ClockSetup
 197              		.align	2
 198              		.global	cyfitter_cfg
 199              		.code	16
 200              		.thumb_func
 201              		.type	cyfitter_cfg, %function
 202              	cyfitter_cfg:
 203              	.LFB6:
 235:Generated_Source\PSoC4/cyfitter_cfg.c **** 
 236:Generated_Source\PSoC4/cyfitter_cfg.c **** 
 237:Generated_Source\PSoC4/cyfitter_cfg.c **** /* Analog API Functions */
 238:Generated_Source\PSoC4/cyfitter_cfg.c **** 
 239:Generated_Source\PSoC4/cyfitter_cfg.c **** 
 240:Generated_Source\PSoC4/cyfitter_cfg.c **** /*******************************************************************************
 241:Generated_Source\PSoC4/cyfitter_cfg.c **** * Function Name: AnalogSetDefault
 242:Generated_Source\PSoC4/cyfitter_cfg.c **** ********************************************************************************
 243:Generated_Source\PSoC4/cyfitter_cfg.c **** *
 244:Generated_Source\PSoC4/cyfitter_cfg.c **** * Summary:
 245:Generated_Source\PSoC4/cyfitter_cfg.c **** *  Sets up the analog portions of the chip to default values based on chip
 246:Generated_Source\PSoC4/cyfitter_cfg.c **** *  configuration options from the project.
 247:Generated_Source\PSoC4/cyfitter_cfg.c **** *
ARM GAS  C:\Users\ykuch\AppData\Local\Temp\cceaKQjZ.s 			page 9


 248:Generated_Source\PSoC4/cyfitter_cfg.c **** * Parameters:
 249:Generated_Source\PSoC4/cyfitter_cfg.c **** *  void
 250:Generated_Source\PSoC4/cyfitter_cfg.c **** *
 251:Generated_Source\PSoC4/cyfitter_cfg.c **** * Return:
 252:Generated_Source\PSoC4/cyfitter_cfg.c **** *  void
 253:Generated_Source\PSoC4/cyfitter_cfg.c **** *
 254:Generated_Source\PSoC4/cyfitter_cfg.c **** *******************************************************************************/
 255:Generated_Source\PSoC4/cyfitter_cfg.c **** static void AnalogSetDefault(void);
 256:Generated_Source\PSoC4/cyfitter_cfg.c **** static void AnalogSetDefault(void)
 257:Generated_Source\PSoC4/cyfitter_cfg.c **** {
 258:Generated_Source\PSoC4/cyfitter_cfg.c **** }
 259:Generated_Source\PSoC4/cyfitter_cfg.c **** 
 260:Generated_Source\PSoC4/cyfitter_cfg.c **** 
 261:Generated_Source\PSoC4/cyfitter_cfg.c **** 
 262:Generated_Source\PSoC4/cyfitter_cfg.c **** 
 263:Generated_Source\PSoC4/cyfitter_cfg.c **** /*******************************************************************************
 264:Generated_Source\PSoC4/cyfitter_cfg.c **** * Function Name: cyfitter_cfg
 265:Generated_Source\PSoC4/cyfitter_cfg.c **** ********************************************************************************
 266:Generated_Source\PSoC4/cyfitter_cfg.c **** * Summary:
 267:Generated_Source\PSoC4/cyfitter_cfg.c **** *  This function is called by the start-up code for the selected device. It
 268:Generated_Source\PSoC4/cyfitter_cfg.c **** *  performs all of the necessary device configuration based on the design
 269:Generated_Source\PSoC4/cyfitter_cfg.c **** *  settings.  This includes settings from the Design Wide Resources (DWR) such
 270:Generated_Source\PSoC4/cyfitter_cfg.c **** *  as Clocks and Pins as well as any component configuration that is necessary.
 271:Generated_Source\PSoC4/cyfitter_cfg.c **** *
 272:Generated_Source\PSoC4/cyfitter_cfg.c **** * Parameters:
 273:Generated_Source\PSoC4/cyfitter_cfg.c **** *   void
 274:Generated_Source\PSoC4/cyfitter_cfg.c **** *
 275:Generated_Source\PSoC4/cyfitter_cfg.c **** * Return:
 276:Generated_Source\PSoC4/cyfitter_cfg.c **** *   void
 277:Generated_Source\PSoC4/cyfitter_cfg.c **** *
 278:Generated_Source\PSoC4/cyfitter_cfg.c **** *******************************************************************************/
 279:Generated_Source\PSoC4/cyfitter_cfg.c **** CY_CFG_SECTION
 280:Generated_Source\PSoC4/cyfitter_cfg.c **** void cyfitter_cfg(void)
 281:Generated_Source\PSoC4/cyfitter_cfg.c **** {
 204              		.loc 1 281 0
 205              		.cfi_startproc
 206              		@ args = 0, pretend = 0, frame = 0
 207              		@ frame_needed = 0, uses_anonymous_args = 0
 208 005c 10B5     		push	{r4, lr}
 209              		.cfi_def_cfa_offset 8
 210              		.cfi_offset 4, -8
 211              		.cfi_offset 14, -4
 282:Generated_Source\PSoC4/cyfitter_cfg.c **** 	/* Disable interrupts by default. Let user enable if/when they want. */
 283:Generated_Source\PSoC4/cyfitter_cfg.c **** 	CyGlobalIntDisable;
 212              		.loc 1 283 0
 213              		.syntax divided
 214              	@ 283 "Generated_Source\PSoC4\cyfitter_cfg.c" 1
 215 005e 72B6     		CPSID   i
 216              	@ 0 "" 2
 284:Generated_Source\PSoC4/cyfitter_cfg.c **** 
 285:Generated_Source\PSoC4/cyfitter_cfg.c **** 	/* Enable the clock in the interrupt controller for the routed interrupts */
 286:Generated_Source\PSoC4/cyfitter_cfg.c **** 	CY_SET_REG8((void *)CYREG_UDB_UDBIF_INT_CLK_CTL, 0x01u);
 217              		.loc 1 286 0
 218              		.thumb
 219              		.syntax unified
 220 0060 0122     		movs	r2, #1
 221 0062 254B     		ldr	r3, .L13
ARM GAS  C:\Users\ykuch\AppData\Local\Temp\cceaKQjZ.s 			page 10


 222 0064 1A70     		strb	r2, [r3]
 223              	.LVL18:
 224              	.LBB3:
 287:Generated_Source\PSoC4/cyfitter_cfg.c **** 	{
 288:Generated_Source\PSoC4/cyfitter_cfg.c **** 		static const uint32 CYCODE cy_cfg_addr_table[] = {
 289:Generated_Source\PSoC4/cyfitter_cfg.c **** 			0x400F0001u, /* Base address: 0x400F0000 Count: 1 */
 290:Generated_Source\PSoC4/cyfitter_cfg.c **** 			0x400F3003u, /* Base address: 0x400F3000 Count: 3 */
 291:Generated_Source\PSoC4/cyfitter_cfg.c **** 			0x400F3106u, /* Base address: 0x400F3100 Count: 6 */
 292:Generated_Source\PSoC4/cyfitter_cfg.c **** 			0x400F3234u, /* Base address: 0x400F3200 Count: 52 */
 293:Generated_Source\PSoC4/cyfitter_cfg.c **** 			0x400F331Au, /* Base address: 0x400F3300 Count: 26 */
 294:Generated_Source\PSoC4/cyfitter_cfg.c **** 			0x400F4006u, /* Base address: 0x400F4000 Count: 6 */
 295:Generated_Source\PSoC4/cyfitter_cfg.c **** 			0x400F4103u, /* Base address: 0x400F4100 Count: 3 */
 296:Generated_Source\PSoC4/cyfitter_cfg.c **** 			0x400F6002u, /* Base address: 0x400F6000 Count: 2 */
 297:Generated_Source\PSoC4/cyfitter_cfg.c **** 		};
 298:Generated_Source\PSoC4/cyfitter_cfg.c **** 
 299:Generated_Source\PSoC4/cyfitter_cfg.c **** 		static const cy_cfg_addrvalue_t CYCODE cy_cfg_data_table[] = {
 300:Generated_Source\PSoC4/cyfitter_cfg.c **** 			{0x83u, 0x0Du},
 301:Generated_Source\PSoC4/cyfitter_cfg.c **** 			{0xD6u, 0x08u},
 302:Generated_Source\PSoC4/cyfitter_cfg.c **** 			{0xDBu, 0x04u},
 303:Generated_Source\PSoC4/cyfitter_cfg.c **** 			{0xDDu, 0x90u},
 304:Generated_Source\PSoC4/cyfitter_cfg.c **** 			{0x5Fu, 0x90u},
 305:Generated_Source\PSoC4/cyfitter_cfg.c **** 			{0x64u, 0x04u},
 306:Generated_Source\PSoC4/cyfitter_cfg.c **** 			{0x67u, 0x0Au},
 307:Generated_Source\PSoC4/cyfitter_cfg.c **** 			{0x87u, 0x90u},
 308:Generated_Source\PSoC4/cyfitter_cfg.c **** 			{0xD6u, 0x30u},
 309:Generated_Source\PSoC4/cyfitter_cfg.c **** 			{0xD8u, 0x30u},
 310:Generated_Source\PSoC4/cyfitter_cfg.c **** 			{0x40u, 0x45u},
 311:Generated_Source\PSoC4/cyfitter_cfg.c **** 			{0x49u, 0xFFu},
 312:Generated_Source\PSoC4/cyfitter_cfg.c **** 			{0x4Au, 0xFFu},
 313:Generated_Source\PSoC4/cyfitter_cfg.c **** 			{0x4Bu, 0xFFu},
 314:Generated_Source\PSoC4/cyfitter_cfg.c **** 			{0x4Fu, 0x01u},
 315:Generated_Source\PSoC4/cyfitter_cfg.c **** 			{0x50u, 0x18u},
 316:Generated_Source\PSoC4/cyfitter_cfg.c **** 			{0x52u, 0x80u},
 317:Generated_Source\PSoC4/cyfitter_cfg.c **** 			{0x5Au, 0x09u},
 318:Generated_Source\PSoC4/cyfitter_cfg.c **** 			{0x5Bu, 0x08u},
 319:Generated_Source\PSoC4/cyfitter_cfg.c **** 			{0x5Du, 0x99u},
 320:Generated_Source\PSoC4/cyfitter_cfg.c **** 			{0x5Fu, 0x01u},
 321:Generated_Source\PSoC4/cyfitter_cfg.c **** 			{0x60u, 0x40u},
 322:Generated_Source\PSoC4/cyfitter_cfg.c **** 			{0x62u, 0x40u},
 323:Generated_Source\PSoC4/cyfitter_cfg.c **** 			{0x64u, 0x40u},
 324:Generated_Source\PSoC4/cyfitter_cfg.c **** 			{0x65u, 0x40u},
 325:Generated_Source\PSoC4/cyfitter_cfg.c **** 			{0x66u, 0x80u},
 326:Generated_Source\PSoC4/cyfitter_cfg.c **** 			{0x68u, 0x80u},
 327:Generated_Source\PSoC4/cyfitter_cfg.c **** 			{0x6Au, 0x80u},
 328:Generated_Source\PSoC4/cyfitter_cfg.c **** 			{0x6Cu, 0x80u},
 329:Generated_Source\PSoC4/cyfitter_cfg.c **** 			{0x6Eu, 0x80u},
 330:Generated_Source\PSoC4/cyfitter_cfg.c **** 			{0x83u, 0x01u},
 331:Generated_Source\PSoC4/cyfitter_cfg.c **** 			{0x9Fu, 0x01u},
 332:Generated_Source\PSoC4/cyfitter_cfg.c **** 			{0xB1u, 0x01u},
 333:Generated_Source\PSoC4/cyfitter_cfg.c **** 			{0xB7u, 0x01u},
 334:Generated_Source\PSoC4/cyfitter_cfg.c **** 			{0xBFu, 0x40u},
 335:Generated_Source\PSoC4/cyfitter_cfg.c **** 			{0xC0u, 0x14u},
 336:Generated_Source\PSoC4/cyfitter_cfg.c **** 			{0xC5u, 0xECu},
 337:Generated_Source\PSoC4/cyfitter_cfg.c **** 			{0xC7u, 0x20u},
 338:Generated_Source\PSoC4/cyfitter_cfg.c **** 			{0xC8u, 0x23u},
 339:Generated_Source\PSoC4/cyfitter_cfg.c **** 			{0xC9u, 0xFFu},
 340:Generated_Source\PSoC4/cyfitter_cfg.c **** 			{0xCAu, 0xFFu},
ARM GAS  C:\Users\ykuch\AppData\Local\Temp\cceaKQjZ.s 			page 11


 341:Generated_Source\PSoC4/cyfitter_cfg.c **** 			{0xCBu, 0xFFu},
 342:Generated_Source\PSoC4/cyfitter_cfg.c **** 			{0xCDu, 0x83u},
 343:Generated_Source\PSoC4/cyfitter_cfg.c **** 			{0xCEu, 0x03u},
 344:Generated_Source\PSoC4/cyfitter_cfg.c **** 			{0xCFu, 0x01u},
 345:Generated_Source\PSoC4/cyfitter_cfg.c **** 			{0xD0u, 0x18u},
 346:Generated_Source\PSoC4/cyfitter_cfg.c **** 			{0xD4u, 0x01u},
 347:Generated_Source\PSoC4/cyfitter_cfg.c **** 			{0xD9u, 0x0Au},
 348:Generated_Source\PSoC4/cyfitter_cfg.c **** 			{0xDAu, 0x0Au},
 349:Generated_Source\PSoC4/cyfitter_cfg.c **** 			{0xDBu, 0x0Au},
 350:Generated_Source\PSoC4/cyfitter_cfg.c **** 			{0xDCu, 0x90u},
 351:Generated_Source\PSoC4/cyfitter_cfg.c **** 			{0xDDu, 0x99u},
 352:Generated_Source\PSoC4/cyfitter_cfg.c **** 			{0xDFu, 0x01u},
 353:Generated_Source\PSoC4/cyfitter_cfg.c **** 			{0xE0u, 0x40u},
 354:Generated_Source\PSoC4/cyfitter_cfg.c **** 			{0xE2u, 0x40u},
 355:Generated_Source\PSoC4/cyfitter_cfg.c **** 			{0xE4u, 0x40u},
 356:Generated_Source\PSoC4/cyfitter_cfg.c **** 			{0xE5u, 0x40u},
 357:Generated_Source\PSoC4/cyfitter_cfg.c **** 			{0xE6u, 0x80u},
 358:Generated_Source\PSoC4/cyfitter_cfg.c **** 			{0xE8u, 0x80u},
 359:Generated_Source\PSoC4/cyfitter_cfg.c **** 			{0xEAu, 0x80u},
 360:Generated_Source\PSoC4/cyfitter_cfg.c **** 			{0xECu, 0x80u},
 361:Generated_Source\PSoC4/cyfitter_cfg.c **** 			{0xEEu, 0x80u},
 362:Generated_Source\PSoC4/cyfitter_cfg.c **** 			{0x21u, 0x02u},
 363:Generated_Source\PSoC4/cyfitter_cfg.c **** 			{0x22u, 0x40u},
 364:Generated_Source\PSoC4/cyfitter_cfg.c **** 			{0x33u, 0x40u},
 365:Generated_Source\PSoC4/cyfitter_cfg.c **** 			{0x39u, 0x02u},
 366:Generated_Source\PSoC4/cyfitter_cfg.c **** 			{0x41u, 0x01u},
 367:Generated_Source\PSoC4/cyfitter_cfg.c **** 			{0x43u, 0x40u},
 368:Generated_Source\PSoC4/cyfitter_cfg.c **** 			{0x46u, 0x80u},
 369:Generated_Source\PSoC4/cyfitter_cfg.c **** 			{0x49u, 0x05u},
 370:Generated_Source\PSoC4/cyfitter_cfg.c **** 			{0x4Eu, 0x02u},
 371:Generated_Source\PSoC4/cyfitter_cfg.c **** 			{0x51u, 0x01u},
 372:Generated_Source\PSoC4/cyfitter_cfg.c **** 			{0x52u, 0x02u},
 373:Generated_Source\PSoC4/cyfitter_cfg.c **** 			{0x59u, 0x05u},
 374:Generated_Source\PSoC4/cyfitter_cfg.c **** 			{0x5Au, 0x80u},
 375:Generated_Source\PSoC4/cyfitter_cfg.c **** 			{0x76u, 0x80u},
 376:Generated_Source\PSoC4/cyfitter_cfg.c **** 			{0x77u, 0x40u},
 377:Generated_Source\PSoC4/cyfitter_cfg.c **** 			{0x78u, 0x04u},
 378:Generated_Source\PSoC4/cyfitter_cfg.c **** 			{0x7Fu, 0x05u},
 379:Generated_Source\PSoC4/cyfitter_cfg.c **** 			{0x81u, 0x02u},
 380:Generated_Source\PSoC4/cyfitter_cfg.c **** 			{0x93u, 0x0Au},
 381:Generated_Source\PSoC4/cyfitter_cfg.c **** 			{0x98u, 0x04u},
 382:Generated_Source\PSoC4/cyfitter_cfg.c **** 			{0xCCu, 0x08u},
 383:Generated_Source\PSoC4/cyfitter_cfg.c **** 			{0xCEu, 0x01u},
 384:Generated_Source\PSoC4/cyfitter_cfg.c **** 			{0xD0u, 0x89u},
 385:Generated_Source\PSoC4/cyfitter_cfg.c **** 			{0xD2u, 0x10u},
 386:Generated_Source\PSoC4/cyfitter_cfg.c **** 			{0xD6u, 0x0Bu},
 387:Generated_Source\PSoC4/cyfitter_cfg.c **** 			{0xDEu, 0x32u},
 388:Generated_Source\PSoC4/cyfitter_cfg.c **** 			{0x1Au, 0x05u},
 389:Generated_Source\PSoC4/cyfitter_cfg.c **** 			{0x6Fu, 0x04u},
 390:Generated_Source\PSoC4/cyfitter_cfg.c **** 			{0x86u, 0x05u},
 391:Generated_Source\PSoC4/cyfitter_cfg.c **** 			{0xC6u, 0x40u},
 392:Generated_Source\PSoC4/cyfitter_cfg.c **** 			{0xDAu, 0x80u},
 393:Generated_Source\PSoC4/cyfitter_cfg.c **** 			{0xE0u, 0x50u},
 394:Generated_Source\PSoC4/cyfitter_cfg.c **** 			{0x83u, 0x04u},
 395:Generated_Source\PSoC4/cyfitter_cfg.c **** 			{0x9Fu, 0x04u},
 396:Generated_Source\PSoC4/cyfitter_cfg.c **** 			{0xE2u, 0x80u},
 397:Generated_Source\PSoC4/cyfitter_cfg.c **** 			{0x02u, 0x01u},
ARM GAS  C:\Users\ykuch\AppData\Local\Temp\cceaKQjZ.s 			page 12


 398:Generated_Source\PSoC4/cyfitter_cfg.c **** 			{0x11u, 0x01u},
 399:Generated_Source\PSoC4/cyfitter_cfg.c **** 		};
 400:Generated_Source\PSoC4/cyfitter_cfg.c **** 
 401:Generated_Source\PSoC4/cyfitter_cfg.c **** 
 402:Generated_Source\PSoC4/cyfitter_cfg.c **** 
 403:Generated_Source\PSoC4/cyfitter_cfg.c **** 		CYPACKED typedef struct {
 404:Generated_Source\PSoC4/cyfitter_cfg.c **** 			void CYFAR *address;
 405:Generated_Source\PSoC4/cyfitter_cfg.c **** 			uint16 size;
 406:Generated_Source\PSoC4/cyfitter_cfg.c **** 		} CYPACKED_ATTR cfg_memset_t;
 407:Generated_Source\PSoC4/cyfitter_cfg.c **** 
 408:Generated_Source\PSoC4/cyfitter_cfg.c **** 		static const cfg_memset_t CYCODE cfg_memset_list[] = {
 409:Generated_Source\PSoC4/cyfitter_cfg.c **** 			/* address, size */
 410:Generated_Source\PSoC4/cyfitter_cfg.c **** 			{(void CYFAR *)(CYDEV_UDB_P0_U0_BASE), 1024u},
 411:Generated_Source\PSoC4/cyfitter_cfg.c **** 			{(void CYFAR *)(CYDEV_UDB_DSI0_BASE), 1024u},
 412:Generated_Source\PSoC4/cyfitter_cfg.c **** 		};
 413:Generated_Source\PSoC4/cyfitter_cfg.c **** 
 414:Generated_Source\PSoC4/cyfitter_cfg.c **** 		uint8 CYDATA i;
 415:Generated_Source\PSoC4/cyfitter_cfg.c **** 
 416:Generated_Source\PSoC4/cyfitter_cfg.c **** 		/* Zero out critical memory blocks before beginning configuration */
 417:Generated_Source\PSoC4/cyfitter_cfg.c **** 		for (i = 0u; i < (sizeof(cfg_memset_list)/sizeof(cfg_memset_list[0])); i++)
 225              		.loc 1 417 0
 226 0066 0024     		movs	r4, #0
 227 0068 0FE0     		b	.L11
 228              	.LVL19:
 229              	.L12:
 230              	.LBB4:
 418:Generated_Source\PSoC4/cyfitter_cfg.c **** 		{
 419:Generated_Source\PSoC4/cyfitter_cfg.c **** 			const cfg_memset_t CYCODE * CYDATA ms = &cfg_memset_list[i];
 420:Generated_Source\PSoC4/cyfitter_cfg.c **** 			CYMEMZERO(ms->address, (size_t)(uint32)(ms->size));
 231              		.loc 1 420 0 discriminator 3
 232 006a 2448     		ldr	r0, .L13+4
 233 006c 6200     		lsls	r2, r4, #1
 234 006e 1319     		adds	r3, r2, r4
 235 0070 5900     		lsls	r1, r3, #1
 236 0072 0B00     		movs	r3, r1
 237 0074 4118     		adds	r1, r0, r1
 238 0076 8988     		ldrh	r1, [r1, #4]
 239 0078 1A5A     		ldrh	r2, [r3, r0]
 240 007a C318     		adds	r3, r0, r3
 241 007c 5888     		ldrh	r0, [r3, #2]
 242 007e 0004     		lsls	r0, r0, #16
 243 0080 1043     		orrs	r0, r2
 244 0082 FFF7FEFF 		bl	CYMEMZERO
 245              	.LVL20:
 246              	.LBE4:
 417:Generated_Source\PSoC4/cyfitter_cfg.c **** 		{
 247              		.loc 1 417 0 discriminator 3
 248 0086 0134     		adds	r4, r4, #1
 249              	.LVL21:
 250 0088 E4B2     		uxtb	r4, r4
 251              	.LVL22:
 252              	.L11:
 417:Generated_Source\PSoC4/cyfitter_cfg.c **** 		{
 253              		.loc 1 417 0 is_stmt 0 discriminator 1
 254 008a 012C     		cmp	r4, #1
 255 008c EDD9     		bls	.L12
 421:Generated_Source\PSoC4/cyfitter_cfg.c **** 		}
ARM GAS  C:\Users\ykuch\AppData\Local\Temp\cceaKQjZ.s 			page 13


 422:Generated_Source\PSoC4/cyfitter_cfg.c **** 
 423:Generated_Source\PSoC4/cyfitter_cfg.c **** 		cfg_write_bytes32(cy_cfg_addr_table, cy_cfg_data_table);
 256              		.loc 1 423 0 is_stmt 1
 257 008e 1B49     		ldr	r1, .L13+4
 258 0090 0C31     		adds	r1, r1, #12
 259 0092 1B48     		ldr	r0, .L13+8
 260 0094 5430     		adds	r0, r0, #84
 261 0096 FFF7FEFF 		bl	cfg_write_bytes32
 262              	.LVL23:
 424:Generated_Source\PSoC4/cyfitter_cfg.c **** 
 425:Generated_Source\PSoC4/cyfitter_cfg.c **** 		/* HSIOM Starting address: CYDEV_HSIOM_BASE */
 426:Generated_Source\PSoC4/cyfitter_cfg.c **** 		CY_SET_REG32((void *)(CYREG_HSIOM_PORT_SEL3), 0x0000EE00u);
 263              		.loc 1 426 0
 264 009a EE22     		movs	r2, #238
 265 009c 1202     		lsls	r2, r2, #8
 266 009e 194B     		ldr	r3, .L13+12
 267 00a0 1A60     		str	r2, [r3]
 427:Generated_Source\PSoC4/cyfitter_cfg.c **** 
 428:Generated_Source\PSoC4/cyfitter_cfg.c **** 		/* UDB_PA_0 Starting address: CYDEV_UDB_PA0_BASE */
 429:Generated_Source\PSoC4/cyfitter_cfg.c **** 		CY_SET_REG32((void *)(CYDEV_UDB_PA0_BASE), 0x00990000u);
 268              		.loc 1 429 0
 269 00a2 9923     		movs	r3, #153
 270 00a4 1B04     		lsls	r3, r3, #16
 271 00a6 184A     		ldr	r2, .L13+16
 272 00a8 1360     		str	r3, [r2]
 430:Generated_Source\PSoC4/cyfitter_cfg.c **** 
 431:Generated_Source\PSoC4/cyfitter_cfg.c **** 		/* UDB_PA_1 Starting address: CYDEV_UDB_PA1_BASE */
 432:Generated_Source\PSoC4/cyfitter_cfg.c **** 		CY_SET_REG32((void *)(CYDEV_UDB_PA1_BASE), 0x00990000u);
 273              		.loc 1 432 0
 274 00aa 184A     		ldr	r2, .L13+20
 275 00ac 1360     		str	r3, [r2]
 433:Generated_Source\PSoC4/cyfitter_cfg.c **** 
 434:Generated_Source\PSoC4/cyfitter_cfg.c **** 		/* UDB_PA_3 Starting address: CYDEV_UDB_PA3_BASE */
 435:Generated_Source\PSoC4/cyfitter_cfg.c **** 		CY_SET_REG32((void *)(CYDEV_UDB_PA3_BASE), 0x00990000u);
 276              		.loc 1 435 0
 277 00ae 184A     		ldr	r2, .L13+24
 278 00b0 1360     		str	r3, [r2]
 436:Generated_Source\PSoC4/cyfitter_cfg.c **** 
 437:Generated_Source\PSoC4/cyfitter_cfg.c **** 		/* INT_SELECT Starting address: CYDEV_CPUSS_INTR_SELECT */
 438:Generated_Source\PSoC4/cyfitter_cfg.c **** 		CY_SET_REG32((void *)(CYREG_CPUSS_INTR_SELECT), 0x00000001u);
 279              		.loc 1 438 0
 280 00b2 0122     		movs	r2, #1
 281 00b4 174B     		ldr	r3, .L13+28
 282 00b6 1A60     		str	r2, [r3]
 439:Generated_Source\PSoC4/cyfitter_cfg.c **** 
 440:Generated_Source\PSoC4/cyfitter_cfg.c **** 		/* INT_CONFIG Starting address: CYDEV_UDB_INT_CFG */
 441:Generated_Source\PSoC4/cyfitter_cfg.c **** 		CY_SET_REG32((void *)(CYREG_UDB_INT_CFG), 0x00000002u);
 283              		.loc 1 441 0
 284 00b8 0132     		adds	r2, r2, #1
 285 00ba 174B     		ldr	r3, .L13+32
 286 00bc 1A60     		str	r2, [r3]
 442:Generated_Source\PSoC4/cyfitter_cfg.c **** 
 443:Generated_Source\PSoC4/cyfitter_cfg.c **** 		/* Enable UDB array and digital routing */
 444:Generated_Source\PSoC4/cyfitter_cfg.c **** 		CY_SET_XTND_REG8((void *)CYREG_UDB_UDBIF_WAIT_CFG, (uint8)((CY_GET_XTND_REG8((void *)CYREG_UDB_UD
 287              		.loc 1 444 0
 288 00be 1749     		ldr	r1, .L13+36
 289 00c0 0B78     		ldrb	r3, [r1]
ARM GAS  C:\Users\ykuch\AppData\Local\Temp\cceaKQjZ.s 			page 14


 290 00c2 3A32     		adds	r2, r2, #58
 291 00c4 9343     		bics	r3, r2
 292 00c6 1422     		movs	r2, #20
 293 00c8 1343     		orrs	r3, r2
 294 00ca DBB2     		uxtb	r3, r3
 295 00cc 0B70     		strb	r3, [r1]
 445:Generated_Source\PSoC4/cyfitter_cfg.c **** 		CY_SET_XTND_REG8((void *)CYREG_UDB_UDBIF_BANK_CTL, (uint8)(CY_GET_XTND_REG8((void *)CYREG_UDB_UDB
 296              		.loc 1 445 0
 297 00ce 144A     		ldr	r2, .L13+40
 298 00d0 1178     		ldrb	r1, [r2]
 299 00d2 1623     		movs	r3, #22
 300 00d4 0B43     		orrs	r3, r1
 301 00d6 DBB2     		uxtb	r3, r3
 302 00d8 1370     		strb	r3, [r2]
 303              	.LBE3:
 446:Generated_Source\PSoC4/cyfitter_cfg.c **** 	}
 447:Generated_Source\PSoC4/cyfitter_cfg.c **** 
 448:Generated_Source\PSoC4/cyfitter_cfg.c **** 	/* Perform second pass device configuration. These items must be configured in specific order afte
 449:Generated_Source\PSoC4/cyfitter_cfg.c **** 	/* IOPINS0_0 Starting address: CYDEV_PRT0_BASE */
 450:Generated_Source\PSoC4/cyfitter_cfg.c **** 	CY_SET_REG32((void *)(CYREG_PRT0_PC), 0x00000180u);
 304              		.loc 1 450 0
 305 00da C022     		movs	r2, #192
 306 00dc 5200     		lsls	r2, r2, #1
 307 00de 114B     		ldr	r3, .L13+44
 308 00e0 1A60     		str	r2, [r3]
 451:Generated_Source\PSoC4/cyfitter_cfg.c **** 
 452:Generated_Source\PSoC4/cyfitter_cfg.c **** 	/* IOPINS0_1 Starting address: CYDEV_PRT1_BASE */
 453:Generated_Source\PSoC4/cyfitter_cfg.c **** 	CY_SET_REG32((void *)(CYREG_PRT1_PC), 0x00180000u);
 309              		.loc 1 453 0
 310 00e2 C022     		movs	r2, #192
 311 00e4 5203     		lsls	r2, r2, #13
 312 00e6 104B     		ldr	r3, .L13+48
 313 00e8 1A60     		str	r2, [r3]
 454:Generated_Source\PSoC4/cyfitter_cfg.c **** 
 455:Generated_Source\PSoC4/cyfitter_cfg.c **** 	/* IOPINS0_3 Starting address: CYDEV_PRT3_BASE */
 456:Generated_Source\PSoC4/cyfitter_cfg.c **** 	CY_SET_REG32((void *)(CYREG_PRT3_PC), 0x00000D80u);
 314              		.loc 1 456 0
 315 00ea D822     		movs	r2, #216
 316 00ec 1201     		lsls	r2, r2, #4
 317 00ee 0F4B     		ldr	r3, .L13+52
 318 00f0 1A60     		str	r2, [r3]
 457:Generated_Source\PSoC4/cyfitter_cfg.c **** 
 458:Generated_Source\PSoC4/cyfitter_cfg.c **** 
 459:Generated_Source\PSoC4/cyfitter_cfg.c **** 	/* Setup clocks based on selections from Clock DWR */
 460:Generated_Source\PSoC4/cyfitter_cfg.c **** 	ClockSetup();
 319              		.loc 1 460 0
 320 00f2 FFF785FF 		bl	ClockSetup
 321              	.LVL24:
 461:Generated_Source\PSoC4/cyfitter_cfg.c **** 
 462:Generated_Source\PSoC4/cyfitter_cfg.c **** 	/* Perform basic analog initialization to defaults */
 463:Generated_Source\PSoC4/cyfitter_cfg.c **** 	AnalogSetDefault();
 464:Generated_Source\PSoC4/cyfitter_cfg.c **** 
 465:Generated_Source\PSoC4/cyfitter_cfg.c **** }
 322              		.loc 1 465 0
 323              		@ sp needed
 324              	.LVL25:
 325 00f6 10BD     		pop	{r4, pc}
ARM GAS  C:\Users\ykuch\AppData\Local\Temp\cceaKQjZ.s 			page 15


 326              	.L14:
 327              		.align	2
 328              	.L13:
 329 00f8 1C700F40 		.word	1074753564
 330 00fc 00000000 		.word	.LANCHOR0
 331 0100 80000000 		.word	.LANCHOR1
 332 0104 0C000140 		.word	1073807372
 333 0108 00500F40 		.word	1074745344
 334 010c 10500F40 		.word	1074745360
 335 0110 30500F40 		.word	1074745392
 336 0114 20000040 		.word	1073741856
 337 0118 00800F40 		.word	1074757632
 338 011c 01700F40 		.word	1074753537
 339 0120 00700F40 		.word	1074753536
 340 0124 08000440 		.word	1074003976
 341 0128 08010440 		.word	1074004232
 342 012c 08030440 		.word	1074004744
 343              		.cfi_endproc
 344              	.LFE6:
 345              		.size	cyfitter_cfg, .-cyfitter_cfg
 346              		.section	.rodata
 347              		.align	2
 348              		.set	.LANCHOR0,. + 0
 349              		.set	.LANCHOR1,. + 128
 350              		.type	cfg_memset_list.4870, %object
 351              		.size	cfg_memset_list.4870, 12
 352              	cfg_memset_list.4870:
 353 0000 00300F40 		.word	1074737152
 354 0004 0004     		.short	1024
 355 0006 00400F40 		.4byte	1074741248
 356 000a 0004     		.short	1024
 357              		.type	cy_cfg_data_table.4865, %object
 358              		.size	cy_cfg_data_table.4865, 198
 359              	cy_cfg_data_table.4865:
 360 000c 83       		.byte	-125
 361 000d 0D       		.byte	13
 362 000e D6       		.byte	-42
 363 000f 08       		.byte	8
 364 0010 DB       		.byte	-37
 365 0011 04       		.byte	4
 366 0012 DD       		.byte	-35
 367 0013 90       		.byte	-112
 368 0014 5F       		.byte	95
 369 0015 90       		.byte	-112
 370 0016 64       		.byte	100
 371 0017 04       		.byte	4
 372 0018 67       		.byte	103
 373 0019 0A       		.byte	10
 374 001a 87       		.byte	-121
 375 001b 90       		.byte	-112
 376 001c D6       		.byte	-42
 377 001d 30       		.byte	48
 378 001e D8       		.byte	-40
 379 001f 30       		.byte	48
 380 0020 40       		.byte	64
 381 0021 45       		.byte	69
 382 0022 49       		.byte	73
ARM GAS  C:\Users\ykuch\AppData\Local\Temp\cceaKQjZ.s 			page 16


 383 0023 FF       		.byte	-1
 384 0024 4A       		.byte	74
 385 0025 FF       		.byte	-1
 386 0026 4B       		.byte	75
 387 0027 FF       		.byte	-1
 388 0028 4F       		.byte	79
 389 0029 01       		.byte	1
 390 002a 50       		.byte	80
 391 002b 18       		.byte	24
 392 002c 52       		.byte	82
 393 002d 80       		.byte	-128
 394 002e 5A       		.byte	90
 395 002f 09       		.byte	9
 396 0030 5B       		.byte	91
 397 0031 08       		.byte	8
 398 0032 5D       		.byte	93
 399 0033 99       		.byte	-103
 400 0034 5F       		.byte	95
 401 0035 01       		.byte	1
 402 0036 60       		.byte	96
 403 0037 40       		.byte	64
 404 0038 62       		.byte	98
 405 0039 40       		.byte	64
 406 003a 64       		.byte	100
 407 003b 40       		.byte	64
 408 003c 65       		.byte	101
 409 003d 40       		.byte	64
 410 003e 66       		.byte	102
 411 003f 80       		.byte	-128
 412 0040 68       		.byte	104
 413 0041 80       		.byte	-128
 414 0042 6A       		.byte	106
 415 0043 80       		.byte	-128
 416 0044 6C       		.byte	108
 417 0045 80       		.byte	-128
 418 0046 6E       		.byte	110
 419 0047 80       		.byte	-128
 420 0048 83       		.byte	-125
 421 0049 01       		.byte	1
 422 004a 9F       		.byte	-97
 423 004b 01       		.byte	1
 424 004c B1       		.byte	-79
 425 004d 01       		.byte	1
 426 004e B7       		.byte	-73
 427 004f 01       		.byte	1
 428 0050 BF       		.byte	-65
 429 0051 40       		.byte	64
 430 0052 C0       		.byte	-64
 431 0053 14       		.byte	20
 432 0054 C5       		.byte	-59
 433 0055 EC       		.byte	-20
 434 0056 C7       		.byte	-57
 435 0057 20       		.byte	32
 436 0058 C8       		.byte	-56
 437 0059 23       		.byte	35
 438 005a C9       		.byte	-55
 439 005b FF       		.byte	-1
ARM GAS  C:\Users\ykuch\AppData\Local\Temp\cceaKQjZ.s 			page 17


 440 005c CA       		.byte	-54
 441 005d FF       		.byte	-1
 442 005e CB       		.byte	-53
 443 005f FF       		.byte	-1
 444 0060 CD       		.byte	-51
 445 0061 83       		.byte	-125
 446 0062 CE       		.byte	-50
 447 0063 03       		.byte	3
 448 0064 CF       		.byte	-49
 449 0065 01       		.byte	1
 450 0066 D0       		.byte	-48
 451 0067 18       		.byte	24
 452 0068 D4       		.byte	-44
 453 0069 01       		.byte	1
 454 006a D9       		.byte	-39
 455 006b 0A       		.byte	10
 456 006c DA       		.byte	-38
 457 006d 0A       		.byte	10
 458 006e DB       		.byte	-37
 459 006f 0A       		.byte	10
 460 0070 DC       		.byte	-36
 461 0071 90       		.byte	-112
 462 0072 DD       		.byte	-35
 463 0073 99       		.byte	-103
 464 0074 DF       		.byte	-33
 465 0075 01       		.byte	1
 466 0076 E0       		.byte	-32
 467 0077 40       		.byte	64
 468 0078 E2       		.byte	-30
 469 0079 40       		.byte	64
 470 007a E4       		.byte	-28
 471 007b 40       		.byte	64
 472 007c E5       		.byte	-27
 473 007d 40       		.byte	64
 474 007e E6       		.byte	-26
 475 007f 80       		.byte	-128
 476 0080 E8       		.byte	-24
 477 0081 80       		.byte	-128
 478 0082 EA       		.byte	-22
 479 0083 80       		.byte	-128
 480 0084 EC       		.byte	-20
 481 0085 80       		.byte	-128
 482 0086 EE       		.byte	-18
 483 0087 80       		.byte	-128
 484 0088 21       		.byte	33
 485 0089 02       		.byte	2
 486 008a 22       		.byte	34
 487 008b 40       		.byte	64
 488 008c 33       		.byte	51
 489 008d 40       		.byte	64
 490 008e 39       		.byte	57
 491 008f 02       		.byte	2
 492 0090 41       		.byte	65
 493 0091 01       		.byte	1
 494 0092 43       		.byte	67
 495 0093 40       		.byte	64
 496 0094 46       		.byte	70
ARM GAS  C:\Users\ykuch\AppData\Local\Temp\cceaKQjZ.s 			page 18


 497 0095 80       		.byte	-128
 498 0096 49       		.byte	73
 499 0097 05       		.byte	5
 500 0098 4E       		.byte	78
 501 0099 02       		.byte	2
 502 009a 51       		.byte	81
 503 009b 01       		.byte	1
 504 009c 52       		.byte	82
 505 009d 02       		.byte	2
 506 009e 59       		.byte	89
 507 009f 05       		.byte	5
 508 00a0 5A       		.byte	90
 509 00a1 80       		.byte	-128
 510 00a2 76       		.byte	118
 511 00a3 80       		.byte	-128
 512 00a4 77       		.byte	119
 513 00a5 40       		.byte	64
 514 00a6 78       		.byte	120
 515 00a7 04       		.byte	4
 516 00a8 7F       		.byte	127
 517 00a9 05       		.byte	5
 518 00aa 81       		.byte	-127
 519 00ab 02       		.byte	2
 520 00ac 93       		.byte	-109
 521 00ad 0A       		.byte	10
 522 00ae 98       		.byte	-104
 523 00af 04       		.byte	4
 524 00b0 CC       		.byte	-52
 525 00b1 08       		.byte	8
 526 00b2 CE       		.byte	-50
 527 00b3 01       		.byte	1
 528 00b4 D0       		.byte	-48
 529 00b5 89       		.byte	-119
 530 00b6 D2       		.byte	-46
 531 00b7 10       		.byte	16
 532 00b8 D6       		.byte	-42
 533 00b9 0B       		.byte	11
 534 00ba DE       		.byte	-34
 535 00bb 32       		.byte	50
 536 00bc 1A       		.byte	26
 537 00bd 05       		.byte	5
 538 00be 6F       		.byte	111
 539 00bf 04       		.byte	4
 540 00c0 86       		.byte	-122
 541 00c1 05       		.byte	5
 542 00c2 C6       		.byte	-58
 543 00c3 40       		.byte	64
 544 00c4 DA       		.byte	-38
 545 00c5 80       		.byte	-128
 546 00c6 E0       		.byte	-32
 547 00c7 50       		.byte	80
 548 00c8 83       		.byte	-125
 549 00c9 04       		.byte	4
 550 00ca 9F       		.byte	-97
 551 00cb 04       		.byte	4
 552 00cc E2       		.byte	-30
 553 00cd 80       		.byte	-128
ARM GAS  C:\Users\ykuch\AppData\Local\Temp\cceaKQjZ.s 			page 19


 554 00ce 02       		.byte	2
 555 00cf 01       		.byte	1
 556 00d0 11       		.byte	17
 557 00d1 01       		.byte	1
 558 00d2 0000     		.space	2
 559              		.type	cy_cfg_addr_table.4864, %object
 560              		.size	cy_cfg_addr_table.4864, 32
 561              	cy_cfg_addr_table.4864:
 562 00d4 01000F40 		.word	1074724865
 563 00d8 03300F40 		.word	1074737155
 564 00dc 06310F40 		.word	1074737414
 565 00e0 34320F40 		.word	1074737716
 566 00e4 1A330F40 		.word	1074737946
 567 00e8 06400F40 		.word	1074741254
 568 00ec 03410F40 		.word	1074741507
 569 00f0 02600F40 		.word	1074749442
 570              		.text
 571              	.Letext0:
 572              		.file 2 "c:\\program files (x86)\\cypress\\psoc creator\\4.4\\psoc creator\\import\\gnu\\arm\\5.4.
 573              		.file 3 "Generated_Source\\PSoC4\\cytypes.h"
 574              		.file 4 "Generated_Source\\PSoC4\\CyLib.h"
 575              		.section	.debug_info,"",%progbits
 576              	.Ldebug_info0:
 577 0000 9C030000 		.4byte	0x39c
 578 0004 0400     		.2byte	0x4
 579 0006 00000000 		.4byte	.Ldebug_abbrev0
 580 000a 04       		.byte	0x4
 581 000b 01       		.uleb128 0x1
 582 000c 59010000 		.4byte	.LASF39
 583 0010 0C       		.byte	0xc
 584 0011 86020000 		.4byte	.LASF40
 585 0015 AE000000 		.4byte	.LASF41
 586 0019 00000000 		.4byte	.Ldebug_ranges0+0
 587 001d 00000000 		.4byte	0
 588 0021 00000000 		.4byte	.Ldebug_line0
 589 0025 02       		.uleb128 0x2
 590 0026 04       		.byte	0x4
 591 0027 05       		.byte	0x5
 592 0028 696E7400 		.ascii	"int\000"
 593 002c 03       		.uleb128 0x3
 594 002d 06000000 		.4byte	.LASF12
 595 0031 02       		.byte	0x2
 596 0032 D8       		.byte	0xd8
 597 0033 37000000 		.4byte	0x37
 598 0037 04       		.uleb128 0x4
 599 0038 04       		.byte	0x4
 600 0039 07       		.byte	0x7
 601 003a 20010000 		.4byte	.LASF0
 602 003e 04       		.uleb128 0x4
 603 003f 08       		.byte	0x8
 604 0040 05       		.byte	0x5
 605 0041 19020000 		.4byte	.LASF1
 606 0045 04       		.uleb128 0x4
 607 0046 08       		.byte	0x8
 608 0047 04       		.byte	0x4
 609 0048 6E020000 		.4byte	.LASF2
 610 004c 04       		.uleb128 0x4
ARM GAS  C:\Users\ykuch\AppData\Local\Temp\cceaKQjZ.s 			page 20


 611 004d 01       		.byte	0x1
 612 004e 06       		.byte	0x6
 613 004f 7A020000 		.4byte	.LASF3
 614 0053 04       		.uleb128 0x4
 615 0054 01       		.byte	0x1
 616 0055 08       		.byte	0x8
 617 0056 99000000 		.4byte	.LASF4
 618 005a 04       		.uleb128 0x4
 619 005b 02       		.byte	0x2
 620 005c 05       		.byte	0x5
 621 005d 46020000 		.4byte	.LASF5
 622 0061 04       		.uleb128 0x4
 623 0062 02       		.byte	0x2
 624 0063 07       		.byte	0x7
 625 0064 06020000 		.4byte	.LASF6
 626 0068 04       		.uleb128 0x4
 627 0069 04       		.byte	0x4
 628 006a 05       		.byte	0x5
 629 006b 65020000 		.4byte	.LASF7
 630 006f 04       		.uleb128 0x4
 631 0070 04       		.byte	0x4
 632 0071 07       		.byte	0x7
 633 0072 77000000 		.4byte	.LASF8
 634 0076 04       		.uleb128 0x4
 635 0077 08       		.byte	0x8
 636 0078 07       		.byte	0x7
 637 0079 42010000 		.4byte	.LASF9
 638 007d 04       		.uleb128 0x4
 639 007e 04       		.byte	0x4
 640 007f 07       		.byte	0x7
 641 0080 FD010000 		.4byte	.LASF10
 642 0084 05       		.uleb128 0x5
 643 0085 04       		.byte	0x4
 644 0086 04       		.uleb128 0x4
 645 0087 01       		.byte	0x1
 646 0088 08       		.byte	0x8
 647 0089 27020000 		.4byte	.LASF11
 648 008d 06       		.uleb128 0x6
 649 008e 89000000 		.4byte	.LASF13
 650 0092 03       		.byte	0x3
 651 0093 FC01     		.2byte	0x1fc
 652 0095 53000000 		.4byte	0x53
 653 0099 06       		.uleb128 0x6
 654 009a 07010000 		.4byte	.LASF14
 655 009e 03       		.byte	0x3
 656 009f FD01     		.2byte	0x1fd
 657 00a1 61000000 		.4byte	0x61
 658 00a5 06       		.uleb128 0x6
 659 00a6 19010000 		.4byte	.LASF15
 660 00aa 03       		.byte	0x3
 661 00ab FE01     		.2byte	0x1fe
 662 00ad 6F000000 		.4byte	0x6f
 663 00b1 04       		.uleb128 0x4
 664 00b2 04       		.byte	0x4
 665 00b3 04       		.byte	0x4
 666 00b4 57000000 		.4byte	.LASF16
 667 00b8 04       		.uleb128 0x4
ARM GAS  C:\Users\ykuch\AppData\Local\Temp\cceaKQjZ.s 			page 21


 668 00b9 08       		.byte	0x8
 669 00ba 04       		.byte	0x4
 670 00bb D7000000 		.4byte	.LASF17
 671 00bf 06       		.uleb128 0x6
 672 00c0 72000000 		.4byte	.LASF18
 673 00c4 03       		.byte	0x3
 674 00c5 A602     		.2byte	0x2a6
 675 00c7 CB000000 		.4byte	0xcb
 676 00cb 07       		.uleb128 0x7
 677 00cc 8D000000 		.4byte	0x8d
 678 00d0 06       		.uleb128 0x6
 679 00d1 00000000 		.4byte	.LASF19
 680 00d5 03       		.byte	0x3
 681 00d6 A802     		.2byte	0x2a8
 682 00d8 DC000000 		.4byte	0xdc
 683 00dc 07       		.uleb128 0x7
 684 00dd A5000000 		.4byte	0xa5
 685 00e1 08       		.uleb128 0x8
 686 00e2 02       		.byte	0x2
 687 00e3 01       		.byte	0x1
 688 00e4 97       		.byte	0x97
 689 00e5 02010000 		.4byte	0x102
 690 00e9 09       		.uleb128 0x9
 691 00ea 3F020000 		.4byte	.LASF20
 692 00ee 01       		.byte	0x1
 693 00ef 99       		.byte	0x99
 694 00f0 8D000000 		.4byte	0x8d
 695 00f4 00       		.byte	0
 696 00f5 09       		.uleb128 0x9
 697 00f6 1C000000 		.4byte	.LASF21
 698 00fa 01       		.byte	0x1
 699 00fb 9A       		.byte	0x9a
 700 00fc 8D000000 		.4byte	0x8d
 701 0100 01       		.byte	0x1
 702 0101 00       		.byte	0
 703 0102 03       		.uleb128 0x3
 704 0103 2C020000 		.4byte	.LASF22
 705 0107 01       		.byte	0x1
 706 0108 9B       		.byte	0x9b
 707 0109 E1000000 		.4byte	0xe1
 708 010d 0A       		.uleb128 0xa
 709 010e DE000000 		.4byte	.LASF27
 710 0112 01       		.byte	0x1
 711 0113 AE       		.byte	0xae
 712 0114 00000000 		.4byte	.LFB3
 713 0118 32000000 		.4byte	.LFE3-.LFB3
 714 011c 01       		.uleb128 0x1
 715 011d 9C       		.byte	0x9c
 716 011e 7F010000 		.4byte	0x17f
 717 0122 0B       		.uleb128 0xb
 718 0123 FC000000 		.4byte	.LASF23
 719 0127 01       		.byte	0x1
 720 0128 AE       		.byte	0xae
 721 0129 7F010000 		.4byte	0x17f
 722 012d 01       		.uleb128 0x1
 723 012e 50       		.byte	0x50
 724 012f 0B       		.uleb128 0xb
ARM GAS  C:\Users\ykuch\AppData\Local\Temp\cceaKQjZ.s 			page 22


 725 0130 0E010000 		.4byte	.LASF24
 726 0134 01       		.byte	0x1
 727 0135 AE       		.byte	0xae
 728 0136 8A010000 		.4byte	0x18a
 729 013a 01       		.uleb128 0x1
 730 013b 51       		.byte	0x51
 731 013c 0C       		.uleb128 0xc
 732 013d 6900     		.ascii	"i\000"
 733 013f 01       		.byte	0x1
 734 0140 B1       		.byte	0xb1
 735 0141 A5000000 		.4byte	0xa5
 736 0145 00000000 		.4byte	.LLST0
 737 0149 0C       		.uleb128 0xc
 738 014a 6A00     		.ascii	"j\000"
 739 014c 01       		.byte	0x1
 740 014d B1       		.byte	0xb1
 741 014e A5000000 		.4byte	0xa5
 742 0152 1F000000 		.4byte	.LLST1
 743 0156 0D       		.uleb128 0xd
 744 0157 08000000 		.4byte	.LBB2
 745 015b 22000000 		.4byte	.LBE2-.LBB2
 746 015f 0E       		.uleb128 0xe
 747 0160 F4010000 		.4byte	.LASF25
 748 0164 01       		.byte	0x1
 749 0165 B4       		.byte	0xb4
 750 0166 A5000000 		.4byte	0xa5
 751 016a 3E000000 		.4byte	.LLST2
 752 016e 0E       		.uleb128 0xe
 753 016f 22000000 		.4byte	.LASF26
 754 0173 01       		.byte	0x1
 755 0174 B5       		.byte	0xb5
 756 0175 8D000000 		.4byte	0x8d
 757 0179 51000000 		.4byte	.LLST3
 758 017d 00       		.byte	0
 759 017e 00       		.byte	0
 760 017f 0F       		.uleb128 0xf
 761 0180 04       		.byte	0x4
 762 0181 85010000 		.4byte	0x185
 763 0185 10       		.uleb128 0x10
 764 0186 A5000000 		.4byte	0xa5
 765 018a 0F       		.uleb128 0xf
 766 018b 04       		.byte	0x4
 767 018c 90010000 		.4byte	0x190
 768 0190 10       		.uleb128 0x10
 769 0191 02010000 		.4byte	0x102
 770 0195 0A       		.uleb128 0xa
 771 0196 8F000000 		.4byte	.LASF28
 772 019a 01       		.byte	0x1
 773 019b 4C       		.byte	0x4c
 774 019c 00000000 		.4byte	.LFB0
 775 01a0 0C000000 		.4byte	.LFE0-.LFB0
 776 01a4 01       		.uleb128 0x1
 777 01a5 9C       		.byte	0x9c
 778 01a6 E2010000 		.4byte	0x1e2
 779 01aa 11       		.uleb128 0x11
 780 01ab 7300     		.ascii	"s\000"
 781 01ad 01       		.byte	0x1
ARM GAS  C:\Users\ykuch\AppData\Local\Temp\cceaKQjZ.s 			page 23


 782 01ae 4C       		.byte	0x4c
 783 01af 84000000 		.4byte	0x84
 784 01b3 6F000000 		.4byte	.LLST4
 785 01b7 11       		.uleb128 0x11
 786 01b8 6E00     		.ascii	"n\000"
 787 01ba 01       		.byte	0x1
 788 01bb 4C       		.byte	0x4c
 789 01bc 2C000000 		.4byte	0x2c
 790 01c0 90000000 		.4byte	.LLST5
 791 01c4 12       		.uleb128 0x12
 792 01c5 0A000000 		.4byte	.LVL14
 793 01c9 75030000 		.4byte	0x375
 794 01cd 13       		.uleb128 0x13
 795 01ce 01       		.uleb128 0x1
 796 01cf 50       		.byte	0x50
 797 01d0 03       		.uleb128 0x3
 798 01d1 F3       		.byte	0xf3
 799 01d2 01       		.uleb128 0x1
 800 01d3 50       		.byte	0x50
 801 01d4 13       		.uleb128 0x13
 802 01d5 01       		.uleb128 0x1
 803 01d6 51       		.byte	0x51
 804 01d7 01       		.uleb128 0x1
 805 01d8 30       		.byte	0x30
 806 01d9 13       		.uleb128 0x13
 807 01da 01       		.uleb128 0x1
 808 01db 52       		.byte	0x52
 809 01dc 03       		.uleb128 0x3
 810 01dd F3       		.byte	0xf3
 811 01de 01       		.uleb128 0x1
 812 01df 51       		.byte	0x51
 813 01e0 00       		.byte	0
 814 01e1 00       		.byte	0
 815 01e2 0A       		.uleb128 0xa
 816 01e3 28000000 		.4byte	.LASF29
 817 01e7 01       		.byte	0x1
 818 01e8 D3       		.byte	0xd3
 819 01e9 00000000 		.4byte	.LFB4
 820 01ed 5C000000 		.4byte	.LFE4-.LFB4
 821 01f1 01       		.uleb128 0x1
 822 01f2 9C       		.byte	0x9c
 823 01f3 2D020000 		.4byte	0x22d
 824 01f7 14       		.uleb128 0x14
 825 01f8 14000000 		.4byte	.LVL15
 826 01fc 7E030000 		.4byte	0x37e
 827 0200 0A020000 		.4byte	0x20a
 828 0204 13       		.uleb128 0x13
 829 0205 01       		.uleb128 0x1
 830 0206 50       		.byte	0x50
 831 0207 01       		.uleb128 0x1
 832 0208 48       		.byte	0x48
 833 0209 00       		.byte	0
 834 020a 14       		.uleb128 0x14
 835 020b 34000000 		.4byte	.LVL16
 836 020f 89030000 		.4byte	0x389
 837 0213 1D020000 		.4byte	0x21d
 838 0217 13       		.uleb128 0x13
ARM GAS  C:\Users\ykuch\AppData\Local\Temp\cceaKQjZ.s 			page 24


 839 0218 01       		.uleb128 0x1
 840 0219 50       		.byte	0x50
 841 021a 01       		.uleb128 0x1
 842 021b 39       		.byte	0x39
 843 021c 00       		.byte	0
 844 021d 12       		.uleb128 0x12
 845 021e 3A000000 		.4byte	.LVL17
 846 0222 94030000 		.4byte	0x394
 847 0226 13       		.uleb128 0x13
 848 0227 01       		.uleb128 0x1
 849 0228 50       		.byte	0x50
 850 0229 01       		.uleb128 0x1
 851 022a 39       		.byte	0x39
 852 022b 00       		.byte	0
 853 022c 00       		.byte	0
 854 022d 15       		.uleb128 0x15
 855 022e 2D010000 		.4byte	.LASF42
 856 0232 01       		.byte	0x1
 857 0233 1801     		.2byte	0x118
 858 0235 5C000000 		.4byte	.LFB6
 859 0239 D4000000 		.4byte	.LFE6-.LFB6
 860 023d 01       		.uleb128 0x1
 861 023e 9C       		.byte	0x9c
 862 023f 4B030000 		.4byte	0x34b
 863 0243 16       		.uleb128 0x16
 864 0244 66000000 		.4byte	.LBB3
 865 0248 74000000 		.4byte	.LBE3-.LBB3
 866 024c 41030000 		.4byte	0x341
 867 0250 17       		.uleb128 0x17
 868 0251 33000000 		.4byte	.LASF30
 869 0255 01       		.byte	0x1
 870 0256 2001     		.2byte	0x120
 871 0258 5B030000 		.4byte	0x35b
 872 025c 05       		.uleb128 0x5
 873 025d 03       		.byte	0x3
 874 025e D4000000 		.4byte	cy_cfg_addr_table.4864
 875 0262 17       		.uleb128 0x17
 876 0263 45000000 		.4byte	.LASF31
 877 0267 01       		.byte	0x1
 878 0268 2B01     		.2byte	0x12b
 879 026a 70030000 		.4byte	0x370
 880 026e 05       		.uleb128 0x5
 881 026f 03       		.byte	0x3
 882 0270 0C000000 		.4byte	cy_cfg_data_table.4865
 883 0274 18       		.uleb128 0x18
 884 0275 06       		.byte	0x6
 885 0276 01       		.byte	0x1
 886 0277 9301     		.2byte	0x193
 887 0279 98020000 		.4byte	0x298
 888 027d 19       		.uleb128 0x19
 889 027e 3A010000 		.4byte	.LASF32
 890 0282 01       		.byte	0x1
 891 0283 9401     		.2byte	0x194
 892 0285 84000000 		.4byte	0x84
 893 0289 00       		.byte	0
 894 028a 19       		.uleb128 0x19
 895 028b 6D000000 		.4byte	.LASF33
ARM GAS  C:\Users\ykuch\AppData\Local\Temp\cceaKQjZ.s 			page 25


 896 028f 01       		.byte	0x1
 897 0290 9501     		.2byte	0x195
 898 0292 99000000 		.4byte	0x99
 899 0296 04       		.byte	0x4
 900 0297 00       		.byte	0
 901 0298 06       		.uleb128 0x6
 902 0299 E7010000 		.4byte	.LASF34
 903 029d 01       		.byte	0x1
 904 029e 9601     		.2byte	0x196
 905 02a0 74020000 		.4byte	0x274
 906 02a4 1A       		.uleb128 0x1a
 907 02a5 B4020000 		.4byte	0x2b4
 908 02a9 B4020000 		.4byte	0x2b4
 909 02ad 1B       		.uleb128 0x1b
 910 02ae 7D000000 		.4byte	0x7d
 911 02b2 01       		.byte	0x1
 912 02b3 00       		.byte	0
 913 02b4 10       		.uleb128 0x10
 914 02b5 98020000 		.4byte	0x298
 915 02b9 17       		.uleb128 0x17
 916 02ba 5D000000 		.4byte	.LASF35
 917 02be 01       		.byte	0x1
 918 02bf 9801     		.2byte	0x198
 919 02c1 CB020000 		.4byte	0x2cb
 920 02c5 05       		.uleb128 0x5
 921 02c6 03       		.byte	0x3
 922 02c7 00000000 		.4byte	cfg_memset_list.4870
 923 02cb 10       		.uleb128 0x10
 924 02cc A4020000 		.4byte	0x2a4
 925 02d0 1C       		.uleb128 0x1c
 926 02d1 6900     		.ascii	"i\000"
 927 02d3 01       		.byte	0x1
 928 02d4 9E01     		.2byte	0x19e
 929 02d6 8D000000 		.4byte	0x8d
 930 02da BC000000 		.4byte	.LLST6
 931 02de 16       		.uleb128 0x16
 932 02df 6A000000 		.4byte	.LBB4
 933 02e3 1C000000 		.4byte	.LBE4-.LBB4
 934 02e7 24030000 		.4byte	0x324
 935 02eb 1C       		.uleb128 0x1c
 936 02ec 6D7300   		.ascii	"ms\000"
 937 02ef 01       		.byte	0x1
 938 02f0 A301     		.2byte	0x1a3
 939 02f2 FA020000 		.4byte	0x2fa
 940 02f6 E6000000 		.4byte	.LLST7
 941 02fa 0F       		.uleb128 0xf
 942 02fb 04       		.byte	0x4
 943 02fc B4020000 		.4byte	0x2b4
 944 0300 12       		.uleb128 0x12
 945 0301 86000000 		.4byte	.LVL20
 946 0305 95010000 		.4byte	0x195
 947 0309 13       		.uleb128 0x13
 948 030a 01       		.uleb128 0x1
 949 030b 51       		.byte	0x51
 950 030c 15       		.uleb128 0x15
 951 030d 74       		.byte	0x74
 952 030e 00       		.sleb128 0
ARM GAS  C:\Users\ykuch\AppData\Local\Temp\cceaKQjZ.s 			page 26


 953 030f 31       		.byte	0x31
 954 0310 24       		.byte	0x24
 955 0311 74       		.byte	0x74
 956 0312 00       		.sleb128 0
 957 0313 22       		.byte	0x22
 958 0314 31       		.byte	0x31
 959 0315 24       		.byte	0x24
 960 0316 03       		.byte	0x3
 961 0317 04000000 		.4byte	.LANCHOR0+4
 962 031b 22       		.byte	0x22
 963 031c 94       		.byte	0x94
 964 031d 02       		.byte	0x2
 965 031e 0A       		.byte	0xa
 966 031f FFFF     		.2byte	0xffff
 967 0321 1A       		.byte	0x1a
 968 0322 00       		.byte	0
 969 0323 00       		.byte	0
 970 0324 12       		.uleb128 0x12
 971 0325 9A000000 		.4byte	.LVL23
 972 0329 0D010000 		.4byte	0x10d
 973 032d 13       		.uleb128 0x13
 974 032e 01       		.uleb128 0x1
 975 032f 50       		.byte	0x50
 976 0330 05       		.uleb128 0x5
 977 0331 03       		.byte	0x3
 978 0332 D4000000 		.4byte	.LANCHOR1+84
 979 0336 13       		.uleb128 0x13
 980 0337 01       		.uleb128 0x1
 981 0338 51       		.byte	0x51
 982 0339 05       		.uleb128 0x5
 983 033a 03       		.byte	0x3
 984 033b 0C000000 		.4byte	.LANCHOR0+12
 985 033f 00       		.byte	0
 986 0340 00       		.byte	0
 987 0341 1D       		.uleb128 0x1d
 988 0342 F6000000 		.4byte	.LVL24
 989 0346 E2010000 		.4byte	0x1e2
 990 034a 00       		.byte	0
 991 034b 1A       		.uleb128 0x1a
 992 034c 85010000 		.4byte	0x185
 993 0350 5B030000 		.4byte	0x35b
 994 0354 1B       		.uleb128 0x1b
 995 0355 7D000000 		.4byte	0x7d
 996 0359 07       		.byte	0x7
 997 035a 00       		.byte	0
 998 035b 10       		.uleb128 0x10
 999 035c 4B030000 		.4byte	0x34b
 1000 0360 1A       		.uleb128 0x1a
 1001 0361 90010000 		.4byte	0x190
 1002 0365 70030000 		.4byte	0x370
 1003 0369 1B       		.uleb128 0x1b
 1004 036a 7D000000 		.4byte	0x7d
 1005 036e 62       		.byte	0x62
 1006 036f 00       		.byte	0
 1007 0370 10       		.uleb128 0x10
 1008 0371 60030000 		.4byte	0x360
 1009 0375 1E       		.uleb128 0x1e
ARM GAS  C:\Users\ykuch\AppData\Local\Temp\cceaKQjZ.s 			page 27


 1010 0376 A7000000 		.4byte	.LASF43
 1011 037a A7000000 		.4byte	.LASF43
 1012 037e 1F       		.uleb128 0x1f
 1013 037f 50020000 		.4byte	.LASF36
 1014 0383 50020000 		.4byte	.LASF36
 1015 0387 04       		.byte	0x4
 1016 0388 6C       		.byte	0x6c
 1017 0389 1F       		.uleb128 0x1f
 1018 038a 0D000000 		.4byte	.LASF37
 1019 038e 0D000000 		.4byte	.LASF37
 1020 0392 04       		.byte	0x4
 1021 0393 D0       		.byte	0xd0
 1022 0394 1F       		.uleb128 0x1f
 1023 0395 F0000000 		.4byte	.LASF38
 1024 0399 F0000000 		.4byte	.LASF38
 1025 039d 04       		.byte	0x4
 1026 039e D6       		.byte	0xd6
 1027 039f 00       		.byte	0
 1028              		.section	.debug_abbrev,"",%progbits
 1029              	.Ldebug_abbrev0:
 1030 0000 01       		.uleb128 0x1
 1031 0001 11       		.uleb128 0x11
 1032 0002 01       		.byte	0x1
 1033 0003 25       		.uleb128 0x25
 1034 0004 0E       		.uleb128 0xe
 1035 0005 13       		.uleb128 0x13
 1036 0006 0B       		.uleb128 0xb
 1037 0007 03       		.uleb128 0x3
 1038 0008 0E       		.uleb128 0xe
 1039 0009 1B       		.uleb128 0x1b
 1040 000a 0E       		.uleb128 0xe
 1041 000b 55       		.uleb128 0x55
 1042 000c 17       		.uleb128 0x17
 1043 000d 11       		.uleb128 0x11
 1044 000e 01       		.uleb128 0x1
 1045 000f 10       		.uleb128 0x10
 1046 0010 17       		.uleb128 0x17
 1047 0011 00       		.byte	0
 1048 0012 00       		.byte	0
 1049 0013 02       		.uleb128 0x2
 1050 0014 24       		.uleb128 0x24
 1051 0015 00       		.byte	0
 1052 0016 0B       		.uleb128 0xb
 1053 0017 0B       		.uleb128 0xb
 1054 0018 3E       		.uleb128 0x3e
 1055 0019 0B       		.uleb128 0xb
 1056 001a 03       		.uleb128 0x3
 1057 001b 08       		.uleb128 0x8
 1058 001c 00       		.byte	0
 1059 001d 00       		.byte	0
 1060 001e 03       		.uleb128 0x3
 1061 001f 16       		.uleb128 0x16
 1062 0020 00       		.byte	0
 1063 0021 03       		.uleb128 0x3
 1064 0022 0E       		.uleb128 0xe
 1065 0023 3A       		.uleb128 0x3a
 1066 0024 0B       		.uleb128 0xb
ARM GAS  C:\Users\ykuch\AppData\Local\Temp\cceaKQjZ.s 			page 28


 1067 0025 3B       		.uleb128 0x3b
 1068 0026 0B       		.uleb128 0xb
 1069 0027 49       		.uleb128 0x49
 1070 0028 13       		.uleb128 0x13
 1071 0029 00       		.byte	0
 1072 002a 00       		.byte	0
 1073 002b 04       		.uleb128 0x4
 1074 002c 24       		.uleb128 0x24
 1075 002d 00       		.byte	0
 1076 002e 0B       		.uleb128 0xb
 1077 002f 0B       		.uleb128 0xb
 1078 0030 3E       		.uleb128 0x3e
 1079 0031 0B       		.uleb128 0xb
 1080 0032 03       		.uleb128 0x3
 1081 0033 0E       		.uleb128 0xe
 1082 0034 00       		.byte	0
 1083 0035 00       		.byte	0
 1084 0036 05       		.uleb128 0x5
 1085 0037 0F       		.uleb128 0xf
 1086 0038 00       		.byte	0
 1087 0039 0B       		.uleb128 0xb
 1088 003a 0B       		.uleb128 0xb
 1089 003b 00       		.byte	0
 1090 003c 00       		.byte	0
 1091 003d 06       		.uleb128 0x6
 1092 003e 16       		.uleb128 0x16
 1093 003f 00       		.byte	0
 1094 0040 03       		.uleb128 0x3
 1095 0041 0E       		.uleb128 0xe
 1096 0042 3A       		.uleb128 0x3a
 1097 0043 0B       		.uleb128 0xb
 1098 0044 3B       		.uleb128 0x3b
 1099 0045 05       		.uleb128 0x5
 1100 0046 49       		.uleb128 0x49
 1101 0047 13       		.uleb128 0x13
 1102 0048 00       		.byte	0
 1103 0049 00       		.byte	0
 1104 004a 07       		.uleb128 0x7
 1105 004b 35       		.uleb128 0x35
 1106 004c 00       		.byte	0
 1107 004d 49       		.uleb128 0x49
 1108 004e 13       		.uleb128 0x13
 1109 004f 00       		.byte	0
 1110 0050 00       		.byte	0
 1111 0051 08       		.uleb128 0x8
 1112 0052 13       		.uleb128 0x13
 1113 0053 01       		.byte	0x1
 1114 0054 0B       		.uleb128 0xb
 1115 0055 0B       		.uleb128 0xb
 1116 0056 3A       		.uleb128 0x3a
 1117 0057 0B       		.uleb128 0xb
 1118 0058 3B       		.uleb128 0x3b
 1119 0059 0B       		.uleb128 0xb
 1120 005a 01       		.uleb128 0x1
 1121 005b 13       		.uleb128 0x13
 1122 005c 00       		.byte	0
 1123 005d 00       		.byte	0
ARM GAS  C:\Users\ykuch\AppData\Local\Temp\cceaKQjZ.s 			page 29


 1124 005e 09       		.uleb128 0x9
 1125 005f 0D       		.uleb128 0xd
 1126 0060 00       		.byte	0
 1127 0061 03       		.uleb128 0x3
 1128 0062 0E       		.uleb128 0xe
 1129 0063 3A       		.uleb128 0x3a
 1130 0064 0B       		.uleb128 0xb
 1131 0065 3B       		.uleb128 0x3b
 1132 0066 0B       		.uleb128 0xb
 1133 0067 49       		.uleb128 0x49
 1134 0068 13       		.uleb128 0x13
 1135 0069 38       		.uleb128 0x38
 1136 006a 0B       		.uleb128 0xb
 1137 006b 00       		.byte	0
 1138 006c 00       		.byte	0
 1139 006d 0A       		.uleb128 0xa
 1140 006e 2E       		.uleb128 0x2e
 1141 006f 01       		.byte	0x1
 1142 0070 03       		.uleb128 0x3
 1143 0071 0E       		.uleb128 0xe
 1144 0072 3A       		.uleb128 0x3a
 1145 0073 0B       		.uleb128 0xb
 1146 0074 3B       		.uleb128 0x3b
 1147 0075 0B       		.uleb128 0xb
 1148 0076 27       		.uleb128 0x27
 1149 0077 19       		.uleb128 0x19
 1150 0078 11       		.uleb128 0x11
 1151 0079 01       		.uleb128 0x1
 1152 007a 12       		.uleb128 0x12
 1153 007b 06       		.uleb128 0x6
 1154 007c 40       		.uleb128 0x40
 1155 007d 18       		.uleb128 0x18
 1156 007e 9742     		.uleb128 0x2117
 1157 0080 19       		.uleb128 0x19
 1158 0081 01       		.uleb128 0x1
 1159 0082 13       		.uleb128 0x13
 1160 0083 00       		.byte	0
 1161 0084 00       		.byte	0
 1162 0085 0B       		.uleb128 0xb
 1163 0086 05       		.uleb128 0x5
 1164 0087 00       		.byte	0
 1165 0088 03       		.uleb128 0x3
 1166 0089 0E       		.uleb128 0xe
 1167 008a 3A       		.uleb128 0x3a
 1168 008b 0B       		.uleb128 0xb
 1169 008c 3B       		.uleb128 0x3b
 1170 008d 0B       		.uleb128 0xb
 1171 008e 49       		.uleb128 0x49
 1172 008f 13       		.uleb128 0x13
 1173 0090 02       		.uleb128 0x2
 1174 0091 18       		.uleb128 0x18
 1175 0092 00       		.byte	0
 1176 0093 00       		.byte	0
 1177 0094 0C       		.uleb128 0xc
 1178 0095 34       		.uleb128 0x34
 1179 0096 00       		.byte	0
 1180 0097 03       		.uleb128 0x3
ARM GAS  C:\Users\ykuch\AppData\Local\Temp\cceaKQjZ.s 			page 30


 1181 0098 08       		.uleb128 0x8
 1182 0099 3A       		.uleb128 0x3a
 1183 009a 0B       		.uleb128 0xb
 1184 009b 3B       		.uleb128 0x3b
 1185 009c 0B       		.uleb128 0xb
 1186 009d 49       		.uleb128 0x49
 1187 009e 13       		.uleb128 0x13
 1188 009f 02       		.uleb128 0x2
 1189 00a0 17       		.uleb128 0x17
 1190 00a1 00       		.byte	0
 1191 00a2 00       		.byte	0
 1192 00a3 0D       		.uleb128 0xd
 1193 00a4 0B       		.uleb128 0xb
 1194 00a5 01       		.byte	0x1
 1195 00a6 11       		.uleb128 0x11
 1196 00a7 01       		.uleb128 0x1
 1197 00a8 12       		.uleb128 0x12
 1198 00a9 06       		.uleb128 0x6
 1199 00aa 00       		.byte	0
 1200 00ab 00       		.byte	0
 1201 00ac 0E       		.uleb128 0xe
 1202 00ad 34       		.uleb128 0x34
 1203 00ae 00       		.byte	0
 1204 00af 03       		.uleb128 0x3
 1205 00b0 0E       		.uleb128 0xe
 1206 00b1 3A       		.uleb128 0x3a
 1207 00b2 0B       		.uleb128 0xb
 1208 00b3 3B       		.uleb128 0x3b
 1209 00b4 0B       		.uleb128 0xb
 1210 00b5 49       		.uleb128 0x49
 1211 00b6 13       		.uleb128 0x13
 1212 00b7 02       		.uleb128 0x2
 1213 00b8 17       		.uleb128 0x17
 1214 00b9 00       		.byte	0
 1215 00ba 00       		.byte	0
 1216 00bb 0F       		.uleb128 0xf
 1217 00bc 0F       		.uleb128 0xf
 1218 00bd 00       		.byte	0
 1219 00be 0B       		.uleb128 0xb
 1220 00bf 0B       		.uleb128 0xb
 1221 00c0 49       		.uleb128 0x49
 1222 00c1 13       		.uleb128 0x13
 1223 00c2 00       		.byte	0
 1224 00c3 00       		.byte	0
 1225 00c4 10       		.uleb128 0x10
 1226 00c5 26       		.uleb128 0x26
 1227 00c6 00       		.byte	0
 1228 00c7 49       		.uleb128 0x49
 1229 00c8 13       		.uleb128 0x13
 1230 00c9 00       		.byte	0
 1231 00ca 00       		.byte	0
 1232 00cb 11       		.uleb128 0x11
 1233 00cc 05       		.uleb128 0x5
 1234 00cd 00       		.byte	0
 1235 00ce 03       		.uleb128 0x3
 1236 00cf 08       		.uleb128 0x8
 1237 00d0 3A       		.uleb128 0x3a
ARM GAS  C:\Users\ykuch\AppData\Local\Temp\cceaKQjZ.s 			page 31


 1238 00d1 0B       		.uleb128 0xb
 1239 00d2 3B       		.uleb128 0x3b
 1240 00d3 0B       		.uleb128 0xb
 1241 00d4 49       		.uleb128 0x49
 1242 00d5 13       		.uleb128 0x13
 1243 00d6 02       		.uleb128 0x2
 1244 00d7 17       		.uleb128 0x17
 1245 00d8 00       		.byte	0
 1246 00d9 00       		.byte	0
 1247 00da 12       		.uleb128 0x12
 1248 00db 898201   		.uleb128 0x4109
 1249 00de 01       		.byte	0x1
 1250 00df 11       		.uleb128 0x11
 1251 00e0 01       		.uleb128 0x1
 1252 00e1 31       		.uleb128 0x31
 1253 00e2 13       		.uleb128 0x13
 1254 00e3 00       		.byte	0
 1255 00e4 00       		.byte	0
 1256 00e5 13       		.uleb128 0x13
 1257 00e6 8A8201   		.uleb128 0x410a
 1258 00e9 00       		.byte	0
 1259 00ea 02       		.uleb128 0x2
 1260 00eb 18       		.uleb128 0x18
 1261 00ec 9142     		.uleb128 0x2111
 1262 00ee 18       		.uleb128 0x18
 1263 00ef 00       		.byte	0
 1264 00f0 00       		.byte	0
 1265 00f1 14       		.uleb128 0x14
 1266 00f2 898201   		.uleb128 0x4109
 1267 00f5 01       		.byte	0x1
 1268 00f6 11       		.uleb128 0x11
 1269 00f7 01       		.uleb128 0x1
 1270 00f8 31       		.uleb128 0x31
 1271 00f9 13       		.uleb128 0x13
 1272 00fa 01       		.uleb128 0x1
 1273 00fb 13       		.uleb128 0x13
 1274 00fc 00       		.byte	0
 1275 00fd 00       		.byte	0
 1276 00fe 15       		.uleb128 0x15
 1277 00ff 2E       		.uleb128 0x2e
 1278 0100 01       		.byte	0x1
 1279 0101 3F       		.uleb128 0x3f
 1280 0102 19       		.uleb128 0x19
 1281 0103 03       		.uleb128 0x3
 1282 0104 0E       		.uleb128 0xe
 1283 0105 3A       		.uleb128 0x3a
 1284 0106 0B       		.uleb128 0xb
 1285 0107 3B       		.uleb128 0x3b
 1286 0108 05       		.uleb128 0x5
 1287 0109 27       		.uleb128 0x27
 1288 010a 19       		.uleb128 0x19
 1289 010b 11       		.uleb128 0x11
 1290 010c 01       		.uleb128 0x1
 1291 010d 12       		.uleb128 0x12
 1292 010e 06       		.uleb128 0x6
 1293 010f 40       		.uleb128 0x40
 1294 0110 18       		.uleb128 0x18
ARM GAS  C:\Users\ykuch\AppData\Local\Temp\cceaKQjZ.s 			page 32


 1295 0111 9742     		.uleb128 0x2117
 1296 0113 19       		.uleb128 0x19
 1297 0114 01       		.uleb128 0x1
 1298 0115 13       		.uleb128 0x13
 1299 0116 00       		.byte	0
 1300 0117 00       		.byte	0
 1301 0118 16       		.uleb128 0x16
 1302 0119 0B       		.uleb128 0xb
 1303 011a 01       		.byte	0x1
 1304 011b 11       		.uleb128 0x11
 1305 011c 01       		.uleb128 0x1
 1306 011d 12       		.uleb128 0x12
 1307 011e 06       		.uleb128 0x6
 1308 011f 01       		.uleb128 0x1
 1309 0120 13       		.uleb128 0x13
 1310 0121 00       		.byte	0
 1311 0122 00       		.byte	0
 1312 0123 17       		.uleb128 0x17
 1313 0124 34       		.uleb128 0x34
 1314 0125 00       		.byte	0
 1315 0126 03       		.uleb128 0x3
 1316 0127 0E       		.uleb128 0xe
 1317 0128 3A       		.uleb128 0x3a
 1318 0129 0B       		.uleb128 0xb
 1319 012a 3B       		.uleb128 0x3b
 1320 012b 05       		.uleb128 0x5
 1321 012c 49       		.uleb128 0x49
 1322 012d 13       		.uleb128 0x13
 1323 012e 02       		.uleb128 0x2
 1324 012f 18       		.uleb128 0x18
 1325 0130 00       		.byte	0
 1326 0131 00       		.byte	0
 1327 0132 18       		.uleb128 0x18
 1328 0133 13       		.uleb128 0x13
 1329 0134 01       		.byte	0x1
 1330 0135 0B       		.uleb128 0xb
 1331 0136 0B       		.uleb128 0xb
 1332 0137 3A       		.uleb128 0x3a
 1333 0138 0B       		.uleb128 0xb
 1334 0139 3B       		.uleb128 0x3b
 1335 013a 05       		.uleb128 0x5
 1336 013b 01       		.uleb128 0x1
 1337 013c 13       		.uleb128 0x13
 1338 013d 00       		.byte	0
 1339 013e 00       		.byte	0
 1340 013f 19       		.uleb128 0x19
 1341 0140 0D       		.uleb128 0xd
 1342 0141 00       		.byte	0
 1343 0142 03       		.uleb128 0x3
 1344 0143 0E       		.uleb128 0xe
 1345 0144 3A       		.uleb128 0x3a
 1346 0145 0B       		.uleb128 0xb
 1347 0146 3B       		.uleb128 0x3b
 1348 0147 05       		.uleb128 0x5
 1349 0148 49       		.uleb128 0x49
 1350 0149 13       		.uleb128 0x13
 1351 014a 38       		.uleb128 0x38
ARM GAS  C:\Users\ykuch\AppData\Local\Temp\cceaKQjZ.s 			page 33


 1352 014b 0B       		.uleb128 0xb
 1353 014c 00       		.byte	0
 1354 014d 00       		.byte	0
 1355 014e 1A       		.uleb128 0x1a
 1356 014f 01       		.uleb128 0x1
 1357 0150 01       		.byte	0x1
 1358 0151 49       		.uleb128 0x49
 1359 0152 13       		.uleb128 0x13
 1360 0153 01       		.uleb128 0x1
 1361 0154 13       		.uleb128 0x13
 1362 0155 00       		.byte	0
 1363 0156 00       		.byte	0
 1364 0157 1B       		.uleb128 0x1b
 1365 0158 21       		.uleb128 0x21
 1366 0159 00       		.byte	0
 1367 015a 49       		.uleb128 0x49
 1368 015b 13       		.uleb128 0x13
 1369 015c 2F       		.uleb128 0x2f
 1370 015d 0B       		.uleb128 0xb
 1371 015e 00       		.byte	0
 1372 015f 00       		.byte	0
 1373 0160 1C       		.uleb128 0x1c
 1374 0161 34       		.uleb128 0x34
 1375 0162 00       		.byte	0
 1376 0163 03       		.uleb128 0x3
 1377 0164 08       		.uleb128 0x8
 1378 0165 3A       		.uleb128 0x3a
 1379 0166 0B       		.uleb128 0xb
 1380 0167 3B       		.uleb128 0x3b
 1381 0168 05       		.uleb128 0x5
 1382 0169 49       		.uleb128 0x49
 1383 016a 13       		.uleb128 0x13
 1384 016b 02       		.uleb128 0x2
 1385 016c 17       		.uleb128 0x17
 1386 016d 00       		.byte	0
 1387 016e 00       		.byte	0
 1388 016f 1D       		.uleb128 0x1d
 1389 0170 898201   		.uleb128 0x4109
 1390 0173 00       		.byte	0
 1391 0174 11       		.uleb128 0x11
 1392 0175 01       		.uleb128 0x1
 1393 0176 31       		.uleb128 0x31
 1394 0177 13       		.uleb128 0x13
 1395 0178 00       		.byte	0
 1396 0179 00       		.byte	0
 1397 017a 1E       		.uleb128 0x1e
 1398 017b 2E       		.uleb128 0x2e
 1399 017c 00       		.byte	0
 1400 017d 3F       		.uleb128 0x3f
 1401 017e 19       		.uleb128 0x19
 1402 017f 3C       		.uleb128 0x3c
 1403 0180 19       		.uleb128 0x19
 1404 0181 6E       		.uleb128 0x6e
 1405 0182 0E       		.uleb128 0xe
 1406 0183 03       		.uleb128 0x3
 1407 0184 0E       		.uleb128 0xe
 1408 0185 00       		.byte	0
ARM GAS  C:\Users\ykuch\AppData\Local\Temp\cceaKQjZ.s 			page 34


 1409 0186 00       		.byte	0
 1410 0187 1F       		.uleb128 0x1f
 1411 0188 2E       		.uleb128 0x2e
 1412 0189 00       		.byte	0
 1413 018a 3F       		.uleb128 0x3f
 1414 018b 19       		.uleb128 0x19
 1415 018c 3C       		.uleb128 0x3c
 1416 018d 19       		.uleb128 0x19
 1417 018e 6E       		.uleb128 0x6e
 1418 018f 0E       		.uleb128 0xe
 1419 0190 03       		.uleb128 0x3
 1420 0191 0E       		.uleb128 0xe
 1421 0192 3A       		.uleb128 0x3a
 1422 0193 0B       		.uleb128 0xb
 1423 0194 3B       		.uleb128 0x3b
 1424 0195 0B       		.uleb128 0xb
 1425 0196 00       		.byte	0
 1426 0197 00       		.byte	0
 1427 0198 00       		.byte	0
 1428              		.section	.debug_loc,"",%progbits
 1429              	.Ldebug_loc0:
 1430              	.LLST0:
 1431 0000 02000000 		.4byte	.LVL1
 1432 0004 08000000 		.4byte	.LVL2
 1433 0008 0200     		.2byte	0x2
 1434 000a 30       		.byte	0x30
 1435 000b 9F       		.byte	0x9f
 1436 000c 08000000 		.4byte	.LVL2
 1437 0010 30000000 		.4byte	.LVL11
 1438 0014 0100     		.2byte	0x1
 1439 0016 57       		.byte	0x57
 1440 0017 00000000 		.4byte	0
 1441 001b 00000000 		.4byte	0
 1442              	.LLST1:
 1443 001f 02000000 		.4byte	.LVL1
 1444 0023 08000000 		.4byte	.LVL2
 1445 0027 0200     		.2byte	0x2
 1446 0029 30       		.byte	0x30
 1447 002a 9F       		.byte	0x9f
 1448 002b 08000000 		.4byte	.LVL2
 1449 002f 30000000 		.4byte	.LVL10
 1450 0033 0100     		.2byte	0x1
 1451 0035 55       		.byte	0x55
 1452 0036 00000000 		.4byte	0
 1453 003a 00000000 		.4byte	0
 1454              	.LLST2:
 1455 003e 0C000000 		.4byte	.LVL3
 1456 0042 2C000000 		.4byte	.LVL9
 1457 0046 0100     		.2byte	0x1
 1458 0048 56       		.byte	0x56
 1459 0049 00000000 		.4byte	0
 1460 004d 00000000 		.4byte	0
 1461              	.LLST3:
 1462 0051 0E000000 		.4byte	.LVL4
 1463 0055 24000000 		.4byte	.LVL7
 1464 0059 0100     		.2byte	0x1
 1465 005b 53       		.byte	0x53
ARM GAS  C:\Users\ykuch\AppData\Local\Temp\cceaKQjZ.s 			page 35


 1466 005c 26000000 		.4byte	.LVL8
 1467 0060 2C000000 		.4byte	.LVL9
 1468 0064 0100     		.2byte	0x1
 1469 0066 53       		.byte	0x53
 1470 0067 00000000 		.4byte	0
 1471 006b 00000000 		.4byte	0
 1472              	.LLST4:
 1473 006f 00000000 		.4byte	.LVL12
 1474 0073 09000000 		.4byte	.LVL14-1
 1475 0077 0100     		.2byte	0x1
 1476 0079 50       		.byte	0x50
 1477 007a 09000000 		.4byte	.LVL14-1
 1478 007e 0C000000 		.4byte	.LFE0
 1479 0082 0400     		.2byte	0x4
 1480 0084 F3       		.byte	0xf3
 1481 0085 01       		.uleb128 0x1
 1482 0086 50       		.byte	0x50
 1483 0087 9F       		.byte	0x9f
 1484 0088 00000000 		.4byte	0
 1485 008c 00000000 		.4byte	0
 1486              	.LLST5:
 1487 0090 00000000 		.4byte	.LVL12
 1488 0094 06000000 		.4byte	.LVL13
 1489 0098 0100     		.2byte	0x1
 1490 009a 51       		.byte	0x51
 1491 009b 06000000 		.4byte	.LVL13
 1492 009f 09000000 		.4byte	.LVL14-1
 1493 00a3 0100     		.2byte	0x1
 1494 00a5 52       		.byte	0x52
 1495 00a6 09000000 		.4byte	.LVL14-1
 1496 00aa 0C000000 		.4byte	.LFE0
 1497 00ae 0400     		.2byte	0x4
 1498 00b0 F3       		.byte	0xf3
 1499 00b1 01       		.uleb128 0x1
 1500 00b2 51       		.byte	0x51
 1501 00b3 9F       		.byte	0x9f
 1502 00b4 00000000 		.4byte	0
 1503 00b8 00000000 		.4byte	0
 1504              	.LLST6:
 1505 00bc 66000000 		.4byte	.LVL18
 1506 00c0 6A000000 		.4byte	.LVL19
 1507 00c4 0200     		.2byte	0x2
 1508 00c6 30       		.byte	0x30
 1509 00c7 9F       		.byte	0x9f
 1510 00c8 6A000000 		.4byte	.LVL19
 1511 00cc 88000000 		.4byte	.LVL21
 1512 00d0 0100     		.2byte	0x1
 1513 00d2 54       		.byte	0x54
 1514 00d3 8A000000 		.4byte	.LVL22
 1515 00d7 F6000000 		.4byte	.LVL25
 1516 00db 0100     		.2byte	0x1
 1517 00dd 54       		.byte	0x54
 1518 00de 00000000 		.4byte	0
 1519 00e2 00000000 		.4byte	0
 1520              	.LLST7:
 1521 00e6 6A000000 		.4byte	.LVL19
 1522 00ea 88000000 		.4byte	.LVL21
ARM GAS  C:\Users\ykuch\AppData\Local\Temp\cceaKQjZ.s 			page 36


 1523 00ee 0B00     		.2byte	0xb
 1524 00f0 74       		.byte	0x74
 1525 00f1 00       		.sleb128 0
 1526 00f2 36       		.byte	0x36
 1527 00f3 1E       		.byte	0x1e
 1528 00f4 03       		.byte	0x3
 1529 00f5 00000000 		.4byte	cfg_memset_list.4870
 1530 00f9 22       		.byte	0x22
 1531 00fa 9F       		.byte	0x9f
 1532 00fb 88000000 		.4byte	.LVL21
 1533 00ff 8A000000 		.4byte	.LVL22
 1534 0103 0B00     		.2byte	0xb
 1535 0105 74       		.byte	0x74
 1536 0106 7F       		.sleb128 -1
 1537 0107 36       		.byte	0x36
 1538 0108 1E       		.byte	0x1e
 1539 0109 03       		.byte	0x3
 1540 010a 00000000 		.4byte	cfg_memset_list.4870
 1541 010e 22       		.byte	0x22
 1542 010f 9F       		.byte	0x9f
 1543 0110 00000000 		.4byte	0
 1544 0114 00000000 		.4byte	0
 1545              		.section	.debug_aranges,"",%progbits
 1546 0000 34000000 		.4byte	0x34
 1547 0004 0200     		.2byte	0x2
 1548 0006 00000000 		.4byte	.Ldebug_info0
 1549 000a 04       		.byte	0x4
 1550 000b 00       		.byte	0
 1551 000c 0000     		.2byte	0
 1552 000e 0000     		.2byte	0
 1553 0010 00000000 		.4byte	.LFB3
 1554 0014 32000000 		.4byte	.LFE3-.LFB3
 1555 0018 00000000 		.4byte	.LFB0
 1556 001c 0C000000 		.4byte	.LFE0-.LFB0
 1557 0020 00000000 		.4byte	.LFB4
 1558 0024 5C000000 		.4byte	.LFE4-.LFB4
 1559 0028 5C000000 		.4byte	.LFB6
 1560 002c D4000000 		.4byte	.LFE6-.LFB6
 1561 0030 00000000 		.4byte	0
 1562 0034 00000000 		.4byte	0
 1563              		.section	.debug_ranges,"",%progbits
 1564              	.Ldebug_ranges0:
 1565 0000 00000000 		.4byte	.LFB3
 1566 0004 32000000 		.4byte	.LFE3
 1567 0008 00000000 		.4byte	.LFB0
 1568 000c 0C000000 		.4byte	.LFE0
 1569 0010 00000000 		.4byte	.LFB4
 1570 0014 5C000000 		.4byte	.LFE4
 1571 0018 5C000000 		.4byte	.LFB6
 1572 001c 30010000 		.4byte	.LFE6
 1573 0020 00000000 		.4byte	0
 1574 0024 00000000 		.4byte	0
 1575              		.section	.debug_line,"",%progbits
 1576              	.Ldebug_line0:
 1577 0000 59010000 		.section	.debug_str,"MS",%progbits,1
 1577      0200D600 
 1577      00000201 
ARM GAS  C:\Users\ykuch\AppData\Local\Temp\cceaKQjZ.s 			page 37


 1577      FB0E0D00 
 1577      01010101 
 1578              	.LASF19:
 1579 0000 72656733 		.ascii	"reg32\000"
 1579      3200
 1580              	.LASF12:
 1581 0006 73697A65 		.ascii	"size_t\000"
 1581      5F7400
 1582              	.LASF37:
 1583 000d 4379496E 		.ascii	"CyIntSetVector\000"
 1583      74536574 
 1583      56656374 
 1583      6F7200
 1584              	.LASF21:
 1585 001c 76616C75 		.ascii	"value\000"
 1585      6500
 1586              	.LASF26:
 1587 0022 636F756E 		.ascii	"count\000"
 1587      7400
 1588              	.LASF29:
 1589 0028 436C6F63 		.ascii	"ClockSetup\000"
 1589      6B536574 
 1589      757000
 1590              	.LASF30:
 1591 0033 63795F63 		.ascii	"cy_cfg_addr_table\000"
 1591      66675F61 
 1591      6464725F 
 1591      7461626C 
 1591      6500
 1592              	.LASF31:
 1593 0045 63795F63 		.ascii	"cy_cfg_data_table\000"
 1593      66675F64 
 1593      6174615F 
 1593      7461626C 
 1593      6500
 1594              	.LASF16:
 1595 0057 666C6F61 		.ascii	"float\000"
 1595      7400
 1596              	.LASF35:
 1597 005d 6366675F 		.ascii	"cfg_memset_list\000"
 1597      6D656D73 
 1597      65745F6C 
 1597      69737400 
 1598              	.LASF33:
 1599 006d 73697A65 		.ascii	"size\000"
 1599      00
 1600              	.LASF18:
 1601 0072 72656738 		.ascii	"reg8\000"
 1601      00
 1602              	.LASF8:
 1603 0077 6C6F6E67 		.ascii	"long unsigned int\000"
 1603      20756E73 
 1603      69676E65 
 1603      6420696E 
 1603      7400
 1604              	.LASF13:
 1605 0089 75696E74 		.ascii	"uint8\000"
ARM GAS  C:\Users\ykuch\AppData\Local\Temp\cceaKQjZ.s 			page 38


 1605      3800
 1606              	.LASF28:
 1607 008f 43594D45 		.ascii	"CYMEMZERO\000"
 1607      4D5A4552 
 1607      4F00
 1608              	.LASF4:
 1609 0099 756E7369 		.ascii	"unsigned char\000"
 1609      676E6564 
 1609      20636861 
 1609      7200
 1610              	.LASF43:
 1611 00a7 6D656D73 		.ascii	"memset\000"
 1611      657400
 1612              	.LASF41:
 1613 00ae 433A5C50 		.ascii	"C:\\PSoC\\lab_6\\Workspace02\\Design01.cydsn\000"
 1613      536F435C 
 1613      6C61625F 
 1613      365C576F 
 1613      726B7370 
 1614              	.LASF17:
 1615 00d7 646F7562 		.ascii	"double\000"
 1615      6C6500
 1616              	.LASF27:
 1617 00de 6366675F 		.ascii	"cfg_write_bytes32\000"
 1617      77726974 
 1617      655F6279 
 1617      74657333 
 1617      3200
 1618              	.LASF38:
 1619 00f0 4379496E 		.ascii	"CyIntEnable\000"
 1619      74456E61 
 1619      626C6500 
 1620              	.LASF23:
 1621 00fc 61646472 		.ascii	"addr_table\000"
 1621      5F746162 
 1621      6C6500
 1622              	.LASF14:
 1623 0107 75696E74 		.ascii	"uint16\000"
 1623      313600
 1624              	.LASF24:
 1625 010e 64617461 		.ascii	"data_table\000"
 1625      5F746162 
 1625      6C6500
 1626              	.LASF15:
 1627 0119 75696E74 		.ascii	"uint32\000"
 1627      333200
 1628              	.LASF0:
 1629 0120 756E7369 		.ascii	"unsigned int\000"
 1629      676E6564 
 1629      20696E74 
 1629      00
 1630              	.LASF42:
 1631 012d 63796669 		.ascii	"cyfitter_cfg\000"
 1631      74746572 
 1631      5F636667 
 1631      00
 1632              	.LASF32:
ARM GAS  C:\Users\ykuch\AppData\Local\Temp\cceaKQjZ.s 			page 39


 1633 013a 61646472 		.ascii	"address\000"
 1633      65737300 
 1634              	.LASF9:
 1635 0142 6C6F6E67 		.ascii	"long long unsigned int\000"
 1635      206C6F6E 
 1635      6720756E 
 1635      7369676E 
 1635      65642069 
 1636              	.LASF39:
 1637 0159 474E5520 		.ascii	"GNU C11 5.4.1 20160609 (release) [ARM/embedded-5-br"
 1637      43313120 
 1637      352E342E 
 1637      31203230 
 1637      31363036 
 1638 018c 616E6368 		.ascii	"anch revision 237715] -mcpu=cortex-m0 -mthumb -g -O"
 1638      20726576 
 1638      6973696F 
 1638      6E203233 
 1638      37373135 
 1639 01bf 67202D66 		.ascii	"g -ffunction-sections -ffat-lto-objects\000"
 1639      66756E63 
 1639      74696F6E 
 1639      2D736563 
 1639      74696F6E 
 1640              	.LASF34:
 1641 01e7 6366675F 		.ascii	"cfg_memset_t\000"
 1641      6D656D73 
 1641      65745F74 
 1641      00
 1642              	.LASF25:
 1643 01f4 62617365 		.ascii	"baseAddr\000"
 1643      41646472 
 1643      00
 1644              	.LASF10:
 1645 01fd 73697A65 		.ascii	"sizetype\000"
 1645      74797065 
 1645      00
 1646              	.LASF6:
 1647 0206 73686F72 		.ascii	"short unsigned int\000"
 1647      7420756E 
 1647      7369676E 
 1647      65642069 
 1647      6E7400
 1648              	.LASF1:
 1649 0219 6C6F6E67 		.ascii	"long long int\000"
 1649      206C6F6E 
 1649      6720696E 
 1649      7400
 1650              	.LASF11:
 1651 0227 63686172 		.ascii	"char\000"
 1651      00
 1652              	.LASF22:
 1653 022c 63795F63 		.ascii	"cy_cfg_addrvalue_t\000"
 1653      66675F61 
 1653      64647276 
 1653      616C7565 
 1653      5F7400
ARM GAS  C:\Users\ykuch\AppData\Local\Temp\cceaKQjZ.s 			page 40


 1654              	.LASF20:
 1655 023f 6F666673 		.ascii	"offset\000"
 1655      657400
 1656              	.LASF5:
 1657 0246 73686F72 		.ascii	"short int\000"
 1657      7420696E 
 1657      7400
 1658              	.LASF36:
 1659 0250 43795379 		.ascii	"CySysClkWriteImoFreq\000"
 1659      73436C6B 
 1659      57726974 
 1659      65496D6F 
 1659      46726571 
 1660              	.LASF7:
 1661 0265 6C6F6E67 		.ascii	"long int\000"
 1661      20696E74 
 1661      00
 1662              	.LASF2:
 1663 026e 6C6F6E67 		.ascii	"long double\000"
 1663      20646F75 
 1663      626C6500 
 1664              	.LASF3:
 1665 027a 7369676E 		.ascii	"signed char\000"
 1665      65642063 
 1665      68617200 
 1666              	.LASF40:
 1667 0286 47656E65 		.ascii	"Generated_Source\\PSoC4\\cyfitter_cfg.c\000"
 1667      72617465 
 1667      645F536F 
 1667      75726365 
 1667      5C50536F 
 1668              		.ident	"GCC: (GNU Tools for ARM Embedded Processors) 5.4.1 20160609 (release) [ARM/embedded-5-bran
