ARM GAS  C:\Users\ribot\AppData\Local\Temp\ccv6juoi.s 			page 1


   1              		.syntax unified
   2              		.cpu cortex-m0
   3              		.fpu softvfp
   4              		.eabi_attribute 20, 1
   5              		.eabi_attribute 21, 1
   6              		.eabi_attribute 23, 3
   7              		.eabi_attribute 24, 1
   8              		.eabi_attribute 25, 1
   9              		.eabi_attribute 26, 1
  10              		.eabi_attribute 30, 1
  11              		.eabi_attribute 34, 0
  12              		.eabi_attribute 18, 4
  13              		.thumb
  14              		.syntax unified
  15              		.file	"main.c"
  16              		.text
  17              	.Ltext0:
  18              		.cfi_sections	.debug_frame
  19              		.section	.text.Error_Return,"ax",%progbits
  20              		.align	2
  21              		.global	Error_Return
  22              		.code	16
  23              		.thumb_func
  24              		.type	Error_Return, %function
  25              	Error_Return:
  26              	.LFB32:
  27              		.file 1 "main.c"
   1:main.c        **** #include "project.h"
   2:main.c        **** /* Number of channnels */
   3:main.c        **** #define NUMBER_OF_CHANNELS (4)
   4:main.c        **** /* The argument of the Pin_Write API to turn on the LED */
   5:main.c        **** #define LED_ON_VALUE (0)
   6:main.c        **** /* The argument of the Pin_Write API to turn off the LED */
   7:main.c        **** #define LED_OFF_VALUE (1)
   8:main.c        **** /* Size of UART buffer */
   9:main.c        **** #define UART_BUFFER_SIZE (7)
  10:main.c        **** /* UART buffer indeces */
  11:main.c        **** #define UART_BUFFER_A_IDX (0)
  12:main.c        **** #define UART_BUFFER_T_IDX (1)
  13:main.c        **** #define UART_BUFFER_EQUALS_IDX (2) // EQUALS - Symbol "="
  14:main.c        **** #define UART_BUFFER_CHANNEL_IDX (3)
  15:main.c        **** #define UART_BUFFER_D_VALUE_IDX (4)
  16:main.c        **** #define UART_BUFFER_H_VALUE_IDX (5)
  17:main.c        **** #define UART_BUFFER_L_VALUE_IDX (6)
  18:main.c        **** /* ASCII offset for digits. ASCII code of 0 in ASCII table. */
  19:main.c        **** #define ASCII_OFFSET_FOR_DIGITS (48)
  20:main.c        **** /* Channel Descriptor Type */
  21:main.c        **** typedef struct
  22:main.c        **** {
  23:main.c        ****  uint8 Current_D; /* Counter of state D duration */
  24:main.c        ****  uint8 Current_H; /* Counter of state H duration */
  25:main.c        ****  uint8 Current_L; /* Counter of state L duration */
  26:main.c        ****  uint8 Max_D; /* Maximum state D duration */
  27:main.c        ****  uint8 Max_H; /* Maximum state H duration */
  28:main.c        ****  uint8 Max_L; /* Maximum state L duration */
  29:main.c        ****  void (*PinControlFunction)(uint8); /* Pointer to pin control function */
  30:main.c        **** } ChannelDescriptorType;
ARM GAS  C:\Users\ribot\AppData\Local\Temp\ccv6juoi.s 			page 2


  31:main.c        **** 
  32:main.c        **** /* Channels descriptors array with size of channels number */
  33:main.c        **** ChannelDescriptorType ChannelDescriptorsArray[NUMBER_OF_CHANNELS];
  34:main.c        **** /* Buffer to store data from UART */
  35:main.c        **** char UartBuffer[UART_BUFFER_SIZE];
  36:main.c        **** /* Index to the current UART buffer element */
  37:main.c        **** uint8 UartBufferIdx;
  38:main.c        **** 
  39:main.c        **** /* This function notifies the user that an incorrect AT-command has been entered */
  40:main.c        **** void Error_Return(void)
  41:main.c        **** {
  28              		.loc 1 41 0
  29              		.cfi_startproc
  30              		@ args = 0, pretend = 0, frame = 0
  31              		@ frame_needed = 0, uses_anonymous_args = 0
  32 0000 10B5     		push	{r4, lr}
  33              		.cfi_def_cfa_offset 8
  34              		.cfi_offset 4, -8
  35              		.cfi_offset 14, -4
  42:main.c        ****     UART_1_UartPutChar('\n');
  36              		.loc 1 42 0
  37 0002 0A20     		movs	r0, #10
  38 0004 FFF7FEFF 		bl	UART_1_SpiUartWriteTxData
  39              	.LVL0:
  43:main.c        ****     UART_1_UartPutChar('\r');
  40              		.loc 1 43 0
  41 0008 0D20     		movs	r0, #13
  42 000a FFF7FEFF 		bl	UART_1_SpiUartWriteTxData
  43              	.LVL1:
  44:main.c        ****     UART_1_UartPutChar(' ');
  44              		.loc 1 44 0
  45 000e 2020     		movs	r0, #32
  46 0010 FFF7FEFF 		bl	UART_1_SpiUartWriteTxData
  47              	.LVL2:
  45:main.c        ****     UART_1_UartPutChar('E');
  48              		.loc 1 45 0
  49 0014 4520     		movs	r0, #69
  50 0016 FFF7FEFF 		bl	UART_1_SpiUartWriteTxData
  51              	.LVL3:
  46:main.c        ****     UART_1_UartPutChar('r');
  52              		.loc 1 46 0
  53 001a 7220     		movs	r0, #114
  54 001c FFF7FEFF 		bl	UART_1_SpiUartWriteTxData
  55              	.LVL4:
  47:main.c        ****     UART_1_UartPutChar('r');
  56              		.loc 1 47 0
  57 0020 7220     		movs	r0, #114
  58 0022 FFF7FEFF 		bl	UART_1_SpiUartWriteTxData
  59              	.LVL5:
  48:main.c        ****     UART_1_UartPutChar('o');
  60              		.loc 1 48 0
  61 0026 6F20     		movs	r0, #111
  62 0028 FFF7FEFF 		bl	UART_1_SpiUartWriteTxData
  63              	.LVL6:
  49:main.c        ****     UART_1_UartPutChar('r');
  64              		.loc 1 49 0
  65 002c 7220     		movs	r0, #114
ARM GAS  C:\Users\ribot\AppData\Local\Temp\ccv6juoi.s 			page 3


  66 002e FFF7FEFF 		bl	UART_1_SpiUartWriteTxData
  67              	.LVL7:
  50:main.c        ****     UART_1_UartPutChar(' ');
  68              		.loc 1 50 0
  69 0032 2020     		movs	r0, #32
  70 0034 FFF7FEFF 		bl	UART_1_SpiUartWriteTxData
  71              	.LVL8:
  51:main.c        ****     UART_1_UartPutChar('\n');
  72              		.loc 1 51 0
  73 0038 0A20     		movs	r0, #10
  74 003a FFF7FEFF 		bl	UART_1_SpiUartWriteTxData
  75              	.LVL9:
  52:main.c        ****     UART_1_UartPutChar('\r');
  76              		.loc 1 52 0
  77 003e 0D20     		movs	r0, #13
  78 0040 FFF7FEFF 		bl	UART_1_SpiUartWriteTxData
  79              	.LVL10:
  53:main.c        **** }
  80              		.loc 1 53 0
  81              		@ sp needed
  82 0044 10BD     		pop	{r4, pc}
  83              		.cfi_endproc
  84              	.LFE32:
  85              		.size	Error_Return, .-Error_Return
  86 0046 C046     		.section	.text.ChannelController,"ax",%progbits
  87              		.align	2
  88              		.global	ChannelController
  89              		.code	16
  90              		.thumb_func
  91              		.type	ChannelController, %function
  92              	ChannelController:
  93              	.LFB33:
  54:main.c        **** 
  55:main.c        **** /**************************************************************************
  56:main.c        ****  This function perfoms channel control.
  57:main.c        ****  It decrements counters D, H or L and toggles pin state when required.
  58:main.c        **** **************************************************************************/
  59:main.c        **** void ChannelController(uint8 Channel_Number)
  60:main.c        **** {
  94              		.loc 1 60 0
  95              		.cfi_startproc
  96              		@ args = 0, pretend = 0, frame = 0
  97              		@ frame_needed = 0, uses_anonymous_args = 0
  98              	.LVL11:
  99 0000 70B5     		push	{r4, r5, r6, lr}
 100              		.cfi_def_cfa_offset 16
 101              		.cfi_offset 4, -16
 102              		.cfi_offset 5, -12
 103              		.cfi_offset 6, -8
 104              		.cfi_offset 14, -4
  61:main.c        ****     if(ChannelDescriptorsArray[Channel_Number].Current_D > 0)
 105              		.loc 1 61 0
 106 0002 4300     		lsls	r3, r0, #1
 107 0004 1B18     		adds	r3, r3, r0
 108 0006 9A00     		lsls	r2, r3, #2
 109 0008 254B     		ldr	r3, .L7
 110 000a D15C     		ldrb	r1, [r2, r3]
ARM GAS  C:\Users\ribot\AppData\Local\Temp\ccv6juoi.s 			page 4


 111 000c 0029     		cmp	r1, #0
 112 000e 0AD0     		beq	.L3
  62:main.c        ****     {
  63:main.c        ****         ChannelDescriptorsArray[Channel_Number].Current_D--;
 113              		.loc 1 63 0
 114 0010 1A00     		movs	r2, r3
 115 0012 4300     		lsls	r3, r0, #1
 116 0014 1D18     		adds	r5, r3, r0
 117 0016 AC00     		lsls	r4, r5, #2
 118 0018 0139     		subs	r1, r1, #1
 119 001a A154     		strb	r1, [r4, r2]
  64:main.c        ****         ChannelDescriptorsArray[Channel_Number].PinControlFunction(LED_OFF_VALUE);
 120              		.loc 1 64 0
 121 001c 1319     		adds	r3, r2, r4
 122 001e 9B68     		ldr	r3, [r3, #8]
 123 0020 0120     		movs	r0, #1
 124              	.LVL12:
 125 0022 9847     		blx	r3
 126              	.LVL13:
  65:main.c        ****         return;
 127              		.loc 1 65 0
 128 0024 3AE0     		b	.L2
 129              	.LVL14:
 130              	.L3:
  66:main.c        ****     }
  67:main.c        ****     if(ChannelDescriptorsArray[Channel_Number].Current_H > 0)
 131              		.loc 1 67 0
 132 0026 4200     		lsls	r2, r0, #1
 133 0028 1218     		adds	r2, r2, r0
 134 002a 9300     		lsls	r3, r2, #2
 135 002c 1C4A     		ldr	r2, .L7
 136 002e D318     		adds	r3, r2, r3
 137 0030 5C78     		ldrb	r4, [r3, #1]
 138 0032 002C     		cmp	r4, #0
 139 0034 0AD0     		beq	.L5
  68:main.c        ****     {
  69:main.c        ****         ChannelDescriptorsArray[Channel_Number].Current_H--;
 140              		.loc 1 69 0
 141 0036 1100     		movs	r1, r2
 142 0038 4300     		lsls	r3, r0, #1
 143 003a 1D18     		adds	r5, r3, r0
 144 003c AA00     		lsls	r2, r5, #2
 145 003e 8A18     		adds	r2, r1, r2
 146 0040 013C     		subs	r4, r4, #1
 147 0042 5470     		strb	r4, [r2, #1]
  70:main.c        ****         ChannelDescriptorsArray[Channel_Number].PinControlFunction(LED_ON_VALUE);
 148              		.loc 1 70 0
 149 0044 9368     		ldr	r3, [r2, #8]
 150 0046 0020     		movs	r0, #0
 151              	.LVL15:
 152 0048 9847     		blx	r3
 153              	.LVL16:
  71:main.c        ****         return;
 154              		.loc 1 71 0
 155 004a 27E0     		b	.L2
 156              	.LVL17:
 157              	.L5:
ARM GAS  C:\Users\ribot\AppData\Local\Temp\ccv6juoi.s 			page 5


  72:main.c        ****     }
  73:main.c        ****     if(ChannelDescriptorsArray[Channel_Number].Current_L > 0)
 158              		.loc 1 73 0
 159 004c 4200     		lsls	r2, r0, #1
 160 004e 1218     		adds	r2, r2, r0
 161 0050 9300     		lsls	r3, r2, #2
 162 0052 134A     		ldr	r2, .L7
 163 0054 D318     		adds	r3, r2, r3
 164 0056 9B78     		ldrb	r3, [r3, #2]
 165 0058 002B     		cmp	r3, #0
 166 005a 0AD0     		beq	.L6
  74:main.c        ****     {
  75:main.c        ****         ChannelDescriptorsArray[Channel_Number].Current_L--;
 167              		.loc 1 75 0
 168 005c 1400     		movs	r4, r2
 169 005e 4200     		lsls	r2, r0, #1
 170 0060 1518     		adds	r5, r2, r0
 171 0062 A900     		lsls	r1, r5, #2
 172 0064 6118     		adds	r1, r4, r1
 173 0066 013B     		subs	r3, r3, #1
 174 0068 8B70     		strb	r3, [r1, #2]
  76:main.c        ****         ChannelDescriptorsArray[Channel_Number].PinControlFunction(LED_OFF_VALUE);
 175              		.loc 1 76 0
 176 006a 8B68     		ldr	r3, [r1, #8]
 177 006c 0120     		movs	r0, #1
 178              	.LVL18:
 179 006e 9847     		blx	r3
 180              	.LVL19:
  77:main.c        ****         return;
 181              		.loc 1 77 0
 182 0070 14E0     		b	.L2
 183              	.LVL20:
 184              	.L6:
  78:main.c        ****     }
  79:main.c        ****     
  80:main.c        ****     if (     ChannelDescriptorsArray[Channel_Number].Current_D == 0 && 
 185              		.loc 1 80 0
 186 0072 0029     		cmp	r1, #0
 187 0074 12D1     		bne	.L2
 188              		.loc 1 80 0 is_stmt 0 discriminator 1
 189 0076 002C     		cmp	r4, #0
 190 0078 10D1     		bne	.L2
  81:main.c        ****              ChannelDescriptorsArray[Channel_Number].Current_H == 0 && 
 191              		.loc 1 81 0 is_stmt 1
 192 007a 002B     		cmp	r3, #0
 193 007c 0ED1     		bne	.L2
  82:main.c        ****              ChannelDescriptorsArray[Channel_Number].Current_L == 0)
  83:main.c        ****     {
  84:main.c        ****     ChannelDescriptorsArray[Channel_Number].Current_D = 
  85:main.c        ****     ChannelDescriptorsArray[Channel_Number].Max_D;
 194              		.loc 1 85 0
 195 007e 084A     		ldr	r2, .L7
 196 0080 4100     		lsls	r1, r0, #1
 197 0082 0C18     		adds	r4, r1, r0
 198 0084 A300     		lsls	r3, r4, #2
 199 0086 D318     		adds	r3, r2, r3
 200 0088 DE78     		ldrb	r6, [r3, #3]
ARM GAS  C:\Users\ribot\AppData\Local\Temp\ccv6juoi.s 			page 6


  84:main.c        ****     ChannelDescriptorsArray[Channel_Number].Max_D;
 201              		.loc 1 84 0
 202 008a 2500     		movs	r5, r4
 203 008c A400     		lsls	r4, r4, #2
 204 008e A654     		strb	r6, [r4, r2]
  86:main.c        ****     
  87:main.c        ****     ChannelDescriptorsArray[Channel_Number].Current_H = 
  88:main.c        ****     ChannelDescriptorsArray[Channel_Number].Max_H;
 205              		.loc 1 88 0
 206 0090 1C79     		ldrb	r4, [r3, #4]
  87:main.c        ****     ChannelDescriptorsArray[Channel_Number].Max_H;
 207              		.loc 1 87 0
 208 0092 5C70     		strb	r4, [r3, #1]
  89:main.c        ****     
  90:main.c        ****     ChannelDescriptorsArray[Channel_Number].Current_L = 
  91:main.c        ****     ChannelDescriptorsArray[Channel_Number].Max_L;
 209              		.loc 1 91 0
 210 0094 5C79     		ldrb	r4, [r3, #5]
  90:main.c        ****     ChannelDescriptorsArray[Channel_Number].Max_L;
 211              		.loc 1 90 0
 212 0096 AB00     		lsls	r3, r5, #2
 213 0098 D318     		adds	r3, r2, r3
 214 009a 9C70     		strb	r4, [r3, #2]
 215              	.LVL21:
 216              	.L2:
  92:main.c        **** 
  93:main.c        ****     return;
  94:main.c        ****     }
  95:main.c        **** }
 217              		.loc 1 95 0
 218              		@ sp needed
 219 009c 70BD     		pop	{r4, r5, r6, pc}
 220              	.L8:
 221 009e C046     		.align	2
 222              	.L7:
 223 00a0 00000000 		.word	ChannelDescriptorsArray
 224              		.cfi_endproc
 225              	.LFE33:
 226              		.size	ChannelController, .-ChannelController
 227              		.section	.text.TimeSlotInterrupt,"ax",%progbits
 228              		.align	2
 229              		.global	TimeSlotInterrupt
 230              		.code	16
 231              		.thumb_func
 232              		.type	TimeSlotInterrupt, %function
 233              	TimeSlotInterrupt:
 234              	.LFB34:
  96:main.c        **** /**************************************************************************
  97:main.c        ****  Interrupt Handler called every 500ms
  98:main.c        **** **************************************************************************/
  99:main.c        **** CY_ISR(TimeSlotInterrupt)
 100:main.c        **** {
 235              		.loc 1 100 0
 236              		.cfi_startproc
 237              		@ args = 0, pretend = 0, frame = 0
 238              		@ frame_needed = 0, uses_anonymous_args = 0
 239 0000 10B5     		push	{r4, lr}
ARM GAS  C:\Users\ribot\AppData\Local\Temp\ccv6juoi.s 			page 7


 240              		.cfi_def_cfa_offset 8
 241              		.cfi_offset 4, -8
 242              		.cfi_offset 14, -4
 243              	.LVL22:
 101:main.c        ****  uint8 CurrentChannelNumber;
 102:main.c        ****  /* Call Channel controller function for each of channel */
 103:main.c        ****  for (CurrentChannelNumber = 0;
 244              		.loc 1 103 0
 245 0002 0024     		movs	r4, #0
 246 0004 04E0     		b	.L10
 247              	.LVL23:
 248              	.L11:
 104:main.c        ****  CurrentChannelNumber < NUMBER_OF_CHANNELS;
 105:main.c        ****  CurrentChannelNumber++)
 106:main.c        ****  {
 107:main.c        ****     ChannelController(CurrentChannelNumber);
 249              		.loc 1 107 0
 250 0006 2000     		movs	r0, r4
 251 0008 FFF7FEFF 		bl	ChannelController
 252              	.LVL24:
 105:main.c        ****  {
 253              		.loc 1 105 0
 254 000c 0134     		adds	r4, r4, #1
 255              	.LVL25:
 256 000e E4B2     		uxtb	r4, r4
 257              	.LVL26:
 258              	.L10:
 103:main.c        ****  CurrentChannelNumber < NUMBER_OF_CHANNELS;
 259              		.loc 1 103 0 discriminator 1
 260 0010 032C     		cmp	r4, #3
 261 0012 F8D9     		bls	.L11
 108:main.c        ****  }
 109:main.c        **** }
 262              		.loc 1 109 0
 263              		@ sp needed
 264              	.LVL27:
 265 0014 10BD     		pop	{r4, pc}
 266              		.cfi_endproc
 267              	.LFE34:
 268              		.size	TimeSlotInterrupt, .-TimeSlotInterrupt
 269 0016 C046     		.section	.text.UpdateChannelDescriptor,"ax",%progbits
 270              		.align	2
 271              		.global	UpdateChannelDescriptor
 272              		.code	16
 273              		.thumb_func
 274              		.type	UpdateChannelDescriptor, %function
 275              	UpdateChannelDescriptor:
 276              	.LFB35:
 110:main.c        **** /**************************************************************************
 111:main.c        ****  This function to update channel descriptors and pin state.
 112:main.c        ****  Counters D, H and L of all other channels are reset to the initial state
 113:main.c        ****  to start all channels synchronously.
 114:main.c        ****  Parameters:
 115:main.c        ****  ChannelNumber - channel to be updated;
 116:main.c        ****  D - new value of delay D;
 117:main.c        ****  H - new value of pulse duration H;
 118:main.c        ****  L - new value of pause duration L;
ARM GAS  C:\Users\ribot\AppData\Local\Temp\ccv6juoi.s 			page 8


 119:main.c        **** **************************************************************************/
 120:main.c        **** void UpdateChannelDescriptor(uint8 ChannelNumber, uint8 D, uint8 H, uint8 L)
 121:main.c        **** {
 277              		.loc 1 121 0
 278              		.cfi_startproc
 279              		@ args = 0, pretend = 0, frame = 0
 280              		@ frame_needed = 0, uses_anonymous_args = 0
 281              	.LVL28:
 282 0000 F8B5     		push	{r3, r4, r5, r6, r7, lr}
 283              		.cfi_def_cfa_offset 24
 284              		.cfi_offset 3, -24
 285              		.cfi_offset 4, -20
 286              		.cfi_offset 5, -16
 287              		.cfi_offset 6, -12
 288              		.cfi_offset 7, -8
 289              		.cfi_offset 14, -4
 122:main.c        ****  uint8 ChannelIdx;
 123:main.c        ****  
 124:main.c        ****  /* Enter critical section to avoid interrupts during channel descriptors update */
 125:main.c        ****  CyGlobalIntDisable; /* Disable global interrupts. */
 290              		.loc 1 125 0
 291              		.syntax divided
 292              	@ 125 "main.c" 1
 293 0002 72B6     		CPSID   i
 294              	@ 0 "" 2
 126:main.c        ****  /* Update channel descriptor values from the data received from UART */
 127:main.c        ****  ChannelDescriptorsArray[ChannelNumber].Max_D = D;
 295              		.loc 1 127 0
 296              		.thumb
 297              		.syntax unified
 298 0004 104D     		ldr	r5, .L15
 299 0006 4600     		lsls	r6, r0, #1
 300 0008 3718     		adds	r7, r6, r0
 301 000a BC00     		lsls	r4, r7, #2
 302 000c 2C19     		adds	r4, r5, r4
 303 000e E170     		strb	r1, [r4, #3]
 128:main.c        ****  ChannelDescriptorsArray[ChannelNumber].Max_H = H; 
 304              		.loc 1 128 0
 305 0010 2271     		strb	r2, [r4, #4]
 129:main.c        ****  ChannelDescriptorsArray[ChannelNumber].Max_L = L; 
 306              		.loc 1 129 0
 307 0012 6371     		strb	r3, [r4, #5]
 308              	.LVL29:
 130:main.c        ****  
 131:main.c        ****  /* Reload counters in all channels to synchronize all channels. */
 132:main.c        ****  for (ChannelIdx = 0; ChannelIdx < NUMBER_OF_CHANNELS; ChannelIdx++)
 309              		.loc 1 132 0
 310 0014 0024     		movs	r4, #0
 311 0016 13E0     		b	.L13
 312              	.LVL30:
 313              	.L14:
 133:main.c        ****  {
 134:main.c        ****  ChannelDescriptorsArray[ChannelIdx].Current_D = ChannelDescriptorsArray[ChannelIdx].Max_D;
 314              		.loc 1 134 0 discriminator 3
 315 0018 0B49     		ldr	r1, .L15
 316 001a 6200     		lsls	r2, r4, #1
 317 001c 1019     		adds	r0, r2, r4
ARM GAS  C:\Users\ribot\AppData\Local\Temp\ccv6juoi.s 			page 9


 318 001e 8300     		lsls	r3, r0, #2
 319 0020 CB18     		adds	r3, r1, r3
 320 0022 DE78     		ldrb	r6, [r3, #3]
 321 0024 0500     		movs	r5, r0
 322 0026 8000     		lsls	r0, r0, #2
 323 0028 4654     		strb	r6, [r0, r1]
 135:main.c        ****  ChannelDescriptorsArray[ChannelIdx].Current_H = ChannelDescriptorsArray[ChannelIdx].Max_H;
 324              		.loc 1 135 0 discriminator 3
 325 002a 1879     		ldrb	r0, [r3, #4]
 326 002c 5870     		strb	r0, [r3, #1]
 136:main.c        ****  ChannelDescriptorsArray[ChannelIdx].Current_L = ChannelDescriptorsArray[ChannelIdx].Max_L;
 327              		.loc 1 136 0 discriminator 3
 328 002e 5879     		ldrb	r0, [r3, #5]
 329 0030 9870     		strb	r0, [r3, #2]
 137:main.c        ****  /* Reset output pin corresponding to this channel */
 138:main.c        ****  ChannelDescriptorsArray[ChannelIdx].PinControlFunction(LED_OFF_VALUE);
 330              		.loc 1 138 0 discriminator 3
 331 0032 AB00     		lsls	r3, r5, #2
 332 0034 CB18     		adds	r3, r1, r3
 333 0036 9B68     		ldr	r3, [r3, #8]
 334 0038 0120     		movs	r0, #1
 335 003a 9847     		blx	r3
 336              	.LVL31:
 132:main.c        ****  {
 337              		.loc 1 132 0 discriminator 3
 338 003c 0134     		adds	r4, r4, #1
 339              	.LVL32:
 340 003e E4B2     		uxtb	r4, r4
 341              	.LVL33:
 342              	.L13:
 132:main.c        ****  {
 343              		.loc 1 132 0 is_stmt 0 discriminator 1
 344 0040 032C     		cmp	r4, #3
 345 0042 E9D9     		bls	.L14
 139:main.c        ****  }
 140:main.c        ****  /* Exit critical section */
 141:main.c        ****  CyGlobalIntEnable; /* Enable global interrupts. */
 346              		.loc 1 141 0 is_stmt 1
 347              		.syntax divided
 348              	@ 141 "main.c" 1
 349 0044 62B6     		CPSIE   i
 350              	@ 0 "" 2
 142:main.c        **** }
 351              		.loc 1 142 0
 352              		.thumb
 353              		.syntax unified
 354              		@ sp needed
 355              	.LVL34:
 356 0046 F8BD     		pop	{r3, r4, r5, r6, r7, pc}
 357              	.L16:
 358              		.align	2
 359              	.L15:
 360 0048 00000000 		.word	ChannelDescriptorsArray
 361              		.cfi_endproc
 362              	.LFE35:
 363              		.size	UpdateChannelDescriptor, .-UpdateChannelDescriptor
 364              		.section	.text.UartBufferParser,"ax",%progbits
ARM GAS  C:\Users\ribot\AppData\Local\Temp\ccv6juoi.s 			page 10


 365              		.align	2
 366              		.global	UartBufferParser
 367              		.code	16
 368              		.thumb_func
 369              		.type	UartBufferParser, %function
 370              	UartBufferParser:
 371              	.LFB36:
 143:main.c        **** /**************************************************************************
 144:main.c        ****  This function parses the UART buffer and update counters D, H and L
 145:main.c        **** **************************************************************************/
 146:main.c        **** void UartBufferParser(void)
 147:main.c        **** {
 372              		.loc 1 147 0
 373              		.cfi_startproc
 374              		@ args = 0, pretend = 0, frame = 0
 375              		@ frame_needed = 0, uses_anonymous_args = 0
 376 0000 10B5     		push	{r4, lr}
 377              		.cfi_def_cfa_offset 8
 378              		.cfi_offset 4, -8
 379              		.cfi_offset 14, -4
 148:main.c        ****  uint8 ChannelNumber;
 149:main.c        ****  uint8 ValueD, ValueH, ValueL;
 150:main.c        ****  
 151:main.c        ****  ValueD = UartBuffer[UART_BUFFER_D_VALUE_IDX] - ASCII_OFFSET_FOR_DIGITS;
 380              		.loc 1 151 0
 381 0002 174C     		ldr	r4, .L23
 382 0004 2179     		ldrb	r1, [r4, #4]
 383 0006 3039     		subs	r1, r1, #48
 384 0008 C9B2     		uxtb	r1, r1
 385              	.LVL35:
 152:main.c        ****  ValueH = UartBuffer[UART_BUFFER_H_VALUE_IDX] - ASCII_OFFSET_FOR_DIGITS;
 386              		.loc 1 152 0
 387 000a 6279     		ldrb	r2, [r4, #5]
 388 000c 303A     		subs	r2, r2, #48
 389 000e D2B2     		uxtb	r2, r2
 390              	.LVL36:
 153:main.c        ****  ValueL = UartBuffer[UART_BUFFER_L_VALUE_IDX] - ASCII_OFFSET_FOR_DIGITS;   
 391              		.loc 1 153 0
 392 0010 A379     		ldrb	r3, [r4, #6]
 393 0012 303B     		subs	r3, r3, #48
 394 0014 DBB2     		uxtb	r3, r3
 395              	.LVL37:
 154:main.c        ****  ChannelNumber = UartBuffer[UART_BUFFER_CHANNEL_IDX] - ASCII_OFFSET_FOR_DIGITS;
 396              		.loc 1 154 0
 397 0016 E078     		ldrb	r0, [r4, #3]
 398 0018 3038     		subs	r0, r0, #48
 399 001a C0B2     		uxtb	r0, r0
 400              	.LVL38:
 155:main.c        **** 
 156:main.c        ****  if ('A' != UartBuffer[UART_BUFFER_A_IDX])
 401              		.loc 1 156 0
 402 001c 2478     		ldrb	r4, [r4]
 403 001e 412C     		cmp	r4, #65
 404 0020 02D0     		beq	.L18
 157:main.c        ****     {
 158:main.c        ****         /* UART buffer content does not match to the expected value "A". Return. */
 159:main.c        ****         Error_Return();
ARM GAS  C:\Users\ribot\AppData\Local\Temp\ccv6juoi.s 			page 11


 405              		.loc 1 159 0
 406 0022 FFF7FEFF 		bl	Error_Return
 407              	.LVL39:
 160:main.c        ****         return;
 408              		.loc 1 160 0
 409 0026 1AE0     		b	.L17
 410              	.LVL40:
 411              	.L18:
 161:main.c        ****     }
 162:main.c        ****  if ('T' != UartBuffer[UART_BUFFER_T_IDX])
 412              		.loc 1 162 0
 413 0028 0D4C     		ldr	r4, .L23
 414 002a 6478     		ldrb	r4, [r4, #1]
 415 002c 542C     		cmp	r4, #84
 416 002e 02D0     		beq	.L20
 163:main.c        ****     {
 164:main.c        ****         Error_Return();
 417              		.loc 1 164 0
 418 0030 FFF7FEFF 		bl	Error_Return
 419              	.LVL41:
 165:main.c        ****         return;
 420              		.loc 1 165 0
 421 0034 13E0     		b	.L17
 422              	.LVL42:
 423              	.L20:
 166:main.c        ****     }
 167:main.c        ****  if ('=' != UartBuffer[UART_BUFFER_EQUALS_IDX])
 424              		.loc 1 167 0
 425 0036 0A4C     		ldr	r4, .L23
 426 0038 A478     		ldrb	r4, [r4, #2]
 427 003a 3D2C     		cmp	r4, #61
 428 003c 02D0     		beq	.L21
 168:main.c        ****     {
 169:main.c        ****         Error_Return();
 429              		.loc 1 169 0
 430 003e FFF7FEFF 		bl	Error_Return
 431              	.LVL43:
 170:main.c        ****         return;
 432              		.loc 1 170 0
 433 0042 0CE0     		b	.L17
 434              	.LVL44:
 435              	.L21:
 171:main.c        ****     }
 172:main.c        ****     
 173:main.c        ****  if (ValueD >= 0 && ValueD <= 9 &&
 436              		.loc 1 173 0
 437 0044 0929     		cmp	r1, #9
 438 0046 08D8     		bhi	.L22
 174:main.c        ****      ValueH >= 0 && ValueH <= 9 &&
 439              		.loc 1 174 0
 440 0048 092A     		cmp	r2, #9
 441 004a 06D8     		bhi	.L22
 175:main.c        ****      ValueL >= 0 && ValueL <= 9 &&
 442              		.loc 1 175 0
 443 004c 092B     		cmp	r3, #9
 444 004e 04D8     		bhi	.L22
 176:main.c        ****      ChannelNumber >= 0 && ChannelNumber < NUMBER_OF_CHANNELS)
ARM GAS  C:\Users\ribot\AppData\Local\Temp\ccv6juoi.s 			page 12


 445              		.loc 1 176 0
 446 0050 0328     		cmp	r0, #3
 447 0052 02D8     		bhi	.L22
 177:main.c        ****     {
 178:main.c        ****         /* Update channel descriptor with received values D, H and L */
 179:main.c        ****         UpdateChannelDescriptor(ChannelNumber, ValueD, ValueH, ValueL);
 448              		.loc 1 179 0
 449 0054 FFF7FEFF 		bl	UpdateChannelDescriptor
 450              	.LVL45:
 451 0058 01E0     		b	.L17
 452              	.LVL46:
 453              	.L22:
 180:main.c        ****     }
 181:main.c        ****  else
 182:main.c        ****     {
 183:main.c        ****         Error_Return();
 454              		.loc 1 183 0
 455 005a FFF7FEFF 		bl	Error_Return
 456              	.LVL47:
 457              	.L17:
 184:main.c        ****     }
 185:main.c        **** }
 458              		.loc 1 185 0
 459              		@ sp needed
 460 005e 10BD     		pop	{r4, pc}
 461              	.L24:
 462              		.align	2
 463              	.L23:
 464 0060 00000000 		.word	UartBuffer
 465              		.cfi_endproc
 466              	.LFE36:
 467              		.size	UartBufferParser, .-UartBufferParser
 468              		.section	.text.UartDataReader,"ax",%progbits
 469              		.align	2
 470              		.global	UartDataReader
 471              		.code	16
 472              		.thumb_func
 473              		.type	UartDataReader, %function
 474              	UartDataReader:
 475              	.LFB37:
 186:main.c        **** /**************************************************************************
 187:main.c        ****  This function to read bytes (characters) from UART, collect data to the
 188:main.c        ****  buffer and parse the buffer.
 189:main.c        **** **************************************************************************/
 190:main.c        **** void UartDataReader(void)
 191:main.c        **** {
 476              		.loc 1 191 0
 477              		.cfi_startproc
 478              		@ args = 0, pretend = 0, frame = 0
 479              		@ frame_needed = 0, uses_anonymous_args = 0
 480 0000 10B5     		push	{r4, lr}
 481              		.cfi_def_cfa_offset 8
 482              		.cfi_offset 4, -8
 483              		.cfi_offset 14, -4
 484              	.LVL48:
 192:main.c        ****  char CurrentCharacter = 0;
 193:main.c        ****  CurrentCharacter = UART_1_UartGetChar();
ARM GAS  C:\Users\ribot\AppData\Local\Temp\ccv6juoi.s 			page 13


 485              		.loc 1 193 0
 486 0002 FFF7FEFF 		bl	UART_1_UartGetChar
 487              	.LVL49:
 488 0006 C4B2     		uxtb	r4, r0
 489              	.LVL50:
 194:main.c        ****  if (0 == CurrentCharacter)
 490              		.loc 1 194 0
 491 0008 002C     		cmp	r4, #0
 492 000a 16D0     		beq	.L25
 195:main.c        ****  {
 196:main.c        ****  /* If current character equal to zero it means that no data received
 197:main.c        **** from UART.
 198:main.c        ****  Retrun from the function. */
 199:main.c        ****  return;
 200:main.c        ****  }
 201:main.c        ****  
 202:main.c        ****  /* Send back received character to see it in the terminal */
 203:main.c        ****  UART_1_UartPutChar(CurrentCharacter);
 493              		.loc 1 203 0
 494 000c FF23     		movs	r3, #255
 495 000e 1840     		ands	r0, r3
 496 0010 FFF7FEFF 		bl	UART_1_SpiUartWriteTxData
 497              	.LVL51:
 204:main.c        ****  
 205:main.c        ****  /* Check if received character is "A" (== indicator of packet begin) */
 206:main.c        ****  if ('A' == CurrentCharacter)
 498              		.loc 1 206 0
 499 0014 412C     		cmp	r4, #65
 500 0016 02D1     		bne	.L27
 207:main.c        ****  {
 208:main.c        ****  /* UART received character "A". Reset index to begin of the UART buffer
 209:main.c        **** */
 210:main.c        ****  UartBufferIdx = 0;
 501              		.loc 1 210 0
 502 0018 0022     		movs	r2, #0
 503 001a 084B     		ldr	r3, .L28
 504 001c 1A70     		strb	r2, [r3]
 505              	.L27:
 211:main.c        ****  }
 212:main.c        ****  /* Put received character to UART buffer and increment index. */
 213:main.c        ****  UartBuffer[UartBufferIdx] = CurrentCharacter;
 506              		.loc 1 213 0
 507 001e 074A     		ldr	r2, .L28
 508 0020 1378     		ldrb	r3, [r2]
 509 0022 0749     		ldr	r1, .L28+4
 510 0024 CC54     		strb	r4, [r1, r3]
 214:main.c        ****  UartBufferIdx++;
 511              		.loc 1 214 0
 512 0026 0133     		adds	r3, r3, #1
 513 0028 DBB2     		uxtb	r3, r3
 514 002a 1370     		strb	r3, [r2]
 215:main.c        ****  
 216:main.c        ****  /* Check if UART buffer is filled */
 217:main.c        ****  if (UART_BUFFER_SIZE == UartBufferIdx)
 515              		.loc 1 217 0
 516 002c 072B     		cmp	r3, #7
 517 002e 04D1     		bne	.L25
ARM GAS  C:\Users\ribot\AppData\Local\Temp\ccv6juoi.s 			page 14


 218:main.c        ****  {
 219:main.c        ****  /* UART buffer is full. Start parse this buffer. */
 220:main.c        ****  UartBufferParser();
 518              		.loc 1 220 0
 519 0030 FFF7FEFF 		bl	UartBufferParser
 520              	.LVL52:
 221:main.c        ****  /* Reset index to begin of the UART buffer */
 222:main.c        ****  UartBufferIdx = 0;
 521              		.loc 1 222 0
 522 0034 0022     		movs	r2, #0
 523 0036 014B     		ldr	r3, .L28
 524 0038 1A70     		strb	r2, [r3]
 525              	.L25:
 223:main.c        ****  }
 224:main.c        **** }
 526              		.loc 1 224 0
 527              		@ sp needed
 528              	.LVL53:
 529 003a 10BD     		pop	{r4, pc}
 530              	.L29:
 531              		.align	2
 532              	.L28:
 533 003c 00000000 		.word	UartBufferIdx
 534 0040 00000000 		.word	UartBuffer
 535              		.cfi_endproc
 536              	.LFE37:
 537              		.size	UartDataReader, .-UartDataReader
 538              		.section	.text.Init,"ax",%progbits
 539              		.align	2
 540              		.global	Init
 541              		.code	16
 542              		.thumb_func
 543              		.type	Init, %function
 544              	Init:
 545              	.LFB38:
 225:main.c        **** /**************************************************************************
 226:main.c        ****  This function performs generic initialization.
 227:main.c        **** **************************************************************************/
 228:main.c        **** void Init(void)
 229:main.c        **** {
 546              		.loc 1 229 0
 547              		.cfi_startproc
 548              		@ args = 0, pretend = 0, frame = 0
 549              		@ frame_needed = 0, uses_anonymous_args = 0
 550 0000 10B5     		push	{r4, lr}
 551              		.cfi_def_cfa_offset 8
 552              		.cfi_offset 4, -8
 553              		.cfi_offset 14, -4
 230:main.c        ****  /* Assign pin control functions to the channel descriptors. */
 231:main.c        ****  ChannelDescriptorsArray[0].PinControlFunction = Blue_Output_Write;
 554              		.loc 1 231 0
 555 0002 084B     		ldr	r3, .L31
 556 0004 084A     		ldr	r2, .L31+4
 557 0006 9A60     		str	r2, [r3, #8]
 232:main.c        ****  ChannelDescriptorsArray[1].PinControlFunction = Green_Output_Write;
 558              		.loc 1 232 0
 559 0008 0849     		ldr	r1, .L31+8
ARM GAS  C:\Users\ribot\AppData\Local\Temp\ccv6juoi.s 			page 15


 560 000a 5961     		str	r1, [r3, #20]
 233:main.c        ****  ChannelDescriptorsArray[2].PinControlFunction = Red_Output_Write;
 561              		.loc 1 233 0
 562 000c 0849     		ldr	r1, .L31+12
 563 000e 1962     		str	r1, [r3, #32]
 234:main.c        ****  ChannelDescriptorsArray[3].PinControlFunction = Blue_Output_Write;
 564              		.loc 1 234 0
 565 0010 DA62     		str	r2, [r3, #44]
 235:main.c        ****  
 236:main.c        **** /* UART component start */
 237:main.c        ****  UART_1_Start();
 566              		.loc 1 237 0
 567 0012 FFF7FEFF 		bl	UART_1_Start
 568              	.LVL54:
 238:main.c        **** 
 239:main.c        ****  /* Start Interrupt component */
 240:main.c        ****  isr_1_StartEx(TimeSlotInterrupt);
 569              		.loc 1 240 0
 570 0016 0748     		ldr	r0, .L31+16
 571 0018 FFF7FEFF 		bl	isr_1_StartEx
 572              	.LVL55:
 241:main.c        **** 
 242:main.c        ****  /* Start component Timer */
 243:main.c        ****  Timer_1_Start();
 573              		.loc 1 243 0
 574 001c FFF7FEFF 		bl	Timer_1_Start
 575              	.LVL56:
 244:main.c        **** }
 576              		.loc 1 244 0
 577              		@ sp needed
 578 0020 10BD     		pop	{r4, pc}
 579              	.L32:
 580 0022 C046     		.align	2
 581              	.L31:
 582 0024 00000000 		.word	ChannelDescriptorsArray
 583 0028 00000000 		.word	Blue_Output_Write
 584 002c 00000000 		.word	Green_Output_Write
 585 0030 00000000 		.word	Red_Output_Write
 586 0034 00000000 		.word	TimeSlotInterrupt
 587              		.cfi_endproc
 588              	.LFE38:
 589              		.size	Init, .-Init
 590              		.section	.text.main,"ax",%progbits
 591              		.align	2
 592              		.global	main
 593              		.code	16
 594              		.thumb_func
 595              		.type	main, %function
 596              	main:
 597              	.LFB39:
 245:main.c        **** /**************************************************************************
 246:main.c        ****  Main function
 247:main.c        **** **************************************************************************/
 248:main.c        **** int main(void)
 249:main.c        **** {
 598              		.loc 1 249 0
 599              		.cfi_startproc
ARM GAS  C:\Users\ribot\AppData\Local\Temp\ccv6juoi.s 			page 16


 600              		@ Volatile: function does not return.
 601              		@ args = 0, pretend = 0, frame = 0
 602              		@ frame_needed = 0, uses_anonymous_args = 0
 603 0000 10B5     		push	{r4, lr}
 604              		.cfi_def_cfa_offset 8
 605              		.cfi_offset 4, -8
 606              		.cfi_offset 14, -4
 250:main.c        ****  CyGlobalIntEnable; /* Enable global interrupts. */
 607              		.loc 1 250 0
 608              		.syntax divided
 609              	@ 250 "main.c" 1
 610 0002 62B6     		CPSIE   i
 611              	@ 0 "" 2
 251:main.c        ****  Red_Output_Write(1);
 612              		.loc 1 251 0
 613              		.thumb
 614              		.syntax unified
 615 0004 0120     		movs	r0, #1
 616 0006 FFF7FEFF 		bl	Red_Output_Write
 617              	.LVL57:
 252:main.c        ****  Blue_Output_Write(1);
 618              		.loc 1 252 0
 619 000a 0120     		movs	r0, #1
 620 000c FFF7FEFF 		bl	Blue_Output_Write
 621              	.LVL58:
 253:main.c        ****  Green_Output_Write(1);
 622              		.loc 1 253 0
 623 0010 0120     		movs	r0, #1
 624 0012 FFF7FEFF 		bl	Green_Output_Write
 625              	.LVL59:
 254:main.c        ****  /* Perform generic initialization */
 255:main.c        ****  Init(); 
 626              		.loc 1 255 0
 627 0016 FFF7FEFF 		bl	Init
 628              	.LVL60:
 629              	.L34:
 256:main.c        ****  /* Infinite loop */
 257:main.c        ****  for(;;)
 258:main.c        ****  {
 259:main.c        ****     UartDataReader();
 630              		.loc 1 259 0 discriminator 1
 631 001a FFF7FEFF 		bl	UartDataReader
 632              	.LVL61:
 633 001e FCE7     		b	.L34
 634              		.cfi_endproc
 635              	.LFE39:
 636              		.size	main, .-main
 637              		.comm	UartBufferIdx,1,1
 638              		.comm	UartBuffer,7,4
 639              		.comm	ChannelDescriptorsArray,48,4
 640              		.text
 641              	.Letext0:
 642              		.file 2 "Generated_Source\\PSoC4/cytypes.h"
 643              		.file 3 "Generated_Source\\PSoC4/UART_1_SPI_UART.h"
 644              		.file 4 "Generated_Source\\PSoC4/UART_1.h"
 645              		.file 5 "Generated_Source\\PSoC4/isr_1.h"
 646              		.file 6 "Generated_Source\\PSoC4/Timer_1.h"
ARM GAS  C:\Users\ribot\AppData\Local\Temp\ccv6juoi.s 			page 17


 647              		.file 7 "Generated_Source\\PSoC4/Red_Output.h"
 648              		.file 8 "Generated_Source\\PSoC4/Blue_Output.h"
 649              		.file 9 "Generated_Source\\PSoC4/Green_Output.h"
 650              		.section	.debug_info,"",%progbits
 651              	.Ldebug_info0:
 652 0000 FF040000 		.4byte	0x4ff
 653 0004 0400     		.2byte	0x4
 654 0006 00000000 		.4byte	.Ldebug_abbrev0
 655 000a 04       		.byte	0x4
 656 000b 01       		.uleb128 0x1
 657 000c F3010000 		.4byte	.LASF50
 658 0010 0C       		.byte	0xc
 659 0011 A7020000 		.4byte	.LASF51
 660 0015 1A030000 		.4byte	.LASF52
 661 0019 00000000 		.4byte	.Ldebug_ranges0+0
 662 001d 00000000 		.4byte	0
 663 0021 00000000 		.4byte	.Ldebug_line0
 664 0025 02       		.uleb128 0x2
 665 0026 01       		.byte	0x1
 666 0027 06       		.byte	0x6
 667 0028 BE000000 		.4byte	.LASF0
 668 002c 02       		.uleb128 0x2
 669 002d 01       		.byte	0x1
 670 002e 08       		.byte	0x8
 671 002f D1000000 		.4byte	.LASF1
 672 0033 02       		.uleb128 0x2
 673 0034 02       		.byte	0x2
 674 0035 05       		.byte	0x5
 675 0036 5C010000 		.4byte	.LASF2
 676 003a 02       		.uleb128 0x2
 677 003b 02       		.byte	0x2
 678 003c 07       		.byte	0x7
 679 003d 0D010000 		.4byte	.LASF3
 680 0041 02       		.uleb128 0x2
 681 0042 04       		.byte	0x4
 682 0043 05       		.byte	0x5
 683 0044 CE020000 		.4byte	.LASF4
 684 0048 02       		.uleb128 0x2
 685 0049 04       		.byte	0x4
 686 004a 07       		.byte	0x7
 687 004b F4000000 		.4byte	.LASF5
 688 004f 02       		.uleb128 0x2
 689 0050 08       		.byte	0x8
 690 0051 05       		.byte	0x5
 691 0052 99020000 		.4byte	.LASF6
 692 0056 02       		.uleb128 0x2
 693 0057 08       		.byte	0x8
 694 0058 07       		.byte	0x7
 695 0059 A5010000 		.4byte	.LASF7
 696 005d 03       		.uleb128 0x3
 697 005e 04       		.byte	0x4
 698 005f 05       		.byte	0x5
 699 0060 696E7400 		.ascii	"int\000"
 700 0064 02       		.uleb128 0x2
 701 0065 04       		.byte	0x4
 702 0066 07       		.byte	0x7
 703 0067 92010000 		.4byte	.LASF8
ARM GAS  C:\Users\ribot\AppData\Local\Temp\ccv6juoi.s 			page 18


 704 006b 04       		.uleb128 0x4
 705 006c C8020000 		.4byte	.LASF9
 706 0070 02       		.byte	0x2
 707 0071 FC01     		.2byte	0x1fc
 708 0073 2C000000 		.4byte	0x2c
 709 0077 04       		.uleb128 0x4
 710 0078 86010000 		.4byte	.LASF10
 711 007c 02       		.byte	0x2
 712 007d FE01     		.2byte	0x1fe
 713 007f 48000000 		.4byte	0x48
 714 0083 02       		.uleb128 0x2
 715 0084 04       		.byte	0x4
 716 0085 04       		.byte	0x4
 717 0086 B8000000 		.4byte	.LASF11
 718 008a 02       		.uleb128 0x2
 719 008b 08       		.byte	0x8
 720 008c 04       		.byte	0x4
 721 008d 55010000 		.4byte	.LASF12
 722 0091 02       		.uleb128 0x2
 723 0092 01       		.byte	0x1
 724 0093 08       		.byte	0x8
 725 0094 AE020000 		.4byte	.LASF13
 726 0098 02       		.uleb128 0x2
 727 0099 08       		.byte	0x8
 728 009a 04       		.byte	0x4
 729 009b E5020000 		.4byte	.LASF14
 730 009f 02       		.uleb128 0x2
 731 00a0 04       		.byte	0x4
 732 00a1 07       		.byte	0x7
 733 00a2 90020000 		.4byte	.LASF15
 734 00a6 05       		.uleb128 0x5
 735 00a7 0C       		.byte	0xc
 736 00a8 01       		.byte	0x1
 737 00a9 15       		.byte	0x15
 738 00aa 03010000 		.4byte	0x103
 739 00ae 06       		.uleb128 0x6
 740 00af DF010000 		.4byte	.LASF16
 741 00b3 01       		.byte	0x1
 742 00b4 17       		.byte	0x17
 743 00b5 6B000000 		.4byte	0x6b
 744 00b9 00       		.byte	0
 745 00ba 06       		.uleb128 0x6
 746 00bb E9010000 		.4byte	.LASF17
 747 00bf 01       		.byte	0x1
 748 00c0 18       		.byte	0x18
 749 00c1 6B000000 		.4byte	0x6b
 750 00c5 01       		.byte	0x1
 751 00c6 06       		.uleb128 0x6
 752 00c7 9B000000 		.4byte	.LASF18
 753 00cb 01       		.byte	0x1
 754 00cc 19       		.byte	0x19
 755 00cd 6B000000 		.4byte	0x6b
 756 00d1 02       		.byte	0x2
 757 00d2 06       		.uleb128 0x6
 758 00d3 80010000 		.4byte	.LASF19
 759 00d7 01       		.byte	0x1
 760 00d8 1A       		.byte	0x1a
ARM GAS  C:\Users\ribot\AppData\Local\Temp\ccv6juoi.s 			page 19


 761 00d9 6B000000 		.4byte	0x6b
 762 00dd 03       		.byte	0x3
 763 00de 06       		.uleb128 0x6
 764 00df C2020000 		.4byte	.LASF20
 765 00e3 01       		.byte	0x1
 766 00e4 1B       		.byte	0x1b
 767 00e5 6B000000 		.4byte	0x6b
 768 00e9 04       		.byte	0x4
 769 00ea 06       		.uleb128 0x6
 770 00eb 9F010000 		.4byte	.LASF21
 771 00ef 01       		.byte	0x1
 772 00f0 1C       		.byte	0x1c
 773 00f1 6B000000 		.4byte	0x6b
 774 00f5 05       		.byte	0x5
 775 00f6 06       		.uleb128 0x6
 776 00f7 88000000 		.4byte	.LASF22
 777 00fb 01       		.byte	0x1
 778 00fc 1D       		.byte	0x1d
 779 00fd 0E010000 		.4byte	0x10e
 780 0101 08       		.byte	0x8
 781 0102 00       		.byte	0
 782 0103 07       		.uleb128 0x7
 783 0104 0E010000 		.4byte	0x10e
 784 0108 08       		.uleb128 0x8
 785 0109 6B000000 		.4byte	0x6b
 786 010d 00       		.byte	0
 787 010e 09       		.uleb128 0x9
 788 010f 04       		.byte	0x4
 789 0110 03010000 		.4byte	0x103
 790 0114 0A       		.uleb128 0xa
 791 0115 52000000 		.4byte	.LASF23
 792 0119 01       		.byte	0x1
 793 011a 1E       		.byte	0x1e
 794 011b A6000000 		.4byte	0xa6
 795 011f 0B       		.uleb128 0xb
 796 0120 48010000 		.4byte	.LASF24
 797 0124 01       		.byte	0x1
 798 0125 28       		.byte	0x28
 799 0126 00000000 		.4byte	.LFB32
 800 012a 46000000 		.4byte	.LFE32-.LFB32
 801 012e 01       		.uleb128 0x1
 802 012f 9C       		.byte	0x9c
 803 0130 09020000 		.4byte	0x209
 804 0134 0C       		.uleb128 0xc
 805 0135 08000000 		.4byte	.LVL0
 806 0139 A8040000 		.4byte	0x4a8
 807 013d 47010000 		.4byte	0x147
 808 0141 0D       		.uleb128 0xd
 809 0142 01       		.uleb128 0x1
 810 0143 50       		.byte	0x50
 811 0144 01       		.uleb128 0x1
 812 0145 3A       		.byte	0x3a
 813 0146 00       		.byte	0
 814 0147 0C       		.uleb128 0xc
 815 0148 0E000000 		.4byte	.LVL1
 816 014c A8040000 		.4byte	0x4a8
 817 0150 5A010000 		.4byte	0x15a
ARM GAS  C:\Users\ribot\AppData\Local\Temp\ccv6juoi.s 			page 20


 818 0154 0D       		.uleb128 0xd
 819 0155 01       		.uleb128 0x1
 820 0156 50       		.byte	0x50
 821 0157 01       		.uleb128 0x1
 822 0158 3D       		.byte	0x3d
 823 0159 00       		.byte	0
 824 015a 0C       		.uleb128 0xc
 825 015b 14000000 		.4byte	.LVL2
 826 015f A8040000 		.4byte	0x4a8
 827 0163 6E010000 		.4byte	0x16e
 828 0167 0D       		.uleb128 0xd
 829 0168 01       		.uleb128 0x1
 830 0169 50       		.byte	0x50
 831 016a 02       		.uleb128 0x2
 832 016b 08       		.byte	0x8
 833 016c 20       		.byte	0x20
 834 016d 00       		.byte	0
 835 016e 0C       		.uleb128 0xc
 836 016f 1A000000 		.4byte	.LVL3
 837 0173 A8040000 		.4byte	0x4a8
 838 0177 82010000 		.4byte	0x182
 839 017b 0D       		.uleb128 0xd
 840 017c 01       		.uleb128 0x1
 841 017d 50       		.byte	0x50
 842 017e 02       		.uleb128 0x2
 843 017f 08       		.byte	0x8
 844 0180 45       		.byte	0x45
 845 0181 00       		.byte	0
 846 0182 0C       		.uleb128 0xc
 847 0183 20000000 		.4byte	.LVL4
 848 0187 A8040000 		.4byte	0x4a8
 849 018b 96010000 		.4byte	0x196
 850 018f 0D       		.uleb128 0xd
 851 0190 01       		.uleb128 0x1
 852 0191 50       		.byte	0x50
 853 0192 02       		.uleb128 0x2
 854 0193 08       		.byte	0x8
 855 0194 72       		.byte	0x72
 856 0195 00       		.byte	0
 857 0196 0C       		.uleb128 0xc
 858 0197 26000000 		.4byte	.LVL5
 859 019b A8040000 		.4byte	0x4a8
 860 019f AA010000 		.4byte	0x1aa
 861 01a3 0D       		.uleb128 0xd
 862 01a4 01       		.uleb128 0x1
 863 01a5 50       		.byte	0x50
 864 01a6 02       		.uleb128 0x2
 865 01a7 08       		.byte	0x8
 866 01a8 72       		.byte	0x72
 867 01a9 00       		.byte	0
 868 01aa 0C       		.uleb128 0xc
 869 01ab 2C000000 		.4byte	.LVL6
 870 01af A8040000 		.4byte	0x4a8
 871 01b3 BE010000 		.4byte	0x1be
 872 01b7 0D       		.uleb128 0xd
 873 01b8 01       		.uleb128 0x1
 874 01b9 50       		.byte	0x50
ARM GAS  C:\Users\ribot\AppData\Local\Temp\ccv6juoi.s 			page 21


 875 01ba 02       		.uleb128 0x2
 876 01bb 08       		.byte	0x8
 877 01bc 6F       		.byte	0x6f
 878 01bd 00       		.byte	0
 879 01be 0C       		.uleb128 0xc
 880 01bf 32000000 		.4byte	.LVL7
 881 01c3 A8040000 		.4byte	0x4a8
 882 01c7 D2010000 		.4byte	0x1d2
 883 01cb 0D       		.uleb128 0xd
 884 01cc 01       		.uleb128 0x1
 885 01cd 50       		.byte	0x50
 886 01ce 02       		.uleb128 0x2
 887 01cf 08       		.byte	0x8
 888 01d0 72       		.byte	0x72
 889 01d1 00       		.byte	0
 890 01d2 0C       		.uleb128 0xc
 891 01d3 38000000 		.4byte	.LVL8
 892 01d7 A8040000 		.4byte	0x4a8
 893 01db E6010000 		.4byte	0x1e6
 894 01df 0D       		.uleb128 0xd
 895 01e0 01       		.uleb128 0x1
 896 01e1 50       		.byte	0x50
 897 01e2 02       		.uleb128 0x2
 898 01e3 08       		.byte	0x8
 899 01e4 20       		.byte	0x20
 900 01e5 00       		.byte	0
 901 01e6 0C       		.uleb128 0xc
 902 01e7 3E000000 		.4byte	.LVL9
 903 01eb A8040000 		.4byte	0x4a8
 904 01ef F9010000 		.4byte	0x1f9
 905 01f3 0D       		.uleb128 0xd
 906 01f4 01       		.uleb128 0x1
 907 01f5 50       		.byte	0x50
 908 01f6 01       		.uleb128 0x1
 909 01f7 3A       		.byte	0x3a
 910 01f8 00       		.byte	0
 911 01f9 0E       		.uleb128 0xe
 912 01fa 44000000 		.4byte	.LVL10
 913 01fe A8040000 		.4byte	0x4a8
 914 0202 0D       		.uleb128 0xd
 915 0203 01       		.uleb128 0x1
 916 0204 50       		.byte	0x50
 917 0205 01       		.uleb128 0x1
 918 0206 3D       		.byte	0x3d
 919 0207 00       		.byte	0
 920 0208 00       		.byte	0
 921 0209 0B       		.uleb128 0xb
 922 020a 40000000 		.4byte	.LASF25
 923 020e 01       		.byte	0x1
 924 020f 3B       		.byte	0x3b
 925 0210 00000000 		.4byte	.LFB33
 926 0214 A4000000 		.4byte	.LFE33-.LFB33
 927 0218 01       		.uleb128 0x1
 928 0219 9C       		.byte	0x9c
 929 021a 57020000 		.4byte	0x257
 930 021e 0F       		.uleb128 0xf
 931 021f B3020000 		.4byte	.LASF28
ARM GAS  C:\Users\ribot\AppData\Local\Temp\ccv6juoi.s 			page 22


 932 0223 01       		.byte	0x1
 933 0224 3B       		.byte	0x3b
 934 0225 6B000000 		.4byte	0x6b
 935 0229 00000000 		.4byte	.LLST0
 936 022d 10       		.uleb128 0x10
 937 022e 24000000 		.4byte	.LVL13
 938 0232 3C020000 		.4byte	0x23c
 939 0236 0D       		.uleb128 0xd
 940 0237 01       		.uleb128 0x1
 941 0238 50       		.byte	0x50
 942 0239 01       		.uleb128 0x1
 943 023a 31       		.byte	0x31
 944 023b 00       		.byte	0
 945 023c 10       		.uleb128 0x10
 946 023d 4A000000 		.4byte	.LVL16
 947 0241 4B020000 		.4byte	0x24b
 948 0245 0D       		.uleb128 0xd
 949 0246 01       		.uleb128 0x1
 950 0247 50       		.byte	0x50
 951 0248 01       		.uleb128 0x1
 952 0249 30       		.byte	0x30
 953 024a 00       		.byte	0
 954 024b 11       		.uleb128 0x11
 955 024c 70000000 		.4byte	.LVL19
 956 0250 0D       		.uleb128 0xd
 957 0251 01       		.uleb128 0x1
 958 0252 50       		.byte	0x50
 959 0253 01       		.uleb128 0x1
 960 0254 31       		.byte	0x31
 961 0255 00       		.byte	0
 962 0256 00       		.byte	0
 963 0257 0B       		.uleb128 0xb
 964 0258 2E000000 		.4byte	.LASF26
 965 025c 01       		.byte	0x1
 966 025d 63       		.byte	0x63
 967 025e 00000000 		.4byte	.LFB34
 968 0262 16000000 		.4byte	.LFE34-.LFB34
 969 0266 01       		.uleb128 0x1
 970 0267 9C       		.byte	0x9c
 971 0268 8C020000 		.4byte	0x28c
 972 026c 12       		.uleb128 0x12
 973 026d 68000000 		.4byte	.LASF30
 974 0271 01       		.byte	0x1
 975 0272 65       		.byte	0x65
 976 0273 6B000000 		.4byte	0x6b
 977 0277 6C000000 		.4byte	.LLST1
 978 027b 0E       		.uleb128 0xe
 979 027c 0C000000 		.4byte	.LVL24
 980 0280 09020000 		.4byte	0x209
 981 0284 0D       		.uleb128 0xd
 982 0285 01       		.uleb128 0x1
 983 0286 50       		.byte	0x50
 984 0287 02       		.uleb128 0x2
 985 0288 74       		.byte	0x74
 986 0289 00       		.sleb128 0
 987 028a 00       		.byte	0
 988 028b 00       		.byte	0
ARM GAS  C:\Users\ribot\AppData\Local\Temp\ccv6juoi.s 			page 23


 989 028c 0B       		.uleb128 0xb
 990 028d BC010000 		.4byte	.LASF27
 991 0291 01       		.byte	0x1
 992 0292 78       		.byte	0x78
 993 0293 00000000 		.4byte	.LFB35
 994 0297 4C000000 		.4byte	.LFE35-.LFB35
 995 029b 01       		.uleb128 0x1
 996 029c 9C       		.byte	0x9c
 997 029d F2020000 		.4byte	0x2f2
 998 02a1 0F       		.uleb128 0xf
 999 02a2 E6000000 		.4byte	.LASF29
 1000 02a6 01       		.byte	0x1
 1001 02a7 78       		.byte	0x78
 1002 02a8 6B000000 		.4byte	0x6b
 1003 02ac 96000000 		.4byte	.LLST2
 1004 02b0 13       		.uleb128 0x13
 1005 02b1 4400     		.ascii	"D\000"
 1006 02b3 01       		.byte	0x1
 1007 02b4 78       		.byte	0x78
 1008 02b5 6B000000 		.4byte	0x6b
 1009 02b9 B7000000 		.4byte	.LLST3
 1010 02bd 13       		.uleb128 0x13
 1011 02be 4800     		.ascii	"H\000"
 1012 02c0 01       		.byte	0x1
 1013 02c1 78       		.byte	0x78
 1014 02c2 6B000000 		.4byte	0x6b
 1015 02c6 D8000000 		.4byte	.LLST4
 1016 02ca 13       		.uleb128 0x13
 1017 02cb 4C00     		.ascii	"L\000"
 1018 02cd 01       		.byte	0x1
 1019 02ce 78       		.byte	0x78
 1020 02cf 6B000000 		.4byte	0x6b
 1021 02d3 F9000000 		.4byte	.LLST5
 1022 02d7 12       		.uleb128 0x12
 1023 02d8 7D000000 		.4byte	.LASF31
 1024 02dc 01       		.byte	0x1
 1025 02dd 7A       		.byte	0x7a
 1026 02de 6B000000 		.4byte	0x6b
 1027 02e2 1A010000 		.4byte	.LLST6
 1028 02e6 11       		.uleb128 0x11
 1029 02e7 3C000000 		.4byte	.LVL31
 1030 02eb 0D       		.uleb128 0xd
 1031 02ec 01       		.uleb128 0x1
 1032 02ed 50       		.byte	0x50
 1033 02ee 01       		.uleb128 0x1
 1034 02ef 31       		.byte	0x31
 1035 02f0 00       		.byte	0
 1036 02f1 00       		.byte	0
 1037 02f2 0B       		.uleb128 0xb
 1038 02f3 09030000 		.4byte	.LASF32
 1039 02f7 01       		.byte	0x1
 1040 02f8 92       		.byte	0x92
 1041 02f9 00000000 		.4byte	.LFB36
 1042 02fd 64000000 		.4byte	.LFE36-.LFB36
 1043 0301 01       		.uleb128 0x1
 1044 0302 9C       		.byte	0x9c
 1045 0303 71030000 		.4byte	0x371
ARM GAS  C:\Users\ribot\AppData\Local\Temp\ccv6juoi.s 			page 24


 1046 0307 12       		.uleb128 0x12
 1047 0308 E6000000 		.4byte	.LASF29
 1048 030c 01       		.byte	0x1
 1049 030d 94       		.byte	0x94
 1050 030e 6B000000 		.4byte	0x6b
 1051 0312 44010000 		.4byte	.LLST7
 1052 0316 12       		.uleb128 0x12
 1053 0317 CA000000 		.4byte	.LASF33
 1054 031b 01       		.byte	0x1
 1055 031c 95       		.byte	0x95
 1056 031d 6B000000 		.4byte	0x6b
 1057 0321 83010000 		.4byte	.LLST8
 1058 0325 12       		.uleb128 0x12
 1059 0326 DF000000 		.4byte	.LASF34
 1060 032a 01       		.byte	0x1
 1061 032b 95       		.byte	0x95
 1062 032c 6B000000 		.4byte	0x6b
 1063 0330 C2010000 		.4byte	.LLST9
 1064 0334 12       		.uleb128 0x12
 1065 0335 06010000 		.4byte	.LASF35
 1066 0339 01       		.byte	0x1
 1067 033a 95       		.byte	0x95
 1068 033b 6B000000 		.4byte	0x6b
 1069 033f 01020000 		.4byte	.LLST10
 1070 0343 14       		.uleb128 0x14
 1071 0344 26000000 		.4byte	.LVL39
 1072 0348 1F010000 		.4byte	0x11f
 1073 034c 14       		.uleb128 0x14
 1074 034d 34000000 		.4byte	.LVL41
 1075 0351 1F010000 		.4byte	0x11f
 1076 0355 14       		.uleb128 0x14
 1077 0356 42000000 		.4byte	.LVL43
 1078 035a 1F010000 		.4byte	0x11f
 1079 035e 14       		.uleb128 0x14
 1080 035f 58000000 		.4byte	.LVL45
 1081 0363 8C020000 		.4byte	0x28c
 1082 0367 14       		.uleb128 0x14
 1083 0368 5E000000 		.4byte	.LVL47
 1084 036c 1F010000 		.4byte	0x11f
 1085 0370 00       		.byte	0
 1086 0371 0B       		.uleb128 0xb
 1087 0372 81020000 		.4byte	.LASF36
 1088 0376 01       		.byte	0x1
 1089 0377 BE       		.byte	0xbe
 1090 0378 00000000 		.4byte	.LFB37
 1091 037c 44000000 		.4byte	.LFE37-.LFB37
 1092 0380 01       		.uleb128 0x1
 1093 0381 9C       		.byte	0x9c
 1094 0382 B1030000 		.4byte	0x3b1
 1095 0386 12       		.uleb128 0x12
 1096 0387 37010000 		.4byte	.LASF37
 1097 038b 01       		.byte	0x1
 1098 038c C0       		.byte	0xc0
 1099 038d 91000000 		.4byte	0x91
 1100 0391 40020000 		.4byte	.LLST11
 1101 0395 14       		.uleb128 0x14
 1102 0396 06000000 		.4byte	.LVL49
ARM GAS  C:\Users\ribot\AppData\Local\Temp\ccv6juoi.s 			page 25


 1103 039a B4040000 		.4byte	0x4b4
 1104 039e 14       		.uleb128 0x14
 1105 039f 14000000 		.4byte	.LVL51
 1106 03a3 A8040000 		.4byte	0x4a8
 1107 03a7 14       		.uleb128 0x14
 1108 03a8 34000000 		.4byte	.LVL52
 1109 03ac F2020000 		.4byte	0x2f2
 1110 03b0 00       		.byte	0
 1111 03b1 0B       		.uleb128 0xb
 1112 03b2 20010000 		.4byte	.LASF38
 1113 03b6 01       		.byte	0x1
 1114 03b7 E4       		.byte	0xe4
 1115 03b8 00000000 		.4byte	.LFB38
 1116 03bc 38000000 		.4byte	.LFE38-.LFB38
 1117 03c0 01       		.uleb128 0x1
 1118 03c1 9C       		.byte	0x9c
 1119 03c2 F0030000 		.4byte	0x3f0
 1120 03c6 14       		.uleb128 0x14
 1121 03c7 16000000 		.4byte	.LVL54
 1122 03cb C0040000 		.4byte	0x4c0
 1123 03cf 0C       		.uleb128 0xc
 1124 03d0 1C000000 		.4byte	.LVL55
 1125 03d4 CB040000 		.4byte	0x4cb
 1126 03d8 E6030000 		.4byte	0x3e6
 1127 03dc 0D       		.uleb128 0xd
 1128 03dd 01       		.uleb128 0x1
 1129 03de 50       		.byte	0x50
 1130 03df 05       		.uleb128 0x5
 1131 03e0 03       		.byte	0x3
 1132 03e1 00000000 		.4byte	TimeSlotInterrupt
 1133 03e5 00       		.byte	0
 1134 03e6 14       		.uleb128 0x14
 1135 03e7 20000000 		.4byte	.LVL56
 1136 03eb D6040000 		.4byte	0x4d6
 1137 03ef 00       		.byte	0
 1138 03f0 15       		.uleb128 0x15
 1139 03f1 8D010000 		.4byte	.LASF53
 1140 03f5 01       		.byte	0x1
 1141 03f6 F8       		.byte	0xf8
 1142 03f7 5D000000 		.4byte	0x5d
 1143 03fb 00000000 		.4byte	.LFB39
 1144 03ff 20000000 		.4byte	.LFE39-.LFB39
 1145 0403 01       		.uleb128 0x1
 1146 0404 9C       		.byte	0x9c
 1147 0405 55040000 		.4byte	0x455
 1148 0409 0C       		.uleb128 0xc
 1149 040a 0A000000 		.4byte	.LVL57
 1150 040e E1040000 		.4byte	0x4e1
 1151 0412 1C040000 		.4byte	0x41c
 1152 0416 0D       		.uleb128 0xd
 1153 0417 01       		.uleb128 0x1
 1154 0418 50       		.byte	0x50
 1155 0419 01       		.uleb128 0x1
 1156 041a 31       		.byte	0x31
 1157 041b 00       		.byte	0
 1158 041c 0C       		.uleb128 0xc
 1159 041d 10000000 		.4byte	.LVL58
ARM GAS  C:\Users\ribot\AppData\Local\Temp\ccv6juoi.s 			page 26


 1160 0421 EC040000 		.4byte	0x4ec
 1161 0425 2F040000 		.4byte	0x42f
 1162 0429 0D       		.uleb128 0xd
 1163 042a 01       		.uleb128 0x1
 1164 042b 50       		.byte	0x50
 1165 042c 01       		.uleb128 0x1
 1166 042d 31       		.byte	0x31
 1167 042e 00       		.byte	0
 1168 042f 0C       		.uleb128 0xc
 1169 0430 16000000 		.4byte	.LVL59
 1170 0434 F7040000 		.4byte	0x4f7
 1171 0438 42040000 		.4byte	0x442
 1172 043c 0D       		.uleb128 0xd
 1173 043d 01       		.uleb128 0x1
 1174 043e 50       		.byte	0x50
 1175 043f 01       		.uleb128 0x1
 1176 0440 31       		.byte	0x31
 1177 0441 00       		.byte	0
 1178 0442 14       		.uleb128 0x14
 1179 0443 1A000000 		.4byte	.LVL60
 1180 0447 B1030000 		.4byte	0x3b1
 1181 044b 14       		.uleb128 0x14
 1182 044c 1E000000 		.4byte	.LVL61
 1183 0450 71030000 		.4byte	0x371
 1184 0454 00       		.byte	0
 1185 0455 16       		.uleb128 0x16
 1186 0456 14010000 		.4byte	0x114
 1187 045a 65040000 		.4byte	0x465
 1188 045e 17       		.uleb128 0x17
 1189 045f 9F000000 		.4byte	0x9f
 1190 0463 03       		.byte	0x3
 1191 0464 00       		.byte	0
 1192 0465 18       		.uleb128 0x18
 1193 0466 F1020000 		.4byte	.LASF39
 1194 046a 01       		.byte	0x1
 1195 046b 21       		.byte	0x21
 1196 046c 55040000 		.4byte	0x455
 1197 0470 05       		.uleb128 0x5
 1198 0471 03       		.byte	0x3
 1199 0472 00000000 		.4byte	ChannelDescriptorsArray
 1200 0476 16       		.uleb128 0x16
 1201 0477 91000000 		.4byte	0x91
 1202 047b 86040000 		.4byte	0x486
 1203 047f 17       		.uleb128 0x17
 1204 0480 9F000000 		.4byte	0x9f
 1205 0484 06       		.byte	0x6
 1206 0485 00       		.byte	0
 1207 0486 18       		.uleb128 0x18
 1208 0487 D4010000 		.4byte	.LASF40
 1209 048b 01       		.byte	0x1
 1210 048c 23       		.byte	0x23
 1211 048d 76040000 		.4byte	0x476
 1212 0491 05       		.uleb128 0x5
 1213 0492 03       		.byte	0x3
 1214 0493 00000000 		.4byte	UartBuffer
 1215 0497 18       		.uleb128 0x18
 1216 0498 D7020000 		.4byte	.LASF41
ARM GAS  C:\Users\ribot\AppData\Local\Temp\ccv6juoi.s 			page 27


 1217 049c 01       		.byte	0x1
 1218 049d 25       		.byte	0x25
 1219 049e 6B000000 		.4byte	0x6b
 1220 04a2 05       		.uleb128 0x5
 1221 04a3 03       		.byte	0x3
 1222 04a4 00000000 		.4byte	UartBufferIdx
 1223 04a8 19       		.uleb128 0x19
 1224 04a9 66010000 		.4byte	.LASF42
 1225 04ad 66010000 		.4byte	.LASF42
 1226 04b1 03       		.byte	0x3
 1227 04b2 4403     		.2byte	0x344
 1228 04b4 19       		.uleb128 0x19
 1229 04b5 1B000000 		.4byte	.LASF43
 1230 04b9 1B000000 		.4byte	.LASF43
 1231 04bd 03       		.byte	0x3
 1232 04be 0F03     		.2byte	0x30f
 1233 04c0 1A       		.uleb128 0x1a
 1234 04c1 00000000 		.4byte	.LASF44
 1235 04c5 00000000 		.4byte	.LASF44
 1236 04c9 04       		.byte	0x4
 1237 04ca 72       		.byte	0x72
 1238 04cb 1A       		.uleb128 0x1a
 1239 04cc 61030000 		.4byte	.LASF45
 1240 04d0 61030000 		.4byte	.LASF45
 1241 04d4 05       		.byte	0x5
 1242 04d5 18       		.byte	0x18
 1243 04d6 1A       		.uleb128 0x1a
 1244 04d7 0D000000 		.4byte	.LASF46
 1245 04db 0D000000 		.4byte	.LASF46
 1246 04df 06       		.byte	0x6
 1247 04e0 5A       		.byte	0x5a
 1248 04e1 1A       		.uleb128 0x1a
 1249 04e2 6F030000 		.4byte	.LASF47
 1250 04e6 6F030000 		.4byte	.LASF47
 1251 04ea 07       		.byte	0x7
 1252 04eb 33       		.byte	0x33
 1253 04ec 1A       		.uleb128 0x1a
 1254 04ed 25010000 		.4byte	.LASF48
 1255 04f1 25010000 		.4byte	.LASF48
 1256 04f5 08       		.byte	0x8
 1257 04f6 33       		.byte	0x33
 1258 04f7 1A       		.uleb128 0x1a
 1259 04f8 A5000000 		.4byte	.LASF49
 1260 04fc A5000000 		.4byte	.LASF49
 1261 0500 09       		.byte	0x9
 1262 0501 33       		.byte	0x33
 1263 0502 00       		.byte	0
 1264              		.section	.debug_abbrev,"",%progbits
 1265              	.Ldebug_abbrev0:
 1266 0000 01       		.uleb128 0x1
 1267 0001 11       		.uleb128 0x11
 1268 0002 01       		.byte	0x1
 1269 0003 25       		.uleb128 0x25
 1270 0004 0E       		.uleb128 0xe
 1271 0005 13       		.uleb128 0x13
 1272 0006 0B       		.uleb128 0xb
 1273 0007 03       		.uleb128 0x3
ARM GAS  C:\Users\ribot\AppData\Local\Temp\ccv6juoi.s 			page 28


 1274 0008 0E       		.uleb128 0xe
 1275 0009 1B       		.uleb128 0x1b
 1276 000a 0E       		.uleb128 0xe
 1277 000b 55       		.uleb128 0x55
 1278 000c 17       		.uleb128 0x17
 1279 000d 11       		.uleb128 0x11
 1280 000e 01       		.uleb128 0x1
 1281 000f 10       		.uleb128 0x10
 1282 0010 17       		.uleb128 0x17
 1283 0011 00       		.byte	0
 1284 0012 00       		.byte	0
 1285 0013 02       		.uleb128 0x2
 1286 0014 24       		.uleb128 0x24
 1287 0015 00       		.byte	0
 1288 0016 0B       		.uleb128 0xb
 1289 0017 0B       		.uleb128 0xb
 1290 0018 3E       		.uleb128 0x3e
 1291 0019 0B       		.uleb128 0xb
 1292 001a 03       		.uleb128 0x3
 1293 001b 0E       		.uleb128 0xe
 1294 001c 00       		.byte	0
 1295 001d 00       		.byte	0
 1296 001e 03       		.uleb128 0x3
 1297 001f 24       		.uleb128 0x24
 1298 0020 00       		.byte	0
 1299 0021 0B       		.uleb128 0xb
 1300 0022 0B       		.uleb128 0xb
 1301 0023 3E       		.uleb128 0x3e
 1302 0024 0B       		.uleb128 0xb
 1303 0025 03       		.uleb128 0x3
 1304 0026 08       		.uleb128 0x8
 1305 0027 00       		.byte	0
 1306 0028 00       		.byte	0
 1307 0029 04       		.uleb128 0x4
 1308 002a 16       		.uleb128 0x16
 1309 002b 00       		.byte	0
 1310 002c 03       		.uleb128 0x3
 1311 002d 0E       		.uleb128 0xe
 1312 002e 3A       		.uleb128 0x3a
 1313 002f 0B       		.uleb128 0xb
 1314 0030 3B       		.uleb128 0x3b
 1315 0031 05       		.uleb128 0x5
 1316 0032 49       		.uleb128 0x49
 1317 0033 13       		.uleb128 0x13
 1318 0034 00       		.byte	0
 1319 0035 00       		.byte	0
 1320 0036 05       		.uleb128 0x5
 1321 0037 13       		.uleb128 0x13
 1322 0038 01       		.byte	0x1
 1323 0039 0B       		.uleb128 0xb
 1324 003a 0B       		.uleb128 0xb
 1325 003b 3A       		.uleb128 0x3a
 1326 003c 0B       		.uleb128 0xb
 1327 003d 3B       		.uleb128 0x3b
 1328 003e 0B       		.uleb128 0xb
 1329 003f 01       		.uleb128 0x1
 1330 0040 13       		.uleb128 0x13
ARM GAS  C:\Users\ribot\AppData\Local\Temp\ccv6juoi.s 			page 29


 1331 0041 00       		.byte	0
 1332 0042 00       		.byte	0
 1333 0043 06       		.uleb128 0x6
 1334 0044 0D       		.uleb128 0xd
 1335 0045 00       		.byte	0
 1336 0046 03       		.uleb128 0x3
 1337 0047 0E       		.uleb128 0xe
 1338 0048 3A       		.uleb128 0x3a
 1339 0049 0B       		.uleb128 0xb
 1340 004a 3B       		.uleb128 0x3b
 1341 004b 0B       		.uleb128 0xb
 1342 004c 49       		.uleb128 0x49
 1343 004d 13       		.uleb128 0x13
 1344 004e 38       		.uleb128 0x38
 1345 004f 0B       		.uleb128 0xb
 1346 0050 00       		.byte	0
 1347 0051 00       		.byte	0
 1348 0052 07       		.uleb128 0x7
 1349 0053 15       		.uleb128 0x15
 1350 0054 01       		.byte	0x1
 1351 0055 27       		.uleb128 0x27
 1352 0056 19       		.uleb128 0x19
 1353 0057 01       		.uleb128 0x1
 1354 0058 13       		.uleb128 0x13
 1355 0059 00       		.byte	0
 1356 005a 00       		.byte	0
 1357 005b 08       		.uleb128 0x8
 1358 005c 05       		.uleb128 0x5
 1359 005d 00       		.byte	0
 1360 005e 49       		.uleb128 0x49
 1361 005f 13       		.uleb128 0x13
 1362 0060 00       		.byte	0
 1363 0061 00       		.byte	0
 1364 0062 09       		.uleb128 0x9
 1365 0063 0F       		.uleb128 0xf
 1366 0064 00       		.byte	0
 1367 0065 0B       		.uleb128 0xb
 1368 0066 0B       		.uleb128 0xb
 1369 0067 49       		.uleb128 0x49
 1370 0068 13       		.uleb128 0x13
 1371 0069 00       		.byte	0
 1372 006a 00       		.byte	0
 1373 006b 0A       		.uleb128 0xa
 1374 006c 16       		.uleb128 0x16
 1375 006d 00       		.byte	0
 1376 006e 03       		.uleb128 0x3
 1377 006f 0E       		.uleb128 0xe
 1378 0070 3A       		.uleb128 0x3a
 1379 0071 0B       		.uleb128 0xb
 1380 0072 3B       		.uleb128 0x3b
 1381 0073 0B       		.uleb128 0xb
 1382 0074 49       		.uleb128 0x49
 1383 0075 13       		.uleb128 0x13
 1384 0076 00       		.byte	0
 1385 0077 00       		.byte	0
 1386 0078 0B       		.uleb128 0xb
 1387 0079 2E       		.uleb128 0x2e
ARM GAS  C:\Users\ribot\AppData\Local\Temp\ccv6juoi.s 			page 30


 1388 007a 01       		.byte	0x1
 1389 007b 3F       		.uleb128 0x3f
 1390 007c 19       		.uleb128 0x19
 1391 007d 03       		.uleb128 0x3
 1392 007e 0E       		.uleb128 0xe
 1393 007f 3A       		.uleb128 0x3a
 1394 0080 0B       		.uleb128 0xb
 1395 0081 3B       		.uleb128 0x3b
 1396 0082 0B       		.uleb128 0xb
 1397 0083 27       		.uleb128 0x27
 1398 0084 19       		.uleb128 0x19
 1399 0085 11       		.uleb128 0x11
 1400 0086 01       		.uleb128 0x1
 1401 0087 12       		.uleb128 0x12
 1402 0088 06       		.uleb128 0x6
 1403 0089 40       		.uleb128 0x40
 1404 008a 18       		.uleb128 0x18
 1405 008b 9742     		.uleb128 0x2117
 1406 008d 19       		.uleb128 0x19
 1407 008e 01       		.uleb128 0x1
 1408 008f 13       		.uleb128 0x13
 1409 0090 00       		.byte	0
 1410 0091 00       		.byte	0
 1411 0092 0C       		.uleb128 0xc
 1412 0093 898201   		.uleb128 0x4109
 1413 0096 01       		.byte	0x1
 1414 0097 11       		.uleb128 0x11
 1415 0098 01       		.uleb128 0x1
 1416 0099 31       		.uleb128 0x31
 1417 009a 13       		.uleb128 0x13
 1418 009b 01       		.uleb128 0x1
 1419 009c 13       		.uleb128 0x13
 1420 009d 00       		.byte	0
 1421 009e 00       		.byte	0
 1422 009f 0D       		.uleb128 0xd
 1423 00a0 8A8201   		.uleb128 0x410a
 1424 00a3 00       		.byte	0
 1425 00a4 02       		.uleb128 0x2
 1426 00a5 18       		.uleb128 0x18
 1427 00a6 9142     		.uleb128 0x2111
 1428 00a8 18       		.uleb128 0x18
 1429 00a9 00       		.byte	0
 1430 00aa 00       		.byte	0
 1431 00ab 0E       		.uleb128 0xe
 1432 00ac 898201   		.uleb128 0x4109
 1433 00af 01       		.byte	0x1
 1434 00b0 11       		.uleb128 0x11
 1435 00b1 01       		.uleb128 0x1
 1436 00b2 31       		.uleb128 0x31
 1437 00b3 13       		.uleb128 0x13
 1438 00b4 00       		.byte	0
 1439 00b5 00       		.byte	0
 1440 00b6 0F       		.uleb128 0xf
 1441 00b7 05       		.uleb128 0x5
 1442 00b8 00       		.byte	0
 1443 00b9 03       		.uleb128 0x3
 1444 00ba 0E       		.uleb128 0xe
ARM GAS  C:\Users\ribot\AppData\Local\Temp\ccv6juoi.s 			page 31


 1445 00bb 3A       		.uleb128 0x3a
 1446 00bc 0B       		.uleb128 0xb
 1447 00bd 3B       		.uleb128 0x3b
 1448 00be 0B       		.uleb128 0xb
 1449 00bf 49       		.uleb128 0x49
 1450 00c0 13       		.uleb128 0x13
 1451 00c1 02       		.uleb128 0x2
 1452 00c2 17       		.uleb128 0x17
 1453 00c3 00       		.byte	0
 1454 00c4 00       		.byte	0
 1455 00c5 10       		.uleb128 0x10
 1456 00c6 898201   		.uleb128 0x4109
 1457 00c9 01       		.byte	0x1
 1458 00ca 11       		.uleb128 0x11
 1459 00cb 01       		.uleb128 0x1
 1460 00cc 01       		.uleb128 0x1
 1461 00cd 13       		.uleb128 0x13
 1462 00ce 00       		.byte	0
 1463 00cf 00       		.byte	0
 1464 00d0 11       		.uleb128 0x11
 1465 00d1 898201   		.uleb128 0x4109
 1466 00d4 01       		.byte	0x1
 1467 00d5 11       		.uleb128 0x11
 1468 00d6 01       		.uleb128 0x1
 1469 00d7 00       		.byte	0
 1470 00d8 00       		.byte	0
 1471 00d9 12       		.uleb128 0x12
 1472 00da 34       		.uleb128 0x34
 1473 00db 00       		.byte	0
 1474 00dc 03       		.uleb128 0x3
 1475 00dd 0E       		.uleb128 0xe
 1476 00de 3A       		.uleb128 0x3a
 1477 00df 0B       		.uleb128 0xb
 1478 00e0 3B       		.uleb128 0x3b
 1479 00e1 0B       		.uleb128 0xb
 1480 00e2 49       		.uleb128 0x49
 1481 00e3 13       		.uleb128 0x13
 1482 00e4 02       		.uleb128 0x2
 1483 00e5 17       		.uleb128 0x17
 1484 00e6 00       		.byte	0
 1485 00e7 00       		.byte	0
 1486 00e8 13       		.uleb128 0x13
 1487 00e9 05       		.uleb128 0x5
 1488 00ea 00       		.byte	0
 1489 00eb 03       		.uleb128 0x3
 1490 00ec 08       		.uleb128 0x8
 1491 00ed 3A       		.uleb128 0x3a
 1492 00ee 0B       		.uleb128 0xb
 1493 00ef 3B       		.uleb128 0x3b
 1494 00f0 0B       		.uleb128 0xb
 1495 00f1 49       		.uleb128 0x49
 1496 00f2 13       		.uleb128 0x13
 1497 00f3 02       		.uleb128 0x2
 1498 00f4 17       		.uleb128 0x17
 1499 00f5 00       		.byte	0
 1500 00f6 00       		.byte	0
 1501 00f7 14       		.uleb128 0x14
ARM GAS  C:\Users\ribot\AppData\Local\Temp\ccv6juoi.s 			page 32


 1502 00f8 898201   		.uleb128 0x4109
 1503 00fb 00       		.byte	0
 1504 00fc 11       		.uleb128 0x11
 1505 00fd 01       		.uleb128 0x1
 1506 00fe 31       		.uleb128 0x31
 1507 00ff 13       		.uleb128 0x13
 1508 0100 00       		.byte	0
 1509 0101 00       		.byte	0
 1510 0102 15       		.uleb128 0x15
 1511 0103 2E       		.uleb128 0x2e
 1512 0104 01       		.byte	0x1
 1513 0105 3F       		.uleb128 0x3f
 1514 0106 19       		.uleb128 0x19
 1515 0107 03       		.uleb128 0x3
 1516 0108 0E       		.uleb128 0xe
 1517 0109 3A       		.uleb128 0x3a
 1518 010a 0B       		.uleb128 0xb
 1519 010b 3B       		.uleb128 0x3b
 1520 010c 0B       		.uleb128 0xb
 1521 010d 27       		.uleb128 0x27
 1522 010e 19       		.uleb128 0x19
 1523 010f 49       		.uleb128 0x49
 1524 0110 13       		.uleb128 0x13
 1525 0111 8701     		.uleb128 0x87
 1526 0113 19       		.uleb128 0x19
 1527 0114 11       		.uleb128 0x11
 1528 0115 01       		.uleb128 0x1
 1529 0116 12       		.uleb128 0x12
 1530 0117 06       		.uleb128 0x6
 1531 0118 40       		.uleb128 0x40
 1532 0119 18       		.uleb128 0x18
 1533 011a 9742     		.uleb128 0x2117
 1534 011c 19       		.uleb128 0x19
 1535 011d 01       		.uleb128 0x1
 1536 011e 13       		.uleb128 0x13
 1537 011f 00       		.byte	0
 1538 0120 00       		.byte	0
 1539 0121 16       		.uleb128 0x16
 1540 0122 01       		.uleb128 0x1
 1541 0123 01       		.byte	0x1
 1542 0124 49       		.uleb128 0x49
 1543 0125 13       		.uleb128 0x13
 1544 0126 01       		.uleb128 0x1
 1545 0127 13       		.uleb128 0x13
 1546 0128 00       		.byte	0
 1547 0129 00       		.byte	0
 1548 012a 17       		.uleb128 0x17
 1549 012b 21       		.uleb128 0x21
 1550 012c 00       		.byte	0
 1551 012d 49       		.uleb128 0x49
 1552 012e 13       		.uleb128 0x13
 1553 012f 2F       		.uleb128 0x2f
 1554 0130 0B       		.uleb128 0xb
 1555 0131 00       		.byte	0
 1556 0132 00       		.byte	0
 1557 0133 18       		.uleb128 0x18
 1558 0134 34       		.uleb128 0x34
ARM GAS  C:\Users\ribot\AppData\Local\Temp\ccv6juoi.s 			page 33


 1559 0135 00       		.byte	0
 1560 0136 03       		.uleb128 0x3
 1561 0137 0E       		.uleb128 0xe
 1562 0138 3A       		.uleb128 0x3a
 1563 0139 0B       		.uleb128 0xb
 1564 013a 3B       		.uleb128 0x3b
 1565 013b 0B       		.uleb128 0xb
 1566 013c 49       		.uleb128 0x49
 1567 013d 13       		.uleb128 0x13
 1568 013e 3F       		.uleb128 0x3f
 1569 013f 19       		.uleb128 0x19
 1570 0140 02       		.uleb128 0x2
 1571 0141 18       		.uleb128 0x18
 1572 0142 00       		.byte	0
 1573 0143 00       		.byte	0
 1574 0144 19       		.uleb128 0x19
 1575 0145 2E       		.uleb128 0x2e
 1576 0146 00       		.byte	0
 1577 0147 3F       		.uleb128 0x3f
 1578 0148 19       		.uleb128 0x19
 1579 0149 3C       		.uleb128 0x3c
 1580 014a 19       		.uleb128 0x19
 1581 014b 6E       		.uleb128 0x6e
 1582 014c 0E       		.uleb128 0xe
 1583 014d 03       		.uleb128 0x3
 1584 014e 0E       		.uleb128 0xe
 1585 014f 3A       		.uleb128 0x3a
 1586 0150 0B       		.uleb128 0xb
 1587 0151 3B       		.uleb128 0x3b
 1588 0152 05       		.uleb128 0x5
 1589 0153 00       		.byte	0
 1590 0154 00       		.byte	0
 1591 0155 1A       		.uleb128 0x1a
 1592 0156 2E       		.uleb128 0x2e
 1593 0157 00       		.byte	0
 1594 0158 3F       		.uleb128 0x3f
 1595 0159 19       		.uleb128 0x19
 1596 015a 3C       		.uleb128 0x3c
 1597 015b 19       		.uleb128 0x19
 1598 015c 6E       		.uleb128 0x6e
 1599 015d 0E       		.uleb128 0xe
 1600 015e 03       		.uleb128 0x3
 1601 015f 0E       		.uleb128 0xe
 1602 0160 3A       		.uleb128 0x3a
 1603 0161 0B       		.uleb128 0xb
 1604 0162 3B       		.uleb128 0x3b
 1605 0163 0B       		.uleb128 0xb
 1606 0164 00       		.byte	0
 1607 0165 00       		.byte	0
 1608 0166 00       		.byte	0
 1609              		.section	.debug_loc,"",%progbits
 1610              	.Ldebug_loc0:
 1611              	.LLST0:
 1612 0000 00000000 		.4byte	.LVL11
 1613 0004 22000000 		.4byte	.LVL12
 1614 0008 0100     		.2byte	0x1
 1615 000a 50       		.byte	0x50
ARM GAS  C:\Users\ribot\AppData\Local\Temp\ccv6juoi.s 			page 34


 1616 000b 22000000 		.4byte	.LVL12
 1617 000f 26000000 		.4byte	.LVL14
 1618 0013 0400     		.2byte	0x4
 1619 0015 F3       		.byte	0xf3
 1620 0016 01       		.uleb128 0x1
 1621 0017 50       		.byte	0x50
 1622 0018 9F       		.byte	0x9f
 1623 0019 26000000 		.4byte	.LVL14
 1624 001d 48000000 		.4byte	.LVL15
 1625 0021 0100     		.2byte	0x1
 1626 0023 50       		.byte	0x50
 1627 0024 48000000 		.4byte	.LVL15
 1628 0028 4C000000 		.4byte	.LVL17
 1629 002c 0400     		.2byte	0x4
 1630 002e F3       		.byte	0xf3
 1631 002f 01       		.uleb128 0x1
 1632 0030 50       		.byte	0x50
 1633 0031 9F       		.byte	0x9f
 1634 0032 4C000000 		.4byte	.LVL17
 1635 0036 6E000000 		.4byte	.LVL18
 1636 003a 0100     		.2byte	0x1
 1637 003c 50       		.byte	0x50
 1638 003d 6E000000 		.4byte	.LVL18
 1639 0041 72000000 		.4byte	.LVL20
 1640 0045 0400     		.2byte	0x4
 1641 0047 F3       		.byte	0xf3
 1642 0048 01       		.uleb128 0x1
 1643 0049 50       		.byte	0x50
 1644 004a 9F       		.byte	0x9f
 1645 004b 72000000 		.4byte	.LVL20
 1646 004f 9C000000 		.4byte	.LVL21
 1647 0053 0100     		.2byte	0x1
 1648 0055 50       		.byte	0x50
 1649 0056 9C000000 		.4byte	.LVL21
 1650 005a A4000000 		.4byte	.LFE33
 1651 005e 0400     		.2byte	0x4
 1652 0060 F3       		.byte	0xf3
 1653 0061 01       		.uleb128 0x1
 1654 0062 50       		.byte	0x50
 1655 0063 9F       		.byte	0x9f
 1656 0064 00000000 		.4byte	0
 1657 0068 00000000 		.4byte	0
 1658              	.LLST1:
 1659 006c 02000000 		.4byte	.LVL22
 1660 0070 06000000 		.4byte	.LVL23
 1661 0074 0200     		.2byte	0x2
 1662 0076 30       		.byte	0x30
 1663 0077 9F       		.byte	0x9f
 1664 0078 06000000 		.4byte	.LVL23
 1665 007c 0E000000 		.4byte	.LVL25
 1666 0080 0100     		.2byte	0x1
 1667 0082 54       		.byte	0x54
 1668 0083 10000000 		.4byte	.LVL26
 1669 0087 14000000 		.4byte	.LVL27
 1670 008b 0100     		.2byte	0x1
 1671 008d 54       		.byte	0x54
 1672 008e 00000000 		.4byte	0
ARM GAS  C:\Users\ribot\AppData\Local\Temp\ccv6juoi.s 			page 35


 1673 0092 00000000 		.4byte	0
 1674              	.LLST2:
 1675 0096 00000000 		.4byte	.LVL28
 1676 009a 18000000 		.4byte	.LVL30
 1677 009e 0100     		.2byte	0x1
 1678 00a0 50       		.byte	0x50
 1679 00a1 18000000 		.4byte	.LVL30
 1680 00a5 4C000000 		.4byte	.LFE35
 1681 00a9 0400     		.2byte	0x4
 1682 00ab F3       		.byte	0xf3
 1683 00ac 01       		.uleb128 0x1
 1684 00ad 50       		.byte	0x50
 1685 00ae 9F       		.byte	0x9f
 1686 00af 00000000 		.4byte	0
 1687 00b3 00000000 		.4byte	0
 1688              	.LLST3:
 1689 00b7 00000000 		.4byte	.LVL28
 1690 00bb 18000000 		.4byte	.LVL30
 1691 00bf 0100     		.2byte	0x1
 1692 00c1 51       		.byte	0x51
 1693 00c2 18000000 		.4byte	.LVL30
 1694 00c6 4C000000 		.4byte	.LFE35
 1695 00ca 0400     		.2byte	0x4
 1696 00cc F3       		.byte	0xf3
 1697 00cd 01       		.uleb128 0x1
 1698 00ce 51       		.byte	0x51
 1699 00cf 9F       		.byte	0x9f
 1700 00d0 00000000 		.4byte	0
 1701 00d4 00000000 		.4byte	0
 1702              	.LLST4:
 1703 00d8 00000000 		.4byte	.LVL28
 1704 00dc 18000000 		.4byte	.LVL30
 1705 00e0 0100     		.2byte	0x1
 1706 00e2 52       		.byte	0x52
 1707 00e3 18000000 		.4byte	.LVL30
 1708 00e7 4C000000 		.4byte	.LFE35
 1709 00eb 0400     		.2byte	0x4
 1710 00ed F3       		.byte	0xf3
 1711 00ee 01       		.uleb128 0x1
 1712 00ef 52       		.byte	0x52
 1713 00f0 9F       		.byte	0x9f
 1714 00f1 00000000 		.4byte	0
 1715 00f5 00000000 		.4byte	0
 1716              	.LLST5:
 1717 00f9 00000000 		.4byte	.LVL28
 1718 00fd 18000000 		.4byte	.LVL30
 1719 0101 0100     		.2byte	0x1
 1720 0103 53       		.byte	0x53
 1721 0104 18000000 		.4byte	.LVL30
 1722 0108 4C000000 		.4byte	.LFE35
 1723 010c 0400     		.2byte	0x4
 1724 010e F3       		.byte	0xf3
 1725 010f 01       		.uleb128 0x1
 1726 0110 53       		.byte	0x53
 1727 0111 9F       		.byte	0x9f
 1728 0112 00000000 		.4byte	0
 1729 0116 00000000 		.4byte	0
ARM GAS  C:\Users\ribot\AppData\Local\Temp\ccv6juoi.s 			page 36


 1730              	.LLST6:
 1731 011a 14000000 		.4byte	.LVL29
 1732 011e 18000000 		.4byte	.LVL30
 1733 0122 0200     		.2byte	0x2
 1734 0124 30       		.byte	0x30
 1735 0125 9F       		.byte	0x9f
 1736 0126 18000000 		.4byte	.LVL30
 1737 012a 3E000000 		.4byte	.LVL32
 1738 012e 0100     		.2byte	0x1
 1739 0130 54       		.byte	0x54
 1740 0131 40000000 		.4byte	.LVL33
 1741 0135 46000000 		.4byte	.LVL34
 1742 0139 0100     		.2byte	0x1
 1743 013b 54       		.byte	0x54
 1744 013c 00000000 		.4byte	0
 1745 0140 00000000 		.4byte	0
 1746              	.LLST7:
 1747 0144 1C000000 		.4byte	.LVL38
 1748 0148 25000000 		.4byte	.LVL39-1
 1749 014c 0100     		.2byte	0x1
 1750 014e 50       		.byte	0x50
 1751 014f 28000000 		.4byte	.LVL40
 1752 0153 33000000 		.4byte	.LVL41-1
 1753 0157 0100     		.2byte	0x1
 1754 0159 50       		.byte	0x50
 1755 015a 36000000 		.4byte	.LVL42
 1756 015e 41000000 		.4byte	.LVL43-1
 1757 0162 0100     		.2byte	0x1
 1758 0164 50       		.byte	0x50
 1759 0165 44000000 		.4byte	.LVL44
 1760 0169 57000000 		.4byte	.LVL45-1
 1761 016d 0100     		.2byte	0x1
 1762 016f 50       		.byte	0x50
 1763 0170 5A000000 		.4byte	.LVL46
 1764 0174 5D000000 		.4byte	.LVL47-1
 1765 0178 0100     		.2byte	0x1
 1766 017a 50       		.byte	0x50
 1767 017b 00000000 		.4byte	0
 1768 017f 00000000 		.4byte	0
 1769              	.LLST8:
 1770 0183 0A000000 		.4byte	.LVL35
 1771 0187 25000000 		.4byte	.LVL39-1
 1772 018b 0100     		.2byte	0x1
 1773 018d 51       		.byte	0x51
 1774 018e 28000000 		.4byte	.LVL40
 1775 0192 33000000 		.4byte	.LVL41-1
 1776 0196 0100     		.2byte	0x1
 1777 0198 51       		.byte	0x51
 1778 0199 36000000 		.4byte	.LVL42
 1779 019d 41000000 		.4byte	.LVL43-1
 1780 01a1 0100     		.2byte	0x1
 1781 01a3 51       		.byte	0x51
 1782 01a4 44000000 		.4byte	.LVL44
 1783 01a8 57000000 		.4byte	.LVL45-1
 1784 01ac 0100     		.2byte	0x1
 1785 01ae 51       		.byte	0x51
 1786 01af 5A000000 		.4byte	.LVL46
ARM GAS  C:\Users\ribot\AppData\Local\Temp\ccv6juoi.s 			page 37


 1787 01b3 5D000000 		.4byte	.LVL47-1
 1788 01b7 0100     		.2byte	0x1
 1789 01b9 51       		.byte	0x51
 1790 01ba 00000000 		.4byte	0
 1791 01be 00000000 		.4byte	0
 1792              	.LLST9:
 1793 01c2 10000000 		.4byte	.LVL36
 1794 01c6 25000000 		.4byte	.LVL39-1
 1795 01ca 0100     		.2byte	0x1
 1796 01cc 52       		.byte	0x52
 1797 01cd 28000000 		.4byte	.LVL40
 1798 01d1 33000000 		.4byte	.LVL41-1
 1799 01d5 0100     		.2byte	0x1
 1800 01d7 52       		.byte	0x52
 1801 01d8 36000000 		.4byte	.LVL42
 1802 01dc 41000000 		.4byte	.LVL43-1
 1803 01e0 0100     		.2byte	0x1
 1804 01e2 52       		.byte	0x52
 1805 01e3 44000000 		.4byte	.LVL44
 1806 01e7 57000000 		.4byte	.LVL45-1
 1807 01eb 0100     		.2byte	0x1
 1808 01ed 52       		.byte	0x52
 1809 01ee 5A000000 		.4byte	.LVL46
 1810 01f2 5D000000 		.4byte	.LVL47-1
 1811 01f6 0100     		.2byte	0x1
 1812 01f8 52       		.byte	0x52
 1813 01f9 00000000 		.4byte	0
 1814 01fd 00000000 		.4byte	0
 1815              	.LLST10:
 1816 0201 16000000 		.4byte	.LVL37
 1817 0205 25000000 		.4byte	.LVL39-1
 1818 0209 0100     		.2byte	0x1
 1819 020b 53       		.byte	0x53
 1820 020c 28000000 		.4byte	.LVL40
 1821 0210 33000000 		.4byte	.LVL41-1
 1822 0214 0100     		.2byte	0x1
 1823 0216 53       		.byte	0x53
 1824 0217 36000000 		.4byte	.LVL42
 1825 021b 41000000 		.4byte	.LVL43-1
 1826 021f 0100     		.2byte	0x1
 1827 0221 53       		.byte	0x53
 1828 0222 44000000 		.4byte	.LVL44
 1829 0226 57000000 		.4byte	.LVL45-1
 1830 022a 0100     		.2byte	0x1
 1831 022c 53       		.byte	0x53
 1832 022d 5A000000 		.4byte	.LVL46
 1833 0231 5D000000 		.4byte	.LVL47-1
 1834 0235 0100     		.2byte	0x1
 1835 0237 53       		.byte	0x53
 1836 0238 00000000 		.4byte	0
 1837 023c 00000000 		.4byte	0
 1838              	.LLST11:
 1839 0240 02000000 		.4byte	.LVL48
 1840 0244 08000000 		.4byte	.LVL50
 1841 0248 0200     		.2byte	0x2
 1842 024a 30       		.byte	0x30
 1843 024b 9F       		.byte	0x9f
ARM GAS  C:\Users\ribot\AppData\Local\Temp\ccv6juoi.s 			page 38


 1844 024c 08000000 		.4byte	.LVL50
 1845 0250 3A000000 		.4byte	.LVL53
 1846 0254 0100     		.2byte	0x1
 1847 0256 54       		.byte	0x54
 1848 0257 00000000 		.4byte	0
 1849 025b 00000000 		.4byte	0
 1850              		.section	.debug_aranges,"",%progbits
 1851 0000 54000000 		.4byte	0x54
 1852 0004 0200     		.2byte	0x2
 1853 0006 00000000 		.4byte	.Ldebug_info0
 1854 000a 04       		.byte	0x4
 1855 000b 00       		.byte	0
 1856 000c 0000     		.2byte	0
 1857 000e 0000     		.2byte	0
 1858 0010 00000000 		.4byte	.LFB32
 1859 0014 46000000 		.4byte	.LFE32-.LFB32
 1860 0018 00000000 		.4byte	.LFB33
 1861 001c A4000000 		.4byte	.LFE33-.LFB33
 1862 0020 00000000 		.4byte	.LFB34
 1863 0024 16000000 		.4byte	.LFE34-.LFB34
 1864 0028 00000000 		.4byte	.LFB35
 1865 002c 4C000000 		.4byte	.LFE35-.LFB35
 1866 0030 00000000 		.4byte	.LFB36
 1867 0034 64000000 		.4byte	.LFE36-.LFB36
 1868 0038 00000000 		.4byte	.LFB37
 1869 003c 44000000 		.4byte	.LFE37-.LFB37
 1870 0040 00000000 		.4byte	.LFB38
 1871 0044 38000000 		.4byte	.LFE38-.LFB38
 1872 0048 00000000 		.4byte	.LFB39
 1873 004c 20000000 		.4byte	.LFE39-.LFB39
 1874 0050 00000000 		.4byte	0
 1875 0054 00000000 		.4byte	0
 1876              		.section	.debug_ranges,"",%progbits
 1877              	.Ldebug_ranges0:
 1878 0000 00000000 		.4byte	.LFB32
 1879 0004 46000000 		.4byte	.LFE32
 1880 0008 00000000 		.4byte	.LFB33
 1881 000c A4000000 		.4byte	.LFE33
 1882 0010 00000000 		.4byte	.LFB34
 1883 0014 16000000 		.4byte	.LFE34
 1884 0018 00000000 		.4byte	.LFB35
 1885 001c 4C000000 		.4byte	.LFE35
 1886 0020 00000000 		.4byte	.LFB36
 1887 0024 64000000 		.4byte	.LFE36
 1888 0028 00000000 		.4byte	.LFB37
 1889 002c 44000000 		.4byte	.LFE37
 1890 0030 00000000 		.4byte	.LFB38
 1891 0034 38000000 		.4byte	.LFE38
 1892 0038 00000000 		.4byte	.LFB39
 1893 003c 20000000 		.4byte	.LFE39
 1894 0040 00000000 		.4byte	0
 1895 0044 00000000 		.4byte	0
 1896              		.section	.debug_line,"",%progbits
 1897              	.Ldebug_line0:
 1898 0000 C0010000 		.section	.debug_str,"MS",%progbits,1
 1898      0200AD00 
 1898      00000201 
ARM GAS  C:\Users\ribot\AppData\Local\Temp\ccv6juoi.s 			page 39


 1898      FB0E0D00 
 1898      01010101 
 1899              	.LASF44:
 1900 0000 55415254 		.ascii	"UART_1_Start\000"
 1900      5F315F53 
 1900      74617274 
 1900      00
 1901              	.LASF46:
 1902 000d 54696D65 		.ascii	"Timer_1_Start\000"
 1902      725F315F 
 1902      53746172 
 1902      7400
 1903              	.LASF43:
 1904 001b 55415254 		.ascii	"UART_1_UartGetChar\000"
 1904      5F315F55 
 1904      61727447 
 1904      65744368 
 1904      617200
 1905              	.LASF26:
 1906 002e 54696D65 		.ascii	"TimeSlotInterrupt\000"
 1906      536C6F74 
 1906      496E7465 
 1906      72727570 
 1906      7400
 1907              	.LASF25:
 1908 0040 4368616E 		.ascii	"ChannelController\000"
 1908      6E656C43 
 1908      6F6E7472 
 1908      6F6C6C65 
 1908      7200
 1909              	.LASF23:
 1910 0052 4368616E 		.ascii	"ChannelDescriptorType\000"
 1910      6E656C44 
 1910      65736372 
 1910      6970746F 
 1910      72547970 
 1911              	.LASF30:
 1912 0068 43757272 		.ascii	"CurrentChannelNumber\000"
 1912      656E7443 
 1912      68616E6E 
 1912      656C4E75 
 1912      6D626572 
 1913              	.LASF31:
 1914 007d 4368616E 		.ascii	"ChannelIdx\000"
 1914      6E656C49 
 1914      647800
 1915              	.LASF22:
 1916 0088 50696E43 		.ascii	"PinControlFunction\000"
 1916      6F6E7472 
 1916      6F6C4675 
 1916      6E637469 
 1916      6F6E00
 1917              	.LASF18:
 1918 009b 43757272 		.ascii	"Current_L\000"
 1918      656E745F 
 1918      4C00
 1919              	.LASF49:
ARM GAS  C:\Users\ribot\AppData\Local\Temp\ccv6juoi.s 			page 40


 1920 00a5 47726565 		.ascii	"Green_Output_Write\000"
 1920      6E5F4F75 
 1920      74707574 
 1920      5F577269 
 1920      746500
 1921              	.LASF11:
 1922 00b8 666C6F61 		.ascii	"float\000"
 1922      7400
 1923              	.LASF0:
 1924 00be 7369676E 		.ascii	"signed char\000"
 1924      65642063 
 1924      68617200 
 1925              	.LASF33:
 1926 00ca 56616C75 		.ascii	"ValueD\000"
 1926      654400
 1927              	.LASF1:
 1928 00d1 756E7369 		.ascii	"unsigned char\000"
 1928      676E6564 
 1928      20636861 
 1928      7200
 1929              	.LASF34:
 1930 00df 56616C75 		.ascii	"ValueH\000"
 1930      654800
 1931              	.LASF29:
 1932 00e6 4368616E 		.ascii	"ChannelNumber\000"
 1932      6E656C4E 
 1932      756D6265 
 1932      7200
 1933              	.LASF5:
 1934 00f4 6C6F6E67 		.ascii	"long unsigned int\000"
 1934      20756E73 
 1934      69676E65 
 1934      6420696E 
 1934      7400
 1935              	.LASF35:
 1936 0106 56616C75 		.ascii	"ValueL\000"
 1936      654C00
 1937              	.LASF3:
 1938 010d 73686F72 		.ascii	"short unsigned int\000"
 1938      7420756E 
 1938      7369676E 
 1938      65642069 
 1938      6E7400
 1939              	.LASF38:
 1940 0120 496E6974 		.ascii	"Init\000"
 1940      00
 1941              	.LASF48:
 1942 0125 426C7565 		.ascii	"Blue_Output_Write\000"
 1942      5F4F7574 
 1942      7075745F 
 1942      57726974 
 1942      6500
 1943              	.LASF37:
 1944 0137 43757272 		.ascii	"CurrentCharacter\000"
 1944      656E7443 
 1944      68617261 
 1944      63746572 
ARM GAS  C:\Users\ribot\AppData\Local\Temp\ccv6juoi.s 			page 41


 1944      00
 1945              	.LASF24:
 1946 0148 4572726F 		.ascii	"Error_Return\000"
 1946      725F5265 
 1946      7475726E 
 1946      00
 1947              	.LASF12:
 1948 0155 646F7562 		.ascii	"double\000"
 1948      6C6500
 1949              	.LASF2:
 1950 015c 73686F72 		.ascii	"short int\000"
 1950      7420696E 
 1950      7400
 1951              	.LASF42:
 1952 0166 55415254 		.ascii	"UART_1_SpiUartWriteTxData\000"
 1952      5F315F53 
 1952      70695561 
 1952      72745772 
 1952      69746554 
 1953              	.LASF19:
 1954 0180 4D61785F 		.ascii	"Max_D\000"
 1954      4400
 1955              	.LASF10:
 1956 0186 75696E74 		.ascii	"uint32\000"
 1956      333200
 1957              	.LASF53:
 1958 018d 6D61696E 		.ascii	"main\000"
 1958      00
 1959              	.LASF8:
 1960 0192 756E7369 		.ascii	"unsigned int\000"
 1960      676E6564 
 1960      20696E74 
 1960      00
 1961              	.LASF21:
 1962 019f 4D61785F 		.ascii	"Max_L\000"
 1962      4C00
 1963              	.LASF7:
 1964 01a5 6C6F6E67 		.ascii	"long long unsigned int\000"
 1964      206C6F6E 
 1964      6720756E 
 1964      7369676E 
 1964      65642069 
 1965              	.LASF27:
 1966 01bc 55706461 		.ascii	"UpdateChannelDescriptor\000"
 1966      74654368 
 1966      616E6E65 
 1966      6C446573 
 1966      63726970 
 1967              	.LASF40:
 1968 01d4 55617274 		.ascii	"UartBuffer\000"
 1968      42756666 
 1968      657200
 1969              	.LASF16:
 1970 01df 43757272 		.ascii	"Current_D\000"
 1970      656E745F 
 1970      4400
 1971              	.LASF17:
ARM GAS  C:\Users\ribot\AppData\Local\Temp\ccv6juoi.s 			page 42


 1972 01e9 43757272 		.ascii	"Current_H\000"
 1972      656E745F 
 1972      4800
 1973              	.LASF50:
 1974 01f3 474E5520 		.ascii	"GNU C11 5.4.1 20160609 (release) [ARM/embedded-5-br"
 1974      43313120 
 1974      352E342E 
 1974      31203230 
 1974      31363036 
 1975 0226 616E6368 		.ascii	"anch revision 237715] -mcpu=cortex-m0 -mthumb -g -O"
 1975      20726576 
 1975      6973696F 
 1975      6E203233 
 1975      37373135 
 1976 0259 67202D66 		.ascii	"g -ffunction-sections -ffat-lto-objects\000"
 1976      66756E63 
 1976      74696F6E 
 1976      2D736563 
 1976      74696F6E 
 1977              	.LASF36:
 1978 0281 55617274 		.ascii	"UartDataReader\000"
 1978      44617461 
 1978      52656164 
 1978      657200
 1979              	.LASF15:
 1980 0290 73697A65 		.ascii	"sizetype\000"
 1980      74797065 
 1980      00
 1981              	.LASF6:
 1982 0299 6C6F6E67 		.ascii	"long long int\000"
 1982      206C6F6E 
 1982      6720696E 
 1982      7400
 1983              	.LASF51:
 1984 02a7 6D61696E 		.ascii	"main.c\000"
 1984      2E6300
 1985              	.LASF13:
 1986 02ae 63686172 		.ascii	"char\000"
 1986      00
 1987              	.LASF28:
 1988 02b3 4368616E 		.ascii	"Channel_Number\000"
 1988      6E656C5F 
 1988      4E756D62 
 1988      657200
 1989              	.LASF20:
 1990 02c2 4D61785F 		.ascii	"Max_H\000"
 1990      4800
 1991              	.LASF9:
 1992 02c8 75696E74 		.ascii	"uint8\000"
 1992      3800
 1993              	.LASF4:
 1994 02ce 6C6F6E67 		.ascii	"long int\000"
 1994      20696E74 
 1994      00
 1995              	.LASF41:
 1996 02d7 55617274 		.ascii	"UartBufferIdx\000"
 1996      42756666 
ARM GAS  C:\Users\ribot\AppData\Local\Temp\ccv6juoi.s 			page 43


 1996      65724964 
 1996      7800
 1997              	.LASF14:
 1998 02e5 6C6F6E67 		.ascii	"long double\000"
 1998      20646F75 
 1998      626C6500 
 1999              	.LASF39:
 2000 02f1 4368616E 		.ascii	"ChannelDescriptorsArray\000"
 2000      6E656C44 
 2000      65736372 
 2000      6970746F 
 2000      72734172 
 2001              	.LASF32:
 2002 0309 55617274 		.ascii	"UartBufferParser\000"
 2002      42756666 
 2002      65725061 
 2002      72736572 
 2002      00
 2003              	.LASF52:
 2004 031a 433A5C55 		.ascii	"C:\\Users\\ribot\\Documents\\PSoC Creator\\Kursovi\\"
 2004      73657273 
 2004      5C726962 
 2004      6F745C44 
 2004      6F63756D 
 2005 0348 4B757273 		.ascii	"Kursova_4(4)_Varik.cydsn\000"
 2005      6F76615F 
 2005      34283429 
 2005      5F566172 
 2005      696B2E63 
 2006              	.LASF45:
 2007 0361 6973725F 		.ascii	"isr_1_StartEx\000"
 2007      315F5374 
 2007      61727445 
 2007      7800
 2008              	.LASF47:
 2009 036f 5265645F 		.ascii	"Red_Output_Write\000"
 2009      4F757470 
 2009      75745F57 
 2009      72697465 
 2009      00
 2010              		.ident	"GCC: (GNU Tools for ARM Embedded Processors) 5.4.1 20160609 (release) [ARM/embedded-5-bran
