ARM GAS  C:\Users\ykuch\AppData\Local\Temp\ccqAcHJj.s 			page 1


   1              		.syntax unified
   2              		.cpu cortex-m0
   3              		.fpu softvfp
   4              		.eabi_attribute 20, 1
   5              		.eabi_attribute 21, 1
   6              		.eabi_attribute 23, 3
   7              		.eabi_attribute 24, 1
   8              		.eabi_attribute 25, 1
   9              		.eabi_attribute 26, 1
  10              		.eabi_attribute 30, 1
  11              		.eabi_attribute 34, 0
  12              		.eabi_attribute 18, 4
  13              		.thumb
  14              		.syntax unified
  15              		.file	"main.c"
  16              		.text
  17              	.Ltext0:
  18              		.cfi_sections	.debug_frame
  19              		.section	.text.Error_Return,"ax",%progbits
  20              		.align	2
  21              		.global	Error_Return
  22              		.code	16
  23              		.thumb_func
  24              		.type	Error_Return, %function
  25              	Error_Return:
  26              	.LFB32:
  27              		.file 1 "main.c"
   1:main.c        **** #include "project.h"
   2:main.c        **** /* –ö—ñ–ª—å–∫—ñ—Å—Ç—å –∫–∞–Ω–∞–ª—ñ–≤ */
   3:main.c        **** #define NUMBER_OF_CHANNELS (3)
   4:main.c        **** /* –ê—Ä–≥—É–º–µ–Ω—Ç Pin_Write API, —â–æ–± —É–≤—ñ–º–∫–Ω—É—Ç–∏ —Å–≤—ñ—Ç–ª–æ–¥—ñ–æ–¥ */
   5:main.c        **** #define LED_ON_VALUE (0)
   6:main.c        **** /* –ê—Ä–≥—É–º–µ–Ω—Ç API Pin_Write –¥–ª—è –≤–∏–º–∫–Ω–µ–Ω–Ω—è —Å–≤—ñ—Ç–ª–æ–¥—ñ–æ–¥–∞ */
   7:main.c        **** #define LED_OFF_VALUE (1)
   8:main.c        **** /* –†–æ–∑–º—ñ—Ä –±—É—Ñ–µ—Ä–∞ UART */
   9:main.c        **** #define UART_BUFFER_SIZE (10)
  10:main.c        **** /* –Ü–Ω–¥–µ–∫—Å–∏ –±—É—Ñ–µ—Ä–∞ UART */
  11:main.c        **** #define UART_BUFFER_A_IDX (0)
  12:main.c        **** #define UART_BUFFER_T_IDX (1)
  13:main.c        **** #define UART_BUFFER_PLUS_IDX (2) // PLUS - –°–∏–º–≤–æ–ª "+"
  14:main.c        **** #define UART_BUFFER_CHANNEL_IDX (3)
  15:main.c        **** #define UART_BUFFER_D_VALUE_IDX (5)
  16:main.c        **** #define UART_BUFFER_H_VALUE_IDX (7)
  17:main.c        **** #define UART_BUFFER_L_VALUE_IDX (9)
  18:main.c        **** /* –ó—Å—É–≤ ASCII –¥–ª—è —Ü–∏—Ñ—Ä. –ö–æ–¥ ASCII 0 —É —Ç–∞–±–ª–∏—Ü—ñ ASCII. */
  19:main.c        **** #define ASCII_OFFSET_FOR_DIGITS (48)
  20:main.c        **** /* –¢–∏–ø –¥–µ—Å–∫—Ä–∏–ø—Ç–æ—Ä–∞ –∫–∞–Ω–∞–ª—É */
  21:main.c        **** typedef struct
  22:main.c        **** {
  23:main.c        ****     uint8 Current_D; /* –õ—ñ—á–∏–ª—å–Ω–∏–∫ —Ç—Ä–∏–≤–∞–ª–æ—Å—Ç—ñ —Å—Ç–∞–Ω—É D */
  24:main.c        ****     uint8 Current_H; /* –õ—ñ—á–∏–ª—å–Ω–∏–∫ —Ç—Ä–∏–≤–∞–ª–æ—Å—Ç—ñ —Å—Ç–∞–Ω—É H */
  25:main.c        ****     uint8 Current_L; /* –õ—ñ—á–∏–ª—å–Ω–∏–∫ —Ç—Ä–∏–≤–∞–ª–æ—Å—Ç—ñ —Å—Ç–∞–Ω—É L */
  26:main.c        ****     uint8 Max_D; /* –ú–∞–∫—Å–∏–º–∞–ª—å–Ω–∞ —Ç—Ä–∏–≤–∞–ª—ñ—Å—Ç—å —Å—Ç–∞–Ω—É D */
  27:main.c        ****     uint8 Max_H; /* –ú–∞–∫—Å–∏–º–∞–ª—å–Ω–∞ —Ç—Ä–∏–≤–∞–ª—ñ—Å—Ç—å —Å—Ç–∞–Ω—É H */
  28:main.c        ****     uint8 Max_L; /* –ú–∞–∫—Å–∏–º–∞–ª—å–Ω–∞ —Ç—Ä–∏–≤–∞–ª—ñ—Å—Ç—å —Å—Ç–∞–Ω—É L */
  29:main.c        ****     void (*PinControlFunction)(uint8); /* –§—É–Ω–∫—Ü—ñ—è –∫–µ—Ä—É–≤–∞–Ω–Ω—è –≤–∫–∞–∑—ñ–≤–Ω–∏–∫–æ–º 
  30:main.c        **** } ChannelDescriptorType;
ARM GAS  C:\Users\ykuch\AppData\Local\Temp\ccqAcHJj.s 			page 2


  31:main.c        **** 
  32:main.c        **** /* –ú–∞—Å–∏–≤ –¥–µ—Å–∫—Ä–∏–ø—Ç–æ—Ä—ñ–≤ –∫–∞–Ω–∞–ª—ñ–≤ —ñ–∑ —Ä–æ–∑–º—ñ—Ä–æ–º –Ω–æ–º–µ—Ä–∞ –∫–∞–Ω–∞–ª
  33:main.c        **** ChannelDescriptorType ChannelDescriptorsArray[NUMBER_OF_CHANNELS];
  34:main.c        **** /* –ë—É—Ñ–µ—Ä –¥–ª—è –∑–±–µ—Ä—ñ–≥–∞–Ω–Ω—è –¥–∞–Ω–∏—Ö –∑ UART */
  35:main.c        **** char UartBuffer[UART_BUFFER_SIZE];
  36:main.c        **** /* –Ü–Ω–¥–µ–∫—Å –ø–æ—Ç–æ—á–Ω–æ–≥–æ –µ–ª–µ–º–µ–Ω—Ç–∞ –±—É—Ñ–µ—Ä–∞ UART */
  37:main.c        **** uint8 UartBufferIdx;
  38:main.c        **** 
  39:main.c        **** /* –§—É–Ω–∫—Ü—ñ—è —è–∫–∞ —Å–ø–æ–≤—ñ—â–∞—î —â–æ –±—É–ª–∞ –≤–≤–µ–¥–µ–Ω–∞ –Ω–µ–ø—Ä–∞–≤–∏–ª—å–Ω–∞ –∫–æ–
  40:main.c        **** void Error_Return(void)
  41:main.c        **** {
  28              		.loc 1 41 0
  29              		.cfi_startproc
  30              		@ args = 0, pretend = 0, frame = 0
  31              		@ frame_needed = 0, uses_anonymous_args = 0
  32 0000 10B5     		push	{r4, lr}
  33              		.cfi_def_cfa_offset 8
  34              		.cfi_offset 4, -8
  35              		.cfi_offset 14, -4
  42:main.c        ****     UART_1_UartPutChar('\n');
  36              		.loc 1 42 0
  37 0002 0A20     		movs	r0, #10
  38 0004 FFF7FEFF 		bl	UART_1_SpiUartWriteTxData
  39              	.LVL0:
  43:main.c        ****     UART_1_UartPutChar('\r');
  40              		.loc 1 43 0
  41 0008 0D20     		movs	r0, #13
  42 000a FFF7FEFF 		bl	UART_1_SpiUartWriteTxData
  43              	.LVL1:
  44:main.c        ****     UART_1_UartPutChar(' ');
  44              		.loc 1 44 0
  45 000e 2020     		movs	r0, #32
  46 0010 FFF7FEFF 		bl	UART_1_SpiUartWriteTxData
  47              	.LVL2:
  45:main.c        ****     UART_1_UartPutChar('E');
  48              		.loc 1 45 0
  49 0014 4520     		movs	r0, #69
  50 0016 FFF7FEFF 		bl	UART_1_SpiUartWriteTxData
  51              	.LVL3:
  46:main.c        ****     UART_1_UartPutChar('r');
  52              		.loc 1 46 0
  53 001a 7220     		movs	r0, #114
  54 001c FFF7FEFF 		bl	UART_1_SpiUartWriteTxData
  55              	.LVL4:
  47:main.c        ****     UART_1_UartPutChar('r');
  56              		.loc 1 47 0
  57 0020 7220     		movs	r0, #114
  58 0022 FFF7FEFF 		bl	UART_1_SpiUartWriteTxData
  59              	.LVL5:
  48:main.c        ****     UART_1_UartPutChar('o');
  60              		.loc 1 48 0
  61 0026 6F20     		movs	r0, #111
  62 0028 FFF7FEFF 		bl	UART_1_SpiUartWriteTxData
  63              	.LVL6:
  49:main.c        ****     UART_1_UartPutChar('r');
  64              		.loc 1 49 0
  65 002c 7220     		movs	r0, #114
ARM GAS  C:\Users\ykuch\AppData\Local\Temp\ccqAcHJj.s 			page 3


  66 002e FFF7FEFF 		bl	UART_1_SpiUartWriteTxData
  67              	.LVL7:
  50:main.c        ****     UART_1_UartPutChar(' ');
  68              		.loc 1 50 0
  69 0032 2020     		movs	r0, #32
  70 0034 FFF7FEFF 		bl	UART_1_SpiUartWriteTxData
  71              	.LVL8:
  51:main.c        ****     UART_1_UartPutChar('\n');
  72              		.loc 1 51 0
  73 0038 0A20     		movs	r0, #10
  74 003a FFF7FEFF 		bl	UART_1_SpiUartWriteTxData
  75              	.LVL9:
  52:main.c        ****     UART_1_UartPutChar('\r');
  76              		.loc 1 52 0
  77 003e 0D20     		movs	r0, #13
  78 0040 FFF7FEFF 		bl	UART_1_SpiUartWriteTxData
  79              	.LVL10:
  53:main.c        **** }
  80              		.loc 1 53 0
  81              		@ sp needed
  82 0044 10BD     		pop	{r4, pc}
  83              		.cfi_endproc
  84              	.LFE32:
  85              		.size	Error_Return, .-Error_Return
  86 0046 C046     		.section	.text.ChannelController,"ax",%progbits
  87              		.align	2
  88              		.global	ChannelController
  89              		.code	16
  90              		.thumb_func
  91              		.type	ChannelController, %function
  92              	ChannelController:
  93              	.LFB33:
  54:main.c        **** 
  55:main.c        **** /**************************************************************************
  56:main.c        **** –§—É–Ω–∫—Ü—ñ—è –∫–æ–Ω—Ç—Ä–æ–ª—é –∫–∞–Ω–∞–ª—É
  57:main.c        **** –í—ñ–Ω –∑–º–µ–Ω—à—É—î –ª—ñ—á–∏–ª—å–Ω–∏–∫–∏ D, H –∞–±–æ L —ñ –ø–µ—Ä–µ–º–∏–∫–∞—î —Å—Ç–∞–Ω –∫–æ–Ω—Ç–∞–
  58:main.c        **** **************************************************************************/
  59:main.c        **** void ChannelController(uint8 Channel_Number)
  60:main.c        **** {
  94              		.loc 1 60 0
  95              		.cfi_startproc
  96              		@ args = 0, pretend = 0, frame = 0
  97              		@ frame_needed = 0, uses_anonymous_args = 0
  98              	.LVL11:
  99 0000 70B5     		push	{r4, r5, r6, lr}
 100              		.cfi_def_cfa_offset 16
 101              		.cfi_offset 4, -16
 102              		.cfi_offset 5, -12
 103              		.cfi_offset 6, -8
 104              		.cfi_offset 14, -4
  61:main.c        ****     if(ChannelDescriptorsArray[Channel_Number].Current_D > 0)
 105              		.loc 1 61 0
 106 0002 4300     		lsls	r3, r0, #1
 107 0004 1B18     		adds	r3, r3, r0
 108 0006 9A00     		lsls	r2, r3, #2
 109 0008 254B     		ldr	r3, .L7
 110 000a D15C     		ldrb	r1, [r2, r3]
ARM GAS  C:\Users\ykuch\AppData\Local\Temp\ccqAcHJj.s 			page 4


 111 000c 0029     		cmp	r1, #0
 112 000e 0AD0     		beq	.L3
  62:main.c        ****     {
  63:main.c        ****         ChannelDescriptorsArray[Channel_Number].Current_D--;
 113              		.loc 1 63 0
 114 0010 1A00     		movs	r2, r3
 115 0012 4300     		lsls	r3, r0, #1
 116 0014 1D18     		adds	r5, r3, r0
 117 0016 AC00     		lsls	r4, r5, #2
 118 0018 0139     		subs	r1, r1, #1
 119 001a A154     		strb	r1, [r4, r2]
  64:main.c        ****         ChannelDescriptorsArray[Channel_Number].PinControlFunction(LED_OFF_VALUE);
 120              		.loc 1 64 0
 121 001c 1319     		adds	r3, r2, r4
 122 001e 9B68     		ldr	r3, [r3, #8]
 123 0020 0120     		movs	r0, #1
 124              	.LVL12:
 125 0022 9847     		blx	r3
 126              	.LVL13:
  65:main.c        ****         return;
 127              		.loc 1 65 0
 128 0024 3AE0     		b	.L2
 129              	.LVL14:
 130              	.L3:
  66:main.c        ****     }
  67:main.c        ****     
  68:main.c        ****     if(ChannelDescriptorsArray[Channel_Number].Current_H > 0)
 131              		.loc 1 68 0
 132 0026 4200     		lsls	r2, r0, #1
 133 0028 1218     		adds	r2, r2, r0
 134 002a 9300     		lsls	r3, r2, #2
 135 002c 1C4A     		ldr	r2, .L7
 136 002e D318     		adds	r3, r2, r3
 137 0030 5C78     		ldrb	r4, [r3, #1]
 138 0032 002C     		cmp	r4, #0
 139 0034 0AD0     		beq	.L5
  69:main.c        ****     {
  70:main.c        ****         ChannelDescriptorsArray[Channel_Number].Current_H--;
 140              		.loc 1 70 0
 141 0036 1100     		movs	r1, r2
 142 0038 4300     		lsls	r3, r0, #1
 143 003a 1D18     		adds	r5, r3, r0
 144 003c AA00     		lsls	r2, r5, #2
 145 003e 8A18     		adds	r2, r1, r2
 146 0040 013C     		subs	r4, r4, #1
 147 0042 5470     		strb	r4, [r2, #1]
  71:main.c        ****         ChannelDescriptorsArray[Channel_Number].PinControlFunction(LED_ON_VALUE);
 148              		.loc 1 71 0
 149 0044 9368     		ldr	r3, [r2, #8]
 150 0046 0020     		movs	r0, #0
 151              	.LVL15:
 152 0048 9847     		blx	r3
 153              	.LVL16:
  72:main.c        ****         return;
 154              		.loc 1 72 0
 155 004a 27E0     		b	.L2
 156              	.LVL17:
ARM GAS  C:\Users\ykuch\AppData\Local\Temp\ccqAcHJj.s 			page 5


 157              	.L5:
  73:main.c        ****     }
  74:main.c        ****     
  75:main.c        ****     if(ChannelDescriptorsArray[Channel_Number].Current_L > 0)
 158              		.loc 1 75 0
 159 004c 4200     		lsls	r2, r0, #1
 160 004e 1218     		adds	r2, r2, r0
 161 0050 9300     		lsls	r3, r2, #2
 162 0052 134A     		ldr	r2, .L7
 163 0054 D318     		adds	r3, r2, r3
 164 0056 9B78     		ldrb	r3, [r3, #2]
 165 0058 002B     		cmp	r3, #0
 166 005a 0AD0     		beq	.L6
  76:main.c        ****     {
  77:main.c        ****         ChannelDescriptorsArray[Channel_Number].Current_L--;
 167              		.loc 1 77 0
 168 005c 1400     		movs	r4, r2
 169 005e 4200     		lsls	r2, r0, #1
 170 0060 1518     		adds	r5, r2, r0
 171 0062 A900     		lsls	r1, r5, #2
 172 0064 6118     		adds	r1, r4, r1
 173 0066 013B     		subs	r3, r3, #1
 174 0068 8B70     		strb	r3, [r1, #2]
  78:main.c        ****         ChannelDescriptorsArray[Channel_Number].PinControlFunction(LED_OFF_VALUE);
 175              		.loc 1 78 0
 176 006a 8B68     		ldr	r3, [r1, #8]
 177 006c 0120     		movs	r0, #1
 178              	.LVL18:
 179 006e 9847     		blx	r3
 180              	.LVL19:
  79:main.c        ****         return;
 181              		.loc 1 79 0
 182 0070 14E0     		b	.L2
 183              	.LVL20:
 184              	.L6:
  80:main.c        ****     }
  81:main.c        ****     
  82:main.c        ****     if(ChannelDescriptorsArray[Channel_Number].Current_D == 0 && ChannelDescriptorsArray[Channel_Nu
 185              		.loc 1 82 0
 186 0072 0029     		cmp	r1, #0
 187 0074 12D1     		bne	.L2
 188              		.loc 1 82 0 is_stmt 0 discriminator 1
 189 0076 002C     		cmp	r4, #0
 190 0078 10D1     		bne	.L2
 191              		.loc 1 82 0 discriminator 2
 192 007a 002B     		cmp	r3, #0
 193 007c 0ED1     		bne	.L2
  83:main.c        ****     {
  84:main.c        ****         ChannelDescriptorsArray[Channel_Number].Current_D = 
  85:main.c        ****         ChannelDescriptorsArray[Channel_Number].Max_D;
 194              		.loc 1 85 0 is_stmt 1
 195 007e 084A     		ldr	r2, .L7
 196 0080 4100     		lsls	r1, r0, #1
 197 0082 0C18     		adds	r4, r1, r0
 198 0084 A300     		lsls	r3, r4, #2
 199 0086 D318     		adds	r3, r2, r3
 200 0088 DE78     		ldrb	r6, [r3, #3]
ARM GAS  C:\Users\ykuch\AppData\Local\Temp\ccqAcHJj.s 			page 6


  84:main.c        ****         ChannelDescriptorsArray[Channel_Number].Max_D;
 201              		.loc 1 84 0
 202 008a 2500     		movs	r5, r4
 203 008c A400     		lsls	r4, r4, #2
 204 008e A654     		strb	r6, [r4, r2]
  86:main.c        ****         
  87:main.c        ****         ChannelDescriptorsArray[Channel_Number].Current_H = 
  88:main.c        ****         ChannelDescriptorsArray[Channel_Number].Max_H;
 205              		.loc 1 88 0
 206 0090 1C79     		ldrb	r4, [r3, #4]
  87:main.c        ****         ChannelDescriptorsArray[Channel_Number].Max_H;
 207              		.loc 1 87 0
 208 0092 5C70     		strb	r4, [r3, #1]
  89:main.c        ****         
  90:main.c        ****         ChannelDescriptorsArray[Channel_Number].Current_L = 
  91:main.c        ****         ChannelDescriptorsArray[Channel_Number].Max_L;
 209              		.loc 1 91 0
 210 0094 5C79     		ldrb	r4, [r3, #5]
  90:main.c        ****         ChannelDescriptorsArray[Channel_Number].Max_L;
 211              		.loc 1 90 0
 212 0096 AB00     		lsls	r3, r5, #2
 213 0098 D318     		adds	r3, r2, r3
 214 009a 9C70     		strb	r4, [r3, #2]
 215              	.LVL21:
 216              	.L2:
  92:main.c        **** 
  93:main.c        ****         return;
  94:main.c        ****     }
  95:main.c        **** }
 217              		.loc 1 95 0
 218              		@ sp needed
 219 009c 70BD     		pop	{r4, r5, r6, pc}
 220              	.L8:
 221 009e C046     		.align	2
 222              	.L7:
 223 00a0 00000000 		.word	ChannelDescriptorsArray
 224              		.cfi_endproc
 225              	.LFE33:
 226              		.size	ChannelController, .-ChannelController
 227              		.section	.text.TimeSlotInterrupt,"ax",%progbits
 228              		.align	2
 229              		.global	TimeSlotInterrupt
 230              		.code	16
 231              		.thumb_func
 232              		.type	TimeSlotInterrupt, %function
 233              	TimeSlotInterrupt:
 234              	.LFB34:
  96:main.c        **** /**************************************************************************
  97:main.c        **** –û–±—Ä–æ–±–Ω–∏–∫ –ø–µ—Ä–µ—Ä–∏–≤–∞–Ω—å –≤–∏–∫–ª–∏–∫–∞—î—Ç—å—Å—è –∫–æ–∂–Ω—ñ 500ms
  98:main.c        **** **************************************************************************/
  99:main.c        **** CY_ISR(TimeSlotInterrupt)
 100:main.c        **** {
 235              		.loc 1 100 0
 236              		.cfi_startproc
 237              		@ args = 0, pretend = 0, frame = 0
 238              		@ frame_needed = 0, uses_anonymous_args = 0
 239 0000 10B5     		push	{r4, lr}
ARM GAS  C:\Users\ykuch\AppData\Local\Temp\ccqAcHJj.s 			page 7


 240              		.cfi_def_cfa_offset 8
 241              		.cfi_offset 4, -8
 242              		.cfi_offset 14, -4
 243              	.LVL22:
 101:main.c        ****     uint8 CurrentChannelNumber;
 102:main.c        ****     /* –í–∏–∫–ª–∏–∫ —Ñ—É–Ω–∫—Ü—ñ—ó –∫–æ–Ω—Ç—Ä–æ–ª–µ—Ä–∞ –∫–∞–Ω–∞–ª—É –¥–ª—è –∫–æ–∂–Ω–æ–≥–æ –∫–∞–Ω–∞
 103:main.c        ****     for (CurrentChannelNumber = 0; CurrentChannelNumber < NUMBER_OF_CHANNELS; CurrentChannelNumber+
 244              		.loc 1 103 0
 245 0002 0024     		movs	r4, #0
 246 0004 04E0     		b	.L10
 247              	.LVL23:
 248              	.L11:
 104:main.c        ****     {
 105:main.c        ****        ChannelController(CurrentChannelNumber);
 249              		.loc 1 105 0 discriminator 3
 250 0006 2000     		movs	r0, r4
 251 0008 FFF7FEFF 		bl	ChannelController
 252              	.LVL24:
 103:main.c        ****     {
 253              		.loc 1 103 0 discriminator 3
 254 000c 0134     		adds	r4, r4, #1
 255              	.LVL25:
 256 000e E4B2     		uxtb	r4, r4
 257              	.LVL26:
 258              	.L10:
 103:main.c        ****     {
 259              		.loc 1 103 0 is_stmt 0 discriminator 1
 260 0010 022C     		cmp	r4, #2
 261 0012 F8D9     		bls	.L11
 106:main.c        ****     }
 107:main.c        **** }
 262              		.loc 1 107 0 is_stmt 1
 263              		@ sp needed
 264              	.LVL27:
 265 0014 10BD     		pop	{r4, pc}
 266              		.cfi_endproc
 267              	.LFE34:
 268              		.size	TimeSlotInterrupt, .-TimeSlotInterrupt
 269 0016 C046     		.section	.text.UpdateChannelDescriptor,"ax",%progbits
 270              		.align	2
 271              		.global	UpdateChannelDescriptor
 272              		.code	16
 273              		.thumb_func
 274              		.type	UpdateChannelDescriptor, %function
 275              	UpdateChannelDescriptor:
 276              	.LFB35:
 108:main.c        **** /**************************************************************************
 109:main.c        **** –¶—è —Ñ—É–Ω–∫—Ü—ñ—è –¥–ª—è –æ–Ω–æ–≤–ª–µ–Ω–Ω—è –¥–µ—Å–∫—Ä–∏–ø—Ç–æ—Ä—ñ–≤ –∫–∞–Ω–∞–ª—ñ–≤ —ñ —Å—Ç–∞–Ω—É
 110:main.c        **** –õ—ñ—á–∏–ª—å–Ω–∏–∫–∏ D, H —ñ L –≤—Å—ñ—Ö —ñ–Ω—à–∏—Ö –∫–∞–Ω–∞–ª—ñ–≤ —Å–∫–∏–¥–∞—é—Ç—å—Å—è –≤ –ø–æ—á–∞—
 111:main.c        **** —â–æ–± –∑–∞–ø—É—Å—Ç–∏—Ç–∏ –≤—Å—ñ –∫–∞–Ω–∞–ª–∏ —Å–∏–Ω—Ö—Ä–æ–Ω–Ω–æ.
 112:main.c        **** –ü–∞—Ä–∞–º–µ—Ç—Ä–∏:
 113:main.c        **** ChannelNumber - –∫–∞–Ω–∞–ª –¥–ª—è –æ–Ω–æ–≤–ª–µ–Ω–Ω—è;
 114:main.c        **** D - –Ω–æ–≤–µ –∑–Ω–∞—á–µ–Ω–Ω—è –∑–∞—Ç—Ä–∏–º–∫–∏ D;
 115:main.c        **** H - –Ω–æ–≤–µ –∑–Ω–∞—á–µ–Ω–Ω—è —Ç—Ä–∏–≤–∞–ª–æ—Å—Ç—ñ —ñ–º–ø—É–ª—å—Å—É H;
 116:main.c        **** L - –Ω–æ–≤–µ –∑–Ω–∞—á–µ–Ω–Ω—è —Ç—Ä–∏–≤–∞–ª–æ—Å—Ç—ñ –ø–∞—É–∑–∏ L;
 117:main.c        **** **************************************************************************/
 118:main.c        **** void UpdateChannelDescriptor(uint8 ChannelNumber, uint8 D, uint8 H, uint8 L)
ARM GAS  C:\Users\ykuch\AppData\Local\Temp\ccqAcHJj.s 			page 8


 119:main.c        **** {
 277              		.loc 1 119 0
 278              		.cfi_startproc
 279              		@ args = 0, pretend = 0, frame = 0
 280              		@ frame_needed = 0, uses_anonymous_args = 0
 281              	.LVL28:
 282 0000 F8B5     		push	{r3, r4, r5, r6, r7, lr}
 283              		.cfi_def_cfa_offset 24
 284              		.cfi_offset 3, -24
 285              		.cfi_offset 4, -20
 286              		.cfi_offset 5, -16
 287              		.cfi_offset 6, -12
 288              		.cfi_offset 7, -8
 289              		.cfi_offset 14, -4
 120:main.c        ****     uint8 ChannelIdx;
 121:main.c        **** 
 122:main.c        ****     /* –£–≤—ñ–π–¥—ñ—Ç—å —É –∫—Ä–∏—Ç–∏—á–Ω–∏–π —Ä–æ–∑–¥—ñ–ª, —â–æ–± —É–Ω–∏–∫–Ω—É—Ç–∏ –ø–µ—Ä–µ—Ä–∏–≤–
 123:main.c        ****     CyGlobalIntDisable; /* –í–∏–º–∫–Ω—É—Ç–∏ –≥–ª–æ–±–∞–ª—å–Ω—ñ –ø–µ—Ä–µ—Ä–∏–≤–∞–Ω–Ω—è. */
 290              		.loc 1 123 0
 291              		.syntax divided
 292              	@ 123 "main.c" 1
 293 0002 72B6     		CPSID   i
 294              	@ 0 "" 2
 124:main.c        ****     /* –û–Ω–æ–≤–∏—Ç–∏ –∑–Ω–∞—á–µ–Ω–Ω—è –¥–µ—Å–∫—Ä–∏–ø—Ç–æ—Ä–∞ –∫–∞–Ω–∞–ª—É –∑ –¥–∞–Ω–∏—Ö, –æ—Ç—Ä–∏–
 125:main.c        ****     ChannelDescriptorsArray[ChannelNumber].Max_D = D;
 295              		.loc 1 125 0
 296              		.thumb
 297              		.syntax unified
 298 0004 104D     		ldr	r5, .L15
 299 0006 4600     		lsls	r6, r0, #1
 300 0008 3718     		adds	r7, r6, r0
 301 000a BC00     		lsls	r4, r7, #2
 302 000c 2C19     		adds	r4, r5, r4
 303 000e E170     		strb	r1, [r4, #3]
 126:main.c        ****     ChannelDescriptorsArray[ChannelNumber].Max_H = H; 
 304              		.loc 1 126 0
 305 0010 2271     		strb	r2, [r4, #4]
 127:main.c        ****     ChannelDescriptorsArray[ChannelNumber].Max_L = L; 
 306              		.loc 1 127 0
 307 0012 6371     		strb	r3, [r4, #5]
 308              	.LVL29:
 128:main.c        **** 
 129:main.c        ****     /* –ü–µ—Ä–µ–∑–∞–≤–∞–Ω—Ç–∞–∂—Ç–µ –ª—ñ—á–∏–ª—å–Ω–∏–∫–∏ –≤ —É—Å—ñ—Ö –∫–∞–Ω–∞–ª–∞—Ö, —â–æ–± —Å–∏–Ω—
 130:main.c        ****     for (ChannelIdx = 0; ChannelIdx < NUMBER_OF_CHANNELS; ChannelIdx++)
 309              		.loc 1 130 0
 310 0014 0024     		movs	r4, #0
 311 0016 13E0     		b	.L13
 312              	.LVL30:
 313              	.L14:
 131:main.c        ****     {
 132:main.c        ****         ChannelDescriptorsArray[ChannelIdx].Current_D = ChannelDescriptorsArray[ChannelIdx].Max_D;
 314              		.loc 1 132 0 discriminator 3
 315 0018 0B49     		ldr	r1, .L15
 316 001a 6200     		lsls	r2, r4, #1
 317 001c 1019     		adds	r0, r2, r4
 318 001e 8300     		lsls	r3, r0, #2
 319 0020 CB18     		adds	r3, r1, r3
ARM GAS  C:\Users\ykuch\AppData\Local\Temp\ccqAcHJj.s 			page 9


 320 0022 DE78     		ldrb	r6, [r3, #3]
 321 0024 0500     		movs	r5, r0
 322 0026 8000     		lsls	r0, r0, #2
 323 0028 4654     		strb	r6, [r0, r1]
 133:main.c        ****         ChannelDescriptorsArray[ChannelIdx].Current_H = ChannelDescriptorsArray[ChannelIdx].Max_H;
 324              		.loc 1 133 0 discriminator 3
 325 002a 1879     		ldrb	r0, [r3, #4]
 326 002c 5870     		strb	r0, [r3, #1]
 134:main.c        ****         ChannelDescriptorsArray[ChannelIdx].Current_L = ChannelDescriptorsArray[ChannelIdx].Max_L;
 327              		.loc 1 134 0 discriminator 3
 328 002e 5879     		ldrb	r0, [r3, #5]
 329 0030 9870     		strb	r0, [r3, #2]
 135:main.c        ****         /* –°–∫–∏–Ω—É—Ç–∏ –≤–∏—Ö—ñ–¥–Ω–∏–π –∫–æ–Ω—Ç–∞–∫—Ç, —â–æ –≤—ñ–¥–ø–æ–≤—ñ–¥–∞—î —Ü—å–æ–º—É –∫–
 136:main.c        ****         ChannelDescriptorsArray[ChannelIdx].PinControlFunction(LED_OFF_VALUE);
 330              		.loc 1 136 0 discriminator 3
 331 0032 AB00     		lsls	r3, r5, #2
 332 0034 CB18     		adds	r3, r1, r3
 333 0036 9B68     		ldr	r3, [r3, #8]
 334 0038 0120     		movs	r0, #1
 335 003a 9847     		blx	r3
 336              	.LVL31:
 130:main.c        ****     {
 337              		.loc 1 130 0 discriminator 3
 338 003c 0134     		adds	r4, r4, #1
 339              	.LVL32:
 340 003e E4B2     		uxtb	r4, r4
 341              	.LVL33:
 342              	.L13:
 130:main.c        ****     {
 343              		.loc 1 130 0 is_stmt 0 discriminator 1
 344 0040 022C     		cmp	r4, #2
 345 0042 E9D9     		bls	.L14
 137:main.c        ****     }
 138:main.c        ****     /* –í–∏–π—Ç–∏ –∑ –∫—Ä–∏—Ç–∏—á–Ω–æ–≥–æ —Ä–æ–∑–¥—ñ–ª—É */
 139:main.c        ****     CyGlobalIntEnable; /* –£–≤—ñ–º–∫–Ω—É—Ç–∏ –≥–ª–æ–±–∞–ª—å–Ω—ñ –ø–µ—Ä–µ—Ä–∏–≤–∞–Ω–Ω—è. */
 346              		.loc 1 139 0 is_stmt 1
 347              		.syntax divided
 348              	@ 139 "main.c" 1
 349 0044 62B6     		CPSIE   i
 350              	@ 0 "" 2
 140:main.c        **** }
 351              		.loc 1 140 0
 352              		.thumb
 353              		.syntax unified
 354              		@ sp needed
 355              	.LVL34:
 356 0046 F8BD     		pop	{r3, r4, r5, r6, r7, pc}
 357              	.L16:
 358              		.align	2
 359              	.L15:
 360 0048 00000000 		.word	ChannelDescriptorsArray
 361              		.cfi_endproc
 362              	.LFE35:
 363              		.size	UpdateChannelDescriptor, .-UpdateChannelDescriptor
 364              		.section	.text.UartBufferParser,"ax",%progbits
 365              		.align	2
 366              		.global	UartBufferParser
ARM GAS  C:\Users\ykuch\AppData\Local\Temp\ccqAcHJj.s 			page 10


 367              		.code	16
 368              		.thumb_func
 369              		.type	UartBufferParser, %function
 370              	UartBufferParser:
 371              	.LFB36:
 141:main.c        **** /**************************************************************************
 142:main.c        **** –¶—è —Ñ—É–Ω–∫—Ü—ñ—è –∞–Ω–∞–ª—ñ–∑—É—î –±—É—Ñ–µ—Ä UART —ñ –æ–Ω–æ–≤–ª—é—î –ª—ñ—á–∏–ª—å–Ω–∏–∫–∏ D, H —ñ
 143:main.c        **** **************************************************************************/
 144:main.c        **** void UartBufferParser(void)
 145:main.c        **** {
 372              		.loc 1 145 0
 373              		.cfi_startproc
 374              		@ args = 0, pretend = 0, frame = 0
 375              		@ frame_needed = 0, uses_anonymous_args = 0
 376 0000 70B5     		push	{r4, r5, r6, lr}
 377              		.cfi_def_cfa_offset 16
 378              		.cfi_offset 4, -16
 379              		.cfi_offset 5, -12
 380              		.cfi_offset 6, -8
 381              		.cfi_offset 14, -4
 146:main.c        ****     uint8 ChannelNumber;
 147:main.c        ****     uint8 ValueD, ValueH, ValueL;
 148:main.c        ****      
 149:main.c        ****     ValueD = UartBuffer[UART_BUFFER_D_VALUE_IDX] - ASCII_OFFSET_FOR_DIGITS;
 382              		.loc 1 149 0
 383 0002 1A4C     		ldr	r4, .L25
 384 0004 6179     		ldrb	r1, [r4, #5]
 385 0006 3039     		subs	r1, r1, #48
 386 0008 C9B2     		uxtb	r1, r1
 387              	.LVL35:
 150:main.c        ****     ValueH = UartBuffer[UART_BUFFER_H_VALUE_IDX] - ASCII_OFFSET_FOR_DIGITS;
 388              		.loc 1 150 0
 389 000a E279     		ldrb	r2, [r4, #7]
 390 000c 303A     		subs	r2, r2, #48
 391 000e D2B2     		uxtb	r2, r2
 392              	.LVL36:
 151:main.c        ****     ValueL = UartBuffer[UART_BUFFER_L_VALUE_IDX] - ASCII_OFFSET_FOR_DIGITS;   
 393              		.loc 1 151 0
 394 0010 637A     		ldrb	r3, [r4, #9]
 395 0012 303B     		subs	r3, r3, #48
 396 0014 DBB2     		uxtb	r3, r3
 397              	.LVL37:
 152:main.c        ****     ChannelNumber = UartBuffer[UART_BUFFER_CHANNEL_IDX] - ASCII_OFFSET_FOR_DIGITS;
 398              		.loc 1 152 0
 399 0016 E078     		ldrb	r0, [r4, #3]
 400 0018 3038     		subs	r0, r0, #48
 401 001a C0B2     		uxtb	r0, r0
 402              	.LVL38:
 153:main.c        **** 
 154:main.c        ****     if ('A' != UartBuffer[UART_BUFFER_A_IDX])
 403              		.loc 1 154 0
 404 001c 2478     		ldrb	r4, [r4]
 405 001e 412C     		cmp	r4, #65
 406 0020 02D0     		beq	.L18
 155:main.c        ****     {
 156:main.c        ****         /* –í–º—ñ—Å—Ç –±—É—Ñ–µ—Ä–∞ UART –Ω–µ –≤—ñ–¥–ø–æ–≤—ñ–¥–∞—î –æ—á—ñ–∫—É–≤–∞–Ω–æ–º—É –∑–Ω–∞—á–µ
 157:main.c        ****         Error_Return();
ARM GAS  C:\Users\ykuch\AppData\Local\Temp\ccqAcHJj.s 			page 11


 407              		.loc 1 157 0
 408 0022 FFF7FEFF 		bl	Error_Return
 409              	.LVL39:
 158:main.c        ****         return;
 410              		.loc 1 158 0
 411 0026 20E0     		b	.L17
 412              	.LVL40:
 413              	.L18:
 159:main.c        ****     }
 160:main.c        ****     if ('T' != UartBuffer[UART_BUFFER_T_IDX])
 414              		.loc 1 160 0
 415 0028 104C     		ldr	r4, .L25
 416 002a 6478     		ldrb	r4, [r4, #1]
 417 002c 542C     		cmp	r4, #84
 418 002e 0CD0     		beq	.L24
 161:main.c        ****     {
 162:main.c        ****         Error_Return();
 419              		.loc 1 162 0
 420 0030 FFF7FEFF 		bl	Error_Return
 421              	.LVL41:
 163:main.c        ****         return;
 422              		.loc 1 163 0
 423 0034 19E0     		b	.L17
 424              	.LVL42:
 425              	.L22:
 426              	.LBB2:
 164:main.c        ****     }
 165:main.c        ****     for(uint8 idx = UART_BUFFER_PLUS_IDX; idx < 9;)
 166:main.c        ****     {
 167:main.c        ****         if ('+' != UartBuffer[idx])
 427              		.loc 1 167 0
 428 0036 0D4D     		ldr	r5, .L25
 429 0038 2D5D     		ldrb	r5, [r5, r4]
 430 003a 2B2D     		cmp	r5, #43
 431 003c 02D0     		beq	.L21
 168:main.c        ****         {
 169:main.c        ****             Error_Return();
 432              		.loc 1 169 0
 433 003e FFF7FEFF 		bl	Error_Return
 434              	.LVL43:
 170:main.c        ****             return;
 435              		.loc 1 170 0
 436 0042 12E0     		b	.L17
 437              	.LVL44:
 438              	.L21:
 171:main.c        ****         }
 172:main.c        ****         else
 173:main.c        ****         {
 174:main.c        ****             idx = idx + 2;
 439              		.loc 1 174 0
 440 0044 0234     		adds	r4, r4, #2
 441              	.LVL45:
 442 0046 E4B2     		uxtb	r4, r4
 443              	.LVL46:
 444 0048 00E0     		b	.L20
 445              	.LVL47:
 446              	.L24:
ARM GAS  C:\Users\ykuch\AppData\Local\Temp\ccqAcHJj.s 			page 12


 447              	.LBE2:
 448 004a 0224     		movs	r4, #2
 449              	.L20:
 450              	.LVL48:
 451              	.LBB3:
 165:main.c        ****     {
 452              		.loc 1 165 0 discriminator 1
 453 004c 082C     		cmp	r4, #8
 454 004e F2D9     		bls	.L22
 455              	.LBE3:
 175:main.c        ****         }
 176:main.c        ****     }
 177:main.c        **** 
 178:main.c        ****     if (ValueD >= 0 && ValueD <= 9 && ValueH >= 0 && ValueH <= 9 && ValueL >= 0 && ValueL <= 9 && C
 456              		.loc 1 178 0
 457 0050 0929     		cmp	r1, #9
 458 0052 08D8     		bhi	.L23
 459              		.loc 1 178 0 is_stmt 0 discriminator 1
 460 0054 092A     		cmp	r2, #9
 461 0056 06D8     		bhi	.L23
 462              		.loc 1 178 0 discriminator 2
 463 0058 092B     		cmp	r3, #9
 464 005a 04D8     		bhi	.L23
 465              		.loc 1 178 0 discriminator 3
 466 005c 0228     		cmp	r0, #2
 467 005e 02D8     		bhi	.L23
 179:main.c        ****     {
 180:main.c        ****         /* –û–Ω–æ–≤–∏—Ç–∏ –¥–µ—Å–∫—Ä–∏–ø—Ç–æ—Ä –∫–∞–Ω–∞–ª—É –æ—Ç—Ä–∏–º–∞–Ω–∏–º–∏ –∑–Ω–∞—á–µ–Ω–Ω—è–º
 181:main.c        ****         UpdateChannelDescriptor(ChannelNumber, ValueD, ValueH, ValueL);
 468              		.loc 1 181 0 is_stmt 1
 469 0060 FFF7FEFF 		bl	UpdateChannelDescriptor
 470              	.LVL49:
 471 0064 01E0     		b	.L17
 472              	.LVL50:
 473              	.L23:
 182:main.c        ****     }
 183:main.c        ****     else
 184:main.c        ****     {
 185:main.c        ****         Error_Return();
 474              		.loc 1 185 0
 475 0066 FFF7FEFF 		bl	Error_Return
 476              	.LVL51:
 477              	.L17:
 186:main.c        ****     }
 187:main.c        **** }
 478              		.loc 1 187 0
 479              		@ sp needed
 480 006a 70BD     		pop	{r4, r5, r6, pc}
 481              	.L26:
 482              		.align	2
 483              	.L25:
 484 006c 00000000 		.word	UartBuffer
 485              		.cfi_endproc
 486              	.LFE36:
 487              		.size	UartBufferParser, .-UartBufferParser
 488              		.section	.text.UartDataReader,"ax",%progbits
 489              		.align	2
ARM GAS  C:\Users\ykuch\AppData\Local\Temp\ccqAcHJj.s 			page 13


 490              		.global	UartDataReader
 491              		.code	16
 492              		.thumb_func
 493              		.type	UartDataReader, %function
 494              	UartDataReader:
 495              	.LFB37:
 188:main.c        **** /**************************************************************************
 189:main.c        **** –¶—è —Ñ—É–Ω–∫—Ü—ñ—è –¥–ª—è —á–∏—Ç–∞–Ω–Ω—è –±–∞–π—Ç—ñ–≤ (—Å–∏–º–≤–æ–ª—ñ–≤) –∑ UART, –∑–±–æ—Ä—É –¥–∞–
 190:main.c        ****  –±—É—Ñ–µ—Ä —ñ —Ä–æ–∑—ñ–±—Ä–∞—Ç–∏ –±—É—Ñ–µ—Ä.
 191:main.c        **** **************************************************************************/
 192:main.c        **** void UartDataReader(void)
 193:main.c        **** {
 496              		.loc 1 193 0
 497              		.cfi_startproc
 498              		@ args = 0, pretend = 0, frame = 0
 499              		@ frame_needed = 0, uses_anonymous_args = 0
 500 0000 10B5     		push	{r4, lr}
 501              		.cfi_def_cfa_offset 8
 502              		.cfi_offset 4, -8
 503              		.cfi_offset 14, -4
 504              	.LVL52:
 194:main.c        ****      char CurrentCharacter = 0;
 195:main.c        ****      CurrentCharacter = UART_1_UartGetChar();
 505              		.loc 1 195 0
 506 0002 FFF7FEFF 		bl	UART_1_UartGetChar
 507              	.LVL53:
 508 0006 C4B2     		uxtb	r4, r0
 509              	.LVL54:
 196:main.c        ****      if (0 == CurrentCharacter)
 510              		.loc 1 196 0
 511 0008 002C     		cmp	r4, #0
 512 000a 16D0     		beq	.L27
 197:main.c        ****      {
 198:main.c        ****          /* –Ø–∫—â–æ –ø–æ—Ç–æ—á–Ω–∏–π —Å–∏–º–≤–æ–ª –¥–æ—Ä—ñ–≤–Ω—é—î –Ω—É–ª—é, —Ü–µ –æ–∑–Ω–∞—á–∞—î, 
 199:main.c        ****          return;
 200:main.c        ****      }
 201:main.c        ****      
 202:main.c        ****      /* –ù–∞–¥—ñ—à–ª—ñ—Ç—å –æ—Ç—Ä–∏–º–∞–Ω–∏–π —Å–∏–º–≤–æ–ª, —â–æ–± –ø–æ–±–∞—á–∏—Ç–∏ –π–æ–≥–æ –≤ —Ç–
 203:main.c        ****      UART_1_UartPutChar(CurrentCharacter);
 513              		.loc 1 203 0
 514 000c FF23     		movs	r3, #255
 515 000e 1840     		ands	r0, r3
 516 0010 FFF7FEFF 		bl	UART_1_SpiUartWriteTxData
 517              	.LVL55:
 204:main.c        ****      
 205:main.c        ****      /* –ü–µ—Ä–µ–≤—ñ—Ä—Ç–µ, —á–∏ –æ—Ç—Ä–∏–º–∞–Ω–∏–π —Å–∏–º–≤–æ–ª —î "A" (== —ñ–Ω–¥–∏–∫–∞—Ç–æ—Ä –ø–æ
 206:main.c        ****      if ('A' == CurrentCharacter)
 518              		.loc 1 206 0
 519 0014 412C     		cmp	r4, #65
 520 0016 02D1     		bne	.L29
 207:main.c        ****      {
 208:main.c        ****          /* UART –æ—Ç—Ä–∏–º–∞–≤ —Å–∏–º–≤–æ–ª ¬´–ê¬ª. –°–∫–∏–Ω—É—Ç–∏ —ñ–Ω–¥–µ–∫—Å –Ω–∞ –ø–æ—á–∞—Ç–æ–
 209:main.c        ****          UartBufferIdx = 0;
 521              		.loc 1 209 0
 522 0018 0022     		movs	r2, #0
 523 001a 084B     		ldr	r3, .L30
 524 001c 1A70     		strb	r2, [r3]
ARM GAS  C:\Users\ykuch\AppData\Local\Temp\ccqAcHJj.s 			page 14


 525              	.L29:
 210:main.c        ****      }
 211:main.c        ****      /* –ü–æ–º—ñ—Å—Ç–∏—Ç–∏ –æ—Ç—Ä–∏–º–∞–Ω–∏–π —Å–∏–º–≤–æ–ª —É –±—É—Ñ–µ—Ä UART —ñ –∑–±—ñ–ª—å—à–∏—Ç–∏
 212:main.c        ****      UartBuffer[UartBufferIdx] = CurrentCharacter;
 526              		.loc 1 212 0
 527 001e 074A     		ldr	r2, .L30
 528 0020 1378     		ldrb	r3, [r2]
 529 0022 0749     		ldr	r1, .L30+4
 530 0024 CC54     		strb	r4, [r1, r3]
 213:main.c        ****      UartBufferIdx++;
 531              		.loc 1 213 0
 532 0026 0133     		adds	r3, r3, #1
 533 0028 DBB2     		uxtb	r3, r3
 534 002a 1370     		strb	r3, [r2]
 214:main.c        ****      
 215:main.c        ****      /* –ü–µ—Ä–µ–≤—ñ—Ä—Ç–µ, —á–∏ –∑–∞–ø–æ–≤–Ω–µ–Ω–∏–π –±—É—Ñ–µ—Ä UART */
 216:main.c        ****      if (UART_BUFFER_SIZE == UartBufferIdx)
 535              		.loc 1 216 0
 536 002c 0A2B     		cmp	r3, #10
 537 002e 04D1     		bne	.L27
 217:main.c        ****      {
 218:main.c        ****          /* –ë—É—Ñ–µ—Ä UART –∑–∞–ø–æ–≤–Ω–µ–Ω–∏–π. –ü–æ—á–Ω—ñ—Ç—å —Ä–æ–∑–±–∏—Ä–∞—Ç–∏ —Ü–µ–π –±—É—Ñ–µ
 219:main.c        ****          UartBufferParser();
 538              		.loc 1 219 0
 539 0030 FFF7FEFF 		bl	UartBufferParser
 540              	.LVL56:
 220:main.c        ****          /* –°–∫–∏–Ω—É—Ç–∏ —ñ–Ω–¥–µ–∫—Å –Ω–∞ –ø–æ—á–∞—Ç–æ–∫ –±—É—Ñ–µ—Ä–∞ UART */
 221:main.c        ****          UartBufferIdx = 0;
 541              		.loc 1 221 0
 542 0034 0022     		movs	r2, #0
 543 0036 014B     		ldr	r3, .L30
 544 0038 1A70     		strb	r2, [r3]
 545              	.L27:
 222:main.c        ****      }
 223:main.c        **** }
 546              		.loc 1 223 0
 547              		@ sp needed
 548              	.LVL57:
 549 003a 10BD     		pop	{r4, pc}
 550              	.L31:
 551              		.align	2
 552              	.L30:
 553 003c 00000000 		.word	UartBufferIdx
 554 0040 00000000 		.word	UartBuffer
 555              		.cfi_endproc
 556              	.LFE37:
 557              		.size	UartDataReader, .-UartDataReader
 558              		.section	.text.Init,"ax",%progbits
 559              		.align	2
 560              		.global	Init
 561              		.code	16
 562              		.thumb_func
 563              		.type	Init, %function
 564              	Init:
 565              	.LFB38:
 224:main.c        **** /**************************************************************************
 225:main.c        **** –¶—è —Ñ—É–Ω–∫—Ü—ñ—è –≤–∏–∫–æ–Ω—É—î –∑–∞–≥–∞–ª—å–Ω—É —ñ–Ω—ñ—Ü—ñ–∞–ª—ñ–∑–∞—Ü—ñ—é.
ARM GAS  C:\Users\ykuch\AppData\Local\Temp\ccqAcHJj.s 			page 15


 226:main.c        **** **************************************************************************/
 227:main.c        **** void Init(void)
 228:main.c        **** {
 566              		.loc 1 228 0
 567              		.cfi_startproc
 568              		@ args = 0, pretend = 0, frame = 0
 569              		@ frame_needed = 0, uses_anonymous_args = 0
 570 0000 10B5     		push	{r4, lr}
 571              		.cfi_def_cfa_offset 8
 572              		.cfi_offset 4, -8
 573              		.cfi_offset 14, -4
 229:main.c        ****      /* –ü—Ä–∏–∑–Ω–∞—á—Ç–µ —Ñ—É–Ω–∫—Ü—ñ—ó –∫–µ—Ä—É–≤–∞–Ω–Ω—è –∫–æ–Ω—Ç–∞–∫—Ç–∞–º–∏ –¥–ª—è –¥–µ—Å–∫—Ä
 230:main.c        ****      ChannelDescriptorsArray[0].PinControlFunction = Blue_Output_Write;
 574              		.loc 1 230 0
 575 0002 074B     		ldr	r3, .L33
 576 0004 074A     		ldr	r2, .L33+4
 577 0006 9A60     		str	r2, [r3, #8]
 231:main.c        ****      ChannelDescriptorsArray[1].PinControlFunction = Red_Output_Write;
 578              		.loc 1 231 0
 579 0008 074A     		ldr	r2, .L33+8
 580 000a 5A61     		str	r2, [r3, #20]
 232:main.c        ****      ChannelDescriptorsArray[2].PinControlFunction = Green_Output_Write;
 581              		.loc 1 232 0
 582 000c 074A     		ldr	r2, .L33+12
 583 000e 1A62     		str	r2, [r3, #32]
 233:main.c        ****     /* –ó–∞–ø—É—Å–∫ –∫–æ–º–ø–æ–Ω–µ–Ω—Ç–∞ UART */
 234:main.c        ****      UART_1_Start();
 584              		.loc 1 234 0
 585 0010 FFF7FEFF 		bl	UART_1_Start
 586              	.LVL58:
 235:main.c        **** 
 236:main.c        ****      /* –ó–∞–ø—É—Å—Ç–∏—Ç–∏ –∫–æ–º–ø–æ–Ω–µ–Ω—Ç –ø–µ—Ä–µ—Ä–∏–≤–∞–Ω–Ω—è */
 237:main.c        ****      isr_1_StartEx(TimeSlotInterrupt);
 587              		.loc 1 237 0
 588 0014 0648     		ldr	r0, .L33+16
 589 0016 FFF7FEFF 		bl	isr_1_StartEx
 590              	.LVL59:
 238:main.c        **** 
 239:main.c        ****      /* –ó–∞–ø—É—Å–∫ —Ç–∞–π–º–µ—Ä–∞ */
 240:main.c        ****      Timer_1_Start();
 591              		.loc 1 240 0
 592 001a FFF7FEFF 		bl	Timer_1_Start
 593              	.LVL60:
 241:main.c        **** }
 594              		.loc 1 241 0
 595              		@ sp needed
 596 001e 10BD     		pop	{r4, pc}
 597              	.L34:
 598              		.align	2
 599              	.L33:
 600 0020 00000000 		.word	ChannelDescriptorsArray
 601 0024 00000000 		.word	Blue_Output_Write
 602 0028 00000000 		.word	Red_Output_Write
 603 002c 00000000 		.word	Green_Output_Write
 604 0030 00000000 		.word	TimeSlotInterrupt
 605              		.cfi_endproc
 606              	.LFE38:
ARM GAS  C:\Users\ykuch\AppData\Local\Temp\ccqAcHJj.s 			page 16


 607              		.size	Init, .-Init
 608              		.section	.text.main,"ax",%progbits
 609              		.align	2
 610              		.global	main
 611              		.code	16
 612              		.thumb_func
 613              		.type	main, %function
 614              	main:
 615              	.LFB39:
 242:main.c        **** /**************************************************************************
 243:main.c        **** –û—Å–Ω–æ–≤–Ω–∞ —Ñ—É–Ω–∫—Ü—ñ—è
 244:main.c        **** **************************************************************************/
 245:main.c        **** int main(void)
 246:main.c        **** {
 616              		.loc 1 246 0
 617              		.cfi_startproc
 618              		@ Volatile: function does not return.
 619              		@ args = 0, pretend = 0, frame = 0
 620              		@ frame_needed = 0, uses_anonymous_args = 0
 621 0000 10B5     		push	{r4, lr}
 622              		.cfi_def_cfa_offset 8
 623              		.cfi_offset 4, -8
 624              		.cfi_offset 14, -4
 247:main.c        ****      CyGlobalIntEnable; /* –£–≤—ñ–º–∫–Ω—É—Ç–∏ –≥–ª–æ–±–∞–ª—å–Ω—ñ –ø–µ—Ä–µ—Ä–∏–≤–∞–Ω–Ω—è. */
 625              		.loc 1 247 0
 626              		.syntax divided
 627              	@ 247 "main.c" 1
 628 0002 62B6     		CPSIE   i
 629              	@ 0 "" 2
 248:main.c        ****      Blue_Output_Write(1);
 630              		.loc 1 248 0
 631              		.thumb
 632              		.syntax unified
 633 0004 0120     		movs	r0, #1
 634 0006 FFF7FEFF 		bl	Blue_Output_Write
 635              	.LVL61:
 249:main.c        ****      Red_Output_Write(1);
 636              		.loc 1 249 0
 637 000a 0120     		movs	r0, #1
 638 000c FFF7FEFF 		bl	Red_Output_Write
 639              	.LVL62:
 250:main.c        ****      Green_Output_Write(1);
 640              		.loc 1 250 0
 641 0010 0120     		movs	r0, #1
 642 0012 FFF7FEFF 		bl	Green_Output_Write
 643              	.LVL63:
 251:main.c        ****      /* –í–∏–∫–æ–Ω–∞–π—Ç–µ –∑–∞–≥–∞–ª—å–Ω—É —ñ–Ω—ñ—Ü—ñ–∞–ª—ñ–∑–∞—Ü—ñ—é */
 252:main.c        ****      Init(); 
 644              		.loc 1 252 0
 645 0016 FFF7FEFF 		bl	Init
 646              	.LVL64:
 647              	.L36:
 253:main.c        ****      /* –ë–µ–∑–∫—ñ–Ω–µ—á–Ω–∏–π —Ü–∏–∫–ª */
 254:main.c        ****      for(;;)
 255:main.c        ****      {
 256:main.c        ****         UartDataReader();
 648              		.loc 1 256 0 discriminator 1
ARM GAS  C:\Users\ykuch\AppData\Local\Temp\ccqAcHJj.s 			page 17


 649 001a FFF7FEFF 		bl	UartDataReader
 650              	.LVL65:
 651 001e FCE7     		b	.L36
 652              		.cfi_endproc
 653              	.LFE39:
 654              		.size	main, .-main
 655              		.comm	UartBufferIdx,1,1
 656              		.comm	UartBuffer,10,4
 657              		.comm	ChannelDescriptorsArray,36,4
 658              		.text
 659              	.Letext0:
 660              		.file 2 "Generated_Source\\PSoC4/cytypes.h"
 661              		.file 3 "Generated_Source\\PSoC4/UART_1_SPI_UART.h"
 662              		.file 4 "Generated_Source\\PSoC4/UART_1.h"
 663              		.file 5 "Generated_Source\\PSoC4/isr_1.h"
 664              		.file 6 "Generated_Source\\PSoC4/Timer_1.h"
 665              		.file 7 "Generated_Source\\PSoC4/Blue_Output.h"
 666              		.file 8 "Generated_Source\\PSoC4/Red_Output.h"
 667              		.file 9 "Generated_Source\\PSoC4/Green_Output.h"
 668              		.section	.debug_info,"",%progbits
 669              	.Ldebug_info0:
 670 0000 18050000 		.4byte	0x518
 671 0004 0400     		.2byte	0x4
 672 0006 00000000 		.4byte	.Ldebug_abbrev0
 673 000a 04       		.byte	0x4
 674 000b 01       		.uleb128 0x1
 675 000c 12020000 		.4byte	.LASF50
 676 0010 0C       		.byte	0xc
 677 0011 C6020000 		.4byte	.LASF51
 678 0015 88000000 		.4byte	.LASF52
 679 0019 18000000 		.4byte	.Ldebug_ranges0+0x18
 680 001d 00000000 		.4byte	0
 681 0021 00000000 		.4byte	.Ldebug_line0
 682 0025 02       		.uleb128 0x2
 683 0026 01       		.byte	0x1
 684 0027 06       		.byte	0x6
 685 0028 DD000000 		.4byte	.LASF0
 686 002c 02       		.uleb128 0x2
 687 002d 01       		.byte	0x1
 688 002e 08       		.byte	0x8
 689 002f F0000000 		.4byte	.LASF1
 690 0033 02       		.uleb128 0x2
 691 0034 02       		.byte	0x2
 692 0035 05       		.byte	0x5
 693 0036 7B010000 		.4byte	.LASF2
 694 003a 02       		.uleb128 0x2
 695 003b 02       		.byte	0x2
 696 003c 07       		.byte	0x7
 697 003d 2C010000 		.4byte	.LASF3
 698 0041 02       		.uleb128 0x2
 699 0042 04       		.byte	0x4
 700 0043 05       		.byte	0x5
 701 0044 ED020000 		.4byte	.LASF4
 702 0048 02       		.uleb128 0x2
 703 0049 04       		.byte	0x4
 704 004a 07       		.byte	0x7
 705 004b 13010000 		.4byte	.LASF5
ARM GAS  C:\Users\ykuch\AppData\Local\Temp\ccqAcHJj.s 			page 18


 706 004f 02       		.uleb128 0x2
 707 0050 08       		.byte	0x8
 708 0051 05       		.byte	0x5
 709 0052 B8020000 		.4byte	.LASF6
 710 0056 02       		.uleb128 0x2
 711 0057 08       		.byte	0x8
 712 0058 07       		.byte	0x7
 713 0059 C4010000 		.4byte	.LASF7
 714 005d 03       		.uleb128 0x3
 715 005e 04       		.byte	0x4
 716 005f 05       		.byte	0x5
 717 0060 696E7400 		.ascii	"int\000"
 718 0064 02       		.uleb128 0x2
 719 0065 04       		.byte	0x4
 720 0066 07       		.byte	0x7
 721 0067 B1010000 		.4byte	.LASF8
 722 006b 04       		.uleb128 0x4
 723 006c E7020000 		.4byte	.LASF9
 724 0070 02       		.byte	0x2
 725 0071 FC01     		.2byte	0x1fc
 726 0073 2C000000 		.4byte	0x2c
 727 0077 04       		.uleb128 0x4
 728 0078 A5010000 		.4byte	.LASF10
 729 007c 02       		.byte	0x2
 730 007d FE01     		.2byte	0x1fe
 731 007f 48000000 		.4byte	0x48
 732 0083 02       		.uleb128 0x2
 733 0084 04       		.byte	0x4
 734 0085 04       		.byte	0x4
 735 0086 D7000000 		.4byte	.LASF11
 736 008a 02       		.uleb128 0x2
 737 008b 08       		.byte	0x8
 738 008c 04       		.byte	0x4
 739 008d 74010000 		.4byte	.LASF12
 740 0091 02       		.uleb128 0x2
 741 0092 01       		.byte	0x1
 742 0093 08       		.byte	0x8
 743 0094 CD020000 		.4byte	.LASF13
 744 0098 02       		.uleb128 0x2
 745 0099 08       		.byte	0x8
 746 009a 04       		.byte	0x4
 747 009b 04030000 		.4byte	.LASF14
 748 009f 02       		.uleb128 0x2
 749 00a0 04       		.byte	0x4
 750 00a1 07       		.byte	0x7
 751 00a2 AF020000 		.4byte	.LASF15
 752 00a6 05       		.uleb128 0x5
 753 00a7 0C       		.byte	0xc
 754 00a8 01       		.byte	0x1
 755 00a9 15       		.byte	0x15
 756 00aa 03010000 		.4byte	0x103
 757 00ae 06       		.uleb128 0x6
 758 00af FE010000 		.4byte	.LASF16
 759 00b3 01       		.byte	0x1
 760 00b4 17       		.byte	0x17
 761 00b5 6B000000 		.4byte	0x6b
 762 00b9 00       		.byte	0
ARM GAS  C:\Users\ykuch\AppData\Local\Temp\ccqAcHJj.s 			page 19


 763 00ba 06       		.uleb128 0x6
 764 00bb 08020000 		.4byte	.LASF17
 765 00bf 01       		.byte	0x1
 766 00c0 18       		.byte	0x18
 767 00c1 6B000000 		.4byte	0x6b
 768 00c5 01       		.byte	0x1
 769 00c6 06       		.uleb128 0x6
 770 00c7 BA000000 		.4byte	.LASF18
 771 00cb 01       		.byte	0x1
 772 00cc 19       		.byte	0x19
 773 00cd 6B000000 		.4byte	0x6b
 774 00d1 02       		.byte	0x2
 775 00d2 06       		.uleb128 0x6
 776 00d3 9F010000 		.4byte	.LASF19
 777 00d7 01       		.byte	0x1
 778 00d8 1A       		.byte	0x1a
 779 00d9 6B000000 		.4byte	0x6b
 780 00dd 03       		.byte	0x3
 781 00de 06       		.uleb128 0x6
 782 00df E1020000 		.4byte	.LASF20
 783 00e3 01       		.byte	0x1
 784 00e4 1B       		.byte	0x1b
 785 00e5 6B000000 		.4byte	0x6b
 786 00e9 04       		.byte	0x4
 787 00ea 06       		.uleb128 0x6
 788 00eb BE010000 		.4byte	.LASF21
 789 00ef 01       		.byte	0x1
 790 00f0 1C       		.byte	0x1c
 791 00f1 6B000000 		.4byte	0x6b
 792 00f5 05       		.byte	0x5
 793 00f6 06       		.uleb128 0x6
 794 00f7 A7000000 		.4byte	.LASF22
 795 00fb 01       		.byte	0x1
 796 00fc 1D       		.byte	0x1d
 797 00fd 0E010000 		.4byte	0x10e
 798 0101 08       		.byte	0x8
 799 0102 00       		.byte	0
 800 0103 07       		.uleb128 0x7
 801 0104 0E010000 		.4byte	0x10e
 802 0108 08       		.uleb128 0x8
 803 0109 6B000000 		.4byte	0x6b
 804 010d 00       		.byte	0
 805 010e 09       		.uleb128 0x9
 806 010f 04       		.byte	0x4
 807 0110 03010000 		.4byte	0x103
 808 0114 0A       		.uleb128 0xa
 809 0115 52000000 		.4byte	.LASF23
 810 0119 01       		.byte	0x1
 811 011a 1E       		.byte	0x1e
 812 011b A6000000 		.4byte	0xa6
 813 011f 0B       		.uleb128 0xb
 814 0120 67010000 		.4byte	.LASF24
 815 0124 01       		.byte	0x1
 816 0125 28       		.byte	0x28
 817 0126 00000000 		.4byte	.LFB32
 818 012a 46000000 		.4byte	.LFE32-.LFB32
 819 012e 01       		.uleb128 0x1
ARM GAS  C:\Users\ykuch\AppData\Local\Temp\ccqAcHJj.s 			page 20


 820 012f 9C       		.byte	0x9c
 821 0130 09020000 		.4byte	0x209
 822 0134 0C       		.uleb128 0xc
 823 0135 08000000 		.4byte	.LVL0
 824 0139 C1040000 		.4byte	0x4c1
 825 013d 47010000 		.4byte	0x147
 826 0141 0D       		.uleb128 0xd
 827 0142 01       		.uleb128 0x1
 828 0143 50       		.byte	0x50
 829 0144 01       		.uleb128 0x1
 830 0145 3A       		.byte	0x3a
 831 0146 00       		.byte	0
 832 0147 0C       		.uleb128 0xc
 833 0148 0E000000 		.4byte	.LVL1
 834 014c C1040000 		.4byte	0x4c1
 835 0150 5A010000 		.4byte	0x15a
 836 0154 0D       		.uleb128 0xd
 837 0155 01       		.uleb128 0x1
 838 0156 50       		.byte	0x50
 839 0157 01       		.uleb128 0x1
 840 0158 3D       		.byte	0x3d
 841 0159 00       		.byte	0
 842 015a 0C       		.uleb128 0xc
 843 015b 14000000 		.4byte	.LVL2
 844 015f C1040000 		.4byte	0x4c1
 845 0163 6E010000 		.4byte	0x16e
 846 0167 0D       		.uleb128 0xd
 847 0168 01       		.uleb128 0x1
 848 0169 50       		.byte	0x50
 849 016a 02       		.uleb128 0x2
 850 016b 08       		.byte	0x8
 851 016c 20       		.byte	0x20
 852 016d 00       		.byte	0
 853 016e 0C       		.uleb128 0xc
 854 016f 1A000000 		.4byte	.LVL3
 855 0173 C1040000 		.4byte	0x4c1
 856 0177 82010000 		.4byte	0x182
 857 017b 0D       		.uleb128 0xd
 858 017c 01       		.uleb128 0x1
 859 017d 50       		.byte	0x50
 860 017e 02       		.uleb128 0x2
 861 017f 08       		.byte	0x8
 862 0180 45       		.byte	0x45
 863 0181 00       		.byte	0
 864 0182 0C       		.uleb128 0xc
 865 0183 20000000 		.4byte	.LVL4
 866 0187 C1040000 		.4byte	0x4c1
 867 018b 96010000 		.4byte	0x196
 868 018f 0D       		.uleb128 0xd
 869 0190 01       		.uleb128 0x1
 870 0191 50       		.byte	0x50
 871 0192 02       		.uleb128 0x2
 872 0193 08       		.byte	0x8
 873 0194 72       		.byte	0x72
 874 0195 00       		.byte	0
 875 0196 0C       		.uleb128 0xc
 876 0197 26000000 		.4byte	.LVL5
ARM GAS  C:\Users\ykuch\AppData\Local\Temp\ccqAcHJj.s 			page 21


 877 019b C1040000 		.4byte	0x4c1
 878 019f AA010000 		.4byte	0x1aa
 879 01a3 0D       		.uleb128 0xd
 880 01a4 01       		.uleb128 0x1
 881 01a5 50       		.byte	0x50
 882 01a6 02       		.uleb128 0x2
 883 01a7 08       		.byte	0x8
 884 01a8 72       		.byte	0x72
 885 01a9 00       		.byte	0
 886 01aa 0C       		.uleb128 0xc
 887 01ab 2C000000 		.4byte	.LVL6
 888 01af C1040000 		.4byte	0x4c1
 889 01b3 BE010000 		.4byte	0x1be
 890 01b7 0D       		.uleb128 0xd
 891 01b8 01       		.uleb128 0x1
 892 01b9 50       		.byte	0x50
 893 01ba 02       		.uleb128 0x2
 894 01bb 08       		.byte	0x8
 895 01bc 6F       		.byte	0x6f
 896 01bd 00       		.byte	0
 897 01be 0C       		.uleb128 0xc
 898 01bf 32000000 		.4byte	.LVL7
 899 01c3 C1040000 		.4byte	0x4c1
 900 01c7 D2010000 		.4byte	0x1d2
 901 01cb 0D       		.uleb128 0xd
 902 01cc 01       		.uleb128 0x1
 903 01cd 50       		.byte	0x50
 904 01ce 02       		.uleb128 0x2
 905 01cf 08       		.byte	0x8
 906 01d0 72       		.byte	0x72
 907 01d1 00       		.byte	0
 908 01d2 0C       		.uleb128 0xc
 909 01d3 38000000 		.4byte	.LVL8
 910 01d7 C1040000 		.4byte	0x4c1
 911 01db E6010000 		.4byte	0x1e6
 912 01df 0D       		.uleb128 0xd
 913 01e0 01       		.uleb128 0x1
 914 01e1 50       		.byte	0x50
 915 01e2 02       		.uleb128 0x2
 916 01e3 08       		.byte	0x8
 917 01e4 20       		.byte	0x20
 918 01e5 00       		.byte	0
 919 01e6 0C       		.uleb128 0xc
 920 01e7 3E000000 		.4byte	.LVL9
 921 01eb C1040000 		.4byte	0x4c1
 922 01ef F9010000 		.4byte	0x1f9
 923 01f3 0D       		.uleb128 0xd
 924 01f4 01       		.uleb128 0x1
 925 01f5 50       		.byte	0x50
 926 01f6 01       		.uleb128 0x1
 927 01f7 3A       		.byte	0x3a
 928 01f8 00       		.byte	0
 929 01f9 0E       		.uleb128 0xe
 930 01fa 44000000 		.4byte	.LVL10
 931 01fe C1040000 		.4byte	0x4c1
 932 0202 0D       		.uleb128 0xd
 933 0203 01       		.uleb128 0x1
ARM GAS  C:\Users\ykuch\AppData\Local\Temp\ccqAcHJj.s 			page 22


 934 0204 50       		.byte	0x50
 935 0205 01       		.uleb128 0x1
 936 0206 3D       		.byte	0x3d
 937 0207 00       		.byte	0
 938 0208 00       		.byte	0
 939 0209 0B       		.uleb128 0xb
 940 020a 40000000 		.4byte	.LASF25
 941 020e 01       		.byte	0x1
 942 020f 3B       		.byte	0x3b
 943 0210 00000000 		.4byte	.LFB33
 944 0214 A4000000 		.4byte	.LFE33-.LFB33
 945 0218 01       		.uleb128 0x1
 946 0219 9C       		.byte	0x9c
 947 021a 57020000 		.4byte	0x257
 948 021e 0F       		.uleb128 0xf
 949 021f D2020000 		.4byte	.LASF28
 950 0223 01       		.byte	0x1
 951 0224 3B       		.byte	0x3b
 952 0225 6B000000 		.4byte	0x6b
 953 0229 00000000 		.4byte	.LLST0
 954 022d 10       		.uleb128 0x10
 955 022e 24000000 		.4byte	.LVL13
 956 0232 3C020000 		.4byte	0x23c
 957 0236 0D       		.uleb128 0xd
 958 0237 01       		.uleb128 0x1
 959 0238 50       		.byte	0x50
 960 0239 01       		.uleb128 0x1
 961 023a 31       		.byte	0x31
 962 023b 00       		.byte	0
 963 023c 10       		.uleb128 0x10
 964 023d 4A000000 		.4byte	.LVL16
 965 0241 4B020000 		.4byte	0x24b
 966 0245 0D       		.uleb128 0xd
 967 0246 01       		.uleb128 0x1
 968 0247 50       		.byte	0x50
 969 0248 01       		.uleb128 0x1
 970 0249 30       		.byte	0x30
 971 024a 00       		.byte	0
 972 024b 11       		.uleb128 0x11
 973 024c 70000000 		.4byte	.LVL19
 974 0250 0D       		.uleb128 0xd
 975 0251 01       		.uleb128 0x1
 976 0252 50       		.byte	0x50
 977 0253 01       		.uleb128 0x1
 978 0254 31       		.byte	0x31
 979 0255 00       		.byte	0
 980 0256 00       		.byte	0
 981 0257 0B       		.uleb128 0xb
 982 0258 2E000000 		.4byte	.LASF26
 983 025c 01       		.byte	0x1
 984 025d 63       		.byte	0x63
 985 025e 00000000 		.4byte	.LFB34
 986 0262 16000000 		.4byte	.LFE34-.LFB34
 987 0266 01       		.uleb128 0x1
 988 0267 9C       		.byte	0x9c
 989 0268 8C020000 		.4byte	0x28c
 990 026c 12       		.uleb128 0x12
ARM GAS  C:\Users\ykuch\AppData\Local\Temp\ccqAcHJj.s 			page 23


 991 026d 68000000 		.4byte	.LASF30
 992 0271 01       		.byte	0x1
 993 0272 65       		.byte	0x65
 994 0273 6B000000 		.4byte	0x6b
 995 0277 6C000000 		.4byte	.LLST1
 996 027b 0E       		.uleb128 0xe
 997 027c 0C000000 		.4byte	.LVL24
 998 0280 09020000 		.4byte	0x209
 999 0284 0D       		.uleb128 0xd
 1000 0285 01       		.uleb128 0x1
 1001 0286 50       		.byte	0x50
 1002 0287 02       		.uleb128 0x2
 1003 0288 74       		.byte	0x74
 1004 0289 00       		.sleb128 0
 1005 028a 00       		.byte	0
 1006 028b 00       		.byte	0
 1007 028c 0B       		.uleb128 0xb
 1008 028d DB010000 		.4byte	.LASF27
 1009 0291 01       		.byte	0x1
 1010 0292 76       		.byte	0x76
 1011 0293 00000000 		.4byte	.LFB35
 1012 0297 4C000000 		.4byte	.LFE35-.LFB35
 1013 029b 01       		.uleb128 0x1
 1014 029c 9C       		.byte	0x9c
 1015 029d F2020000 		.4byte	0x2f2
 1016 02a1 0F       		.uleb128 0xf
 1017 02a2 05010000 		.4byte	.LASF29
 1018 02a6 01       		.byte	0x1
 1019 02a7 76       		.byte	0x76
 1020 02a8 6B000000 		.4byte	0x6b
 1021 02ac 96000000 		.4byte	.LLST2
 1022 02b0 13       		.uleb128 0x13
 1023 02b1 4400     		.ascii	"D\000"
 1024 02b3 01       		.byte	0x1
 1025 02b4 76       		.byte	0x76
 1026 02b5 6B000000 		.4byte	0x6b
 1027 02b9 B7000000 		.4byte	.LLST3
 1028 02bd 13       		.uleb128 0x13
 1029 02be 4800     		.ascii	"H\000"
 1030 02c0 01       		.byte	0x1
 1031 02c1 76       		.byte	0x76
 1032 02c2 6B000000 		.4byte	0x6b
 1033 02c6 D8000000 		.4byte	.LLST4
 1034 02ca 13       		.uleb128 0x13
 1035 02cb 4C00     		.ascii	"L\000"
 1036 02cd 01       		.byte	0x1
 1037 02ce 76       		.byte	0x76
 1038 02cf 6B000000 		.4byte	0x6b
 1039 02d3 F9000000 		.4byte	.LLST5
 1040 02d7 12       		.uleb128 0x12
 1041 02d8 7D000000 		.4byte	.LASF31
 1042 02dc 01       		.byte	0x1
 1043 02dd 78       		.byte	0x78
 1044 02de 6B000000 		.4byte	0x6b
 1045 02e2 1A010000 		.4byte	.LLST6
 1046 02e6 11       		.uleb128 0x11
 1047 02e7 3C000000 		.4byte	.LVL31
ARM GAS  C:\Users\ykuch\AppData\Local\Temp\ccqAcHJj.s 			page 24


 1048 02eb 0D       		.uleb128 0xd
 1049 02ec 01       		.uleb128 0x1
 1050 02ed 50       		.byte	0x50
 1051 02ee 01       		.uleb128 0x1
 1052 02ef 31       		.byte	0x31
 1053 02f0 00       		.byte	0
 1054 02f1 00       		.byte	0
 1055 02f2 0B       		.uleb128 0xb
 1056 02f3 28030000 		.4byte	.LASF32
 1057 02f7 01       		.byte	0x1
 1058 02f8 90       		.byte	0x90
 1059 02f9 00000000 		.4byte	.LFB36
 1060 02fd 70000000 		.4byte	.LFE36-.LFB36
 1061 0301 01       		.uleb128 0x1
 1062 0302 9C       		.byte	0x9c
 1063 0303 8A030000 		.4byte	0x38a
 1064 0307 12       		.uleb128 0x12
 1065 0308 05010000 		.4byte	.LASF29
 1066 030c 01       		.byte	0x1
 1067 030d 92       		.byte	0x92
 1068 030e 6B000000 		.4byte	0x6b
 1069 0312 44010000 		.4byte	.LLST7
 1070 0316 12       		.uleb128 0x12
 1071 0317 E9000000 		.4byte	.LASF33
 1072 031b 01       		.byte	0x1
 1073 031c 93       		.byte	0x93
 1074 031d 6B000000 		.4byte	0x6b
 1075 0321 83010000 		.4byte	.LLST8
 1076 0325 12       		.uleb128 0x12
 1077 0326 FE000000 		.4byte	.LASF34
 1078 032a 01       		.byte	0x1
 1079 032b 93       		.byte	0x93
 1080 032c 6B000000 		.4byte	0x6b
 1081 0330 C2010000 		.4byte	.LLST9
 1082 0334 12       		.uleb128 0x12
 1083 0335 25010000 		.4byte	.LASF35
 1084 0339 01       		.byte	0x1
 1085 033a 93       		.byte	0x93
 1086 033b 6B000000 		.4byte	0x6b
 1087 033f 01020000 		.4byte	.LLST10
 1088 0343 14       		.uleb128 0x14
 1089 0344 00000000 		.4byte	.Ldebug_ranges0+0
 1090 0348 65030000 		.4byte	0x365
 1091 034c 15       		.uleb128 0x15
 1092 034d 69647800 		.ascii	"idx\000"
 1093 0351 01       		.byte	0x1
 1094 0352 A5       		.byte	0xa5
 1095 0353 6B000000 		.4byte	0x6b
 1096 0357 40020000 		.4byte	.LLST11
 1097 035b 16       		.uleb128 0x16
 1098 035c 42000000 		.4byte	.LVL43
 1099 0360 1F010000 		.4byte	0x11f
 1100 0364 00       		.byte	0
 1101 0365 16       		.uleb128 0x16
 1102 0366 26000000 		.4byte	.LVL39
 1103 036a 1F010000 		.4byte	0x11f
 1104 036e 16       		.uleb128 0x16
ARM GAS  C:\Users\ykuch\AppData\Local\Temp\ccqAcHJj.s 			page 25


 1105 036f 34000000 		.4byte	.LVL41
 1106 0373 1F010000 		.4byte	0x11f
 1107 0377 16       		.uleb128 0x16
 1108 0378 64000000 		.4byte	.LVL49
 1109 037c 8C020000 		.4byte	0x28c
 1110 0380 16       		.uleb128 0x16
 1111 0381 6A000000 		.4byte	.LVL51
 1112 0385 1F010000 		.4byte	0x11f
 1113 0389 00       		.byte	0
 1114 038a 0B       		.uleb128 0xb
 1115 038b A0020000 		.4byte	.LASF36
 1116 038f 01       		.byte	0x1
 1117 0390 C0       		.byte	0xc0
 1118 0391 00000000 		.4byte	.LFB37
 1119 0395 44000000 		.4byte	.LFE37-.LFB37
 1120 0399 01       		.uleb128 0x1
 1121 039a 9C       		.byte	0x9c
 1122 039b CA030000 		.4byte	0x3ca
 1123 039f 12       		.uleb128 0x12
 1124 03a0 56010000 		.4byte	.LASF37
 1125 03a4 01       		.byte	0x1
 1126 03a5 C2       		.byte	0xc2
 1127 03a6 91000000 		.4byte	0x91
 1128 03aa 69020000 		.4byte	.LLST12
 1129 03ae 16       		.uleb128 0x16
 1130 03af 06000000 		.4byte	.LVL53
 1131 03b3 CD040000 		.4byte	0x4cd
 1132 03b7 16       		.uleb128 0x16
 1133 03b8 14000000 		.4byte	.LVL55
 1134 03bc C1040000 		.4byte	0x4c1
 1135 03c0 16       		.uleb128 0x16
 1136 03c1 34000000 		.4byte	.LVL56
 1137 03c5 F2020000 		.4byte	0x2f2
 1138 03c9 00       		.byte	0
 1139 03ca 0B       		.uleb128 0xb
 1140 03cb 3F010000 		.4byte	.LASF38
 1141 03cf 01       		.byte	0x1
 1142 03d0 E3       		.byte	0xe3
 1143 03d1 00000000 		.4byte	.LFB38
 1144 03d5 34000000 		.4byte	.LFE38-.LFB38
 1145 03d9 01       		.uleb128 0x1
 1146 03da 9C       		.byte	0x9c
 1147 03db 09040000 		.4byte	0x409
 1148 03df 16       		.uleb128 0x16
 1149 03e0 14000000 		.4byte	.LVL58
 1150 03e4 D9040000 		.4byte	0x4d9
 1151 03e8 0C       		.uleb128 0xc
 1152 03e9 1A000000 		.4byte	.LVL59
 1153 03ed E4040000 		.4byte	0x4e4
 1154 03f1 FF030000 		.4byte	0x3ff
 1155 03f5 0D       		.uleb128 0xd
 1156 03f6 01       		.uleb128 0x1
 1157 03f7 50       		.byte	0x50
 1158 03f8 05       		.uleb128 0x5
 1159 03f9 03       		.byte	0x3
 1160 03fa 00000000 		.4byte	TimeSlotInterrupt
 1161 03fe 00       		.byte	0
ARM GAS  C:\Users\ykuch\AppData\Local\Temp\ccqAcHJj.s 			page 26


 1162 03ff 16       		.uleb128 0x16
 1163 0400 1E000000 		.4byte	.LVL60
 1164 0404 EF040000 		.4byte	0x4ef
 1165 0408 00       		.byte	0
 1166 0409 17       		.uleb128 0x17
 1167 040a AC010000 		.4byte	.LASF53
 1168 040e 01       		.byte	0x1
 1169 040f F5       		.byte	0xf5
 1170 0410 5D000000 		.4byte	0x5d
 1171 0414 00000000 		.4byte	.LFB39
 1172 0418 20000000 		.4byte	.LFE39-.LFB39
 1173 041c 01       		.uleb128 0x1
 1174 041d 9C       		.byte	0x9c
 1175 041e 6E040000 		.4byte	0x46e
 1176 0422 0C       		.uleb128 0xc
 1177 0423 0A000000 		.4byte	.LVL61
 1178 0427 FA040000 		.4byte	0x4fa
 1179 042b 35040000 		.4byte	0x435
 1180 042f 0D       		.uleb128 0xd
 1181 0430 01       		.uleb128 0x1
 1182 0431 50       		.byte	0x50
 1183 0432 01       		.uleb128 0x1
 1184 0433 31       		.byte	0x31
 1185 0434 00       		.byte	0
 1186 0435 0C       		.uleb128 0xc
 1187 0436 10000000 		.4byte	.LVL62
 1188 043a 05050000 		.4byte	0x505
 1189 043e 48040000 		.4byte	0x448
 1190 0442 0D       		.uleb128 0xd
 1191 0443 01       		.uleb128 0x1
 1192 0444 50       		.byte	0x50
 1193 0445 01       		.uleb128 0x1
 1194 0446 31       		.byte	0x31
 1195 0447 00       		.byte	0
 1196 0448 0C       		.uleb128 0xc
 1197 0449 16000000 		.4byte	.LVL63
 1198 044d 10050000 		.4byte	0x510
 1199 0451 5B040000 		.4byte	0x45b
 1200 0455 0D       		.uleb128 0xd
 1201 0456 01       		.uleb128 0x1
 1202 0457 50       		.byte	0x50
 1203 0458 01       		.uleb128 0x1
 1204 0459 31       		.byte	0x31
 1205 045a 00       		.byte	0
 1206 045b 16       		.uleb128 0x16
 1207 045c 1A000000 		.4byte	.LVL64
 1208 0460 CA030000 		.4byte	0x3ca
 1209 0464 16       		.uleb128 0x16
 1210 0465 1E000000 		.4byte	.LVL65
 1211 0469 8A030000 		.4byte	0x38a
 1212 046d 00       		.byte	0
 1213 046e 18       		.uleb128 0x18
 1214 046f 14010000 		.4byte	0x114
 1215 0473 7E040000 		.4byte	0x47e
 1216 0477 19       		.uleb128 0x19
 1217 0478 9F000000 		.4byte	0x9f
 1218 047c 02       		.byte	0x2
ARM GAS  C:\Users\ykuch\AppData\Local\Temp\ccqAcHJj.s 			page 27


 1219 047d 00       		.byte	0
 1220 047e 1A       		.uleb128 0x1a
 1221 047f 10030000 		.4byte	.LASF39
 1222 0483 01       		.byte	0x1
 1223 0484 21       		.byte	0x21
 1224 0485 6E040000 		.4byte	0x46e
 1225 0489 05       		.uleb128 0x5
 1226 048a 03       		.byte	0x3
 1227 048b 00000000 		.4byte	ChannelDescriptorsArray
 1228 048f 18       		.uleb128 0x18
 1229 0490 91000000 		.4byte	0x91
 1230 0494 9F040000 		.4byte	0x49f
 1231 0498 19       		.uleb128 0x19
 1232 0499 9F000000 		.4byte	0x9f
 1233 049d 09       		.byte	0x9
 1234 049e 00       		.byte	0
 1235 049f 1A       		.uleb128 0x1a
 1236 04a0 F3010000 		.4byte	.LASF40
 1237 04a4 01       		.byte	0x1
 1238 04a5 23       		.byte	0x23
 1239 04a6 8F040000 		.4byte	0x48f
 1240 04aa 05       		.uleb128 0x5
 1241 04ab 03       		.byte	0x3
 1242 04ac 00000000 		.4byte	UartBuffer
 1243 04b0 1A       		.uleb128 0x1a
 1244 04b1 F6020000 		.4byte	.LASF41
 1245 04b5 01       		.byte	0x1
 1246 04b6 25       		.byte	0x25
 1247 04b7 6B000000 		.4byte	0x6b
 1248 04bb 05       		.uleb128 0x5
 1249 04bc 03       		.byte	0x3
 1250 04bd 00000000 		.4byte	UartBufferIdx
 1251 04c1 1B       		.uleb128 0x1b
 1252 04c2 85010000 		.4byte	.LASF42
 1253 04c6 85010000 		.4byte	.LASF42
 1254 04ca 03       		.byte	0x3
 1255 04cb 4403     		.2byte	0x344
 1256 04cd 1B       		.uleb128 0x1b
 1257 04ce 1B000000 		.4byte	.LASF43
 1258 04d2 1B000000 		.4byte	.LASF43
 1259 04d6 03       		.byte	0x3
 1260 04d7 0F03     		.2byte	0x30f
 1261 04d9 1C       		.uleb128 0x1c
 1262 04da 00000000 		.4byte	.LASF44
 1263 04de 00000000 		.4byte	.LASF44
 1264 04e2 04       		.byte	0x4
 1265 04e3 72       		.byte	0x72
 1266 04e4 1C       		.uleb128 0x1c
 1267 04e5 39030000 		.4byte	.LASF45
 1268 04e9 39030000 		.4byte	.LASF45
 1269 04ed 05       		.byte	0x5
 1270 04ee 18       		.byte	0x18
 1271 04ef 1C       		.uleb128 0x1c
 1272 04f0 0D000000 		.4byte	.LASF46
 1273 04f4 0D000000 		.4byte	.LASF46
 1274 04f8 06       		.byte	0x6
 1275 04f9 5A       		.byte	0x5a
ARM GAS  C:\Users\ykuch\AppData\Local\Temp\ccqAcHJj.s 			page 28


 1276 04fa 1C       		.uleb128 0x1c
 1277 04fb 44010000 		.4byte	.LASF47
 1278 04ff 44010000 		.4byte	.LASF47
 1279 0503 07       		.byte	0x7
 1280 0504 33       		.byte	0x33
 1281 0505 1C       		.uleb128 0x1c
 1282 0506 47030000 		.4byte	.LASF48
 1283 050a 47030000 		.4byte	.LASF48
 1284 050e 08       		.byte	0x8
 1285 050f 33       		.byte	0x33
 1286 0510 1C       		.uleb128 0x1c
 1287 0511 C4000000 		.4byte	.LASF49
 1288 0515 C4000000 		.4byte	.LASF49
 1289 0519 09       		.byte	0x9
 1290 051a 33       		.byte	0x33
 1291 051b 00       		.byte	0
 1292              		.section	.debug_abbrev,"",%progbits
 1293              	.Ldebug_abbrev0:
 1294 0000 01       		.uleb128 0x1
 1295 0001 11       		.uleb128 0x11
 1296 0002 01       		.byte	0x1
 1297 0003 25       		.uleb128 0x25
 1298 0004 0E       		.uleb128 0xe
 1299 0005 13       		.uleb128 0x13
 1300 0006 0B       		.uleb128 0xb
 1301 0007 03       		.uleb128 0x3
 1302 0008 0E       		.uleb128 0xe
 1303 0009 1B       		.uleb128 0x1b
 1304 000a 0E       		.uleb128 0xe
 1305 000b 55       		.uleb128 0x55
 1306 000c 17       		.uleb128 0x17
 1307 000d 11       		.uleb128 0x11
 1308 000e 01       		.uleb128 0x1
 1309 000f 10       		.uleb128 0x10
 1310 0010 17       		.uleb128 0x17
 1311 0011 00       		.byte	0
 1312 0012 00       		.byte	0
 1313 0013 02       		.uleb128 0x2
 1314 0014 24       		.uleb128 0x24
 1315 0015 00       		.byte	0
 1316 0016 0B       		.uleb128 0xb
 1317 0017 0B       		.uleb128 0xb
 1318 0018 3E       		.uleb128 0x3e
 1319 0019 0B       		.uleb128 0xb
 1320 001a 03       		.uleb128 0x3
 1321 001b 0E       		.uleb128 0xe
 1322 001c 00       		.byte	0
 1323 001d 00       		.byte	0
 1324 001e 03       		.uleb128 0x3
 1325 001f 24       		.uleb128 0x24
 1326 0020 00       		.byte	0
 1327 0021 0B       		.uleb128 0xb
 1328 0022 0B       		.uleb128 0xb
 1329 0023 3E       		.uleb128 0x3e
 1330 0024 0B       		.uleb128 0xb
 1331 0025 03       		.uleb128 0x3
 1332 0026 08       		.uleb128 0x8
ARM GAS  C:\Users\ykuch\AppData\Local\Temp\ccqAcHJj.s 			page 29


 1333 0027 00       		.byte	0
 1334 0028 00       		.byte	0
 1335 0029 04       		.uleb128 0x4
 1336 002a 16       		.uleb128 0x16
 1337 002b 00       		.byte	0
 1338 002c 03       		.uleb128 0x3
 1339 002d 0E       		.uleb128 0xe
 1340 002e 3A       		.uleb128 0x3a
 1341 002f 0B       		.uleb128 0xb
 1342 0030 3B       		.uleb128 0x3b
 1343 0031 05       		.uleb128 0x5
 1344 0032 49       		.uleb128 0x49
 1345 0033 13       		.uleb128 0x13
 1346 0034 00       		.byte	0
 1347 0035 00       		.byte	0
 1348 0036 05       		.uleb128 0x5
 1349 0037 13       		.uleb128 0x13
 1350 0038 01       		.byte	0x1
 1351 0039 0B       		.uleb128 0xb
 1352 003a 0B       		.uleb128 0xb
 1353 003b 3A       		.uleb128 0x3a
 1354 003c 0B       		.uleb128 0xb
 1355 003d 3B       		.uleb128 0x3b
 1356 003e 0B       		.uleb128 0xb
 1357 003f 01       		.uleb128 0x1
 1358 0040 13       		.uleb128 0x13
 1359 0041 00       		.byte	0
 1360 0042 00       		.byte	0
 1361 0043 06       		.uleb128 0x6
 1362 0044 0D       		.uleb128 0xd
 1363 0045 00       		.byte	0
 1364 0046 03       		.uleb128 0x3
 1365 0047 0E       		.uleb128 0xe
 1366 0048 3A       		.uleb128 0x3a
 1367 0049 0B       		.uleb128 0xb
 1368 004a 3B       		.uleb128 0x3b
 1369 004b 0B       		.uleb128 0xb
 1370 004c 49       		.uleb128 0x49
 1371 004d 13       		.uleb128 0x13
 1372 004e 38       		.uleb128 0x38
 1373 004f 0B       		.uleb128 0xb
 1374 0050 00       		.byte	0
 1375 0051 00       		.byte	0
 1376 0052 07       		.uleb128 0x7
 1377 0053 15       		.uleb128 0x15
 1378 0054 01       		.byte	0x1
 1379 0055 27       		.uleb128 0x27
 1380 0056 19       		.uleb128 0x19
 1381 0057 01       		.uleb128 0x1
 1382 0058 13       		.uleb128 0x13
 1383 0059 00       		.byte	0
 1384 005a 00       		.byte	0
 1385 005b 08       		.uleb128 0x8
 1386 005c 05       		.uleb128 0x5
 1387 005d 00       		.byte	0
 1388 005e 49       		.uleb128 0x49
 1389 005f 13       		.uleb128 0x13
ARM GAS  C:\Users\ykuch\AppData\Local\Temp\ccqAcHJj.s 			page 30


 1390 0060 00       		.byte	0
 1391 0061 00       		.byte	0
 1392 0062 09       		.uleb128 0x9
 1393 0063 0F       		.uleb128 0xf
 1394 0064 00       		.byte	0
 1395 0065 0B       		.uleb128 0xb
 1396 0066 0B       		.uleb128 0xb
 1397 0067 49       		.uleb128 0x49
 1398 0068 13       		.uleb128 0x13
 1399 0069 00       		.byte	0
 1400 006a 00       		.byte	0
 1401 006b 0A       		.uleb128 0xa
 1402 006c 16       		.uleb128 0x16
 1403 006d 00       		.byte	0
 1404 006e 03       		.uleb128 0x3
 1405 006f 0E       		.uleb128 0xe
 1406 0070 3A       		.uleb128 0x3a
 1407 0071 0B       		.uleb128 0xb
 1408 0072 3B       		.uleb128 0x3b
 1409 0073 0B       		.uleb128 0xb
 1410 0074 49       		.uleb128 0x49
 1411 0075 13       		.uleb128 0x13
 1412 0076 00       		.byte	0
 1413 0077 00       		.byte	0
 1414 0078 0B       		.uleb128 0xb
 1415 0079 2E       		.uleb128 0x2e
 1416 007a 01       		.byte	0x1
 1417 007b 3F       		.uleb128 0x3f
 1418 007c 19       		.uleb128 0x19
 1419 007d 03       		.uleb128 0x3
 1420 007e 0E       		.uleb128 0xe
 1421 007f 3A       		.uleb128 0x3a
 1422 0080 0B       		.uleb128 0xb
 1423 0081 3B       		.uleb128 0x3b
 1424 0082 0B       		.uleb128 0xb
 1425 0083 27       		.uleb128 0x27
 1426 0084 19       		.uleb128 0x19
 1427 0085 11       		.uleb128 0x11
 1428 0086 01       		.uleb128 0x1
 1429 0087 12       		.uleb128 0x12
 1430 0088 06       		.uleb128 0x6
 1431 0089 40       		.uleb128 0x40
 1432 008a 18       		.uleb128 0x18
 1433 008b 9742     		.uleb128 0x2117
 1434 008d 19       		.uleb128 0x19
 1435 008e 01       		.uleb128 0x1
 1436 008f 13       		.uleb128 0x13
 1437 0090 00       		.byte	0
 1438 0091 00       		.byte	0
 1439 0092 0C       		.uleb128 0xc
 1440 0093 898201   		.uleb128 0x4109
 1441 0096 01       		.byte	0x1
 1442 0097 11       		.uleb128 0x11
 1443 0098 01       		.uleb128 0x1
 1444 0099 31       		.uleb128 0x31
 1445 009a 13       		.uleb128 0x13
 1446 009b 01       		.uleb128 0x1
ARM GAS  C:\Users\ykuch\AppData\Local\Temp\ccqAcHJj.s 			page 31


 1447 009c 13       		.uleb128 0x13
 1448 009d 00       		.byte	0
 1449 009e 00       		.byte	0
 1450 009f 0D       		.uleb128 0xd
 1451 00a0 8A8201   		.uleb128 0x410a
 1452 00a3 00       		.byte	0
 1453 00a4 02       		.uleb128 0x2
 1454 00a5 18       		.uleb128 0x18
 1455 00a6 9142     		.uleb128 0x2111
 1456 00a8 18       		.uleb128 0x18
 1457 00a9 00       		.byte	0
 1458 00aa 00       		.byte	0
 1459 00ab 0E       		.uleb128 0xe
 1460 00ac 898201   		.uleb128 0x4109
 1461 00af 01       		.byte	0x1
 1462 00b0 11       		.uleb128 0x11
 1463 00b1 01       		.uleb128 0x1
 1464 00b2 31       		.uleb128 0x31
 1465 00b3 13       		.uleb128 0x13
 1466 00b4 00       		.byte	0
 1467 00b5 00       		.byte	0
 1468 00b6 0F       		.uleb128 0xf
 1469 00b7 05       		.uleb128 0x5
 1470 00b8 00       		.byte	0
 1471 00b9 03       		.uleb128 0x3
 1472 00ba 0E       		.uleb128 0xe
 1473 00bb 3A       		.uleb128 0x3a
 1474 00bc 0B       		.uleb128 0xb
 1475 00bd 3B       		.uleb128 0x3b
 1476 00be 0B       		.uleb128 0xb
 1477 00bf 49       		.uleb128 0x49
 1478 00c0 13       		.uleb128 0x13
 1479 00c1 02       		.uleb128 0x2
 1480 00c2 17       		.uleb128 0x17
 1481 00c3 00       		.byte	0
 1482 00c4 00       		.byte	0
 1483 00c5 10       		.uleb128 0x10
 1484 00c6 898201   		.uleb128 0x4109
 1485 00c9 01       		.byte	0x1
 1486 00ca 11       		.uleb128 0x11
 1487 00cb 01       		.uleb128 0x1
 1488 00cc 01       		.uleb128 0x1
 1489 00cd 13       		.uleb128 0x13
 1490 00ce 00       		.byte	0
 1491 00cf 00       		.byte	0
 1492 00d0 11       		.uleb128 0x11
 1493 00d1 898201   		.uleb128 0x4109
 1494 00d4 01       		.byte	0x1
 1495 00d5 11       		.uleb128 0x11
 1496 00d6 01       		.uleb128 0x1
 1497 00d7 00       		.byte	0
 1498 00d8 00       		.byte	0
 1499 00d9 12       		.uleb128 0x12
 1500 00da 34       		.uleb128 0x34
 1501 00db 00       		.byte	0
 1502 00dc 03       		.uleb128 0x3
 1503 00dd 0E       		.uleb128 0xe
ARM GAS  C:\Users\ykuch\AppData\Local\Temp\ccqAcHJj.s 			page 32


 1504 00de 3A       		.uleb128 0x3a
 1505 00df 0B       		.uleb128 0xb
 1506 00e0 3B       		.uleb128 0x3b
 1507 00e1 0B       		.uleb128 0xb
 1508 00e2 49       		.uleb128 0x49
 1509 00e3 13       		.uleb128 0x13
 1510 00e4 02       		.uleb128 0x2
 1511 00e5 17       		.uleb128 0x17
 1512 00e6 00       		.byte	0
 1513 00e7 00       		.byte	0
 1514 00e8 13       		.uleb128 0x13
 1515 00e9 05       		.uleb128 0x5
 1516 00ea 00       		.byte	0
 1517 00eb 03       		.uleb128 0x3
 1518 00ec 08       		.uleb128 0x8
 1519 00ed 3A       		.uleb128 0x3a
 1520 00ee 0B       		.uleb128 0xb
 1521 00ef 3B       		.uleb128 0x3b
 1522 00f0 0B       		.uleb128 0xb
 1523 00f1 49       		.uleb128 0x49
 1524 00f2 13       		.uleb128 0x13
 1525 00f3 02       		.uleb128 0x2
 1526 00f4 17       		.uleb128 0x17
 1527 00f5 00       		.byte	0
 1528 00f6 00       		.byte	0
 1529 00f7 14       		.uleb128 0x14
 1530 00f8 0B       		.uleb128 0xb
 1531 00f9 01       		.byte	0x1
 1532 00fa 55       		.uleb128 0x55
 1533 00fb 17       		.uleb128 0x17
 1534 00fc 01       		.uleb128 0x1
 1535 00fd 13       		.uleb128 0x13
 1536 00fe 00       		.byte	0
 1537 00ff 00       		.byte	0
 1538 0100 15       		.uleb128 0x15
 1539 0101 34       		.uleb128 0x34
 1540 0102 00       		.byte	0
 1541 0103 03       		.uleb128 0x3
 1542 0104 08       		.uleb128 0x8
 1543 0105 3A       		.uleb128 0x3a
 1544 0106 0B       		.uleb128 0xb
 1545 0107 3B       		.uleb128 0x3b
 1546 0108 0B       		.uleb128 0xb
 1547 0109 49       		.uleb128 0x49
 1548 010a 13       		.uleb128 0x13
 1549 010b 02       		.uleb128 0x2
 1550 010c 17       		.uleb128 0x17
 1551 010d 00       		.byte	0
 1552 010e 00       		.byte	0
 1553 010f 16       		.uleb128 0x16
 1554 0110 898201   		.uleb128 0x4109
 1555 0113 00       		.byte	0
 1556 0114 11       		.uleb128 0x11
 1557 0115 01       		.uleb128 0x1
 1558 0116 31       		.uleb128 0x31
 1559 0117 13       		.uleb128 0x13
 1560 0118 00       		.byte	0
ARM GAS  C:\Users\ykuch\AppData\Local\Temp\ccqAcHJj.s 			page 33


 1561 0119 00       		.byte	0
 1562 011a 17       		.uleb128 0x17
 1563 011b 2E       		.uleb128 0x2e
 1564 011c 01       		.byte	0x1
 1565 011d 3F       		.uleb128 0x3f
 1566 011e 19       		.uleb128 0x19
 1567 011f 03       		.uleb128 0x3
 1568 0120 0E       		.uleb128 0xe
 1569 0121 3A       		.uleb128 0x3a
 1570 0122 0B       		.uleb128 0xb
 1571 0123 3B       		.uleb128 0x3b
 1572 0124 0B       		.uleb128 0xb
 1573 0125 27       		.uleb128 0x27
 1574 0126 19       		.uleb128 0x19
 1575 0127 49       		.uleb128 0x49
 1576 0128 13       		.uleb128 0x13
 1577 0129 8701     		.uleb128 0x87
 1578 012b 19       		.uleb128 0x19
 1579 012c 11       		.uleb128 0x11
 1580 012d 01       		.uleb128 0x1
 1581 012e 12       		.uleb128 0x12
 1582 012f 06       		.uleb128 0x6
 1583 0130 40       		.uleb128 0x40
 1584 0131 18       		.uleb128 0x18
 1585 0132 9742     		.uleb128 0x2117
 1586 0134 19       		.uleb128 0x19
 1587 0135 01       		.uleb128 0x1
 1588 0136 13       		.uleb128 0x13
 1589 0137 00       		.byte	0
 1590 0138 00       		.byte	0
 1591 0139 18       		.uleb128 0x18
 1592 013a 01       		.uleb128 0x1
 1593 013b 01       		.byte	0x1
 1594 013c 49       		.uleb128 0x49
 1595 013d 13       		.uleb128 0x13
 1596 013e 01       		.uleb128 0x1
 1597 013f 13       		.uleb128 0x13
 1598 0140 00       		.byte	0
 1599 0141 00       		.byte	0
 1600 0142 19       		.uleb128 0x19
 1601 0143 21       		.uleb128 0x21
 1602 0144 00       		.byte	0
 1603 0145 49       		.uleb128 0x49
 1604 0146 13       		.uleb128 0x13
 1605 0147 2F       		.uleb128 0x2f
 1606 0148 0B       		.uleb128 0xb
 1607 0149 00       		.byte	0
 1608 014a 00       		.byte	0
 1609 014b 1A       		.uleb128 0x1a
 1610 014c 34       		.uleb128 0x34
 1611 014d 00       		.byte	0
 1612 014e 03       		.uleb128 0x3
 1613 014f 0E       		.uleb128 0xe
 1614 0150 3A       		.uleb128 0x3a
 1615 0151 0B       		.uleb128 0xb
 1616 0152 3B       		.uleb128 0x3b
 1617 0153 0B       		.uleb128 0xb
ARM GAS  C:\Users\ykuch\AppData\Local\Temp\ccqAcHJj.s 			page 34


 1618 0154 49       		.uleb128 0x49
 1619 0155 13       		.uleb128 0x13
 1620 0156 3F       		.uleb128 0x3f
 1621 0157 19       		.uleb128 0x19
 1622 0158 02       		.uleb128 0x2
 1623 0159 18       		.uleb128 0x18
 1624 015a 00       		.byte	0
 1625 015b 00       		.byte	0
 1626 015c 1B       		.uleb128 0x1b
 1627 015d 2E       		.uleb128 0x2e
 1628 015e 00       		.byte	0
 1629 015f 3F       		.uleb128 0x3f
 1630 0160 19       		.uleb128 0x19
 1631 0161 3C       		.uleb128 0x3c
 1632 0162 19       		.uleb128 0x19
 1633 0163 6E       		.uleb128 0x6e
 1634 0164 0E       		.uleb128 0xe
 1635 0165 03       		.uleb128 0x3
 1636 0166 0E       		.uleb128 0xe
 1637 0167 3A       		.uleb128 0x3a
 1638 0168 0B       		.uleb128 0xb
 1639 0169 3B       		.uleb128 0x3b
 1640 016a 05       		.uleb128 0x5
 1641 016b 00       		.byte	0
 1642 016c 00       		.byte	0
 1643 016d 1C       		.uleb128 0x1c
 1644 016e 2E       		.uleb128 0x2e
 1645 016f 00       		.byte	0
 1646 0170 3F       		.uleb128 0x3f
 1647 0171 19       		.uleb128 0x19
 1648 0172 3C       		.uleb128 0x3c
 1649 0173 19       		.uleb128 0x19
 1650 0174 6E       		.uleb128 0x6e
 1651 0175 0E       		.uleb128 0xe
 1652 0176 03       		.uleb128 0x3
 1653 0177 0E       		.uleb128 0xe
 1654 0178 3A       		.uleb128 0x3a
 1655 0179 0B       		.uleb128 0xb
 1656 017a 3B       		.uleb128 0x3b
 1657 017b 0B       		.uleb128 0xb
 1658 017c 00       		.byte	0
 1659 017d 00       		.byte	0
 1660 017e 00       		.byte	0
 1661              		.section	.debug_loc,"",%progbits
 1662              	.Ldebug_loc0:
 1663              	.LLST0:
 1664 0000 00000000 		.4byte	.LVL11
 1665 0004 22000000 		.4byte	.LVL12
 1666 0008 0100     		.2byte	0x1
 1667 000a 50       		.byte	0x50
 1668 000b 22000000 		.4byte	.LVL12
 1669 000f 26000000 		.4byte	.LVL14
 1670 0013 0400     		.2byte	0x4
 1671 0015 F3       		.byte	0xf3
 1672 0016 01       		.uleb128 0x1
 1673 0017 50       		.byte	0x50
 1674 0018 9F       		.byte	0x9f
ARM GAS  C:\Users\ykuch\AppData\Local\Temp\ccqAcHJj.s 			page 35


 1675 0019 26000000 		.4byte	.LVL14
 1676 001d 48000000 		.4byte	.LVL15
 1677 0021 0100     		.2byte	0x1
 1678 0023 50       		.byte	0x50
 1679 0024 48000000 		.4byte	.LVL15
 1680 0028 4C000000 		.4byte	.LVL17
 1681 002c 0400     		.2byte	0x4
 1682 002e F3       		.byte	0xf3
 1683 002f 01       		.uleb128 0x1
 1684 0030 50       		.byte	0x50
 1685 0031 9F       		.byte	0x9f
 1686 0032 4C000000 		.4byte	.LVL17
 1687 0036 6E000000 		.4byte	.LVL18
 1688 003a 0100     		.2byte	0x1
 1689 003c 50       		.byte	0x50
 1690 003d 6E000000 		.4byte	.LVL18
 1691 0041 72000000 		.4byte	.LVL20
 1692 0045 0400     		.2byte	0x4
 1693 0047 F3       		.byte	0xf3
 1694 0048 01       		.uleb128 0x1
 1695 0049 50       		.byte	0x50
 1696 004a 9F       		.byte	0x9f
 1697 004b 72000000 		.4byte	.LVL20
 1698 004f 9C000000 		.4byte	.LVL21
 1699 0053 0100     		.2byte	0x1
 1700 0055 50       		.byte	0x50
 1701 0056 9C000000 		.4byte	.LVL21
 1702 005a A4000000 		.4byte	.LFE33
 1703 005e 0400     		.2byte	0x4
 1704 0060 F3       		.byte	0xf3
 1705 0061 01       		.uleb128 0x1
 1706 0062 50       		.byte	0x50
 1707 0063 9F       		.byte	0x9f
 1708 0064 00000000 		.4byte	0
 1709 0068 00000000 		.4byte	0
 1710              	.LLST1:
 1711 006c 02000000 		.4byte	.LVL22
 1712 0070 06000000 		.4byte	.LVL23
 1713 0074 0200     		.2byte	0x2
 1714 0076 30       		.byte	0x30
 1715 0077 9F       		.byte	0x9f
 1716 0078 06000000 		.4byte	.LVL23
 1717 007c 0E000000 		.4byte	.LVL25
 1718 0080 0100     		.2byte	0x1
 1719 0082 54       		.byte	0x54
 1720 0083 10000000 		.4byte	.LVL26
 1721 0087 14000000 		.4byte	.LVL27
 1722 008b 0100     		.2byte	0x1
 1723 008d 54       		.byte	0x54
 1724 008e 00000000 		.4byte	0
 1725 0092 00000000 		.4byte	0
 1726              	.LLST2:
 1727 0096 00000000 		.4byte	.LVL28
 1728 009a 18000000 		.4byte	.LVL30
 1729 009e 0100     		.2byte	0x1
 1730 00a0 50       		.byte	0x50
 1731 00a1 18000000 		.4byte	.LVL30
ARM GAS  C:\Users\ykuch\AppData\Local\Temp\ccqAcHJj.s 			page 36


 1732 00a5 4C000000 		.4byte	.LFE35
 1733 00a9 0400     		.2byte	0x4
 1734 00ab F3       		.byte	0xf3
 1735 00ac 01       		.uleb128 0x1
 1736 00ad 50       		.byte	0x50
 1737 00ae 9F       		.byte	0x9f
 1738 00af 00000000 		.4byte	0
 1739 00b3 00000000 		.4byte	0
 1740              	.LLST3:
 1741 00b7 00000000 		.4byte	.LVL28
 1742 00bb 18000000 		.4byte	.LVL30
 1743 00bf 0100     		.2byte	0x1
 1744 00c1 51       		.byte	0x51
 1745 00c2 18000000 		.4byte	.LVL30
 1746 00c6 4C000000 		.4byte	.LFE35
 1747 00ca 0400     		.2byte	0x4
 1748 00cc F3       		.byte	0xf3
 1749 00cd 01       		.uleb128 0x1
 1750 00ce 51       		.byte	0x51
 1751 00cf 9F       		.byte	0x9f
 1752 00d0 00000000 		.4byte	0
 1753 00d4 00000000 		.4byte	0
 1754              	.LLST4:
 1755 00d8 00000000 		.4byte	.LVL28
 1756 00dc 18000000 		.4byte	.LVL30
 1757 00e0 0100     		.2byte	0x1
 1758 00e2 52       		.byte	0x52
 1759 00e3 18000000 		.4byte	.LVL30
 1760 00e7 4C000000 		.4byte	.LFE35
 1761 00eb 0400     		.2byte	0x4
 1762 00ed F3       		.byte	0xf3
 1763 00ee 01       		.uleb128 0x1
 1764 00ef 52       		.byte	0x52
 1765 00f0 9F       		.byte	0x9f
 1766 00f1 00000000 		.4byte	0
 1767 00f5 00000000 		.4byte	0
 1768              	.LLST5:
 1769 00f9 00000000 		.4byte	.LVL28
 1770 00fd 18000000 		.4byte	.LVL30
 1771 0101 0100     		.2byte	0x1
 1772 0103 53       		.byte	0x53
 1773 0104 18000000 		.4byte	.LVL30
 1774 0108 4C000000 		.4byte	.LFE35
 1775 010c 0400     		.2byte	0x4
 1776 010e F3       		.byte	0xf3
 1777 010f 01       		.uleb128 0x1
 1778 0110 53       		.byte	0x53
 1779 0111 9F       		.byte	0x9f
 1780 0112 00000000 		.4byte	0
 1781 0116 00000000 		.4byte	0
 1782              	.LLST6:
 1783 011a 14000000 		.4byte	.LVL29
 1784 011e 18000000 		.4byte	.LVL30
 1785 0122 0200     		.2byte	0x2
 1786 0124 30       		.byte	0x30
 1787 0125 9F       		.byte	0x9f
 1788 0126 18000000 		.4byte	.LVL30
ARM GAS  C:\Users\ykuch\AppData\Local\Temp\ccqAcHJj.s 			page 37


 1789 012a 3E000000 		.4byte	.LVL32
 1790 012e 0100     		.2byte	0x1
 1791 0130 54       		.byte	0x54
 1792 0131 40000000 		.4byte	.LVL33
 1793 0135 46000000 		.4byte	.LVL34
 1794 0139 0100     		.2byte	0x1
 1795 013b 54       		.byte	0x54
 1796 013c 00000000 		.4byte	0
 1797 0140 00000000 		.4byte	0
 1798              	.LLST7:
 1799 0144 1C000000 		.4byte	.LVL38
 1800 0148 25000000 		.4byte	.LVL39-1
 1801 014c 0100     		.2byte	0x1
 1802 014e 50       		.byte	0x50
 1803 014f 28000000 		.4byte	.LVL40
 1804 0153 33000000 		.4byte	.LVL41-1
 1805 0157 0100     		.2byte	0x1
 1806 0159 50       		.byte	0x50
 1807 015a 36000000 		.4byte	.LVL42
 1808 015e 41000000 		.4byte	.LVL43-1
 1809 0162 0100     		.2byte	0x1
 1810 0164 50       		.byte	0x50
 1811 0165 44000000 		.4byte	.LVL44
 1812 0169 63000000 		.4byte	.LVL49-1
 1813 016d 0100     		.2byte	0x1
 1814 016f 50       		.byte	0x50
 1815 0170 66000000 		.4byte	.LVL50
 1816 0174 69000000 		.4byte	.LVL51-1
 1817 0178 0100     		.2byte	0x1
 1818 017a 50       		.byte	0x50
 1819 017b 00000000 		.4byte	0
 1820 017f 00000000 		.4byte	0
 1821              	.LLST8:
 1822 0183 0A000000 		.4byte	.LVL35
 1823 0187 25000000 		.4byte	.LVL39-1
 1824 018b 0100     		.2byte	0x1
 1825 018d 51       		.byte	0x51
 1826 018e 28000000 		.4byte	.LVL40
 1827 0192 33000000 		.4byte	.LVL41-1
 1828 0196 0100     		.2byte	0x1
 1829 0198 51       		.byte	0x51
 1830 0199 36000000 		.4byte	.LVL42
 1831 019d 41000000 		.4byte	.LVL43-1
 1832 01a1 0100     		.2byte	0x1
 1833 01a3 51       		.byte	0x51
 1834 01a4 44000000 		.4byte	.LVL44
 1835 01a8 63000000 		.4byte	.LVL49-1
 1836 01ac 0100     		.2byte	0x1
 1837 01ae 51       		.byte	0x51
 1838 01af 66000000 		.4byte	.LVL50
 1839 01b3 69000000 		.4byte	.LVL51-1
 1840 01b7 0100     		.2byte	0x1
 1841 01b9 51       		.byte	0x51
 1842 01ba 00000000 		.4byte	0
 1843 01be 00000000 		.4byte	0
 1844              	.LLST9:
 1845 01c2 10000000 		.4byte	.LVL36
ARM GAS  C:\Users\ykuch\AppData\Local\Temp\ccqAcHJj.s 			page 38


 1846 01c6 25000000 		.4byte	.LVL39-1
 1847 01ca 0100     		.2byte	0x1
 1848 01cc 52       		.byte	0x52
 1849 01cd 28000000 		.4byte	.LVL40
 1850 01d1 33000000 		.4byte	.LVL41-1
 1851 01d5 0100     		.2byte	0x1
 1852 01d7 52       		.byte	0x52
 1853 01d8 36000000 		.4byte	.LVL42
 1854 01dc 41000000 		.4byte	.LVL43-1
 1855 01e0 0100     		.2byte	0x1
 1856 01e2 52       		.byte	0x52
 1857 01e3 44000000 		.4byte	.LVL44
 1858 01e7 63000000 		.4byte	.LVL49-1
 1859 01eb 0100     		.2byte	0x1
 1860 01ed 52       		.byte	0x52
 1861 01ee 66000000 		.4byte	.LVL50
 1862 01f2 69000000 		.4byte	.LVL51-1
 1863 01f6 0100     		.2byte	0x1
 1864 01f8 52       		.byte	0x52
 1865 01f9 00000000 		.4byte	0
 1866 01fd 00000000 		.4byte	0
 1867              	.LLST10:
 1868 0201 16000000 		.4byte	.LVL37
 1869 0205 25000000 		.4byte	.LVL39-1
 1870 0209 0100     		.2byte	0x1
 1871 020b 53       		.byte	0x53
 1872 020c 28000000 		.4byte	.LVL40
 1873 0210 33000000 		.4byte	.LVL41-1
 1874 0214 0100     		.2byte	0x1
 1875 0216 53       		.byte	0x53
 1876 0217 36000000 		.4byte	.LVL42
 1877 021b 41000000 		.4byte	.LVL43-1
 1878 021f 0100     		.2byte	0x1
 1879 0221 53       		.byte	0x53
 1880 0222 44000000 		.4byte	.LVL44
 1881 0226 63000000 		.4byte	.LVL49-1
 1882 022a 0100     		.2byte	0x1
 1883 022c 53       		.byte	0x53
 1884 022d 66000000 		.4byte	.LVL50
 1885 0231 69000000 		.4byte	.LVL51-1
 1886 0235 0100     		.2byte	0x1
 1887 0237 53       		.byte	0x53
 1888 0238 00000000 		.4byte	0
 1889 023c 00000000 		.4byte	0
 1890              	.LLST11:
 1891 0240 36000000 		.4byte	.LVL42
 1892 0244 46000000 		.4byte	.LVL45
 1893 0248 0100     		.2byte	0x1
 1894 024a 54       		.byte	0x54
 1895 024b 48000000 		.4byte	.LVL46
 1896 024f 4A000000 		.4byte	.LVL47
 1897 0253 0100     		.2byte	0x1
 1898 0255 54       		.byte	0x54
 1899 0256 4C000000 		.4byte	.LVL48
 1900 025a 6A000000 		.4byte	.LVL51
 1901 025e 0100     		.2byte	0x1
 1902 0260 54       		.byte	0x54
ARM GAS  C:\Users\ykuch\AppData\Local\Temp\ccqAcHJj.s 			page 39


 1903 0261 00000000 		.4byte	0
 1904 0265 00000000 		.4byte	0
 1905              	.LLST12:
 1906 0269 02000000 		.4byte	.LVL52
 1907 026d 08000000 		.4byte	.LVL54
 1908 0271 0200     		.2byte	0x2
 1909 0273 30       		.byte	0x30
 1910 0274 9F       		.byte	0x9f
 1911 0275 08000000 		.4byte	.LVL54
 1912 0279 3A000000 		.4byte	.LVL57
 1913 027d 0100     		.2byte	0x1
 1914 027f 54       		.byte	0x54
 1915 0280 00000000 		.4byte	0
 1916 0284 00000000 		.4byte	0
 1917              		.section	.debug_aranges,"",%progbits
 1918 0000 54000000 		.4byte	0x54
 1919 0004 0200     		.2byte	0x2
 1920 0006 00000000 		.4byte	.Ldebug_info0
 1921 000a 04       		.byte	0x4
 1922 000b 00       		.byte	0
 1923 000c 0000     		.2byte	0
 1924 000e 0000     		.2byte	0
 1925 0010 00000000 		.4byte	.LFB32
 1926 0014 46000000 		.4byte	.LFE32-.LFB32
 1927 0018 00000000 		.4byte	.LFB33
 1928 001c A4000000 		.4byte	.LFE33-.LFB33
 1929 0020 00000000 		.4byte	.LFB34
 1930 0024 16000000 		.4byte	.LFE34-.LFB34
 1931 0028 00000000 		.4byte	.LFB35
 1932 002c 4C000000 		.4byte	.LFE35-.LFB35
 1933 0030 00000000 		.4byte	.LFB36
 1934 0034 70000000 		.4byte	.LFE36-.LFB36
 1935 0038 00000000 		.4byte	.LFB37
 1936 003c 44000000 		.4byte	.LFE37-.LFB37
 1937 0040 00000000 		.4byte	.LFB38
 1938 0044 34000000 		.4byte	.LFE38-.LFB38
 1939 0048 00000000 		.4byte	.LFB39
 1940 004c 20000000 		.4byte	.LFE39-.LFB39
 1941 0050 00000000 		.4byte	0
 1942 0054 00000000 		.4byte	0
 1943              		.section	.debug_ranges,"",%progbits
 1944              	.Ldebug_ranges0:
 1945 0000 36000000 		.4byte	.LBB2
 1946 0004 4A000000 		.4byte	.LBE2
 1947 0008 4C000000 		.4byte	.LBB3
 1948 000c 50000000 		.4byte	.LBE3
 1949 0010 00000000 		.4byte	0
 1950 0014 00000000 		.4byte	0
 1951 0018 00000000 		.4byte	.LFB32
 1952 001c 46000000 		.4byte	.LFE32
 1953 0020 00000000 		.4byte	.LFB33
 1954 0024 A4000000 		.4byte	.LFE33
 1955 0028 00000000 		.4byte	.LFB34
 1956 002c 16000000 		.4byte	.LFE34
 1957 0030 00000000 		.4byte	.LFB35
 1958 0034 4C000000 		.4byte	.LFE35
 1959 0038 00000000 		.4byte	.LFB36
ARM GAS  C:\Users\ykuch\AppData\Local\Temp\ccqAcHJj.s 			page 40


 1960 003c 70000000 		.4byte	.LFE36
 1961 0040 00000000 		.4byte	.LFB37
 1962 0044 44000000 		.4byte	.LFE37
 1963 0048 00000000 		.4byte	.LFB38
 1964 004c 34000000 		.4byte	.LFE38
 1965 0050 00000000 		.4byte	.LFB39
 1966 0054 20000000 		.4byte	.LFE39
 1967 0058 00000000 		.4byte	0
 1968 005c 00000000 		.4byte	0
 1969              		.section	.debug_line,"",%progbits
 1970              	.Ldebug_line0:
 1971 0000 E3010000 		.section	.debug_str,"MS",%progbits,1
 1971      0200AD00 
 1971      00000201 
 1971      FB0E0D00 
 1971      01010101 
 1972              	.LASF44:
 1973 0000 55415254 		.ascii	"UART_1_Start\000"
 1973      5F315F53 
 1973      74617274 
 1973      00
 1974              	.LASF46:
 1975 000d 54696D65 		.ascii	"Timer_1_Start\000"
 1975      725F315F 
 1975      53746172 
 1975      7400
 1976              	.LASF43:
 1977 001b 55415254 		.ascii	"UART_1_UartGetChar\000"
 1977      5F315F55 
 1977      61727447 
 1977      65744368 
 1977      617200
 1978              	.LASF26:
 1979 002e 54696D65 		.ascii	"TimeSlotInterrupt\000"
 1979      536C6F74 
 1979      496E7465 
 1979      72727570 
 1979      7400
 1980              	.LASF25:
 1981 0040 4368616E 		.ascii	"ChannelController\000"
 1981      6E656C43 
 1981      6F6E7472 
 1981      6F6C6C65 
 1981      7200
 1982              	.LASF23:
 1983 0052 4368616E 		.ascii	"ChannelDescriptorType\000"
 1983      6E656C44 
 1983      65736372 
 1983      6970746F 
 1983      72547970 
 1984              	.LASF30:
 1985 0068 43757272 		.ascii	"CurrentChannelNumber\000"
 1985      656E7443 
 1985      68616E6E 
 1985      656C4E75 
 1985      6D626572 
 1986              	.LASF31:
ARM GAS  C:\Users\ykuch\AppData\Local\Temp\ccqAcHJj.s 			page 41


 1987 007d 4368616E 		.ascii	"ChannelIdx\000"
 1987      6E656C49 
 1987      647800
 1988              	.LASF52:
 1989 0088 433A5C50 		.ascii	"C:\\PSoC\\Kursova_10_Varik.cydsn\000"
 1989      536F435C 
 1989      4B757273 
 1989      6F76615F 
 1989      31305F56 
 1990              	.LASF22:
 1991 00a7 50696E43 		.ascii	"PinControlFunction\000"
 1991      6F6E7472 
 1991      6F6C4675 
 1991      6E637469 
 1991      6F6E00
 1992              	.LASF18:
 1993 00ba 43757272 		.ascii	"Current_L\000"
 1993      656E745F 
 1993      4C00
 1994              	.LASF49:
 1995 00c4 47726565 		.ascii	"Green_Output_Write\000"
 1995      6E5F4F75 
 1995      74707574 
 1995      5F577269 
 1995      746500
 1996              	.LASF11:
 1997 00d7 666C6F61 		.ascii	"float\000"
 1997      7400
 1998              	.LASF0:
 1999 00dd 7369676E 		.ascii	"signed char\000"
 1999      65642063 
 1999      68617200 
 2000              	.LASF33:
 2001 00e9 56616C75 		.ascii	"ValueD\000"
 2001      654400
 2002              	.LASF1:
 2003 00f0 756E7369 		.ascii	"unsigned char\000"
 2003      676E6564 
 2003      20636861 
 2003      7200
 2004              	.LASF34:
 2005 00fe 56616C75 		.ascii	"ValueH\000"
 2005      654800
 2006              	.LASF29:
 2007 0105 4368616E 		.ascii	"ChannelNumber\000"
 2007      6E656C4E 
 2007      756D6265 
 2007      7200
 2008              	.LASF5:
 2009 0113 6C6F6E67 		.ascii	"long unsigned int\000"
 2009      20756E73 
 2009      69676E65 
 2009      6420696E 
 2009      7400
 2010              	.LASF35:
 2011 0125 56616C75 		.ascii	"ValueL\000"
 2011      654C00
ARM GAS  C:\Users\ykuch\AppData\Local\Temp\ccqAcHJj.s 			page 42


 2012              	.LASF3:
 2013 012c 73686F72 		.ascii	"short unsigned int\000"
 2013      7420756E 
 2013      7369676E 
 2013      65642069 
 2013      6E7400
 2014              	.LASF38:
 2015 013f 496E6974 		.ascii	"Init\000"
 2015      00
 2016              	.LASF47:
 2017 0144 426C7565 		.ascii	"Blue_Output_Write\000"
 2017      5F4F7574 
 2017      7075745F 
 2017      57726974 
 2017      6500
 2018              	.LASF37:
 2019 0156 43757272 		.ascii	"CurrentCharacter\000"
 2019      656E7443 
 2019      68617261 
 2019      63746572 
 2019      00
 2020              	.LASF24:
 2021 0167 4572726F 		.ascii	"Error_Return\000"
 2021      725F5265 
 2021      7475726E 
 2021      00
 2022              	.LASF12:
 2023 0174 646F7562 		.ascii	"double\000"
 2023      6C6500
 2024              	.LASF2:
 2025 017b 73686F72 		.ascii	"short int\000"
 2025      7420696E 
 2025      7400
 2026              	.LASF42:
 2027 0185 55415254 		.ascii	"UART_1_SpiUartWriteTxData\000"
 2027      5F315F53 
 2027      70695561 
 2027      72745772 
 2027      69746554 
 2028              	.LASF19:
 2029 019f 4D61785F 		.ascii	"Max_D\000"
 2029      4400
 2030              	.LASF10:
 2031 01a5 75696E74 		.ascii	"uint32\000"
 2031      333200
 2032              	.LASF53:
 2033 01ac 6D61696E 		.ascii	"main\000"
 2033      00
 2034              	.LASF8:
 2035 01b1 756E7369 		.ascii	"unsigned int\000"
 2035      676E6564 
 2035      20696E74 
 2035      00
 2036              	.LASF21:
 2037 01be 4D61785F 		.ascii	"Max_L\000"
 2037      4C00
 2038              	.LASF7:
ARM GAS  C:\Users\ykuch\AppData\Local\Temp\ccqAcHJj.s 			page 43


 2039 01c4 6C6F6E67 		.ascii	"long long unsigned int\000"
 2039      206C6F6E 
 2039      6720756E 
 2039      7369676E 
 2039      65642069 
 2040              	.LASF27:
 2041 01db 55706461 		.ascii	"UpdateChannelDescriptor\000"
 2041      74654368 
 2041      616E6E65 
 2041      6C446573 
 2041      63726970 
 2042              	.LASF40:
 2043 01f3 55617274 		.ascii	"UartBuffer\000"
 2043      42756666 
 2043      657200
 2044              	.LASF16:
 2045 01fe 43757272 		.ascii	"Current_D\000"
 2045      656E745F 
 2045      4400
 2046              	.LASF17:
 2047 0208 43757272 		.ascii	"Current_H\000"
 2047      656E745F 
 2047      4800
 2048              	.LASF50:
 2049 0212 474E5520 		.ascii	"GNU C11 5.4.1 20160609 (release) [ARM/embedded-5-br"
 2049      43313120 
 2049      352E342E 
 2049      31203230 
 2049      31363036 
 2050 0245 616E6368 		.ascii	"anch revision 237715] -mcpu=cortex-m0 -mthumb -g -O"
 2050      20726576 
 2050      6973696F 
 2050      6E203233 
 2050      37373135 
 2051 0278 67202D66 		.ascii	"g -ffunction-sections -ffat-lto-objects\000"
 2051      66756E63 
 2051      74696F6E 
 2051      2D736563 
 2051      74696F6E 
 2052              	.LASF36:
 2053 02a0 55617274 		.ascii	"UartDataReader\000"
 2053      44617461 
 2053      52656164 
 2053      657200
 2054              	.LASF15:
 2055 02af 73697A65 		.ascii	"sizetype\000"
 2055      74797065 
 2055      00
 2056              	.LASF6:
 2057 02b8 6C6F6E67 		.ascii	"long long int\000"
 2057      206C6F6E 
 2057      6720696E 
 2057      7400
 2058              	.LASF51:
 2059 02c6 6D61696E 		.ascii	"main.c\000"
 2059      2E6300
 2060              	.LASF13:
ARM GAS  C:\Users\ykuch\AppData\Local\Temp\ccqAcHJj.s 			page 44


 2061 02cd 63686172 		.ascii	"char\000"
 2061      00
 2062              	.LASF28:
 2063 02d2 4368616E 		.ascii	"Channel_Number\000"
 2063      6E656C5F 
 2063      4E756D62 
 2063      657200
 2064              	.LASF20:
 2065 02e1 4D61785F 		.ascii	"Max_H\000"
 2065      4800
 2066              	.LASF9:
 2067 02e7 75696E74 		.ascii	"uint8\000"
 2067      3800
 2068              	.LASF4:
 2069 02ed 6C6F6E67 		.ascii	"long int\000"
 2069      20696E74 
 2069      00
 2070              	.LASF41:
 2071 02f6 55617274 		.ascii	"UartBufferIdx\000"
 2071      42756666 
 2071      65724964 
 2071      7800
 2072              	.LASF14:
 2073 0304 6C6F6E67 		.ascii	"long double\000"
 2073      20646F75 
 2073      626C6500 
 2074              	.LASF39:
 2075 0310 4368616E 		.ascii	"ChannelDescriptorsArray\000"
 2075      6E656C44 
 2075      65736372 
 2075      6970746F 
 2075      72734172 
 2076              	.LASF32:
 2077 0328 55617274 		.ascii	"UartBufferParser\000"
 2077      42756666 
 2077      65725061 
 2077      72736572 
 2077      00
 2078              	.LASF45:
 2079 0339 6973725F 		.ascii	"isr_1_StartEx\000"
 2079      315F5374 
 2079      61727445 
 2079      7800
 2080              	.LASF48:
 2081 0347 5265645F 		.ascii	"Red_Output_Write\000"
 2081      4F757470 
 2081      75745F57 
 2081      72697465 
 2081      00
 2082              		.ident	"GCC: (GNU Tools for ARM Embedded Processors) 5.4.1 20160609 (release) [ARM/embedded-5-bran
