ARM GAS  C:\Users\Acer\AppData\Local\Temp\ccxzIaol.s 			page 1


   1              		.syntax unified
   2              		.cpu cortex-m0
   3              		.fpu softvfp
   4              		.eabi_attribute 20, 1
   5              		.eabi_attribute 21, 1
   6              		.eabi_attribute 23, 3
   7              		.eabi_attribute 24, 1
   8              		.eabi_attribute 25, 1
   9              		.eabi_attribute 26, 1
  10              		.eabi_attribute 30, 1
  11              		.eabi_attribute 34, 0
  12              		.eabi_attribute 18, 4
  13              		.thumb
  14              		.syntax unified
  15              		.file	"main.c"
  16              		.text
  17              	.Ltext0:
  18              		.cfi_sections	.debug_frame
  19              		.section	.text.Error_Return,"ax",%progbits
  20              		.align	2
  21              		.global	Error_Return
  22              		.code	16
  23              		.thumb_func
  24              		.type	Error_Return, %function
  25              	Error_Return:
  26              	.LFB32:
  27              		.file 1 "main.c"
   1:main.c        **** #include "project.h"
   2:main.c        **** /* Number of channnels */
   3:main.c        **** #define NUMBER_OF_CHANNELS (4)
   4:main.c        **** /* The argument of the Pin_Write API to turn on the LED */
   5:main.c        **** #define LED_ON_VALUE (0)
   6:main.c        **** /* The argument of the Pin_Write API to turn off the LED */
   7:main.c        **** #define LED_OFF_VALUE (1)
   8:main.c        **** /* Size of UART buffer */
   9:main.c        **** #define UART_BUFFER_SIZE (10)
  10:main.c        **** /* UART buffer indeces */
  11:main.c        **** #define UART_BUFFER_A_IDX (0)
  12:main.c        **** #define UART_BUFFER_T_IDX (1)
  13:main.c        **** #define UART_BUFFER_PLUS_IDX (2) // PLUS - Symbol "+"
  14:main.c        **** #define UART_BUFFER_C_IDX (3)
  15:main.c        **** #define UART_BUFFER_H_IDX (4)
  16:main.c        **** #define UART_BUFFER_CHANNEL_IDX (5)
  17:main.c        **** #define UART_BUFFER_EQUALS_IDX (6) // EQUALS - Symbol "="
  18:main.c        **** #define UART_BUFFER_D_VALUE_IDX (7)
  19:main.c        **** #define UART_BUFFER_H_VALUE_IDX (8)
  20:main.c        **** #define UART_BUFFER_L_VALUE_IDX (9)
  21:main.c        **** /* ASCII offset for digits. ASCII code of 0 in ASCII table. */
  22:main.c        **** #define ASCII_OFFSET_FOR_DIGITS (48)
  23:main.c        **** /* Channel Descriptor Type */
  24:main.c        **** typedef struct
  25:main.c        **** {
  26:main.c        ****  uint8 Current_D; /* Counter of state D duration */
  27:main.c        ****  uint8 Current_H; /* Counter of state H duration */
  28:main.c        ****  uint8 Current_L; /* Counter of state L duration */
  29:main.c        ****  uint8 Max_D; /* Maximum state D duration */
  30:main.c        ****  uint8 Max_H; /* Maximum state H duration */
ARM GAS  C:\Users\Acer\AppData\Local\Temp\ccxzIaol.s 			page 2


  31:main.c        ****  uint8 Max_L; /* Maximum state L duration */
  32:main.c        ****  void (*PinControlFunction)(uint8); /* Pointer to pin control function */
  33:main.c        **** } ChannelDescriptorType;
  34:main.c        **** 
  35:main.c        **** /* Channels descriptors array with size of channels number */
  36:main.c        **** ChannelDescriptorType ChannelDescriptorsArray[NUMBER_OF_CHANNELS];
  37:main.c        **** /* Buffer to store data from UART */
  38:main.c        **** char UartBuffer[UART_BUFFER_SIZE];
  39:main.c        **** /* Index to the current UART buffer element */
  40:main.c        **** uint8 UartBufferIdx;
  41:main.c        **** 
  42:main.c        **** /* This function notifies the user that an incorrect AT-command has been entered */
  43:main.c        **** void Error_Return(void)
  44:main.c        **** {
  28              		.loc 1 44 0
  29              		.cfi_startproc
  30              		@ args = 0, pretend = 0, frame = 0
  31              		@ frame_needed = 0, uses_anonymous_args = 0
  32 0000 10B5     		push	{r4, lr}
  33              		.cfi_def_cfa_offset 8
  34              		.cfi_offset 4, -8
  35              		.cfi_offset 14, -4
  45:main.c        ****     UART_1_UartPutChar('\n');
  36              		.loc 1 45 0
  37 0002 0A20     		movs	r0, #10
  38 0004 FFF7FEFF 		bl	UART_1_SpiUartWriteTxData
  39              	.LVL0:
  46:main.c        ****     UART_1_UartPutChar('\r');
  40              		.loc 1 46 0
  41 0008 0D20     		movs	r0, #13
  42 000a FFF7FEFF 		bl	UART_1_SpiUartWriteTxData
  43              	.LVL1:
  47:main.c        ****     UART_1_UartPutChar(' ');
  44              		.loc 1 47 0
  45 000e 2020     		movs	r0, #32
  46 0010 FFF7FEFF 		bl	UART_1_SpiUartWriteTxData
  47              	.LVL2:
  48:main.c        ****     UART_1_UartPutChar('E');
  48              		.loc 1 48 0
  49 0014 4520     		movs	r0, #69
  50 0016 FFF7FEFF 		bl	UART_1_SpiUartWriteTxData
  51              	.LVL3:
  49:main.c        ****     UART_1_UartPutChar('r');
  52              		.loc 1 49 0
  53 001a 7220     		movs	r0, #114
  54 001c FFF7FEFF 		bl	UART_1_SpiUartWriteTxData
  55              	.LVL4:
  50:main.c        ****     UART_1_UartPutChar('r');
  56              		.loc 1 50 0
  57 0020 7220     		movs	r0, #114
  58 0022 FFF7FEFF 		bl	UART_1_SpiUartWriteTxData
  59              	.LVL5:
  51:main.c        ****     UART_1_UartPutChar('o');
  60              		.loc 1 51 0
  61 0026 6F20     		movs	r0, #111
  62 0028 FFF7FEFF 		bl	UART_1_SpiUartWriteTxData
  63              	.LVL6:
ARM GAS  C:\Users\Acer\AppData\Local\Temp\ccxzIaol.s 			page 3


  52:main.c        ****     UART_1_UartPutChar('r');
  64              		.loc 1 52 0
  65 002c 7220     		movs	r0, #114
  66 002e FFF7FEFF 		bl	UART_1_SpiUartWriteTxData
  67              	.LVL7:
  53:main.c        ****     UART_1_UartPutChar(' ');
  68              		.loc 1 53 0
  69 0032 2020     		movs	r0, #32
  70 0034 FFF7FEFF 		bl	UART_1_SpiUartWriteTxData
  71              	.LVL8:
  54:main.c        ****     UART_1_UartPutChar('\n');
  72              		.loc 1 54 0
  73 0038 0A20     		movs	r0, #10
  74 003a FFF7FEFF 		bl	UART_1_SpiUartWriteTxData
  75              	.LVL9:
  55:main.c        ****     UART_1_UartPutChar('\r');
  76              		.loc 1 55 0
  77 003e 0D20     		movs	r0, #13
  78 0040 FFF7FEFF 		bl	UART_1_SpiUartWriteTxData
  79              	.LVL10:
  56:main.c        **** }
  80              		.loc 1 56 0
  81              		@ sp needed
  82 0044 10BD     		pop	{r4, pc}
  83              		.cfi_endproc
  84              	.LFE32:
  85              		.size	Error_Return, .-Error_Return
  86 0046 C046     		.section	.text.ChannelController,"ax",%progbits
  87              		.align	2
  88              		.global	ChannelController
  89              		.code	16
  90              		.thumb_func
  91              		.type	ChannelController, %function
  92              	ChannelController:
  93              	.LFB33:
  57:main.c        **** 
  58:main.c        **** /**************************************************************************
  59:main.c        ****  This function perfoms channel control.
  60:main.c        ****  It decrements counters D, H or L and toggles pin state when required.
  61:main.c        **** **************************************************************************/
  62:main.c        **** void ChannelController(uint8 Channel_Number)
  63:main.c        **** {
  94              		.loc 1 63 0
  95              		.cfi_startproc
  96              		@ args = 0, pretend = 0, frame = 0
  97              		@ frame_needed = 0, uses_anonymous_args = 0
  98              	.LVL11:
  99 0000 70B5     		push	{r4, r5, r6, lr}
 100              		.cfi_def_cfa_offset 16
 101              		.cfi_offset 4, -16
 102              		.cfi_offset 5, -12
 103              		.cfi_offset 6, -8
 104              		.cfi_offset 14, -4
  64:main.c        ****     if(ChannelDescriptorsArray[Channel_Number].Current_D > 0)
 105              		.loc 1 64 0
 106 0002 4300     		lsls	r3, r0, #1
 107 0004 1B18     		adds	r3, r3, r0
ARM GAS  C:\Users\Acer\AppData\Local\Temp\ccxzIaol.s 			page 4


 108 0006 9A00     		lsls	r2, r3, #2
 109 0008 254B     		ldr	r3, .L7
 110 000a D15C     		ldrb	r1, [r2, r3]
 111 000c 0029     		cmp	r1, #0
 112 000e 0AD0     		beq	.L3
  65:main.c        ****     {
  66:main.c        ****         ChannelDescriptorsArray[Channel_Number].Current_D--;
 113              		.loc 1 66 0
 114 0010 1A00     		movs	r2, r3
 115 0012 4300     		lsls	r3, r0, #1
 116 0014 1D18     		adds	r5, r3, r0
 117 0016 AC00     		lsls	r4, r5, #2
 118 0018 0139     		subs	r1, r1, #1
 119 001a A154     		strb	r1, [r4, r2]
  67:main.c        ****         ChannelDescriptorsArray[Channel_Number].PinControlFunction(LED_OFF_VALUE);
 120              		.loc 1 67 0
 121 001c 1319     		adds	r3, r2, r4
 122 001e 9B68     		ldr	r3, [r3, #8]
 123 0020 0120     		movs	r0, #1
 124              	.LVL12:
 125 0022 9847     		blx	r3
 126              	.LVL13:
  68:main.c        ****         return;
 127              		.loc 1 68 0
 128 0024 3AE0     		b	.L2
 129              	.LVL14:
 130              	.L3:
  69:main.c        ****     }
  70:main.c        ****     if(ChannelDescriptorsArray[Channel_Number].Current_H > 0)
 131              		.loc 1 70 0
 132 0026 4200     		lsls	r2, r0, #1
 133 0028 1218     		adds	r2, r2, r0
 134 002a 9300     		lsls	r3, r2, #2
 135 002c 1C4A     		ldr	r2, .L7
 136 002e D318     		adds	r3, r2, r3
 137 0030 5C78     		ldrb	r4, [r3, #1]
 138 0032 002C     		cmp	r4, #0
 139 0034 0AD0     		beq	.L5
  71:main.c        ****     {
  72:main.c        ****         ChannelDescriptorsArray[Channel_Number].Current_H--;
 140              		.loc 1 72 0
 141 0036 1100     		movs	r1, r2
 142 0038 4300     		lsls	r3, r0, #1
 143 003a 1D18     		adds	r5, r3, r0
 144 003c AA00     		lsls	r2, r5, #2
 145 003e 8A18     		adds	r2, r1, r2
 146 0040 013C     		subs	r4, r4, #1
 147 0042 5470     		strb	r4, [r2, #1]
  73:main.c        ****         ChannelDescriptorsArray[Channel_Number].PinControlFunction(LED_ON_VALUE);
 148              		.loc 1 73 0
 149 0044 9368     		ldr	r3, [r2, #8]
 150 0046 0020     		movs	r0, #0
 151              	.LVL15:
 152 0048 9847     		blx	r3
 153              	.LVL16:
  74:main.c        ****         return;
 154              		.loc 1 74 0
ARM GAS  C:\Users\Acer\AppData\Local\Temp\ccxzIaol.s 			page 5


 155 004a 27E0     		b	.L2
 156              	.LVL17:
 157              	.L5:
  75:main.c        ****     }
  76:main.c        ****     if(ChannelDescriptorsArray[Channel_Number].Current_L > 0)
 158              		.loc 1 76 0
 159 004c 4200     		lsls	r2, r0, #1
 160 004e 1218     		adds	r2, r2, r0
 161 0050 9300     		lsls	r3, r2, #2
 162 0052 134A     		ldr	r2, .L7
 163 0054 D318     		adds	r3, r2, r3
 164 0056 9B78     		ldrb	r3, [r3, #2]
 165 0058 002B     		cmp	r3, #0
 166 005a 0AD0     		beq	.L6
  77:main.c        ****     {
  78:main.c        ****         ChannelDescriptorsArray[Channel_Number].Current_L--;
 167              		.loc 1 78 0
 168 005c 1400     		movs	r4, r2
 169 005e 4200     		lsls	r2, r0, #1
 170 0060 1518     		adds	r5, r2, r0
 171 0062 A900     		lsls	r1, r5, #2
 172 0064 6118     		adds	r1, r4, r1
 173 0066 013B     		subs	r3, r3, #1
 174 0068 8B70     		strb	r3, [r1, #2]
  79:main.c        ****         ChannelDescriptorsArray[Channel_Number].PinControlFunction(LED_OFF_VALUE);
 175              		.loc 1 79 0
 176 006a 8B68     		ldr	r3, [r1, #8]
 177 006c 0120     		movs	r0, #1
 178              	.LVL18:
 179 006e 9847     		blx	r3
 180              	.LVL19:
  80:main.c        ****         return;
 181              		.loc 1 80 0
 182 0070 14E0     		b	.L2
 183              	.LVL20:
 184              	.L6:
  81:main.c        ****     }
  82:main.c        ****     
  83:main.c        ****     if (     ChannelDescriptorsArray[Channel_Number].Current_D == 0 && 
 185              		.loc 1 83 0
 186 0072 0029     		cmp	r1, #0
 187 0074 12D1     		bne	.L2
 188              		.loc 1 83 0 is_stmt 0 discriminator 1
 189 0076 002C     		cmp	r4, #0
 190 0078 10D1     		bne	.L2
  84:main.c        ****              ChannelDescriptorsArray[Channel_Number].Current_H == 0 && 
 191              		.loc 1 84 0 is_stmt 1
 192 007a 002B     		cmp	r3, #0
 193 007c 0ED1     		bne	.L2
  85:main.c        ****              ChannelDescriptorsArray[Channel_Number].Current_L == 0)
  86:main.c        ****     {
  87:main.c        ****     ChannelDescriptorsArray[Channel_Number].Current_D = 
  88:main.c        ****     ChannelDescriptorsArray[Channel_Number].Max_D;
 194              		.loc 1 88 0
 195 007e 084A     		ldr	r2, .L7
 196 0080 4100     		lsls	r1, r0, #1
 197 0082 0C18     		adds	r4, r1, r0
ARM GAS  C:\Users\Acer\AppData\Local\Temp\ccxzIaol.s 			page 6


 198 0084 A300     		lsls	r3, r4, #2
 199 0086 D318     		adds	r3, r2, r3
 200 0088 DE78     		ldrb	r6, [r3, #3]
  87:main.c        ****     ChannelDescriptorsArray[Channel_Number].Max_D;
 201              		.loc 1 87 0
 202 008a 2500     		movs	r5, r4
 203 008c A400     		lsls	r4, r4, #2
 204 008e A654     		strb	r6, [r4, r2]
  89:main.c        ****     
  90:main.c        ****     ChannelDescriptorsArray[Channel_Number].Current_H = 
  91:main.c        ****     ChannelDescriptorsArray[Channel_Number].Max_H;
 205              		.loc 1 91 0
 206 0090 1C79     		ldrb	r4, [r3, #4]
  90:main.c        ****     ChannelDescriptorsArray[Channel_Number].Max_H;
 207              		.loc 1 90 0
 208 0092 5C70     		strb	r4, [r3, #1]
  92:main.c        ****     
  93:main.c        ****     ChannelDescriptorsArray[Channel_Number].Current_L = 
  94:main.c        ****     ChannelDescriptorsArray[Channel_Number].Max_L;
 209              		.loc 1 94 0
 210 0094 5C79     		ldrb	r4, [r3, #5]
  93:main.c        ****     ChannelDescriptorsArray[Channel_Number].Max_L;
 211              		.loc 1 93 0
 212 0096 AB00     		lsls	r3, r5, #2
 213 0098 D318     		adds	r3, r2, r3
 214 009a 9C70     		strb	r4, [r3, #2]
 215              	.LVL21:
 216              	.L2:
  95:main.c        **** 
  96:main.c        ****     return;
  97:main.c        ****     }
  98:main.c        **** }
 217              		.loc 1 98 0
 218              		@ sp needed
 219 009c 70BD     		pop	{r4, r5, r6, pc}
 220              	.L8:
 221 009e C046     		.align	2
 222              	.L7:
 223 00a0 00000000 		.word	ChannelDescriptorsArray
 224              		.cfi_endproc
 225              	.LFE33:
 226              		.size	ChannelController, .-ChannelController
 227              		.section	.text.TimeSlotInterrupt,"ax",%progbits
 228              		.align	2
 229              		.global	TimeSlotInterrupt
 230              		.code	16
 231              		.thumb_func
 232              		.type	TimeSlotInterrupt, %function
 233              	TimeSlotInterrupt:
 234              	.LFB34:
  99:main.c        **** /**************************************************************************
 100:main.c        ****  Interrupt Handler called every 500ms
 101:main.c        **** **************************************************************************/
 102:main.c        **** CY_ISR(TimeSlotInterrupt)
 103:main.c        **** {
 235              		.loc 1 103 0
 236              		.cfi_startproc
ARM GAS  C:\Users\Acer\AppData\Local\Temp\ccxzIaol.s 			page 7


 237              		@ args = 0, pretend = 0, frame = 0
 238              		@ frame_needed = 0, uses_anonymous_args = 0
 239 0000 10B5     		push	{r4, lr}
 240              		.cfi_def_cfa_offset 8
 241              		.cfi_offset 4, -8
 242              		.cfi_offset 14, -4
 243              	.LVL22:
 104:main.c        ****  uint8 CurrentChannelNumber;
 105:main.c        ****  /* Call Channel controller function for each of channel */
 106:main.c        ****  for (CurrentChannelNumber = 0;
 244              		.loc 1 106 0
 245 0002 0024     		movs	r4, #0
 246 0004 04E0     		b	.L10
 247              	.LVL23:
 248              	.L11:
 107:main.c        ****  CurrentChannelNumber < NUMBER_OF_CHANNELS;
 108:main.c        ****  CurrentChannelNumber++)
 109:main.c        ****  {
 110:main.c        ****     ChannelController(CurrentChannelNumber);
 249              		.loc 1 110 0
 250 0006 2000     		movs	r0, r4
 251 0008 FFF7FEFF 		bl	ChannelController
 252              	.LVL24:
 108:main.c        ****  {
 253              		.loc 1 108 0
 254 000c 0134     		adds	r4, r4, #1
 255              	.LVL25:
 256 000e E4B2     		uxtb	r4, r4
 257              	.LVL26:
 258              	.L10:
 106:main.c        ****  CurrentChannelNumber < NUMBER_OF_CHANNELS;
 259              		.loc 1 106 0 discriminator 1
 260 0010 032C     		cmp	r4, #3
 261 0012 F8D9     		bls	.L11
 111:main.c        ****  }
 112:main.c        **** }
 262              		.loc 1 112 0
 263              		@ sp needed
 264              	.LVL27:
 265 0014 10BD     		pop	{r4, pc}
 266              		.cfi_endproc
 267              	.LFE34:
 268              		.size	TimeSlotInterrupt, .-TimeSlotInterrupt
 269 0016 C046     		.section	.text.UpdateChannelDescriptor,"ax",%progbits
 270              		.align	2
 271              		.global	UpdateChannelDescriptor
 272              		.code	16
 273              		.thumb_func
 274              		.type	UpdateChannelDescriptor, %function
 275              	UpdateChannelDescriptor:
 276              	.LFB35:
 113:main.c        **** /**************************************************************************
 114:main.c        ****  This function to update channel descriptors and pin state.
 115:main.c        ****  Counters D, H and L of all other channels are reset to the initial state
 116:main.c        ****  to start all channels synchronously.
 117:main.c        ****  Parameters:
 118:main.c        ****  ChannelNumber - channel to be updated;
ARM GAS  C:\Users\Acer\AppData\Local\Temp\ccxzIaol.s 			page 8


 119:main.c        ****  D - new value of delay D;
 120:main.c        ****  H - new value of pulse duration H;
 121:main.c        ****  L - new value of pause duration L;
 122:main.c        **** **************************************************************************/
 123:main.c        **** void UpdateChannelDescriptor(uint8 ChannelNumber, uint8 D, uint8 H, uint8 L)
 124:main.c        **** {
 277              		.loc 1 124 0
 278              		.cfi_startproc
 279              		@ args = 0, pretend = 0, frame = 0
 280              		@ frame_needed = 0, uses_anonymous_args = 0
 281              	.LVL28:
 282 0000 F8B5     		push	{r3, r4, r5, r6, r7, lr}
 283              		.cfi_def_cfa_offset 24
 284              		.cfi_offset 3, -24
 285              		.cfi_offset 4, -20
 286              		.cfi_offset 5, -16
 287              		.cfi_offset 6, -12
 288              		.cfi_offset 7, -8
 289              		.cfi_offset 14, -4
 125:main.c        ****  uint8 ChannelIdx;
 126:main.c        ****  
 127:main.c        ****  /* Enter critical section to avoid interrupts during channel descriptors update */
 128:main.c        ****  CyGlobalIntDisable; /* Disable global interrupts. */
 290              		.loc 1 128 0
 291              		.syntax divided
 292              	@ 128 "main.c" 1
 293 0002 72B6     		CPSID   i
 294              	@ 0 "" 2
 129:main.c        ****  /* Update channel descriptor values from the data received from UART */
 130:main.c        ****  ChannelDescriptorsArray[ChannelNumber].Max_D = D;
 295              		.loc 1 130 0
 296              		.thumb
 297              		.syntax unified
 298 0004 104D     		ldr	r5, .L15
 299 0006 4600     		lsls	r6, r0, #1
 300 0008 3718     		adds	r7, r6, r0
 301 000a BC00     		lsls	r4, r7, #2
 302 000c 2C19     		adds	r4, r5, r4
 303 000e E170     		strb	r1, [r4, #3]
 131:main.c        ****  ChannelDescriptorsArray[ChannelNumber].Max_H = H; 
 304              		.loc 1 131 0
 305 0010 2271     		strb	r2, [r4, #4]
 132:main.c        ****  ChannelDescriptorsArray[ChannelNumber].Max_L = L; 
 306              		.loc 1 132 0
 307 0012 6371     		strb	r3, [r4, #5]
 308              	.LVL29:
 133:main.c        ****  
 134:main.c        ****  /* Reload counters in all channels to synchronize all channels. */
 135:main.c        ****  for (ChannelIdx = 0; ChannelIdx < NUMBER_OF_CHANNELS; ChannelIdx++)
 309              		.loc 1 135 0
 310 0014 0024     		movs	r4, #0
 311 0016 13E0     		b	.L13
 312              	.LVL30:
 313              	.L14:
 136:main.c        ****  {
 137:main.c        ****  ChannelDescriptorsArray[ChannelIdx].Current_D = ChannelDescriptorsArray[ChannelIdx].Max_D;
 314              		.loc 1 137 0 discriminator 3
ARM GAS  C:\Users\Acer\AppData\Local\Temp\ccxzIaol.s 			page 9


 315 0018 0B49     		ldr	r1, .L15
 316 001a 6200     		lsls	r2, r4, #1
 317 001c 1019     		adds	r0, r2, r4
 318 001e 8300     		lsls	r3, r0, #2
 319 0020 CB18     		adds	r3, r1, r3
 320 0022 DE78     		ldrb	r6, [r3, #3]
 321 0024 0500     		movs	r5, r0
 322 0026 8000     		lsls	r0, r0, #2
 323 0028 4654     		strb	r6, [r0, r1]
 138:main.c        ****  ChannelDescriptorsArray[ChannelIdx].Current_H = ChannelDescriptorsArray[ChannelIdx].Max_H;
 324              		.loc 1 138 0 discriminator 3
 325 002a 1879     		ldrb	r0, [r3, #4]
 326 002c 5870     		strb	r0, [r3, #1]
 139:main.c        ****  ChannelDescriptorsArray[ChannelIdx].Current_L = ChannelDescriptorsArray[ChannelIdx].Max_L;
 327              		.loc 1 139 0 discriminator 3
 328 002e 5879     		ldrb	r0, [r3, #5]
 329 0030 9870     		strb	r0, [r3, #2]
 140:main.c        ****  /* Reset output pin corresponding to this channel */
 141:main.c        ****  ChannelDescriptorsArray[ChannelIdx].PinControlFunction(LED_OFF_VALUE);
 330              		.loc 1 141 0 discriminator 3
 331 0032 AB00     		lsls	r3, r5, #2
 332 0034 CB18     		adds	r3, r1, r3
 333 0036 9B68     		ldr	r3, [r3, #8]
 334 0038 0120     		movs	r0, #1
 335 003a 9847     		blx	r3
 336              	.LVL31:
 135:main.c        ****  {
 337              		.loc 1 135 0 discriminator 3
 338 003c 0134     		adds	r4, r4, #1
 339              	.LVL32:
 340 003e E4B2     		uxtb	r4, r4
 341              	.LVL33:
 342              	.L13:
 135:main.c        ****  {
 343              		.loc 1 135 0 is_stmt 0 discriminator 1
 344 0040 032C     		cmp	r4, #3
 345 0042 E9D9     		bls	.L14
 142:main.c        ****  }
 143:main.c        ****  /* Exit critical section */
 144:main.c        ****  CyGlobalIntEnable; /* Enable global interrupts. */
 346              		.loc 1 144 0 is_stmt 1
 347              		.syntax divided
 348              	@ 144 "main.c" 1
 349 0044 62B6     		CPSIE   i
 350              	@ 0 "" 2
 145:main.c        **** }
 351              		.loc 1 145 0
 352              		.thumb
 353              		.syntax unified
 354              		@ sp needed
 355              	.LVL34:
 356 0046 F8BD     		pop	{r3, r4, r5, r6, r7, pc}
 357              	.L16:
 358              		.align	2
 359              	.L15:
 360 0048 00000000 		.word	ChannelDescriptorsArray
 361              		.cfi_endproc
ARM GAS  C:\Users\Acer\AppData\Local\Temp\ccxzIaol.s 			page 10


 362              	.LFE35:
 363              		.size	UpdateChannelDescriptor, .-UpdateChannelDescriptor
 364              		.section	.text.UartBufferParser,"ax",%progbits
 365              		.align	2
 366              		.global	UartBufferParser
 367              		.code	16
 368              		.thumb_func
 369              		.type	UartBufferParser, %function
 370              	UartBufferParser:
 371              	.LFB36:
 146:main.c        **** /**************************************************************************
 147:main.c        ****  This function parses the UART buffer and update counters D, H and L
 148:main.c        **** **************************************************************************/
 149:main.c        **** void UartBufferParser(void)
 150:main.c        **** {
 372              		.loc 1 150 0
 373              		.cfi_startproc
 374              		@ args = 0, pretend = 0, frame = 0
 375              		@ frame_needed = 0, uses_anonymous_args = 0
 376 0000 10B5     		push	{r4, lr}
 377              		.cfi_def_cfa_offset 8
 378              		.cfi_offset 4, -8
 379              		.cfi_offset 14, -4
 151:main.c        ****  uint8 ChannelNumber;
 152:main.c        ****  uint8 ValueD, ValueH, ValueL;
 153:main.c        ****  
 154:main.c        ****  ValueD = UartBuffer[UART_BUFFER_D_VALUE_IDX] - ASCII_OFFSET_FOR_DIGITS;
 380              		.loc 1 154 0
 381 0002 224C     		ldr	r4, .L26
 382 0004 E179     		ldrb	r1, [r4, #7]
 383 0006 3039     		subs	r1, r1, #48
 384 0008 C9B2     		uxtb	r1, r1
 385              	.LVL35:
 155:main.c        ****  ValueH = UartBuffer[UART_BUFFER_H_VALUE_IDX] - ASCII_OFFSET_FOR_DIGITS;
 386              		.loc 1 155 0
 387 000a 227A     		ldrb	r2, [r4, #8]
 388 000c 303A     		subs	r2, r2, #48
 389 000e D2B2     		uxtb	r2, r2
 390              	.LVL36:
 156:main.c        ****  ValueL = UartBuffer[UART_BUFFER_L_VALUE_IDX] - ASCII_OFFSET_FOR_DIGITS;   
 391              		.loc 1 156 0
 392 0010 637A     		ldrb	r3, [r4, #9]
 393 0012 303B     		subs	r3, r3, #48
 394 0014 DBB2     		uxtb	r3, r3
 395              	.LVL37:
 157:main.c        ****  ChannelNumber = UartBuffer[UART_BUFFER_CHANNEL_IDX] - ASCII_OFFSET_FOR_DIGITS;
 396              		.loc 1 157 0
 397 0016 6079     		ldrb	r0, [r4, #5]
 398 0018 3038     		subs	r0, r0, #48
 399 001a C0B2     		uxtb	r0, r0
 400              	.LVL38:
 158:main.c        **** 
 159:main.c        ****  if ('A' != UartBuffer[UART_BUFFER_A_IDX])
 401              		.loc 1 159 0
 402 001c 2478     		ldrb	r4, [r4]
 403 001e 412C     		cmp	r4, #65
 404 0020 02D0     		beq	.L18
ARM GAS  C:\Users\Acer\AppData\Local\Temp\ccxzIaol.s 			page 11


 160:main.c        ****     {
 161:main.c        ****         /* UART buffer content does not match to the expected value "A". Return. */
 162:main.c        ****         Error_Return();
 405              		.loc 1 162 0
 406 0022 FFF7FEFF 		bl	Error_Return
 407              	.LVL39:
 163:main.c        ****         return;
 408              		.loc 1 163 0
 409 0026 2FE0     		b	.L17
 410              	.LVL40:
 411              	.L18:
 164:main.c        ****     }
 165:main.c        ****  if ('T' != UartBuffer[UART_BUFFER_T_IDX])
 412              		.loc 1 165 0
 413 0028 184C     		ldr	r4, .L26
 414 002a 6478     		ldrb	r4, [r4, #1]
 415 002c 542C     		cmp	r4, #84
 416 002e 02D0     		beq	.L20
 166:main.c        ****     {
 167:main.c        ****         Error_Return();
 417              		.loc 1 167 0
 418 0030 FFF7FEFF 		bl	Error_Return
 419              	.LVL41:
 168:main.c        ****         return;
 420              		.loc 1 168 0
 421 0034 28E0     		b	.L17
 422              	.LVL42:
 423              	.L20:
 169:main.c        ****     }
 170:main.c        ****  if ('+' != UartBuffer[UART_BUFFER_PLUS_IDX])
 424              		.loc 1 170 0
 425 0036 154C     		ldr	r4, .L26
 426 0038 A478     		ldrb	r4, [r4, #2]
 427 003a 2B2C     		cmp	r4, #43
 428 003c 02D0     		beq	.L21
 171:main.c        ****     {
 172:main.c        ****         Error_Return();
 429              		.loc 1 172 0
 430 003e FFF7FEFF 		bl	Error_Return
 431              	.LVL43:
 173:main.c        ****         return;
 432              		.loc 1 173 0
 433 0042 21E0     		b	.L17
 434              	.LVL44:
 435              	.L21:
 174:main.c        ****     }
 175:main.c        ****  if ('C' != UartBuffer[UART_BUFFER_C_IDX])
 436              		.loc 1 175 0
 437 0044 114C     		ldr	r4, .L26
 438 0046 E478     		ldrb	r4, [r4, #3]
 439 0048 432C     		cmp	r4, #67
 440 004a 02D0     		beq	.L22
 176:main.c        ****     {
 177:main.c        ****         Error_Return();
 441              		.loc 1 177 0
 442 004c FFF7FEFF 		bl	Error_Return
 443              	.LVL45:
ARM GAS  C:\Users\Acer\AppData\Local\Temp\ccxzIaol.s 			page 12


 178:main.c        ****         return;
 444              		.loc 1 178 0
 445 0050 1AE0     		b	.L17
 446              	.LVL46:
 447              	.L22:
 179:main.c        ****     }
 180:main.c        ****  if ('H' != UartBuffer[UART_BUFFER_H_IDX])
 448              		.loc 1 180 0
 449 0052 0E4C     		ldr	r4, .L26
 450 0054 2479     		ldrb	r4, [r4, #4]
 451 0056 482C     		cmp	r4, #72
 452 0058 02D0     		beq	.L23
 181:main.c        ****     {
 182:main.c        ****         Error_Return();
 453              		.loc 1 182 0
 454 005a FFF7FEFF 		bl	Error_Return
 455              	.LVL47:
 183:main.c        ****         return;
 456              		.loc 1 183 0
 457 005e 13E0     		b	.L17
 458              	.LVL48:
 459              	.L23:
 184:main.c        ****     }
 185:main.c        ****  if ('=' != UartBuffer[UART_BUFFER_EQUALS_IDX])
 460              		.loc 1 185 0
 461 0060 0A4C     		ldr	r4, .L26
 462 0062 A479     		ldrb	r4, [r4, #6]
 463 0064 3D2C     		cmp	r4, #61
 464 0066 02D0     		beq	.L24
 186:main.c        ****     {
 187:main.c        ****         Error_Return();
 465              		.loc 1 187 0
 466 0068 FFF7FEFF 		bl	Error_Return
 467              	.LVL49:
 188:main.c        ****         return;
 468              		.loc 1 188 0
 469 006c 0CE0     		b	.L17
 470              	.LVL50:
 471              	.L24:
 189:main.c        ****     }
 190:main.c        ****     
 191:main.c        ****  if (ValueD >= 0 && ValueD <= 9 &&
 472              		.loc 1 191 0
 473 006e 0929     		cmp	r1, #9
 474 0070 08D8     		bhi	.L25
 192:main.c        ****      ValueH >= 0 && ValueH <= 9 &&
 475              		.loc 1 192 0
 476 0072 092A     		cmp	r2, #9
 477 0074 06D8     		bhi	.L25
 193:main.c        ****      ValueL >= 0 && ValueL <= 9 &&
 478              		.loc 1 193 0
 479 0076 092B     		cmp	r3, #9
 480 0078 04D8     		bhi	.L25
 194:main.c        ****      ChannelNumber >= 0 && ChannelNumber < NUMBER_OF_CHANNELS)
 481              		.loc 1 194 0
 482 007a 0328     		cmp	r0, #3
 483 007c 02D8     		bhi	.L25
ARM GAS  C:\Users\Acer\AppData\Local\Temp\ccxzIaol.s 			page 13


 195:main.c        ****     {
 196:main.c        ****         /* Update channel descriptor with received values D, H and L */
 197:main.c        ****         UpdateChannelDescriptor(ChannelNumber, ValueD, ValueH, ValueL);
 484              		.loc 1 197 0
 485 007e FFF7FEFF 		bl	UpdateChannelDescriptor
 486              	.LVL51:
 487 0082 01E0     		b	.L17
 488              	.LVL52:
 489              	.L25:
 198:main.c        ****     }
 199:main.c        ****  else
 200:main.c        ****     {
 201:main.c        ****         Error_Return();
 490              		.loc 1 201 0
 491 0084 FFF7FEFF 		bl	Error_Return
 492              	.LVL53:
 493              	.L17:
 202:main.c        ****     }
 203:main.c        **** }
 494              		.loc 1 203 0
 495              		@ sp needed
 496 0088 10BD     		pop	{r4, pc}
 497              	.L27:
 498 008a C046     		.align	2
 499              	.L26:
 500 008c 00000000 		.word	UartBuffer
 501              		.cfi_endproc
 502              	.LFE36:
 503              		.size	UartBufferParser, .-UartBufferParser
 504              		.section	.text.UartDataReader,"ax",%progbits
 505              		.align	2
 506              		.global	UartDataReader
 507              		.code	16
 508              		.thumb_func
 509              		.type	UartDataReader, %function
 510              	UartDataReader:
 511              	.LFB37:
 204:main.c        **** /**************************************************************************
 205:main.c        ****  This function to read bytes (characters) from UART, collect data to the
 206:main.c        ****  buffer and parse the buffer.
 207:main.c        **** **************************************************************************/
 208:main.c        **** void UartDataReader(void)
 209:main.c        **** {
 512              		.loc 1 209 0
 513              		.cfi_startproc
 514              		@ args = 0, pretend = 0, frame = 0
 515              		@ frame_needed = 0, uses_anonymous_args = 0
 516 0000 10B5     		push	{r4, lr}
 517              		.cfi_def_cfa_offset 8
 518              		.cfi_offset 4, -8
 519              		.cfi_offset 14, -4
 520              	.LVL54:
 210:main.c        ****  char CurrentCharacter = 0;
 211:main.c        ****  CurrentCharacter = UART_1_UartGetChar();
 521              		.loc 1 211 0
 522 0002 FFF7FEFF 		bl	UART_1_UartGetChar
 523              	.LVL55:
ARM GAS  C:\Users\Acer\AppData\Local\Temp\ccxzIaol.s 			page 14


 524 0006 C4B2     		uxtb	r4, r0
 525              	.LVL56:
 212:main.c        ****  if (0 == CurrentCharacter)
 526              		.loc 1 212 0
 527 0008 002C     		cmp	r4, #0
 528 000a 16D0     		beq	.L28
 213:main.c        ****  {
 214:main.c        ****  /* If current character equal to zero it means that no data received
 215:main.c        **** from UART.
 216:main.c        ****  Retrun from the function. */
 217:main.c        ****  return;
 218:main.c        ****  }
 219:main.c        ****  
 220:main.c        ****  /* Send back received character to see it in the terminal */
 221:main.c        ****  UART_1_UartPutChar(CurrentCharacter);
 529              		.loc 1 221 0
 530 000c FF23     		movs	r3, #255
 531 000e 1840     		ands	r0, r3
 532 0010 FFF7FEFF 		bl	UART_1_SpiUartWriteTxData
 533              	.LVL57:
 222:main.c        ****  
 223:main.c        ****  /* Check if received character is "A" (== indicator of packet begin) */
 224:main.c        ****  if ('A' == CurrentCharacter)
 534              		.loc 1 224 0
 535 0014 412C     		cmp	r4, #65
 536 0016 02D1     		bne	.L30
 225:main.c        ****  {
 226:main.c        ****  /* UART received character "A". Reset index to begin of the UART buffer
 227:main.c        **** */
 228:main.c        ****  UartBufferIdx = 0;
 537              		.loc 1 228 0
 538 0018 0022     		movs	r2, #0
 539 001a 084B     		ldr	r3, .L31
 540 001c 1A70     		strb	r2, [r3]
 541              	.L30:
 229:main.c        ****  }
 230:main.c        ****  /* Put received character to UART buffer and increment index. */
 231:main.c        ****  UartBuffer[UartBufferIdx] = CurrentCharacter;
 542              		.loc 1 231 0
 543 001e 074A     		ldr	r2, .L31
 544 0020 1378     		ldrb	r3, [r2]
 545 0022 0749     		ldr	r1, .L31+4
 546 0024 CC54     		strb	r4, [r1, r3]
 232:main.c        ****  UartBufferIdx++;
 547              		.loc 1 232 0
 548 0026 0133     		adds	r3, r3, #1
 549 0028 DBB2     		uxtb	r3, r3
 550 002a 1370     		strb	r3, [r2]
 233:main.c        ****  
 234:main.c        ****  /* Check if UART buffer is filled */
 235:main.c        ****  if (UART_BUFFER_SIZE == UartBufferIdx)
 551              		.loc 1 235 0
 552 002c 0A2B     		cmp	r3, #10
 553 002e 04D1     		bne	.L28
 236:main.c        ****  {
 237:main.c        ****  /* UART buffer is full. Start parse this buffer. */
 238:main.c        ****  UartBufferParser();
ARM GAS  C:\Users\Acer\AppData\Local\Temp\ccxzIaol.s 			page 15


 554              		.loc 1 238 0
 555 0030 FFF7FEFF 		bl	UartBufferParser
 556              	.LVL58:
 239:main.c        ****  /* Reset index to begin of the UART buffer */
 240:main.c        ****  UartBufferIdx = 0;
 557              		.loc 1 240 0
 558 0034 0022     		movs	r2, #0
 559 0036 014B     		ldr	r3, .L31
 560 0038 1A70     		strb	r2, [r3]
 561              	.L28:
 241:main.c        ****  }
 242:main.c        **** }
 562              		.loc 1 242 0
 563              		@ sp needed
 564              	.LVL59:
 565 003a 10BD     		pop	{r4, pc}
 566              	.L32:
 567              		.align	2
 568              	.L31:
 569 003c 00000000 		.word	UartBufferIdx
 570 0040 00000000 		.word	UartBuffer
 571              		.cfi_endproc
 572              	.LFE37:
 573              		.size	UartDataReader, .-UartDataReader
 574              		.section	.text.Init,"ax",%progbits
 575              		.align	2
 576              		.global	Init
 577              		.code	16
 578              		.thumb_func
 579              		.type	Init, %function
 580              	Init:
 581              	.LFB38:
 243:main.c        **** /**************************************************************************
 244:main.c        ****  This function performs generic initialization.
 245:main.c        **** **************************************************************************/
 246:main.c        **** void Init(void)
 247:main.c        **** {
 582              		.loc 1 247 0
 583              		.cfi_startproc
 584              		@ args = 0, pretend = 0, frame = 0
 585              		@ frame_needed = 0, uses_anonymous_args = 0
 586 0000 10B5     		push	{r4, lr}
 587              		.cfi_def_cfa_offset 8
 588              		.cfi_offset 4, -8
 589              		.cfi_offset 14, -4
 248:main.c        ****  /* Assign pin control functions to the channel descriptors. */
 249:main.c        ****  ChannelDescriptorsArray[0].PinControlFunction = Blue_Output_Write;
 590              		.loc 1 249 0
 591 0002 084B     		ldr	r3, .L34
 592 0004 084A     		ldr	r2, .L34+4
 593 0006 9A60     		str	r2, [r3, #8]
 250:main.c        ****  ChannelDescriptorsArray[1].PinControlFunction = Green_Output_Write;
 594              		.loc 1 250 0
 595 0008 0849     		ldr	r1, .L34+8
 596 000a 5961     		str	r1, [r3, #20]
 251:main.c        ****  ChannelDescriptorsArray[2].PinControlFunction = Red_Output_Write;
 597              		.loc 1 251 0
ARM GAS  C:\Users\Acer\AppData\Local\Temp\ccxzIaol.s 			page 16


 598 000c 0849     		ldr	r1, .L34+12
 599 000e 1962     		str	r1, [r3, #32]
 252:main.c        ****  ChannelDescriptorsArray[3].PinControlFunction = Blue_Output_Write;
 600              		.loc 1 252 0
 601 0010 DA62     		str	r2, [r3, #44]
 253:main.c        ****  
 254:main.c        **** /* UART component start */
 255:main.c        ****  UART_1_Start();
 602              		.loc 1 255 0
 603 0012 FFF7FEFF 		bl	UART_1_Start
 604              	.LVL60:
 256:main.c        **** 
 257:main.c        ****  /* Start Interrupt component */
 258:main.c        ****  isr_1_StartEx(TimeSlotInterrupt);
 605              		.loc 1 258 0
 606 0016 0748     		ldr	r0, .L34+16
 607 0018 FFF7FEFF 		bl	isr_1_StartEx
 608              	.LVL61:
 259:main.c        **** 
 260:main.c        ****  /* Start component Timer */
 261:main.c        ****  Timer_1_Start();
 609              		.loc 1 261 0
 610 001c FFF7FEFF 		bl	Timer_1_Start
 611              	.LVL62:
 262:main.c        **** }
 612              		.loc 1 262 0
 613              		@ sp needed
 614 0020 10BD     		pop	{r4, pc}
 615              	.L35:
 616 0022 C046     		.align	2
 617              	.L34:
 618 0024 00000000 		.word	ChannelDescriptorsArray
 619 0028 00000000 		.word	Blue_Output_Write
 620 002c 00000000 		.word	Green_Output_Write
 621 0030 00000000 		.word	Red_Output_Write
 622 0034 00000000 		.word	TimeSlotInterrupt
 623              		.cfi_endproc
 624              	.LFE38:
 625              		.size	Init, .-Init
 626              		.section	.text.main,"ax",%progbits
 627              		.align	2
 628              		.global	main
 629              		.code	16
 630              		.thumb_func
 631              		.type	main, %function
 632              	main:
 633              	.LFB39:
 263:main.c        **** /**************************************************************************
 264:main.c        ****  Main function
 265:main.c        **** **************************************************************************/
 266:main.c        **** int main(void)
 267:main.c        **** {
 634              		.loc 1 267 0
 635              		.cfi_startproc
 636              		@ Volatile: function does not return.
 637              		@ args = 0, pretend = 0, frame = 0
 638              		@ frame_needed = 0, uses_anonymous_args = 0
ARM GAS  C:\Users\Acer\AppData\Local\Temp\ccxzIaol.s 			page 17


 639 0000 10B5     		push	{r4, lr}
 640              		.cfi_def_cfa_offset 8
 641              		.cfi_offset 4, -8
 642              		.cfi_offset 14, -4
 268:main.c        ****  CyGlobalIntEnable; /* Enable global interrupts. */
 643              		.loc 1 268 0
 644              		.syntax divided
 645              	@ 268 "main.c" 1
 646 0002 62B6     		CPSIE   i
 647              	@ 0 "" 2
 269:main.c        ****  Red_Output_Write(1);
 648              		.loc 1 269 0
 649              		.thumb
 650              		.syntax unified
 651 0004 0120     		movs	r0, #1
 652 0006 FFF7FEFF 		bl	Red_Output_Write
 653              	.LVL63:
 270:main.c        ****  Blue_Output_Write(1);
 654              		.loc 1 270 0
 655 000a 0120     		movs	r0, #1
 656 000c FFF7FEFF 		bl	Blue_Output_Write
 657              	.LVL64:
 271:main.c        ****  Green_Output_Write(1);
 658              		.loc 1 271 0
 659 0010 0120     		movs	r0, #1
 660 0012 FFF7FEFF 		bl	Green_Output_Write
 661              	.LVL65:
 272:main.c        ****  /* Perform generic initialization */
 273:main.c        ****  Init(); 
 662              		.loc 1 273 0
 663 0016 FFF7FEFF 		bl	Init
 664              	.LVL66:
 665              	.L37:
 274:main.c        ****  /* Infinite loop */
 275:main.c        ****  for(;;)
 276:main.c        ****  {
 277:main.c        ****     UartDataReader();
 666              		.loc 1 277 0 discriminator 1
 667 001a FFF7FEFF 		bl	UartDataReader
 668              	.LVL67:
 669 001e FCE7     		b	.L37
 670              		.cfi_endproc
 671              	.LFE39:
 672              		.size	main, .-main
 673              		.comm	UartBufferIdx,1,1
 674              		.comm	UartBuffer,10,4
 675              		.comm	ChannelDescriptorsArray,48,4
 676              		.text
 677              	.Letext0:
 678              		.file 2 "Generated_Source\\PSoC4/cytypes.h"
 679              		.file 3 "Generated_Source\\PSoC4/UART_1_SPI_UART.h"
 680              		.file 4 "Generated_Source\\PSoC4/UART_1.h"
 681              		.file 5 "Generated_Source\\PSoC4/isr_1.h"
 682              		.file 6 "Generated_Source\\PSoC4/Timer_1.h"
 683              		.file 7 "Generated_Source\\PSoC4/Red_Output.h"
 684              		.file 8 "Generated_Source\\PSoC4/Blue_Output.h"
 685              		.file 9 "Generated_Source\\PSoC4/Green_Output.h"
ARM GAS  C:\Users\Acer\AppData\Local\Temp\ccxzIaol.s 			page 18


 686              		.section	.debug_info,"",%progbits
 687              	.Ldebug_info0:
 688 0000 1B050000 		.4byte	0x51b
 689 0004 0400     		.2byte	0x4
 690 0006 00000000 		.4byte	.Ldebug_abbrev0
 691 000a 04       		.byte	0x4
 692 000b 01       		.uleb128 0x1
 693 000c 46020000 		.4byte	.LASF50
 694 0010 0C       		.byte	0xc
 695 0011 FA020000 		.4byte	.LASF51
 696 0015 40000000 		.4byte	.LASF52
 697 0019 00000000 		.4byte	.Ldebug_ranges0+0
 698 001d 00000000 		.4byte	0
 699 0021 00000000 		.4byte	.Ldebug_line0
 700 0025 02       		.uleb128 0x2
 701 0026 01       		.byte	0x1
 702 0027 06       		.byte	0x6
 703 0028 11010000 		.4byte	.LASF0
 704 002c 02       		.uleb128 0x2
 705 002d 01       		.byte	0x1
 706 002e 08       		.byte	0x8
 707 002f 24010000 		.4byte	.LASF1
 708 0033 02       		.uleb128 0x2
 709 0034 02       		.byte	0x2
 710 0035 05       		.byte	0x5
 711 0036 AF010000 		.4byte	.LASF2
 712 003a 02       		.uleb128 0x2
 713 003b 02       		.byte	0x2
 714 003c 07       		.byte	0x7
 715 003d 60010000 		.4byte	.LASF3
 716 0041 02       		.uleb128 0x2
 717 0042 04       		.byte	0x4
 718 0043 05       		.byte	0x5
 719 0044 21030000 		.4byte	.LASF4
 720 0048 02       		.uleb128 0x2
 721 0049 04       		.byte	0x4
 722 004a 07       		.byte	0x7
 723 004b 47010000 		.4byte	.LASF5
 724 004f 02       		.uleb128 0x2
 725 0050 08       		.byte	0x8
 726 0051 05       		.byte	0x5
 727 0052 EC020000 		.4byte	.LASF6
 728 0056 02       		.uleb128 0x2
 729 0057 08       		.byte	0x8
 730 0058 07       		.byte	0x7
 731 0059 F8010000 		.4byte	.LASF7
 732 005d 03       		.uleb128 0x3
 733 005e 04       		.byte	0x4
 734 005f 05       		.byte	0x5
 735 0060 696E7400 		.ascii	"int\000"
 736 0064 02       		.uleb128 0x2
 737 0065 04       		.byte	0x4
 738 0066 07       		.byte	0x7
 739 0067 E5010000 		.4byte	.LASF8
 740 006b 04       		.uleb128 0x4
 741 006c 1B030000 		.4byte	.LASF9
 742 0070 02       		.byte	0x2
ARM GAS  C:\Users\Acer\AppData\Local\Temp\ccxzIaol.s 			page 19


 743 0071 FC01     		.2byte	0x1fc
 744 0073 2C000000 		.4byte	0x2c
 745 0077 04       		.uleb128 0x4
 746 0078 D9010000 		.4byte	.LASF10
 747 007c 02       		.byte	0x2
 748 007d FE01     		.2byte	0x1fe
 749 007f 48000000 		.4byte	0x48
 750 0083 02       		.uleb128 0x2
 751 0084 04       		.byte	0x4
 752 0085 04       		.byte	0x4
 753 0086 0B010000 		.4byte	.LASF11
 754 008a 02       		.uleb128 0x2
 755 008b 08       		.byte	0x8
 756 008c 04       		.byte	0x4
 757 008d A8010000 		.4byte	.LASF12
 758 0091 02       		.uleb128 0x2
 759 0092 01       		.byte	0x1
 760 0093 08       		.byte	0x8
 761 0094 01030000 		.4byte	.LASF13
 762 0098 02       		.uleb128 0x2
 763 0099 08       		.byte	0x8
 764 009a 04       		.byte	0x4
 765 009b 38030000 		.4byte	.LASF14
 766 009f 02       		.uleb128 0x2
 767 00a0 04       		.byte	0x4
 768 00a1 07       		.byte	0x7
 769 00a2 E3020000 		.4byte	.LASF15
 770 00a6 05       		.uleb128 0x5
 771 00a7 0C       		.byte	0xc
 772 00a8 01       		.byte	0x1
 773 00a9 18       		.byte	0x18
 774 00aa 03010000 		.4byte	0x103
 775 00ae 06       		.uleb128 0x6
 776 00af 32020000 		.4byte	.LASF16
 777 00b3 01       		.byte	0x1
 778 00b4 1A       		.byte	0x1a
 779 00b5 6B000000 		.4byte	0x6b
 780 00b9 00       		.byte	0
 781 00ba 06       		.uleb128 0x6
 782 00bb 3C020000 		.4byte	.LASF17
 783 00bf 01       		.byte	0x1
 784 00c0 1B       		.byte	0x1b
 785 00c1 6B000000 		.4byte	0x6b
 786 00c5 01       		.byte	0x1
 787 00c6 06       		.uleb128 0x6
 788 00c7 EE000000 		.4byte	.LASF18
 789 00cb 01       		.byte	0x1
 790 00cc 1C       		.byte	0x1c
 791 00cd 6B000000 		.4byte	0x6b
 792 00d1 02       		.byte	0x2
 793 00d2 06       		.uleb128 0x6
 794 00d3 D3010000 		.4byte	.LASF19
 795 00d7 01       		.byte	0x1
 796 00d8 1D       		.byte	0x1d
 797 00d9 6B000000 		.4byte	0x6b
 798 00dd 03       		.byte	0x3
 799 00de 06       		.uleb128 0x6
ARM GAS  C:\Users\Acer\AppData\Local\Temp\ccxzIaol.s 			page 20


 800 00df 15030000 		.4byte	.LASF20
 801 00e3 01       		.byte	0x1
 802 00e4 1E       		.byte	0x1e
 803 00e5 6B000000 		.4byte	0x6b
 804 00e9 04       		.byte	0x4
 805 00ea 06       		.uleb128 0x6
 806 00eb F2010000 		.4byte	.LASF21
 807 00ef 01       		.byte	0x1
 808 00f0 1F       		.byte	0x1f
 809 00f1 6B000000 		.4byte	0x6b
 810 00f5 05       		.byte	0x5
 811 00f6 06       		.uleb128 0x6
 812 00f7 DB000000 		.4byte	.LASF22
 813 00fb 01       		.byte	0x1
 814 00fc 20       		.byte	0x20
 815 00fd 0E010000 		.4byte	0x10e
 816 0101 08       		.byte	0x8
 817 0102 00       		.byte	0
 818 0103 07       		.uleb128 0x7
 819 0104 0E010000 		.4byte	0x10e
 820 0108 08       		.uleb128 0x8
 821 0109 6B000000 		.4byte	0x6b
 822 010d 00       		.byte	0
 823 010e 09       		.uleb128 0x9
 824 010f 04       		.byte	0x4
 825 0110 03010000 		.4byte	0x103
 826 0114 0A       		.uleb128 0xa
 827 0115 A5000000 		.4byte	.LASF23
 828 0119 01       		.byte	0x1
 829 011a 21       		.byte	0x21
 830 011b A6000000 		.4byte	0xa6
 831 011f 0B       		.uleb128 0xb
 832 0120 9B010000 		.4byte	.LASF24
 833 0124 01       		.byte	0x1
 834 0125 2B       		.byte	0x2b
 835 0126 00000000 		.4byte	.LFB32
 836 012a 46000000 		.4byte	.LFE32-.LFB32
 837 012e 01       		.uleb128 0x1
 838 012f 9C       		.byte	0x9c
 839 0130 09020000 		.4byte	0x209
 840 0134 0C       		.uleb128 0xc
 841 0135 08000000 		.4byte	.LVL0
 842 0139 C4040000 		.4byte	0x4c4
 843 013d 47010000 		.4byte	0x147
 844 0141 0D       		.uleb128 0xd
 845 0142 01       		.uleb128 0x1
 846 0143 50       		.byte	0x50
 847 0144 01       		.uleb128 0x1
 848 0145 3A       		.byte	0x3a
 849 0146 00       		.byte	0
 850 0147 0C       		.uleb128 0xc
 851 0148 0E000000 		.4byte	.LVL1
 852 014c C4040000 		.4byte	0x4c4
 853 0150 5A010000 		.4byte	0x15a
 854 0154 0D       		.uleb128 0xd
 855 0155 01       		.uleb128 0x1
 856 0156 50       		.byte	0x50
ARM GAS  C:\Users\Acer\AppData\Local\Temp\ccxzIaol.s 			page 21


 857 0157 01       		.uleb128 0x1
 858 0158 3D       		.byte	0x3d
 859 0159 00       		.byte	0
 860 015a 0C       		.uleb128 0xc
 861 015b 14000000 		.4byte	.LVL2
 862 015f C4040000 		.4byte	0x4c4
 863 0163 6E010000 		.4byte	0x16e
 864 0167 0D       		.uleb128 0xd
 865 0168 01       		.uleb128 0x1
 866 0169 50       		.byte	0x50
 867 016a 02       		.uleb128 0x2
 868 016b 08       		.byte	0x8
 869 016c 20       		.byte	0x20
 870 016d 00       		.byte	0
 871 016e 0C       		.uleb128 0xc
 872 016f 1A000000 		.4byte	.LVL3
 873 0173 C4040000 		.4byte	0x4c4
 874 0177 82010000 		.4byte	0x182
 875 017b 0D       		.uleb128 0xd
 876 017c 01       		.uleb128 0x1
 877 017d 50       		.byte	0x50
 878 017e 02       		.uleb128 0x2
 879 017f 08       		.byte	0x8
 880 0180 45       		.byte	0x45
 881 0181 00       		.byte	0
 882 0182 0C       		.uleb128 0xc
 883 0183 20000000 		.4byte	.LVL4
 884 0187 C4040000 		.4byte	0x4c4
 885 018b 96010000 		.4byte	0x196
 886 018f 0D       		.uleb128 0xd
 887 0190 01       		.uleb128 0x1
 888 0191 50       		.byte	0x50
 889 0192 02       		.uleb128 0x2
 890 0193 08       		.byte	0x8
 891 0194 72       		.byte	0x72
 892 0195 00       		.byte	0
 893 0196 0C       		.uleb128 0xc
 894 0197 26000000 		.4byte	.LVL5
 895 019b C4040000 		.4byte	0x4c4
 896 019f AA010000 		.4byte	0x1aa
 897 01a3 0D       		.uleb128 0xd
 898 01a4 01       		.uleb128 0x1
 899 01a5 50       		.byte	0x50
 900 01a6 02       		.uleb128 0x2
 901 01a7 08       		.byte	0x8
 902 01a8 72       		.byte	0x72
 903 01a9 00       		.byte	0
 904 01aa 0C       		.uleb128 0xc
 905 01ab 2C000000 		.4byte	.LVL6
 906 01af C4040000 		.4byte	0x4c4
 907 01b3 BE010000 		.4byte	0x1be
 908 01b7 0D       		.uleb128 0xd
 909 01b8 01       		.uleb128 0x1
 910 01b9 50       		.byte	0x50
 911 01ba 02       		.uleb128 0x2
 912 01bb 08       		.byte	0x8
 913 01bc 6F       		.byte	0x6f
ARM GAS  C:\Users\Acer\AppData\Local\Temp\ccxzIaol.s 			page 22


 914 01bd 00       		.byte	0
 915 01be 0C       		.uleb128 0xc
 916 01bf 32000000 		.4byte	.LVL7
 917 01c3 C4040000 		.4byte	0x4c4
 918 01c7 D2010000 		.4byte	0x1d2
 919 01cb 0D       		.uleb128 0xd
 920 01cc 01       		.uleb128 0x1
 921 01cd 50       		.byte	0x50
 922 01ce 02       		.uleb128 0x2
 923 01cf 08       		.byte	0x8
 924 01d0 72       		.byte	0x72
 925 01d1 00       		.byte	0
 926 01d2 0C       		.uleb128 0xc
 927 01d3 38000000 		.4byte	.LVL8
 928 01d7 C4040000 		.4byte	0x4c4
 929 01db E6010000 		.4byte	0x1e6
 930 01df 0D       		.uleb128 0xd
 931 01e0 01       		.uleb128 0x1
 932 01e1 50       		.byte	0x50
 933 01e2 02       		.uleb128 0x2
 934 01e3 08       		.byte	0x8
 935 01e4 20       		.byte	0x20
 936 01e5 00       		.byte	0
 937 01e6 0C       		.uleb128 0xc
 938 01e7 3E000000 		.4byte	.LVL9
 939 01eb C4040000 		.4byte	0x4c4
 940 01ef F9010000 		.4byte	0x1f9
 941 01f3 0D       		.uleb128 0xd
 942 01f4 01       		.uleb128 0x1
 943 01f5 50       		.byte	0x50
 944 01f6 01       		.uleb128 0x1
 945 01f7 3A       		.byte	0x3a
 946 01f8 00       		.byte	0
 947 01f9 0E       		.uleb128 0xe
 948 01fa 44000000 		.4byte	.LVL10
 949 01fe C4040000 		.4byte	0x4c4
 950 0202 0D       		.uleb128 0xd
 951 0203 01       		.uleb128 0x1
 952 0204 50       		.byte	0x50
 953 0205 01       		.uleb128 0x1
 954 0206 3D       		.byte	0x3d
 955 0207 00       		.byte	0
 956 0208 00       		.byte	0
 957 0209 0B       		.uleb128 0xb
 958 020a 93000000 		.4byte	.LASF25
 959 020e 01       		.byte	0x1
 960 020f 3E       		.byte	0x3e
 961 0210 00000000 		.4byte	.LFB33
 962 0214 A4000000 		.4byte	.LFE33-.LFB33
 963 0218 01       		.uleb128 0x1
 964 0219 9C       		.byte	0x9c
 965 021a 57020000 		.4byte	0x257
 966 021e 0F       		.uleb128 0xf
 967 021f 06030000 		.4byte	.LASF28
 968 0223 01       		.byte	0x1
 969 0224 3E       		.byte	0x3e
 970 0225 6B000000 		.4byte	0x6b
ARM GAS  C:\Users\Acer\AppData\Local\Temp\ccxzIaol.s 			page 23


 971 0229 00000000 		.4byte	.LLST0
 972 022d 10       		.uleb128 0x10
 973 022e 24000000 		.4byte	.LVL13
 974 0232 3C020000 		.4byte	0x23c
 975 0236 0D       		.uleb128 0xd
 976 0237 01       		.uleb128 0x1
 977 0238 50       		.byte	0x50
 978 0239 01       		.uleb128 0x1
 979 023a 31       		.byte	0x31
 980 023b 00       		.byte	0
 981 023c 10       		.uleb128 0x10
 982 023d 4A000000 		.4byte	.LVL16
 983 0241 4B020000 		.4byte	0x24b
 984 0245 0D       		.uleb128 0xd
 985 0246 01       		.uleb128 0x1
 986 0247 50       		.byte	0x50
 987 0248 01       		.uleb128 0x1
 988 0249 30       		.byte	0x30
 989 024a 00       		.byte	0
 990 024b 11       		.uleb128 0x11
 991 024c 70000000 		.4byte	.LVL19
 992 0250 0D       		.uleb128 0xd
 993 0251 01       		.uleb128 0x1
 994 0252 50       		.byte	0x50
 995 0253 01       		.uleb128 0x1
 996 0254 31       		.byte	0x31
 997 0255 00       		.byte	0
 998 0256 00       		.byte	0
 999 0257 0B       		.uleb128 0xb
 1000 0258 2E000000 		.4byte	.LASF26
 1001 025c 01       		.byte	0x1
 1002 025d 66       		.byte	0x66
 1003 025e 00000000 		.4byte	.LFB34
 1004 0262 16000000 		.4byte	.LFE34-.LFB34
 1005 0266 01       		.uleb128 0x1
 1006 0267 9C       		.byte	0x9c
 1007 0268 8C020000 		.4byte	0x28c
 1008 026c 12       		.uleb128 0x12
 1009 026d BB000000 		.4byte	.LASF30
 1010 0271 01       		.byte	0x1
 1011 0272 68       		.byte	0x68
 1012 0273 6B000000 		.4byte	0x6b
 1013 0277 6C000000 		.4byte	.LLST1
 1014 027b 0E       		.uleb128 0xe
 1015 027c 0C000000 		.4byte	.LVL24
 1016 0280 09020000 		.4byte	0x209
 1017 0284 0D       		.uleb128 0xd
 1018 0285 01       		.uleb128 0x1
 1019 0286 50       		.byte	0x50
 1020 0287 02       		.uleb128 0x2
 1021 0288 74       		.byte	0x74
 1022 0289 00       		.sleb128 0
 1023 028a 00       		.byte	0
 1024 028b 00       		.byte	0
 1025 028c 0B       		.uleb128 0xb
 1026 028d 0F020000 		.4byte	.LASF27
 1027 0291 01       		.byte	0x1
ARM GAS  C:\Users\Acer\AppData\Local\Temp\ccxzIaol.s 			page 24


 1028 0292 7B       		.byte	0x7b
 1029 0293 00000000 		.4byte	.LFB35
 1030 0297 4C000000 		.4byte	.LFE35-.LFB35
 1031 029b 01       		.uleb128 0x1
 1032 029c 9C       		.byte	0x9c
 1033 029d F2020000 		.4byte	0x2f2
 1034 02a1 0F       		.uleb128 0xf
 1035 02a2 39010000 		.4byte	.LASF29
 1036 02a6 01       		.byte	0x1
 1037 02a7 7B       		.byte	0x7b
 1038 02a8 6B000000 		.4byte	0x6b
 1039 02ac 96000000 		.4byte	.LLST2
 1040 02b0 13       		.uleb128 0x13
 1041 02b1 4400     		.ascii	"D\000"
 1042 02b3 01       		.byte	0x1
 1043 02b4 7B       		.byte	0x7b
 1044 02b5 6B000000 		.4byte	0x6b
 1045 02b9 B7000000 		.4byte	.LLST3
 1046 02bd 13       		.uleb128 0x13
 1047 02be 4800     		.ascii	"H\000"
 1048 02c0 01       		.byte	0x1
 1049 02c1 7B       		.byte	0x7b
 1050 02c2 6B000000 		.4byte	0x6b
 1051 02c6 D8000000 		.4byte	.LLST4
 1052 02ca 13       		.uleb128 0x13
 1053 02cb 4C00     		.ascii	"L\000"
 1054 02cd 01       		.byte	0x1
 1055 02ce 7B       		.byte	0x7b
 1056 02cf 6B000000 		.4byte	0x6b
 1057 02d3 F9000000 		.4byte	.LLST5
 1058 02d7 12       		.uleb128 0x12
 1059 02d8 D0000000 		.4byte	.LASF31
 1060 02dc 01       		.byte	0x1
 1061 02dd 7D       		.byte	0x7d
 1062 02de 6B000000 		.4byte	0x6b
 1063 02e2 1A010000 		.4byte	.LLST6
 1064 02e6 11       		.uleb128 0x11
 1065 02e7 3C000000 		.4byte	.LVL31
 1066 02eb 0D       		.uleb128 0xd
 1067 02ec 01       		.uleb128 0x1
 1068 02ed 50       		.byte	0x50
 1069 02ee 01       		.uleb128 0x1
 1070 02ef 31       		.byte	0x31
 1071 02f0 00       		.byte	0
 1072 02f1 00       		.byte	0
 1073 02f2 0B       		.uleb128 0xb
 1074 02f3 5C030000 		.4byte	.LASF32
 1075 02f7 01       		.byte	0x1
 1076 02f8 95       		.byte	0x95
 1077 02f9 00000000 		.4byte	.LFB36
 1078 02fd 90000000 		.4byte	.LFE36-.LFB36
 1079 0301 01       		.uleb128 0x1
 1080 0302 9C       		.byte	0x9c
 1081 0303 8C030000 		.4byte	0x38c
 1082 0307 12       		.uleb128 0x12
 1083 0308 39010000 		.4byte	.LASF29
 1084 030c 01       		.byte	0x1
ARM GAS  C:\Users\Acer\AppData\Local\Temp\ccxzIaol.s 			page 25


 1085 030d 97       		.byte	0x97
 1086 030e 6B000000 		.4byte	0x6b
 1087 0312 44010000 		.4byte	.LLST7
 1088 0316 12       		.uleb128 0x12
 1089 0317 1D010000 		.4byte	.LASF33
 1090 031b 01       		.byte	0x1
 1091 031c 98       		.byte	0x98
 1092 031d 6B000000 		.4byte	0x6b
 1093 0321 A4010000 		.4byte	.LLST8
 1094 0325 12       		.uleb128 0x12
 1095 0326 32010000 		.4byte	.LASF34
 1096 032a 01       		.byte	0x1
 1097 032b 98       		.byte	0x98
 1098 032c 6B000000 		.4byte	0x6b
 1099 0330 04020000 		.4byte	.LLST9
 1100 0334 12       		.uleb128 0x12
 1101 0335 59010000 		.4byte	.LASF35
 1102 0339 01       		.byte	0x1
 1103 033a 98       		.byte	0x98
 1104 033b 6B000000 		.4byte	0x6b
 1105 033f 64020000 		.4byte	.LLST10
 1106 0343 14       		.uleb128 0x14
 1107 0344 26000000 		.4byte	.LVL39
 1108 0348 1F010000 		.4byte	0x11f
 1109 034c 14       		.uleb128 0x14
 1110 034d 34000000 		.4byte	.LVL41
 1111 0351 1F010000 		.4byte	0x11f
 1112 0355 14       		.uleb128 0x14
 1113 0356 42000000 		.4byte	.LVL43
 1114 035a 1F010000 		.4byte	0x11f
 1115 035e 14       		.uleb128 0x14
 1116 035f 50000000 		.4byte	.LVL45
 1117 0363 1F010000 		.4byte	0x11f
 1118 0367 14       		.uleb128 0x14
 1119 0368 5E000000 		.4byte	.LVL47
 1120 036c 1F010000 		.4byte	0x11f
 1121 0370 14       		.uleb128 0x14
 1122 0371 6C000000 		.4byte	.LVL49
 1123 0375 1F010000 		.4byte	0x11f
 1124 0379 14       		.uleb128 0x14
 1125 037a 82000000 		.4byte	.LVL51
 1126 037e 8C020000 		.4byte	0x28c
 1127 0382 14       		.uleb128 0x14
 1128 0383 88000000 		.4byte	.LVL53
 1129 0387 1F010000 		.4byte	0x11f
 1130 038b 00       		.byte	0
 1131 038c 0B       		.uleb128 0xb
 1132 038d D4020000 		.4byte	.LASF36
 1133 0391 01       		.byte	0x1
 1134 0392 D0       		.byte	0xd0
 1135 0393 00000000 		.4byte	.LFB37
 1136 0397 44000000 		.4byte	.LFE37-.LFB37
 1137 039b 01       		.uleb128 0x1
 1138 039c 9C       		.byte	0x9c
 1139 039d CC030000 		.4byte	0x3cc
 1140 03a1 12       		.uleb128 0x12
 1141 03a2 8A010000 		.4byte	.LASF37
ARM GAS  C:\Users\Acer\AppData\Local\Temp\ccxzIaol.s 			page 26


 1142 03a6 01       		.byte	0x1
 1143 03a7 D2       		.byte	0xd2
 1144 03a8 91000000 		.4byte	0x91
 1145 03ac C4020000 		.4byte	.LLST11
 1146 03b0 14       		.uleb128 0x14
 1147 03b1 06000000 		.4byte	.LVL55
 1148 03b5 D0040000 		.4byte	0x4d0
 1149 03b9 14       		.uleb128 0x14
 1150 03ba 14000000 		.4byte	.LVL57
 1151 03be C4040000 		.4byte	0x4c4
 1152 03c2 14       		.uleb128 0x14
 1153 03c3 34000000 		.4byte	.LVL58
 1154 03c7 F2020000 		.4byte	0x2f2
 1155 03cb 00       		.byte	0
 1156 03cc 0B       		.uleb128 0xb
 1157 03cd 73010000 		.4byte	.LASF38
 1158 03d1 01       		.byte	0x1
 1159 03d2 F6       		.byte	0xf6
 1160 03d3 00000000 		.4byte	.LFB38
 1161 03d7 38000000 		.4byte	.LFE38-.LFB38
 1162 03db 01       		.uleb128 0x1
 1163 03dc 9C       		.byte	0x9c
 1164 03dd 0B040000 		.4byte	0x40b
 1165 03e1 14       		.uleb128 0x14
 1166 03e2 16000000 		.4byte	.LVL60
 1167 03e6 DC040000 		.4byte	0x4dc
 1168 03ea 0C       		.uleb128 0xc
 1169 03eb 1C000000 		.4byte	.LVL61
 1170 03ef E7040000 		.4byte	0x4e7
 1171 03f3 01040000 		.4byte	0x401
 1172 03f7 0D       		.uleb128 0xd
 1173 03f8 01       		.uleb128 0x1
 1174 03f9 50       		.byte	0x50
 1175 03fa 05       		.uleb128 0x5
 1176 03fb 03       		.byte	0x3
 1177 03fc 00000000 		.4byte	TimeSlotInterrupt
 1178 0400 00       		.byte	0
 1179 0401 14       		.uleb128 0x14
 1180 0402 20000000 		.4byte	.LVL62
 1181 0406 F2040000 		.4byte	0x4f2
 1182 040a 00       		.byte	0
 1183 040b 15       		.uleb128 0x15
 1184 040c E0010000 		.4byte	.LASF53
 1185 0410 01       		.byte	0x1
 1186 0411 0A01     		.2byte	0x10a
 1187 0413 5D000000 		.4byte	0x5d
 1188 0417 00000000 		.4byte	.LFB39
 1189 041b 20000000 		.4byte	.LFE39-.LFB39
 1190 041f 01       		.uleb128 0x1
 1191 0420 9C       		.byte	0x9c
 1192 0421 71040000 		.4byte	0x471
 1193 0425 0C       		.uleb128 0xc
 1194 0426 0A000000 		.4byte	.LVL63
 1195 042a FD040000 		.4byte	0x4fd
 1196 042e 38040000 		.4byte	0x438
 1197 0432 0D       		.uleb128 0xd
 1198 0433 01       		.uleb128 0x1
ARM GAS  C:\Users\Acer\AppData\Local\Temp\ccxzIaol.s 			page 27


 1199 0434 50       		.byte	0x50
 1200 0435 01       		.uleb128 0x1
 1201 0436 31       		.byte	0x31
 1202 0437 00       		.byte	0
 1203 0438 0C       		.uleb128 0xc
 1204 0439 10000000 		.4byte	.LVL64
 1205 043d 08050000 		.4byte	0x508
 1206 0441 4B040000 		.4byte	0x44b
 1207 0445 0D       		.uleb128 0xd
 1208 0446 01       		.uleb128 0x1
 1209 0447 50       		.byte	0x50
 1210 0448 01       		.uleb128 0x1
 1211 0449 31       		.byte	0x31
 1212 044a 00       		.byte	0
 1213 044b 0C       		.uleb128 0xc
 1214 044c 16000000 		.4byte	.LVL65
 1215 0450 13050000 		.4byte	0x513
 1216 0454 5E040000 		.4byte	0x45e
 1217 0458 0D       		.uleb128 0xd
 1218 0459 01       		.uleb128 0x1
 1219 045a 50       		.byte	0x50
 1220 045b 01       		.uleb128 0x1
 1221 045c 31       		.byte	0x31
 1222 045d 00       		.byte	0
 1223 045e 14       		.uleb128 0x14
 1224 045f 1A000000 		.4byte	.LVL66
 1225 0463 CC030000 		.4byte	0x3cc
 1226 0467 14       		.uleb128 0x14
 1227 0468 1E000000 		.4byte	.LVL67
 1228 046c 8C030000 		.4byte	0x38c
 1229 0470 00       		.byte	0
 1230 0471 16       		.uleb128 0x16
 1231 0472 14010000 		.4byte	0x114
 1232 0476 81040000 		.4byte	0x481
 1233 047a 17       		.uleb128 0x17
 1234 047b 9F000000 		.4byte	0x9f
 1235 047f 03       		.byte	0x3
 1236 0480 00       		.byte	0
 1237 0481 18       		.uleb128 0x18
 1238 0482 44030000 		.4byte	.LASF39
 1239 0486 01       		.byte	0x1
 1240 0487 24       		.byte	0x24
 1241 0488 71040000 		.4byte	0x471
 1242 048c 05       		.uleb128 0x5
 1243 048d 03       		.byte	0x3
 1244 048e 00000000 		.4byte	ChannelDescriptorsArray
 1245 0492 16       		.uleb128 0x16
 1246 0493 91000000 		.4byte	0x91
 1247 0497 A2040000 		.4byte	0x4a2
 1248 049b 17       		.uleb128 0x17
 1249 049c 9F000000 		.4byte	0x9f
 1250 04a0 09       		.byte	0x9
 1251 04a1 00       		.byte	0
 1252 04a2 18       		.uleb128 0x18
 1253 04a3 27020000 		.4byte	.LASF40
 1254 04a7 01       		.byte	0x1
 1255 04a8 26       		.byte	0x26
ARM GAS  C:\Users\Acer\AppData\Local\Temp\ccxzIaol.s 			page 28


 1256 04a9 92040000 		.4byte	0x492
 1257 04ad 05       		.uleb128 0x5
 1258 04ae 03       		.byte	0x3
 1259 04af 00000000 		.4byte	UartBuffer
 1260 04b3 18       		.uleb128 0x18
 1261 04b4 2A030000 		.4byte	.LASF41
 1262 04b8 01       		.byte	0x1
 1263 04b9 28       		.byte	0x28
 1264 04ba 6B000000 		.4byte	0x6b
 1265 04be 05       		.uleb128 0x5
 1266 04bf 03       		.byte	0x3
 1267 04c0 00000000 		.4byte	UartBufferIdx
 1268 04c4 19       		.uleb128 0x19
 1269 04c5 B9010000 		.4byte	.LASF42
 1270 04c9 B9010000 		.4byte	.LASF42
 1271 04cd 03       		.byte	0x3
 1272 04ce 4403     		.2byte	0x344
 1273 04d0 19       		.uleb128 0x19
 1274 04d1 1B000000 		.4byte	.LASF43
 1275 04d5 1B000000 		.4byte	.LASF43
 1276 04d9 03       		.byte	0x3
 1277 04da 0F03     		.2byte	0x30f
 1278 04dc 1A       		.uleb128 0x1a
 1279 04dd 00000000 		.4byte	.LASF44
 1280 04e1 00000000 		.4byte	.LASF44
 1281 04e5 04       		.byte	0x4
 1282 04e6 72       		.byte	0x72
 1283 04e7 1A       		.uleb128 0x1a
 1284 04e8 6D030000 		.4byte	.LASF45
 1285 04ec 6D030000 		.4byte	.LASF45
 1286 04f0 05       		.byte	0x5
 1287 04f1 18       		.byte	0x18
 1288 04f2 1A       		.uleb128 0x1a
 1289 04f3 0D000000 		.4byte	.LASF46
 1290 04f7 0D000000 		.4byte	.LASF46
 1291 04fb 06       		.byte	0x6
 1292 04fc 5A       		.byte	0x5a
 1293 04fd 1A       		.uleb128 0x1a
 1294 04fe 7B030000 		.4byte	.LASF47
 1295 0502 7B030000 		.4byte	.LASF47
 1296 0506 07       		.byte	0x7
 1297 0507 33       		.byte	0x33
 1298 0508 1A       		.uleb128 0x1a
 1299 0509 78010000 		.4byte	.LASF48
 1300 050d 78010000 		.4byte	.LASF48
 1301 0511 08       		.byte	0x8
 1302 0512 33       		.byte	0x33
 1303 0513 1A       		.uleb128 0x1a
 1304 0514 F8000000 		.4byte	.LASF49
 1305 0518 F8000000 		.4byte	.LASF49
 1306 051c 09       		.byte	0x9
 1307 051d 33       		.byte	0x33
 1308 051e 00       		.byte	0
 1309              		.section	.debug_abbrev,"",%progbits
 1310              	.Ldebug_abbrev0:
 1311 0000 01       		.uleb128 0x1
 1312 0001 11       		.uleb128 0x11
ARM GAS  C:\Users\Acer\AppData\Local\Temp\ccxzIaol.s 			page 29


 1313 0002 01       		.byte	0x1
 1314 0003 25       		.uleb128 0x25
 1315 0004 0E       		.uleb128 0xe
 1316 0005 13       		.uleb128 0x13
 1317 0006 0B       		.uleb128 0xb
 1318 0007 03       		.uleb128 0x3
 1319 0008 0E       		.uleb128 0xe
 1320 0009 1B       		.uleb128 0x1b
 1321 000a 0E       		.uleb128 0xe
 1322 000b 55       		.uleb128 0x55
 1323 000c 17       		.uleb128 0x17
 1324 000d 11       		.uleb128 0x11
 1325 000e 01       		.uleb128 0x1
 1326 000f 10       		.uleb128 0x10
 1327 0010 17       		.uleb128 0x17
 1328 0011 00       		.byte	0
 1329 0012 00       		.byte	0
 1330 0013 02       		.uleb128 0x2
 1331 0014 24       		.uleb128 0x24
 1332 0015 00       		.byte	0
 1333 0016 0B       		.uleb128 0xb
 1334 0017 0B       		.uleb128 0xb
 1335 0018 3E       		.uleb128 0x3e
 1336 0019 0B       		.uleb128 0xb
 1337 001a 03       		.uleb128 0x3
 1338 001b 0E       		.uleb128 0xe
 1339 001c 00       		.byte	0
 1340 001d 00       		.byte	0
 1341 001e 03       		.uleb128 0x3
 1342 001f 24       		.uleb128 0x24
 1343 0020 00       		.byte	0
 1344 0021 0B       		.uleb128 0xb
 1345 0022 0B       		.uleb128 0xb
 1346 0023 3E       		.uleb128 0x3e
 1347 0024 0B       		.uleb128 0xb
 1348 0025 03       		.uleb128 0x3
 1349 0026 08       		.uleb128 0x8
 1350 0027 00       		.byte	0
 1351 0028 00       		.byte	0
 1352 0029 04       		.uleb128 0x4
 1353 002a 16       		.uleb128 0x16
 1354 002b 00       		.byte	0
 1355 002c 03       		.uleb128 0x3
 1356 002d 0E       		.uleb128 0xe
 1357 002e 3A       		.uleb128 0x3a
 1358 002f 0B       		.uleb128 0xb
 1359 0030 3B       		.uleb128 0x3b
 1360 0031 05       		.uleb128 0x5
 1361 0032 49       		.uleb128 0x49
 1362 0033 13       		.uleb128 0x13
 1363 0034 00       		.byte	0
 1364 0035 00       		.byte	0
 1365 0036 05       		.uleb128 0x5
 1366 0037 13       		.uleb128 0x13
 1367 0038 01       		.byte	0x1
 1368 0039 0B       		.uleb128 0xb
 1369 003a 0B       		.uleb128 0xb
ARM GAS  C:\Users\Acer\AppData\Local\Temp\ccxzIaol.s 			page 30


 1370 003b 3A       		.uleb128 0x3a
 1371 003c 0B       		.uleb128 0xb
 1372 003d 3B       		.uleb128 0x3b
 1373 003e 0B       		.uleb128 0xb
 1374 003f 01       		.uleb128 0x1
 1375 0040 13       		.uleb128 0x13
 1376 0041 00       		.byte	0
 1377 0042 00       		.byte	0
 1378 0043 06       		.uleb128 0x6
 1379 0044 0D       		.uleb128 0xd
 1380 0045 00       		.byte	0
 1381 0046 03       		.uleb128 0x3
 1382 0047 0E       		.uleb128 0xe
 1383 0048 3A       		.uleb128 0x3a
 1384 0049 0B       		.uleb128 0xb
 1385 004a 3B       		.uleb128 0x3b
 1386 004b 0B       		.uleb128 0xb
 1387 004c 49       		.uleb128 0x49
 1388 004d 13       		.uleb128 0x13
 1389 004e 38       		.uleb128 0x38
 1390 004f 0B       		.uleb128 0xb
 1391 0050 00       		.byte	0
 1392 0051 00       		.byte	0
 1393 0052 07       		.uleb128 0x7
 1394 0053 15       		.uleb128 0x15
 1395 0054 01       		.byte	0x1
 1396 0055 27       		.uleb128 0x27
 1397 0056 19       		.uleb128 0x19
 1398 0057 01       		.uleb128 0x1
 1399 0058 13       		.uleb128 0x13
 1400 0059 00       		.byte	0
 1401 005a 00       		.byte	0
 1402 005b 08       		.uleb128 0x8
 1403 005c 05       		.uleb128 0x5
 1404 005d 00       		.byte	0
 1405 005e 49       		.uleb128 0x49
 1406 005f 13       		.uleb128 0x13
 1407 0060 00       		.byte	0
 1408 0061 00       		.byte	0
 1409 0062 09       		.uleb128 0x9
 1410 0063 0F       		.uleb128 0xf
 1411 0064 00       		.byte	0
 1412 0065 0B       		.uleb128 0xb
 1413 0066 0B       		.uleb128 0xb
 1414 0067 49       		.uleb128 0x49
 1415 0068 13       		.uleb128 0x13
 1416 0069 00       		.byte	0
 1417 006a 00       		.byte	0
 1418 006b 0A       		.uleb128 0xa
 1419 006c 16       		.uleb128 0x16
 1420 006d 00       		.byte	0
 1421 006e 03       		.uleb128 0x3
 1422 006f 0E       		.uleb128 0xe
 1423 0070 3A       		.uleb128 0x3a
 1424 0071 0B       		.uleb128 0xb
 1425 0072 3B       		.uleb128 0x3b
 1426 0073 0B       		.uleb128 0xb
ARM GAS  C:\Users\Acer\AppData\Local\Temp\ccxzIaol.s 			page 31


 1427 0074 49       		.uleb128 0x49
 1428 0075 13       		.uleb128 0x13
 1429 0076 00       		.byte	0
 1430 0077 00       		.byte	0
 1431 0078 0B       		.uleb128 0xb
 1432 0079 2E       		.uleb128 0x2e
 1433 007a 01       		.byte	0x1
 1434 007b 3F       		.uleb128 0x3f
 1435 007c 19       		.uleb128 0x19
 1436 007d 03       		.uleb128 0x3
 1437 007e 0E       		.uleb128 0xe
 1438 007f 3A       		.uleb128 0x3a
 1439 0080 0B       		.uleb128 0xb
 1440 0081 3B       		.uleb128 0x3b
 1441 0082 0B       		.uleb128 0xb
 1442 0083 27       		.uleb128 0x27
 1443 0084 19       		.uleb128 0x19
 1444 0085 11       		.uleb128 0x11
 1445 0086 01       		.uleb128 0x1
 1446 0087 12       		.uleb128 0x12
 1447 0088 06       		.uleb128 0x6
 1448 0089 40       		.uleb128 0x40
 1449 008a 18       		.uleb128 0x18
 1450 008b 9742     		.uleb128 0x2117
 1451 008d 19       		.uleb128 0x19
 1452 008e 01       		.uleb128 0x1
 1453 008f 13       		.uleb128 0x13
 1454 0090 00       		.byte	0
 1455 0091 00       		.byte	0
 1456 0092 0C       		.uleb128 0xc
 1457 0093 898201   		.uleb128 0x4109
 1458 0096 01       		.byte	0x1
 1459 0097 11       		.uleb128 0x11
 1460 0098 01       		.uleb128 0x1
 1461 0099 31       		.uleb128 0x31
 1462 009a 13       		.uleb128 0x13
 1463 009b 01       		.uleb128 0x1
 1464 009c 13       		.uleb128 0x13
 1465 009d 00       		.byte	0
 1466 009e 00       		.byte	0
 1467 009f 0D       		.uleb128 0xd
 1468 00a0 8A8201   		.uleb128 0x410a
 1469 00a3 00       		.byte	0
 1470 00a4 02       		.uleb128 0x2
 1471 00a5 18       		.uleb128 0x18
 1472 00a6 9142     		.uleb128 0x2111
 1473 00a8 18       		.uleb128 0x18
 1474 00a9 00       		.byte	0
 1475 00aa 00       		.byte	0
 1476 00ab 0E       		.uleb128 0xe
 1477 00ac 898201   		.uleb128 0x4109
 1478 00af 01       		.byte	0x1
 1479 00b0 11       		.uleb128 0x11
 1480 00b1 01       		.uleb128 0x1
 1481 00b2 31       		.uleb128 0x31
 1482 00b3 13       		.uleb128 0x13
 1483 00b4 00       		.byte	0
ARM GAS  C:\Users\Acer\AppData\Local\Temp\ccxzIaol.s 			page 32


 1484 00b5 00       		.byte	0
 1485 00b6 0F       		.uleb128 0xf
 1486 00b7 05       		.uleb128 0x5
 1487 00b8 00       		.byte	0
 1488 00b9 03       		.uleb128 0x3
 1489 00ba 0E       		.uleb128 0xe
 1490 00bb 3A       		.uleb128 0x3a
 1491 00bc 0B       		.uleb128 0xb
 1492 00bd 3B       		.uleb128 0x3b
 1493 00be 0B       		.uleb128 0xb
 1494 00bf 49       		.uleb128 0x49
 1495 00c0 13       		.uleb128 0x13
 1496 00c1 02       		.uleb128 0x2
 1497 00c2 17       		.uleb128 0x17
 1498 00c3 00       		.byte	0
 1499 00c4 00       		.byte	0
 1500 00c5 10       		.uleb128 0x10
 1501 00c6 898201   		.uleb128 0x4109
 1502 00c9 01       		.byte	0x1
 1503 00ca 11       		.uleb128 0x11
 1504 00cb 01       		.uleb128 0x1
 1505 00cc 01       		.uleb128 0x1
 1506 00cd 13       		.uleb128 0x13
 1507 00ce 00       		.byte	0
 1508 00cf 00       		.byte	0
 1509 00d0 11       		.uleb128 0x11
 1510 00d1 898201   		.uleb128 0x4109
 1511 00d4 01       		.byte	0x1
 1512 00d5 11       		.uleb128 0x11
 1513 00d6 01       		.uleb128 0x1
 1514 00d7 00       		.byte	0
 1515 00d8 00       		.byte	0
 1516 00d9 12       		.uleb128 0x12
 1517 00da 34       		.uleb128 0x34
 1518 00db 00       		.byte	0
 1519 00dc 03       		.uleb128 0x3
 1520 00dd 0E       		.uleb128 0xe
 1521 00de 3A       		.uleb128 0x3a
 1522 00df 0B       		.uleb128 0xb
 1523 00e0 3B       		.uleb128 0x3b
 1524 00e1 0B       		.uleb128 0xb
 1525 00e2 49       		.uleb128 0x49
 1526 00e3 13       		.uleb128 0x13
 1527 00e4 02       		.uleb128 0x2
 1528 00e5 17       		.uleb128 0x17
 1529 00e6 00       		.byte	0
 1530 00e7 00       		.byte	0
 1531 00e8 13       		.uleb128 0x13
 1532 00e9 05       		.uleb128 0x5
 1533 00ea 00       		.byte	0
 1534 00eb 03       		.uleb128 0x3
 1535 00ec 08       		.uleb128 0x8
 1536 00ed 3A       		.uleb128 0x3a
 1537 00ee 0B       		.uleb128 0xb
 1538 00ef 3B       		.uleb128 0x3b
 1539 00f0 0B       		.uleb128 0xb
 1540 00f1 49       		.uleb128 0x49
ARM GAS  C:\Users\Acer\AppData\Local\Temp\ccxzIaol.s 			page 33


 1541 00f2 13       		.uleb128 0x13
 1542 00f3 02       		.uleb128 0x2
 1543 00f4 17       		.uleb128 0x17
 1544 00f5 00       		.byte	0
 1545 00f6 00       		.byte	0
 1546 00f7 14       		.uleb128 0x14
 1547 00f8 898201   		.uleb128 0x4109
 1548 00fb 00       		.byte	0
 1549 00fc 11       		.uleb128 0x11
 1550 00fd 01       		.uleb128 0x1
 1551 00fe 31       		.uleb128 0x31
 1552 00ff 13       		.uleb128 0x13
 1553 0100 00       		.byte	0
 1554 0101 00       		.byte	0
 1555 0102 15       		.uleb128 0x15
 1556 0103 2E       		.uleb128 0x2e
 1557 0104 01       		.byte	0x1
 1558 0105 3F       		.uleb128 0x3f
 1559 0106 19       		.uleb128 0x19
 1560 0107 03       		.uleb128 0x3
 1561 0108 0E       		.uleb128 0xe
 1562 0109 3A       		.uleb128 0x3a
 1563 010a 0B       		.uleb128 0xb
 1564 010b 3B       		.uleb128 0x3b
 1565 010c 05       		.uleb128 0x5
 1566 010d 27       		.uleb128 0x27
 1567 010e 19       		.uleb128 0x19
 1568 010f 49       		.uleb128 0x49
 1569 0110 13       		.uleb128 0x13
 1570 0111 8701     		.uleb128 0x87
 1571 0113 19       		.uleb128 0x19
 1572 0114 11       		.uleb128 0x11
 1573 0115 01       		.uleb128 0x1
 1574 0116 12       		.uleb128 0x12
 1575 0117 06       		.uleb128 0x6
 1576 0118 40       		.uleb128 0x40
 1577 0119 18       		.uleb128 0x18
 1578 011a 9742     		.uleb128 0x2117
 1579 011c 19       		.uleb128 0x19
 1580 011d 01       		.uleb128 0x1
 1581 011e 13       		.uleb128 0x13
 1582 011f 00       		.byte	0
 1583 0120 00       		.byte	0
 1584 0121 16       		.uleb128 0x16
 1585 0122 01       		.uleb128 0x1
 1586 0123 01       		.byte	0x1
 1587 0124 49       		.uleb128 0x49
 1588 0125 13       		.uleb128 0x13
 1589 0126 01       		.uleb128 0x1
 1590 0127 13       		.uleb128 0x13
 1591 0128 00       		.byte	0
 1592 0129 00       		.byte	0
 1593 012a 17       		.uleb128 0x17
 1594 012b 21       		.uleb128 0x21
 1595 012c 00       		.byte	0
 1596 012d 49       		.uleb128 0x49
 1597 012e 13       		.uleb128 0x13
ARM GAS  C:\Users\Acer\AppData\Local\Temp\ccxzIaol.s 			page 34


 1598 012f 2F       		.uleb128 0x2f
 1599 0130 0B       		.uleb128 0xb
 1600 0131 00       		.byte	0
 1601 0132 00       		.byte	0
 1602 0133 18       		.uleb128 0x18
 1603 0134 34       		.uleb128 0x34
 1604 0135 00       		.byte	0
 1605 0136 03       		.uleb128 0x3
 1606 0137 0E       		.uleb128 0xe
 1607 0138 3A       		.uleb128 0x3a
 1608 0139 0B       		.uleb128 0xb
 1609 013a 3B       		.uleb128 0x3b
 1610 013b 0B       		.uleb128 0xb
 1611 013c 49       		.uleb128 0x49
 1612 013d 13       		.uleb128 0x13
 1613 013e 3F       		.uleb128 0x3f
 1614 013f 19       		.uleb128 0x19
 1615 0140 02       		.uleb128 0x2
 1616 0141 18       		.uleb128 0x18
 1617 0142 00       		.byte	0
 1618 0143 00       		.byte	0
 1619 0144 19       		.uleb128 0x19
 1620 0145 2E       		.uleb128 0x2e
 1621 0146 00       		.byte	0
 1622 0147 3F       		.uleb128 0x3f
 1623 0148 19       		.uleb128 0x19
 1624 0149 3C       		.uleb128 0x3c
 1625 014a 19       		.uleb128 0x19
 1626 014b 6E       		.uleb128 0x6e
 1627 014c 0E       		.uleb128 0xe
 1628 014d 03       		.uleb128 0x3
 1629 014e 0E       		.uleb128 0xe
 1630 014f 3A       		.uleb128 0x3a
 1631 0150 0B       		.uleb128 0xb
 1632 0151 3B       		.uleb128 0x3b
 1633 0152 05       		.uleb128 0x5
 1634 0153 00       		.byte	0
 1635 0154 00       		.byte	0
 1636 0155 1A       		.uleb128 0x1a
 1637 0156 2E       		.uleb128 0x2e
 1638 0157 00       		.byte	0
 1639 0158 3F       		.uleb128 0x3f
 1640 0159 19       		.uleb128 0x19
 1641 015a 3C       		.uleb128 0x3c
 1642 015b 19       		.uleb128 0x19
 1643 015c 6E       		.uleb128 0x6e
 1644 015d 0E       		.uleb128 0xe
 1645 015e 03       		.uleb128 0x3
 1646 015f 0E       		.uleb128 0xe
 1647 0160 3A       		.uleb128 0x3a
 1648 0161 0B       		.uleb128 0xb
 1649 0162 3B       		.uleb128 0x3b
 1650 0163 0B       		.uleb128 0xb
 1651 0164 00       		.byte	0
 1652 0165 00       		.byte	0
 1653 0166 00       		.byte	0
 1654              		.section	.debug_loc,"",%progbits
ARM GAS  C:\Users\Acer\AppData\Local\Temp\ccxzIaol.s 			page 35


 1655              	.Ldebug_loc0:
 1656              	.LLST0:
 1657 0000 00000000 		.4byte	.LVL11
 1658 0004 22000000 		.4byte	.LVL12
 1659 0008 0100     		.2byte	0x1
 1660 000a 50       		.byte	0x50
 1661 000b 22000000 		.4byte	.LVL12
 1662 000f 26000000 		.4byte	.LVL14
 1663 0013 0400     		.2byte	0x4
 1664 0015 F3       		.byte	0xf3
 1665 0016 01       		.uleb128 0x1
 1666 0017 50       		.byte	0x50
 1667 0018 9F       		.byte	0x9f
 1668 0019 26000000 		.4byte	.LVL14
 1669 001d 48000000 		.4byte	.LVL15
 1670 0021 0100     		.2byte	0x1
 1671 0023 50       		.byte	0x50
 1672 0024 48000000 		.4byte	.LVL15
 1673 0028 4C000000 		.4byte	.LVL17
 1674 002c 0400     		.2byte	0x4
 1675 002e F3       		.byte	0xf3
 1676 002f 01       		.uleb128 0x1
 1677 0030 50       		.byte	0x50
 1678 0031 9F       		.byte	0x9f
 1679 0032 4C000000 		.4byte	.LVL17
 1680 0036 6E000000 		.4byte	.LVL18
 1681 003a 0100     		.2byte	0x1
 1682 003c 50       		.byte	0x50
 1683 003d 6E000000 		.4byte	.LVL18
 1684 0041 72000000 		.4byte	.LVL20
 1685 0045 0400     		.2byte	0x4
 1686 0047 F3       		.byte	0xf3
 1687 0048 01       		.uleb128 0x1
 1688 0049 50       		.byte	0x50
 1689 004a 9F       		.byte	0x9f
 1690 004b 72000000 		.4byte	.LVL20
 1691 004f 9C000000 		.4byte	.LVL21
 1692 0053 0100     		.2byte	0x1
 1693 0055 50       		.byte	0x50
 1694 0056 9C000000 		.4byte	.LVL21
 1695 005a A4000000 		.4byte	.LFE33
 1696 005e 0400     		.2byte	0x4
 1697 0060 F3       		.byte	0xf3
 1698 0061 01       		.uleb128 0x1
 1699 0062 50       		.byte	0x50
 1700 0063 9F       		.byte	0x9f
 1701 0064 00000000 		.4byte	0
 1702 0068 00000000 		.4byte	0
 1703              	.LLST1:
 1704 006c 02000000 		.4byte	.LVL22
 1705 0070 06000000 		.4byte	.LVL23
 1706 0074 0200     		.2byte	0x2
 1707 0076 30       		.byte	0x30
 1708 0077 9F       		.byte	0x9f
 1709 0078 06000000 		.4byte	.LVL23
 1710 007c 0E000000 		.4byte	.LVL25
 1711 0080 0100     		.2byte	0x1
ARM GAS  C:\Users\Acer\AppData\Local\Temp\ccxzIaol.s 			page 36


 1712 0082 54       		.byte	0x54
 1713 0083 10000000 		.4byte	.LVL26
 1714 0087 14000000 		.4byte	.LVL27
 1715 008b 0100     		.2byte	0x1
 1716 008d 54       		.byte	0x54
 1717 008e 00000000 		.4byte	0
 1718 0092 00000000 		.4byte	0
 1719              	.LLST2:
 1720 0096 00000000 		.4byte	.LVL28
 1721 009a 18000000 		.4byte	.LVL30
 1722 009e 0100     		.2byte	0x1
 1723 00a0 50       		.byte	0x50
 1724 00a1 18000000 		.4byte	.LVL30
 1725 00a5 4C000000 		.4byte	.LFE35
 1726 00a9 0400     		.2byte	0x4
 1727 00ab F3       		.byte	0xf3
 1728 00ac 01       		.uleb128 0x1
 1729 00ad 50       		.byte	0x50
 1730 00ae 9F       		.byte	0x9f
 1731 00af 00000000 		.4byte	0
 1732 00b3 00000000 		.4byte	0
 1733              	.LLST3:
 1734 00b7 00000000 		.4byte	.LVL28
 1735 00bb 18000000 		.4byte	.LVL30
 1736 00bf 0100     		.2byte	0x1
 1737 00c1 51       		.byte	0x51
 1738 00c2 18000000 		.4byte	.LVL30
 1739 00c6 4C000000 		.4byte	.LFE35
 1740 00ca 0400     		.2byte	0x4
 1741 00cc F3       		.byte	0xf3
 1742 00cd 01       		.uleb128 0x1
 1743 00ce 51       		.byte	0x51
 1744 00cf 9F       		.byte	0x9f
 1745 00d0 00000000 		.4byte	0
 1746 00d4 00000000 		.4byte	0
 1747              	.LLST4:
 1748 00d8 00000000 		.4byte	.LVL28
 1749 00dc 18000000 		.4byte	.LVL30
 1750 00e0 0100     		.2byte	0x1
 1751 00e2 52       		.byte	0x52
 1752 00e3 18000000 		.4byte	.LVL30
 1753 00e7 4C000000 		.4byte	.LFE35
 1754 00eb 0400     		.2byte	0x4
 1755 00ed F3       		.byte	0xf3
 1756 00ee 01       		.uleb128 0x1
 1757 00ef 52       		.byte	0x52
 1758 00f0 9F       		.byte	0x9f
 1759 00f1 00000000 		.4byte	0
 1760 00f5 00000000 		.4byte	0
 1761              	.LLST5:
 1762 00f9 00000000 		.4byte	.LVL28
 1763 00fd 18000000 		.4byte	.LVL30
 1764 0101 0100     		.2byte	0x1
 1765 0103 53       		.byte	0x53
 1766 0104 18000000 		.4byte	.LVL30
 1767 0108 4C000000 		.4byte	.LFE35
 1768 010c 0400     		.2byte	0x4
ARM GAS  C:\Users\Acer\AppData\Local\Temp\ccxzIaol.s 			page 37


 1769 010e F3       		.byte	0xf3
 1770 010f 01       		.uleb128 0x1
 1771 0110 53       		.byte	0x53
 1772 0111 9F       		.byte	0x9f
 1773 0112 00000000 		.4byte	0
 1774 0116 00000000 		.4byte	0
 1775              	.LLST6:
 1776 011a 14000000 		.4byte	.LVL29
 1777 011e 18000000 		.4byte	.LVL30
 1778 0122 0200     		.2byte	0x2
 1779 0124 30       		.byte	0x30
 1780 0125 9F       		.byte	0x9f
 1781 0126 18000000 		.4byte	.LVL30
 1782 012a 3E000000 		.4byte	.LVL32
 1783 012e 0100     		.2byte	0x1
 1784 0130 54       		.byte	0x54
 1785 0131 40000000 		.4byte	.LVL33
 1786 0135 46000000 		.4byte	.LVL34
 1787 0139 0100     		.2byte	0x1
 1788 013b 54       		.byte	0x54
 1789 013c 00000000 		.4byte	0
 1790 0140 00000000 		.4byte	0
 1791              	.LLST7:
 1792 0144 1C000000 		.4byte	.LVL38
 1793 0148 25000000 		.4byte	.LVL39-1
 1794 014c 0100     		.2byte	0x1
 1795 014e 50       		.byte	0x50
 1796 014f 28000000 		.4byte	.LVL40
 1797 0153 33000000 		.4byte	.LVL41-1
 1798 0157 0100     		.2byte	0x1
 1799 0159 50       		.byte	0x50
 1800 015a 36000000 		.4byte	.LVL42
 1801 015e 41000000 		.4byte	.LVL43-1
 1802 0162 0100     		.2byte	0x1
 1803 0164 50       		.byte	0x50
 1804 0165 44000000 		.4byte	.LVL44
 1805 0169 4F000000 		.4byte	.LVL45-1
 1806 016d 0100     		.2byte	0x1
 1807 016f 50       		.byte	0x50
 1808 0170 52000000 		.4byte	.LVL46
 1809 0174 5D000000 		.4byte	.LVL47-1
 1810 0178 0100     		.2byte	0x1
 1811 017a 50       		.byte	0x50
 1812 017b 60000000 		.4byte	.LVL48
 1813 017f 6B000000 		.4byte	.LVL49-1
 1814 0183 0100     		.2byte	0x1
 1815 0185 50       		.byte	0x50
 1816 0186 6E000000 		.4byte	.LVL50
 1817 018a 81000000 		.4byte	.LVL51-1
 1818 018e 0100     		.2byte	0x1
 1819 0190 50       		.byte	0x50
 1820 0191 84000000 		.4byte	.LVL52
 1821 0195 87000000 		.4byte	.LVL53-1
 1822 0199 0100     		.2byte	0x1
 1823 019b 50       		.byte	0x50
 1824 019c 00000000 		.4byte	0
 1825 01a0 00000000 		.4byte	0
ARM GAS  C:\Users\Acer\AppData\Local\Temp\ccxzIaol.s 			page 38


 1826              	.LLST8:
 1827 01a4 0A000000 		.4byte	.LVL35
 1828 01a8 25000000 		.4byte	.LVL39-1
 1829 01ac 0100     		.2byte	0x1
 1830 01ae 51       		.byte	0x51
 1831 01af 28000000 		.4byte	.LVL40
 1832 01b3 33000000 		.4byte	.LVL41-1
 1833 01b7 0100     		.2byte	0x1
 1834 01b9 51       		.byte	0x51
 1835 01ba 36000000 		.4byte	.LVL42
 1836 01be 41000000 		.4byte	.LVL43-1
 1837 01c2 0100     		.2byte	0x1
 1838 01c4 51       		.byte	0x51
 1839 01c5 44000000 		.4byte	.LVL44
 1840 01c9 4F000000 		.4byte	.LVL45-1
 1841 01cd 0100     		.2byte	0x1
 1842 01cf 51       		.byte	0x51
 1843 01d0 52000000 		.4byte	.LVL46
 1844 01d4 5D000000 		.4byte	.LVL47-1
 1845 01d8 0100     		.2byte	0x1
 1846 01da 51       		.byte	0x51
 1847 01db 60000000 		.4byte	.LVL48
 1848 01df 6B000000 		.4byte	.LVL49-1
 1849 01e3 0100     		.2byte	0x1
 1850 01e5 51       		.byte	0x51
 1851 01e6 6E000000 		.4byte	.LVL50
 1852 01ea 81000000 		.4byte	.LVL51-1
 1853 01ee 0100     		.2byte	0x1
 1854 01f0 51       		.byte	0x51
 1855 01f1 84000000 		.4byte	.LVL52
 1856 01f5 87000000 		.4byte	.LVL53-1
 1857 01f9 0100     		.2byte	0x1
 1858 01fb 51       		.byte	0x51
 1859 01fc 00000000 		.4byte	0
 1860 0200 00000000 		.4byte	0
 1861              	.LLST9:
 1862 0204 10000000 		.4byte	.LVL36
 1863 0208 25000000 		.4byte	.LVL39-1
 1864 020c 0100     		.2byte	0x1
 1865 020e 52       		.byte	0x52
 1866 020f 28000000 		.4byte	.LVL40
 1867 0213 33000000 		.4byte	.LVL41-1
 1868 0217 0100     		.2byte	0x1
 1869 0219 52       		.byte	0x52
 1870 021a 36000000 		.4byte	.LVL42
 1871 021e 41000000 		.4byte	.LVL43-1
 1872 0222 0100     		.2byte	0x1
 1873 0224 52       		.byte	0x52
 1874 0225 44000000 		.4byte	.LVL44
 1875 0229 4F000000 		.4byte	.LVL45-1
 1876 022d 0100     		.2byte	0x1
 1877 022f 52       		.byte	0x52
 1878 0230 52000000 		.4byte	.LVL46
 1879 0234 5D000000 		.4byte	.LVL47-1
 1880 0238 0100     		.2byte	0x1
 1881 023a 52       		.byte	0x52
 1882 023b 60000000 		.4byte	.LVL48
ARM GAS  C:\Users\Acer\AppData\Local\Temp\ccxzIaol.s 			page 39


 1883 023f 6B000000 		.4byte	.LVL49-1
 1884 0243 0100     		.2byte	0x1
 1885 0245 52       		.byte	0x52
 1886 0246 6E000000 		.4byte	.LVL50
 1887 024a 81000000 		.4byte	.LVL51-1
 1888 024e 0100     		.2byte	0x1
 1889 0250 52       		.byte	0x52
 1890 0251 84000000 		.4byte	.LVL52
 1891 0255 87000000 		.4byte	.LVL53-1
 1892 0259 0100     		.2byte	0x1
 1893 025b 52       		.byte	0x52
 1894 025c 00000000 		.4byte	0
 1895 0260 00000000 		.4byte	0
 1896              	.LLST10:
 1897 0264 16000000 		.4byte	.LVL37
 1898 0268 25000000 		.4byte	.LVL39-1
 1899 026c 0100     		.2byte	0x1
 1900 026e 53       		.byte	0x53
 1901 026f 28000000 		.4byte	.LVL40
 1902 0273 33000000 		.4byte	.LVL41-1
 1903 0277 0100     		.2byte	0x1
 1904 0279 53       		.byte	0x53
 1905 027a 36000000 		.4byte	.LVL42
 1906 027e 41000000 		.4byte	.LVL43-1
 1907 0282 0100     		.2byte	0x1
 1908 0284 53       		.byte	0x53
 1909 0285 44000000 		.4byte	.LVL44
 1910 0289 4F000000 		.4byte	.LVL45-1
 1911 028d 0100     		.2byte	0x1
 1912 028f 53       		.byte	0x53
 1913 0290 52000000 		.4byte	.LVL46
 1914 0294 5D000000 		.4byte	.LVL47-1
 1915 0298 0100     		.2byte	0x1
 1916 029a 53       		.byte	0x53
 1917 029b 60000000 		.4byte	.LVL48
 1918 029f 6B000000 		.4byte	.LVL49-1
 1919 02a3 0100     		.2byte	0x1
 1920 02a5 53       		.byte	0x53
 1921 02a6 6E000000 		.4byte	.LVL50
 1922 02aa 81000000 		.4byte	.LVL51-1
 1923 02ae 0100     		.2byte	0x1
 1924 02b0 53       		.byte	0x53
 1925 02b1 84000000 		.4byte	.LVL52
 1926 02b5 87000000 		.4byte	.LVL53-1
 1927 02b9 0100     		.2byte	0x1
 1928 02bb 53       		.byte	0x53
 1929 02bc 00000000 		.4byte	0
 1930 02c0 00000000 		.4byte	0
 1931              	.LLST11:
 1932 02c4 02000000 		.4byte	.LVL54
 1933 02c8 08000000 		.4byte	.LVL56
 1934 02cc 0200     		.2byte	0x2
 1935 02ce 30       		.byte	0x30
 1936 02cf 9F       		.byte	0x9f
 1937 02d0 08000000 		.4byte	.LVL56
 1938 02d4 3A000000 		.4byte	.LVL59
 1939 02d8 0100     		.2byte	0x1
ARM GAS  C:\Users\Acer\AppData\Local\Temp\ccxzIaol.s 			page 40


 1940 02da 54       		.byte	0x54
 1941 02db 00000000 		.4byte	0
 1942 02df 00000000 		.4byte	0
 1943              		.section	.debug_aranges,"",%progbits
 1944 0000 54000000 		.4byte	0x54
 1945 0004 0200     		.2byte	0x2
 1946 0006 00000000 		.4byte	.Ldebug_info0
 1947 000a 04       		.byte	0x4
 1948 000b 00       		.byte	0
 1949 000c 0000     		.2byte	0
 1950 000e 0000     		.2byte	0
 1951 0010 00000000 		.4byte	.LFB32
 1952 0014 46000000 		.4byte	.LFE32-.LFB32
 1953 0018 00000000 		.4byte	.LFB33
 1954 001c A4000000 		.4byte	.LFE33-.LFB33
 1955 0020 00000000 		.4byte	.LFB34
 1956 0024 16000000 		.4byte	.LFE34-.LFB34
 1957 0028 00000000 		.4byte	.LFB35
 1958 002c 4C000000 		.4byte	.LFE35-.LFB35
 1959 0030 00000000 		.4byte	.LFB36
 1960 0034 90000000 		.4byte	.LFE36-.LFB36
 1961 0038 00000000 		.4byte	.LFB37
 1962 003c 44000000 		.4byte	.LFE37-.LFB37
 1963 0040 00000000 		.4byte	.LFB38
 1964 0044 38000000 		.4byte	.LFE38-.LFB38
 1965 0048 00000000 		.4byte	.LFB39
 1966 004c 20000000 		.4byte	.LFE39-.LFB39
 1967 0050 00000000 		.4byte	0
 1968 0054 00000000 		.4byte	0
 1969              		.section	.debug_ranges,"",%progbits
 1970              	.Ldebug_ranges0:
 1971 0000 00000000 		.4byte	.LFB32
 1972 0004 46000000 		.4byte	.LFE32
 1973 0008 00000000 		.4byte	.LFB33
 1974 000c A4000000 		.4byte	.LFE33
 1975 0010 00000000 		.4byte	.LFB34
 1976 0014 16000000 		.4byte	.LFE34
 1977 0018 00000000 		.4byte	.LFB35
 1978 001c 4C000000 		.4byte	.LFE35
 1979 0020 00000000 		.4byte	.LFB36
 1980 0024 90000000 		.4byte	.LFE36
 1981 0028 00000000 		.4byte	.LFB37
 1982 002c 44000000 		.4byte	.LFE37
 1983 0030 00000000 		.4byte	.LFB38
 1984 0034 38000000 		.4byte	.LFE38
 1985 0038 00000000 		.4byte	.LFB39
 1986 003c 20000000 		.4byte	.LFE39
 1987 0040 00000000 		.4byte	0
 1988 0044 00000000 		.4byte	0
 1989              		.section	.debug_line,"",%progbits
 1990              	.Ldebug_line0:
 1991 0000 C9010000 		.section	.debug_str,"MS",%progbits,1
 1991      0200AD00 
 1991      00000201 
 1991      FB0E0D00 
 1991      01010101 
 1992              	.LASF44:
ARM GAS  C:\Users\Acer\AppData\Local\Temp\ccxzIaol.s 			page 41


 1993 0000 55415254 		.ascii	"UART_1_Start\000"
 1993      5F315F53 
 1993      74617274 
 1993      00
 1994              	.LASF46:
 1995 000d 54696D65 		.ascii	"Timer_1_Start\000"
 1995      725F315F 
 1995      53746172 
 1995      7400
 1996              	.LASF43:
 1997 001b 55415254 		.ascii	"UART_1_UartGetChar\000"
 1997      5F315F55 
 1997      61727447 
 1997      65744368 
 1997      617200
 1998              	.LASF26:
 1999 002e 54696D65 		.ascii	"TimeSlotInterrupt\000"
 1999      536C6F74 
 1999      496E7465 
 1999      72727570 
 1999      7400
 2000              	.LASF52:
 2001 0040 433A5C55 		.ascii	"C:\\Users\\Acer\\Documents\\PSoC Creator\\Lab_Works"
 2001      73657273 
 2001      5C416365 
 2001      725C446F 
 2001      63756D65 
 2002 006e 5F4D6963 		.ascii	"_Microprocesor\\Kursova_9_Varik.cydsn\000"
 2002      726F7072 
 2002      6F636573 
 2002      6F725C4B 
 2002      7572736F 
 2003              	.LASF25:
 2004 0093 4368616E 		.ascii	"ChannelController\000"
 2004      6E656C43 
 2004      6F6E7472 
 2004      6F6C6C65 
 2004      7200
 2005              	.LASF23:
 2006 00a5 4368616E 		.ascii	"ChannelDescriptorType\000"
 2006      6E656C44 
 2006      65736372 
 2006      6970746F 
 2006      72547970 
 2007              	.LASF30:
 2008 00bb 43757272 		.ascii	"CurrentChannelNumber\000"
 2008      656E7443 
 2008      68616E6E 
 2008      656C4E75 
 2008      6D626572 
 2009              	.LASF31:
 2010 00d0 4368616E 		.ascii	"ChannelIdx\000"
 2010      6E656C49 
 2010      647800
 2011              	.LASF22:
 2012 00db 50696E43 		.ascii	"PinControlFunction\000"
 2012      6F6E7472 
ARM GAS  C:\Users\Acer\AppData\Local\Temp\ccxzIaol.s 			page 42


 2012      6F6C4675 
 2012      6E637469 
 2012      6F6E00
 2013              	.LASF18:
 2014 00ee 43757272 		.ascii	"Current_L\000"
 2014      656E745F 
 2014      4C00
 2015              	.LASF49:
 2016 00f8 47726565 		.ascii	"Green_Output_Write\000"
 2016      6E5F4F75 
 2016      74707574 
 2016      5F577269 
 2016      746500
 2017              	.LASF11:
 2018 010b 666C6F61 		.ascii	"float\000"
 2018      7400
 2019              	.LASF0:
 2020 0111 7369676E 		.ascii	"signed char\000"
 2020      65642063 
 2020      68617200 
 2021              	.LASF33:
 2022 011d 56616C75 		.ascii	"ValueD\000"
 2022      654400
 2023              	.LASF1:
 2024 0124 756E7369 		.ascii	"unsigned char\000"
 2024      676E6564 
 2024      20636861 
 2024      7200
 2025              	.LASF34:
 2026 0132 56616C75 		.ascii	"ValueH\000"
 2026      654800
 2027              	.LASF29:
 2028 0139 4368616E 		.ascii	"ChannelNumber\000"
 2028      6E656C4E 
 2028      756D6265 
 2028      7200
 2029              	.LASF5:
 2030 0147 6C6F6E67 		.ascii	"long unsigned int\000"
 2030      20756E73 
 2030      69676E65 
 2030      6420696E 
 2030      7400
 2031              	.LASF35:
 2032 0159 56616C75 		.ascii	"ValueL\000"
 2032      654C00
 2033              	.LASF3:
 2034 0160 73686F72 		.ascii	"short unsigned int\000"
 2034      7420756E 
 2034      7369676E 
 2034      65642069 
 2034      6E7400
 2035              	.LASF38:
 2036 0173 496E6974 		.ascii	"Init\000"
 2036      00
 2037              	.LASF48:
 2038 0178 426C7565 		.ascii	"Blue_Output_Write\000"
 2038      5F4F7574 
ARM GAS  C:\Users\Acer\AppData\Local\Temp\ccxzIaol.s 			page 43


 2038      7075745F 
 2038      57726974 
 2038      6500
 2039              	.LASF37:
 2040 018a 43757272 		.ascii	"CurrentCharacter\000"
 2040      656E7443 
 2040      68617261 
 2040      63746572 
 2040      00
 2041              	.LASF24:
 2042 019b 4572726F 		.ascii	"Error_Return\000"
 2042      725F5265 
 2042      7475726E 
 2042      00
 2043              	.LASF12:
 2044 01a8 646F7562 		.ascii	"double\000"
 2044      6C6500
 2045              	.LASF2:
 2046 01af 73686F72 		.ascii	"short int\000"
 2046      7420696E 
 2046      7400
 2047              	.LASF42:
 2048 01b9 55415254 		.ascii	"UART_1_SpiUartWriteTxData\000"
 2048      5F315F53 
 2048      70695561 
 2048      72745772 
 2048      69746554 
 2049              	.LASF19:
 2050 01d3 4D61785F 		.ascii	"Max_D\000"
 2050      4400
 2051              	.LASF10:
 2052 01d9 75696E74 		.ascii	"uint32\000"
 2052      333200
 2053              	.LASF53:
 2054 01e0 6D61696E 		.ascii	"main\000"
 2054      00
 2055              	.LASF8:
 2056 01e5 756E7369 		.ascii	"unsigned int\000"
 2056      676E6564 
 2056      20696E74 
 2056      00
 2057              	.LASF21:
 2058 01f2 4D61785F 		.ascii	"Max_L\000"
 2058      4C00
 2059              	.LASF7:
 2060 01f8 6C6F6E67 		.ascii	"long long unsigned int\000"
 2060      206C6F6E 
 2060      6720756E 
 2060      7369676E 
 2060      65642069 
 2061              	.LASF27:
 2062 020f 55706461 		.ascii	"UpdateChannelDescriptor\000"
 2062      74654368 
 2062      616E6E65 
 2062      6C446573 
 2062      63726970 
 2063              	.LASF40:
ARM GAS  C:\Users\Acer\AppData\Local\Temp\ccxzIaol.s 			page 44


 2064 0227 55617274 		.ascii	"UartBuffer\000"
 2064      42756666 
 2064      657200
 2065              	.LASF16:
 2066 0232 43757272 		.ascii	"Current_D\000"
 2066      656E745F 
 2066      4400
 2067              	.LASF17:
 2068 023c 43757272 		.ascii	"Current_H\000"
 2068      656E745F 
 2068      4800
 2069              	.LASF50:
 2070 0246 474E5520 		.ascii	"GNU C11 5.4.1 20160609 (release) [ARM/embedded-5-br"
 2070      43313120 
 2070      352E342E 
 2070      31203230 
 2070      31363036 
 2071 0279 616E6368 		.ascii	"anch revision 237715] -mcpu=cortex-m0 -mthumb -g -O"
 2071      20726576 
 2071      6973696F 
 2071      6E203233 
 2071      37373135 
 2072 02ac 67202D66 		.ascii	"g -ffunction-sections -ffat-lto-objects\000"
 2072      66756E63 
 2072      74696F6E 
 2072      2D736563 
 2072      74696F6E 
 2073              	.LASF36:
 2074 02d4 55617274 		.ascii	"UartDataReader\000"
 2074      44617461 
 2074      52656164 
 2074      657200
 2075              	.LASF15:
 2076 02e3 73697A65 		.ascii	"sizetype\000"
 2076      74797065 
 2076      00
 2077              	.LASF6:
 2078 02ec 6C6F6E67 		.ascii	"long long int\000"
 2078      206C6F6E 
 2078      6720696E 
 2078      7400
 2079              	.LASF51:
 2080 02fa 6D61696E 		.ascii	"main.c\000"
 2080      2E6300
 2081              	.LASF13:
 2082 0301 63686172 		.ascii	"char\000"
 2082      00
 2083              	.LASF28:
 2084 0306 4368616E 		.ascii	"Channel_Number\000"
 2084      6E656C5F 
 2084      4E756D62 
 2084      657200
 2085              	.LASF20:
 2086 0315 4D61785F 		.ascii	"Max_H\000"
 2086      4800
 2087              	.LASF9:
 2088 031b 75696E74 		.ascii	"uint8\000"
ARM GAS  C:\Users\Acer\AppData\Local\Temp\ccxzIaol.s 			page 45


 2088      3800
 2089              	.LASF4:
 2090 0321 6C6F6E67 		.ascii	"long int\000"
 2090      20696E74 
 2090      00
 2091              	.LASF41:
 2092 032a 55617274 		.ascii	"UartBufferIdx\000"
 2092      42756666 
 2092      65724964 
 2092      7800
 2093              	.LASF14:
 2094 0338 6C6F6E67 		.ascii	"long double\000"
 2094      20646F75 
 2094      626C6500 
 2095              	.LASF39:
 2096 0344 4368616E 		.ascii	"ChannelDescriptorsArray\000"
 2096      6E656C44 
 2096      65736372 
 2096      6970746F 
 2096      72734172 
 2097              	.LASF32:
 2098 035c 55617274 		.ascii	"UartBufferParser\000"
 2098      42756666 
 2098      65725061 
 2098      72736572 
 2098      00
 2099              	.LASF45:
 2100 036d 6973725F 		.ascii	"isr_1_StartEx\000"
 2100      315F5374 
 2100      61727445 
 2100      7800
 2101              	.LASF47:
 2102 037b 5265645F 		.ascii	"Red_Output_Write\000"
 2102      4F757470 
 2102      75745F57 
 2102      72697465 
 2102      00
 2103              		.ident	"GCC: (GNU Tools for ARM Embedded Processors) 5.4.1 20160609 (release) [ARM/embedded-5-bran
