ARM GAS  C:\Users\ribot\AppData\Local\Temp\ccUCNwmm.s 			page 1


   1              		.syntax unified
   2              		.cpu cortex-m0
   3              		.fpu softvfp
   4              		.eabi_attribute 20, 1
   5              		.eabi_attribute 21, 1
   6              		.eabi_attribute 23, 3
   7              		.eabi_attribute 24, 1
   8              		.eabi_attribute 25, 1
   9              		.eabi_attribute 26, 1
  10              		.eabi_attribute 30, 1
  11              		.eabi_attribute 34, 0
  12              		.eabi_attribute 18, 4
  13              		.thumb
  14              		.syntax unified
  15              		.file	"main.c"
  16              		.text
  17              	.Ltext0:
  18              		.cfi_sections	.debug_frame
  19              		.section	.text.Error_Return,"ax",%progbits
  20              		.align	2
  21              		.global	Error_Return
  22              		.code	16
  23              		.thumb_func
  24              		.type	Error_Return, %function
  25              	Error_Return:
  26              	.LFB32:
  27              		.file 1 "main.c"
   1:main.c        **** #include "project.h"
   2:main.c        **** /* Number of channnels */
   3:main.c        **** #define NUMBER_OF_CHANNELS (2)
   4:main.c        **** /* The argument of the Pin_Write API to turn on the LED */
   5:main.c        **** #define LED_ON_VALUE (0)
   6:main.c        **** /* The argument of the Pin_Write API to turn off the LED */
   7:main.c        **** #define LED_OFF_VALUE (1)
   8:main.c        **** /* Size of UART buffer */
   9:main.c        **** #define UART_BUFFER_SIZE (7)
  10:main.c        **** /* UART buffer indeces */
  11:main.c        **** #define UART_BUFFER_A_IDX (0)
  12:main.c        **** #define UART_BUFFER_T_IDX (1)
  13:main.c        **** #define UART_BUFFER_EQUALS_IDX (2) // EQUALS - Symbol "="
  14:main.c        **** #define UART_BUFFER_CHANNEL_IDX (3)
  15:main.c        **** #define UART_BUFFER_D_VALUE_IDX (4)
  16:main.c        **** #define UART_BUFFER_H_VALUE_IDX (5)
  17:main.c        **** #define UART_BUFFER_L_VALUE_IDX (6)
  18:main.c        **** /* ASCII offset for digits. ASCII code of 0 in ASCII table. */
  19:main.c        **** #define ASCII_OFFSET_FOR_DIGITS (48)
  20:main.c        **** /* Channel Descriptor Type */
  21:main.c        **** typedef struct
  22:main.c        **** {
  23:main.c        ****  uint8 Current_D; /* Counter of state D duration */
  24:main.c        ****  uint8 Current_H; /* Counter of state H duration */
  25:main.c        ****  uint8 Current_L; /* Counter of state L duration */
  26:main.c        ****  uint8 Max_D; /* Maximum state D duration */
  27:main.c        ****  uint8 Max_H; /* Maximum state H duration */
  28:main.c        ****  uint8 Max_L; /* Maximum state L duration */
  29:main.c        ****  void (*PinControlFunction)(uint8); /* Pointer to pin control function */
  30:main.c        **** } ChannelDescriptorType;
ARM GAS  C:\Users\ribot\AppData\Local\Temp\ccUCNwmm.s 			page 2


  31:main.c        **** 
  32:main.c        **** /* Channels descriptors array with size of channels number */
  33:main.c        **** ChannelDescriptorType ChannelDescriptorsArray[NUMBER_OF_CHANNELS];
  34:main.c        **** /* Buffer to store data from UART */
  35:main.c        **** char UartBuffer[UART_BUFFER_SIZE];
  36:main.c        **** /* Index to the current UART buffer element */
  37:main.c        **** uint8 UartBufferIdx;
  38:main.c        **** 
  39:main.c        **** /* This function notifies the user that an incorrect AT-command has been entered */
  40:main.c        **** void Error_Return(void)
  41:main.c        **** {
  28              		.loc 1 41 0
  29              		.cfi_startproc
  30              		@ args = 0, pretend = 0, frame = 0
  31              		@ frame_needed = 0, uses_anonymous_args = 0
  32 0000 10B5     		push	{r4, lr}
  33              		.cfi_def_cfa_offset 8
  34              		.cfi_offset 4, -8
  35              		.cfi_offset 14, -4
  42:main.c        ****     UART_1_UartPutChar('\n');
  36              		.loc 1 42 0
  37 0002 0A20     		movs	r0, #10
  38 0004 FFF7FEFF 		bl	UART_1_SpiUartWriteTxData
  39              	.LVL0:
  43:main.c        ****     UART_1_UartPutChar('\r');
  40              		.loc 1 43 0
  41 0008 0D20     		movs	r0, #13
  42 000a FFF7FEFF 		bl	UART_1_SpiUartWriteTxData
  43              	.LVL1:
  44:main.c        ****     UART_1_UartPutChar(' ');
  44              		.loc 1 44 0
  45 000e 2020     		movs	r0, #32
  46 0010 FFF7FEFF 		bl	UART_1_SpiUartWriteTxData
  47              	.LVL2:
  45:main.c        ****     UART_1_UartPutChar('E');
  48              		.loc 1 45 0
  49 0014 4520     		movs	r0, #69
  50 0016 FFF7FEFF 		bl	UART_1_SpiUartWriteTxData
  51              	.LVL3:
  46:main.c        ****     UART_1_UartPutChar('r');
  52              		.loc 1 46 0
  53 001a 7220     		movs	r0, #114
  54 001c FFF7FEFF 		bl	UART_1_SpiUartWriteTxData
  55              	.LVL4:
  47:main.c        ****     UART_1_UartPutChar('r');
  56              		.loc 1 47 0
  57 0020 7220     		movs	r0, #114
  58 0022 FFF7FEFF 		bl	UART_1_SpiUartWriteTxData
  59              	.LVL5:
  48:main.c        ****     UART_1_UartPutChar('o');
  60              		.loc 1 48 0
  61 0026 6F20     		movs	r0, #111
  62 0028 FFF7FEFF 		bl	UART_1_SpiUartWriteTxData
  63              	.LVL6:
  49:main.c        ****     UART_1_UartPutChar('r');
  64              		.loc 1 49 0
  65 002c 7220     		movs	r0, #114
ARM GAS  C:\Users\ribot\AppData\Local\Temp\ccUCNwmm.s 			page 3


  66 002e FFF7FEFF 		bl	UART_1_SpiUartWriteTxData
  67              	.LVL7:
  50:main.c        ****     UART_1_UartPutChar(' ');
  68              		.loc 1 50 0
  69 0032 2020     		movs	r0, #32
  70 0034 FFF7FEFF 		bl	UART_1_SpiUartWriteTxData
  71              	.LVL8:
  51:main.c        ****     UART_1_UartPutChar('\n');
  72              		.loc 1 51 0
  73 0038 0A20     		movs	r0, #10
  74 003a FFF7FEFF 		bl	UART_1_SpiUartWriteTxData
  75              	.LVL9:
  52:main.c        ****     UART_1_UartPutChar('\r');
  76              		.loc 1 52 0
  77 003e 0D20     		movs	r0, #13
  78 0040 FFF7FEFF 		bl	UART_1_SpiUartWriteTxData
  79              	.LVL10:
  53:main.c        **** }
  80              		.loc 1 53 0
  81              		@ sp needed
  82 0044 10BD     		pop	{r4, pc}
  83              		.cfi_endproc
  84              	.LFE32:
  85              		.size	Error_Return, .-Error_Return
  86 0046 C046     		.section	.text.ChannelController,"ax",%progbits
  87              		.align	2
  88              		.global	ChannelController
  89              		.code	16
  90              		.thumb_func
  91              		.type	ChannelController, %function
  92              	ChannelController:
  93              	.LFB33:
  54:main.c        **** 
  55:main.c        **** /**************************************************************************
  56:main.c        ****  This function perfoms channel control.
  57:main.c        ****  It decrements counters D, H or L and toggles pin state when required.
  58:main.c        **** **************************************************************************/
  59:main.c        **** void ChannelController(uint8 Channel_Number)
  60:main.c        **** {
  94              		.loc 1 60 0
  95              		.cfi_startproc
  96              		@ args = 0, pretend = 0, frame = 0
  97              		@ frame_needed = 0, uses_anonymous_args = 0
  98              	.LVL11:
  99 0000 70B5     		push	{r4, r5, r6, lr}
 100              		.cfi_def_cfa_offset 16
 101              		.cfi_offset 4, -16
 102              		.cfi_offset 5, -12
 103              		.cfi_offset 6, -8
 104              		.cfi_offset 14, -4
  61:main.c        ****     if(ChannelDescriptorsArray[Channel_Number].Current_D > 0)
 105              		.loc 1 61 0
 106 0002 4300     		lsls	r3, r0, #1
 107 0004 1B18     		adds	r3, r3, r0
 108 0006 9A00     		lsls	r2, r3, #2
 109 0008 254B     		ldr	r3, .L7
 110 000a D15C     		ldrb	r1, [r2, r3]
ARM GAS  C:\Users\ribot\AppData\Local\Temp\ccUCNwmm.s 			page 4


 111 000c 0029     		cmp	r1, #0
 112 000e 0AD0     		beq	.L3
  62:main.c        ****     {
  63:main.c        ****         ChannelDescriptorsArray[Channel_Number].Current_D--;
 113              		.loc 1 63 0
 114 0010 1A00     		movs	r2, r3
 115 0012 4300     		lsls	r3, r0, #1
 116 0014 1D18     		adds	r5, r3, r0
 117 0016 AC00     		lsls	r4, r5, #2
 118 0018 0139     		subs	r1, r1, #1
 119 001a A154     		strb	r1, [r4, r2]
  64:main.c        ****         ChannelDescriptorsArray[Channel_Number].PinControlFunction(LED_OFF_VALUE);
 120              		.loc 1 64 0
 121 001c 1319     		adds	r3, r2, r4
 122 001e 9B68     		ldr	r3, [r3, #8]
 123 0020 0120     		movs	r0, #1
 124              	.LVL12:
 125 0022 9847     		blx	r3
 126              	.LVL13:
  65:main.c        ****         return;
 127              		.loc 1 65 0
 128 0024 3AE0     		b	.L2
 129              	.LVL14:
 130              	.L3:
  66:main.c        ****     }
  67:main.c        ****     if(ChannelDescriptorsArray[Channel_Number].Current_H > 0)
 131              		.loc 1 67 0
 132 0026 4200     		lsls	r2, r0, #1
 133 0028 1218     		adds	r2, r2, r0
 134 002a 9300     		lsls	r3, r2, #2
 135 002c 1C4A     		ldr	r2, .L7
 136 002e D318     		adds	r3, r2, r3
 137 0030 5C78     		ldrb	r4, [r3, #1]
 138 0032 002C     		cmp	r4, #0
 139 0034 0AD0     		beq	.L5
  68:main.c        ****     {
  69:main.c        ****         ChannelDescriptorsArray[Channel_Number].Current_H--;
 140              		.loc 1 69 0
 141 0036 1100     		movs	r1, r2
 142 0038 4300     		lsls	r3, r0, #1
 143 003a 1D18     		adds	r5, r3, r0
 144 003c AA00     		lsls	r2, r5, #2
 145 003e 8A18     		adds	r2, r1, r2
 146 0040 013C     		subs	r4, r4, #1
 147 0042 5470     		strb	r4, [r2, #1]
  70:main.c        ****         ChannelDescriptorsArray[Channel_Number].PinControlFunction(LED_ON_VALUE);
 148              		.loc 1 70 0
 149 0044 9368     		ldr	r3, [r2, #8]
 150 0046 0020     		movs	r0, #0
 151              	.LVL15:
 152 0048 9847     		blx	r3
 153              	.LVL16:
  71:main.c        ****         return;
 154              		.loc 1 71 0
 155 004a 27E0     		b	.L2
 156              	.LVL17:
 157              	.L5:
ARM GAS  C:\Users\ribot\AppData\Local\Temp\ccUCNwmm.s 			page 5


  72:main.c        ****     }
  73:main.c        ****     if(ChannelDescriptorsArray[Channel_Number].Current_L > 0)
 158              		.loc 1 73 0
 159 004c 4200     		lsls	r2, r0, #1
 160 004e 1218     		adds	r2, r2, r0
 161 0050 9300     		lsls	r3, r2, #2
 162 0052 134A     		ldr	r2, .L7
 163 0054 D318     		adds	r3, r2, r3
 164 0056 9B78     		ldrb	r3, [r3, #2]
 165 0058 002B     		cmp	r3, #0
 166 005a 0AD0     		beq	.L6
  74:main.c        ****     {
  75:main.c        ****         ChannelDescriptorsArray[Channel_Number].Current_L--;
 167              		.loc 1 75 0
 168 005c 1400     		movs	r4, r2
 169 005e 4200     		lsls	r2, r0, #1
 170 0060 1518     		adds	r5, r2, r0
 171 0062 A900     		lsls	r1, r5, #2
 172 0064 6118     		adds	r1, r4, r1
 173 0066 013B     		subs	r3, r3, #1
 174 0068 8B70     		strb	r3, [r1, #2]
  76:main.c        ****         ChannelDescriptorsArray[Channel_Number].PinControlFunction(LED_OFF_VALUE);
 175              		.loc 1 76 0
 176 006a 8B68     		ldr	r3, [r1, #8]
 177 006c 0120     		movs	r0, #1
 178              	.LVL18:
 179 006e 9847     		blx	r3
 180              	.LVL19:
  77:main.c        ****         return;
 181              		.loc 1 77 0
 182 0070 14E0     		b	.L2
 183              	.LVL20:
 184              	.L6:
  78:main.c        ****     }
  79:main.c        ****     
  80:main.c        ****     if (     ChannelDescriptorsArray[Channel_Number].Current_D == 0 && 
 185              		.loc 1 80 0
 186 0072 0029     		cmp	r1, #0
 187 0074 12D1     		bne	.L2
 188              		.loc 1 80 0 is_stmt 0 discriminator 1
 189 0076 002C     		cmp	r4, #0
 190 0078 10D1     		bne	.L2
  81:main.c        ****              ChannelDescriptorsArray[Channel_Number].Current_H == 0 && 
 191              		.loc 1 81 0 is_stmt 1
 192 007a 002B     		cmp	r3, #0
 193 007c 0ED1     		bne	.L2
  82:main.c        ****              ChannelDescriptorsArray[Channel_Number].Current_L == 0)
  83:main.c        ****     {
  84:main.c        ****     ChannelDescriptorsArray[Channel_Number].Current_D = 
  85:main.c        ****     ChannelDescriptorsArray[Channel_Number].Max_D;
 194              		.loc 1 85 0
 195 007e 084A     		ldr	r2, .L7
 196 0080 4100     		lsls	r1, r0, #1
 197 0082 0C18     		adds	r4, r1, r0
 198 0084 A300     		lsls	r3, r4, #2
 199 0086 D318     		adds	r3, r2, r3
 200 0088 DE78     		ldrb	r6, [r3, #3]
ARM GAS  C:\Users\ribot\AppData\Local\Temp\ccUCNwmm.s 			page 6


  84:main.c        ****     ChannelDescriptorsArray[Channel_Number].Max_D;
 201              		.loc 1 84 0
 202 008a 2500     		movs	r5, r4
 203 008c A400     		lsls	r4, r4, #2
 204 008e A654     		strb	r6, [r4, r2]
  86:main.c        ****     
  87:main.c        ****     ChannelDescriptorsArray[Channel_Number].Current_H = 
  88:main.c        ****     ChannelDescriptorsArray[Channel_Number].Max_H;
 205              		.loc 1 88 0
 206 0090 1C79     		ldrb	r4, [r3, #4]
  87:main.c        ****     ChannelDescriptorsArray[Channel_Number].Max_H;
 207              		.loc 1 87 0
 208 0092 5C70     		strb	r4, [r3, #1]
  89:main.c        ****     
  90:main.c        ****     ChannelDescriptorsArray[Channel_Number].Current_L = 
  91:main.c        ****     ChannelDescriptorsArray[Channel_Number].Max_L;
 209              		.loc 1 91 0
 210 0094 5C79     		ldrb	r4, [r3, #5]
  90:main.c        ****     ChannelDescriptorsArray[Channel_Number].Max_L;
 211              		.loc 1 90 0
 212 0096 AB00     		lsls	r3, r5, #2
 213 0098 D318     		adds	r3, r2, r3
 214 009a 9C70     		strb	r4, [r3, #2]
 215              	.LVL21:
 216              	.L2:
  92:main.c        **** 
  93:main.c        ****     return;
  94:main.c        ****     }
  95:main.c        **** }
 217              		.loc 1 95 0
 218              		@ sp needed
 219 009c 70BD     		pop	{r4, r5, r6, pc}
 220              	.L8:
 221 009e C046     		.align	2
 222              	.L7:
 223 00a0 00000000 		.word	ChannelDescriptorsArray
 224              		.cfi_endproc
 225              	.LFE33:
 226              		.size	ChannelController, .-ChannelController
 227              		.section	.text.TimeSlotInterrupt,"ax",%progbits
 228              		.align	2
 229              		.global	TimeSlotInterrupt
 230              		.code	16
 231              		.thumb_func
 232              		.type	TimeSlotInterrupt, %function
 233              	TimeSlotInterrupt:
 234              	.LFB34:
  96:main.c        **** /**************************************************************************
  97:main.c        ****  Interrupt Handler called every 500ms
  98:main.c        **** **************************************************************************/
  99:main.c        **** CY_ISR(TimeSlotInterrupt)
 100:main.c        **** {
 235              		.loc 1 100 0
 236              		.cfi_startproc
 237              		@ args = 0, pretend = 0, frame = 0
 238              		@ frame_needed = 0, uses_anonymous_args = 0
 239 0000 10B5     		push	{r4, lr}
ARM GAS  C:\Users\ribot\AppData\Local\Temp\ccUCNwmm.s 			page 7


 240              		.cfi_def_cfa_offset 8
 241              		.cfi_offset 4, -8
 242              		.cfi_offset 14, -4
 243              	.LVL22:
 101:main.c        ****  uint8 CurrentChannelNumber;
 102:main.c        ****  /* Call Channel controller function for each of channel */
 103:main.c        ****  for (CurrentChannelNumber = 0;
 244              		.loc 1 103 0
 245 0002 0024     		movs	r4, #0
 246 0004 04E0     		b	.L10
 247              	.LVL23:
 248              	.L11:
 104:main.c        ****  CurrentChannelNumber < NUMBER_OF_CHANNELS;
 105:main.c        ****  CurrentChannelNumber++)
 106:main.c        ****  {
 107:main.c        ****     ChannelController(CurrentChannelNumber);
 249              		.loc 1 107 0
 250 0006 2000     		movs	r0, r4
 251 0008 FFF7FEFF 		bl	ChannelController
 252              	.LVL24:
 105:main.c        ****  {
 253              		.loc 1 105 0
 254 000c 0134     		adds	r4, r4, #1
 255              	.LVL25:
 256 000e E4B2     		uxtb	r4, r4
 257              	.LVL26:
 258              	.L10:
 103:main.c        ****  CurrentChannelNumber < NUMBER_OF_CHANNELS;
 259              		.loc 1 103 0 discriminator 1
 260 0010 012C     		cmp	r4, #1
 261 0012 F8D9     		bls	.L11
 108:main.c        ****  }
 109:main.c        **** }
 262              		.loc 1 109 0
 263              		@ sp needed
 264              	.LVL27:
 265 0014 10BD     		pop	{r4, pc}
 266              		.cfi_endproc
 267              	.LFE34:
 268              		.size	TimeSlotInterrupt, .-TimeSlotInterrupt
 269 0016 C046     		.section	.text.UpdateChannelDescriptor,"ax",%progbits
 270              		.align	2
 271              		.global	UpdateChannelDescriptor
 272              		.code	16
 273              		.thumb_func
 274              		.type	UpdateChannelDescriptor, %function
 275              	UpdateChannelDescriptor:
 276              	.LFB35:
 110:main.c        **** /**************************************************************************
 111:main.c        ****  This function to update channel descriptors and pin state.
 112:main.c        ****  Counters D, H and L of all other channels are reset to the initial state
 113:main.c        ****  to start all channels synchronously.
 114:main.c        ****  Parameters:
 115:main.c        ****  ChannelNumber - channel to be updated;
 116:main.c        ****  D - new value of delay D;
 117:main.c        ****  H - new value of pulse duration H;
 118:main.c        ****  L - new value of pause duration L;
ARM GAS  C:\Users\ribot\AppData\Local\Temp\ccUCNwmm.s 			page 8


 119:main.c        **** **************************************************************************/
 120:main.c        **** void UpdateChannelDescriptor(uint8 ChannelNumber, uint8 D, uint8 H, uint8 L)
 121:main.c        **** {
 277              		.loc 1 121 0
 278              		.cfi_startproc
 279              		@ args = 0, pretend = 0, frame = 0
 280              		@ frame_needed = 0, uses_anonymous_args = 0
 281              	.LVL28:
 282 0000 F8B5     		push	{r3, r4, r5, r6, r7, lr}
 283              		.cfi_def_cfa_offset 24
 284              		.cfi_offset 3, -24
 285              		.cfi_offset 4, -20
 286              		.cfi_offset 5, -16
 287              		.cfi_offset 6, -12
 288              		.cfi_offset 7, -8
 289              		.cfi_offset 14, -4
 122:main.c        ****  uint8 ChannelIdx;
 123:main.c        ****  
 124:main.c        ****  /* Enter critical section to avoid interrupts during channel descriptors update */
 125:main.c        ****  CyGlobalIntDisable; /* Disable global interrupts. */
 290              		.loc 1 125 0
 291              		.syntax divided
 292              	@ 125 "main.c" 1
 293 0002 72B6     		CPSID   i
 294              	@ 0 "" 2
 126:main.c        ****  /* Update channel descriptor values from the data received from UART */
 127:main.c        ****  ChannelDescriptorsArray[ChannelNumber].Max_D = D;
 295              		.loc 1 127 0
 296              		.thumb
 297              		.syntax unified
 298 0004 104D     		ldr	r5, .L15
 299 0006 4600     		lsls	r6, r0, #1
 300 0008 3718     		adds	r7, r6, r0
 301 000a BC00     		lsls	r4, r7, #2
 302 000c 2C19     		adds	r4, r5, r4
 303 000e E170     		strb	r1, [r4, #3]
 128:main.c        ****  ChannelDescriptorsArray[ChannelNumber].Max_H = H; 
 304              		.loc 1 128 0
 305 0010 2271     		strb	r2, [r4, #4]
 129:main.c        ****  ChannelDescriptorsArray[ChannelNumber].Max_L = L; 
 306              		.loc 1 129 0
 307 0012 6371     		strb	r3, [r4, #5]
 308              	.LVL29:
 130:main.c        ****  
 131:main.c        ****  /* Reload counters in all channels to synchronize all channels. */
 132:main.c        ****  for (ChannelIdx = 0; ChannelIdx < NUMBER_OF_CHANNELS; ChannelIdx++)
 309              		.loc 1 132 0
 310 0014 0024     		movs	r4, #0
 311 0016 13E0     		b	.L13
 312              	.LVL30:
 313              	.L14:
 133:main.c        ****  {
 134:main.c        ****  ChannelDescriptorsArray[ChannelIdx].Current_D = ChannelDescriptorsArray[ChannelIdx].Max_D;
 314              		.loc 1 134 0 discriminator 3
 315 0018 0B49     		ldr	r1, .L15
 316 001a 6200     		lsls	r2, r4, #1
 317 001c 1019     		adds	r0, r2, r4
ARM GAS  C:\Users\ribot\AppData\Local\Temp\ccUCNwmm.s 			page 9


 318 001e 8300     		lsls	r3, r0, #2
 319 0020 CB18     		adds	r3, r1, r3
 320 0022 DE78     		ldrb	r6, [r3, #3]
 321 0024 0500     		movs	r5, r0
 322 0026 8000     		lsls	r0, r0, #2
 323 0028 4654     		strb	r6, [r0, r1]
 135:main.c        ****  ChannelDescriptorsArray[ChannelIdx].Current_H = ChannelDescriptorsArray[ChannelIdx].Max_H;
 324              		.loc 1 135 0 discriminator 3
 325 002a 1879     		ldrb	r0, [r3, #4]
 326 002c 5870     		strb	r0, [r3, #1]
 136:main.c        ****  ChannelDescriptorsArray[ChannelIdx].Current_L = ChannelDescriptorsArray[ChannelIdx].Max_L;
 327              		.loc 1 136 0 discriminator 3
 328 002e 5879     		ldrb	r0, [r3, #5]
 329 0030 9870     		strb	r0, [r3, #2]
 137:main.c        ****  /* Reset output pin corresponding to this channel */
 138:main.c        ****  ChannelDescriptorsArray[ChannelIdx].PinControlFunction(LED_OFF_VALUE);
 330              		.loc 1 138 0 discriminator 3
 331 0032 AB00     		lsls	r3, r5, #2
 332 0034 CB18     		adds	r3, r1, r3
 333 0036 9B68     		ldr	r3, [r3, #8]
 334 0038 0120     		movs	r0, #1
 335 003a 9847     		blx	r3
 336              	.LVL31:
 132:main.c        ****  {
 337              		.loc 1 132 0 discriminator 3
 338 003c 0134     		adds	r4, r4, #1
 339              	.LVL32:
 340 003e E4B2     		uxtb	r4, r4
 341              	.LVL33:
 342              	.L13:
 132:main.c        ****  {
 343              		.loc 1 132 0 is_stmt 0 discriminator 1
 344 0040 012C     		cmp	r4, #1
 345 0042 E9D9     		bls	.L14
 139:main.c        ****  }
 140:main.c        ****  /* Exit critical section */
 141:main.c        ****  CyGlobalIntEnable; /* Enable global interrupts. */
 346              		.loc 1 141 0 is_stmt 1
 347              		.syntax divided
 348              	@ 141 "main.c" 1
 349 0044 62B6     		CPSIE   i
 350              	@ 0 "" 2
 142:main.c        **** }
 351              		.loc 1 142 0
 352              		.thumb
 353              		.syntax unified
 354              		@ sp needed
 355              	.LVL34:
 356 0046 F8BD     		pop	{r3, r4, r5, r6, r7, pc}
 357              	.L16:
 358              		.align	2
 359              	.L15:
 360 0048 00000000 		.word	ChannelDescriptorsArray
 361              		.cfi_endproc
 362              	.LFE35:
 363              		.size	UpdateChannelDescriptor, .-UpdateChannelDescriptor
 364              		.section	.text.UartBufferParser,"ax",%progbits
ARM GAS  C:\Users\ribot\AppData\Local\Temp\ccUCNwmm.s 			page 10


 365              		.align	2
 366              		.global	UartBufferParser
 367              		.code	16
 368              		.thumb_func
 369              		.type	UartBufferParser, %function
 370              	UartBufferParser:
 371              	.LFB36:
 143:main.c        **** /**************************************************************************
 144:main.c        ****  This function parses the UART buffer and update counters D, H and L
 145:main.c        **** **************************************************************************/
 146:main.c        **** void UartBufferParser(void)
 147:main.c        **** {
 372              		.loc 1 147 0
 373              		.cfi_startproc
 374              		@ args = 0, pretend = 0, frame = 0
 375              		@ frame_needed = 0, uses_anonymous_args = 0
 376 0000 10B5     		push	{r4, lr}
 377              		.cfi_def_cfa_offset 8
 378              		.cfi_offset 4, -8
 379              		.cfi_offset 14, -4
 148:main.c        ****  uint8 ChannelNumber;
 149:main.c        ****  uint8 ValueD, ValueH, ValueL;
 150:main.c        ****  
 151:main.c        ****  ValueD = UartBuffer[UART_BUFFER_D_VALUE_IDX] - ASCII_OFFSET_FOR_DIGITS;
 380              		.loc 1 151 0
 381 0002 174C     		ldr	r4, .L23
 382 0004 2179     		ldrb	r1, [r4, #4]
 383 0006 3039     		subs	r1, r1, #48
 384 0008 C9B2     		uxtb	r1, r1
 385              	.LVL35:
 152:main.c        ****  ValueH = UartBuffer[UART_BUFFER_H_VALUE_IDX] - ASCII_OFFSET_FOR_DIGITS;
 386              		.loc 1 152 0
 387 000a 6279     		ldrb	r2, [r4, #5]
 388 000c 303A     		subs	r2, r2, #48
 389 000e D2B2     		uxtb	r2, r2
 390              	.LVL36:
 153:main.c        ****  ValueL = UartBuffer[UART_BUFFER_L_VALUE_IDX] - ASCII_OFFSET_FOR_DIGITS;   
 391              		.loc 1 153 0
 392 0010 A379     		ldrb	r3, [r4, #6]
 393 0012 303B     		subs	r3, r3, #48
 394 0014 DBB2     		uxtb	r3, r3
 395              	.LVL37:
 154:main.c        ****  ChannelNumber = UartBuffer[UART_BUFFER_CHANNEL_IDX] - ASCII_OFFSET_FOR_DIGITS;
 396              		.loc 1 154 0
 397 0016 E078     		ldrb	r0, [r4, #3]
 398 0018 3038     		subs	r0, r0, #48
 399 001a C0B2     		uxtb	r0, r0
 400              	.LVL38:
 155:main.c        **** 
 156:main.c        ****  if ('A' != UartBuffer[UART_BUFFER_A_IDX])
 401              		.loc 1 156 0
 402 001c 2478     		ldrb	r4, [r4]
 403 001e 412C     		cmp	r4, #65
 404 0020 02D0     		beq	.L18
 157:main.c        ****     {
 158:main.c        ****         /* UART buffer content does not match to the expected value "A". Return. */
 159:main.c        ****         Error_Return();
ARM GAS  C:\Users\ribot\AppData\Local\Temp\ccUCNwmm.s 			page 11


 405              		.loc 1 159 0
 406 0022 FFF7FEFF 		bl	Error_Return
 407              	.LVL39:
 160:main.c        ****         return;
 408              		.loc 1 160 0
 409 0026 1AE0     		b	.L17
 410              	.LVL40:
 411              	.L18:
 161:main.c        ****     }
 162:main.c        ****  if ('T' != UartBuffer[UART_BUFFER_T_IDX])
 412              		.loc 1 162 0
 413 0028 0D4C     		ldr	r4, .L23
 414 002a 6478     		ldrb	r4, [r4, #1]
 415 002c 542C     		cmp	r4, #84
 416 002e 02D0     		beq	.L20
 163:main.c        ****     {
 164:main.c        ****         Error_Return();
 417              		.loc 1 164 0
 418 0030 FFF7FEFF 		bl	Error_Return
 419              	.LVL41:
 165:main.c        ****         return;
 420              		.loc 1 165 0
 421 0034 13E0     		b	.L17
 422              	.LVL42:
 423              	.L20:
 166:main.c        ****     }
 167:main.c        ****  if ('=' != UartBuffer[UART_BUFFER_EQUALS_IDX])
 424              		.loc 1 167 0
 425 0036 0A4C     		ldr	r4, .L23
 426 0038 A478     		ldrb	r4, [r4, #2]
 427 003a 3D2C     		cmp	r4, #61
 428 003c 02D0     		beq	.L21
 168:main.c        ****     {
 169:main.c        ****         Error_Return();
 429              		.loc 1 169 0
 430 003e FFF7FEFF 		bl	Error_Return
 431              	.LVL43:
 170:main.c        ****         return;
 432              		.loc 1 170 0
 433 0042 0CE0     		b	.L17
 434              	.LVL44:
 435              	.L21:
 171:main.c        ****     }
 172:main.c        ****     
 173:main.c        ****  if (ValueD >= 0 && ValueD <= 9 &&
 436              		.loc 1 173 0
 437 0044 0929     		cmp	r1, #9
 438 0046 08D8     		bhi	.L22
 174:main.c        ****      ValueH >= 0 && ValueH <= 9 &&
 439              		.loc 1 174 0
 440 0048 092A     		cmp	r2, #9
 441 004a 06D8     		bhi	.L22
 175:main.c        ****      ValueL >= 0 && ValueL <= 9 &&
 442              		.loc 1 175 0
 443 004c 092B     		cmp	r3, #9
 444 004e 04D8     		bhi	.L22
 176:main.c        ****      ChannelNumber >= 0 && ChannelNumber < NUMBER_OF_CHANNELS)
ARM GAS  C:\Users\ribot\AppData\Local\Temp\ccUCNwmm.s 			page 12


 445              		.loc 1 176 0
 446 0050 0128     		cmp	r0, #1
 447 0052 02D8     		bhi	.L22
 177:main.c        ****     {
 178:main.c        ****         /* Update channel descriptor with received values D, H and L */
 179:main.c        ****         UpdateChannelDescriptor(ChannelNumber, ValueD, ValueH, ValueL);
 448              		.loc 1 179 0
 449 0054 FFF7FEFF 		bl	UpdateChannelDescriptor
 450              	.LVL45:
 451 0058 01E0     		b	.L17
 452              	.LVL46:
 453              	.L22:
 180:main.c        ****     }
 181:main.c        ****  else
 182:main.c        ****     {
 183:main.c        ****         Error_Return();
 454              		.loc 1 183 0
 455 005a FFF7FEFF 		bl	Error_Return
 456              	.LVL47:
 457              	.L17:
 184:main.c        ****     }
 185:main.c        **** }
 458              		.loc 1 185 0
 459              		@ sp needed
 460 005e 10BD     		pop	{r4, pc}
 461              	.L24:
 462              		.align	2
 463              	.L23:
 464 0060 00000000 		.word	UartBuffer
 465              		.cfi_endproc
 466              	.LFE36:
 467              		.size	UartBufferParser, .-UartBufferParser
 468              		.section	.text.UartDataReader,"ax",%progbits
 469              		.align	2
 470              		.global	UartDataReader
 471              		.code	16
 472              		.thumb_func
 473              		.type	UartDataReader, %function
 474              	UartDataReader:
 475              	.LFB37:
 186:main.c        **** /**************************************************************************
 187:main.c        ****  This function to read bytes (characters) from UART, collect data to the
 188:main.c        ****  buffer and parse the buffer.
 189:main.c        **** **************************************************************************/
 190:main.c        **** void UartDataReader(void)
 191:main.c        **** {
 476              		.loc 1 191 0
 477              		.cfi_startproc
 478              		@ args = 0, pretend = 0, frame = 0
 479              		@ frame_needed = 0, uses_anonymous_args = 0
 480 0000 10B5     		push	{r4, lr}
 481              		.cfi_def_cfa_offset 8
 482              		.cfi_offset 4, -8
 483              		.cfi_offset 14, -4
 484              	.LVL48:
 192:main.c        ****  char CurrentCharacter = 0;
 193:main.c        ****  CurrentCharacter = UART_1_UartGetChar();
ARM GAS  C:\Users\ribot\AppData\Local\Temp\ccUCNwmm.s 			page 13


 485              		.loc 1 193 0
 486 0002 FFF7FEFF 		bl	UART_1_UartGetChar
 487              	.LVL49:
 488 0006 C4B2     		uxtb	r4, r0
 489              	.LVL50:
 194:main.c        ****  if (0 == CurrentCharacter)
 490              		.loc 1 194 0
 491 0008 002C     		cmp	r4, #0
 492 000a 16D0     		beq	.L25
 195:main.c        ****  {
 196:main.c        ****  /* If current character equal to zero it means that no data received
 197:main.c        **** from UART.
 198:main.c        ****  Retrun from the function. */
 199:main.c        ****  return;
 200:main.c        ****  }
 201:main.c        ****  
 202:main.c        ****  /* Send back received character to see it in the terminal */
 203:main.c        ****  UART_1_UartPutChar(CurrentCharacter);
 493              		.loc 1 203 0
 494 000c FF23     		movs	r3, #255
 495 000e 1840     		ands	r0, r3
 496 0010 FFF7FEFF 		bl	UART_1_SpiUartWriteTxData
 497              	.LVL51:
 204:main.c        ****  
 205:main.c        ****  /* Check if received character is "A" (== indicator of packet begin) */
 206:main.c        ****  if ('A' == CurrentCharacter)
 498              		.loc 1 206 0
 499 0014 412C     		cmp	r4, #65
 500 0016 02D1     		bne	.L27
 207:main.c        ****  {
 208:main.c        ****  /* UART received character "A". Reset index to begin of the UART buffer
 209:main.c        **** */
 210:main.c        ****  UartBufferIdx = 0;
 501              		.loc 1 210 0
 502 0018 0022     		movs	r2, #0
 503 001a 084B     		ldr	r3, .L28
 504 001c 1A70     		strb	r2, [r3]
 505              	.L27:
 211:main.c        ****  }
 212:main.c        ****  /* Put received character to UART buffer and increment index. */
 213:main.c        ****  UartBuffer[UartBufferIdx] = CurrentCharacter;
 506              		.loc 1 213 0
 507 001e 074A     		ldr	r2, .L28
 508 0020 1378     		ldrb	r3, [r2]
 509 0022 0749     		ldr	r1, .L28+4
 510 0024 CC54     		strb	r4, [r1, r3]
 214:main.c        ****  UartBufferIdx++;
 511              		.loc 1 214 0
 512 0026 0133     		adds	r3, r3, #1
 513 0028 DBB2     		uxtb	r3, r3
 514 002a 1370     		strb	r3, [r2]
 215:main.c        ****  
 216:main.c        ****  /* Check if UART buffer is filled */
 217:main.c        ****  if (UART_BUFFER_SIZE == UartBufferIdx)
 515              		.loc 1 217 0
 516 002c 072B     		cmp	r3, #7
 517 002e 04D1     		bne	.L25
ARM GAS  C:\Users\ribot\AppData\Local\Temp\ccUCNwmm.s 			page 14


 218:main.c        ****  {
 219:main.c        ****  /* UART buffer is full. Start parse this buffer. */
 220:main.c        ****  UartBufferParser();
 518              		.loc 1 220 0
 519 0030 FFF7FEFF 		bl	UartBufferParser
 520              	.LVL52:
 221:main.c        ****  /* Reset index to begin of the UART buffer */
 222:main.c        ****  UartBufferIdx = 0;
 521              		.loc 1 222 0
 522 0034 0022     		movs	r2, #0
 523 0036 014B     		ldr	r3, .L28
 524 0038 1A70     		strb	r2, [r3]
 525              	.L25:
 223:main.c        ****  }
 224:main.c        **** }
 526              		.loc 1 224 0
 527              		@ sp needed
 528              	.LVL53:
 529 003a 10BD     		pop	{r4, pc}
 530              	.L29:
 531              		.align	2
 532              	.L28:
 533 003c 00000000 		.word	UartBufferIdx
 534 0040 00000000 		.word	UartBuffer
 535              		.cfi_endproc
 536              	.LFE37:
 537              		.size	UartDataReader, .-UartDataReader
 538              		.section	.text.Init,"ax",%progbits
 539              		.align	2
 540              		.global	Init
 541              		.code	16
 542              		.thumb_func
 543              		.type	Init, %function
 544              	Init:
 545              	.LFB38:
 225:main.c        **** /**************************************************************************
 226:main.c        ****  This function performs generic initialization.
 227:main.c        **** **************************************************************************/
 228:main.c        **** void Init(void)
 229:main.c        **** {
 546              		.loc 1 229 0
 547              		.cfi_startproc
 548              		@ args = 0, pretend = 0, frame = 0
 549              		@ frame_needed = 0, uses_anonymous_args = 0
 550 0000 10B5     		push	{r4, lr}
 551              		.cfi_def_cfa_offset 8
 552              		.cfi_offset 4, -8
 553              		.cfi_offset 14, -4
 230:main.c        ****  /* Assign pin control functions to the channel descriptors. */
 231:main.c        ****  ChannelDescriptorsArray[0].PinControlFunction = BLUE_Write;
 554              		.loc 1 231 0
 555 0002 064B     		ldr	r3, .L31
 556 0004 064A     		ldr	r2, .L31+4
 557 0006 9A60     		str	r2, [r3, #8]
 232:main.c        ****  ChannelDescriptorsArray[1].PinControlFunction = GREEN_Write;
 558              		.loc 1 232 0
 559 0008 064A     		ldr	r2, .L31+8
ARM GAS  C:\Users\ribot\AppData\Local\Temp\ccUCNwmm.s 			page 15


 560 000a 5A61     		str	r2, [r3, #20]
 233:main.c        ****  
 234:main.c        **** /* UART component start */
 235:main.c        ****  UART_1_Start();
 561              		.loc 1 235 0
 562 000c FFF7FEFF 		bl	UART_1_Start
 563              	.LVL54:
 236:main.c        **** 
 237:main.c        ****  /* Start Interrupt component */
 238:main.c        ****  isr_1_StartEx(TimeSlotInterrupt);
 564              		.loc 1 238 0
 565 0010 0548     		ldr	r0, .L31+12
 566 0012 FFF7FEFF 		bl	isr_1_StartEx
 567              	.LVL55:
 239:main.c        **** 
 240:main.c        ****  /* Start component Timer */
 241:main.c        ****  Timer_1_Start();
 568              		.loc 1 241 0
 569 0016 FFF7FEFF 		bl	Timer_1_Start
 570              	.LVL56:
 242:main.c        **** }
 571              		.loc 1 242 0
 572              		@ sp needed
 573 001a 10BD     		pop	{r4, pc}
 574              	.L32:
 575              		.align	2
 576              	.L31:
 577 001c 00000000 		.word	ChannelDescriptorsArray
 578 0020 00000000 		.word	BLUE_Write
 579 0024 00000000 		.word	GREEN_Write
 580 0028 00000000 		.word	TimeSlotInterrupt
 581              		.cfi_endproc
 582              	.LFE38:
 583              		.size	Init, .-Init
 584              		.section	.text.main,"ax",%progbits
 585              		.align	2
 586              		.global	main
 587              		.code	16
 588              		.thumb_func
 589              		.type	main, %function
 590              	main:
 591              	.LFB39:
 243:main.c        **** /**************************************************************************
 244:main.c        ****  Main function
 245:main.c        **** **************************************************************************/
 246:main.c        **** int main(void)
 247:main.c        **** {
 592              		.loc 1 247 0
 593              		.cfi_startproc
 594              		@ Volatile: function does not return.
 595              		@ args = 0, pretend = 0, frame = 0
 596              		@ frame_needed = 0, uses_anonymous_args = 0
 597 0000 10B5     		push	{r4, lr}
 598              		.cfi_def_cfa_offset 8
 599              		.cfi_offset 4, -8
 600              		.cfi_offset 14, -4
 248:main.c        ****  CyGlobalIntEnable; /* Enable global interrupts. */
ARM GAS  C:\Users\ribot\AppData\Local\Temp\ccUCNwmm.s 			page 16


 601              		.loc 1 248 0
 602              		.syntax divided
 603              	@ 248 "main.c" 1
 604 0002 62B6     		CPSIE   i
 605              	@ 0 "" 2
 249:main.c        ****  RED_Write(1);
 606              		.loc 1 249 0
 607              		.thumb
 608              		.syntax unified
 609 0004 0120     		movs	r0, #1
 610 0006 FFF7FEFF 		bl	RED_Write
 611              	.LVL57:
 250:main.c        ****  BLUE_Write(1);
 612              		.loc 1 250 0
 613 000a 0120     		movs	r0, #1
 614 000c FFF7FEFF 		bl	BLUE_Write
 615              	.LVL58:
 251:main.c        ****  GREEN_Write(1);
 616              		.loc 1 251 0
 617 0010 0120     		movs	r0, #1
 618 0012 FFF7FEFF 		bl	GREEN_Write
 619              	.LVL59:
 252:main.c        ****  /* Perform generic initialization */
 253:main.c        ****  Init(); 
 620              		.loc 1 253 0
 621 0016 FFF7FEFF 		bl	Init
 622              	.LVL60:
 623              	.L34:
 254:main.c        ****  /* Infinite loop */
 255:main.c        ****  for(;;)
 256:main.c        ****  {
 257:main.c        ****     UartDataReader();
 624              		.loc 1 257 0 discriminator 1
 625 001a FFF7FEFF 		bl	UartDataReader
 626              	.LVL61:
 627 001e FCE7     		b	.L34
 628              		.cfi_endproc
 629              	.LFE39:
 630              		.size	main, .-main
 631              		.comm	UartBufferIdx,1,1
 632              		.comm	UartBuffer,7,4
 633              		.comm	ChannelDescriptorsArray,24,4
 634              		.text
 635              	.Letext0:
 636              		.file 2 "Generated_Source\\PSoC4/cytypes.h"
 637              		.file 3 "Generated_Source\\PSoC4/UART_1_SPI_UART.h"
 638              		.file 4 "Generated_Source\\PSoC4/UART_1.h"
 639              		.file 5 "Generated_Source\\PSoC4/isr_1.h"
 640              		.file 6 "Generated_Source\\PSoC4/Timer_1.h"
 641              		.file 7 "Generated_Source\\PSoC4/RED.h"
 642              		.file 8 "Generated_Source\\PSoC4/BLUE.h"
 643              		.file 9 "Generated_Source\\PSoC4/GREEN.h"
 644              		.section	.debug_info,"",%progbits
 645              	.Ldebug_info0:
 646 0000 FF040000 		.4byte	0x4ff
 647 0004 0400     		.2byte	0x4
 648 0006 00000000 		.4byte	.Ldebug_abbrev0
ARM GAS  C:\Users\ribot\AppData\Local\Temp\ccUCNwmm.s 			page 17


 649 000a 04       		.byte	0x4
 650 000b 01       		.uleb128 0x1
 651 000c 42020000 		.4byte	.LASF50
 652 0010 0C       		.byte	0xc
 653 0011 E7020000 		.4byte	.LASF51
 654 0015 92000000 		.4byte	.LASF52
 655 0019 00000000 		.4byte	.Ldebug_ranges0+0
 656 001d 00000000 		.4byte	0
 657 0021 00000000 		.4byte	.Ldebug_line0
 658 0025 02       		.uleb128 0x2
 659 0026 01       		.byte	0x1
 660 0027 06       		.byte	0x6
 661 0028 F5000000 		.4byte	.LASF0
 662 002c 02       		.uleb128 0x2
 663 002d 01       		.byte	0x1
 664 002e 08       		.byte	0x8
 665 002f 08010000 		.4byte	.LASF1
 666 0033 02       		.uleb128 0x2
 667 0034 02       		.byte	0x2
 668 0035 05       		.byte	0x5
 669 0036 97010000 		.4byte	.LASF2
 670 003a 02       		.uleb128 0x2
 671 003b 02       		.byte	0x2
 672 003c 07       		.byte	0x7
 673 003d 44010000 		.4byte	.LASF3
 674 0041 02       		.uleb128 0x2
 675 0042 04       		.byte	0x4
 676 0043 05       		.byte	0x5
 677 0044 0E030000 		.4byte	.LASF4
 678 0048 02       		.uleb128 0x2
 679 0049 04       		.byte	0x4
 680 004a 07       		.byte	0x7
 681 004b 2B010000 		.4byte	.LASF5
 682 004f 02       		.uleb128 0x2
 683 0050 08       		.byte	0x8
 684 0051 05       		.byte	0x5
 685 0052 D9020000 		.4byte	.LASF6
 686 0056 02       		.uleb128 0x2
 687 0057 08       		.byte	0x8
 688 0058 07       		.byte	0x7
 689 0059 F3010000 		.4byte	.LASF7
 690 005d 03       		.uleb128 0x3
 691 005e 04       		.byte	0x4
 692 005f 05       		.byte	0x5
 693 0060 696E7400 		.ascii	"int\000"
 694 0064 02       		.uleb128 0x2
 695 0065 04       		.byte	0x4
 696 0066 07       		.byte	0x7
 697 0067 E0010000 		.4byte	.LASF8
 698 006b 04       		.uleb128 0x4
 699 006c 08030000 		.4byte	.LASF9
 700 0070 02       		.byte	0x2
 701 0071 FC01     		.2byte	0x1fc
 702 0073 2C000000 		.4byte	0x2c
 703 0077 04       		.uleb128 0x4
 704 0078 D4010000 		.4byte	.LASF10
 705 007c 02       		.byte	0x2
ARM GAS  C:\Users\ribot\AppData\Local\Temp\ccUCNwmm.s 			page 18


 706 007d FE01     		.2byte	0x1fe
 707 007f 48000000 		.4byte	0x48
 708 0083 02       		.uleb128 0x2
 709 0084 04       		.byte	0x4
 710 0085 04       		.byte	0x4
 711 0086 EF000000 		.4byte	.LASF11
 712 008a 02       		.uleb128 0x2
 713 008b 08       		.byte	0x8
 714 008c 04       		.byte	0x4
 715 008d 90010000 		.4byte	.LASF12
 716 0091 02       		.uleb128 0x2
 717 0092 01       		.byte	0x1
 718 0093 08       		.byte	0x8
 719 0094 EE020000 		.4byte	.LASF13
 720 0098 02       		.uleb128 0x2
 721 0099 08       		.byte	0x8
 722 009a 04       		.byte	0x4
 723 009b 25030000 		.4byte	.LASF14
 724 009f 02       		.uleb128 0x2
 725 00a0 04       		.byte	0x4
 726 00a1 07       		.byte	0x7
 727 00a2 D0020000 		.4byte	.LASF15
 728 00a6 05       		.uleb128 0x5
 729 00a7 0C       		.byte	0xc
 730 00a8 01       		.byte	0x1
 731 00a9 15       		.byte	0x15
 732 00aa 03010000 		.4byte	0x103
 733 00ae 06       		.uleb128 0x6
 734 00af 2D020000 		.4byte	.LASF16
 735 00b3 01       		.byte	0x1
 736 00b4 17       		.byte	0x17
 737 00b5 6B000000 		.4byte	0x6b
 738 00b9 00       		.byte	0
 739 00ba 06       		.uleb128 0x6
 740 00bb 88000000 		.4byte	.LASF17
 741 00bf 01       		.byte	0x1
 742 00c0 18       		.byte	0x18
 743 00c1 6B000000 		.4byte	0x6b
 744 00c5 01       		.byte	0x1
 745 00c6 06       		.uleb128 0x6
 746 00c7 D6000000 		.4byte	.LASF18
 747 00cb 01       		.byte	0x1
 748 00cc 19       		.byte	0x19
 749 00cd 6B000000 		.4byte	0x6b
 750 00d1 02       		.byte	0x2
 751 00d2 06       		.uleb128 0x6
 752 00d3 BB010000 		.4byte	.LASF19
 753 00d7 01       		.byte	0x1
 754 00d8 1A       		.byte	0x1a
 755 00d9 6B000000 		.4byte	0x6b
 756 00dd 03       		.byte	0x3
 757 00de 06       		.uleb128 0x6
 758 00df 02030000 		.4byte	.LASF20
 759 00e3 01       		.byte	0x1
 760 00e4 1B       		.byte	0x1b
 761 00e5 6B000000 		.4byte	0x6b
 762 00e9 04       		.byte	0x4
ARM GAS  C:\Users\ribot\AppData\Local\Temp\ccUCNwmm.s 			page 19


 763 00ea 06       		.uleb128 0x6
 764 00eb ED010000 		.4byte	.LASF21
 765 00ef 01       		.byte	0x1
 766 00f0 1C       		.byte	0x1c
 767 00f1 6B000000 		.4byte	0x6b
 768 00f5 05       		.byte	0x5
 769 00f6 06       		.uleb128 0x6
 770 00f7 C1010000 		.4byte	.LASF22
 771 00fb 01       		.byte	0x1
 772 00fc 1D       		.byte	0x1d
 773 00fd 0E010000 		.4byte	0x10e
 774 0101 08       		.byte	0x8
 775 0102 00       		.byte	0
 776 0103 07       		.uleb128 0x7
 777 0104 0E010000 		.4byte	0x10e
 778 0108 08       		.uleb128 0x8
 779 0109 6B000000 		.4byte	0x6b
 780 010d 00       		.byte	0
 781 010e 09       		.uleb128 0x9
 782 010f 04       		.byte	0x4
 783 0110 03010000 		.4byte	0x103
 784 0114 0A       		.uleb128 0xa
 785 0115 52000000 		.4byte	.LASF23
 786 0119 01       		.byte	0x1
 787 011a 1E       		.byte	0x1e
 788 011b A6000000 		.4byte	0xa6
 789 011f 0B       		.uleb128 0xb
 790 0120 77010000 		.4byte	.LASF24
 791 0124 01       		.byte	0x1
 792 0125 28       		.byte	0x28
 793 0126 00000000 		.4byte	.LFB32
 794 012a 46000000 		.4byte	.LFE32-.LFB32
 795 012e 01       		.uleb128 0x1
 796 012f 9C       		.byte	0x9c
 797 0130 09020000 		.4byte	0x209
 798 0134 0C       		.uleb128 0xc
 799 0135 08000000 		.4byte	.LVL0
 800 0139 A8040000 		.4byte	0x4a8
 801 013d 47010000 		.4byte	0x147
 802 0141 0D       		.uleb128 0xd
 803 0142 01       		.uleb128 0x1
 804 0143 50       		.byte	0x50
 805 0144 01       		.uleb128 0x1
 806 0145 3A       		.byte	0x3a
 807 0146 00       		.byte	0
 808 0147 0C       		.uleb128 0xc
 809 0148 0E000000 		.4byte	.LVL1
 810 014c A8040000 		.4byte	0x4a8
 811 0150 5A010000 		.4byte	0x15a
 812 0154 0D       		.uleb128 0xd
 813 0155 01       		.uleb128 0x1
 814 0156 50       		.byte	0x50
 815 0157 01       		.uleb128 0x1
 816 0158 3D       		.byte	0x3d
 817 0159 00       		.byte	0
 818 015a 0C       		.uleb128 0xc
 819 015b 14000000 		.4byte	.LVL2
ARM GAS  C:\Users\ribot\AppData\Local\Temp\ccUCNwmm.s 			page 20


 820 015f A8040000 		.4byte	0x4a8
 821 0163 6E010000 		.4byte	0x16e
 822 0167 0D       		.uleb128 0xd
 823 0168 01       		.uleb128 0x1
 824 0169 50       		.byte	0x50
 825 016a 02       		.uleb128 0x2
 826 016b 08       		.byte	0x8
 827 016c 20       		.byte	0x20
 828 016d 00       		.byte	0
 829 016e 0C       		.uleb128 0xc
 830 016f 1A000000 		.4byte	.LVL3
 831 0173 A8040000 		.4byte	0x4a8
 832 0177 82010000 		.4byte	0x182
 833 017b 0D       		.uleb128 0xd
 834 017c 01       		.uleb128 0x1
 835 017d 50       		.byte	0x50
 836 017e 02       		.uleb128 0x2
 837 017f 08       		.byte	0x8
 838 0180 45       		.byte	0x45
 839 0181 00       		.byte	0
 840 0182 0C       		.uleb128 0xc
 841 0183 20000000 		.4byte	.LVL4
 842 0187 A8040000 		.4byte	0x4a8
 843 018b 96010000 		.4byte	0x196
 844 018f 0D       		.uleb128 0xd
 845 0190 01       		.uleb128 0x1
 846 0191 50       		.byte	0x50
 847 0192 02       		.uleb128 0x2
 848 0193 08       		.byte	0x8
 849 0194 72       		.byte	0x72
 850 0195 00       		.byte	0
 851 0196 0C       		.uleb128 0xc
 852 0197 26000000 		.4byte	.LVL5
 853 019b A8040000 		.4byte	0x4a8
 854 019f AA010000 		.4byte	0x1aa
 855 01a3 0D       		.uleb128 0xd
 856 01a4 01       		.uleb128 0x1
 857 01a5 50       		.byte	0x50
 858 01a6 02       		.uleb128 0x2
 859 01a7 08       		.byte	0x8
 860 01a8 72       		.byte	0x72
 861 01a9 00       		.byte	0
 862 01aa 0C       		.uleb128 0xc
 863 01ab 2C000000 		.4byte	.LVL6
 864 01af A8040000 		.4byte	0x4a8
 865 01b3 BE010000 		.4byte	0x1be
 866 01b7 0D       		.uleb128 0xd
 867 01b8 01       		.uleb128 0x1
 868 01b9 50       		.byte	0x50
 869 01ba 02       		.uleb128 0x2
 870 01bb 08       		.byte	0x8
 871 01bc 6F       		.byte	0x6f
 872 01bd 00       		.byte	0
 873 01be 0C       		.uleb128 0xc
 874 01bf 32000000 		.4byte	.LVL7
 875 01c3 A8040000 		.4byte	0x4a8
 876 01c7 D2010000 		.4byte	0x1d2
ARM GAS  C:\Users\ribot\AppData\Local\Temp\ccUCNwmm.s 			page 21


 877 01cb 0D       		.uleb128 0xd
 878 01cc 01       		.uleb128 0x1
 879 01cd 50       		.byte	0x50
 880 01ce 02       		.uleb128 0x2
 881 01cf 08       		.byte	0x8
 882 01d0 72       		.byte	0x72
 883 01d1 00       		.byte	0
 884 01d2 0C       		.uleb128 0xc
 885 01d3 38000000 		.4byte	.LVL8
 886 01d7 A8040000 		.4byte	0x4a8
 887 01db E6010000 		.4byte	0x1e6
 888 01df 0D       		.uleb128 0xd
 889 01e0 01       		.uleb128 0x1
 890 01e1 50       		.byte	0x50
 891 01e2 02       		.uleb128 0x2
 892 01e3 08       		.byte	0x8
 893 01e4 20       		.byte	0x20
 894 01e5 00       		.byte	0
 895 01e6 0C       		.uleb128 0xc
 896 01e7 3E000000 		.4byte	.LVL9
 897 01eb A8040000 		.4byte	0x4a8
 898 01ef F9010000 		.4byte	0x1f9
 899 01f3 0D       		.uleb128 0xd
 900 01f4 01       		.uleb128 0x1
 901 01f5 50       		.byte	0x50
 902 01f6 01       		.uleb128 0x1
 903 01f7 3A       		.byte	0x3a
 904 01f8 00       		.byte	0
 905 01f9 0E       		.uleb128 0xe
 906 01fa 44000000 		.4byte	.LVL10
 907 01fe A8040000 		.4byte	0x4a8
 908 0202 0D       		.uleb128 0xd
 909 0203 01       		.uleb128 0x1
 910 0204 50       		.byte	0x50
 911 0205 01       		.uleb128 0x1
 912 0206 3D       		.byte	0x3d
 913 0207 00       		.byte	0
 914 0208 00       		.byte	0
 915 0209 0B       		.uleb128 0xb
 916 020a 40000000 		.4byte	.LASF25
 917 020e 01       		.byte	0x1
 918 020f 3B       		.byte	0x3b
 919 0210 00000000 		.4byte	.LFB33
 920 0214 A4000000 		.4byte	.LFE33-.LFB33
 921 0218 01       		.uleb128 0x1
 922 0219 9C       		.byte	0x9c
 923 021a 57020000 		.4byte	0x257
 924 021e 0F       		.uleb128 0xf
 925 021f F3020000 		.4byte	.LASF28
 926 0223 01       		.byte	0x1
 927 0224 3B       		.byte	0x3b
 928 0225 6B000000 		.4byte	0x6b
 929 0229 00000000 		.4byte	.LLST0
 930 022d 10       		.uleb128 0x10
 931 022e 24000000 		.4byte	.LVL13
 932 0232 3C020000 		.4byte	0x23c
 933 0236 0D       		.uleb128 0xd
ARM GAS  C:\Users\ribot\AppData\Local\Temp\ccUCNwmm.s 			page 22


 934 0237 01       		.uleb128 0x1
 935 0238 50       		.byte	0x50
 936 0239 01       		.uleb128 0x1
 937 023a 31       		.byte	0x31
 938 023b 00       		.byte	0
 939 023c 10       		.uleb128 0x10
 940 023d 4A000000 		.4byte	.LVL16
 941 0241 4B020000 		.4byte	0x24b
 942 0245 0D       		.uleb128 0xd
 943 0246 01       		.uleb128 0x1
 944 0247 50       		.byte	0x50
 945 0248 01       		.uleb128 0x1
 946 0249 30       		.byte	0x30
 947 024a 00       		.byte	0
 948 024b 11       		.uleb128 0x11
 949 024c 70000000 		.4byte	.LVL19
 950 0250 0D       		.uleb128 0xd
 951 0251 01       		.uleb128 0x1
 952 0252 50       		.byte	0x50
 953 0253 01       		.uleb128 0x1
 954 0254 31       		.byte	0x31
 955 0255 00       		.byte	0
 956 0256 00       		.byte	0
 957 0257 0B       		.uleb128 0xb
 958 0258 2E000000 		.4byte	.LASF26
 959 025c 01       		.byte	0x1
 960 025d 63       		.byte	0x63
 961 025e 00000000 		.4byte	.LFB34
 962 0262 16000000 		.4byte	.LFE34-.LFB34
 963 0266 01       		.uleb128 0x1
 964 0267 9C       		.byte	0x9c
 965 0268 8C020000 		.4byte	0x28c
 966 026c 12       		.uleb128 0x12
 967 026d 68000000 		.4byte	.LASF30
 968 0271 01       		.byte	0x1
 969 0272 65       		.byte	0x65
 970 0273 6B000000 		.4byte	0x6b
 971 0277 6C000000 		.4byte	.LLST1
 972 027b 0E       		.uleb128 0xe
 973 027c 0C000000 		.4byte	.LVL24
 974 0280 09020000 		.4byte	0x209
 975 0284 0D       		.uleb128 0xd
 976 0285 01       		.uleb128 0x1
 977 0286 50       		.byte	0x50
 978 0287 02       		.uleb128 0x2
 979 0288 74       		.byte	0x74
 980 0289 00       		.sleb128 0
 981 028a 00       		.byte	0
 982 028b 00       		.byte	0
 983 028c 0B       		.uleb128 0xb
 984 028d 0A020000 		.4byte	.LASF27
 985 0291 01       		.byte	0x1
 986 0292 78       		.byte	0x78
 987 0293 00000000 		.4byte	.LFB35
 988 0297 4C000000 		.4byte	.LFE35-.LFB35
 989 029b 01       		.uleb128 0x1
 990 029c 9C       		.byte	0x9c
ARM GAS  C:\Users\ribot\AppData\Local\Temp\ccUCNwmm.s 			page 23


 991 029d F2020000 		.4byte	0x2f2
 992 02a1 0F       		.uleb128 0xf
 993 02a2 1D010000 		.4byte	.LASF29
 994 02a6 01       		.byte	0x1
 995 02a7 78       		.byte	0x78
 996 02a8 6B000000 		.4byte	0x6b
 997 02ac 96000000 		.4byte	.LLST2
 998 02b0 13       		.uleb128 0x13
 999 02b1 4400     		.ascii	"D\000"
 1000 02b3 01       		.byte	0x1
 1001 02b4 78       		.byte	0x78
 1002 02b5 6B000000 		.4byte	0x6b
 1003 02b9 B7000000 		.4byte	.LLST3
 1004 02bd 13       		.uleb128 0x13
 1005 02be 4800     		.ascii	"H\000"
 1006 02c0 01       		.byte	0x1
 1007 02c1 78       		.byte	0x78
 1008 02c2 6B000000 		.4byte	0x6b
 1009 02c6 D8000000 		.4byte	.LLST4
 1010 02ca 13       		.uleb128 0x13
 1011 02cb 4C00     		.ascii	"L\000"
 1012 02cd 01       		.byte	0x1
 1013 02ce 78       		.byte	0x78
 1014 02cf 6B000000 		.4byte	0x6b
 1015 02d3 F9000000 		.4byte	.LLST5
 1016 02d7 12       		.uleb128 0x12
 1017 02d8 7D000000 		.4byte	.LASF31
 1018 02dc 01       		.byte	0x1
 1019 02dd 7A       		.byte	0x7a
 1020 02de 6B000000 		.4byte	0x6b
 1021 02e2 1A010000 		.4byte	.LLST6
 1022 02e6 11       		.uleb128 0x11
 1023 02e7 3C000000 		.4byte	.LVL31
 1024 02eb 0D       		.uleb128 0xd
 1025 02ec 01       		.uleb128 0x1
 1026 02ed 50       		.byte	0x50
 1027 02ee 01       		.uleb128 0x1
 1028 02ef 31       		.byte	0x31
 1029 02f0 00       		.byte	0
 1030 02f1 00       		.byte	0
 1031 02f2 0B       		.uleb128 0xb
 1032 02f3 49030000 		.4byte	.LASF32
 1033 02f7 01       		.byte	0x1
 1034 02f8 92       		.byte	0x92
 1035 02f9 00000000 		.4byte	.LFB36
 1036 02fd 64000000 		.4byte	.LFE36-.LFB36
 1037 0301 01       		.uleb128 0x1
 1038 0302 9C       		.byte	0x9c
 1039 0303 71030000 		.4byte	0x371
 1040 0307 12       		.uleb128 0x12
 1041 0308 1D010000 		.4byte	.LASF29
 1042 030c 01       		.byte	0x1
 1043 030d 94       		.byte	0x94
 1044 030e 6B000000 		.4byte	0x6b
 1045 0312 44010000 		.4byte	.LLST7
 1046 0316 12       		.uleb128 0x12
 1047 0317 01010000 		.4byte	.LASF33
ARM GAS  C:\Users\ribot\AppData\Local\Temp\ccUCNwmm.s 			page 24


 1048 031b 01       		.byte	0x1
 1049 031c 95       		.byte	0x95
 1050 031d 6B000000 		.4byte	0x6b
 1051 0321 83010000 		.4byte	.LLST8
 1052 0325 12       		.uleb128 0x12
 1053 0326 16010000 		.4byte	.LASF34
 1054 032a 01       		.byte	0x1
 1055 032b 95       		.byte	0x95
 1056 032c 6B000000 		.4byte	0x6b
 1057 0330 C2010000 		.4byte	.LLST9
 1058 0334 12       		.uleb128 0x12
 1059 0335 3D010000 		.4byte	.LASF35
 1060 0339 01       		.byte	0x1
 1061 033a 95       		.byte	0x95
 1062 033b 6B000000 		.4byte	0x6b
 1063 033f 01020000 		.4byte	.LLST10
 1064 0343 14       		.uleb128 0x14
 1065 0344 26000000 		.4byte	.LVL39
 1066 0348 1F010000 		.4byte	0x11f
 1067 034c 14       		.uleb128 0x14
 1068 034d 34000000 		.4byte	.LVL41
 1069 0351 1F010000 		.4byte	0x11f
 1070 0355 14       		.uleb128 0x14
 1071 0356 42000000 		.4byte	.LVL43
 1072 035a 1F010000 		.4byte	0x11f
 1073 035e 14       		.uleb128 0x14
 1074 035f 58000000 		.4byte	.LVL45
 1075 0363 8C020000 		.4byte	0x28c
 1076 0367 14       		.uleb128 0x14
 1077 0368 5E000000 		.4byte	.LVL47
 1078 036c 1F010000 		.4byte	0x11f
 1079 0370 00       		.byte	0
 1080 0371 0B       		.uleb128 0xb
 1081 0372 E0000000 		.4byte	.LASF36
 1082 0376 01       		.byte	0x1
 1083 0377 BE       		.byte	0xbe
 1084 0378 00000000 		.4byte	.LFB37
 1085 037c 44000000 		.4byte	.LFE37-.LFB37
 1086 0380 01       		.uleb128 0x1
 1087 0381 9C       		.byte	0x9c
 1088 0382 B1030000 		.4byte	0x3b1
 1089 0386 12       		.uleb128 0x12
 1090 0387 66010000 		.4byte	.LASF37
 1091 038b 01       		.byte	0x1
 1092 038c C0       		.byte	0xc0
 1093 038d 91000000 		.4byte	0x91
 1094 0391 40020000 		.4byte	.LLST11
 1095 0395 14       		.uleb128 0x14
 1096 0396 06000000 		.4byte	.LVL49
 1097 039a B4040000 		.4byte	0x4b4
 1098 039e 14       		.uleb128 0x14
 1099 039f 14000000 		.4byte	.LVL51
 1100 03a3 A8040000 		.4byte	0x4a8
 1101 03a7 14       		.uleb128 0x14
 1102 03a8 34000000 		.4byte	.LVL52
 1103 03ac F2020000 		.4byte	0x2f2
 1104 03b0 00       		.byte	0
ARM GAS  C:\Users\ribot\AppData\Local\Temp\ccUCNwmm.s 			page 25


 1105 03b1 0B       		.uleb128 0xb
 1106 03b2 61010000 		.4byte	.LASF38
 1107 03b6 01       		.byte	0x1
 1108 03b7 E4       		.byte	0xe4
 1109 03b8 00000000 		.4byte	.LFB38
 1110 03bc 2C000000 		.4byte	.LFE38-.LFB38
 1111 03c0 01       		.uleb128 0x1
 1112 03c1 9C       		.byte	0x9c
 1113 03c2 F0030000 		.4byte	0x3f0
 1114 03c6 14       		.uleb128 0x14
 1115 03c7 10000000 		.4byte	.LVL54
 1116 03cb C0040000 		.4byte	0x4c0
 1117 03cf 0C       		.uleb128 0xc
 1118 03d0 16000000 		.4byte	.LVL55
 1119 03d4 CB040000 		.4byte	0x4cb
 1120 03d8 E6030000 		.4byte	0x3e6
 1121 03dc 0D       		.uleb128 0xd
 1122 03dd 01       		.uleb128 0x1
 1123 03de 50       		.byte	0x50
 1124 03df 05       		.uleb128 0x5
 1125 03e0 03       		.byte	0x3
 1126 03e1 00000000 		.4byte	TimeSlotInterrupt
 1127 03e5 00       		.byte	0
 1128 03e6 14       		.uleb128 0x14
 1129 03e7 1A000000 		.4byte	.LVL56
 1130 03eb D6040000 		.4byte	0x4d6
 1131 03ef 00       		.byte	0
 1132 03f0 15       		.uleb128 0x15
 1133 03f1 DB010000 		.4byte	.LASF53
 1134 03f5 01       		.byte	0x1
 1135 03f6 F6       		.byte	0xf6
 1136 03f7 5D000000 		.4byte	0x5d
 1137 03fb 00000000 		.4byte	.LFB39
 1138 03ff 20000000 		.4byte	.LFE39-.LFB39
 1139 0403 01       		.uleb128 0x1
 1140 0404 9C       		.byte	0x9c
 1141 0405 55040000 		.4byte	0x455
 1142 0409 0C       		.uleb128 0xc
 1143 040a 0A000000 		.4byte	.LVL57
 1144 040e E1040000 		.4byte	0x4e1
 1145 0412 1C040000 		.4byte	0x41c
 1146 0416 0D       		.uleb128 0xd
 1147 0417 01       		.uleb128 0x1
 1148 0418 50       		.byte	0x50
 1149 0419 01       		.uleb128 0x1
 1150 041a 31       		.byte	0x31
 1151 041b 00       		.byte	0
 1152 041c 0C       		.uleb128 0xc
 1153 041d 10000000 		.4byte	.LVL58
 1154 0421 EC040000 		.4byte	0x4ec
 1155 0425 2F040000 		.4byte	0x42f
 1156 0429 0D       		.uleb128 0xd
 1157 042a 01       		.uleb128 0x1
 1158 042b 50       		.byte	0x50
 1159 042c 01       		.uleb128 0x1
 1160 042d 31       		.byte	0x31
 1161 042e 00       		.byte	0
ARM GAS  C:\Users\ribot\AppData\Local\Temp\ccUCNwmm.s 			page 26


 1162 042f 0C       		.uleb128 0xc
 1163 0430 16000000 		.4byte	.LVL59
 1164 0434 F7040000 		.4byte	0x4f7
 1165 0438 42040000 		.4byte	0x442
 1166 043c 0D       		.uleb128 0xd
 1167 043d 01       		.uleb128 0x1
 1168 043e 50       		.byte	0x50
 1169 043f 01       		.uleb128 0x1
 1170 0440 31       		.byte	0x31
 1171 0441 00       		.byte	0
 1172 0442 14       		.uleb128 0x14
 1173 0443 1A000000 		.4byte	.LVL60
 1174 0447 B1030000 		.4byte	0x3b1
 1175 044b 14       		.uleb128 0x14
 1176 044c 1E000000 		.4byte	.LVL61
 1177 0450 71030000 		.4byte	0x371
 1178 0454 00       		.byte	0
 1179 0455 16       		.uleb128 0x16
 1180 0456 14010000 		.4byte	0x114
 1181 045a 65040000 		.4byte	0x465
 1182 045e 17       		.uleb128 0x17
 1183 045f 9F000000 		.4byte	0x9f
 1184 0463 01       		.byte	0x1
 1185 0464 00       		.byte	0
 1186 0465 18       		.uleb128 0x18
 1187 0466 31030000 		.4byte	.LASF39
 1188 046a 01       		.byte	0x1
 1189 046b 21       		.byte	0x21
 1190 046c 55040000 		.4byte	0x455
 1191 0470 05       		.uleb128 0x5
 1192 0471 03       		.byte	0x3
 1193 0472 00000000 		.4byte	ChannelDescriptorsArray
 1194 0476 16       		.uleb128 0x16
 1195 0477 91000000 		.4byte	0x91
 1196 047b 86040000 		.4byte	0x486
 1197 047f 17       		.uleb128 0x17
 1198 0480 9F000000 		.4byte	0x9f
 1199 0484 06       		.byte	0x6
 1200 0485 00       		.byte	0
 1201 0486 18       		.uleb128 0x18
 1202 0487 22020000 		.4byte	.LASF40
 1203 048b 01       		.byte	0x1
 1204 048c 23       		.byte	0x23
 1205 048d 76040000 		.4byte	0x476
 1206 0491 05       		.uleb128 0x5
 1207 0492 03       		.byte	0x3
 1208 0493 00000000 		.4byte	UartBuffer
 1209 0497 18       		.uleb128 0x18
 1210 0498 17030000 		.4byte	.LASF41
 1211 049c 01       		.byte	0x1
 1212 049d 25       		.byte	0x25
 1213 049e 6B000000 		.4byte	0x6b
 1214 04a2 05       		.uleb128 0x5
 1215 04a3 03       		.byte	0x3
 1216 04a4 00000000 		.4byte	UartBufferIdx
 1217 04a8 19       		.uleb128 0x19
 1218 04a9 A1010000 		.4byte	.LASF42
ARM GAS  C:\Users\ribot\AppData\Local\Temp\ccUCNwmm.s 			page 27


 1219 04ad A1010000 		.4byte	.LASF42
 1220 04b1 03       		.byte	0x3
 1221 04b2 4403     		.2byte	0x344
 1222 04b4 19       		.uleb128 0x19
 1223 04b5 1B000000 		.4byte	.LASF43
 1224 04b9 1B000000 		.4byte	.LASF43
 1225 04bd 03       		.byte	0x3
 1226 04be 0F03     		.2byte	0x30f
 1227 04c0 1A       		.uleb128 0x1a
 1228 04c1 00000000 		.4byte	.LASF44
 1229 04c5 00000000 		.4byte	.LASF44
 1230 04c9 04       		.byte	0x4
 1231 04ca 72       		.byte	0x72
 1232 04cb 1A       		.uleb128 0x1a
 1233 04cc 5A030000 		.4byte	.LASF45
 1234 04d0 5A030000 		.4byte	.LASF45
 1235 04d4 05       		.byte	0x5
 1236 04d5 18       		.byte	0x18
 1237 04d6 1A       		.uleb128 0x1a
 1238 04d7 0D000000 		.4byte	.LASF46
 1239 04db 0D000000 		.4byte	.LASF46
 1240 04df 06       		.byte	0x6
 1241 04e0 5A       		.byte	0x5a
 1242 04e1 1A       		.uleb128 0x1a
 1243 04e2 57010000 		.4byte	.LASF47
 1244 04e6 57010000 		.4byte	.LASF47
 1245 04ea 07       		.byte	0x7
 1246 04eb 33       		.byte	0x33
 1247 04ec 1A       		.uleb128 0x1a
 1248 04ed 37020000 		.4byte	.LASF48
 1249 04f1 37020000 		.4byte	.LASF48
 1250 04f5 08       		.byte	0x8
 1251 04f6 33       		.byte	0x33
 1252 04f7 1A       		.uleb128 0x1a
 1253 04f8 84010000 		.4byte	.LASF49
 1254 04fc 84010000 		.4byte	.LASF49
 1255 0500 09       		.byte	0x9
 1256 0501 33       		.byte	0x33
 1257 0502 00       		.byte	0
 1258              		.section	.debug_abbrev,"",%progbits
 1259              	.Ldebug_abbrev0:
 1260 0000 01       		.uleb128 0x1
 1261 0001 11       		.uleb128 0x11
 1262 0002 01       		.byte	0x1
 1263 0003 25       		.uleb128 0x25
 1264 0004 0E       		.uleb128 0xe
 1265 0005 13       		.uleb128 0x13
 1266 0006 0B       		.uleb128 0xb
 1267 0007 03       		.uleb128 0x3
 1268 0008 0E       		.uleb128 0xe
 1269 0009 1B       		.uleb128 0x1b
 1270 000a 0E       		.uleb128 0xe
 1271 000b 55       		.uleb128 0x55
 1272 000c 17       		.uleb128 0x17
 1273 000d 11       		.uleb128 0x11
 1274 000e 01       		.uleb128 0x1
 1275 000f 10       		.uleb128 0x10
ARM GAS  C:\Users\ribot\AppData\Local\Temp\ccUCNwmm.s 			page 28


 1276 0010 17       		.uleb128 0x17
 1277 0011 00       		.byte	0
 1278 0012 00       		.byte	0
 1279 0013 02       		.uleb128 0x2
 1280 0014 24       		.uleb128 0x24
 1281 0015 00       		.byte	0
 1282 0016 0B       		.uleb128 0xb
 1283 0017 0B       		.uleb128 0xb
 1284 0018 3E       		.uleb128 0x3e
 1285 0019 0B       		.uleb128 0xb
 1286 001a 03       		.uleb128 0x3
 1287 001b 0E       		.uleb128 0xe
 1288 001c 00       		.byte	0
 1289 001d 00       		.byte	0
 1290 001e 03       		.uleb128 0x3
 1291 001f 24       		.uleb128 0x24
 1292 0020 00       		.byte	0
 1293 0021 0B       		.uleb128 0xb
 1294 0022 0B       		.uleb128 0xb
 1295 0023 3E       		.uleb128 0x3e
 1296 0024 0B       		.uleb128 0xb
 1297 0025 03       		.uleb128 0x3
 1298 0026 08       		.uleb128 0x8
 1299 0027 00       		.byte	0
 1300 0028 00       		.byte	0
 1301 0029 04       		.uleb128 0x4
 1302 002a 16       		.uleb128 0x16
 1303 002b 00       		.byte	0
 1304 002c 03       		.uleb128 0x3
 1305 002d 0E       		.uleb128 0xe
 1306 002e 3A       		.uleb128 0x3a
 1307 002f 0B       		.uleb128 0xb
 1308 0030 3B       		.uleb128 0x3b
 1309 0031 05       		.uleb128 0x5
 1310 0032 49       		.uleb128 0x49
 1311 0033 13       		.uleb128 0x13
 1312 0034 00       		.byte	0
 1313 0035 00       		.byte	0
 1314 0036 05       		.uleb128 0x5
 1315 0037 13       		.uleb128 0x13
 1316 0038 01       		.byte	0x1
 1317 0039 0B       		.uleb128 0xb
 1318 003a 0B       		.uleb128 0xb
 1319 003b 3A       		.uleb128 0x3a
 1320 003c 0B       		.uleb128 0xb
 1321 003d 3B       		.uleb128 0x3b
 1322 003e 0B       		.uleb128 0xb
 1323 003f 01       		.uleb128 0x1
 1324 0040 13       		.uleb128 0x13
 1325 0041 00       		.byte	0
 1326 0042 00       		.byte	0
 1327 0043 06       		.uleb128 0x6
 1328 0044 0D       		.uleb128 0xd
 1329 0045 00       		.byte	0
 1330 0046 03       		.uleb128 0x3
 1331 0047 0E       		.uleb128 0xe
 1332 0048 3A       		.uleb128 0x3a
ARM GAS  C:\Users\ribot\AppData\Local\Temp\ccUCNwmm.s 			page 29


 1333 0049 0B       		.uleb128 0xb
 1334 004a 3B       		.uleb128 0x3b
 1335 004b 0B       		.uleb128 0xb
 1336 004c 49       		.uleb128 0x49
 1337 004d 13       		.uleb128 0x13
 1338 004e 38       		.uleb128 0x38
 1339 004f 0B       		.uleb128 0xb
 1340 0050 00       		.byte	0
 1341 0051 00       		.byte	0
 1342 0052 07       		.uleb128 0x7
 1343 0053 15       		.uleb128 0x15
 1344 0054 01       		.byte	0x1
 1345 0055 27       		.uleb128 0x27
 1346 0056 19       		.uleb128 0x19
 1347 0057 01       		.uleb128 0x1
 1348 0058 13       		.uleb128 0x13
 1349 0059 00       		.byte	0
 1350 005a 00       		.byte	0
 1351 005b 08       		.uleb128 0x8
 1352 005c 05       		.uleb128 0x5
 1353 005d 00       		.byte	0
 1354 005e 49       		.uleb128 0x49
 1355 005f 13       		.uleb128 0x13
 1356 0060 00       		.byte	0
 1357 0061 00       		.byte	0
 1358 0062 09       		.uleb128 0x9
 1359 0063 0F       		.uleb128 0xf
 1360 0064 00       		.byte	0
 1361 0065 0B       		.uleb128 0xb
 1362 0066 0B       		.uleb128 0xb
 1363 0067 49       		.uleb128 0x49
 1364 0068 13       		.uleb128 0x13
 1365 0069 00       		.byte	0
 1366 006a 00       		.byte	0
 1367 006b 0A       		.uleb128 0xa
 1368 006c 16       		.uleb128 0x16
 1369 006d 00       		.byte	0
 1370 006e 03       		.uleb128 0x3
 1371 006f 0E       		.uleb128 0xe
 1372 0070 3A       		.uleb128 0x3a
 1373 0071 0B       		.uleb128 0xb
 1374 0072 3B       		.uleb128 0x3b
 1375 0073 0B       		.uleb128 0xb
 1376 0074 49       		.uleb128 0x49
 1377 0075 13       		.uleb128 0x13
 1378 0076 00       		.byte	0
 1379 0077 00       		.byte	0
 1380 0078 0B       		.uleb128 0xb
 1381 0079 2E       		.uleb128 0x2e
 1382 007a 01       		.byte	0x1
 1383 007b 3F       		.uleb128 0x3f
 1384 007c 19       		.uleb128 0x19
 1385 007d 03       		.uleb128 0x3
 1386 007e 0E       		.uleb128 0xe
 1387 007f 3A       		.uleb128 0x3a
 1388 0080 0B       		.uleb128 0xb
 1389 0081 3B       		.uleb128 0x3b
ARM GAS  C:\Users\ribot\AppData\Local\Temp\ccUCNwmm.s 			page 30


 1390 0082 0B       		.uleb128 0xb
 1391 0083 27       		.uleb128 0x27
 1392 0084 19       		.uleb128 0x19
 1393 0085 11       		.uleb128 0x11
 1394 0086 01       		.uleb128 0x1
 1395 0087 12       		.uleb128 0x12
 1396 0088 06       		.uleb128 0x6
 1397 0089 40       		.uleb128 0x40
 1398 008a 18       		.uleb128 0x18
 1399 008b 9742     		.uleb128 0x2117
 1400 008d 19       		.uleb128 0x19
 1401 008e 01       		.uleb128 0x1
 1402 008f 13       		.uleb128 0x13
 1403 0090 00       		.byte	0
 1404 0091 00       		.byte	0
 1405 0092 0C       		.uleb128 0xc
 1406 0093 898201   		.uleb128 0x4109
 1407 0096 01       		.byte	0x1
 1408 0097 11       		.uleb128 0x11
 1409 0098 01       		.uleb128 0x1
 1410 0099 31       		.uleb128 0x31
 1411 009a 13       		.uleb128 0x13
 1412 009b 01       		.uleb128 0x1
 1413 009c 13       		.uleb128 0x13
 1414 009d 00       		.byte	0
 1415 009e 00       		.byte	0
 1416 009f 0D       		.uleb128 0xd
 1417 00a0 8A8201   		.uleb128 0x410a
 1418 00a3 00       		.byte	0
 1419 00a4 02       		.uleb128 0x2
 1420 00a5 18       		.uleb128 0x18
 1421 00a6 9142     		.uleb128 0x2111
 1422 00a8 18       		.uleb128 0x18
 1423 00a9 00       		.byte	0
 1424 00aa 00       		.byte	0
 1425 00ab 0E       		.uleb128 0xe
 1426 00ac 898201   		.uleb128 0x4109
 1427 00af 01       		.byte	0x1
 1428 00b0 11       		.uleb128 0x11
 1429 00b1 01       		.uleb128 0x1
 1430 00b2 31       		.uleb128 0x31
 1431 00b3 13       		.uleb128 0x13
 1432 00b4 00       		.byte	0
 1433 00b5 00       		.byte	0
 1434 00b6 0F       		.uleb128 0xf
 1435 00b7 05       		.uleb128 0x5
 1436 00b8 00       		.byte	0
 1437 00b9 03       		.uleb128 0x3
 1438 00ba 0E       		.uleb128 0xe
 1439 00bb 3A       		.uleb128 0x3a
 1440 00bc 0B       		.uleb128 0xb
 1441 00bd 3B       		.uleb128 0x3b
 1442 00be 0B       		.uleb128 0xb
 1443 00bf 49       		.uleb128 0x49
 1444 00c0 13       		.uleb128 0x13
 1445 00c1 02       		.uleb128 0x2
 1446 00c2 17       		.uleb128 0x17
ARM GAS  C:\Users\ribot\AppData\Local\Temp\ccUCNwmm.s 			page 31


 1447 00c3 00       		.byte	0
 1448 00c4 00       		.byte	0
 1449 00c5 10       		.uleb128 0x10
 1450 00c6 898201   		.uleb128 0x4109
 1451 00c9 01       		.byte	0x1
 1452 00ca 11       		.uleb128 0x11
 1453 00cb 01       		.uleb128 0x1
 1454 00cc 01       		.uleb128 0x1
 1455 00cd 13       		.uleb128 0x13
 1456 00ce 00       		.byte	0
 1457 00cf 00       		.byte	0
 1458 00d0 11       		.uleb128 0x11
 1459 00d1 898201   		.uleb128 0x4109
 1460 00d4 01       		.byte	0x1
 1461 00d5 11       		.uleb128 0x11
 1462 00d6 01       		.uleb128 0x1
 1463 00d7 00       		.byte	0
 1464 00d8 00       		.byte	0
 1465 00d9 12       		.uleb128 0x12
 1466 00da 34       		.uleb128 0x34
 1467 00db 00       		.byte	0
 1468 00dc 03       		.uleb128 0x3
 1469 00dd 0E       		.uleb128 0xe
 1470 00de 3A       		.uleb128 0x3a
 1471 00df 0B       		.uleb128 0xb
 1472 00e0 3B       		.uleb128 0x3b
 1473 00e1 0B       		.uleb128 0xb
 1474 00e2 49       		.uleb128 0x49
 1475 00e3 13       		.uleb128 0x13
 1476 00e4 02       		.uleb128 0x2
 1477 00e5 17       		.uleb128 0x17
 1478 00e6 00       		.byte	0
 1479 00e7 00       		.byte	0
 1480 00e8 13       		.uleb128 0x13
 1481 00e9 05       		.uleb128 0x5
 1482 00ea 00       		.byte	0
 1483 00eb 03       		.uleb128 0x3
 1484 00ec 08       		.uleb128 0x8
 1485 00ed 3A       		.uleb128 0x3a
 1486 00ee 0B       		.uleb128 0xb
 1487 00ef 3B       		.uleb128 0x3b
 1488 00f0 0B       		.uleb128 0xb
 1489 00f1 49       		.uleb128 0x49
 1490 00f2 13       		.uleb128 0x13
 1491 00f3 02       		.uleb128 0x2
 1492 00f4 17       		.uleb128 0x17
 1493 00f5 00       		.byte	0
 1494 00f6 00       		.byte	0
 1495 00f7 14       		.uleb128 0x14
 1496 00f8 898201   		.uleb128 0x4109
 1497 00fb 00       		.byte	0
 1498 00fc 11       		.uleb128 0x11
 1499 00fd 01       		.uleb128 0x1
 1500 00fe 31       		.uleb128 0x31
 1501 00ff 13       		.uleb128 0x13
 1502 0100 00       		.byte	0
 1503 0101 00       		.byte	0
ARM GAS  C:\Users\ribot\AppData\Local\Temp\ccUCNwmm.s 			page 32


 1504 0102 15       		.uleb128 0x15
 1505 0103 2E       		.uleb128 0x2e
 1506 0104 01       		.byte	0x1
 1507 0105 3F       		.uleb128 0x3f
 1508 0106 19       		.uleb128 0x19
 1509 0107 03       		.uleb128 0x3
 1510 0108 0E       		.uleb128 0xe
 1511 0109 3A       		.uleb128 0x3a
 1512 010a 0B       		.uleb128 0xb
 1513 010b 3B       		.uleb128 0x3b
 1514 010c 0B       		.uleb128 0xb
 1515 010d 27       		.uleb128 0x27
 1516 010e 19       		.uleb128 0x19
 1517 010f 49       		.uleb128 0x49
 1518 0110 13       		.uleb128 0x13
 1519 0111 8701     		.uleb128 0x87
 1520 0113 19       		.uleb128 0x19
 1521 0114 11       		.uleb128 0x11
 1522 0115 01       		.uleb128 0x1
 1523 0116 12       		.uleb128 0x12
 1524 0117 06       		.uleb128 0x6
 1525 0118 40       		.uleb128 0x40
 1526 0119 18       		.uleb128 0x18
 1527 011a 9742     		.uleb128 0x2117
 1528 011c 19       		.uleb128 0x19
 1529 011d 01       		.uleb128 0x1
 1530 011e 13       		.uleb128 0x13
 1531 011f 00       		.byte	0
 1532 0120 00       		.byte	0
 1533 0121 16       		.uleb128 0x16
 1534 0122 01       		.uleb128 0x1
 1535 0123 01       		.byte	0x1
 1536 0124 49       		.uleb128 0x49
 1537 0125 13       		.uleb128 0x13
 1538 0126 01       		.uleb128 0x1
 1539 0127 13       		.uleb128 0x13
 1540 0128 00       		.byte	0
 1541 0129 00       		.byte	0
 1542 012a 17       		.uleb128 0x17
 1543 012b 21       		.uleb128 0x21
 1544 012c 00       		.byte	0
 1545 012d 49       		.uleb128 0x49
 1546 012e 13       		.uleb128 0x13
 1547 012f 2F       		.uleb128 0x2f
 1548 0130 0B       		.uleb128 0xb
 1549 0131 00       		.byte	0
 1550 0132 00       		.byte	0
 1551 0133 18       		.uleb128 0x18
 1552 0134 34       		.uleb128 0x34
 1553 0135 00       		.byte	0
 1554 0136 03       		.uleb128 0x3
 1555 0137 0E       		.uleb128 0xe
 1556 0138 3A       		.uleb128 0x3a
 1557 0139 0B       		.uleb128 0xb
 1558 013a 3B       		.uleb128 0x3b
 1559 013b 0B       		.uleb128 0xb
 1560 013c 49       		.uleb128 0x49
ARM GAS  C:\Users\ribot\AppData\Local\Temp\ccUCNwmm.s 			page 33


 1561 013d 13       		.uleb128 0x13
 1562 013e 3F       		.uleb128 0x3f
 1563 013f 19       		.uleb128 0x19
 1564 0140 02       		.uleb128 0x2
 1565 0141 18       		.uleb128 0x18
 1566 0142 00       		.byte	0
 1567 0143 00       		.byte	0
 1568 0144 19       		.uleb128 0x19
 1569 0145 2E       		.uleb128 0x2e
 1570 0146 00       		.byte	0
 1571 0147 3F       		.uleb128 0x3f
 1572 0148 19       		.uleb128 0x19
 1573 0149 3C       		.uleb128 0x3c
 1574 014a 19       		.uleb128 0x19
 1575 014b 6E       		.uleb128 0x6e
 1576 014c 0E       		.uleb128 0xe
 1577 014d 03       		.uleb128 0x3
 1578 014e 0E       		.uleb128 0xe
 1579 014f 3A       		.uleb128 0x3a
 1580 0150 0B       		.uleb128 0xb
 1581 0151 3B       		.uleb128 0x3b
 1582 0152 05       		.uleb128 0x5
 1583 0153 00       		.byte	0
 1584 0154 00       		.byte	0
 1585 0155 1A       		.uleb128 0x1a
 1586 0156 2E       		.uleb128 0x2e
 1587 0157 00       		.byte	0
 1588 0158 3F       		.uleb128 0x3f
 1589 0159 19       		.uleb128 0x19
 1590 015a 3C       		.uleb128 0x3c
 1591 015b 19       		.uleb128 0x19
 1592 015c 6E       		.uleb128 0x6e
 1593 015d 0E       		.uleb128 0xe
 1594 015e 03       		.uleb128 0x3
 1595 015f 0E       		.uleb128 0xe
 1596 0160 3A       		.uleb128 0x3a
 1597 0161 0B       		.uleb128 0xb
 1598 0162 3B       		.uleb128 0x3b
 1599 0163 0B       		.uleb128 0xb
 1600 0164 00       		.byte	0
 1601 0165 00       		.byte	0
 1602 0166 00       		.byte	0
 1603              		.section	.debug_loc,"",%progbits
 1604              	.Ldebug_loc0:
 1605              	.LLST0:
 1606 0000 00000000 		.4byte	.LVL11
 1607 0004 22000000 		.4byte	.LVL12
 1608 0008 0100     		.2byte	0x1
 1609 000a 50       		.byte	0x50
 1610 000b 22000000 		.4byte	.LVL12
 1611 000f 26000000 		.4byte	.LVL14
 1612 0013 0400     		.2byte	0x4
 1613 0015 F3       		.byte	0xf3
 1614 0016 01       		.uleb128 0x1
 1615 0017 50       		.byte	0x50
 1616 0018 9F       		.byte	0x9f
 1617 0019 26000000 		.4byte	.LVL14
ARM GAS  C:\Users\ribot\AppData\Local\Temp\ccUCNwmm.s 			page 34


 1618 001d 48000000 		.4byte	.LVL15
 1619 0021 0100     		.2byte	0x1
 1620 0023 50       		.byte	0x50
 1621 0024 48000000 		.4byte	.LVL15
 1622 0028 4C000000 		.4byte	.LVL17
 1623 002c 0400     		.2byte	0x4
 1624 002e F3       		.byte	0xf3
 1625 002f 01       		.uleb128 0x1
 1626 0030 50       		.byte	0x50
 1627 0031 9F       		.byte	0x9f
 1628 0032 4C000000 		.4byte	.LVL17
 1629 0036 6E000000 		.4byte	.LVL18
 1630 003a 0100     		.2byte	0x1
 1631 003c 50       		.byte	0x50
 1632 003d 6E000000 		.4byte	.LVL18
 1633 0041 72000000 		.4byte	.LVL20
 1634 0045 0400     		.2byte	0x4
 1635 0047 F3       		.byte	0xf3
 1636 0048 01       		.uleb128 0x1
 1637 0049 50       		.byte	0x50
 1638 004a 9F       		.byte	0x9f
 1639 004b 72000000 		.4byte	.LVL20
 1640 004f 9C000000 		.4byte	.LVL21
 1641 0053 0100     		.2byte	0x1
 1642 0055 50       		.byte	0x50
 1643 0056 9C000000 		.4byte	.LVL21
 1644 005a A4000000 		.4byte	.LFE33
 1645 005e 0400     		.2byte	0x4
 1646 0060 F3       		.byte	0xf3
 1647 0061 01       		.uleb128 0x1
 1648 0062 50       		.byte	0x50
 1649 0063 9F       		.byte	0x9f
 1650 0064 00000000 		.4byte	0
 1651 0068 00000000 		.4byte	0
 1652              	.LLST1:
 1653 006c 02000000 		.4byte	.LVL22
 1654 0070 06000000 		.4byte	.LVL23
 1655 0074 0200     		.2byte	0x2
 1656 0076 30       		.byte	0x30
 1657 0077 9F       		.byte	0x9f
 1658 0078 06000000 		.4byte	.LVL23
 1659 007c 0E000000 		.4byte	.LVL25
 1660 0080 0100     		.2byte	0x1
 1661 0082 54       		.byte	0x54
 1662 0083 10000000 		.4byte	.LVL26
 1663 0087 14000000 		.4byte	.LVL27
 1664 008b 0100     		.2byte	0x1
 1665 008d 54       		.byte	0x54
 1666 008e 00000000 		.4byte	0
 1667 0092 00000000 		.4byte	0
 1668              	.LLST2:
 1669 0096 00000000 		.4byte	.LVL28
 1670 009a 18000000 		.4byte	.LVL30
 1671 009e 0100     		.2byte	0x1
 1672 00a0 50       		.byte	0x50
 1673 00a1 18000000 		.4byte	.LVL30
 1674 00a5 4C000000 		.4byte	.LFE35
ARM GAS  C:\Users\ribot\AppData\Local\Temp\ccUCNwmm.s 			page 35


 1675 00a9 0400     		.2byte	0x4
 1676 00ab F3       		.byte	0xf3
 1677 00ac 01       		.uleb128 0x1
 1678 00ad 50       		.byte	0x50
 1679 00ae 9F       		.byte	0x9f
 1680 00af 00000000 		.4byte	0
 1681 00b3 00000000 		.4byte	0
 1682              	.LLST3:
 1683 00b7 00000000 		.4byte	.LVL28
 1684 00bb 18000000 		.4byte	.LVL30
 1685 00bf 0100     		.2byte	0x1
 1686 00c1 51       		.byte	0x51
 1687 00c2 18000000 		.4byte	.LVL30
 1688 00c6 4C000000 		.4byte	.LFE35
 1689 00ca 0400     		.2byte	0x4
 1690 00cc F3       		.byte	0xf3
 1691 00cd 01       		.uleb128 0x1
 1692 00ce 51       		.byte	0x51
 1693 00cf 9F       		.byte	0x9f
 1694 00d0 00000000 		.4byte	0
 1695 00d4 00000000 		.4byte	0
 1696              	.LLST4:
 1697 00d8 00000000 		.4byte	.LVL28
 1698 00dc 18000000 		.4byte	.LVL30
 1699 00e0 0100     		.2byte	0x1
 1700 00e2 52       		.byte	0x52
 1701 00e3 18000000 		.4byte	.LVL30
 1702 00e7 4C000000 		.4byte	.LFE35
 1703 00eb 0400     		.2byte	0x4
 1704 00ed F3       		.byte	0xf3
 1705 00ee 01       		.uleb128 0x1
 1706 00ef 52       		.byte	0x52
 1707 00f0 9F       		.byte	0x9f
 1708 00f1 00000000 		.4byte	0
 1709 00f5 00000000 		.4byte	0
 1710              	.LLST5:
 1711 00f9 00000000 		.4byte	.LVL28
 1712 00fd 18000000 		.4byte	.LVL30
 1713 0101 0100     		.2byte	0x1
 1714 0103 53       		.byte	0x53
 1715 0104 18000000 		.4byte	.LVL30
 1716 0108 4C000000 		.4byte	.LFE35
 1717 010c 0400     		.2byte	0x4
 1718 010e F3       		.byte	0xf3
 1719 010f 01       		.uleb128 0x1
 1720 0110 53       		.byte	0x53
 1721 0111 9F       		.byte	0x9f
 1722 0112 00000000 		.4byte	0
 1723 0116 00000000 		.4byte	0
 1724              	.LLST6:
 1725 011a 14000000 		.4byte	.LVL29
 1726 011e 18000000 		.4byte	.LVL30
 1727 0122 0200     		.2byte	0x2
 1728 0124 30       		.byte	0x30
 1729 0125 9F       		.byte	0x9f
 1730 0126 18000000 		.4byte	.LVL30
 1731 012a 3E000000 		.4byte	.LVL32
ARM GAS  C:\Users\ribot\AppData\Local\Temp\ccUCNwmm.s 			page 36


 1732 012e 0100     		.2byte	0x1
 1733 0130 54       		.byte	0x54
 1734 0131 40000000 		.4byte	.LVL33
 1735 0135 46000000 		.4byte	.LVL34
 1736 0139 0100     		.2byte	0x1
 1737 013b 54       		.byte	0x54
 1738 013c 00000000 		.4byte	0
 1739 0140 00000000 		.4byte	0
 1740              	.LLST7:
 1741 0144 1C000000 		.4byte	.LVL38
 1742 0148 25000000 		.4byte	.LVL39-1
 1743 014c 0100     		.2byte	0x1
 1744 014e 50       		.byte	0x50
 1745 014f 28000000 		.4byte	.LVL40
 1746 0153 33000000 		.4byte	.LVL41-1
 1747 0157 0100     		.2byte	0x1
 1748 0159 50       		.byte	0x50
 1749 015a 36000000 		.4byte	.LVL42
 1750 015e 41000000 		.4byte	.LVL43-1
 1751 0162 0100     		.2byte	0x1
 1752 0164 50       		.byte	0x50
 1753 0165 44000000 		.4byte	.LVL44
 1754 0169 57000000 		.4byte	.LVL45-1
 1755 016d 0100     		.2byte	0x1
 1756 016f 50       		.byte	0x50
 1757 0170 5A000000 		.4byte	.LVL46
 1758 0174 5D000000 		.4byte	.LVL47-1
 1759 0178 0100     		.2byte	0x1
 1760 017a 50       		.byte	0x50
 1761 017b 00000000 		.4byte	0
 1762 017f 00000000 		.4byte	0
 1763              	.LLST8:
 1764 0183 0A000000 		.4byte	.LVL35
 1765 0187 25000000 		.4byte	.LVL39-1
 1766 018b 0100     		.2byte	0x1
 1767 018d 51       		.byte	0x51
 1768 018e 28000000 		.4byte	.LVL40
 1769 0192 33000000 		.4byte	.LVL41-1
 1770 0196 0100     		.2byte	0x1
 1771 0198 51       		.byte	0x51
 1772 0199 36000000 		.4byte	.LVL42
 1773 019d 41000000 		.4byte	.LVL43-1
 1774 01a1 0100     		.2byte	0x1
 1775 01a3 51       		.byte	0x51
 1776 01a4 44000000 		.4byte	.LVL44
 1777 01a8 57000000 		.4byte	.LVL45-1
 1778 01ac 0100     		.2byte	0x1
 1779 01ae 51       		.byte	0x51
 1780 01af 5A000000 		.4byte	.LVL46
 1781 01b3 5D000000 		.4byte	.LVL47-1
 1782 01b7 0100     		.2byte	0x1
 1783 01b9 51       		.byte	0x51
 1784 01ba 00000000 		.4byte	0
 1785 01be 00000000 		.4byte	0
 1786              	.LLST9:
 1787 01c2 10000000 		.4byte	.LVL36
 1788 01c6 25000000 		.4byte	.LVL39-1
ARM GAS  C:\Users\ribot\AppData\Local\Temp\ccUCNwmm.s 			page 37


 1789 01ca 0100     		.2byte	0x1
 1790 01cc 52       		.byte	0x52
 1791 01cd 28000000 		.4byte	.LVL40
 1792 01d1 33000000 		.4byte	.LVL41-1
 1793 01d5 0100     		.2byte	0x1
 1794 01d7 52       		.byte	0x52
 1795 01d8 36000000 		.4byte	.LVL42
 1796 01dc 41000000 		.4byte	.LVL43-1
 1797 01e0 0100     		.2byte	0x1
 1798 01e2 52       		.byte	0x52
 1799 01e3 44000000 		.4byte	.LVL44
 1800 01e7 57000000 		.4byte	.LVL45-1
 1801 01eb 0100     		.2byte	0x1
 1802 01ed 52       		.byte	0x52
 1803 01ee 5A000000 		.4byte	.LVL46
 1804 01f2 5D000000 		.4byte	.LVL47-1
 1805 01f6 0100     		.2byte	0x1
 1806 01f8 52       		.byte	0x52
 1807 01f9 00000000 		.4byte	0
 1808 01fd 00000000 		.4byte	0
 1809              	.LLST10:
 1810 0201 16000000 		.4byte	.LVL37
 1811 0205 25000000 		.4byte	.LVL39-1
 1812 0209 0100     		.2byte	0x1
 1813 020b 53       		.byte	0x53
 1814 020c 28000000 		.4byte	.LVL40
 1815 0210 33000000 		.4byte	.LVL41-1
 1816 0214 0100     		.2byte	0x1
 1817 0216 53       		.byte	0x53
 1818 0217 36000000 		.4byte	.LVL42
 1819 021b 41000000 		.4byte	.LVL43-1
 1820 021f 0100     		.2byte	0x1
 1821 0221 53       		.byte	0x53
 1822 0222 44000000 		.4byte	.LVL44
 1823 0226 57000000 		.4byte	.LVL45-1
 1824 022a 0100     		.2byte	0x1
 1825 022c 53       		.byte	0x53
 1826 022d 5A000000 		.4byte	.LVL46
 1827 0231 5D000000 		.4byte	.LVL47-1
 1828 0235 0100     		.2byte	0x1
 1829 0237 53       		.byte	0x53
 1830 0238 00000000 		.4byte	0
 1831 023c 00000000 		.4byte	0
 1832              	.LLST11:
 1833 0240 02000000 		.4byte	.LVL48
 1834 0244 08000000 		.4byte	.LVL50
 1835 0248 0200     		.2byte	0x2
 1836 024a 30       		.byte	0x30
 1837 024b 9F       		.byte	0x9f
 1838 024c 08000000 		.4byte	.LVL50
 1839 0250 3A000000 		.4byte	.LVL53
 1840 0254 0100     		.2byte	0x1
 1841 0256 54       		.byte	0x54
 1842 0257 00000000 		.4byte	0
 1843 025b 00000000 		.4byte	0
 1844              		.section	.debug_aranges,"",%progbits
 1845 0000 54000000 		.4byte	0x54
ARM GAS  C:\Users\ribot\AppData\Local\Temp\ccUCNwmm.s 			page 38


 1846 0004 0200     		.2byte	0x2
 1847 0006 00000000 		.4byte	.Ldebug_info0
 1848 000a 04       		.byte	0x4
 1849 000b 00       		.byte	0
 1850 000c 0000     		.2byte	0
 1851 000e 0000     		.2byte	0
 1852 0010 00000000 		.4byte	.LFB32
 1853 0014 46000000 		.4byte	.LFE32-.LFB32
 1854 0018 00000000 		.4byte	.LFB33
 1855 001c A4000000 		.4byte	.LFE33-.LFB33
 1856 0020 00000000 		.4byte	.LFB34
 1857 0024 16000000 		.4byte	.LFE34-.LFB34
 1858 0028 00000000 		.4byte	.LFB35
 1859 002c 4C000000 		.4byte	.LFE35-.LFB35
 1860 0030 00000000 		.4byte	.LFB36
 1861 0034 64000000 		.4byte	.LFE36-.LFB36
 1862 0038 00000000 		.4byte	.LFB37
 1863 003c 44000000 		.4byte	.LFE37-.LFB37
 1864 0040 00000000 		.4byte	.LFB38
 1865 0044 2C000000 		.4byte	.LFE38-.LFB38
 1866 0048 00000000 		.4byte	.LFB39
 1867 004c 20000000 		.4byte	.LFE39-.LFB39
 1868 0050 00000000 		.4byte	0
 1869 0054 00000000 		.4byte	0
 1870              		.section	.debug_ranges,"",%progbits
 1871              	.Ldebug_ranges0:
 1872 0000 00000000 		.4byte	.LFB32
 1873 0004 46000000 		.4byte	.LFE32
 1874 0008 00000000 		.4byte	.LFB33
 1875 000c A4000000 		.4byte	.LFE33
 1876 0010 00000000 		.4byte	.LFB34
 1877 0014 16000000 		.4byte	.LFE34
 1878 0018 00000000 		.4byte	.LFB35
 1879 001c 4C000000 		.4byte	.LFE35
 1880 0020 00000000 		.4byte	.LFB36
 1881 0024 64000000 		.4byte	.LFE36
 1882 0028 00000000 		.4byte	.LFB37
 1883 002c 44000000 		.4byte	.LFE37
 1884 0030 00000000 		.4byte	.LFB38
 1885 0034 2C000000 		.4byte	.LFE38
 1886 0038 00000000 		.4byte	.LFB39
 1887 003c 20000000 		.4byte	.LFE39
 1888 0040 00000000 		.4byte	0
 1889 0044 00000000 		.4byte	0
 1890              		.section	.debug_line,"",%progbits
 1891              	.Ldebug_line0:
 1892 0000 A9010000 		.section	.debug_str,"MS",%progbits,1
 1892      02009800 
 1892      00000201 
 1892      FB0E0D00 
 1892      01010101 
 1893              	.LASF44:
 1894 0000 55415254 		.ascii	"UART_1_Start\000"
 1894      5F315F53 
 1894      74617274 
 1894      00
 1895              	.LASF46:
ARM GAS  C:\Users\ribot\AppData\Local\Temp\ccUCNwmm.s 			page 39


 1896 000d 54696D65 		.ascii	"Timer_1_Start\000"
 1896      725F315F 
 1896      53746172 
 1896      7400
 1897              	.LASF43:
 1898 001b 55415254 		.ascii	"UART_1_UartGetChar\000"
 1898      5F315F55 
 1898      61727447 
 1898      65744368 
 1898      617200
 1899              	.LASF26:
 1900 002e 54696D65 		.ascii	"TimeSlotInterrupt\000"
 1900      536C6F74 
 1900      496E7465 
 1900      72727570 
 1900      7400
 1901              	.LASF25:
 1902 0040 4368616E 		.ascii	"ChannelController\000"
 1902      6E656C43 
 1902      6F6E7472 
 1902      6F6C6C65 
 1902      7200
 1903              	.LASF23:
 1904 0052 4368616E 		.ascii	"ChannelDescriptorType\000"
 1904      6E656C44 
 1904      65736372 
 1904      6970746F 
 1904      72547970 
 1905              	.LASF30:
 1906 0068 43757272 		.ascii	"CurrentChannelNumber\000"
 1906      656E7443 
 1906      68616E6E 
 1906      656C4E75 
 1906      6D626572 
 1907              	.LASF31:
 1908 007d 4368616E 		.ascii	"ChannelIdx\000"
 1908      6E656C49 
 1908      647800
 1909              	.LASF17:
 1910 0088 43757272 		.ascii	"Current_H\000"
 1910      656E745F 
 1910      4800
 1911              	.LASF52:
 1912 0092 433A5C55 		.ascii	"C:\\Users\\ribot\\Documents\\PSoC Creator\\Kursovi\\"
 1912      73657273 
 1912      5C726962 
 1912      6F745C44 
 1912      6F63756D 
 1913 00c0 4B757273 		.ascii	"Kursova_7_Varik.cydsn\000"
 1913      6F76615F 
 1913      375F5661 
 1913      72696B2E 
 1913      63796473 
 1914              	.LASF18:
 1915 00d6 43757272 		.ascii	"Current_L\000"
 1915      656E745F 
 1915      4C00
ARM GAS  C:\Users\ribot\AppData\Local\Temp\ccUCNwmm.s 			page 40


 1916              	.LASF36:
 1917 00e0 55617274 		.ascii	"UartDataReader\000"
 1917      44617461 
 1917      52656164 
 1917      657200
 1918              	.LASF11:
 1919 00ef 666C6F61 		.ascii	"float\000"
 1919      7400
 1920              	.LASF0:
 1921 00f5 7369676E 		.ascii	"signed char\000"
 1921      65642063 
 1921      68617200 
 1922              	.LASF33:
 1923 0101 56616C75 		.ascii	"ValueD\000"
 1923      654400
 1924              	.LASF1:
 1925 0108 756E7369 		.ascii	"unsigned char\000"
 1925      676E6564 
 1925      20636861 
 1925      7200
 1926              	.LASF34:
 1927 0116 56616C75 		.ascii	"ValueH\000"
 1927      654800
 1928              	.LASF29:
 1929 011d 4368616E 		.ascii	"ChannelNumber\000"
 1929      6E656C4E 
 1929      756D6265 
 1929      7200
 1930              	.LASF5:
 1931 012b 6C6F6E67 		.ascii	"long unsigned int\000"
 1931      20756E73 
 1931      69676E65 
 1931      6420696E 
 1931      7400
 1932              	.LASF35:
 1933 013d 56616C75 		.ascii	"ValueL\000"
 1933      654C00
 1934              	.LASF3:
 1935 0144 73686F72 		.ascii	"short unsigned int\000"
 1935      7420756E 
 1935      7369676E 
 1935      65642069 
 1935      6E7400
 1936              	.LASF47:
 1937 0157 5245445F 		.ascii	"RED_Write\000"
 1937      57726974 
 1937      6500
 1938              	.LASF38:
 1939 0161 496E6974 		.ascii	"Init\000"
 1939      00
 1940              	.LASF37:
 1941 0166 43757272 		.ascii	"CurrentCharacter\000"
 1941      656E7443 
 1941      68617261 
 1941      63746572 
 1941      00
 1942              	.LASF24:
ARM GAS  C:\Users\ribot\AppData\Local\Temp\ccUCNwmm.s 			page 41


 1943 0177 4572726F 		.ascii	"Error_Return\000"
 1943      725F5265 
 1943      7475726E 
 1943      00
 1944              	.LASF49:
 1945 0184 47524545 		.ascii	"GREEN_Write\000"
 1945      4E5F5772 
 1945      69746500 
 1946              	.LASF12:
 1947 0190 646F7562 		.ascii	"double\000"
 1947      6C6500
 1948              	.LASF2:
 1949 0197 73686F72 		.ascii	"short int\000"
 1949      7420696E 
 1949      7400
 1950              	.LASF42:
 1951 01a1 55415254 		.ascii	"UART_1_SpiUartWriteTxData\000"
 1951      5F315F53 
 1951      70695561 
 1951      72745772 
 1951      69746554 
 1952              	.LASF19:
 1953 01bb 4D61785F 		.ascii	"Max_D\000"
 1953      4400
 1954              	.LASF22:
 1955 01c1 50696E43 		.ascii	"PinControlFunction\000"
 1955      6F6E7472 
 1955      6F6C4675 
 1955      6E637469 
 1955      6F6E00
 1956              	.LASF10:
 1957 01d4 75696E74 		.ascii	"uint32\000"
 1957      333200
 1958              	.LASF53:
 1959 01db 6D61696E 		.ascii	"main\000"
 1959      00
 1960              	.LASF8:
 1961 01e0 756E7369 		.ascii	"unsigned int\000"
 1961      676E6564 
 1961      20696E74 
 1961      00
 1962              	.LASF21:
 1963 01ed 4D61785F 		.ascii	"Max_L\000"
 1963      4C00
 1964              	.LASF7:
 1965 01f3 6C6F6E67 		.ascii	"long long unsigned int\000"
 1965      206C6F6E 
 1965      6720756E 
 1965      7369676E 
 1965      65642069 
 1966              	.LASF27:
 1967 020a 55706461 		.ascii	"UpdateChannelDescriptor\000"
 1967      74654368 
 1967      616E6E65 
 1967      6C446573 
 1967      63726970 
 1968              	.LASF40:
ARM GAS  C:\Users\ribot\AppData\Local\Temp\ccUCNwmm.s 			page 42


 1969 0222 55617274 		.ascii	"UartBuffer\000"
 1969      42756666 
 1969      657200
 1970              	.LASF16:
 1971 022d 43757272 		.ascii	"Current_D\000"
 1971      656E745F 
 1971      4400
 1972              	.LASF48:
 1973 0237 424C5545 		.ascii	"BLUE_Write\000"
 1973      5F577269 
 1973      746500
 1974              	.LASF50:
 1975 0242 474E5520 		.ascii	"GNU C11 5.4.1 20160609 (release) [ARM/embedded-5-br"
 1975      43313120 
 1975      352E342E 
 1975      31203230 
 1975      31363036 
 1976 0275 616E6368 		.ascii	"anch revision 237715] -mcpu=cortex-m0 -mthumb -g -O"
 1976      20726576 
 1976      6973696F 
 1976      6E203233 
 1976      37373135 
 1977 02a8 67202D66 		.ascii	"g -ffunction-sections -ffat-lto-objects\000"
 1977      66756E63 
 1977      74696F6E 
 1977      2D736563 
 1977      74696F6E 
 1978              	.LASF15:
 1979 02d0 73697A65 		.ascii	"sizetype\000"
 1979      74797065 
 1979      00
 1980              	.LASF6:
 1981 02d9 6C6F6E67 		.ascii	"long long int\000"
 1981      206C6F6E 
 1981      6720696E 
 1981      7400
 1982              	.LASF51:
 1983 02e7 6D61696E 		.ascii	"main.c\000"
 1983      2E6300
 1984              	.LASF13:
 1985 02ee 63686172 		.ascii	"char\000"
 1985      00
 1986              	.LASF28:
 1987 02f3 4368616E 		.ascii	"Channel_Number\000"
 1987      6E656C5F 
 1987      4E756D62 
 1987      657200
 1988              	.LASF20:
 1989 0302 4D61785F 		.ascii	"Max_H\000"
 1989      4800
 1990              	.LASF9:
 1991 0308 75696E74 		.ascii	"uint8\000"
 1991      3800
 1992              	.LASF4:
 1993 030e 6C6F6E67 		.ascii	"long int\000"
 1993      20696E74 
 1993      00
ARM GAS  C:\Users\ribot\AppData\Local\Temp\ccUCNwmm.s 			page 43


 1994              	.LASF41:
 1995 0317 55617274 		.ascii	"UartBufferIdx\000"
 1995      42756666 
 1995      65724964 
 1995      7800
 1996              	.LASF14:
 1997 0325 6C6F6E67 		.ascii	"long double\000"
 1997      20646F75 
 1997      626C6500 
 1998              	.LASF39:
 1999 0331 4368616E 		.ascii	"ChannelDescriptorsArray\000"
 1999      6E656C44 
 1999      65736372 
 1999      6970746F 
 1999      72734172 
 2000              	.LASF32:
 2001 0349 55617274 		.ascii	"UartBufferParser\000"
 2001      42756666 
 2001      65725061 
 2001      72736572 
 2001      00
 2002              	.LASF45:
 2003 035a 6973725F 		.ascii	"isr_1_StartEx\000"
 2003      315F5374 
 2003      61727445 
 2003      7800
 2004              		.ident	"GCC: (GNU Tools for ARM Embedded Processors) 5.4.1 20160609 (release) [ARM/embedded-5-bran
