ARM GAS  C:\Users\ykuch\AppData\Local\Temp\cctt6WUr.s 			page 1


   1              		.syntax unified
   2              		.cpu cortex-m0
   3              		.fpu softvfp
   4              		.eabi_attribute 20, 1
   5              		.eabi_attribute 21, 1
   6              		.eabi_attribute 23, 3
   7              		.eabi_attribute 24, 1
   8              		.eabi_attribute 25, 1
   9              		.eabi_attribute 26, 1
  10              		.eabi_attribute 30, 1
  11              		.eabi_attribute 34, 0
  12              		.eabi_attribute 18, 4
  13              		.thumb
  14              		.syntax unified
  15              		.file	"main.c"
  16              		.text
  17              	.Ltext0:
  18              		.cfi_sections	.debug_frame
  19              		.section	.text.Signal_1,"ax",%progbits
  20              		.align	2
  21              		.global	Signal_1
  22              		.code	16
  23              		.thumb_func
  24              		.type	Signal_1, %function
  25              	Signal_1:
  26              	.LFB32:
  27              		.file 1 "main.c"
   1:main.c        **** #include "project.h"
   2:main.c        **** 
   3:main.c        **** char s; // вибір сигналу
   4:main.c        **** int i = 0; //вибір семплу
   5:main.c        **** 
   6:main.c        **** uint8 NumOfSamplesInPeriod_1 = 20;
   7:main.c        **** uint8 NumOfSamplesInPeriod_2 = 40;
   8:main.c        **** 
   9:main.c        ****         const uint8 Samples_1[] = 
  10:main.c        ****         { // масив семплів 1-го сигналу
  11:main.c        ****             128, 167, 203, 231, 249,
  12:main.c        ****             255, 249, 231, 230, 167,
  13:main.c        ****             128, 89, 53, 25, 7,
  14:main.c        ****             1, 7, 25, 53, 89
  15:main.c        ****         };
  16:main.c        **** 
  17:main.c        ****         const uint8 Samples_2[] = 
  18:main.c        ****         { // масив семплів 2-го сигналу
  19:main.c        ****             127, 158, 185, 205, 215,
  20:main.c        ****             217, 211, 200, 189, 181,
  21:main.c        ****             178, 181, 189, 200, 211,
  22:main.c        ****             217, 215, 205, 185, 158,
  23:main.c        ****             127, 96, 69, 49, 39,
  24:main.c        ****             37, 43, 54, 65, 73,
  25:main.c        ****             76, 73, 65, 54, 43,
  26:main.c        ****             37, 39, 49, 69, 96 
  27:main.c        ****         };
  28:main.c        **** 
  29:main.c        ****         CY_ISR(Signal_1)
  30:main.c        ****         { // підпрограмма виведення сигналу
ARM GAS  C:\Users\ykuch\AppData\Local\Temp\cctt6WUr.s 			page 2


  28              		.loc 1 30 0
  29              		.cfi_startproc
  30              		@ args = 0, pretend = 0, frame = 0
  31              		@ frame_needed = 0, uses_anonymous_args = 0
  32 0000 10B5     		push	{r4, lr}
  33              		.cfi_def_cfa_offset 8
  34              		.cfi_offset 4, -8
  35              		.cfi_offset 14, -4
  31:main.c        ****             IDAC_SetValue(Samples_1[i]); // виведення з перетворювача сем
  36              		.loc 1 31 0
  37 0002 094C     		ldr	r4, .L3
  38 0004 094B     		ldr	r3, .L3+4
  39 0006 2268     		ldr	r2, [r4]
  40 0008 985C     		ldrb	r0, [r3, r2]
  41 000a FFF7FEFF 		bl	IDAC_SetValue
  42              	.LVL0:
  32:main.c        ****             if(i == NumOfSamplesInPeriod_1)
  43              		.loc 1 32 0
  44 000e 084B     		ldr	r3, .L3+8
  45 0010 1A78     		ldrb	r2, [r3]
  46 0012 2368     		ldr	r3, [r4]
  47 0014 9A42     		cmp	r2, r3
  48 0016 02D1     		bne	.L2
  33:main.c        ****             {
  34:main.c        ****                 i = 0;
  49              		.loc 1 34 0
  50 0018 0022     		movs	r2, #0
  51 001a 034B     		ldr	r3, .L3
  52 001c 1A60     		str	r2, [r3]
  53              	.L2:
  35:main.c        ****             } // повернення семпла
  36:main.c        ****             i++; // інкремент для семплування
  54              		.loc 1 36 0
  55 001e 024A     		ldr	r2, .L3
  56 0020 1368     		ldr	r3, [r2]
  57 0022 0133     		adds	r3, r3, #1
  58 0024 1360     		str	r3, [r2]
  37:main.c        ****         }
  59              		.loc 1 37 0
  60              		@ sp needed
  61 0026 10BD     		pop	{r4, pc}
  62              	.L4:
  63              		.align	2
  64              	.L3:
  65 0028 00000000 		.word	.LANCHOR1
  66 002c 00000000 		.word	.LANCHOR0
  67 0030 00000000 		.word	.LANCHOR2
  68              		.cfi_endproc
  69              	.LFE32:
  70              		.size	Signal_1, .-Signal_1
  71              		.section	.text.Signal_2,"ax",%progbits
  72              		.align	2
  73              		.global	Signal_2
  74              		.code	16
  75              		.thumb_func
  76              		.type	Signal_2, %function
  77              	Signal_2:
ARM GAS  C:\Users\ykuch\AppData\Local\Temp\cctt6WUr.s 			page 3


  78              	.LFB33:
  38:main.c        ****         
  39:main.c        ****        CY_ISR(Signal_2)
  40:main.c        ****        { // підпрограмма виведення сигналу
  79              		.loc 1 40 0
  80              		.cfi_startproc
  81              		@ args = 0, pretend = 0, frame = 0
  82              		@ frame_needed = 0, uses_anonymous_args = 0
  83 0000 10B5     		push	{r4, lr}
  84              		.cfi_def_cfa_offset 8
  85              		.cfi_offset 4, -8
  86              		.cfi_offset 14, -4
  41:main.c        ****             IDAC_SetValue(Samples_2[i]); // виведення з перетворювача сем
  87              		.loc 1 41 0
  88 0002 0A4C     		ldr	r4, .L7
  89 0004 0A4B     		ldr	r3, .L7+4
  90 0006 2268     		ldr	r2, [r4]
  91 0008 9446     		mov	ip, r2
  92 000a 6344     		add	r3, r3, ip
  93 000c 187D     		ldrb	r0, [r3, #20]
  94 000e FFF7FEFF 		bl	IDAC_SetValue
  95              	.LVL1:
  42:main.c        ****             if(i == NumOfSamplesInPeriod_2)
  96              		.loc 1 42 0
  97 0012 084B     		ldr	r3, .L7+8
  98 0014 5A78     		ldrb	r2, [r3, #1]
  99 0016 2368     		ldr	r3, [r4]
 100 0018 9A42     		cmp	r2, r3
 101 001a 02D1     		bne	.L6
  43:main.c        ****             {
  44:main.c        ****                 i = 0;
 102              		.loc 1 44 0
 103 001c 0022     		movs	r2, #0
 104 001e 034B     		ldr	r3, .L7
 105 0020 1A60     		str	r2, [r3]
 106              	.L6:
  45:main.c        ****             } // повернення семпла
  46:main.c        ****             i++; // інкремент для семплування
 107              		.loc 1 46 0
 108 0022 024A     		ldr	r2, .L7
 109 0024 1368     		ldr	r3, [r2]
 110 0026 0133     		adds	r3, r3, #1
 111 0028 1360     		str	r3, [r2]
  47:main.c        ****        }
 112              		.loc 1 47 0
 113              		@ sp needed
 114 002a 10BD     		pop	{r4, pc}
 115              	.L8:
 116              		.align	2
 117              	.L7:
 118 002c 00000000 		.word	.LANCHOR1
 119 0030 00000000 		.word	.LANCHOR0
 120 0034 00000000 		.word	.LANCHOR2
 121              		.cfi_endproc
 122              	.LFE33:
 123              		.size	Signal_2, .-Signal_2
 124              		.section	.text.main,"ax",%progbits
ARM GAS  C:\Users\ykuch\AppData\Local\Temp\cctt6WUr.s 			page 4


 125              		.align	2
 126              		.global	main
 127              		.code	16
 128              		.thumb_func
 129              		.type	main, %function
 130              	main:
 131              	.LFB34:
  48:main.c        **** 
  49:main.c        **** int main(void)
  50:main.c        **** {
 132              		.loc 1 50 0
 133              		.cfi_startproc
 134              		@ Volatile: function does not return.
 135              		@ args = 0, pretend = 0, frame = 0
 136              		@ frame_needed = 0, uses_anonymous_args = 0
 137 0000 10B5     		push	{r4, lr}
 138              		.cfi_def_cfa_offset 8
 139              		.cfi_offset 4, -8
 140              		.cfi_offset 14, -4
  51:main.c        ****     CyGlobalIntEnable;
 141              		.loc 1 51 0
 142              		.syntax divided
 143              	@ 51 "main.c" 1
 144 0002 62B6     		CPSIE   i
 145              	@ 0 "" 2
  52:main.c        ****     
  53:main.c        ****     UART_Start(); // запуск UART    
 146              		.loc 1 53 0
 147              		.thumb
 148              		.syntax unified
 149 0004 FFF7FEFF 		bl	UART_Start
 150              	.LVL2:
  54:main.c        ****     IDAC_Start(); // запуск перетворювача
 151              		.loc 1 54 0
 152 0008 FFF7FEFF 		bl	IDAC_Start
 153              	.LVL3:
  55:main.c        **** 
  56:main.c        ****     switch(s)
 154              		.loc 1 56 0
 155 000c 0C4B     		ldr	r3, .L13
 156 000e 1B78     		ldrb	r3, [r3]
 157 0010 012B     		cmp	r3, #1
 158 0012 02D0     		beq	.L11
 159 0014 022B     		cmp	r3, #2
 160 0016 09D0     		beq	.L12
 161 0018 10E0     		b	.L10
 162              	.L11:
  57:main.c        ****     {
  58:main.c        ****         case 1:
  59:main.c        ****             
  60:main.c        ****             UART_UartPutString("Start:Signal_1"); // Виведення рядка
 163              		.loc 1 60 0
 164 001a 0A48     		ldr	r0, .L13+4
 165 001c FFF7FEFF 		bl	UART_UartPutString
 166              	.LVL4:
  61:main.c        ****             Timer_Signal_1_Start(); // Запуск таймера
 167              		.loc 1 61 0
ARM GAS  C:\Users\ykuch\AppData\Local\Temp\cctt6WUr.s 			page 5


 168 0020 FFF7FEFF 		bl	Timer_Signal_1_Start
 169              	.LVL5:
  62:main.c        ****             ISR_Signal_1_StartEx(Signal_1); // Запуск підпрограми
 170              		.loc 1 62 0
 171 0024 0848     		ldr	r0, .L13+8
 172 0026 FFF7FEFF 		bl	ISR_Signal_1_StartEx
 173              	.LVL6:
  63:main.c        ****             break; // Вихід з case 1
 174              		.loc 1 63 0
 175 002a 07E0     		b	.L10
 176              	.L12:
  64:main.c        ****             
  65:main.c        ****         case 2:
  66:main.c        ****             
  67:main.c        ****             UART_UartPutString("Start:Signal_2"); // Виведення рядка
 177              		.loc 1 67 0
 178 002c 0748     		ldr	r0, .L13+12
 179 002e FFF7FEFF 		bl	UART_UartPutString
 180              	.LVL7:
  68:main.c        ****             Timer_Signal_2_Start(); // Запуск таймера
 181              		.loc 1 68 0
 182 0032 FFF7FEFF 		bl	Timer_Signal_2_Start
 183              	.LVL8:
  69:main.c        ****             ISR_Signal_2_StartEx(Signal_2); // Запуск підпрограми
 184              		.loc 1 69 0
 185 0036 0648     		ldr	r0, .L13+16
 186 0038 FFF7FEFF 		bl	ISR_Signal_2_StartEx
 187              	.LVL9:
 188              	.L10:
 189 003c FEE7     		b	.L10
 190              	.L14:
 191 003e C046     		.align	2
 192              	.L13:
 193 0040 00000000 		.word	s
 194 0044 00000000 		.word	.LC7
 195 0048 00000000 		.word	Signal_1
 196 004c 10000000 		.word	.LC10
 197 0050 00000000 		.word	Signal_2
 198              		.cfi_endproc
 199              	.LFE34:
 200              		.size	main, .-main
 201              		.global	Samples_2
 202              		.global	Samples_1
 203              		.global	NumOfSamplesInPeriod_2
 204              		.global	NumOfSamplesInPeriod_1
 205              		.global	i
 206              		.comm	s,1,1
 207              		.section	.rodata
 208              		.align	2
 209              		.set	.LANCHOR0,. + 0
 210              		.type	Samples_1, %object
 211              		.size	Samples_1, 20
 212              	Samples_1:
 213 0000 80       		.byte	-128
 214 0001 A7       		.byte	-89
 215 0002 CB       		.byte	-53
 216 0003 E7       		.byte	-25
ARM GAS  C:\Users\ykuch\AppData\Local\Temp\cctt6WUr.s 			page 6


 217 0004 F9       		.byte	-7
 218 0005 FF       		.byte	-1
 219 0006 F9       		.byte	-7
 220 0007 E7       		.byte	-25
 221 0008 E6       		.byte	-26
 222 0009 A7       		.byte	-89
 223 000a 80       		.byte	-128
 224 000b 59       		.byte	89
 225 000c 35       		.byte	53
 226 000d 19       		.byte	25
 227 000e 07       		.byte	7
 228 000f 01       		.byte	1
 229 0010 07       		.byte	7
 230 0011 19       		.byte	25
 231 0012 35       		.byte	53
 232 0013 59       		.byte	89
 233              		.type	Samples_2, %object
 234              		.size	Samples_2, 40
 235              	Samples_2:
 236 0014 7F       		.byte	127
 237 0015 9E       		.byte	-98
 238 0016 B9       		.byte	-71
 239 0017 CD       		.byte	-51
 240 0018 D7       		.byte	-41
 241 0019 D9       		.byte	-39
 242 001a D3       		.byte	-45
 243 001b C8       		.byte	-56
 244 001c BD       		.byte	-67
 245 001d B5       		.byte	-75
 246 001e B2       		.byte	-78
 247 001f B5       		.byte	-75
 248 0020 BD       		.byte	-67
 249 0021 C8       		.byte	-56
 250 0022 D3       		.byte	-45
 251 0023 D9       		.byte	-39
 252 0024 D7       		.byte	-41
 253 0025 CD       		.byte	-51
 254 0026 B9       		.byte	-71
 255 0027 9E       		.byte	-98
 256 0028 7F       		.byte	127
 257 0029 60       		.byte	96
 258 002a 45       		.byte	69
 259 002b 31       		.byte	49
 260 002c 27       		.byte	39
 261 002d 25       		.byte	37
 262 002e 2B       		.byte	43
 263 002f 36       		.byte	54
 264 0030 41       		.byte	65
 265 0031 49       		.byte	73
 266 0032 4C       		.byte	76
 267 0033 49       		.byte	73
 268 0034 41       		.byte	65
 269 0035 36       		.byte	54
 270 0036 2B       		.byte	43
 271 0037 25       		.byte	37
 272 0038 27       		.byte	39
 273 0039 31       		.byte	49
ARM GAS  C:\Users\ykuch\AppData\Local\Temp\cctt6WUr.s 			page 7


 274 003a 45       		.byte	69
 275 003b 60       		.byte	96
 276              		.data
 277              		.set	.LANCHOR2,. + 0
 278              		.type	NumOfSamplesInPeriod_1, %object
 279              		.size	NumOfSamplesInPeriod_1, 1
 280              	NumOfSamplesInPeriod_1:
 281 0000 14       		.byte	20
 282              		.type	NumOfSamplesInPeriod_2, %object
 283              		.size	NumOfSamplesInPeriod_2, 1
 284              	NumOfSamplesInPeriod_2:
 285 0001 28       		.byte	40
 286              		.section	.rodata.str1.4,"aMS",%progbits,1
 287              		.align	2
 288              	.LC7:
 289 0000 53746172 		.ascii	"Start:Signal_1\000"
 289      743A5369 
 289      676E616C 
 289      5F3100
 290 000f 00       		.space	1
 291              	.LC10:
 292 0010 53746172 		.ascii	"Start:Signal_2\000"
 292      743A5369 
 292      676E616C 
 292      5F3200
 293              		.bss
 294              		.align	2
 295              		.set	.LANCHOR1,. + 0
 296              		.type	i, %object
 297              		.size	i, 4
 298              	i:
 299 0000 00000000 		.space	4
 300              		.text
 301              	.Letext0:
 302              		.file 2 "Generated_Source\\PSoC4/IDAC.h"
 303              		.file 3 "Generated_Source\\PSoC4/UART.h"
 304              		.file 4 "Generated_Source\\PSoC4/UART_SPI_UART.h"
 305              		.file 5 "Generated_Source\\PSoC4/Timer_Signal_1.h"
 306              		.file 6 "Generated_Source\\PSoC4/ISR_Signal_1.h"
 307              		.file 7 "Generated_Source\\PSoC4/Timer_Signal_2.h"
 308              		.file 8 "Generated_Source\\PSoC4/ISR_Signal_2.h"
 309              		.file 9 "Generated_Source\\PSoC4/cytypes.h"
 310              		.section	.debug_info,"",%progbits
 311              	.Ldebug_info0:
 312 0000 55020000 		.4byte	0x255
 313 0004 0400     		.2byte	0x4
 314 0006 00000000 		.4byte	.Ldebug_abbrev0
 315 000a 04       		.byte	0x4
 316 000b 01       		.uleb128 0x1
 317 000c C3000000 		.4byte	.LASF28
 318 0010 0C       		.byte	0xc
 319 0011 7F010000 		.4byte	.LASF29
 320 0015 E4010000 		.4byte	.LASF30
 321 0019 00000000 		.4byte	.Ldebug_ranges0+0
 322 001d 00000000 		.4byte	0
 323 0021 00000000 		.4byte	.Ldebug_line0
 324 0025 02       		.uleb128 0x2
ARM GAS  C:\Users\ykuch\AppData\Local\Temp\cctt6WUr.s 			page 8


 325 0026 01       		.byte	0x1
 326 0027 06       		.byte	0x6
 327 0028 29020000 		.4byte	.LASF0
 328 002c 02       		.uleb128 0x2
 329 002d 01       		.byte	0x1
 330 002e 08       		.byte	0x8
 331 002f 40000000 		.4byte	.LASF1
 332 0033 02       		.uleb128 0x2
 333 0034 02       		.byte	0x2
 334 0035 05       		.byte	0x5
 335 0036 B6010000 		.4byte	.LASF2
 336 003a 02       		.uleb128 0x2
 337 003b 02       		.byte	0x2
 338 003c 07       		.byte	0x7
 339 003d 60000000 		.4byte	.LASF3
 340 0041 02       		.uleb128 0x2
 341 0042 04       		.byte	0x4
 342 0043 05       		.byte	0x5
 343 0044 DB010000 		.4byte	.LASF4
 344 0048 02       		.uleb128 0x2
 345 0049 04       		.byte	0x4
 346 004a 07       		.byte	0x7
 347 004b 4E000000 		.4byte	.LASF5
 348 004f 02       		.uleb128 0x2
 349 0050 08       		.byte	0x8
 350 0051 05       		.byte	0x5
 351 0052 71010000 		.4byte	.LASF6
 352 0056 02       		.uleb128 0x2
 353 0057 08       		.byte	0x8
 354 0058 07       		.byte	0x7
 355 0059 AC000000 		.4byte	.LASF7
 356 005d 03       		.uleb128 0x3
 357 005e 04       		.byte	0x4
 358 005f 05       		.byte	0x5
 359 0060 696E7400 		.ascii	"int\000"
 360 0064 02       		.uleb128 0x2
 361 0065 04       		.byte	0x4
 362 0066 07       		.byte	0x7
 363 0067 9F000000 		.4byte	.LASF8
 364 006b 04       		.uleb128 0x4
 365 006c D5010000 		.4byte	.LASF31
 366 0070 09       		.byte	0x9
 367 0071 FB01     		.2byte	0x1fb
 368 0073 2C000000 		.4byte	0x2c
 369 0077 02       		.uleb128 0x2
 370 0078 04       		.byte	0x4
 371 0079 04       		.byte	0x4
 372 007a 3A000000 		.4byte	.LASF9
 373 007e 02       		.uleb128 0x2
 374 007f 08       		.byte	0x8
 375 0080 04       		.byte	0x4
 376 0081 93000000 		.4byte	.LASF10
 377 0085 02       		.uleb128 0x2
 378 0086 01       		.byte	0x1
 379 0087 08       		.byte	0x8
 380 0088 86010000 		.4byte	.LASF11
 381 008c 02       		.uleb128 0x2
ARM GAS  C:\Users\ykuch\AppData\Local\Temp\cctt6WUr.s 			page 9


 382 008d 08       		.byte	0x8
 383 008e 04       		.byte	0x4
 384 008f 08020000 		.4byte	.LASF12
 385 0093 02       		.uleb128 0x2
 386 0094 04       		.byte	0x4
 387 0095 07       		.byte	0x7
 388 0096 51010000 		.4byte	.LASF13
 389 009a 05       		.uleb128 0x5
 390 009b 00000000 		.4byte	.LASF14
 391 009f 01       		.byte	0x1
 392 00a0 1D       		.byte	0x1d
 393 00a1 00000000 		.4byte	.LFB32
 394 00a5 34000000 		.4byte	.LFE32-.LFB32
 395 00a9 01       		.uleb128 0x1
 396 00aa 9C       		.byte	0x9c
 397 00ab B9000000 		.4byte	0xb9
 398 00af 06       		.uleb128 0x6
 399 00b0 0E000000 		.4byte	.LVL0
 400 00b4 FF010000 		.4byte	0x1ff
 401 00b8 00       		.byte	0
 402 00b9 05       		.uleb128 0x5
 403 00ba 09000000 		.4byte	.LASF15
 404 00be 01       		.byte	0x1
 405 00bf 27       		.byte	0x27
 406 00c0 00000000 		.4byte	.LFB33
 407 00c4 38000000 		.4byte	.LFE33-.LFB33
 408 00c8 01       		.uleb128 0x1
 409 00c9 9C       		.byte	0x9c
 410 00ca D8000000 		.4byte	0xd8
 411 00ce 06       		.uleb128 0x6
 412 00cf 12000000 		.4byte	.LVL1
 413 00d3 FF010000 		.4byte	0x1ff
 414 00d7 00       		.byte	0
 415 00d8 07       		.uleb128 0x7
 416 00d9 9A000000 		.4byte	.LASF32
 417 00dd 01       		.byte	0x1
 418 00de 31       		.byte	0x31
 419 00df 5D000000 		.4byte	0x5d
 420 00e3 00000000 		.4byte	.LFB34
 421 00e7 54000000 		.4byte	.LFE34-.LFB34
 422 00eb 01       		.uleb128 0x1
 423 00ec 9C       		.byte	0x9c
 424 00ed 6E010000 		.4byte	0x16e
 425 00f1 06       		.uleb128 0x6
 426 00f2 08000000 		.4byte	.LVL2
 427 00f6 0A020000 		.4byte	0x20a
 428 00fa 06       		.uleb128 0x6
 429 00fb 0C000000 		.4byte	.LVL3
 430 00ff 15020000 		.4byte	0x215
 431 0103 08       		.uleb128 0x8
 432 0104 20000000 		.4byte	.LVL4
 433 0108 20020000 		.4byte	0x220
 434 010c 1A010000 		.4byte	0x11a
 435 0110 09       		.uleb128 0x9
 436 0111 01       		.uleb128 0x1
 437 0112 50       		.byte	0x50
 438 0113 05       		.uleb128 0x5
ARM GAS  C:\Users\ykuch\AppData\Local\Temp\cctt6WUr.s 			page 10


 439 0114 03       		.byte	0x3
 440 0115 00000000 		.4byte	.LC7
 441 0119 00       		.byte	0
 442 011a 06       		.uleb128 0x6
 443 011b 24000000 		.4byte	.LVL5
 444 011f 2C020000 		.4byte	0x22c
 445 0123 08       		.uleb128 0x8
 446 0124 2A000000 		.4byte	.LVL6
 447 0128 37020000 		.4byte	0x237
 448 012c 3A010000 		.4byte	0x13a
 449 0130 09       		.uleb128 0x9
 450 0131 01       		.uleb128 0x1
 451 0132 50       		.byte	0x50
 452 0133 05       		.uleb128 0x5
 453 0134 03       		.byte	0x3
 454 0135 00000000 		.4byte	Signal_1
 455 0139 00       		.byte	0
 456 013a 08       		.uleb128 0x8
 457 013b 32000000 		.4byte	.LVL7
 458 013f 20020000 		.4byte	0x220
 459 0143 51010000 		.4byte	0x151
 460 0147 09       		.uleb128 0x9
 461 0148 01       		.uleb128 0x1
 462 0149 50       		.byte	0x50
 463 014a 05       		.uleb128 0x5
 464 014b 03       		.byte	0x3
 465 014c 10000000 		.4byte	.LC10
 466 0150 00       		.byte	0
 467 0151 06       		.uleb128 0x6
 468 0152 36000000 		.4byte	.LVL8
 469 0156 42020000 		.4byte	0x242
 470 015a 0A       		.uleb128 0xa
 471 015b 3C000000 		.4byte	.LVL9
 472 015f 4D020000 		.4byte	0x24d
 473 0163 09       		.uleb128 0x9
 474 0164 01       		.uleb128 0x1
 475 0165 50       		.byte	0x50
 476 0166 05       		.uleb128 0x5
 477 0167 03       		.byte	0x3
 478 0168 00000000 		.4byte	Signal_2
 479 016c 00       		.byte	0
 480 016d 00       		.byte	0
 481 016e 0B       		.uleb128 0xb
 482 016f 7300     		.ascii	"s\000"
 483 0171 01       		.byte	0x1
 484 0172 03       		.byte	0x3
 485 0173 85000000 		.4byte	0x85
 486 0177 05       		.uleb128 0x5
 487 0178 03       		.byte	0x3
 488 0179 00000000 		.4byte	s
 489 017d 0B       		.uleb128 0xb
 490 017e 6900     		.ascii	"i\000"
 491 0180 01       		.byte	0x1
 492 0181 04       		.byte	0x4
 493 0182 5D000000 		.4byte	0x5d
 494 0186 05       		.uleb128 0x5
 495 0187 03       		.byte	0x3
ARM GAS  C:\Users\ykuch\AppData\Local\Temp\cctt6WUr.s 			page 11


 496 0188 00000000 		.4byte	i
 497 018c 0C       		.uleb128 0xc
 498 018d 5A010000 		.4byte	.LASF16
 499 0191 01       		.byte	0x1
 500 0192 06       		.byte	0x6
 501 0193 6B000000 		.4byte	0x6b
 502 0197 05       		.uleb128 0x5
 503 0198 03       		.byte	0x3
 504 0199 00000000 		.4byte	NumOfSamplesInPeriod_1
 505 019d 0C       		.uleb128 0xc
 506 019e 9F010000 		.4byte	.LASF17
 507 01a2 01       		.byte	0x1
 508 01a3 07       		.byte	0x7
 509 01a4 6B000000 		.4byte	0x6b
 510 01a8 05       		.uleb128 0x5
 511 01a9 03       		.byte	0x3
 512 01aa 00000000 		.4byte	NumOfSamplesInPeriod_2
 513 01ae 0D       		.uleb128 0xd
 514 01af BE010000 		.4byte	0x1be
 515 01b3 BE010000 		.4byte	0x1be
 516 01b7 0E       		.uleb128 0xe
 517 01b8 93000000 		.4byte	0x93
 518 01bc 13       		.byte	0x13
 519 01bd 00       		.byte	0
 520 01be 0F       		.uleb128 0xf
 521 01bf 6B000000 		.4byte	0x6b
 522 01c3 0C       		.uleb128 0xc
 523 01c4 8B010000 		.4byte	.LASF18
 524 01c8 01       		.byte	0x1
 525 01c9 09       		.byte	0x9
 526 01ca D4010000 		.4byte	0x1d4
 527 01ce 05       		.uleb128 0x5
 528 01cf 03       		.byte	0x3
 529 01d0 00000000 		.4byte	Samples_1
 530 01d4 0F       		.uleb128 0xf
 531 01d5 AE010000 		.4byte	0x1ae
 532 01d9 0D       		.uleb128 0xd
 533 01da BE010000 		.4byte	0x1be
 534 01de E9010000 		.4byte	0x1e9
 535 01e2 0E       		.uleb128 0xe
 536 01e3 93000000 		.4byte	0x93
 537 01e7 27       		.byte	0x27
 538 01e8 00       		.byte	0
 539 01e9 0C       		.uleb128 0xc
 540 01ea 95010000 		.4byte	.LASF19
 541 01ee 01       		.byte	0x1
 542 01ef 11       		.byte	0x11
 543 01f0 FA010000 		.4byte	0x1fa
 544 01f4 05       		.uleb128 0x5
 545 01f5 03       		.byte	0x3
 546 01f6 00000000 		.4byte	Samples_2
 547 01fa 0F       		.uleb128 0xf
 548 01fb D9010000 		.4byte	0x1d9
 549 01ff 10       		.uleb128 0x10
 550 0200 40020000 		.4byte	.LASF20
 551 0204 40020000 		.4byte	.LASF20
 552 0208 02       		.byte	0x2
ARM GAS  C:\Users\ykuch\AppData\Local\Temp\cctt6WUr.s 			page 12


 553 0209 54       		.byte	0x54
 554 020a 10       		.uleb128 0x10
 555 020b 73000000 		.4byte	.LASF21
 556 020f 73000000 		.4byte	.LASF21
 557 0213 03       		.byte	0x3
 558 0214 72       		.byte	0x72
 559 0215 10       		.uleb128 0x10
 560 0216 35020000 		.4byte	.LASF22
 561 021a 35020000 		.4byte	.LASF22
 562 021e 02       		.byte	0x2
 563 021f 52       		.byte	0x52
 564 0220 11       		.uleb128 0x11
 565 0221 27000000 		.4byte	.LASF23
 566 0225 27000000 		.4byte	.LASF23
 567 0229 04       		.byte	0x4
 568 022a 2A03     		.2byte	0x32a
 569 022c 10       		.uleb128 0x10
 570 022d C0010000 		.4byte	.LASF24
 571 0231 C0010000 		.4byte	.LASF24
 572 0235 05       		.byte	0x5
 573 0236 5A       		.byte	0x5a
 574 0237 10       		.uleb128 0x10
 575 0238 12000000 		.4byte	.LASF25
 576 023c 12000000 		.4byte	.LASF25
 577 0240 06       		.byte	0x6
 578 0241 18       		.byte	0x18
 579 0242 10       		.uleb128 0x10
 580 0243 14020000 		.4byte	.LASF26
 581 0247 14020000 		.4byte	.LASF26
 582 024b 07       		.byte	0x7
 583 024c 5A       		.byte	0x5a
 584 024d 10       		.uleb128 0x10
 585 024e 7E000000 		.4byte	.LASF27
 586 0252 7E000000 		.4byte	.LASF27
 587 0256 08       		.byte	0x8
 588 0257 18       		.byte	0x18
 589 0258 00       		.byte	0
 590              		.section	.debug_abbrev,"",%progbits
 591              	.Ldebug_abbrev0:
 592 0000 01       		.uleb128 0x1
 593 0001 11       		.uleb128 0x11
 594 0002 01       		.byte	0x1
 595 0003 25       		.uleb128 0x25
 596 0004 0E       		.uleb128 0xe
 597 0005 13       		.uleb128 0x13
 598 0006 0B       		.uleb128 0xb
 599 0007 03       		.uleb128 0x3
 600 0008 0E       		.uleb128 0xe
 601 0009 1B       		.uleb128 0x1b
 602 000a 0E       		.uleb128 0xe
 603 000b 55       		.uleb128 0x55
 604 000c 17       		.uleb128 0x17
 605 000d 11       		.uleb128 0x11
 606 000e 01       		.uleb128 0x1
 607 000f 10       		.uleb128 0x10
 608 0010 17       		.uleb128 0x17
 609 0011 00       		.byte	0
ARM GAS  C:\Users\ykuch\AppData\Local\Temp\cctt6WUr.s 			page 13


 610 0012 00       		.byte	0
 611 0013 02       		.uleb128 0x2
 612 0014 24       		.uleb128 0x24
 613 0015 00       		.byte	0
 614 0016 0B       		.uleb128 0xb
 615 0017 0B       		.uleb128 0xb
 616 0018 3E       		.uleb128 0x3e
 617 0019 0B       		.uleb128 0xb
 618 001a 03       		.uleb128 0x3
 619 001b 0E       		.uleb128 0xe
 620 001c 00       		.byte	0
 621 001d 00       		.byte	0
 622 001e 03       		.uleb128 0x3
 623 001f 24       		.uleb128 0x24
 624 0020 00       		.byte	0
 625 0021 0B       		.uleb128 0xb
 626 0022 0B       		.uleb128 0xb
 627 0023 3E       		.uleb128 0x3e
 628 0024 0B       		.uleb128 0xb
 629 0025 03       		.uleb128 0x3
 630 0026 08       		.uleb128 0x8
 631 0027 00       		.byte	0
 632 0028 00       		.byte	0
 633 0029 04       		.uleb128 0x4
 634 002a 16       		.uleb128 0x16
 635 002b 00       		.byte	0
 636 002c 03       		.uleb128 0x3
 637 002d 0E       		.uleb128 0xe
 638 002e 3A       		.uleb128 0x3a
 639 002f 0B       		.uleb128 0xb
 640 0030 3B       		.uleb128 0x3b
 641 0031 05       		.uleb128 0x5
 642 0032 49       		.uleb128 0x49
 643 0033 13       		.uleb128 0x13
 644 0034 00       		.byte	0
 645 0035 00       		.byte	0
 646 0036 05       		.uleb128 0x5
 647 0037 2E       		.uleb128 0x2e
 648 0038 01       		.byte	0x1
 649 0039 3F       		.uleb128 0x3f
 650 003a 19       		.uleb128 0x19
 651 003b 03       		.uleb128 0x3
 652 003c 0E       		.uleb128 0xe
 653 003d 3A       		.uleb128 0x3a
 654 003e 0B       		.uleb128 0xb
 655 003f 3B       		.uleb128 0x3b
 656 0040 0B       		.uleb128 0xb
 657 0041 27       		.uleb128 0x27
 658 0042 19       		.uleb128 0x19
 659 0043 11       		.uleb128 0x11
 660 0044 01       		.uleb128 0x1
 661 0045 12       		.uleb128 0x12
 662 0046 06       		.uleb128 0x6
 663 0047 40       		.uleb128 0x40
 664 0048 18       		.uleb128 0x18
 665 0049 9742     		.uleb128 0x2117
 666 004b 19       		.uleb128 0x19
ARM GAS  C:\Users\ykuch\AppData\Local\Temp\cctt6WUr.s 			page 14


 667 004c 01       		.uleb128 0x1
 668 004d 13       		.uleb128 0x13
 669 004e 00       		.byte	0
 670 004f 00       		.byte	0
 671 0050 06       		.uleb128 0x6
 672 0051 898201   		.uleb128 0x4109
 673 0054 00       		.byte	0
 674 0055 11       		.uleb128 0x11
 675 0056 01       		.uleb128 0x1
 676 0057 31       		.uleb128 0x31
 677 0058 13       		.uleb128 0x13
 678 0059 00       		.byte	0
 679 005a 00       		.byte	0
 680 005b 07       		.uleb128 0x7
 681 005c 2E       		.uleb128 0x2e
 682 005d 01       		.byte	0x1
 683 005e 3F       		.uleb128 0x3f
 684 005f 19       		.uleb128 0x19
 685 0060 03       		.uleb128 0x3
 686 0061 0E       		.uleb128 0xe
 687 0062 3A       		.uleb128 0x3a
 688 0063 0B       		.uleb128 0xb
 689 0064 3B       		.uleb128 0x3b
 690 0065 0B       		.uleb128 0xb
 691 0066 27       		.uleb128 0x27
 692 0067 19       		.uleb128 0x19
 693 0068 49       		.uleb128 0x49
 694 0069 13       		.uleb128 0x13
 695 006a 8701     		.uleb128 0x87
 696 006c 19       		.uleb128 0x19
 697 006d 11       		.uleb128 0x11
 698 006e 01       		.uleb128 0x1
 699 006f 12       		.uleb128 0x12
 700 0070 06       		.uleb128 0x6
 701 0071 40       		.uleb128 0x40
 702 0072 18       		.uleb128 0x18
 703 0073 9742     		.uleb128 0x2117
 704 0075 19       		.uleb128 0x19
 705 0076 01       		.uleb128 0x1
 706 0077 13       		.uleb128 0x13
 707 0078 00       		.byte	0
 708 0079 00       		.byte	0
 709 007a 08       		.uleb128 0x8
 710 007b 898201   		.uleb128 0x4109
 711 007e 01       		.byte	0x1
 712 007f 11       		.uleb128 0x11
 713 0080 01       		.uleb128 0x1
 714 0081 31       		.uleb128 0x31
 715 0082 13       		.uleb128 0x13
 716 0083 01       		.uleb128 0x1
 717 0084 13       		.uleb128 0x13
 718 0085 00       		.byte	0
 719 0086 00       		.byte	0
 720 0087 09       		.uleb128 0x9
 721 0088 8A8201   		.uleb128 0x410a
 722 008b 00       		.byte	0
 723 008c 02       		.uleb128 0x2
ARM GAS  C:\Users\ykuch\AppData\Local\Temp\cctt6WUr.s 			page 15


 724 008d 18       		.uleb128 0x18
 725 008e 9142     		.uleb128 0x2111
 726 0090 18       		.uleb128 0x18
 727 0091 00       		.byte	0
 728 0092 00       		.byte	0
 729 0093 0A       		.uleb128 0xa
 730 0094 898201   		.uleb128 0x4109
 731 0097 01       		.byte	0x1
 732 0098 11       		.uleb128 0x11
 733 0099 01       		.uleb128 0x1
 734 009a 31       		.uleb128 0x31
 735 009b 13       		.uleb128 0x13
 736 009c 00       		.byte	0
 737 009d 00       		.byte	0
 738 009e 0B       		.uleb128 0xb
 739 009f 34       		.uleb128 0x34
 740 00a0 00       		.byte	0
 741 00a1 03       		.uleb128 0x3
 742 00a2 08       		.uleb128 0x8
 743 00a3 3A       		.uleb128 0x3a
 744 00a4 0B       		.uleb128 0xb
 745 00a5 3B       		.uleb128 0x3b
 746 00a6 0B       		.uleb128 0xb
 747 00a7 49       		.uleb128 0x49
 748 00a8 13       		.uleb128 0x13
 749 00a9 3F       		.uleb128 0x3f
 750 00aa 19       		.uleb128 0x19
 751 00ab 02       		.uleb128 0x2
 752 00ac 18       		.uleb128 0x18
 753 00ad 00       		.byte	0
 754 00ae 00       		.byte	0
 755 00af 0C       		.uleb128 0xc
 756 00b0 34       		.uleb128 0x34
 757 00b1 00       		.byte	0
 758 00b2 03       		.uleb128 0x3
 759 00b3 0E       		.uleb128 0xe
 760 00b4 3A       		.uleb128 0x3a
 761 00b5 0B       		.uleb128 0xb
 762 00b6 3B       		.uleb128 0x3b
 763 00b7 0B       		.uleb128 0xb
 764 00b8 49       		.uleb128 0x49
 765 00b9 13       		.uleb128 0x13
 766 00ba 3F       		.uleb128 0x3f
 767 00bb 19       		.uleb128 0x19
 768 00bc 02       		.uleb128 0x2
 769 00bd 18       		.uleb128 0x18
 770 00be 00       		.byte	0
 771 00bf 00       		.byte	0
 772 00c0 0D       		.uleb128 0xd
 773 00c1 01       		.uleb128 0x1
 774 00c2 01       		.byte	0x1
 775 00c3 49       		.uleb128 0x49
 776 00c4 13       		.uleb128 0x13
 777 00c5 01       		.uleb128 0x1
 778 00c6 13       		.uleb128 0x13
 779 00c7 00       		.byte	0
 780 00c8 00       		.byte	0
ARM GAS  C:\Users\ykuch\AppData\Local\Temp\cctt6WUr.s 			page 16


 781 00c9 0E       		.uleb128 0xe
 782 00ca 21       		.uleb128 0x21
 783 00cb 00       		.byte	0
 784 00cc 49       		.uleb128 0x49
 785 00cd 13       		.uleb128 0x13
 786 00ce 2F       		.uleb128 0x2f
 787 00cf 0B       		.uleb128 0xb
 788 00d0 00       		.byte	0
 789 00d1 00       		.byte	0
 790 00d2 0F       		.uleb128 0xf
 791 00d3 26       		.uleb128 0x26
 792 00d4 00       		.byte	0
 793 00d5 49       		.uleb128 0x49
 794 00d6 13       		.uleb128 0x13
 795 00d7 00       		.byte	0
 796 00d8 00       		.byte	0
 797 00d9 10       		.uleb128 0x10
 798 00da 2E       		.uleb128 0x2e
 799 00db 00       		.byte	0
 800 00dc 3F       		.uleb128 0x3f
 801 00dd 19       		.uleb128 0x19
 802 00de 3C       		.uleb128 0x3c
 803 00df 19       		.uleb128 0x19
 804 00e0 6E       		.uleb128 0x6e
 805 00e1 0E       		.uleb128 0xe
 806 00e2 03       		.uleb128 0x3
 807 00e3 0E       		.uleb128 0xe
 808 00e4 3A       		.uleb128 0x3a
 809 00e5 0B       		.uleb128 0xb
 810 00e6 3B       		.uleb128 0x3b
 811 00e7 0B       		.uleb128 0xb
 812 00e8 00       		.byte	0
 813 00e9 00       		.byte	0
 814 00ea 11       		.uleb128 0x11
 815 00eb 2E       		.uleb128 0x2e
 816 00ec 00       		.byte	0
 817 00ed 3F       		.uleb128 0x3f
 818 00ee 19       		.uleb128 0x19
 819 00ef 3C       		.uleb128 0x3c
 820 00f0 19       		.uleb128 0x19
 821 00f1 6E       		.uleb128 0x6e
 822 00f2 0E       		.uleb128 0xe
 823 00f3 03       		.uleb128 0x3
 824 00f4 0E       		.uleb128 0xe
 825 00f5 3A       		.uleb128 0x3a
 826 00f6 0B       		.uleb128 0xb
 827 00f7 3B       		.uleb128 0x3b
 828 00f8 05       		.uleb128 0x5
 829 00f9 00       		.byte	0
 830 00fa 00       		.byte	0
 831 00fb 00       		.byte	0
 832              		.section	.debug_aranges,"",%progbits
 833 0000 2C000000 		.4byte	0x2c
 834 0004 0200     		.2byte	0x2
 835 0006 00000000 		.4byte	.Ldebug_info0
 836 000a 04       		.byte	0x4
 837 000b 00       		.byte	0
ARM GAS  C:\Users\ykuch\AppData\Local\Temp\cctt6WUr.s 			page 17


 838 000c 0000     		.2byte	0
 839 000e 0000     		.2byte	0
 840 0010 00000000 		.4byte	.LFB32
 841 0014 34000000 		.4byte	.LFE32-.LFB32
 842 0018 00000000 		.4byte	.LFB33
 843 001c 38000000 		.4byte	.LFE33-.LFB33
 844 0020 00000000 		.4byte	.LFB34
 845 0024 54000000 		.4byte	.LFE34-.LFB34
 846 0028 00000000 		.4byte	0
 847 002c 00000000 		.4byte	0
 848              		.section	.debug_ranges,"",%progbits
 849              	.Ldebug_ranges0:
 850 0000 00000000 		.4byte	.LFB32
 851 0004 34000000 		.4byte	.LFE32
 852 0008 00000000 		.4byte	.LFB33
 853 000c 38000000 		.4byte	.LFE33
 854 0010 00000000 		.4byte	.LFB34
 855 0014 54000000 		.4byte	.LFE34
 856 0018 00000000 		.4byte	0
 857 001c 00000000 		.4byte	0
 858              		.section	.debug_line,"",%progbits
 859              	.Ldebug_line0:
 860 0000 FC000000 		.section	.debug_str,"MS",%progbits,1
 860      0200B400 
 860      00000201 
 860      FB0E0D00 
 860      01010101 
 861              	.LASF14:
 862 0000 5369676E 		.ascii	"Signal_1\000"
 862      616C5F31 
 862      00
 863              	.LASF15:
 864 0009 5369676E 		.ascii	"Signal_2\000"
 864      616C5F32 
 864      00
 865              	.LASF25:
 866 0012 4953525F 		.ascii	"ISR_Signal_1_StartEx\000"
 866      5369676E 
 866      616C5F31 
 866      5F537461 
 866      72744578 
 867              	.LASF23:
 868 0027 55415254 		.ascii	"UART_UartPutString\000"
 868      5F556172 
 868      74507574 
 868      53747269 
 868      6E6700
 869              	.LASF9:
 870 003a 666C6F61 		.ascii	"float\000"
 870      7400
 871              	.LASF1:
 872 0040 756E7369 		.ascii	"unsigned char\000"
 872      676E6564 
 872      20636861 
 872      7200
 873              	.LASF5:
 874 004e 6C6F6E67 		.ascii	"long unsigned int\000"
ARM GAS  C:\Users\ykuch\AppData\Local\Temp\cctt6WUr.s 			page 18


 874      20756E73 
 874      69676E65 
 874      6420696E 
 874      7400
 875              	.LASF3:
 876 0060 73686F72 		.ascii	"short unsigned int\000"
 876      7420756E 
 876      7369676E 
 876      65642069 
 876      6E7400
 877              	.LASF21:
 878 0073 55415254 		.ascii	"UART_Start\000"
 878      5F537461 
 878      727400
 879              	.LASF27:
 880 007e 4953525F 		.ascii	"ISR_Signal_2_StartEx\000"
 880      5369676E 
 880      616C5F32 
 880      5F537461 
 880      72744578 
 881              	.LASF10:
 882 0093 646F7562 		.ascii	"double\000"
 882      6C6500
 883              	.LASF32:
 884 009a 6D61696E 		.ascii	"main\000"
 884      00
 885              	.LASF8:
 886 009f 756E7369 		.ascii	"unsigned int\000"
 886      676E6564 
 886      20696E74 
 886      00
 887              	.LASF7:
 888 00ac 6C6F6E67 		.ascii	"long long unsigned int\000"
 888      206C6F6E 
 888      6720756E 
 888      7369676E 
 888      65642069 
 889              	.LASF28:
 890 00c3 474E5520 		.ascii	"GNU C11 5.4.1 20160609 (release) [ARM/embedded-5-br"
 890      43313120 
 890      352E342E 
 890      31203230 
 890      31363036 
 891 00f6 616E6368 		.ascii	"anch revision 237715] -mcpu=cortex-m0 -mthumb -g -O"
 891      20726576 
 891      6973696F 
 891      6E203233 
 891      37373135 
 892 0129 67202D66 		.ascii	"g -ffunction-sections -ffat-lto-objects\000"
 892      66756E63 
 892      74696F6E 
 892      2D736563 
 892      74696F6E 
 893              	.LASF13:
 894 0151 73697A65 		.ascii	"sizetype\000"
 894      74797065 
 894      00
ARM GAS  C:\Users\ykuch\AppData\Local\Temp\cctt6WUr.s 			page 19


 895              	.LASF16:
 896 015a 4E756D4F 		.ascii	"NumOfSamplesInPeriod_1\000"
 896      6653616D 
 896      706C6573 
 896      496E5065 
 896      72696F64 
 897              	.LASF6:
 898 0171 6C6F6E67 		.ascii	"long long int\000"
 898      206C6F6E 
 898      6720696E 
 898      7400
 899              	.LASF29:
 900 017f 6D61696E 		.ascii	"main.c\000"
 900      2E6300
 901              	.LASF11:
 902 0186 63686172 		.ascii	"char\000"
 902      00
 903              	.LASF18:
 904 018b 53616D70 		.ascii	"Samples_1\000"
 904      6C65735F 
 904      3100
 905              	.LASF19:
 906 0195 53616D70 		.ascii	"Samples_2\000"
 906      6C65735F 
 906      3200
 907              	.LASF17:
 908 019f 4E756D4F 		.ascii	"NumOfSamplesInPeriod_2\000"
 908      6653616D 
 908      706C6573 
 908      496E5065 
 908      72696F64 
 909              	.LASF2:
 910 01b6 73686F72 		.ascii	"short int\000"
 910      7420696E 
 910      7400
 911              	.LASF24:
 912 01c0 54696D65 		.ascii	"Timer_Signal_1_Start\000"
 912      725F5369 
 912      676E616C 
 912      5F315F53 
 912      74617274 
 913              	.LASF31:
 914 01d5 75696E74 		.ascii	"uint8\000"
 914      3800
 915              	.LASF4:
 916 01db 6C6F6E67 		.ascii	"long int\000"
 916      20696E74 
 916      00
 917              	.LASF30:
 918 01e4 433A5C50 		.ascii	"C:\\PSoC\\Psoc\\Lab_8.1\\Design01.cydsn\000"
 918      536F435C 
 918      50736F63 
 918      5C4C6162 
 918      5F382E31 
 919              	.LASF12:
 920 0208 6C6F6E67 		.ascii	"long double\000"
 920      20646F75 
ARM GAS  C:\Users\ykuch\AppData\Local\Temp\cctt6WUr.s 			page 20


 920      626C6500 
 921              	.LASF26:
 922 0214 54696D65 		.ascii	"Timer_Signal_2_Start\000"
 922      725F5369 
 922      676E616C 
 922      5F325F53 
 922      74617274 
 923              	.LASF0:
 924 0229 7369676E 		.ascii	"signed char\000"
 924      65642063 
 924      68617200 
 925              	.LASF22:
 926 0235 49444143 		.ascii	"IDAC_Start\000"
 926      5F537461 
 926      727400
 927              	.LASF20:
 928 0240 49444143 		.ascii	"IDAC_SetValue\000"
 928      5F536574 
 928      56616C75 
 928      6500
 929              		.ident	"GCC: (GNU Tools for ARM Embedded Processors) 5.4.1 20160609 (release) [ARM/embedded-5-bran
