ARM GAS  C:\Users\ykuch\AppData\Local\Temp\ccgsGMZV.s 			page 1


   1              		.syntax unified
   2              		.cpu cortex-m0
   3              		.fpu softvfp
   4              		.eabi_attribute 20, 1
   5              		.eabi_attribute 21, 1
   6              		.eabi_attribute 23, 3
   7              		.eabi_attribute 24, 1
   8              		.eabi_attribute 25, 1
   9              		.eabi_attribute 26, 1
  10              		.eabi_attribute 30, 1
  11              		.eabi_attribute 34, 0
  12              		.eabi_attribute 18, 4
  13              		.thumb
  14              		.syntax unified
  15              		.file	"main.c"
  16              		.text
  17              	.Ltext0:
  18              		.cfi_sections	.debug_frame
  19              		.section	.text.main,"ax",%progbits
  20              		.align	2
  21              		.global	main
  22              		.code	16
  23              		.thumb_func
  24              		.type	main, %function
  25              	main:
  26              	.LFB32:
  27              		.file 1 "main.c"
   1:main.c        **** #include "project.h" 
   2:main.c        ****  
   3:main.c        ****  
   4:main.c        **** int main(void) 
   5:main.c        **** { 
  28              		.loc 1 5 0
  29              		.cfi_startproc
  30              		@ Volatile: function does not return.
  31              		@ args = 0, pretend = 0, frame = 0
  32              		@ frame_needed = 0, uses_anonymous_args = 0
  33 0000 10B5     		push	{r4, lr}
  34              		.cfi_def_cfa_offset 8
  35              		.cfi_offset 4, -8
  36              		.cfi_offset 14, -4
   6:main.c        ****     CyGlobalIntEnable;
  37              		.loc 1 6 0
  38              		.syntax divided
  39              	@ 6 "main.c" 1
  40 0002 62B6     		CPSIE   i
  41              	@ 0 "" 2
   7:main.c        ****  
   8:main.c        ****     Pin_Green_Write(1); // inactive
  42              		.loc 1 8 0
  43              		.thumb
  44              		.syntax unified
  45 0004 0120     		movs	r0, #1
  46 0006 FFF7FEFF 		bl	Pin_Green_Write
  47              	.LVL0:
  48              	.L2:
   9:main.c        ****     for(;;)
ARM GAS  C:\Users\ykuch\AppData\Local\Temp\ccgsGMZV.s 			page 2


  10:main.c        ****     {
  11:main.c        ****         Pin_Green_Write(Button_Read());
  49              		.loc 1 11 0 discriminator 1
  50 000a FFF7FEFF 		bl	Button_Read
  51              	.LVL1:
  52 000e FFF7FEFF 		bl	Pin_Green_Write
  53              	.LVL2:
  54 0012 FAE7     		b	.L2
  55              		.cfi_endproc
  56              	.LFE32:
  57              		.size	main, .-main
  58              		.text
  59              	.Letext0:
  60              		.file 2 "Generated_Source\\PSoC4/Pin_Green.h"
  61              		.file 3 "Generated_Source\\PSoC4/Button.h"
  62              		.section	.debug_info,"",%progbits
  63              	.Ldebug_info0:
  64 0000 E0000000 		.4byte	0xe0
  65 0004 0400     		.2byte	0x4
  66 0006 00000000 		.4byte	.Ldebug_abbrev0
  67 000a 04       		.byte	0x4
  68 000b 01       		.uleb128 0x1
  69 000c 7C000000 		.4byte	.LASF16
  70 0010 0C       		.byte	0xc
  71 0011 1E000000 		.4byte	.LASF17
  72 0015 29010000 		.4byte	.LASF18
  73 0019 00000000 		.4byte	.Ldebug_ranges0+0
  74 001d 00000000 		.4byte	0
  75 0021 00000000 		.4byte	.Ldebug_line0
  76 0025 02       		.uleb128 0x2
  77 0026 01       		.byte	0x1
  78 0027 06       		.byte	0x6
  79 0028 1D010000 		.4byte	.LASF0
  80 002c 02       		.uleb128 0x2
  81 002d 01       		.byte	0x1
  82 002e 08       		.byte	0x8
  83 002f 59000000 		.4byte	.LASF1
  84 0033 02       		.uleb128 0x2
  85 0034 02       		.byte	0x2
  86 0035 05       		.byte	0x5
  87 0036 63010000 		.4byte	.LASF2
  88 003a 02       		.uleb128 0x2
  89 003b 02       		.byte	0x2
  90 003c 07       		.byte	0x7
  91 003d 0A010000 		.4byte	.LASF3
  92 0041 02       		.uleb128 0x2
  93 0042 04       		.byte	0x4
  94 0043 05       		.byte	0x5
  95 0044 6C000000 		.4byte	.LASF4
  96 0048 02       		.uleb128 0x2
  97 0049 04       		.byte	0x4
  98 004a 07       		.byte	0x7
  99 004b 2A000000 		.4byte	.LASF5
 100 004f 02       		.uleb128 0x2
 101 0050 08       		.byte	0x8
 102 0051 05       		.byte	0x5
 103 0052 00000000 		.4byte	.LASF6
ARM GAS  C:\Users\ykuch\AppData\Local\Temp\ccgsGMZV.s 			page 3


 104 0056 02       		.uleb128 0x2
 105 0057 08       		.byte	0x8
 106 0058 07       		.byte	0x7
 107 0059 3C000000 		.4byte	.LASF7
 108 005d 03       		.uleb128 0x3
 109 005e 04       		.byte	0x4
 110 005f 05       		.byte	0x5
 111 0060 696E7400 		.ascii	"int\000"
 112 0064 02       		.uleb128 0x2
 113 0065 04       		.byte	0x4
 114 0066 07       		.byte	0x7
 115 0067 6D010000 		.4byte	.LASF8
 116 006b 02       		.uleb128 0x2
 117 006c 04       		.byte	0x4
 118 006d 04       		.byte	0x4
 119 006e 53000000 		.4byte	.LASF9
 120 0072 02       		.uleb128 0x2
 121 0073 08       		.byte	0x8
 122 0074 04       		.byte	0x4
 123 0075 75000000 		.4byte	.LASF10
 124 0079 02       		.uleb128 0x2
 125 007a 01       		.byte	0x1
 126 007b 08       		.byte	0x8
 127 007c 67000000 		.4byte	.LASF11
 128 0080 02       		.uleb128 0x2
 129 0081 04       		.byte	0x4
 130 0082 07       		.byte	0x7
 131 0083 86010000 		.4byte	.LASF12
 132 0087 02       		.uleb128 0x2
 133 0088 08       		.byte	0x8
 134 0089 04       		.byte	0x4
 135 008a 57010000 		.4byte	.LASF13
 136 008e 04       		.uleb128 0x4
 137 008f 25000000 		.4byte	.LASF19
 138 0093 01       		.byte	0x1
 139 0094 04       		.byte	0x4
 140 0095 5D000000 		.4byte	0x5d
 141 0099 00000000 		.4byte	.LFB32
 142 009d 14000000 		.4byte	.LFE32-.LFB32
 143 00a1 01       		.uleb128 0x1
 144 00a2 9C       		.byte	0x9c
 145 00a3 CD000000 		.4byte	0xcd
 146 00a7 05       		.uleb128 0x5
 147 00a8 0A000000 		.4byte	.LVL0
 148 00ac CD000000 		.4byte	0xcd
 149 00b0 BA000000 		.4byte	0xba
 150 00b4 06       		.uleb128 0x6
 151 00b5 01       		.uleb128 0x1
 152 00b6 50       		.byte	0x50
 153 00b7 01       		.uleb128 0x1
 154 00b8 31       		.byte	0x31
 155 00b9 00       		.byte	0
 156 00ba 07       		.uleb128 0x7
 157 00bb 0E000000 		.4byte	.LVL1
 158 00bf D8000000 		.4byte	0xd8
 159 00c3 07       		.uleb128 0x7
 160 00c4 12000000 		.4byte	.LVL2
ARM GAS  C:\Users\ykuch\AppData\Local\Temp\ccgsGMZV.s 			page 4


 161 00c8 CD000000 		.4byte	0xcd
 162 00cc 00       		.byte	0
 163 00cd 08       		.uleb128 0x8
 164 00ce 0E000000 		.4byte	.LASF14
 165 00d2 0E000000 		.4byte	.LASF14
 166 00d6 02       		.byte	0x2
 167 00d7 33       		.byte	0x33
 168 00d8 08       		.uleb128 0x8
 169 00d9 7A010000 		.4byte	.LASF15
 170 00dd 7A010000 		.4byte	.LASF15
 171 00e1 03       		.byte	0x3
 172 00e2 32       		.byte	0x32
 173 00e3 00       		.byte	0
 174              		.section	.debug_abbrev,"",%progbits
 175              	.Ldebug_abbrev0:
 176 0000 01       		.uleb128 0x1
 177 0001 11       		.uleb128 0x11
 178 0002 01       		.byte	0x1
 179 0003 25       		.uleb128 0x25
 180 0004 0E       		.uleb128 0xe
 181 0005 13       		.uleb128 0x13
 182 0006 0B       		.uleb128 0xb
 183 0007 03       		.uleb128 0x3
 184 0008 0E       		.uleb128 0xe
 185 0009 1B       		.uleb128 0x1b
 186 000a 0E       		.uleb128 0xe
 187 000b 55       		.uleb128 0x55
 188 000c 17       		.uleb128 0x17
 189 000d 11       		.uleb128 0x11
 190 000e 01       		.uleb128 0x1
 191 000f 10       		.uleb128 0x10
 192 0010 17       		.uleb128 0x17
 193 0011 00       		.byte	0
 194 0012 00       		.byte	0
 195 0013 02       		.uleb128 0x2
 196 0014 24       		.uleb128 0x24
 197 0015 00       		.byte	0
 198 0016 0B       		.uleb128 0xb
 199 0017 0B       		.uleb128 0xb
 200 0018 3E       		.uleb128 0x3e
 201 0019 0B       		.uleb128 0xb
 202 001a 03       		.uleb128 0x3
 203 001b 0E       		.uleb128 0xe
 204 001c 00       		.byte	0
 205 001d 00       		.byte	0
 206 001e 03       		.uleb128 0x3
 207 001f 24       		.uleb128 0x24
 208 0020 00       		.byte	0
 209 0021 0B       		.uleb128 0xb
 210 0022 0B       		.uleb128 0xb
 211 0023 3E       		.uleb128 0x3e
 212 0024 0B       		.uleb128 0xb
 213 0025 03       		.uleb128 0x3
 214 0026 08       		.uleb128 0x8
 215 0027 00       		.byte	0
 216 0028 00       		.byte	0
 217 0029 04       		.uleb128 0x4
ARM GAS  C:\Users\ykuch\AppData\Local\Temp\ccgsGMZV.s 			page 5


 218 002a 2E       		.uleb128 0x2e
 219 002b 01       		.byte	0x1
 220 002c 3F       		.uleb128 0x3f
 221 002d 19       		.uleb128 0x19
 222 002e 03       		.uleb128 0x3
 223 002f 0E       		.uleb128 0xe
 224 0030 3A       		.uleb128 0x3a
 225 0031 0B       		.uleb128 0xb
 226 0032 3B       		.uleb128 0x3b
 227 0033 0B       		.uleb128 0xb
 228 0034 27       		.uleb128 0x27
 229 0035 19       		.uleb128 0x19
 230 0036 49       		.uleb128 0x49
 231 0037 13       		.uleb128 0x13
 232 0038 8701     		.uleb128 0x87
 233 003a 19       		.uleb128 0x19
 234 003b 11       		.uleb128 0x11
 235 003c 01       		.uleb128 0x1
 236 003d 12       		.uleb128 0x12
 237 003e 06       		.uleb128 0x6
 238 003f 40       		.uleb128 0x40
 239 0040 18       		.uleb128 0x18
 240 0041 9742     		.uleb128 0x2117
 241 0043 19       		.uleb128 0x19
 242 0044 01       		.uleb128 0x1
 243 0045 13       		.uleb128 0x13
 244 0046 00       		.byte	0
 245 0047 00       		.byte	0
 246 0048 05       		.uleb128 0x5
 247 0049 898201   		.uleb128 0x4109
 248 004c 01       		.byte	0x1
 249 004d 11       		.uleb128 0x11
 250 004e 01       		.uleb128 0x1
 251 004f 31       		.uleb128 0x31
 252 0050 13       		.uleb128 0x13
 253 0051 01       		.uleb128 0x1
 254 0052 13       		.uleb128 0x13
 255 0053 00       		.byte	0
 256 0054 00       		.byte	0
 257 0055 06       		.uleb128 0x6
 258 0056 8A8201   		.uleb128 0x410a
 259 0059 00       		.byte	0
 260 005a 02       		.uleb128 0x2
 261 005b 18       		.uleb128 0x18
 262 005c 9142     		.uleb128 0x2111
 263 005e 18       		.uleb128 0x18
 264 005f 00       		.byte	0
 265 0060 00       		.byte	0
 266 0061 07       		.uleb128 0x7
 267 0062 898201   		.uleb128 0x4109
 268 0065 00       		.byte	0
 269 0066 11       		.uleb128 0x11
 270 0067 01       		.uleb128 0x1
 271 0068 31       		.uleb128 0x31
 272 0069 13       		.uleb128 0x13
 273 006a 00       		.byte	0
 274 006b 00       		.byte	0
ARM GAS  C:\Users\ykuch\AppData\Local\Temp\ccgsGMZV.s 			page 6


 275 006c 08       		.uleb128 0x8
 276 006d 2E       		.uleb128 0x2e
 277 006e 00       		.byte	0
 278 006f 3F       		.uleb128 0x3f
 279 0070 19       		.uleb128 0x19
 280 0071 3C       		.uleb128 0x3c
 281 0072 19       		.uleb128 0x19
 282 0073 6E       		.uleb128 0x6e
 283 0074 0E       		.uleb128 0xe
 284 0075 03       		.uleb128 0x3
 285 0076 0E       		.uleb128 0xe
 286 0077 3A       		.uleb128 0x3a
 287 0078 0B       		.uleb128 0xb
 288 0079 3B       		.uleb128 0x3b
 289 007a 0B       		.uleb128 0xb
 290 007b 00       		.byte	0
 291 007c 00       		.byte	0
 292 007d 00       		.byte	0
 293              		.section	.debug_aranges,"",%progbits
 294 0000 1C000000 		.4byte	0x1c
 295 0004 0200     		.2byte	0x2
 296 0006 00000000 		.4byte	.Ldebug_info0
 297 000a 04       		.byte	0x4
 298 000b 00       		.byte	0
 299 000c 0000     		.2byte	0
 300 000e 0000     		.2byte	0
 301 0010 00000000 		.4byte	.LFB32
 302 0014 14000000 		.4byte	.LFE32-.LFB32
 303 0018 00000000 		.4byte	0
 304 001c 00000000 		.4byte	0
 305              		.section	.debug_ranges,"",%progbits
 306              	.Ldebug_ranges0:
 307 0000 00000000 		.4byte	.LFB32
 308 0004 14000000 		.4byte	.LFE32
 309 0008 00000000 		.4byte	0
 310 000c 00000000 		.4byte	0
 311              		.section	.debug_line,"",%progbits
 312              	.Ldebug_line0:
 313 0000 69000000 		.section	.debug_str,"MS",%progbits,1
 313      02004F00 
 313      00000201 
 313      FB0E0D00 
 313      01010101 
 314              	.LASF6:
 315 0000 6C6F6E67 		.ascii	"long long int\000"
 315      206C6F6E 
 315      6720696E 
 315      7400
 316              	.LASF14:
 317 000e 50696E5F 		.ascii	"Pin_Green_Write\000"
 317      47726565 
 317      6E5F5772 
 317      69746500 
 318              	.LASF17:
 319 001e 6D61696E 		.ascii	"main.c\000"
 319      2E6300
 320              	.LASF19:
ARM GAS  C:\Users\ykuch\AppData\Local\Temp\ccgsGMZV.s 			page 7


 321 0025 6D61696E 		.ascii	"main\000"
 321      00
 322              	.LASF5:
 323 002a 6C6F6E67 		.ascii	"long unsigned int\000"
 323      20756E73 
 323      69676E65 
 323      6420696E 
 323      7400
 324              	.LASF7:
 325 003c 6C6F6E67 		.ascii	"long long unsigned int\000"
 325      206C6F6E 
 325      6720756E 
 325      7369676E 
 325      65642069 
 326              	.LASF9:
 327 0053 666C6F61 		.ascii	"float\000"
 327      7400
 328              	.LASF1:
 329 0059 756E7369 		.ascii	"unsigned char\000"
 329      676E6564 
 329      20636861 
 329      7200
 330              	.LASF11:
 331 0067 63686172 		.ascii	"char\000"
 331      00
 332              	.LASF4:
 333 006c 6C6F6E67 		.ascii	"long int\000"
 333      20696E74 
 333      00
 334              	.LASF10:
 335 0075 646F7562 		.ascii	"double\000"
 335      6C6500
 336              	.LASF16:
 337 007c 474E5520 		.ascii	"GNU C11 5.4.1 20160609 (release) [ARM/embedded-5-br"
 337      43313120 
 337      352E342E 
 337      31203230 
 337      31363036 
 338 00af 616E6368 		.ascii	"anch revision 237715] -mcpu=cortex-m0 -mthumb -g -O"
 338      20726576 
 338      6973696F 
 338      6E203233 
 338      37373135 
 339 00e2 67202D66 		.ascii	"g -ffunction-sections -ffat-lto-objects\000"
 339      66756E63 
 339      74696F6E 
 339      2D736563 
 339      74696F6E 
 340              	.LASF3:
 341 010a 73686F72 		.ascii	"short unsigned int\000"
 341      7420756E 
 341      7369676E 
 341      65642069 
 341      6E7400
 342              	.LASF0:
 343 011d 7369676E 		.ascii	"signed char\000"
 343      65642063 
ARM GAS  C:\Users\ykuch\AppData\Local\Temp\ccgsGMZV.s 			page 8


 343      68617200 
 344              	.LASF18:
 345 0129 433A5C50 		.ascii	"C:\\PSoC\\Psoc\\Lab_5\\Workspace01\\Design02.cydsn\000"
 345      536F435C 
 345      50736F63 
 345      5C4C6162 
 345      5F355C57 
 346              	.LASF13:
 347 0157 6C6F6E67 		.ascii	"long double\000"
 347      20646F75 
 347      626C6500 
 348              	.LASF2:
 349 0163 73686F72 		.ascii	"short int\000"
 349      7420696E 
 349      7400
 350              	.LASF8:
 351 016d 756E7369 		.ascii	"unsigned int\000"
 351      676E6564 
 351      20696E74 
 351      00
 352              	.LASF15:
 353 017a 42757474 		.ascii	"Button_Read\000"
 353      6F6E5F52 
 353      65616400 
 354              	.LASF12:
 355 0186 73697A65 		.ascii	"sizetype\000"
 355      74797065 
 355      00
 356              		.ident	"GCC: (GNU Tools for ARM Embedded Processors) 5.4.1 20160609 (release) [ARM/embedded-5-bran
