ARM GAS  C:\Users\ykuch\AppData\Local\Temp\ccQXPeIn.s 			page 1


   1              		.syntax unified
   2              		.cpu cortex-m0
   3              		.fpu softvfp
   4              		.eabi_attribute 20, 1
   5              		.eabi_attribute 21, 1
   6              		.eabi_attribute 23, 3
   7              		.eabi_attribute 24, 1
   8              		.eabi_attribute 25, 1
   9              		.eabi_attribute 26, 1
  10              		.eabi_attribute 30, 1
  11              		.eabi_attribute 34, 0
  12              		.eabi_attribute 18, 4
  13              		.thumb
  14              		.syntax unified
  15              		.file	"main.c"
  16              		.text
  17              	.Ltext0:
  18              		.cfi_sections	.debug_frame
  19              		.section	.text.main,"ax",%progbits
  20              		.align	2
  21              		.global	main
  22              		.code	16
  23              		.thumb_func
  24              		.type	main, %function
  25              	main:
  26              	.LFB32:
  27              		.file 1 "main.c"
   1:main.c        **** #include "project.h" 
   2:main.c        ****  
   3:main.c        **** int main(void) 
   4:main.c        **** { 
  28              		.loc 1 4 0
  29              		.cfi_startproc
  30              		@ Volatile: function does not return.
  31              		@ args = 0, pretend = 0, frame = 0
  32              		@ frame_needed = 0, uses_anonymous_args = 0
  33 0000 10B5     		push	{r4, lr}
  34              		.cfi_def_cfa_offset 8
  35              		.cfi_offset 4, -8
  36              		.cfi_offset 14, -4
   5:main.c        ****     CyGlobalIntEnable; /* Enable global interrupts. */ 
  37              		.loc 1 5 0
  38              		.syntax divided
  39              	@ 5 "main.c" 1
  40 0002 62B6     		CPSIE   i
  41              	@ 0 "" 2
   6:main.c        ****  
   7:main.c        ****     /* Place your initialization/startup code here (e.g. MyInst_Start()) */ 
   8:main.c        ****     Pin_1_Green_Write(1); 
  42              		.loc 1 8 0
  43              		.thumb
  44              		.syntax unified
  45 0004 0120     		movs	r0, #1
  46 0006 FFF7FEFF 		bl	Pin_1_Green_Write
  47              	.LVL0:
   9:main.c        ****     Pin_2_Red_Write(1); 
  48              		.loc 1 9 0
ARM GAS  C:\Users\ykuch\AppData\Local\Temp\ccQXPeIn.s 			page 2


  49 000a 0120     		movs	r0, #1
  50 000c FFF7FEFF 		bl	Pin_2_Red_Write
  51              	.LVL1:
  10:main.c        ****     Pin_3_Blue_Write(1); 
  52              		.loc 1 10 0
  53 0010 0120     		movs	r0, #1
  54 0012 FFF7FEFF 		bl	Pin_3_Blue_Write
  55              	.LVL2:
  56              	.L2:
  11:main.c        ****  
  12:main.c        ****     for(;;) 
  13:main.c        ****     {
  14:main.c        ****         // variant 4
  15:main.c        ****         // purple (5000)
  16:main.c        ****         // yellow (3000)
  17:main.c        ****         // white (1000)
  18:main.c        ****         
  19:main.c        ****         Pin_1_Green_Write(1);
  57              		.loc 1 19 0 discriminator 1
  58 0016 0120     		movs	r0, #1
  59 0018 FFF7FEFF 		bl	Pin_1_Green_Write
  60              	.LVL3:
  20:main.c        ****         Pin_2_Red_Write(0); 
  61              		.loc 1 20 0 discriminator 1
  62 001c 0020     		movs	r0, #0
  63 001e FFF7FEFF 		bl	Pin_2_Red_Write
  64              	.LVL4:
  21:main.c        ****         Pin_3_Blue_Write(0);
  65              		.loc 1 21 0 discriminator 1
  66 0022 0020     		movs	r0, #0
  67 0024 FFF7FEFF 		bl	Pin_3_Blue_Write
  68              	.LVL5:
  22:main.c        ****         // purple = red + blue
  23:main.c        ****         CyDelay(5000); 
  69              		.loc 1 23 0 discriminator 1
  70 0028 0E48     		ldr	r0, .L3
  71 002a FFF7FEFF 		bl	CyDelay
  72              	.LVL6:
  24:main.c        ****          
  25:main.c        ****         Pin_1_Green_Write(0);
  73              		.loc 1 25 0 discriminator 1
  74 002e 0020     		movs	r0, #0
  75 0030 FFF7FEFF 		bl	Pin_1_Green_Write
  76              	.LVL7:
  26:main.c        ****         Pin_2_Red_Write(0);
  77              		.loc 1 26 0 discriminator 1
  78 0034 0020     		movs	r0, #0
  79 0036 FFF7FEFF 		bl	Pin_2_Red_Write
  80              	.LVL8:
  27:main.c        ****         Pin_3_Blue_Write(1);
  81              		.loc 1 27 0 discriminator 1
  82 003a 0120     		movs	r0, #1
  83 003c FFF7FEFF 		bl	Pin_3_Blue_Write
  84              	.LVL9:
  28:main.c        ****         // yellow = red + green
  29:main.c        ****         CyDelay(3000); 
  85              		.loc 1 29 0 discriminator 1
ARM GAS  C:\Users\ykuch\AppData\Local\Temp\ccQXPeIn.s 			page 3


  86 0040 0948     		ldr	r0, .L3+4
  87 0042 FFF7FEFF 		bl	CyDelay
  88              	.LVL10:
  30:main.c        ****          
  31:main.c        ****         Pin_1_Green_Write(0); 
  89              		.loc 1 31 0 discriminator 1
  90 0046 0020     		movs	r0, #0
  91 0048 FFF7FEFF 		bl	Pin_1_Green_Write
  92              	.LVL11:
  32:main.c        ****         Pin_2_Red_Write(0); 
  93              		.loc 1 32 0 discriminator 1
  94 004c 0020     		movs	r0, #0
  95 004e FFF7FEFF 		bl	Pin_2_Red_Write
  96              	.LVL12:
  33:main.c        ****         Pin_3_Blue_Write(0);
  97              		.loc 1 33 0 discriminator 1
  98 0052 0020     		movs	r0, #0
  99 0054 FFF7FEFF 		bl	Pin_3_Blue_Write
 100              	.LVL13:
  34:main.c        ****         // white = red + green + blue
  35:main.c        ****         CyDelay(1000); 
 101              		.loc 1 35 0 discriminator 1
 102 0058 FA20     		movs	r0, #250
 103 005a 8000     		lsls	r0, r0, #2
 104 005c FFF7FEFF 		bl	CyDelay
 105              	.LVL14:
 106 0060 D9E7     		b	.L2
 107              	.L4:
 108 0062 C046     		.align	2
 109              	.L3:
 110 0064 88130000 		.word	5000
 111 0068 B80B0000 		.word	3000
 112              		.cfi_endproc
 113              	.LFE32:
 114              		.size	main, .-main
 115              		.text
 116              	.Letext0:
 117              		.file 2 "Generated_Source\\PSoC4/Pin_1_Green.h"
 118              		.file 3 "Generated_Source\\PSoC4/Pin_2_Red.h"
 119              		.file 4 "Generated_Source\\PSoC4/Pin_3_Blue.h"
 120              		.file 5 "Generated_Source\\PSoC4/CyLib.h"
 121              		.section	.debug_info,"",%progbits
 122              	.Ldebug_info0:
 123 0000 F0010000 		.4byte	0x1f0
 124 0004 0400     		.2byte	0x4
 125 0006 00000000 		.4byte	.Ldebug_abbrev0
 126 000a 04       		.byte	0x4
 127 000b 01       		.uleb128 0x1
 128 000c CC000000 		.4byte	.LASF18
 129 0010 0C       		.byte	0xc
 130 0011 1B000000 		.4byte	.LASF19
 131 0015 A3000000 		.4byte	.LASF20
 132 0019 00000000 		.4byte	.Ldebug_ranges0+0
 133 001d 00000000 		.4byte	0
 134 0021 00000000 		.4byte	.Ldebug_line0
 135 0025 02       		.uleb128 0x2
 136 0026 01       		.byte	0x1
ARM GAS  C:\Users\ykuch\AppData\Local\Temp\ccQXPeIn.s 			page 4


 137 0027 06       		.byte	0x6
 138 0028 6D010000 		.4byte	.LASF0
 139 002c 02       		.uleb128 0x2
 140 002d 01       		.byte	0x1
 141 002e 08       		.byte	0x8
 142 002f 80000000 		.4byte	.LASF1
 143 0033 02       		.uleb128 0x2
 144 0034 02       		.byte	0x2
 145 0035 05       		.byte	0x5
 146 0036 96010000 		.4byte	.LASF2
 147 003a 02       		.uleb128 0x2
 148 003b 02       		.byte	0x2
 149 003c 07       		.byte	0x7
 150 003d 5A010000 		.4byte	.LASF3
 151 0041 02       		.uleb128 0x2
 152 0042 04       		.byte	0x4
 153 0043 05       		.byte	0x5
 154 0044 93000000 		.4byte	.LASF4
 155 0048 02       		.uleb128 0x2
 156 0049 04       		.byte	0x4
 157 004a 07       		.byte	0x7
 158 004b 51000000 		.4byte	.LASF5
 159 004f 02       		.uleb128 0x2
 160 0050 08       		.byte	0x8
 161 0051 05       		.byte	0x5
 162 0052 00000000 		.4byte	.LASF6
 163 0056 02       		.uleb128 0x2
 164 0057 08       		.byte	0x8
 165 0058 07       		.byte	0x7
 166 0059 63000000 		.4byte	.LASF7
 167 005d 03       		.uleb128 0x3
 168 005e 04       		.byte	0x4
 169 005f 05       		.byte	0x5
 170 0060 696E7400 		.ascii	"int\000"
 171 0064 02       		.uleb128 0x2
 172 0065 04       		.byte	0x4
 173 0066 07       		.byte	0x7
 174 0067 0E000000 		.4byte	.LASF8
 175 006b 02       		.uleb128 0x2
 176 006c 04       		.byte	0x4
 177 006d 04       		.byte	0x4
 178 006e 7A000000 		.4byte	.LASF9
 179 0072 02       		.uleb128 0x2
 180 0073 08       		.byte	0x8
 181 0074 04       		.byte	0x4
 182 0075 9C000000 		.4byte	.LASF10
 183 0079 02       		.uleb128 0x2
 184 007a 01       		.byte	0x1
 185 007b 08       		.byte	0x8
 186 007c 8E000000 		.4byte	.LASF11
 187 0080 02       		.uleb128 0x2
 188 0081 04       		.byte	0x4
 189 0082 07       		.byte	0x7
 190 0083 A0010000 		.4byte	.LASF12
 191 0087 02       		.uleb128 0x2
 192 0088 08       		.byte	0x8
 193 0089 04       		.byte	0x4
ARM GAS  C:\Users\ykuch\AppData\Local\Temp\ccQXPeIn.s 			page 5


 194 008a 8A010000 		.4byte	.LASF13
 195 008e 04       		.uleb128 0x4
 196 008f 22000000 		.4byte	.LASF21
 197 0093 01       		.byte	0x1
 198 0094 03       		.byte	0x3
 199 0095 5D000000 		.4byte	0x5d
 200 0099 00000000 		.4byte	.LFB32
 201 009d 6C000000 		.4byte	.LFE32-.LFB32
 202 00a1 01       		.uleb128 0x1
 203 00a2 9C       		.byte	0x9c
 204 00a3 C7010000 		.4byte	0x1c7
 205 00a7 05       		.uleb128 0x5
 206 00a8 0A000000 		.4byte	.LVL0
 207 00ac C7010000 		.4byte	0x1c7
 208 00b0 BA000000 		.4byte	0xba
 209 00b4 06       		.uleb128 0x6
 210 00b5 01       		.uleb128 0x1
 211 00b6 50       		.byte	0x50
 212 00b7 01       		.uleb128 0x1
 213 00b8 31       		.byte	0x31
 214 00b9 00       		.byte	0
 215 00ba 05       		.uleb128 0x5
 216 00bb 10000000 		.4byte	.LVL1
 217 00bf D2010000 		.4byte	0x1d2
 218 00c3 CD000000 		.4byte	0xcd
 219 00c7 06       		.uleb128 0x6
 220 00c8 01       		.uleb128 0x1
 221 00c9 50       		.byte	0x50
 222 00ca 01       		.uleb128 0x1
 223 00cb 31       		.byte	0x31
 224 00cc 00       		.byte	0
 225 00cd 05       		.uleb128 0x5
 226 00ce 16000000 		.4byte	.LVL2
 227 00d2 DD010000 		.4byte	0x1dd
 228 00d6 E0000000 		.4byte	0xe0
 229 00da 06       		.uleb128 0x6
 230 00db 01       		.uleb128 0x1
 231 00dc 50       		.byte	0x50
 232 00dd 01       		.uleb128 0x1
 233 00de 31       		.byte	0x31
 234 00df 00       		.byte	0
 235 00e0 05       		.uleb128 0x5
 236 00e1 1C000000 		.4byte	.LVL3
 237 00e5 C7010000 		.4byte	0x1c7
 238 00e9 F3000000 		.4byte	0xf3
 239 00ed 06       		.uleb128 0x6
 240 00ee 01       		.uleb128 0x1
 241 00ef 50       		.byte	0x50
 242 00f0 01       		.uleb128 0x1
 243 00f1 31       		.byte	0x31
 244 00f2 00       		.byte	0
 245 00f3 05       		.uleb128 0x5
 246 00f4 22000000 		.4byte	.LVL4
 247 00f8 D2010000 		.4byte	0x1d2
 248 00fc 06010000 		.4byte	0x106
 249 0100 06       		.uleb128 0x6
 250 0101 01       		.uleb128 0x1
ARM GAS  C:\Users\ykuch\AppData\Local\Temp\ccQXPeIn.s 			page 6


 251 0102 50       		.byte	0x50
 252 0103 01       		.uleb128 0x1
 253 0104 30       		.byte	0x30
 254 0105 00       		.byte	0
 255 0106 05       		.uleb128 0x5
 256 0107 28000000 		.4byte	.LVL5
 257 010b DD010000 		.4byte	0x1dd
 258 010f 19010000 		.4byte	0x119
 259 0113 06       		.uleb128 0x6
 260 0114 01       		.uleb128 0x1
 261 0115 50       		.byte	0x50
 262 0116 01       		.uleb128 0x1
 263 0117 30       		.byte	0x30
 264 0118 00       		.byte	0
 265 0119 05       		.uleb128 0x5
 266 011a 2E000000 		.4byte	.LVL6
 267 011e E8010000 		.4byte	0x1e8
 268 0122 2E010000 		.4byte	0x12e
 269 0126 06       		.uleb128 0x6
 270 0127 01       		.uleb128 0x1
 271 0128 50       		.byte	0x50
 272 0129 03       		.uleb128 0x3
 273 012a 0A       		.byte	0xa
 274 012b 8813     		.2byte	0x1388
 275 012d 00       		.byte	0
 276 012e 05       		.uleb128 0x5
 277 012f 34000000 		.4byte	.LVL7
 278 0133 C7010000 		.4byte	0x1c7
 279 0137 41010000 		.4byte	0x141
 280 013b 06       		.uleb128 0x6
 281 013c 01       		.uleb128 0x1
 282 013d 50       		.byte	0x50
 283 013e 01       		.uleb128 0x1
 284 013f 30       		.byte	0x30
 285 0140 00       		.byte	0
 286 0141 05       		.uleb128 0x5
 287 0142 3A000000 		.4byte	.LVL8
 288 0146 D2010000 		.4byte	0x1d2
 289 014a 54010000 		.4byte	0x154
 290 014e 06       		.uleb128 0x6
 291 014f 01       		.uleb128 0x1
 292 0150 50       		.byte	0x50
 293 0151 01       		.uleb128 0x1
 294 0152 30       		.byte	0x30
 295 0153 00       		.byte	0
 296 0154 05       		.uleb128 0x5
 297 0155 40000000 		.4byte	.LVL9
 298 0159 DD010000 		.4byte	0x1dd
 299 015d 67010000 		.4byte	0x167
 300 0161 06       		.uleb128 0x6
 301 0162 01       		.uleb128 0x1
 302 0163 50       		.byte	0x50
 303 0164 01       		.uleb128 0x1
 304 0165 31       		.byte	0x31
 305 0166 00       		.byte	0
 306 0167 05       		.uleb128 0x5
 307 0168 46000000 		.4byte	.LVL10
ARM GAS  C:\Users\ykuch\AppData\Local\Temp\ccQXPeIn.s 			page 7


 308 016c E8010000 		.4byte	0x1e8
 309 0170 7C010000 		.4byte	0x17c
 310 0174 06       		.uleb128 0x6
 311 0175 01       		.uleb128 0x1
 312 0176 50       		.byte	0x50
 313 0177 03       		.uleb128 0x3
 314 0178 0A       		.byte	0xa
 315 0179 B80B     		.2byte	0xbb8
 316 017b 00       		.byte	0
 317 017c 05       		.uleb128 0x5
 318 017d 4C000000 		.4byte	.LVL11
 319 0181 C7010000 		.4byte	0x1c7
 320 0185 8F010000 		.4byte	0x18f
 321 0189 06       		.uleb128 0x6
 322 018a 01       		.uleb128 0x1
 323 018b 50       		.byte	0x50
 324 018c 01       		.uleb128 0x1
 325 018d 30       		.byte	0x30
 326 018e 00       		.byte	0
 327 018f 05       		.uleb128 0x5
 328 0190 52000000 		.4byte	.LVL12
 329 0194 D2010000 		.4byte	0x1d2
 330 0198 A2010000 		.4byte	0x1a2
 331 019c 06       		.uleb128 0x6
 332 019d 01       		.uleb128 0x1
 333 019e 50       		.byte	0x50
 334 019f 01       		.uleb128 0x1
 335 01a0 30       		.byte	0x30
 336 01a1 00       		.byte	0
 337 01a2 05       		.uleb128 0x5
 338 01a3 58000000 		.4byte	.LVL13
 339 01a7 DD010000 		.4byte	0x1dd
 340 01ab B5010000 		.4byte	0x1b5
 341 01af 06       		.uleb128 0x6
 342 01b0 01       		.uleb128 0x1
 343 01b1 50       		.byte	0x50
 344 01b2 01       		.uleb128 0x1
 345 01b3 30       		.byte	0x30
 346 01b4 00       		.byte	0
 347 01b5 07       		.uleb128 0x7
 348 01b6 60000000 		.4byte	.LVL14
 349 01ba E8010000 		.4byte	0x1e8
 350 01be 06       		.uleb128 0x6
 351 01bf 01       		.uleb128 0x1
 352 01c0 50       		.byte	0x50
 353 01c1 03       		.uleb128 0x3
 354 01c2 0A       		.byte	0xa
 355 01c3 E803     		.2byte	0x3e8
 356 01c5 00       		.byte	0
 357 01c6 00       		.byte	0
 358 01c7 08       		.uleb128 0x8
 359 01c8 3F000000 		.4byte	.LASF14
 360 01cc 3F000000 		.4byte	.LASF14
 361 01d0 02       		.byte	0x2
 362 01d1 33       		.byte	0x33
 363 01d2 08       		.uleb128 0x8
 364 01d3 27000000 		.4byte	.LASF15
ARM GAS  C:\Users\ykuch\AppData\Local\Temp\ccQXPeIn.s 			page 8


 365 01d7 27000000 		.4byte	.LASF15
 366 01db 03       		.byte	0x3
 367 01dc 33       		.byte	0x33
 368 01dd 08       		.uleb128 0x8
 369 01de 79010000 		.4byte	.LASF16
 370 01e2 79010000 		.4byte	.LASF16
 371 01e6 04       		.byte	0x4
 372 01e7 33       		.byte	0x33
 373 01e8 08       		.uleb128 0x8
 374 01e9 37000000 		.4byte	.LASF17
 375 01ed 37000000 		.4byte	.LASF17
 376 01f1 05       		.byte	0x5
 377 01f2 EC       		.byte	0xec
 378 01f3 00       		.byte	0
 379              		.section	.debug_abbrev,"",%progbits
 380              	.Ldebug_abbrev0:
 381 0000 01       		.uleb128 0x1
 382 0001 11       		.uleb128 0x11
 383 0002 01       		.byte	0x1
 384 0003 25       		.uleb128 0x25
 385 0004 0E       		.uleb128 0xe
 386 0005 13       		.uleb128 0x13
 387 0006 0B       		.uleb128 0xb
 388 0007 03       		.uleb128 0x3
 389 0008 0E       		.uleb128 0xe
 390 0009 1B       		.uleb128 0x1b
 391 000a 0E       		.uleb128 0xe
 392 000b 55       		.uleb128 0x55
 393 000c 17       		.uleb128 0x17
 394 000d 11       		.uleb128 0x11
 395 000e 01       		.uleb128 0x1
 396 000f 10       		.uleb128 0x10
 397 0010 17       		.uleb128 0x17
 398 0011 00       		.byte	0
 399 0012 00       		.byte	0
 400 0013 02       		.uleb128 0x2
 401 0014 24       		.uleb128 0x24
 402 0015 00       		.byte	0
 403 0016 0B       		.uleb128 0xb
 404 0017 0B       		.uleb128 0xb
 405 0018 3E       		.uleb128 0x3e
 406 0019 0B       		.uleb128 0xb
 407 001a 03       		.uleb128 0x3
 408 001b 0E       		.uleb128 0xe
 409 001c 00       		.byte	0
 410 001d 00       		.byte	0
 411 001e 03       		.uleb128 0x3
 412 001f 24       		.uleb128 0x24
 413 0020 00       		.byte	0
 414 0021 0B       		.uleb128 0xb
 415 0022 0B       		.uleb128 0xb
 416 0023 3E       		.uleb128 0x3e
 417 0024 0B       		.uleb128 0xb
 418 0025 03       		.uleb128 0x3
 419 0026 08       		.uleb128 0x8
 420 0027 00       		.byte	0
 421 0028 00       		.byte	0
ARM GAS  C:\Users\ykuch\AppData\Local\Temp\ccQXPeIn.s 			page 9


 422 0029 04       		.uleb128 0x4
 423 002a 2E       		.uleb128 0x2e
 424 002b 01       		.byte	0x1
 425 002c 3F       		.uleb128 0x3f
 426 002d 19       		.uleb128 0x19
 427 002e 03       		.uleb128 0x3
 428 002f 0E       		.uleb128 0xe
 429 0030 3A       		.uleb128 0x3a
 430 0031 0B       		.uleb128 0xb
 431 0032 3B       		.uleb128 0x3b
 432 0033 0B       		.uleb128 0xb
 433 0034 27       		.uleb128 0x27
 434 0035 19       		.uleb128 0x19
 435 0036 49       		.uleb128 0x49
 436 0037 13       		.uleb128 0x13
 437 0038 8701     		.uleb128 0x87
 438 003a 19       		.uleb128 0x19
 439 003b 11       		.uleb128 0x11
 440 003c 01       		.uleb128 0x1
 441 003d 12       		.uleb128 0x12
 442 003e 06       		.uleb128 0x6
 443 003f 40       		.uleb128 0x40
 444 0040 18       		.uleb128 0x18
 445 0041 9742     		.uleb128 0x2117
 446 0043 19       		.uleb128 0x19
 447 0044 01       		.uleb128 0x1
 448 0045 13       		.uleb128 0x13
 449 0046 00       		.byte	0
 450 0047 00       		.byte	0
 451 0048 05       		.uleb128 0x5
 452 0049 898201   		.uleb128 0x4109
 453 004c 01       		.byte	0x1
 454 004d 11       		.uleb128 0x11
 455 004e 01       		.uleb128 0x1
 456 004f 31       		.uleb128 0x31
 457 0050 13       		.uleb128 0x13
 458 0051 01       		.uleb128 0x1
 459 0052 13       		.uleb128 0x13
 460 0053 00       		.byte	0
 461 0054 00       		.byte	0
 462 0055 06       		.uleb128 0x6
 463 0056 8A8201   		.uleb128 0x410a
 464 0059 00       		.byte	0
 465 005a 02       		.uleb128 0x2
 466 005b 18       		.uleb128 0x18
 467 005c 9142     		.uleb128 0x2111
 468 005e 18       		.uleb128 0x18
 469 005f 00       		.byte	0
 470 0060 00       		.byte	0
 471 0061 07       		.uleb128 0x7
 472 0062 898201   		.uleb128 0x4109
 473 0065 01       		.byte	0x1
 474 0066 11       		.uleb128 0x11
 475 0067 01       		.uleb128 0x1
 476 0068 31       		.uleb128 0x31
 477 0069 13       		.uleb128 0x13
 478 006a 00       		.byte	0
ARM GAS  C:\Users\ykuch\AppData\Local\Temp\ccQXPeIn.s 			page 10


 479 006b 00       		.byte	0
 480 006c 08       		.uleb128 0x8
 481 006d 2E       		.uleb128 0x2e
 482 006e 00       		.byte	0
 483 006f 3F       		.uleb128 0x3f
 484 0070 19       		.uleb128 0x19
 485 0071 3C       		.uleb128 0x3c
 486 0072 19       		.uleb128 0x19
 487 0073 6E       		.uleb128 0x6e
 488 0074 0E       		.uleb128 0xe
 489 0075 03       		.uleb128 0x3
 490 0076 0E       		.uleb128 0xe
 491 0077 3A       		.uleb128 0x3a
 492 0078 0B       		.uleb128 0xb
 493 0079 3B       		.uleb128 0x3b
 494 007a 0B       		.uleb128 0xb
 495 007b 00       		.byte	0
 496 007c 00       		.byte	0
 497 007d 00       		.byte	0
 498              		.section	.debug_aranges,"",%progbits
 499 0000 1C000000 		.4byte	0x1c
 500 0004 0200     		.2byte	0x2
 501 0006 00000000 		.4byte	.Ldebug_info0
 502 000a 04       		.byte	0x4
 503 000b 00       		.byte	0
 504 000c 0000     		.2byte	0
 505 000e 0000     		.2byte	0
 506 0010 00000000 		.4byte	.LFB32
 507 0014 6C000000 		.4byte	.LFE32-.LFB32
 508 0018 00000000 		.4byte	0
 509 001c 00000000 		.4byte	0
 510              		.section	.debug_ranges,"",%progbits
 511              	.Ldebug_ranges0:
 512 0000 00000000 		.4byte	.LFB32
 513 0004 6C000000 		.4byte	.LFE32
 514 0008 00000000 		.4byte	0
 515 000c 00000000 		.4byte	0
 516              		.section	.debug_line,"",%progbits
 517              	.Ldebug_line0:
 518 0000 C4000000 		.section	.debug_str,"MS",%progbits,1
 518      02006F00 
 518      00000201 
 518      FB0E0D00 
 518      01010101 
 519              	.LASF6:
 520 0000 6C6F6E67 		.ascii	"long long int\000"
 520      206C6F6E 
 520      6720696E 
 520      7400
 521              	.LASF8:
 522 000e 756E7369 		.ascii	"unsigned int\000"
 522      676E6564 
 522      20696E74 
 522      00
 523              	.LASF19:
 524 001b 6D61696E 		.ascii	"main.c\000"
 524      2E6300
ARM GAS  C:\Users\ykuch\AppData\Local\Temp\ccQXPeIn.s 			page 11


 525              	.LASF21:
 526 0022 6D61696E 		.ascii	"main\000"
 526      00
 527              	.LASF15:
 528 0027 50696E5F 		.ascii	"Pin_2_Red_Write\000"
 528      325F5265 
 528      645F5772 
 528      69746500 
 529              	.LASF17:
 530 0037 43794465 		.ascii	"CyDelay\000"
 530      6C617900 
 531              	.LASF14:
 532 003f 50696E5F 		.ascii	"Pin_1_Green_Write\000"
 532      315F4772 
 532      65656E5F 
 532      57726974 
 532      6500
 533              	.LASF5:
 534 0051 6C6F6E67 		.ascii	"long unsigned int\000"
 534      20756E73 
 534      69676E65 
 534      6420696E 
 534      7400
 535              	.LASF7:
 536 0063 6C6F6E67 		.ascii	"long long unsigned int\000"
 536      206C6F6E 
 536      6720756E 
 536      7369676E 
 536      65642069 
 537              	.LASF9:
 538 007a 666C6F61 		.ascii	"float\000"
 538      7400
 539              	.LASF1:
 540 0080 756E7369 		.ascii	"unsigned char\000"
 540      676E6564 
 540      20636861 
 540      7200
 541              	.LASF11:
 542 008e 63686172 		.ascii	"char\000"
 542      00
 543              	.LASF4:
 544 0093 6C6F6E67 		.ascii	"long int\000"
 544      20696E74 
 544      00
 545              	.LASF10:
 546 009c 646F7562 		.ascii	"double\000"
 546      6C6500
 547              	.LASF20:
 548 00a3 433A5C50 		.ascii	"C:\\PSoC\\Lab_5\\Workspace01\\Design01.cydsn\000"
 548      536F435C 
 548      4C61625F 
 548      355C576F 
 548      726B7370 
 549              	.LASF18:
 550 00cc 474E5520 		.ascii	"GNU C11 5.4.1 20160609 (release) [ARM/embedded-5-br"
 550      43313120 
 550      352E342E 
ARM GAS  C:\Users\ykuch\AppData\Local\Temp\ccQXPeIn.s 			page 12


 550      31203230 
 550      31363036 
 551 00ff 616E6368 		.ascii	"anch revision 237715] -mcpu=cortex-m0 -mthumb -g -O"
 551      20726576 
 551      6973696F 
 551      6E203233 
 551      37373135 
 552 0132 67202D66 		.ascii	"g -ffunction-sections -ffat-lto-objects\000"
 552      66756E63 
 552      74696F6E 
 552      2D736563 
 552      74696F6E 
 553              	.LASF3:
 554 015a 73686F72 		.ascii	"short unsigned int\000"
 554      7420756E 
 554      7369676E 
 554      65642069 
 554      6E7400
 555              	.LASF0:
 556 016d 7369676E 		.ascii	"signed char\000"
 556      65642063 
 556      68617200 
 557              	.LASF16:
 558 0179 50696E5F 		.ascii	"Pin_3_Blue_Write\000"
 558      335F426C 
 558      75655F57 
 558      72697465 
 558      00
 559              	.LASF13:
 560 018a 6C6F6E67 		.ascii	"long double\000"
 560      20646F75 
 560      626C6500 
 561              	.LASF2:
 562 0196 73686F72 		.ascii	"short int\000"
 562      7420696E 
 562      7400
 563              	.LASF12:
 564 01a0 73697A65 		.ascii	"sizetype\000"
 564      74797065 
 564      00
 565              		.ident	"GCC: (GNU Tools for ARM Embedded Processors) 5.4.1 20160609 (release) [ARM/embedded-5-bran
