ARM GAS  C:\Users\ykuch\AppData\Local\Temp\ccWKyvbY.s 			page 1


   1              		.syntax unified
   2              		.cpu cortex-m0
   3              		.fpu softvfp
   4              		.eabi_attribute 20, 1
   5              		.eabi_attribute 21, 1
   6              		.eabi_attribute 23, 3
   7              		.eabi_attribute 24, 1
   8              		.eabi_attribute 25, 1
   9              		.eabi_attribute 26, 1
  10              		.eabi_attribute 30, 1
  11              		.eabi_attribute 34, 0
  12              		.eabi_attribute 18, 4
  13              		.thumb
  14              		.syntax unified
  15              		.file	"main.c"
  16              		.text
  17              	.Ltext0:
  18              		.cfi_sections	.debug_frame
  19              		.section	.text.Error_Return,"ax",%progbits
  20              		.align	2
  21              		.global	Error_Return
  22              		.code	16
  23              		.thumb_func
  24              		.type	Error_Return, %function
  25              	Error_Return:
  26              	.LFB32:
  27              		.file 1 "main.c"
   1:main.c        **** #include "project.h"
   2:main.c        **** /* Number of channnels */
   3:main.c        **** #define NUMBER_OF_CHANNELS (4)
   4:main.c        **** /* The argument of the Pin_Write API to turn on the LED */
   5:main.c        **** #define LED_ON_VALUE (0)
   6:main.c        **** /* The argument of the Pin_Write API to turn off the LED */
   7:main.c        **** #define LED_OFF_VALUE (1)
   8:main.c        **** /* Size of UART buffer */
   9:main.c        **** #define UART_BUFFER_SIZE (8)
  10:main.c        **** /* UART buffer indeces */
  11:main.c        **** #define UART_BUFFER_A_IDX (0)
  12:main.c        **** #define UART_BUFFER_T_IDX (1)
  13:main.c        **** #define UART_BUFFER_PLUS_IDX (2) // PLUS - Symbol "+"
  14:main.c        **** #define UART_BUFFER_CHANNEL_IDX (3)
  15:main.c        **** #define UART_BUFFER_EQUALS_IDX (4) // EQUALS - Symbol "="
  16:main.c        **** #define UART_BUFFER_D_VALUE_IDX (5)
  17:main.c        **** #define UART_BUFFER_H_VALUE_IDX (6)
  18:main.c        **** #define UART_BUFFER_L_VALUE_IDX (7)
  19:main.c        **** /* ASCII offset for digits. ASCII code of 0 in ASCII table. */
  20:main.c        **** #define ASCII_OFFSET_FOR_DIGITS (48)
  21:main.c        **** /* Channel Descriptor Type */
  22:main.c        **** typedef struct
  23:main.c        **** {
  24:main.c        ****  uint8 Current_D; /* Counter of state D duration */
  25:main.c        ****  uint8 Current_H; /* Counter of state H duration */
  26:main.c        ****  uint8 Current_L; /* Counter of state L duration */
  27:main.c        ****  uint8 Max_D; /* Maximum state D duration */
  28:main.c        ****  uint8 Max_H; /* Maximum state H duration */
  29:main.c        ****  uint8 Max_L; /* Maximum state L duration */
  30:main.c        ****  void (*PinControlFunction)(uint8); /* Pointer to pin control function */
ARM GAS  C:\Users\ykuch\AppData\Local\Temp\ccWKyvbY.s 			page 2


  31:main.c        **** } ChannelDescriptorType;
  32:main.c        **** 
  33:main.c        **** /* Channels descriptors array with size of channels number */
  34:main.c        **** ChannelDescriptorType ChannelDescriptorsArray[NUMBER_OF_CHANNELS];
  35:main.c        **** /* Buffer to store data from UART */
  36:main.c        **** char UartBuffer[UART_BUFFER_SIZE];
  37:main.c        **** /* Index to the current UART buffer element */
  38:main.c        **** uint8 UartBufferIdx;
  39:main.c        **** 
  40:main.c        **** /* This function notifies the user that an incorrect AT-command has been entered */
  41:main.c        **** void Error_Return(void)
  42:main.c        **** {
  28              		.loc 1 42 0
  29              		.cfi_startproc
  30              		@ args = 0, pretend = 0, frame = 0
  31              		@ frame_needed = 0, uses_anonymous_args = 0
  32 0000 10B5     		push	{r4, lr}
  33              		.cfi_def_cfa_offset 8
  34              		.cfi_offset 4, -8
  35              		.cfi_offset 14, -4
  43:main.c        ****     UART_1_UartPutChar('\n');
  36              		.loc 1 43 0
  37 0002 0A20     		movs	r0, #10
  38 0004 FFF7FEFF 		bl	UART_1_SpiUartWriteTxData
  39              	.LVL0:
  44:main.c        ****     UART_1_UartPutChar('\r');
  40              		.loc 1 44 0
  41 0008 0D20     		movs	r0, #13
  42 000a FFF7FEFF 		bl	UART_1_SpiUartWriteTxData
  43              	.LVL1:
  45:main.c        ****     UART_1_UartPutChar(' ');
  44              		.loc 1 45 0
  45 000e 2020     		movs	r0, #32
  46 0010 FFF7FEFF 		bl	UART_1_SpiUartWriteTxData
  47              	.LVL2:
  46:main.c        ****     UART_1_UartPutChar('E');
  48              		.loc 1 46 0
  49 0014 4520     		movs	r0, #69
  50 0016 FFF7FEFF 		bl	UART_1_SpiUartWriteTxData
  51              	.LVL3:
  47:main.c        ****     UART_1_UartPutChar('r');
  52              		.loc 1 47 0
  53 001a 7220     		movs	r0, #114
  54 001c FFF7FEFF 		bl	UART_1_SpiUartWriteTxData
  55              	.LVL4:
  48:main.c        ****     UART_1_UartPutChar('r');
  56              		.loc 1 48 0
  57 0020 7220     		movs	r0, #114
  58 0022 FFF7FEFF 		bl	UART_1_SpiUartWriteTxData
  59              	.LVL5:
  49:main.c        ****     UART_1_UartPutChar('o');
  60              		.loc 1 49 0
  61 0026 6F20     		movs	r0, #111
  62 0028 FFF7FEFF 		bl	UART_1_SpiUartWriteTxData
  63              	.LVL6:
  50:main.c        ****     UART_1_UartPutChar('r');
  64              		.loc 1 50 0
ARM GAS  C:\Users\ykuch\AppData\Local\Temp\ccWKyvbY.s 			page 3


  65 002c 7220     		movs	r0, #114
  66 002e FFF7FEFF 		bl	UART_1_SpiUartWriteTxData
  67              	.LVL7:
  51:main.c        ****     UART_1_UartPutChar(' ');
  68              		.loc 1 51 0
  69 0032 2020     		movs	r0, #32
  70 0034 FFF7FEFF 		bl	UART_1_SpiUartWriteTxData
  71              	.LVL8:
  52:main.c        ****     UART_1_UartPutChar('\n');
  72              		.loc 1 52 0
  73 0038 0A20     		movs	r0, #10
  74 003a FFF7FEFF 		bl	UART_1_SpiUartWriteTxData
  75              	.LVL9:
  53:main.c        ****     UART_1_UartPutChar('\r');
  76              		.loc 1 53 0
  77 003e 0D20     		movs	r0, #13
  78 0040 FFF7FEFF 		bl	UART_1_SpiUartWriteTxData
  79              	.LVL10:
  54:main.c        **** }
  80              		.loc 1 54 0
  81              		@ sp needed
  82 0044 10BD     		pop	{r4, pc}
  83              		.cfi_endproc
  84              	.LFE32:
  85              		.size	Error_Return, .-Error_Return
  86 0046 C046     		.section	.text.ChannelController,"ax",%progbits
  87              		.align	2
  88              		.global	ChannelController
  89              		.code	16
  90              		.thumb_func
  91              		.type	ChannelController, %function
  92              	ChannelController:
  93              	.LFB33:
  55:main.c        **** 
  56:main.c        **** /**************************************************************************
  57:main.c        ****  This function perfoms channel control.
  58:main.c        ****  It decrements counters D, H or L and toggles pin state when required.
  59:main.c        **** **************************************************************************/
  60:main.c        **** void ChannelController(uint8 Channel_Number)
  61:main.c        **** {
  94              		.loc 1 61 0
  95              		.cfi_startproc
  96              		@ args = 0, pretend = 0, frame = 0
  97              		@ frame_needed = 0, uses_anonymous_args = 0
  98              	.LVL11:
  99 0000 70B5     		push	{r4, r5, r6, lr}
 100              		.cfi_def_cfa_offset 16
 101              		.cfi_offset 4, -16
 102              		.cfi_offset 5, -12
 103              		.cfi_offset 6, -8
 104              		.cfi_offset 14, -4
  62:main.c        ****     if(ChannelDescriptorsArray[Channel_Number].Current_D > 0)
 105              		.loc 1 62 0
 106 0002 4300     		lsls	r3, r0, #1
 107 0004 1B18     		adds	r3, r3, r0
 108 0006 9A00     		lsls	r2, r3, #2
 109 0008 254B     		ldr	r3, .L7
ARM GAS  C:\Users\ykuch\AppData\Local\Temp\ccWKyvbY.s 			page 4


 110 000a D15C     		ldrb	r1, [r2, r3]
 111 000c 0029     		cmp	r1, #0
 112 000e 0AD0     		beq	.L3
  63:main.c        ****     {
  64:main.c        ****         ChannelDescriptorsArray[Channel_Number].Current_D--;
 113              		.loc 1 64 0
 114 0010 1A00     		movs	r2, r3
 115 0012 4300     		lsls	r3, r0, #1
 116 0014 1D18     		adds	r5, r3, r0
 117 0016 AC00     		lsls	r4, r5, #2
 118 0018 0139     		subs	r1, r1, #1
 119 001a A154     		strb	r1, [r4, r2]
  65:main.c        ****         ChannelDescriptorsArray[Channel_Number].PinControlFunction(LED_OFF_VALUE);
 120              		.loc 1 65 0
 121 001c 1319     		adds	r3, r2, r4
 122 001e 9B68     		ldr	r3, [r3, #8]
 123 0020 0120     		movs	r0, #1
 124              	.LVL12:
 125 0022 9847     		blx	r3
 126              	.LVL13:
  66:main.c        ****         return;
 127              		.loc 1 66 0
 128 0024 3AE0     		b	.L2
 129              	.LVL14:
 130              	.L3:
  67:main.c        ****     }
  68:main.c        ****     if(ChannelDescriptorsArray[Channel_Number].Current_H > 0)
 131              		.loc 1 68 0
 132 0026 4200     		lsls	r2, r0, #1
 133 0028 1218     		adds	r2, r2, r0
 134 002a 9300     		lsls	r3, r2, #2
 135 002c 1C4A     		ldr	r2, .L7
 136 002e D318     		adds	r3, r2, r3
 137 0030 5C78     		ldrb	r4, [r3, #1]
 138 0032 002C     		cmp	r4, #0
 139 0034 0AD0     		beq	.L5
  69:main.c        ****     {
  70:main.c        ****         ChannelDescriptorsArray[Channel_Number].Current_H--;
 140              		.loc 1 70 0
 141 0036 1100     		movs	r1, r2
 142 0038 4300     		lsls	r3, r0, #1
 143 003a 1D18     		adds	r5, r3, r0
 144 003c AA00     		lsls	r2, r5, #2
 145 003e 8A18     		adds	r2, r1, r2
 146 0040 013C     		subs	r4, r4, #1
 147 0042 5470     		strb	r4, [r2, #1]
  71:main.c        ****         ChannelDescriptorsArray[Channel_Number].PinControlFunction(LED_ON_VALUE);
 148              		.loc 1 71 0
 149 0044 9368     		ldr	r3, [r2, #8]
 150 0046 0020     		movs	r0, #0
 151              	.LVL15:
 152 0048 9847     		blx	r3
 153              	.LVL16:
  72:main.c        ****         return;
 154              		.loc 1 72 0
 155 004a 27E0     		b	.L2
 156              	.LVL17:
ARM GAS  C:\Users\ykuch\AppData\Local\Temp\ccWKyvbY.s 			page 5


 157              	.L5:
  73:main.c        ****     }
  74:main.c        ****     if(ChannelDescriptorsArray[Channel_Number].Current_L > 0)
 158              		.loc 1 74 0
 159 004c 4200     		lsls	r2, r0, #1
 160 004e 1218     		adds	r2, r2, r0
 161 0050 9300     		lsls	r3, r2, #2
 162 0052 134A     		ldr	r2, .L7
 163 0054 D318     		adds	r3, r2, r3
 164 0056 9B78     		ldrb	r3, [r3, #2]
 165 0058 002B     		cmp	r3, #0
 166 005a 0AD0     		beq	.L6
  75:main.c        ****     {
  76:main.c        ****         ChannelDescriptorsArray[Channel_Number].Current_L--;
 167              		.loc 1 76 0
 168 005c 1400     		movs	r4, r2
 169 005e 4200     		lsls	r2, r0, #1
 170 0060 1518     		adds	r5, r2, r0
 171 0062 A900     		lsls	r1, r5, #2
 172 0064 6118     		adds	r1, r4, r1
 173 0066 013B     		subs	r3, r3, #1
 174 0068 8B70     		strb	r3, [r1, #2]
  77:main.c        ****         ChannelDescriptorsArray[Channel_Number].PinControlFunction(LED_OFF_VALUE);
 175              		.loc 1 77 0
 176 006a 8B68     		ldr	r3, [r1, #8]
 177 006c 0120     		movs	r0, #1
 178              	.LVL18:
 179 006e 9847     		blx	r3
 180              	.LVL19:
  78:main.c        ****         return;
 181              		.loc 1 78 0
 182 0070 14E0     		b	.L2
 183              	.LVL20:
 184              	.L6:
  79:main.c        ****     }
  80:main.c        ****     
  81:main.c        ****     if (     ChannelDescriptorsArray[Channel_Number].Current_D == 0 && 
 185              		.loc 1 81 0
 186 0072 0029     		cmp	r1, #0
 187 0074 12D1     		bne	.L2
 188              		.loc 1 81 0 is_stmt 0 discriminator 1
 189 0076 002C     		cmp	r4, #0
 190 0078 10D1     		bne	.L2
  82:main.c        ****              ChannelDescriptorsArray[Channel_Number].Current_H == 0 && 
 191              		.loc 1 82 0 is_stmt 1
 192 007a 002B     		cmp	r3, #0
 193 007c 0ED1     		bne	.L2
  83:main.c        ****              ChannelDescriptorsArray[Channel_Number].Current_L == 0)
  84:main.c        ****     {
  85:main.c        ****     ChannelDescriptorsArray[Channel_Number].Current_D = 
  86:main.c        ****     ChannelDescriptorsArray[Channel_Number].Max_D;
 194              		.loc 1 86 0
 195 007e 084A     		ldr	r2, .L7
 196 0080 4100     		lsls	r1, r0, #1
 197 0082 0C18     		adds	r4, r1, r0
 198 0084 A300     		lsls	r3, r4, #2
 199 0086 D318     		adds	r3, r2, r3
ARM GAS  C:\Users\ykuch\AppData\Local\Temp\ccWKyvbY.s 			page 6


 200 0088 DE78     		ldrb	r6, [r3, #3]
  85:main.c        ****     ChannelDescriptorsArray[Channel_Number].Max_D;
 201              		.loc 1 85 0
 202 008a 2500     		movs	r5, r4
 203 008c A400     		lsls	r4, r4, #2
 204 008e A654     		strb	r6, [r4, r2]
  87:main.c        ****     
  88:main.c        ****     ChannelDescriptorsArray[Channel_Number].Current_H = 
  89:main.c        ****     ChannelDescriptorsArray[Channel_Number].Max_H;
 205              		.loc 1 89 0
 206 0090 1C79     		ldrb	r4, [r3, #4]
  88:main.c        ****     ChannelDescriptorsArray[Channel_Number].Max_H;
 207              		.loc 1 88 0
 208 0092 5C70     		strb	r4, [r3, #1]
  90:main.c        ****     
  91:main.c        ****     ChannelDescriptorsArray[Channel_Number].Current_L = 
  92:main.c        ****     ChannelDescriptorsArray[Channel_Number].Max_L;
 209              		.loc 1 92 0
 210 0094 5C79     		ldrb	r4, [r3, #5]
  91:main.c        ****     ChannelDescriptorsArray[Channel_Number].Max_L;
 211              		.loc 1 91 0
 212 0096 AB00     		lsls	r3, r5, #2
 213 0098 D318     		adds	r3, r2, r3
 214 009a 9C70     		strb	r4, [r3, #2]
 215              	.LVL21:
 216              	.L2:
  93:main.c        **** 
  94:main.c        ****     return;
  95:main.c        ****     }
  96:main.c        **** }
 217              		.loc 1 96 0
 218              		@ sp needed
 219 009c 70BD     		pop	{r4, r5, r6, pc}
 220              	.L8:
 221 009e C046     		.align	2
 222              	.L7:
 223 00a0 00000000 		.word	ChannelDescriptorsArray
 224              		.cfi_endproc
 225              	.LFE33:
 226              		.size	ChannelController, .-ChannelController
 227              		.section	.text.TimeSlotInterrupt,"ax",%progbits
 228              		.align	2
 229              		.global	TimeSlotInterrupt
 230              		.code	16
 231              		.thumb_func
 232              		.type	TimeSlotInterrupt, %function
 233              	TimeSlotInterrupt:
 234              	.LFB34:
  97:main.c        **** /**************************************************************************
  98:main.c        ****  Interrupt Handler called every 500ms
  99:main.c        **** **************************************************************************/
 100:main.c        **** CY_ISR(TimeSlotInterrupt)
 101:main.c        **** {
 235              		.loc 1 101 0
 236              		.cfi_startproc
 237              		@ args = 0, pretend = 0, frame = 0
 238              		@ frame_needed = 0, uses_anonymous_args = 0
ARM GAS  C:\Users\ykuch\AppData\Local\Temp\ccWKyvbY.s 			page 7


 239 0000 10B5     		push	{r4, lr}
 240              		.cfi_def_cfa_offset 8
 241              		.cfi_offset 4, -8
 242              		.cfi_offset 14, -4
 243              	.LVL22:
 102:main.c        ****  uint8 CurrentChannelNumber;
 103:main.c        ****  /* Call Channel controller function for each of channel */
 104:main.c        ****  for (CurrentChannelNumber = 0;
 244              		.loc 1 104 0
 245 0002 0024     		movs	r4, #0
 246 0004 04E0     		b	.L10
 247              	.LVL23:
 248              	.L11:
 105:main.c        ****  CurrentChannelNumber < NUMBER_OF_CHANNELS;
 106:main.c        ****  CurrentChannelNumber++)
 107:main.c        ****  {
 108:main.c        ****     ChannelController(CurrentChannelNumber);
 249              		.loc 1 108 0
 250 0006 2000     		movs	r0, r4
 251 0008 FFF7FEFF 		bl	ChannelController
 252              	.LVL24:
 106:main.c        ****  {
 253              		.loc 1 106 0
 254 000c 0134     		adds	r4, r4, #1
 255              	.LVL25:
 256 000e E4B2     		uxtb	r4, r4
 257              	.LVL26:
 258              	.L10:
 104:main.c        ****  CurrentChannelNumber < NUMBER_OF_CHANNELS;
 259              		.loc 1 104 0 discriminator 1
 260 0010 032C     		cmp	r4, #3
 261 0012 F8D9     		bls	.L11
 109:main.c        ****  }
 110:main.c        **** }
 262              		.loc 1 110 0
 263              		@ sp needed
 264              	.LVL27:
 265 0014 10BD     		pop	{r4, pc}
 266              		.cfi_endproc
 267              	.LFE34:
 268              		.size	TimeSlotInterrupt, .-TimeSlotInterrupt
 269 0016 C046     		.section	.text.UpdateChannelDescriptor,"ax",%progbits
 270              		.align	2
 271              		.global	UpdateChannelDescriptor
 272              		.code	16
 273              		.thumb_func
 274              		.type	UpdateChannelDescriptor, %function
 275              	UpdateChannelDescriptor:
 276              	.LFB35:
 111:main.c        **** /**************************************************************************
 112:main.c        ****  This function to update channel descriptors and pin state.
 113:main.c        ****  Counters D, H and L of all other channels are reset to the initial state
 114:main.c        ****  to start all channels synchronously.
 115:main.c        ****  Parameters:
 116:main.c        ****  ChannelNumber - channel to be updated;
 117:main.c        ****  D - new value of delay D;
 118:main.c        ****  H - new value of pulse duration H;
ARM GAS  C:\Users\ykuch\AppData\Local\Temp\ccWKyvbY.s 			page 8


 119:main.c        ****  L - new value of pause duration L;
 120:main.c        **** **************************************************************************/
 121:main.c        **** void UpdateChannelDescriptor(uint8 ChannelNumber, uint8 D, uint8 H, uint8 L)
 122:main.c        **** {
 277              		.loc 1 122 0
 278              		.cfi_startproc
 279              		@ args = 0, pretend = 0, frame = 0
 280              		@ frame_needed = 0, uses_anonymous_args = 0
 281              	.LVL28:
 282 0000 F8B5     		push	{r3, r4, r5, r6, r7, lr}
 283              		.cfi_def_cfa_offset 24
 284              		.cfi_offset 3, -24
 285              		.cfi_offset 4, -20
 286              		.cfi_offset 5, -16
 287              		.cfi_offset 6, -12
 288              		.cfi_offset 7, -8
 289              		.cfi_offset 14, -4
 123:main.c        ****  uint8 ChannelIdx;
 124:main.c        ****  
 125:main.c        ****  /* Enter critical section to avoid interrupts during channel descriptors update */
 126:main.c        ****  CyGlobalIntDisable; /* Disable global interrupts. */
 290              		.loc 1 126 0
 291              		.syntax divided
 292              	@ 126 "main.c" 1
 293 0002 72B6     		CPSID   i
 294              	@ 0 "" 2
 127:main.c        ****  /* Update channel descriptor values from the data received from UART */
 128:main.c        ****  ChannelDescriptorsArray[ChannelNumber].Max_D = D;
 295              		.loc 1 128 0
 296              		.thumb
 297              		.syntax unified
 298 0004 104D     		ldr	r5, .L15
 299 0006 4600     		lsls	r6, r0, #1
 300 0008 3718     		adds	r7, r6, r0
 301 000a BC00     		lsls	r4, r7, #2
 302 000c 2C19     		adds	r4, r5, r4
 303 000e E170     		strb	r1, [r4, #3]
 129:main.c        ****  ChannelDescriptorsArray[ChannelNumber].Max_H = H; 
 304              		.loc 1 129 0
 305 0010 2271     		strb	r2, [r4, #4]
 130:main.c        ****  ChannelDescriptorsArray[ChannelNumber].Max_L = L; 
 306              		.loc 1 130 0
 307 0012 6371     		strb	r3, [r4, #5]
 308              	.LVL29:
 131:main.c        ****  
 132:main.c        ****  /* Reload counters in all channels to synchronize all channels. */
 133:main.c        ****  for (ChannelIdx = 0; ChannelIdx < NUMBER_OF_CHANNELS; ChannelIdx++)
 309              		.loc 1 133 0
 310 0014 0024     		movs	r4, #0
 311 0016 13E0     		b	.L13
 312              	.LVL30:
 313              	.L14:
 134:main.c        ****  {
 135:main.c        ****  ChannelDescriptorsArray[ChannelIdx].Current_D = ChannelDescriptorsArray[ChannelIdx].Max_D;
 314              		.loc 1 135 0 discriminator 3
 315 0018 0B49     		ldr	r1, .L15
 316 001a 6200     		lsls	r2, r4, #1
ARM GAS  C:\Users\ykuch\AppData\Local\Temp\ccWKyvbY.s 			page 9


 317 001c 1019     		adds	r0, r2, r4
 318 001e 8300     		lsls	r3, r0, #2
 319 0020 CB18     		adds	r3, r1, r3
 320 0022 DE78     		ldrb	r6, [r3, #3]
 321 0024 0500     		movs	r5, r0
 322 0026 8000     		lsls	r0, r0, #2
 323 0028 4654     		strb	r6, [r0, r1]
 136:main.c        ****  ChannelDescriptorsArray[ChannelIdx].Current_H = ChannelDescriptorsArray[ChannelIdx].Max_H;
 324              		.loc 1 136 0 discriminator 3
 325 002a 1879     		ldrb	r0, [r3, #4]
 326 002c 5870     		strb	r0, [r3, #1]
 137:main.c        ****  ChannelDescriptorsArray[ChannelIdx].Current_L = ChannelDescriptorsArray[ChannelIdx].Max_L;
 327              		.loc 1 137 0 discriminator 3
 328 002e 5879     		ldrb	r0, [r3, #5]
 329 0030 9870     		strb	r0, [r3, #2]
 138:main.c        ****  /* Reset output pin corresponding to this channel */
 139:main.c        ****  ChannelDescriptorsArray[ChannelIdx].PinControlFunction(LED_OFF_VALUE);
 330              		.loc 1 139 0 discriminator 3
 331 0032 AB00     		lsls	r3, r5, #2
 332 0034 CB18     		adds	r3, r1, r3
 333 0036 9B68     		ldr	r3, [r3, #8]
 334 0038 0120     		movs	r0, #1
 335 003a 9847     		blx	r3
 336              	.LVL31:
 133:main.c        ****  {
 337              		.loc 1 133 0 discriminator 3
 338 003c 0134     		adds	r4, r4, #1
 339              	.LVL32:
 340 003e E4B2     		uxtb	r4, r4
 341              	.LVL33:
 342              	.L13:
 133:main.c        ****  {
 343              		.loc 1 133 0 is_stmt 0 discriminator 1
 344 0040 032C     		cmp	r4, #3
 345 0042 E9D9     		bls	.L14
 140:main.c        ****  }
 141:main.c        ****  /* Exit critical section */
 142:main.c        ****  CyGlobalIntEnable; /* Enable global interrupts. */
 346              		.loc 1 142 0 is_stmt 1
 347              		.syntax divided
 348              	@ 142 "main.c" 1
 349 0044 62B6     		CPSIE   i
 350              	@ 0 "" 2
 143:main.c        **** }
 351              		.loc 1 143 0
 352              		.thumb
 353              		.syntax unified
 354              		@ sp needed
 355              	.LVL34:
 356 0046 F8BD     		pop	{r3, r4, r5, r6, r7, pc}
 357              	.L16:
 358              		.align	2
 359              	.L15:
 360 0048 00000000 		.word	ChannelDescriptorsArray
 361              		.cfi_endproc
 362              	.LFE35:
 363              		.size	UpdateChannelDescriptor, .-UpdateChannelDescriptor
ARM GAS  C:\Users\ykuch\AppData\Local\Temp\ccWKyvbY.s 			page 10


 364              		.section	.text.UartBufferParser,"ax",%progbits
 365              		.align	2
 366              		.global	UartBufferParser
 367              		.code	16
 368              		.thumb_func
 369              		.type	UartBufferParser, %function
 370              	UartBufferParser:
 371              	.LFB36:
 144:main.c        **** /**************************************************************************
 145:main.c        ****  This function parses the UART buffer and update counters D, H and L
 146:main.c        **** **************************************************************************/
 147:main.c        **** void UartBufferParser(void)
 148:main.c        **** {
 372              		.loc 1 148 0
 373              		.cfi_startproc
 374              		@ args = 0, pretend = 0, frame = 0
 375              		@ frame_needed = 0, uses_anonymous_args = 0
 376 0000 10B5     		push	{r4, lr}
 377              		.cfi_def_cfa_offset 8
 378              		.cfi_offset 4, -8
 379              		.cfi_offset 14, -4
 149:main.c        ****  uint8 ChannelNumber;
 150:main.c        ****  uint8 ValueD, ValueH, ValueL;
 151:main.c        ****  
 152:main.c        ****  ValueD = UartBuffer[UART_BUFFER_D_VALUE_IDX] - ASCII_OFFSET_FOR_DIGITS;
 380              		.loc 1 152 0
 381 0002 1B4C     		ldr	r4, .L24
 382 0004 6179     		ldrb	r1, [r4, #5]
 383 0006 3039     		subs	r1, r1, #48
 384 0008 C9B2     		uxtb	r1, r1
 385              	.LVL35:
 153:main.c        ****  ValueH = UartBuffer[UART_BUFFER_H_VALUE_IDX] - ASCII_OFFSET_FOR_DIGITS;
 386              		.loc 1 153 0
 387 000a A279     		ldrb	r2, [r4, #6]
 388 000c 303A     		subs	r2, r2, #48
 389 000e D2B2     		uxtb	r2, r2
 390              	.LVL36:
 154:main.c        ****  ValueL = UartBuffer[UART_BUFFER_L_VALUE_IDX] - ASCII_OFFSET_FOR_DIGITS;   
 391              		.loc 1 154 0
 392 0010 E379     		ldrb	r3, [r4, #7]
 393 0012 303B     		subs	r3, r3, #48
 394 0014 DBB2     		uxtb	r3, r3
 395              	.LVL37:
 155:main.c        ****  ChannelNumber = UartBuffer[UART_BUFFER_CHANNEL_IDX] - ASCII_OFFSET_FOR_DIGITS;
 396              		.loc 1 155 0
 397 0016 E078     		ldrb	r0, [r4, #3]
 398 0018 3038     		subs	r0, r0, #48
 399 001a C0B2     		uxtb	r0, r0
 400              	.LVL38:
 156:main.c        **** 
 157:main.c        ****  if ('A' != UartBuffer[UART_BUFFER_A_IDX])
 401              		.loc 1 157 0
 402 001c 2478     		ldrb	r4, [r4]
 403 001e 412C     		cmp	r4, #65
 404 0020 02D0     		beq	.L18
 158:main.c        ****     {
 159:main.c        ****         /* UART buffer content does not match to the expected value "A". Return. */
ARM GAS  C:\Users\ykuch\AppData\Local\Temp\ccWKyvbY.s 			page 11


 160:main.c        ****         Error_Return();
 405              		.loc 1 160 0
 406 0022 FFF7FEFF 		bl	Error_Return
 407              	.LVL39:
 161:main.c        ****         return;
 408              		.loc 1 161 0
 409 0026 21E0     		b	.L17
 410              	.LVL40:
 411              	.L18:
 162:main.c        ****     }
 163:main.c        ****  if ('T' != UartBuffer[UART_BUFFER_T_IDX])
 412              		.loc 1 163 0
 413 0028 114C     		ldr	r4, .L24
 414 002a 6478     		ldrb	r4, [r4, #1]
 415 002c 542C     		cmp	r4, #84
 416 002e 02D0     		beq	.L20
 164:main.c        ****     {
 165:main.c        ****         Error_Return();
 417              		.loc 1 165 0
 418 0030 FFF7FEFF 		bl	Error_Return
 419              	.LVL41:
 166:main.c        ****         return;
 420              		.loc 1 166 0
 421 0034 1AE0     		b	.L17
 422              	.LVL42:
 423              	.L20:
 167:main.c        ****     }
 168:main.c        ****  if ('+' != UartBuffer[UART_BUFFER_PLUS_IDX])
 424              		.loc 1 168 0
 425 0036 0E4C     		ldr	r4, .L24
 426 0038 A478     		ldrb	r4, [r4, #2]
 427 003a 2B2C     		cmp	r4, #43
 428 003c 02D0     		beq	.L21
 169:main.c        ****     {
 170:main.c        ****         Error_Return();
 429              		.loc 1 170 0
 430 003e FFF7FEFF 		bl	Error_Return
 431              	.LVL43:
 171:main.c        ****         return;
 432              		.loc 1 171 0
 433 0042 13E0     		b	.L17
 434              	.LVL44:
 435              	.L21:
 172:main.c        ****     }
 173:main.c        ****     
 174:main.c        ****  if ('=' != UartBuffer[UART_BUFFER_EQUALS_IDX])
 436              		.loc 1 174 0
 437 0044 0A4C     		ldr	r4, .L24
 438 0046 2479     		ldrb	r4, [r4, #4]
 439 0048 3D2C     		cmp	r4, #61
 440 004a 02D0     		beq	.L22
 175:main.c        ****     {
 176:main.c        ****         Error_Return();
 441              		.loc 1 176 0
 442 004c FFF7FEFF 		bl	Error_Return
 443              	.LVL45:
 177:main.c        ****         return;
ARM GAS  C:\Users\ykuch\AppData\Local\Temp\ccWKyvbY.s 			page 12


 444              		.loc 1 177 0
 445 0050 0CE0     		b	.L17
 446              	.LVL46:
 447              	.L22:
 178:main.c        ****     }
 179:main.c        ****     
 180:main.c        ****  if (ValueD >= 0 && ValueD <= 9 &&
 448              		.loc 1 180 0
 449 0052 0929     		cmp	r1, #9
 450 0054 08D8     		bhi	.L23
 181:main.c        ****      ValueH >= 0 && ValueH <= 9 &&
 451              		.loc 1 181 0
 452 0056 092A     		cmp	r2, #9
 453 0058 06D8     		bhi	.L23
 182:main.c        ****      ValueL >= 0 && ValueL <= 9 &&
 454              		.loc 1 182 0
 455 005a 092B     		cmp	r3, #9
 456 005c 04D8     		bhi	.L23
 183:main.c        ****      ChannelNumber >= 0 && ChannelNumber < NUMBER_OF_CHANNELS)
 457              		.loc 1 183 0
 458 005e 0328     		cmp	r0, #3
 459 0060 02D8     		bhi	.L23
 184:main.c        ****     {
 185:main.c        ****         /* Update channel descriptor with received values D, H and L */
 186:main.c        ****         UpdateChannelDescriptor(ChannelNumber, ValueD, ValueH, ValueL);
 460              		.loc 1 186 0
 461 0062 FFF7FEFF 		bl	UpdateChannelDescriptor
 462              	.LVL47:
 463 0066 01E0     		b	.L17
 464              	.LVL48:
 465              	.L23:
 187:main.c        ****     }
 188:main.c        ****  else
 189:main.c        ****     {
 190:main.c        ****         Error_Return();
 466              		.loc 1 190 0
 467 0068 FFF7FEFF 		bl	Error_Return
 468              	.LVL49:
 469              	.L17:
 191:main.c        ****     }
 192:main.c        **** }
 470              		.loc 1 192 0
 471              		@ sp needed
 472 006c 10BD     		pop	{r4, pc}
 473              	.L25:
 474 006e C046     		.align	2
 475              	.L24:
 476 0070 00000000 		.word	UartBuffer
 477              		.cfi_endproc
 478              	.LFE36:
 479              		.size	UartBufferParser, .-UartBufferParser
 480              		.section	.text.UartDataReader,"ax",%progbits
 481              		.align	2
 482              		.global	UartDataReader
 483              		.code	16
 484              		.thumb_func
 485              		.type	UartDataReader, %function
ARM GAS  C:\Users\ykuch\AppData\Local\Temp\ccWKyvbY.s 			page 13


 486              	UartDataReader:
 487              	.LFB37:
 193:main.c        **** /**************************************************************************
 194:main.c        ****  This function to read bytes (characters) from UART, collect data to the
 195:main.c        ****  buffer and parse the buffer.
 196:main.c        **** **************************************************************************/
 197:main.c        **** void UartDataReader(void)
 198:main.c        **** {
 488              		.loc 1 198 0
 489              		.cfi_startproc
 490              		@ args = 0, pretend = 0, frame = 0
 491              		@ frame_needed = 0, uses_anonymous_args = 0
 492 0000 10B5     		push	{r4, lr}
 493              		.cfi_def_cfa_offset 8
 494              		.cfi_offset 4, -8
 495              		.cfi_offset 14, -4
 496              	.LVL50:
 199:main.c        ****  char CurrentCharacter = 0;
 200:main.c        ****  CurrentCharacter = UART_1_UartGetChar();
 497              		.loc 1 200 0
 498 0002 FFF7FEFF 		bl	UART_1_UartGetChar
 499              	.LVL51:
 500 0006 C4B2     		uxtb	r4, r0
 501              	.LVL52:
 201:main.c        ****  if (0 == CurrentCharacter)
 502              		.loc 1 201 0
 503 0008 002C     		cmp	r4, #0
 504 000a 16D0     		beq	.L26
 202:main.c        ****  {
 203:main.c        ****  /* If current character equal to zero it means that no data received
 204:main.c        **** from UART.
 205:main.c        ****  Retrun from the function. */
 206:main.c        ****  return;
 207:main.c        ****  }
 208:main.c        ****  
 209:main.c        ****  /* Send back received character to see it in the terminal */
 210:main.c        ****  UART_1_UartPutChar(CurrentCharacter);
 505              		.loc 1 210 0
 506 000c FF23     		movs	r3, #255
 507 000e 1840     		ands	r0, r3
 508 0010 FFF7FEFF 		bl	UART_1_SpiUartWriteTxData
 509              	.LVL53:
 211:main.c        ****  
 212:main.c        ****  /* Check if received character is "A" (== indicator of packet begin) */
 213:main.c        ****  if ('A' == CurrentCharacter)
 510              		.loc 1 213 0
 511 0014 412C     		cmp	r4, #65
 512 0016 02D1     		bne	.L28
 214:main.c        ****  {
 215:main.c        ****  /* UART received character "A". Reset index to begin of the UART buffer
 216:main.c        **** */
 217:main.c        ****  UartBufferIdx = 0;
 513              		.loc 1 217 0
 514 0018 0022     		movs	r2, #0
 515 001a 084B     		ldr	r3, .L29
 516 001c 1A70     		strb	r2, [r3]
 517              	.L28:
ARM GAS  C:\Users\ykuch\AppData\Local\Temp\ccWKyvbY.s 			page 14


 218:main.c        ****  }
 219:main.c        ****  /* Put received character to UART buffer and increment index. */
 220:main.c        ****  UartBuffer[UartBufferIdx] = CurrentCharacter;
 518              		.loc 1 220 0
 519 001e 074A     		ldr	r2, .L29
 520 0020 1378     		ldrb	r3, [r2]
 521 0022 0749     		ldr	r1, .L29+4
 522 0024 CC54     		strb	r4, [r1, r3]
 221:main.c        ****  UartBufferIdx++;
 523              		.loc 1 221 0
 524 0026 0133     		adds	r3, r3, #1
 525 0028 DBB2     		uxtb	r3, r3
 526 002a 1370     		strb	r3, [r2]
 222:main.c        ****  
 223:main.c        ****  /* Check if UART buffer is filled */
 224:main.c        ****  if (UART_BUFFER_SIZE == UartBufferIdx)
 527              		.loc 1 224 0
 528 002c 082B     		cmp	r3, #8
 529 002e 04D1     		bne	.L26
 225:main.c        ****  {
 226:main.c        ****  /* UART buffer is full. Start parse this buffer. */
 227:main.c        ****  UartBufferParser();
 530              		.loc 1 227 0
 531 0030 FFF7FEFF 		bl	UartBufferParser
 532              	.LVL54:
 228:main.c        ****  /* Reset index to begin of the UART buffer */
 229:main.c        ****  UartBufferIdx = 0;
 533              		.loc 1 229 0
 534 0034 0022     		movs	r2, #0
 535 0036 014B     		ldr	r3, .L29
 536 0038 1A70     		strb	r2, [r3]
 537              	.L26:
 230:main.c        ****  }
 231:main.c        **** }
 538              		.loc 1 231 0
 539              		@ sp needed
 540              	.LVL55:
 541 003a 10BD     		pop	{r4, pc}
 542              	.L30:
 543              		.align	2
 544              	.L29:
 545 003c 00000000 		.word	UartBufferIdx
 546 0040 00000000 		.word	UartBuffer
 547              		.cfi_endproc
 548              	.LFE37:
 549              		.size	UartDataReader, .-UartDataReader
 550              		.section	.text.Init,"ax",%progbits
 551              		.align	2
 552              		.global	Init
 553              		.code	16
 554              		.thumb_func
 555              		.type	Init, %function
 556              	Init:
 557              	.LFB38:
 232:main.c        **** /**************************************************************************
 233:main.c        ****  This function performs generic initialization.
 234:main.c        **** **************************************************************************/
ARM GAS  C:\Users\ykuch\AppData\Local\Temp\ccWKyvbY.s 			page 15


 235:main.c        **** void Init(void)
 236:main.c        **** {
 558              		.loc 1 236 0
 559              		.cfi_startproc
 560              		@ args = 0, pretend = 0, frame = 0
 561              		@ frame_needed = 0, uses_anonymous_args = 0
 562 0000 10B5     		push	{r4, lr}
 563              		.cfi_def_cfa_offset 8
 564              		.cfi_offset 4, -8
 565              		.cfi_offset 14, -4
 237:main.c        ****  /* Assign pin control functions to the channel descriptors. */
 238:main.c        ****  ChannelDescriptorsArray[0].PinControlFunction = BLUE_Write;
 566              		.loc 1 238 0
 567 0002 084B     		ldr	r3, .L32
 568 0004 084A     		ldr	r2, .L32+4
 569 0006 9A60     		str	r2, [r3, #8]
 239:main.c        ****  ChannelDescriptorsArray[1].PinControlFunction = GREEN_Write;
 570              		.loc 1 239 0
 571 0008 0849     		ldr	r1, .L32+8
 572 000a 5961     		str	r1, [r3, #20]
 240:main.c        ****  ChannelDescriptorsArray[2].PinControlFunction = RED_Write;
 573              		.loc 1 240 0
 574 000c 0849     		ldr	r1, .L32+12
 575 000e 1962     		str	r1, [r3, #32]
 241:main.c        ****  ChannelDescriptorsArray[3].PinControlFunction = BLUE_Write;
 576              		.loc 1 241 0
 577 0010 DA62     		str	r2, [r3, #44]
 242:main.c        ****  
 243:main.c        **** /* UART component start */
 244:main.c        ****  UART_1_Start();
 578              		.loc 1 244 0
 579 0012 FFF7FEFF 		bl	UART_1_Start
 580              	.LVL56:
 245:main.c        **** 
 246:main.c        ****  /* Start Interrupt component */
 247:main.c        ****  isr_1_StartEx(TimeSlotInterrupt);
 581              		.loc 1 247 0
 582 0016 0748     		ldr	r0, .L32+16
 583 0018 FFF7FEFF 		bl	isr_1_StartEx
 584              	.LVL57:
 248:main.c        **** 
 249:main.c        ****  /* Start component Timer */
 250:main.c        ****  Timer_1_Start();
 585              		.loc 1 250 0
 586 001c FFF7FEFF 		bl	Timer_1_Start
 587              	.LVL58:
 251:main.c        **** }
 588              		.loc 1 251 0
 589              		@ sp needed
 590 0020 10BD     		pop	{r4, pc}
 591              	.L33:
 592 0022 C046     		.align	2
 593              	.L32:
 594 0024 00000000 		.word	ChannelDescriptorsArray
 595 0028 00000000 		.word	BLUE_Write
 596 002c 00000000 		.word	GREEN_Write
 597 0030 00000000 		.word	RED_Write
ARM GAS  C:\Users\ykuch\AppData\Local\Temp\ccWKyvbY.s 			page 16


 598 0034 00000000 		.word	TimeSlotInterrupt
 599              		.cfi_endproc
 600              	.LFE38:
 601              		.size	Init, .-Init
 602              		.section	.text.main,"ax",%progbits
 603              		.align	2
 604              		.global	main
 605              		.code	16
 606              		.thumb_func
 607              		.type	main, %function
 608              	main:
 609              	.LFB39:
 252:main.c        **** /**************************************************************************
 253:main.c        ****  Main function
 254:main.c        **** **************************************************************************/
 255:main.c        **** int main(void)
 256:main.c        **** {
 610              		.loc 1 256 0
 611              		.cfi_startproc
 612              		@ Volatile: function does not return.
 613              		@ args = 0, pretend = 0, frame = 0
 614              		@ frame_needed = 0, uses_anonymous_args = 0
 615 0000 10B5     		push	{r4, lr}
 616              		.cfi_def_cfa_offset 8
 617              		.cfi_offset 4, -8
 618              		.cfi_offset 14, -4
 257:main.c        ****  CyGlobalIntEnable; /* Enable global interrupts. */
 619              		.loc 1 257 0
 620              		.syntax divided
 621              	@ 257 "main.c" 1
 622 0002 62B6     		CPSIE   i
 623              	@ 0 "" 2
 258:main.c        ****  RED_Write(1);
 624              		.loc 1 258 0
 625              		.thumb
 626              		.syntax unified
 627 0004 0120     		movs	r0, #1
 628 0006 FFF7FEFF 		bl	RED_Write
 629              	.LVL59:
 259:main.c        ****  BLUE_Write(1);
 630              		.loc 1 259 0
 631 000a 0120     		movs	r0, #1
 632 000c FFF7FEFF 		bl	BLUE_Write
 633              	.LVL60:
 260:main.c        ****  GREEN_Write(1);
 634              		.loc 1 260 0
 635 0010 0120     		movs	r0, #1
 636 0012 FFF7FEFF 		bl	GREEN_Write
 637              	.LVL61:
 261:main.c        ****  /* Perform generic initialization */
 262:main.c        ****  Init(); 
 638              		.loc 1 262 0
 639 0016 FFF7FEFF 		bl	Init
 640              	.LVL62:
 641              	.L35:
 263:main.c        ****  /* Infinite loop */
 264:main.c        ****  for(;;)
ARM GAS  C:\Users\ykuch\AppData\Local\Temp\ccWKyvbY.s 			page 17


 265:main.c        ****  {
 266:main.c        ****     UartDataReader();
 642              		.loc 1 266 0 discriminator 1
 643 001a FFF7FEFF 		bl	UartDataReader
 644              	.LVL63:
 645 001e FCE7     		b	.L35
 646              		.cfi_endproc
 647              	.LFE39:
 648              		.size	main, .-main
 649              		.comm	UartBufferIdx,1,1
 650              		.comm	UartBuffer,8,4
 651              		.comm	ChannelDescriptorsArray,48,4
 652              		.text
 653              	.Letext0:
 654              		.file 2 "Generated_Source\\PSoC4/cytypes.h"
 655              		.file 3 "Generated_Source\\PSoC4/UART_1_SPI_UART.h"
 656              		.file 4 "Generated_Source\\PSoC4/UART_1.h"
 657              		.file 5 "Generated_Source\\PSoC4/isr_1.h"
 658              		.file 6 "Generated_Source\\PSoC4/Timer_1.h"
 659              		.file 7 "Generated_Source\\PSoC4/RED.h"
 660              		.file 8 "Generated_Source\\PSoC4/BLUE.h"
 661              		.file 9 "Generated_Source\\PSoC4/GREEN.h"
 662              		.section	.debug_info,"",%progbits
 663              	.Ldebug_info0:
 664 0000 08050000 		.4byte	0x508
 665 0004 0400     		.2byte	0x4
 666 0006 00000000 		.4byte	.Ldebug_abbrev0
 667 000a 04       		.byte	0x4
 668 000b 01       		.uleb128 0x1
 669 000c 1C020000 		.4byte	.LASF50
 670 0010 0C       		.byte	0xc
 671 0011 C1020000 		.4byte	.LASF51
 672 0015 88000000 		.4byte	.LASF52
 673 0019 00000000 		.4byte	.Ldebug_ranges0+0
 674 001d 00000000 		.4byte	0
 675 0021 00000000 		.4byte	.Ldebug_line0
 676 0025 02       		.uleb128 0x2
 677 0026 01       		.byte	0x1
 678 0027 06       		.byte	0x6
 679 0028 E2000000 		.4byte	.LASF0
 680 002c 02       		.uleb128 0x2
 681 002d 01       		.byte	0x1
 682 002e 08       		.byte	0x8
 683 002f F5000000 		.4byte	.LASF1
 684 0033 02       		.uleb128 0x2
 685 0034 02       		.byte	0x2
 686 0035 05       		.byte	0x5
 687 0036 84010000 		.4byte	.LASF2
 688 003a 02       		.uleb128 0x2
 689 003b 02       		.byte	0x2
 690 003c 07       		.byte	0x7
 691 003d 31010000 		.4byte	.LASF3
 692 0041 02       		.uleb128 0x2
 693 0042 04       		.byte	0x4
 694 0043 05       		.byte	0x5
 695 0044 E8020000 		.4byte	.LASF4
 696 0048 02       		.uleb128 0x2
ARM GAS  C:\Users\ykuch\AppData\Local\Temp\ccWKyvbY.s 			page 18


 697 0049 04       		.byte	0x4
 698 004a 07       		.byte	0x7
 699 004b 18010000 		.4byte	.LASF5
 700 004f 02       		.uleb128 0x2
 701 0050 08       		.byte	0x8
 702 0051 05       		.byte	0x5
 703 0052 B3020000 		.4byte	.LASF6
 704 0056 02       		.uleb128 0x2
 705 0057 08       		.byte	0x8
 706 0058 07       		.byte	0x7
 707 0059 CD010000 		.4byte	.LASF7
 708 005d 03       		.uleb128 0x3
 709 005e 04       		.byte	0x4
 710 005f 05       		.byte	0x5
 711 0060 696E7400 		.ascii	"int\000"
 712 0064 02       		.uleb128 0x2
 713 0065 04       		.byte	0x4
 714 0066 07       		.byte	0x7
 715 0067 BA010000 		.4byte	.LASF8
 716 006b 04       		.uleb128 0x4
 717 006c E2020000 		.4byte	.LASF9
 718 0070 02       		.byte	0x2
 719 0071 FC01     		.2byte	0x1fc
 720 0073 2C000000 		.4byte	0x2c
 721 0077 04       		.uleb128 0x4
 722 0078 AE010000 		.4byte	.LASF10
 723 007c 02       		.byte	0x2
 724 007d FE01     		.2byte	0x1fe
 725 007f 48000000 		.4byte	0x48
 726 0083 02       		.uleb128 0x2
 727 0084 04       		.byte	0x4
 728 0085 04       		.byte	0x4
 729 0086 DC000000 		.4byte	.LASF11
 730 008a 02       		.uleb128 0x2
 731 008b 08       		.byte	0x8
 732 008c 04       		.byte	0x4
 733 008d 7D010000 		.4byte	.LASF12
 734 0091 02       		.uleb128 0x2
 735 0092 01       		.byte	0x1
 736 0093 08       		.byte	0x8
 737 0094 C8020000 		.4byte	.LASF13
 738 0098 02       		.uleb128 0x2
 739 0099 08       		.byte	0x8
 740 009a 04       		.byte	0x4
 741 009b FF020000 		.4byte	.LASF14
 742 009f 02       		.uleb128 0x2
 743 00a0 04       		.byte	0x4
 744 00a1 07       		.byte	0x7
 745 00a2 AA020000 		.4byte	.LASF15
 746 00a6 05       		.uleb128 0x5
 747 00a7 91000000 		.4byte	0x91
 748 00ab B6000000 		.4byte	0xb6
 749 00af 06       		.uleb128 0x6
 750 00b0 9F000000 		.4byte	0x9f
 751 00b4 07       		.byte	0x7
 752 00b5 00       		.byte	0
 753 00b6 07       		.uleb128 0x7
ARM GAS  C:\Users\ykuch\AppData\Local\Temp\ccWKyvbY.s 			page 19


 754 00b7 0C       		.byte	0xc
 755 00b8 01       		.byte	0x1
 756 00b9 16       		.byte	0x16
 757 00ba 13010000 		.4byte	0x113
 758 00be 08       		.uleb128 0x8
 759 00bf 07020000 		.4byte	.LASF16
 760 00c3 01       		.byte	0x1
 761 00c4 18       		.byte	0x18
 762 00c5 6B000000 		.4byte	0x6b
 763 00c9 00       		.byte	0
 764 00ca 08       		.uleb128 0x8
 765 00cb B9000000 		.4byte	.LASF17
 766 00cf 01       		.byte	0x1
 767 00d0 19       		.byte	0x19
 768 00d1 6B000000 		.4byte	0x6b
 769 00d5 01       		.byte	0x1
 770 00d6 08       		.uleb128 0x8
 771 00d7 C3000000 		.4byte	.LASF18
 772 00db 01       		.byte	0x1
 773 00dc 1A       		.byte	0x1a
 774 00dd 6B000000 		.4byte	0x6b
 775 00e1 02       		.byte	0x2
 776 00e2 08       		.uleb128 0x8
 777 00e3 A8010000 		.4byte	.LASF19
 778 00e7 01       		.byte	0x1
 779 00e8 1B       		.byte	0x1b
 780 00e9 6B000000 		.4byte	0x6b
 781 00ed 03       		.byte	0x3
 782 00ee 08       		.uleb128 0x8
 783 00ef DC020000 		.4byte	.LASF20
 784 00f3 01       		.byte	0x1
 785 00f4 1C       		.byte	0x1c
 786 00f5 6B000000 		.4byte	0x6b
 787 00f9 04       		.byte	0x4
 788 00fa 08       		.uleb128 0x8
 789 00fb C7010000 		.4byte	.LASF21
 790 00ff 01       		.byte	0x1
 791 0100 1D       		.byte	0x1d
 792 0101 6B000000 		.4byte	0x6b
 793 0105 05       		.byte	0x5
 794 0106 08       		.uleb128 0x8
 795 0107 A6000000 		.4byte	.LASF22
 796 010b 01       		.byte	0x1
 797 010c 1E       		.byte	0x1e
 798 010d 1E010000 		.4byte	0x11e
 799 0111 08       		.byte	0x8
 800 0112 00       		.byte	0
 801 0113 09       		.uleb128 0x9
 802 0114 1E010000 		.4byte	0x11e
 803 0118 0A       		.uleb128 0xa
 804 0119 6B000000 		.4byte	0x6b
 805 011d 00       		.byte	0
 806 011e 0B       		.uleb128 0xb
 807 011f 04       		.byte	0x4
 808 0120 13010000 		.4byte	0x113
 809 0124 0C       		.uleb128 0xc
 810 0125 52000000 		.4byte	.LASF23
ARM GAS  C:\Users\ykuch\AppData\Local\Temp\ccWKyvbY.s 			page 20


 811 0129 01       		.byte	0x1
 812 012a 1F       		.byte	0x1f
 813 012b B6000000 		.4byte	0xb6
 814 012f 0D       		.uleb128 0xd
 815 0130 64010000 		.4byte	.LASF24
 816 0134 01       		.byte	0x1
 817 0135 29       		.byte	0x29
 818 0136 00000000 		.4byte	.LFB32
 819 013a 46000000 		.4byte	.LFE32-.LFB32
 820 013e 01       		.uleb128 0x1
 821 013f 9C       		.byte	0x9c
 822 0140 19020000 		.4byte	0x219
 823 0144 0E       		.uleb128 0xe
 824 0145 08000000 		.4byte	.LVL0
 825 0149 B1040000 		.4byte	0x4b1
 826 014d 57010000 		.4byte	0x157
 827 0151 0F       		.uleb128 0xf
 828 0152 01       		.uleb128 0x1
 829 0153 50       		.byte	0x50
 830 0154 01       		.uleb128 0x1
 831 0155 3A       		.byte	0x3a
 832 0156 00       		.byte	0
 833 0157 0E       		.uleb128 0xe
 834 0158 0E000000 		.4byte	.LVL1
 835 015c B1040000 		.4byte	0x4b1
 836 0160 6A010000 		.4byte	0x16a
 837 0164 0F       		.uleb128 0xf
 838 0165 01       		.uleb128 0x1
 839 0166 50       		.byte	0x50
 840 0167 01       		.uleb128 0x1
 841 0168 3D       		.byte	0x3d
 842 0169 00       		.byte	0
 843 016a 0E       		.uleb128 0xe
 844 016b 14000000 		.4byte	.LVL2
 845 016f B1040000 		.4byte	0x4b1
 846 0173 7E010000 		.4byte	0x17e
 847 0177 0F       		.uleb128 0xf
 848 0178 01       		.uleb128 0x1
 849 0179 50       		.byte	0x50
 850 017a 02       		.uleb128 0x2
 851 017b 08       		.byte	0x8
 852 017c 20       		.byte	0x20
 853 017d 00       		.byte	0
 854 017e 0E       		.uleb128 0xe
 855 017f 1A000000 		.4byte	.LVL3
 856 0183 B1040000 		.4byte	0x4b1
 857 0187 92010000 		.4byte	0x192
 858 018b 0F       		.uleb128 0xf
 859 018c 01       		.uleb128 0x1
 860 018d 50       		.byte	0x50
 861 018e 02       		.uleb128 0x2
 862 018f 08       		.byte	0x8
 863 0190 45       		.byte	0x45
 864 0191 00       		.byte	0
 865 0192 0E       		.uleb128 0xe
 866 0193 20000000 		.4byte	.LVL4
 867 0197 B1040000 		.4byte	0x4b1
ARM GAS  C:\Users\ykuch\AppData\Local\Temp\ccWKyvbY.s 			page 21


 868 019b A6010000 		.4byte	0x1a6
 869 019f 0F       		.uleb128 0xf
 870 01a0 01       		.uleb128 0x1
 871 01a1 50       		.byte	0x50
 872 01a2 02       		.uleb128 0x2
 873 01a3 08       		.byte	0x8
 874 01a4 72       		.byte	0x72
 875 01a5 00       		.byte	0
 876 01a6 0E       		.uleb128 0xe
 877 01a7 26000000 		.4byte	.LVL5
 878 01ab B1040000 		.4byte	0x4b1
 879 01af BA010000 		.4byte	0x1ba
 880 01b3 0F       		.uleb128 0xf
 881 01b4 01       		.uleb128 0x1
 882 01b5 50       		.byte	0x50
 883 01b6 02       		.uleb128 0x2
 884 01b7 08       		.byte	0x8
 885 01b8 72       		.byte	0x72
 886 01b9 00       		.byte	0
 887 01ba 0E       		.uleb128 0xe
 888 01bb 2C000000 		.4byte	.LVL6
 889 01bf B1040000 		.4byte	0x4b1
 890 01c3 CE010000 		.4byte	0x1ce
 891 01c7 0F       		.uleb128 0xf
 892 01c8 01       		.uleb128 0x1
 893 01c9 50       		.byte	0x50
 894 01ca 02       		.uleb128 0x2
 895 01cb 08       		.byte	0x8
 896 01cc 6F       		.byte	0x6f
 897 01cd 00       		.byte	0
 898 01ce 0E       		.uleb128 0xe
 899 01cf 32000000 		.4byte	.LVL7
 900 01d3 B1040000 		.4byte	0x4b1
 901 01d7 E2010000 		.4byte	0x1e2
 902 01db 0F       		.uleb128 0xf
 903 01dc 01       		.uleb128 0x1
 904 01dd 50       		.byte	0x50
 905 01de 02       		.uleb128 0x2
 906 01df 08       		.byte	0x8
 907 01e0 72       		.byte	0x72
 908 01e1 00       		.byte	0
 909 01e2 0E       		.uleb128 0xe
 910 01e3 38000000 		.4byte	.LVL8
 911 01e7 B1040000 		.4byte	0x4b1
 912 01eb F6010000 		.4byte	0x1f6
 913 01ef 0F       		.uleb128 0xf
 914 01f0 01       		.uleb128 0x1
 915 01f1 50       		.byte	0x50
 916 01f2 02       		.uleb128 0x2
 917 01f3 08       		.byte	0x8
 918 01f4 20       		.byte	0x20
 919 01f5 00       		.byte	0
 920 01f6 0E       		.uleb128 0xe
 921 01f7 3E000000 		.4byte	.LVL9
 922 01fb B1040000 		.4byte	0x4b1
 923 01ff 09020000 		.4byte	0x209
 924 0203 0F       		.uleb128 0xf
ARM GAS  C:\Users\ykuch\AppData\Local\Temp\ccWKyvbY.s 			page 22


 925 0204 01       		.uleb128 0x1
 926 0205 50       		.byte	0x50
 927 0206 01       		.uleb128 0x1
 928 0207 3A       		.byte	0x3a
 929 0208 00       		.byte	0
 930 0209 10       		.uleb128 0x10
 931 020a 44000000 		.4byte	.LVL10
 932 020e B1040000 		.4byte	0x4b1
 933 0212 0F       		.uleb128 0xf
 934 0213 01       		.uleb128 0x1
 935 0214 50       		.byte	0x50
 936 0215 01       		.uleb128 0x1
 937 0216 3D       		.byte	0x3d
 938 0217 00       		.byte	0
 939 0218 00       		.byte	0
 940 0219 0D       		.uleb128 0xd
 941 021a 40000000 		.4byte	.LASF25
 942 021e 01       		.byte	0x1
 943 021f 3C       		.byte	0x3c
 944 0220 00000000 		.4byte	.LFB33
 945 0224 A4000000 		.4byte	.LFE33-.LFB33
 946 0228 01       		.uleb128 0x1
 947 0229 9C       		.byte	0x9c
 948 022a 67020000 		.4byte	0x267
 949 022e 11       		.uleb128 0x11
 950 022f CD020000 		.4byte	.LASF28
 951 0233 01       		.byte	0x1
 952 0234 3C       		.byte	0x3c
 953 0235 6B000000 		.4byte	0x6b
 954 0239 00000000 		.4byte	.LLST0
 955 023d 12       		.uleb128 0x12
 956 023e 24000000 		.4byte	.LVL13
 957 0242 4C020000 		.4byte	0x24c
 958 0246 0F       		.uleb128 0xf
 959 0247 01       		.uleb128 0x1
 960 0248 50       		.byte	0x50
 961 0249 01       		.uleb128 0x1
 962 024a 31       		.byte	0x31
 963 024b 00       		.byte	0
 964 024c 12       		.uleb128 0x12
 965 024d 4A000000 		.4byte	.LVL16
 966 0251 5B020000 		.4byte	0x25b
 967 0255 0F       		.uleb128 0xf
 968 0256 01       		.uleb128 0x1
 969 0257 50       		.byte	0x50
 970 0258 01       		.uleb128 0x1
 971 0259 30       		.byte	0x30
 972 025a 00       		.byte	0
 973 025b 13       		.uleb128 0x13
 974 025c 70000000 		.4byte	.LVL19
 975 0260 0F       		.uleb128 0xf
 976 0261 01       		.uleb128 0x1
 977 0262 50       		.byte	0x50
 978 0263 01       		.uleb128 0x1
 979 0264 31       		.byte	0x31
 980 0265 00       		.byte	0
 981 0266 00       		.byte	0
ARM GAS  C:\Users\ykuch\AppData\Local\Temp\ccWKyvbY.s 			page 23


 982 0267 0D       		.uleb128 0xd
 983 0268 2E000000 		.4byte	.LASF26
 984 026c 01       		.byte	0x1
 985 026d 64       		.byte	0x64
 986 026e 00000000 		.4byte	.LFB34
 987 0272 16000000 		.4byte	.LFE34-.LFB34
 988 0276 01       		.uleb128 0x1
 989 0277 9C       		.byte	0x9c
 990 0278 9C020000 		.4byte	0x29c
 991 027c 14       		.uleb128 0x14
 992 027d 68000000 		.4byte	.LASF30
 993 0281 01       		.byte	0x1
 994 0282 66       		.byte	0x66
 995 0283 6B000000 		.4byte	0x6b
 996 0287 6C000000 		.4byte	.LLST1
 997 028b 10       		.uleb128 0x10
 998 028c 0C000000 		.4byte	.LVL24
 999 0290 19020000 		.4byte	0x219
 1000 0294 0F       		.uleb128 0xf
 1001 0295 01       		.uleb128 0x1
 1002 0296 50       		.byte	0x50
 1003 0297 02       		.uleb128 0x2
 1004 0298 74       		.byte	0x74
 1005 0299 00       		.sleb128 0
 1006 029a 00       		.byte	0
 1007 029b 00       		.byte	0
 1008 029c 0D       		.uleb128 0xd
 1009 029d E4010000 		.4byte	.LASF27
 1010 02a1 01       		.byte	0x1
 1011 02a2 79       		.byte	0x79
 1012 02a3 00000000 		.4byte	.LFB35
 1013 02a7 4C000000 		.4byte	.LFE35-.LFB35
 1014 02ab 01       		.uleb128 0x1
 1015 02ac 9C       		.byte	0x9c
 1016 02ad 02030000 		.4byte	0x302
 1017 02b1 11       		.uleb128 0x11
 1018 02b2 0A010000 		.4byte	.LASF29
 1019 02b6 01       		.byte	0x1
 1020 02b7 79       		.byte	0x79
 1021 02b8 6B000000 		.4byte	0x6b
 1022 02bc 96000000 		.4byte	.LLST2
 1023 02c0 15       		.uleb128 0x15
 1024 02c1 4400     		.ascii	"D\000"
 1025 02c3 01       		.byte	0x1
 1026 02c4 79       		.byte	0x79
 1027 02c5 6B000000 		.4byte	0x6b
 1028 02c9 B7000000 		.4byte	.LLST3
 1029 02cd 15       		.uleb128 0x15
 1030 02ce 4800     		.ascii	"H\000"
 1031 02d0 01       		.byte	0x1
 1032 02d1 79       		.byte	0x79
 1033 02d2 6B000000 		.4byte	0x6b
 1034 02d6 D8000000 		.4byte	.LLST4
 1035 02da 15       		.uleb128 0x15
 1036 02db 4C00     		.ascii	"L\000"
 1037 02dd 01       		.byte	0x1
 1038 02de 79       		.byte	0x79
ARM GAS  C:\Users\ykuch\AppData\Local\Temp\ccWKyvbY.s 			page 24


 1039 02df 6B000000 		.4byte	0x6b
 1040 02e3 F9000000 		.4byte	.LLST5
 1041 02e7 14       		.uleb128 0x14
 1042 02e8 7D000000 		.4byte	.LASF31
 1043 02ec 01       		.byte	0x1
 1044 02ed 7B       		.byte	0x7b
 1045 02ee 6B000000 		.4byte	0x6b
 1046 02f2 1A010000 		.4byte	.LLST6
 1047 02f6 13       		.uleb128 0x13
 1048 02f7 3C000000 		.4byte	.LVL31
 1049 02fb 0F       		.uleb128 0xf
 1050 02fc 01       		.uleb128 0x1
 1051 02fd 50       		.byte	0x50
 1052 02fe 01       		.uleb128 0x1
 1053 02ff 31       		.byte	0x31
 1054 0300 00       		.byte	0
 1055 0301 00       		.byte	0
 1056 0302 0D       		.uleb128 0xd
 1057 0303 23030000 		.4byte	.LASF32
 1058 0307 01       		.byte	0x1
 1059 0308 93       		.byte	0x93
 1060 0309 00000000 		.4byte	.LFB36
 1061 030d 74000000 		.4byte	.LFE36-.LFB36
 1062 0311 01       		.uleb128 0x1
 1063 0312 9C       		.byte	0x9c
 1064 0313 8A030000 		.4byte	0x38a
 1065 0317 14       		.uleb128 0x14
 1066 0318 0A010000 		.4byte	.LASF29
 1067 031c 01       		.byte	0x1
 1068 031d 95       		.byte	0x95
 1069 031e 6B000000 		.4byte	0x6b
 1070 0322 44010000 		.4byte	.LLST7
 1071 0326 14       		.uleb128 0x14
 1072 0327 EE000000 		.4byte	.LASF33
 1073 032b 01       		.byte	0x1
 1074 032c 96       		.byte	0x96
 1075 032d 6B000000 		.4byte	0x6b
 1076 0331 8E010000 		.4byte	.LLST8
 1077 0335 14       		.uleb128 0x14
 1078 0336 03010000 		.4byte	.LASF34
 1079 033a 01       		.byte	0x1
 1080 033b 96       		.byte	0x96
 1081 033c 6B000000 		.4byte	0x6b
 1082 0340 D8010000 		.4byte	.LLST9
 1083 0344 14       		.uleb128 0x14
 1084 0345 2A010000 		.4byte	.LASF35
 1085 0349 01       		.byte	0x1
 1086 034a 96       		.byte	0x96
 1087 034b 6B000000 		.4byte	0x6b
 1088 034f 22020000 		.4byte	.LLST10
 1089 0353 16       		.uleb128 0x16
 1090 0354 26000000 		.4byte	.LVL39
 1091 0358 2F010000 		.4byte	0x12f
 1092 035c 16       		.uleb128 0x16
 1093 035d 34000000 		.4byte	.LVL41
 1094 0361 2F010000 		.4byte	0x12f
 1095 0365 16       		.uleb128 0x16
ARM GAS  C:\Users\ykuch\AppData\Local\Temp\ccWKyvbY.s 			page 25


 1096 0366 42000000 		.4byte	.LVL43
 1097 036a 2F010000 		.4byte	0x12f
 1098 036e 16       		.uleb128 0x16
 1099 036f 50000000 		.4byte	.LVL45
 1100 0373 2F010000 		.4byte	0x12f
 1101 0377 16       		.uleb128 0x16
 1102 0378 66000000 		.4byte	.LVL47
 1103 037c 9C020000 		.4byte	0x29c
 1104 0380 16       		.uleb128 0x16
 1105 0381 6C000000 		.4byte	.LVL49
 1106 0385 2F010000 		.4byte	0x12f
 1107 0389 00       		.byte	0
 1108 038a 0D       		.uleb128 0xd
 1109 038b CD000000 		.4byte	.LASF36
 1110 038f 01       		.byte	0x1
 1111 0390 C5       		.byte	0xc5
 1112 0391 00000000 		.4byte	.LFB37
 1113 0395 44000000 		.4byte	.LFE37-.LFB37
 1114 0399 01       		.uleb128 0x1
 1115 039a 9C       		.byte	0x9c
 1116 039b CA030000 		.4byte	0x3ca
 1117 039f 14       		.uleb128 0x14
 1118 03a0 53010000 		.4byte	.LASF37
 1119 03a4 01       		.byte	0x1
 1120 03a5 C7       		.byte	0xc7
 1121 03a6 91000000 		.4byte	0x91
 1122 03aa 6C020000 		.4byte	.LLST11
 1123 03ae 16       		.uleb128 0x16
 1124 03af 06000000 		.4byte	.LVL51
 1125 03b3 BD040000 		.4byte	0x4bd
 1126 03b7 16       		.uleb128 0x16
 1127 03b8 14000000 		.4byte	.LVL53
 1128 03bc B1040000 		.4byte	0x4b1
 1129 03c0 16       		.uleb128 0x16
 1130 03c1 34000000 		.4byte	.LVL54
 1131 03c5 02030000 		.4byte	0x302
 1132 03c9 00       		.byte	0
 1133 03ca 0D       		.uleb128 0xd
 1134 03cb 4E010000 		.4byte	.LASF38
 1135 03cf 01       		.byte	0x1
 1136 03d0 EB       		.byte	0xeb
 1137 03d1 00000000 		.4byte	.LFB38
 1138 03d5 38000000 		.4byte	.LFE38-.LFB38
 1139 03d9 01       		.uleb128 0x1
 1140 03da 9C       		.byte	0x9c
 1141 03db 09040000 		.4byte	0x409
 1142 03df 16       		.uleb128 0x16
 1143 03e0 16000000 		.4byte	.LVL56
 1144 03e4 C9040000 		.4byte	0x4c9
 1145 03e8 0E       		.uleb128 0xe
 1146 03e9 1C000000 		.4byte	.LVL57
 1147 03ed D4040000 		.4byte	0x4d4
 1148 03f1 FF030000 		.4byte	0x3ff
 1149 03f5 0F       		.uleb128 0xf
 1150 03f6 01       		.uleb128 0x1
 1151 03f7 50       		.byte	0x50
 1152 03f8 05       		.uleb128 0x5
ARM GAS  C:\Users\ykuch\AppData\Local\Temp\ccWKyvbY.s 			page 26


 1153 03f9 03       		.byte	0x3
 1154 03fa 00000000 		.4byte	TimeSlotInterrupt
 1155 03fe 00       		.byte	0
 1156 03ff 16       		.uleb128 0x16
 1157 0400 20000000 		.4byte	.LVL58
 1158 0404 DF040000 		.4byte	0x4df
 1159 0408 00       		.byte	0
 1160 0409 17       		.uleb128 0x17
 1161 040a B5010000 		.4byte	.LASF53
 1162 040e 01       		.byte	0x1
 1163 040f FF       		.byte	0xff
 1164 0410 5D000000 		.4byte	0x5d
 1165 0414 00000000 		.4byte	.LFB39
 1166 0418 20000000 		.4byte	.LFE39-.LFB39
 1167 041c 01       		.uleb128 0x1
 1168 041d 9C       		.byte	0x9c
 1169 041e 6E040000 		.4byte	0x46e
 1170 0422 0E       		.uleb128 0xe
 1171 0423 0A000000 		.4byte	.LVL59
 1172 0427 EA040000 		.4byte	0x4ea
 1173 042b 35040000 		.4byte	0x435
 1174 042f 0F       		.uleb128 0xf
 1175 0430 01       		.uleb128 0x1
 1176 0431 50       		.byte	0x50
 1177 0432 01       		.uleb128 0x1
 1178 0433 31       		.byte	0x31
 1179 0434 00       		.byte	0
 1180 0435 0E       		.uleb128 0xe
 1181 0436 10000000 		.4byte	.LVL60
 1182 043a F5040000 		.4byte	0x4f5
 1183 043e 48040000 		.4byte	0x448
 1184 0442 0F       		.uleb128 0xf
 1185 0443 01       		.uleb128 0x1
 1186 0444 50       		.byte	0x50
 1187 0445 01       		.uleb128 0x1
 1188 0446 31       		.byte	0x31
 1189 0447 00       		.byte	0
 1190 0448 0E       		.uleb128 0xe
 1191 0449 16000000 		.4byte	.LVL61
 1192 044d 00050000 		.4byte	0x500
 1193 0451 5B040000 		.4byte	0x45b
 1194 0455 0F       		.uleb128 0xf
 1195 0456 01       		.uleb128 0x1
 1196 0457 50       		.byte	0x50
 1197 0458 01       		.uleb128 0x1
 1198 0459 31       		.byte	0x31
 1199 045a 00       		.byte	0
 1200 045b 16       		.uleb128 0x16
 1201 045c 1A000000 		.4byte	.LVL62
 1202 0460 CA030000 		.4byte	0x3ca
 1203 0464 16       		.uleb128 0x16
 1204 0465 1E000000 		.4byte	.LVL63
 1205 0469 8A030000 		.4byte	0x38a
 1206 046d 00       		.byte	0
 1207 046e 05       		.uleb128 0x5
 1208 046f 24010000 		.4byte	0x124
 1209 0473 7E040000 		.4byte	0x47e
ARM GAS  C:\Users\ykuch\AppData\Local\Temp\ccWKyvbY.s 			page 27


 1210 0477 06       		.uleb128 0x6
 1211 0478 9F000000 		.4byte	0x9f
 1212 047c 03       		.byte	0x3
 1213 047d 00       		.byte	0
 1214 047e 18       		.uleb128 0x18
 1215 047f 0B030000 		.4byte	.LASF39
 1216 0483 01       		.byte	0x1
 1217 0484 22       		.byte	0x22
 1218 0485 6E040000 		.4byte	0x46e
 1219 0489 05       		.uleb128 0x5
 1220 048a 03       		.byte	0x3
 1221 048b 00000000 		.4byte	ChannelDescriptorsArray
 1222 048f 18       		.uleb128 0x18
 1223 0490 FC010000 		.4byte	.LASF40
 1224 0494 01       		.byte	0x1
 1225 0495 24       		.byte	0x24
 1226 0496 A6000000 		.4byte	0xa6
 1227 049a 05       		.uleb128 0x5
 1228 049b 03       		.byte	0x3
 1229 049c 00000000 		.4byte	UartBuffer
 1230 04a0 18       		.uleb128 0x18
 1231 04a1 F1020000 		.4byte	.LASF41
 1232 04a5 01       		.byte	0x1
 1233 04a6 26       		.byte	0x26
 1234 04a7 6B000000 		.4byte	0x6b
 1235 04ab 05       		.uleb128 0x5
 1236 04ac 03       		.byte	0x3
 1237 04ad 00000000 		.4byte	UartBufferIdx
 1238 04b1 19       		.uleb128 0x19
 1239 04b2 8E010000 		.4byte	.LASF42
 1240 04b6 8E010000 		.4byte	.LASF42
 1241 04ba 03       		.byte	0x3
 1242 04bb 4403     		.2byte	0x344
 1243 04bd 19       		.uleb128 0x19
 1244 04be 1B000000 		.4byte	.LASF43
 1245 04c2 1B000000 		.4byte	.LASF43
 1246 04c6 03       		.byte	0x3
 1247 04c7 0F03     		.2byte	0x30f
 1248 04c9 1A       		.uleb128 0x1a
 1249 04ca 00000000 		.4byte	.LASF44
 1250 04ce 00000000 		.4byte	.LASF44
 1251 04d2 04       		.byte	0x4
 1252 04d3 72       		.byte	0x72
 1253 04d4 1A       		.uleb128 0x1a
 1254 04d5 34030000 		.4byte	.LASF45
 1255 04d9 34030000 		.4byte	.LASF45
 1256 04dd 05       		.byte	0x5
 1257 04de 18       		.byte	0x18
 1258 04df 1A       		.uleb128 0x1a
 1259 04e0 0D000000 		.4byte	.LASF46
 1260 04e4 0D000000 		.4byte	.LASF46
 1261 04e8 06       		.byte	0x6
 1262 04e9 5A       		.byte	0x5a
 1263 04ea 1A       		.uleb128 0x1a
 1264 04eb 44010000 		.4byte	.LASF47
 1265 04ef 44010000 		.4byte	.LASF47
 1266 04f3 07       		.byte	0x7
ARM GAS  C:\Users\ykuch\AppData\Local\Temp\ccWKyvbY.s 			page 28


 1267 04f4 33       		.byte	0x33
 1268 04f5 1A       		.uleb128 0x1a
 1269 04f6 11020000 		.4byte	.LASF48
 1270 04fa 11020000 		.4byte	.LASF48
 1271 04fe 08       		.byte	0x8
 1272 04ff 33       		.byte	0x33
 1273 0500 1A       		.uleb128 0x1a
 1274 0501 71010000 		.4byte	.LASF49
 1275 0505 71010000 		.4byte	.LASF49
 1276 0509 09       		.byte	0x9
 1277 050a 33       		.byte	0x33
 1278 050b 00       		.byte	0
 1279              		.section	.debug_abbrev,"",%progbits
 1280              	.Ldebug_abbrev0:
 1281 0000 01       		.uleb128 0x1
 1282 0001 11       		.uleb128 0x11
 1283 0002 01       		.byte	0x1
 1284 0003 25       		.uleb128 0x25
 1285 0004 0E       		.uleb128 0xe
 1286 0005 13       		.uleb128 0x13
 1287 0006 0B       		.uleb128 0xb
 1288 0007 03       		.uleb128 0x3
 1289 0008 0E       		.uleb128 0xe
 1290 0009 1B       		.uleb128 0x1b
 1291 000a 0E       		.uleb128 0xe
 1292 000b 55       		.uleb128 0x55
 1293 000c 17       		.uleb128 0x17
 1294 000d 11       		.uleb128 0x11
 1295 000e 01       		.uleb128 0x1
 1296 000f 10       		.uleb128 0x10
 1297 0010 17       		.uleb128 0x17
 1298 0011 00       		.byte	0
 1299 0012 00       		.byte	0
 1300 0013 02       		.uleb128 0x2
 1301 0014 24       		.uleb128 0x24
 1302 0015 00       		.byte	0
 1303 0016 0B       		.uleb128 0xb
 1304 0017 0B       		.uleb128 0xb
 1305 0018 3E       		.uleb128 0x3e
 1306 0019 0B       		.uleb128 0xb
 1307 001a 03       		.uleb128 0x3
 1308 001b 0E       		.uleb128 0xe
 1309 001c 00       		.byte	0
 1310 001d 00       		.byte	0
 1311 001e 03       		.uleb128 0x3
 1312 001f 24       		.uleb128 0x24
 1313 0020 00       		.byte	0
 1314 0021 0B       		.uleb128 0xb
 1315 0022 0B       		.uleb128 0xb
 1316 0023 3E       		.uleb128 0x3e
 1317 0024 0B       		.uleb128 0xb
 1318 0025 03       		.uleb128 0x3
 1319 0026 08       		.uleb128 0x8
 1320 0027 00       		.byte	0
 1321 0028 00       		.byte	0
 1322 0029 04       		.uleb128 0x4
 1323 002a 16       		.uleb128 0x16
ARM GAS  C:\Users\ykuch\AppData\Local\Temp\ccWKyvbY.s 			page 29


 1324 002b 00       		.byte	0
 1325 002c 03       		.uleb128 0x3
 1326 002d 0E       		.uleb128 0xe
 1327 002e 3A       		.uleb128 0x3a
 1328 002f 0B       		.uleb128 0xb
 1329 0030 3B       		.uleb128 0x3b
 1330 0031 05       		.uleb128 0x5
 1331 0032 49       		.uleb128 0x49
 1332 0033 13       		.uleb128 0x13
 1333 0034 00       		.byte	0
 1334 0035 00       		.byte	0
 1335 0036 05       		.uleb128 0x5
 1336 0037 01       		.uleb128 0x1
 1337 0038 01       		.byte	0x1
 1338 0039 49       		.uleb128 0x49
 1339 003a 13       		.uleb128 0x13
 1340 003b 01       		.uleb128 0x1
 1341 003c 13       		.uleb128 0x13
 1342 003d 00       		.byte	0
 1343 003e 00       		.byte	0
 1344 003f 06       		.uleb128 0x6
 1345 0040 21       		.uleb128 0x21
 1346 0041 00       		.byte	0
 1347 0042 49       		.uleb128 0x49
 1348 0043 13       		.uleb128 0x13
 1349 0044 2F       		.uleb128 0x2f
 1350 0045 0B       		.uleb128 0xb
 1351 0046 00       		.byte	0
 1352 0047 00       		.byte	0
 1353 0048 07       		.uleb128 0x7
 1354 0049 13       		.uleb128 0x13
 1355 004a 01       		.byte	0x1
 1356 004b 0B       		.uleb128 0xb
 1357 004c 0B       		.uleb128 0xb
 1358 004d 3A       		.uleb128 0x3a
 1359 004e 0B       		.uleb128 0xb
 1360 004f 3B       		.uleb128 0x3b
 1361 0050 0B       		.uleb128 0xb
 1362 0051 01       		.uleb128 0x1
 1363 0052 13       		.uleb128 0x13
 1364 0053 00       		.byte	0
 1365 0054 00       		.byte	0
 1366 0055 08       		.uleb128 0x8
 1367 0056 0D       		.uleb128 0xd
 1368 0057 00       		.byte	0
 1369 0058 03       		.uleb128 0x3
 1370 0059 0E       		.uleb128 0xe
 1371 005a 3A       		.uleb128 0x3a
 1372 005b 0B       		.uleb128 0xb
 1373 005c 3B       		.uleb128 0x3b
 1374 005d 0B       		.uleb128 0xb
 1375 005e 49       		.uleb128 0x49
 1376 005f 13       		.uleb128 0x13
 1377 0060 38       		.uleb128 0x38
 1378 0061 0B       		.uleb128 0xb
 1379 0062 00       		.byte	0
 1380 0063 00       		.byte	0
ARM GAS  C:\Users\ykuch\AppData\Local\Temp\ccWKyvbY.s 			page 30


 1381 0064 09       		.uleb128 0x9
 1382 0065 15       		.uleb128 0x15
 1383 0066 01       		.byte	0x1
 1384 0067 27       		.uleb128 0x27
 1385 0068 19       		.uleb128 0x19
 1386 0069 01       		.uleb128 0x1
 1387 006a 13       		.uleb128 0x13
 1388 006b 00       		.byte	0
 1389 006c 00       		.byte	0
 1390 006d 0A       		.uleb128 0xa
 1391 006e 05       		.uleb128 0x5
 1392 006f 00       		.byte	0
 1393 0070 49       		.uleb128 0x49
 1394 0071 13       		.uleb128 0x13
 1395 0072 00       		.byte	0
 1396 0073 00       		.byte	0
 1397 0074 0B       		.uleb128 0xb
 1398 0075 0F       		.uleb128 0xf
 1399 0076 00       		.byte	0
 1400 0077 0B       		.uleb128 0xb
 1401 0078 0B       		.uleb128 0xb
 1402 0079 49       		.uleb128 0x49
 1403 007a 13       		.uleb128 0x13
 1404 007b 00       		.byte	0
 1405 007c 00       		.byte	0
 1406 007d 0C       		.uleb128 0xc
 1407 007e 16       		.uleb128 0x16
 1408 007f 00       		.byte	0
 1409 0080 03       		.uleb128 0x3
 1410 0081 0E       		.uleb128 0xe
 1411 0082 3A       		.uleb128 0x3a
 1412 0083 0B       		.uleb128 0xb
 1413 0084 3B       		.uleb128 0x3b
 1414 0085 0B       		.uleb128 0xb
 1415 0086 49       		.uleb128 0x49
 1416 0087 13       		.uleb128 0x13
 1417 0088 00       		.byte	0
 1418 0089 00       		.byte	0
 1419 008a 0D       		.uleb128 0xd
 1420 008b 2E       		.uleb128 0x2e
 1421 008c 01       		.byte	0x1
 1422 008d 3F       		.uleb128 0x3f
 1423 008e 19       		.uleb128 0x19
 1424 008f 03       		.uleb128 0x3
 1425 0090 0E       		.uleb128 0xe
 1426 0091 3A       		.uleb128 0x3a
 1427 0092 0B       		.uleb128 0xb
 1428 0093 3B       		.uleb128 0x3b
 1429 0094 0B       		.uleb128 0xb
 1430 0095 27       		.uleb128 0x27
 1431 0096 19       		.uleb128 0x19
 1432 0097 11       		.uleb128 0x11
 1433 0098 01       		.uleb128 0x1
 1434 0099 12       		.uleb128 0x12
 1435 009a 06       		.uleb128 0x6
 1436 009b 40       		.uleb128 0x40
 1437 009c 18       		.uleb128 0x18
ARM GAS  C:\Users\ykuch\AppData\Local\Temp\ccWKyvbY.s 			page 31


 1438 009d 9742     		.uleb128 0x2117
 1439 009f 19       		.uleb128 0x19
 1440 00a0 01       		.uleb128 0x1
 1441 00a1 13       		.uleb128 0x13
 1442 00a2 00       		.byte	0
 1443 00a3 00       		.byte	0
 1444 00a4 0E       		.uleb128 0xe
 1445 00a5 898201   		.uleb128 0x4109
 1446 00a8 01       		.byte	0x1
 1447 00a9 11       		.uleb128 0x11
 1448 00aa 01       		.uleb128 0x1
 1449 00ab 31       		.uleb128 0x31
 1450 00ac 13       		.uleb128 0x13
 1451 00ad 01       		.uleb128 0x1
 1452 00ae 13       		.uleb128 0x13
 1453 00af 00       		.byte	0
 1454 00b0 00       		.byte	0
 1455 00b1 0F       		.uleb128 0xf
 1456 00b2 8A8201   		.uleb128 0x410a
 1457 00b5 00       		.byte	0
 1458 00b6 02       		.uleb128 0x2
 1459 00b7 18       		.uleb128 0x18
 1460 00b8 9142     		.uleb128 0x2111
 1461 00ba 18       		.uleb128 0x18
 1462 00bb 00       		.byte	0
 1463 00bc 00       		.byte	0
 1464 00bd 10       		.uleb128 0x10
 1465 00be 898201   		.uleb128 0x4109
 1466 00c1 01       		.byte	0x1
 1467 00c2 11       		.uleb128 0x11
 1468 00c3 01       		.uleb128 0x1
 1469 00c4 31       		.uleb128 0x31
 1470 00c5 13       		.uleb128 0x13
 1471 00c6 00       		.byte	0
 1472 00c7 00       		.byte	0
 1473 00c8 11       		.uleb128 0x11
 1474 00c9 05       		.uleb128 0x5
 1475 00ca 00       		.byte	0
 1476 00cb 03       		.uleb128 0x3
 1477 00cc 0E       		.uleb128 0xe
 1478 00cd 3A       		.uleb128 0x3a
 1479 00ce 0B       		.uleb128 0xb
 1480 00cf 3B       		.uleb128 0x3b
 1481 00d0 0B       		.uleb128 0xb
 1482 00d1 49       		.uleb128 0x49
 1483 00d2 13       		.uleb128 0x13
 1484 00d3 02       		.uleb128 0x2
 1485 00d4 17       		.uleb128 0x17
 1486 00d5 00       		.byte	0
 1487 00d6 00       		.byte	0
 1488 00d7 12       		.uleb128 0x12
 1489 00d8 898201   		.uleb128 0x4109
 1490 00db 01       		.byte	0x1
 1491 00dc 11       		.uleb128 0x11
 1492 00dd 01       		.uleb128 0x1
 1493 00de 01       		.uleb128 0x1
 1494 00df 13       		.uleb128 0x13
ARM GAS  C:\Users\ykuch\AppData\Local\Temp\ccWKyvbY.s 			page 32


 1495 00e0 00       		.byte	0
 1496 00e1 00       		.byte	0
 1497 00e2 13       		.uleb128 0x13
 1498 00e3 898201   		.uleb128 0x4109
 1499 00e6 01       		.byte	0x1
 1500 00e7 11       		.uleb128 0x11
 1501 00e8 01       		.uleb128 0x1
 1502 00e9 00       		.byte	0
 1503 00ea 00       		.byte	0
 1504 00eb 14       		.uleb128 0x14
 1505 00ec 34       		.uleb128 0x34
 1506 00ed 00       		.byte	0
 1507 00ee 03       		.uleb128 0x3
 1508 00ef 0E       		.uleb128 0xe
 1509 00f0 3A       		.uleb128 0x3a
 1510 00f1 0B       		.uleb128 0xb
 1511 00f2 3B       		.uleb128 0x3b
 1512 00f3 0B       		.uleb128 0xb
 1513 00f4 49       		.uleb128 0x49
 1514 00f5 13       		.uleb128 0x13
 1515 00f6 02       		.uleb128 0x2
 1516 00f7 17       		.uleb128 0x17
 1517 00f8 00       		.byte	0
 1518 00f9 00       		.byte	0
 1519 00fa 15       		.uleb128 0x15
 1520 00fb 05       		.uleb128 0x5
 1521 00fc 00       		.byte	0
 1522 00fd 03       		.uleb128 0x3
 1523 00fe 08       		.uleb128 0x8
 1524 00ff 3A       		.uleb128 0x3a
 1525 0100 0B       		.uleb128 0xb
 1526 0101 3B       		.uleb128 0x3b
 1527 0102 0B       		.uleb128 0xb
 1528 0103 49       		.uleb128 0x49
 1529 0104 13       		.uleb128 0x13
 1530 0105 02       		.uleb128 0x2
 1531 0106 17       		.uleb128 0x17
 1532 0107 00       		.byte	0
 1533 0108 00       		.byte	0
 1534 0109 16       		.uleb128 0x16
 1535 010a 898201   		.uleb128 0x4109
 1536 010d 00       		.byte	0
 1537 010e 11       		.uleb128 0x11
 1538 010f 01       		.uleb128 0x1
 1539 0110 31       		.uleb128 0x31
 1540 0111 13       		.uleb128 0x13
 1541 0112 00       		.byte	0
 1542 0113 00       		.byte	0
 1543 0114 17       		.uleb128 0x17
 1544 0115 2E       		.uleb128 0x2e
 1545 0116 01       		.byte	0x1
 1546 0117 3F       		.uleb128 0x3f
 1547 0118 19       		.uleb128 0x19
 1548 0119 03       		.uleb128 0x3
 1549 011a 0E       		.uleb128 0xe
 1550 011b 3A       		.uleb128 0x3a
 1551 011c 0B       		.uleb128 0xb
ARM GAS  C:\Users\ykuch\AppData\Local\Temp\ccWKyvbY.s 			page 33


 1552 011d 3B       		.uleb128 0x3b
 1553 011e 0B       		.uleb128 0xb
 1554 011f 27       		.uleb128 0x27
 1555 0120 19       		.uleb128 0x19
 1556 0121 49       		.uleb128 0x49
 1557 0122 13       		.uleb128 0x13
 1558 0123 8701     		.uleb128 0x87
 1559 0125 19       		.uleb128 0x19
 1560 0126 11       		.uleb128 0x11
 1561 0127 01       		.uleb128 0x1
 1562 0128 12       		.uleb128 0x12
 1563 0129 06       		.uleb128 0x6
 1564 012a 40       		.uleb128 0x40
 1565 012b 18       		.uleb128 0x18
 1566 012c 9742     		.uleb128 0x2117
 1567 012e 19       		.uleb128 0x19
 1568 012f 01       		.uleb128 0x1
 1569 0130 13       		.uleb128 0x13
 1570 0131 00       		.byte	0
 1571 0132 00       		.byte	0
 1572 0133 18       		.uleb128 0x18
 1573 0134 34       		.uleb128 0x34
 1574 0135 00       		.byte	0
 1575 0136 03       		.uleb128 0x3
 1576 0137 0E       		.uleb128 0xe
 1577 0138 3A       		.uleb128 0x3a
 1578 0139 0B       		.uleb128 0xb
 1579 013a 3B       		.uleb128 0x3b
 1580 013b 0B       		.uleb128 0xb
 1581 013c 49       		.uleb128 0x49
 1582 013d 13       		.uleb128 0x13
 1583 013e 3F       		.uleb128 0x3f
 1584 013f 19       		.uleb128 0x19
 1585 0140 02       		.uleb128 0x2
 1586 0141 18       		.uleb128 0x18
 1587 0142 00       		.byte	0
 1588 0143 00       		.byte	0
 1589 0144 19       		.uleb128 0x19
 1590 0145 2E       		.uleb128 0x2e
 1591 0146 00       		.byte	0
 1592 0147 3F       		.uleb128 0x3f
 1593 0148 19       		.uleb128 0x19
 1594 0149 3C       		.uleb128 0x3c
 1595 014a 19       		.uleb128 0x19
 1596 014b 6E       		.uleb128 0x6e
 1597 014c 0E       		.uleb128 0xe
 1598 014d 03       		.uleb128 0x3
 1599 014e 0E       		.uleb128 0xe
 1600 014f 3A       		.uleb128 0x3a
 1601 0150 0B       		.uleb128 0xb
 1602 0151 3B       		.uleb128 0x3b
 1603 0152 05       		.uleb128 0x5
 1604 0153 00       		.byte	0
 1605 0154 00       		.byte	0
 1606 0155 1A       		.uleb128 0x1a
 1607 0156 2E       		.uleb128 0x2e
 1608 0157 00       		.byte	0
ARM GAS  C:\Users\ykuch\AppData\Local\Temp\ccWKyvbY.s 			page 34


 1609 0158 3F       		.uleb128 0x3f
 1610 0159 19       		.uleb128 0x19
 1611 015a 3C       		.uleb128 0x3c
 1612 015b 19       		.uleb128 0x19
 1613 015c 6E       		.uleb128 0x6e
 1614 015d 0E       		.uleb128 0xe
 1615 015e 03       		.uleb128 0x3
 1616 015f 0E       		.uleb128 0xe
 1617 0160 3A       		.uleb128 0x3a
 1618 0161 0B       		.uleb128 0xb
 1619 0162 3B       		.uleb128 0x3b
 1620 0163 0B       		.uleb128 0xb
 1621 0164 00       		.byte	0
 1622 0165 00       		.byte	0
 1623 0166 00       		.byte	0
 1624              		.section	.debug_loc,"",%progbits
 1625              	.Ldebug_loc0:
 1626              	.LLST0:
 1627 0000 00000000 		.4byte	.LVL11
 1628 0004 22000000 		.4byte	.LVL12
 1629 0008 0100     		.2byte	0x1
 1630 000a 50       		.byte	0x50
 1631 000b 22000000 		.4byte	.LVL12
 1632 000f 26000000 		.4byte	.LVL14
 1633 0013 0400     		.2byte	0x4
 1634 0015 F3       		.byte	0xf3
 1635 0016 01       		.uleb128 0x1
 1636 0017 50       		.byte	0x50
 1637 0018 9F       		.byte	0x9f
 1638 0019 26000000 		.4byte	.LVL14
 1639 001d 48000000 		.4byte	.LVL15
 1640 0021 0100     		.2byte	0x1
 1641 0023 50       		.byte	0x50
 1642 0024 48000000 		.4byte	.LVL15
 1643 0028 4C000000 		.4byte	.LVL17
 1644 002c 0400     		.2byte	0x4
 1645 002e F3       		.byte	0xf3
 1646 002f 01       		.uleb128 0x1
 1647 0030 50       		.byte	0x50
 1648 0031 9F       		.byte	0x9f
 1649 0032 4C000000 		.4byte	.LVL17
 1650 0036 6E000000 		.4byte	.LVL18
 1651 003a 0100     		.2byte	0x1
 1652 003c 50       		.byte	0x50
 1653 003d 6E000000 		.4byte	.LVL18
 1654 0041 72000000 		.4byte	.LVL20
 1655 0045 0400     		.2byte	0x4
 1656 0047 F3       		.byte	0xf3
 1657 0048 01       		.uleb128 0x1
 1658 0049 50       		.byte	0x50
 1659 004a 9F       		.byte	0x9f
 1660 004b 72000000 		.4byte	.LVL20
 1661 004f 9C000000 		.4byte	.LVL21
 1662 0053 0100     		.2byte	0x1
 1663 0055 50       		.byte	0x50
 1664 0056 9C000000 		.4byte	.LVL21
 1665 005a A4000000 		.4byte	.LFE33
ARM GAS  C:\Users\ykuch\AppData\Local\Temp\ccWKyvbY.s 			page 35


 1666 005e 0400     		.2byte	0x4
 1667 0060 F3       		.byte	0xf3
 1668 0061 01       		.uleb128 0x1
 1669 0062 50       		.byte	0x50
 1670 0063 9F       		.byte	0x9f
 1671 0064 00000000 		.4byte	0
 1672 0068 00000000 		.4byte	0
 1673              	.LLST1:
 1674 006c 02000000 		.4byte	.LVL22
 1675 0070 06000000 		.4byte	.LVL23
 1676 0074 0200     		.2byte	0x2
 1677 0076 30       		.byte	0x30
 1678 0077 9F       		.byte	0x9f
 1679 0078 06000000 		.4byte	.LVL23
 1680 007c 0E000000 		.4byte	.LVL25
 1681 0080 0100     		.2byte	0x1
 1682 0082 54       		.byte	0x54
 1683 0083 10000000 		.4byte	.LVL26
 1684 0087 14000000 		.4byte	.LVL27
 1685 008b 0100     		.2byte	0x1
 1686 008d 54       		.byte	0x54
 1687 008e 00000000 		.4byte	0
 1688 0092 00000000 		.4byte	0
 1689              	.LLST2:
 1690 0096 00000000 		.4byte	.LVL28
 1691 009a 18000000 		.4byte	.LVL30
 1692 009e 0100     		.2byte	0x1
 1693 00a0 50       		.byte	0x50
 1694 00a1 18000000 		.4byte	.LVL30
 1695 00a5 4C000000 		.4byte	.LFE35
 1696 00a9 0400     		.2byte	0x4
 1697 00ab F3       		.byte	0xf3
 1698 00ac 01       		.uleb128 0x1
 1699 00ad 50       		.byte	0x50
 1700 00ae 9F       		.byte	0x9f
 1701 00af 00000000 		.4byte	0
 1702 00b3 00000000 		.4byte	0
 1703              	.LLST3:
 1704 00b7 00000000 		.4byte	.LVL28
 1705 00bb 18000000 		.4byte	.LVL30
 1706 00bf 0100     		.2byte	0x1
 1707 00c1 51       		.byte	0x51
 1708 00c2 18000000 		.4byte	.LVL30
 1709 00c6 4C000000 		.4byte	.LFE35
 1710 00ca 0400     		.2byte	0x4
 1711 00cc F3       		.byte	0xf3
 1712 00cd 01       		.uleb128 0x1
 1713 00ce 51       		.byte	0x51
 1714 00cf 9F       		.byte	0x9f
 1715 00d0 00000000 		.4byte	0
 1716 00d4 00000000 		.4byte	0
 1717              	.LLST4:
 1718 00d8 00000000 		.4byte	.LVL28
 1719 00dc 18000000 		.4byte	.LVL30
 1720 00e0 0100     		.2byte	0x1
 1721 00e2 52       		.byte	0x52
 1722 00e3 18000000 		.4byte	.LVL30
ARM GAS  C:\Users\ykuch\AppData\Local\Temp\ccWKyvbY.s 			page 36


 1723 00e7 4C000000 		.4byte	.LFE35
 1724 00eb 0400     		.2byte	0x4
 1725 00ed F3       		.byte	0xf3
 1726 00ee 01       		.uleb128 0x1
 1727 00ef 52       		.byte	0x52
 1728 00f0 9F       		.byte	0x9f
 1729 00f1 00000000 		.4byte	0
 1730 00f5 00000000 		.4byte	0
 1731              	.LLST5:
 1732 00f9 00000000 		.4byte	.LVL28
 1733 00fd 18000000 		.4byte	.LVL30
 1734 0101 0100     		.2byte	0x1
 1735 0103 53       		.byte	0x53
 1736 0104 18000000 		.4byte	.LVL30
 1737 0108 4C000000 		.4byte	.LFE35
 1738 010c 0400     		.2byte	0x4
 1739 010e F3       		.byte	0xf3
 1740 010f 01       		.uleb128 0x1
 1741 0110 53       		.byte	0x53
 1742 0111 9F       		.byte	0x9f
 1743 0112 00000000 		.4byte	0
 1744 0116 00000000 		.4byte	0
 1745              	.LLST6:
 1746 011a 14000000 		.4byte	.LVL29
 1747 011e 18000000 		.4byte	.LVL30
 1748 0122 0200     		.2byte	0x2
 1749 0124 30       		.byte	0x30
 1750 0125 9F       		.byte	0x9f
 1751 0126 18000000 		.4byte	.LVL30
 1752 012a 3E000000 		.4byte	.LVL32
 1753 012e 0100     		.2byte	0x1
 1754 0130 54       		.byte	0x54
 1755 0131 40000000 		.4byte	.LVL33
 1756 0135 46000000 		.4byte	.LVL34
 1757 0139 0100     		.2byte	0x1
 1758 013b 54       		.byte	0x54
 1759 013c 00000000 		.4byte	0
 1760 0140 00000000 		.4byte	0
 1761              	.LLST7:
 1762 0144 1C000000 		.4byte	.LVL38
 1763 0148 25000000 		.4byte	.LVL39-1
 1764 014c 0100     		.2byte	0x1
 1765 014e 50       		.byte	0x50
 1766 014f 28000000 		.4byte	.LVL40
 1767 0153 33000000 		.4byte	.LVL41-1
 1768 0157 0100     		.2byte	0x1
 1769 0159 50       		.byte	0x50
 1770 015a 36000000 		.4byte	.LVL42
 1771 015e 41000000 		.4byte	.LVL43-1
 1772 0162 0100     		.2byte	0x1
 1773 0164 50       		.byte	0x50
 1774 0165 44000000 		.4byte	.LVL44
 1775 0169 4F000000 		.4byte	.LVL45-1
 1776 016d 0100     		.2byte	0x1
 1777 016f 50       		.byte	0x50
 1778 0170 52000000 		.4byte	.LVL46
 1779 0174 65000000 		.4byte	.LVL47-1
ARM GAS  C:\Users\ykuch\AppData\Local\Temp\ccWKyvbY.s 			page 37


 1780 0178 0100     		.2byte	0x1
 1781 017a 50       		.byte	0x50
 1782 017b 68000000 		.4byte	.LVL48
 1783 017f 6B000000 		.4byte	.LVL49-1
 1784 0183 0100     		.2byte	0x1
 1785 0185 50       		.byte	0x50
 1786 0186 00000000 		.4byte	0
 1787 018a 00000000 		.4byte	0
 1788              	.LLST8:
 1789 018e 0A000000 		.4byte	.LVL35
 1790 0192 25000000 		.4byte	.LVL39-1
 1791 0196 0100     		.2byte	0x1
 1792 0198 51       		.byte	0x51
 1793 0199 28000000 		.4byte	.LVL40
 1794 019d 33000000 		.4byte	.LVL41-1
 1795 01a1 0100     		.2byte	0x1
 1796 01a3 51       		.byte	0x51
 1797 01a4 36000000 		.4byte	.LVL42
 1798 01a8 41000000 		.4byte	.LVL43-1
 1799 01ac 0100     		.2byte	0x1
 1800 01ae 51       		.byte	0x51
 1801 01af 44000000 		.4byte	.LVL44
 1802 01b3 4F000000 		.4byte	.LVL45-1
 1803 01b7 0100     		.2byte	0x1
 1804 01b9 51       		.byte	0x51
 1805 01ba 52000000 		.4byte	.LVL46
 1806 01be 65000000 		.4byte	.LVL47-1
 1807 01c2 0100     		.2byte	0x1
 1808 01c4 51       		.byte	0x51
 1809 01c5 68000000 		.4byte	.LVL48
 1810 01c9 6B000000 		.4byte	.LVL49-1
 1811 01cd 0100     		.2byte	0x1
 1812 01cf 51       		.byte	0x51
 1813 01d0 00000000 		.4byte	0
 1814 01d4 00000000 		.4byte	0
 1815              	.LLST9:
 1816 01d8 10000000 		.4byte	.LVL36
 1817 01dc 25000000 		.4byte	.LVL39-1
 1818 01e0 0100     		.2byte	0x1
 1819 01e2 52       		.byte	0x52
 1820 01e3 28000000 		.4byte	.LVL40
 1821 01e7 33000000 		.4byte	.LVL41-1
 1822 01eb 0100     		.2byte	0x1
 1823 01ed 52       		.byte	0x52
 1824 01ee 36000000 		.4byte	.LVL42
 1825 01f2 41000000 		.4byte	.LVL43-1
 1826 01f6 0100     		.2byte	0x1
 1827 01f8 52       		.byte	0x52
 1828 01f9 44000000 		.4byte	.LVL44
 1829 01fd 4F000000 		.4byte	.LVL45-1
 1830 0201 0100     		.2byte	0x1
 1831 0203 52       		.byte	0x52
 1832 0204 52000000 		.4byte	.LVL46
 1833 0208 65000000 		.4byte	.LVL47-1
 1834 020c 0100     		.2byte	0x1
 1835 020e 52       		.byte	0x52
 1836 020f 68000000 		.4byte	.LVL48
ARM GAS  C:\Users\ykuch\AppData\Local\Temp\ccWKyvbY.s 			page 38


 1837 0213 6B000000 		.4byte	.LVL49-1
 1838 0217 0100     		.2byte	0x1
 1839 0219 52       		.byte	0x52
 1840 021a 00000000 		.4byte	0
 1841 021e 00000000 		.4byte	0
 1842              	.LLST10:
 1843 0222 16000000 		.4byte	.LVL37
 1844 0226 25000000 		.4byte	.LVL39-1
 1845 022a 0100     		.2byte	0x1
 1846 022c 53       		.byte	0x53
 1847 022d 28000000 		.4byte	.LVL40
 1848 0231 33000000 		.4byte	.LVL41-1
 1849 0235 0100     		.2byte	0x1
 1850 0237 53       		.byte	0x53
 1851 0238 36000000 		.4byte	.LVL42
 1852 023c 41000000 		.4byte	.LVL43-1
 1853 0240 0100     		.2byte	0x1
 1854 0242 53       		.byte	0x53
 1855 0243 44000000 		.4byte	.LVL44
 1856 0247 4F000000 		.4byte	.LVL45-1
 1857 024b 0100     		.2byte	0x1
 1858 024d 53       		.byte	0x53
 1859 024e 52000000 		.4byte	.LVL46
 1860 0252 65000000 		.4byte	.LVL47-1
 1861 0256 0100     		.2byte	0x1
 1862 0258 53       		.byte	0x53
 1863 0259 68000000 		.4byte	.LVL48
 1864 025d 6B000000 		.4byte	.LVL49-1
 1865 0261 0100     		.2byte	0x1
 1866 0263 53       		.byte	0x53
 1867 0264 00000000 		.4byte	0
 1868 0268 00000000 		.4byte	0
 1869              	.LLST11:
 1870 026c 02000000 		.4byte	.LVL50
 1871 0270 08000000 		.4byte	.LVL52
 1872 0274 0200     		.2byte	0x2
 1873 0276 30       		.byte	0x30
 1874 0277 9F       		.byte	0x9f
 1875 0278 08000000 		.4byte	.LVL52
 1876 027c 3A000000 		.4byte	.LVL55
 1877 0280 0100     		.2byte	0x1
 1878 0282 54       		.byte	0x54
 1879 0283 00000000 		.4byte	0
 1880 0287 00000000 		.4byte	0
 1881              		.section	.debug_aranges,"",%progbits
 1882 0000 54000000 		.4byte	0x54
 1883 0004 0200     		.2byte	0x2
 1884 0006 00000000 		.4byte	.Ldebug_info0
 1885 000a 04       		.byte	0x4
 1886 000b 00       		.byte	0
 1887 000c 0000     		.2byte	0
 1888 000e 0000     		.2byte	0
 1889 0010 00000000 		.4byte	.LFB32
 1890 0014 46000000 		.4byte	.LFE32-.LFB32
 1891 0018 00000000 		.4byte	.LFB33
 1892 001c A4000000 		.4byte	.LFE33-.LFB33
 1893 0020 00000000 		.4byte	.LFB34
ARM GAS  C:\Users\ykuch\AppData\Local\Temp\ccWKyvbY.s 			page 39


 1894 0024 16000000 		.4byte	.LFE34-.LFB34
 1895 0028 00000000 		.4byte	.LFB35
 1896 002c 4C000000 		.4byte	.LFE35-.LFB35
 1897 0030 00000000 		.4byte	.LFB36
 1898 0034 74000000 		.4byte	.LFE36-.LFB36
 1899 0038 00000000 		.4byte	.LFB37
 1900 003c 44000000 		.4byte	.LFE37-.LFB37
 1901 0040 00000000 		.4byte	.LFB38
 1902 0044 38000000 		.4byte	.LFE38-.LFB38
 1903 0048 00000000 		.4byte	.LFB39
 1904 004c 20000000 		.4byte	.LFE39-.LFB39
 1905 0050 00000000 		.4byte	0
 1906 0054 00000000 		.4byte	0
 1907              		.section	.debug_ranges,"",%progbits
 1908              	.Ldebug_ranges0:
 1909 0000 00000000 		.4byte	.LFB32
 1910 0004 46000000 		.4byte	.LFE32
 1911 0008 00000000 		.4byte	.LFB33
 1912 000c A4000000 		.4byte	.LFE33
 1913 0010 00000000 		.4byte	.LFB34
 1914 0014 16000000 		.4byte	.LFE34
 1915 0018 00000000 		.4byte	.LFB35
 1916 001c 4C000000 		.4byte	.LFE35
 1917 0020 00000000 		.4byte	.LFB36
 1918 0024 74000000 		.4byte	.LFE36
 1919 0028 00000000 		.4byte	.LFB37
 1920 002c 44000000 		.4byte	.LFE37
 1921 0030 00000000 		.4byte	.LFB38
 1922 0034 38000000 		.4byte	.LFE38
 1923 0038 00000000 		.4byte	.LFB39
 1924 003c 20000000 		.4byte	.LFE39
 1925 0040 00000000 		.4byte	0
 1926 0044 00000000 		.4byte	0
 1927              		.section	.debug_line,"",%progbits
 1928              	.Ldebug_line0:
 1929 0000 AE010000 		.section	.debug_str,"MS",%progbits,1
 1929      02009800 
 1929      00000201 
 1929      FB0E0D00 
 1929      01010101 
 1930              	.LASF44:
 1931 0000 55415254 		.ascii	"UART_1_Start\000"
 1931      5F315F53 
 1931      74617274 
 1931      00
 1932              	.LASF46:
 1933 000d 54696D65 		.ascii	"Timer_1_Start\000"
 1933      725F315F 
 1933      53746172 
 1933      7400
 1934              	.LASF43:
 1935 001b 55415254 		.ascii	"UART_1_UartGetChar\000"
 1935      5F315F55 
 1935      61727447 
 1935      65744368 
 1935      617200
 1936              	.LASF26:
ARM GAS  C:\Users\ykuch\AppData\Local\Temp\ccWKyvbY.s 			page 40


 1937 002e 54696D65 		.ascii	"TimeSlotInterrupt\000"
 1937      536C6F74 
 1937      496E7465 
 1937      72727570 
 1937      7400
 1938              	.LASF25:
 1939 0040 4368616E 		.ascii	"ChannelController\000"
 1939      6E656C43 
 1939      6F6E7472 
 1939      6F6C6C65 
 1939      7200
 1940              	.LASF23:
 1941 0052 4368616E 		.ascii	"ChannelDescriptorType\000"
 1941      6E656C44 
 1941      65736372 
 1941      6970746F 
 1941      72547970 
 1942              	.LASF30:
 1943 0068 43757272 		.ascii	"CurrentChannelNumber\000"
 1943      656E7443 
 1943      68616E6E 
 1943      656C4E75 
 1943      6D626572 
 1944              	.LASF31:
 1945 007d 4368616E 		.ascii	"ChannelIdx\000"
 1945      6E656C49 
 1945      647800
 1946              	.LASF52:
 1947 0088 433A5C50 		.ascii	"C:\\PSoC\\Kursova_6_Varik.cydsn\000"
 1947      536F435C 
 1947      4B757273 
 1947      6F76615F 
 1947      365F5661 
 1948              	.LASF22:
 1949 00a6 50696E43 		.ascii	"PinControlFunction\000"
 1949      6F6E7472 
 1949      6F6C4675 
 1949      6E637469 
 1949      6F6E00
 1950              	.LASF17:
 1951 00b9 43757272 		.ascii	"Current_H\000"
 1951      656E745F 
 1951      4800
 1952              	.LASF18:
 1953 00c3 43757272 		.ascii	"Current_L\000"
 1953      656E745F 
 1953      4C00
 1954              	.LASF36:
 1955 00cd 55617274 		.ascii	"UartDataReader\000"
 1955      44617461 
 1955      52656164 
 1955      657200
 1956              	.LASF11:
 1957 00dc 666C6F61 		.ascii	"float\000"
 1957      7400
 1958              	.LASF0:
 1959 00e2 7369676E 		.ascii	"signed char\000"
ARM GAS  C:\Users\ykuch\AppData\Local\Temp\ccWKyvbY.s 			page 41


 1959      65642063 
 1959      68617200 
 1960              	.LASF33:
 1961 00ee 56616C75 		.ascii	"ValueD\000"
 1961      654400
 1962              	.LASF1:
 1963 00f5 756E7369 		.ascii	"unsigned char\000"
 1963      676E6564 
 1963      20636861 
 1963      7200
 1964              	.LASF34:
 1965 0103 56616C75 		.ascii	"ValueH\000"
 1965      654800
 1966              	.LASF29:
 1967 010a 4368616E 		.ascii	"ChannelNumber\000"
 1967      6E656C4E 
 1967      756D6265 
 1967      7200
 1968              	.LASF5:
 1969 0118 6C6F6E67 		.ascii	"long unsigned int\000"
 1969      20756E73 
 1969      69676E65 
 1969      6420696E 
 1969      7400
 1970              	.LASF35:
 1971 012a 56616C75 		.ascii	"ValueL\000"
 1971      654C00
 1972              	.LASF3:
 1973 0131 73686F72 		.ascii	"short unsigned int\000"
 1973      7420756E 
 1973      7369676E 
 1973      65642069 
 1973      6E7400
 1974              	.LASF47:
 1975 0144 5245445F 		.ascii	"RED_Write\000"
 1975      57726974 
 1975      6500
 1976              	.LASF38:
 1977 014e 496E6974 		.ascii	"Init\000"
 1977      00
 1978              	.LASF37:
 1979 0153 43757272 		.ascii	"CurrentCharacter\000"
 1979      656E7443 
 1979      68617261 
 1979      63746572 
 1979      00
 1980              	.LASF24:
 1981 0164 4572726F 		.ascii	"Error_Return\000"
 1981      725F5265 
 1981      7475726E 
 1981      00
 1982              	.LASF49:
 1983 0171 47524545 		.ascii	"GREEN_Write\000"
 1983      4E5F5772 
 1983      69746500 
 1984              	.LASF12:
 1985 017d 646F7562 		.ascii	"double\000"
ARM GAS  C:\Users\ykuch\AppData\Local\Temp\ccWKyvbY.s 			page 42


 1985      6C6500
 1986              	.LASF2:
 1987 0184 73686F72 		.ascii	"short int\000"
 1987      7420696E 
 1987      7400
 1988              	.LASF42:
 1989 018e 55415254 		.ascii	"UART_1_SpiUartWriteTxData\000"
 1989      5F315F53 
 1989      70695561 
 1989      72745772 
 1989      69746554 
 1990              	.LASF19:
 1991 01a8 4D61785F 		.ascii	"Max_D\000"
 1991      4400
 1992              	.LASF10:
 1993 01ae 75696E74 		.ascii	"uint32\000"
 1993      333200
 1994              	.LASF53:
 1995 01b5 6D61696E 		.ascii	"main\000"
 1995      00
 1996              	.LASF8:
 1997 01ba 756E7369 		.ascii	"unsigned int\000"
 1997      676E6564 
 1997      20696E74 
 1997      00
 1998              	.LASF21:
 1999 01c7 4D61785F 		.ascii	"Max_L\000"
 1999      4C00
 2000              	.LASF7:
 2001 01cd 6C6F6E67 		.ascii	"long long unsigned int\000"
 2001      206C6F6E 
 2001      6720756E 
 2001      7369676E 
 2001      65642069 
 2002              	.LASF27:
 2003 01e4 55706461 		.ascii	"UpdateChannelDescriptor\000"
 2003      74654368 
 2003      616E6E65 
 2003      6C446573 
 2003      63726970 
 2004              	.LASF40:
 2005 01fc 55617274 		.ascii	"UartBuffer\000"
 2005      42756666 
 2005      657200
 2006              	.LASF16:
 2007 0207 43757272 		.ascii	"Current_D\000"
 2007      656E745F 
 2007      4400
 2008              	.LASF48:
 2009 0211 424C5545 		.ascii	"BLUE_Write\000"
 2009      5F577269 
 2009      746500
 2010              	.LASF50:
 2011 021c 474E5520 		.ascii	"GNU C11 5.4.1 20160609 (release) [ARM/embedded-5-br"
 2011      43313120 
 2011      352E342E 
 2011      31203230 
ARM GAS  C:\Users\ykuch\AppData\Local\Temp\ccWKyvbY.s 			page 43


 2011      31363036 
 2012 024f 616E6368 		.ascii	"anch revision 237715] -mcpu=cortex-m0 -mthumb -g -O"
 2012      20726576 
 2012      6973696F 
 2012      6E203233 
 2012      37373135 
 2013 0282 67202D66 		.ascii	"g -ffunction-sections -ffat-lto-objects\000"
 2013      66756E63 
 2013      74696F6E 
 2013      2D736563 
 2013      74696F6E 
 2014              	.LASF15:
 2015 02aa 73697A65 		.ascii	"sizetype\000"
 2015      74797065 
 2015      00
 2016              	.LASF6:
 2017 02b3 6C6F6E67 		.ascii	"long long int\000"
 2017      206C6F6E 
 2017      6720696E 
 2017      7400
 2018              	.LASF51:
 2019 02c1 6D61696E 		.ascii	"main.c\000"
 2019      2E6300
 2020              	.LASF13:
 2021 02c8 63686172 		.ascii	"char\000"
 2021      00
 2022              	.LASF28:
 2023 02cd 4368616E 		.ascii	"Channel_Number\000"
 2023      6E656C5F 
 2023      4E756D62 
 2023      657200
 2024              	.LASF20:
 2025 02dc 4D61785F 		.ascii	"Max_H\000"
 2025      4800
 2026              	.LASF9:
 2027 02e2 75696E74 		.ascii	"uint8\000"
 2027      3800
 2028              	.LASF4:
 2029 02e8 6C6F6E67 		.ascii	"long int\000"
 2029      20696E74 
 2029      00
 2030              	.LASF41:
 2031 02f1 55617274 		.ascii	"UartBufferIdx\000"
 2031      42756666 
 2031      65724964 
 2031      7800
 2032              	.LASF14:
 2033 02ff 6C6F6E67 		.ascii	"long double\000"
 2033      20646F75 
 2033      626C6500 
 2034              	.LASF39:
 2035 030b 4368616E 		.ascii	"ChannelDescriptorsArray\000"
 2035      6E656C44 
 2035      65736372 
 2035      6970746F 
 2035      72734172 
 2036              	.LASF32:
ARM GAS  C:\Users\ykuch\AppData\Local\Temp\ccWKyvbY.s 			page 44


 2037 0323 55617274 		.ascii	"UartBufferParser\000"
 2037      42756666 
 2037      65725061 
 2037      72736572 
 2037      00
 2038              	.LASF45:
 2039 0334 6973725F 		.ascii	"isr_1_StartEx\000"
 2039      315F5374 
 2039      61727445 
 2039      7800
 2040              		.ident	"GCC: (GNU Tools for ARM Embedded Processors) 5.4.1 20160609 (release) [ARM/embedded-5-bran
