Loading plugins phase: Elapsed time ==> 0s.261ms
<CYPRESSTAG name="CyDsfit arguments...">
cydsfit arguments: -.fdsnotice -.fdswarpdepfile=warp_dependencies.txt -.fdselabdepfile=elab_dependencies.txt -.fdsbldfile=generated_files.txt -.fdsreffile=referenced_files.txt -p C:\PSoC\Psoc\Lab_8.1\Design01.cydsn\Design01.cyprj -d CY8C4245AXI-483 -s C:\PSoC\Psoc\Lab_8.1\Design01.cydsn\Generated_Source\PSoC4 -- -yv2 -q10 -ygs -o2 -v3 -.fftcfgtype=LE
</CYPRESSTAG>
<CYPRESSTAG name="Design elaboration results...">
</CYPRESSTAG>
Elaboration phase: Elapsed time ==> 2s.257ms
<CYPRESSTAG name="HDL generation results...">
</CYPRESSTAG>
HDL generation phase: Elapsed time ==> 0s.049ms
<CYPRESSTAG name="Synthesis results...">

     | | | | | | |
   _________________
  -|               |-
  -|               |-
  -|               |-
  -|    CYPRESS    |-
  -|               |-
  -|               |-   Warp Verilog Synthesis Compiler: Version 6.3 IR 41
  -|               |-   Copyright (C) 1991-2001 Cypress Semiconductor
   |_______________|
     | | | | | | |

======================================================================
Compiling:  Design01.v
Program  :   C:\Program Files (x86)\Cypress\PSoC Creator\4.4\PSoC Creator\warp\bin\warp.exe
Options  :    -yv2 -q10 -ygs -o2 -v3 -.fftcfgtype=LE -ya -.fftprj=C:\PSoC\Psoc\Lab_8.1\Design01.cydsn\Design01.cyprj -dcpsoc3 Design01.v -verilog
======================================================================

======================================================================
Compiling:  Design01.v
Program  :   C:\Program Files (x86)\Cypress\PSoC Creator\4.4\PSoC Creator\warp\bin\warp.exe
Options  :    -yv2 -q10 -ygs -o2 -v3 -.fftcfgtype=LE -ya -.fftprj=C:\PSoC\Psoc\Lab_8.1\Design01.cydsn\Design01.cyprj -dcpsoc3 Design01.v -verilog
======================================================================

======================================================================
Compiling:  Design01.v
Program  :   vlogfe
Options  :    -yv2 -q10 -ygs -o2 -v3 -.fftcfgtype=LE -ya -.fftprj=C:\PSoC\Psoc\Lab_8.1\Design01.cydsn\Design01.cyprj -dcpsoc3 -verilog Design01.v
======================================================================

vlogfe V6.3 IR 41:  Verilog parser
Tue Nov 22 15:05:02 2022


======================================================================
Compiling:  Design01.v
Program  :   vpp
Options  :    -yv2 -q10 Design01.v
======================================================================

vpp V6.3 IR 41:  Verilog Pre-Processor
Tue Nov 22 15:05:02 2022

Flattening file 'C:\Program Files (x86)\Cypress\PSoC Creator\4.4\PSoC Creator\psoc\content\CyPrimitives\cyprimitives.cylib\ZeroTerminal\ZeroTerminal.v'
Flattening file 'C:\Program Files (x86)\Cypress\PSoC Creator\4.4\PSoC Creator\psoc\content\CyComponentLibrary\CyComponentLibrary.cylib\B_Timer_v2_80\B_Timer_v2_80.v'
Flattening file 'C:\Program Files (x86)\Cypress\PSoC Creator\4.4\PSoC Creator\warp\lib\common\cypress.v'
Flattening file 'C:\Program Files (x86)\Cypress\PSoC Creator\4.4\PSoC Creator\warp\lib\common\cy_psoc3_inc.v'
Flattening file 'C:\Program Files (x86)\Cypress\PSoC Creator\4.4\PSoC Creator\psoc\content\CyPrimitives\cyprimitives.cylib\cy_virtualmux_v1_0\cy_virtualmux_v1_0.v'
Flattening file 'C:\Program Files (x86)\Cypress\PSoC Creator\4.4\PSoC Creator\psoc\content\CyPrimitives\cyprimitives.cylib\or_v1_0\or_v1_0.v'
Flattening file 'C:\Program Files (x86)\Cypress\PSoC Creator\4.4\PSoC Creator\psoc\content\CyPrimitives\cyprimitives.cylib\OneTerminal\OneTerminal.v'

vpp:  No errors.

Library 'work' => directory 'lcpsoc3'
General_symbol_table
General_symbol_table
Linking 'C:\Program Files (x86)\Cypress\PSoC Creator\4.4\PSoC Creator\warp\lib\common\std.vhd'.
Linking 'C:\Program Files (x86)\Cypress\PSoC Creator\4.4\PSoC Creator\warp\lib\common\cypress.vhd'.
Linking 'C:\Program Files (x86)\Cypress\PSoC Creator\4.4\PSoC Creator\warp\lib\common\work\cypress.vif'.
Linking 'C:\Program Files (x86)\Cypress\PSoC Creator\4.4\PSoC Creator\warp\lib\ieee\work\stdlogic.vif'.
Linking 'C:\Program Files (x86)\Cypress\PSoC Creator\4.4\PSoC Creator\warp\lib\common\stdlogic\lpmpkg.vif'.
Linking 'C:\Program Files (x86)\Cypress\PSoC Creator\4.4\PSoC Creator\warp\lib\common\stdlogic\rtlpkg.vif'.
Linking 'C:\Program Files (x86)\Cypress\PSoC Creator\4.4\PSoC Creator\warp\lib\common\stdlogic\mod_cnst.vif'.
Linking 'C:\Program Files (x86)\Cypress\PSoC Creator\4.4\PSoC Creator\warp\lib\common\stdlogic\mod_mthv.vif'.
Linking 'C:\Program Files (x86)\Cypress\PSoC Creator\4.4\PSoC Creator\warp\lib\common\stdlogic\mod_genv.vif'.
Using control file 'Design01.ctl'.
C:\Program Files (x86)\Cypress\PSoC Creator\4.4\PSoC Creator\psoc\content\CyComponentLibrary\CyComponentLibrary.cylib\B_Timer_v2_80\B_Timer_v2_80.v (line 368, col 46):  Note: Substituting module 'cmp_vv_vv' for '='.
C:\Program Files (x86)\Cypress\PSoC Creator\4.4\PSoC Creator\psoc\content\CyComponentLibrary\CyComponentLibrary.cylib\B_Timer_v2_80\B_Timer_v2_80.v (line 374, col 62):  Note: Substituting module 'add_vv_vv' for '+'.
Linking 'C:\Program Files (x86)\Cypress\PSoC Creator\4.4\PSoC Creator\warp\lib\common\stdlogic\cy_psoc3pkg.vif'.
Linking 'C:\Program Files (x86)\Cypress\PSoC Creator\4.4\PSoC Creator\warp\lib\common\stdlogic\cy_psoc3.vif'.

vlogfe:  No errors.


======================================================================
Compiling:  Design01.v
Program  :   tovif
Options  :    -yv2 -q10 -ygs -o2 -v3 -.fftcfgtype=LE -ya -.fftprj=C:\PSoC\Psoc\Lab_8.1\Design01.cydsn\Design01.cyprj -dcpsoc3 -verilog Design01.v
======================================================================

tovif V6.3 IR 41:  High-level synthesis
Tue Nov 22 15:05:03 2022

Linking 'C:\Program Files (x86)\Cypress\PSoC Creator\4.4\PSoC Creator\warp\lib\common\std.vhd'.
Linking 'C:\Program Files (x86)\Cypress\PSoC Creator\4.4\PSoC Creator\warp\lib\common\cypress.vhd'.
Linking 'C:\Program Files (x86)\Cypress\PSoC Creator\4.4\PSoC Creator\warp\lib\common\work\cypress.vif'.
Linking 'C:\Program Files (x86)\Cypress\PSoC Creator\4.4\PSoC Creator\warp\lib\ieee\work\stdlogic.vif'.
Linking 'C:\Program Files (x86)\Cypress\PSoC Creator\4.4\PSoC Creator\warp\lib\common\stdlogic\lpmpkg.vif'.
Linking 'C:\Program Files (x86)\Cypress\PSoC Creator\4.4\PSoC Creator\warp\lib\common\stdlogic\rtlpkg.vif'.
Linking 'C:\Program Files (x86)\Cypress\PSoC Creator\4.4\PSoC Creator\warp\lib\common\stdlogic\mod_cnst.vif'.
Linking 'C:\Program Files (x86)\Cypress\PSoC Creator\4.4\PSoC Creator\warp\lib\common\stdlogic\mod_mthv.vif'.
Linking 'C:\Program Files (x86)\Cypress\PSoC Creator\4.4\PSoC Creator\warp\lib\common\stdlogic\mod_genv.vif'.
Linking 'C:\PSoC\Psoc\Lab_8.1\Design01.cydsn\codegentemp\Design01.ctl'.
Linking 'C:\Program Files (x86)\Cypress\PSoC Creator\4.4\PSoC Creator\psoc\content\CyPrimitives\cyprimitives.cylib\ZeroTerminal\ZeroTerminal.v'.
Linking 'C:\PSoC\Psoc\Lab_8.1\Design01.cydsn\codegentemp\Design01.v'.
Linking 'C:\Program Files (x86)\Cypress\PSoC Creator\4.4\PSoC Creator\psoc\content\CyComponentLibrary\CyComponentLibrary.cylib\B_Timer_v2_80\B_Timer_v2_80.v'.
Linking 'C:\Program Files (x86)\Cypress\PSoC Creator\4.4\PSoC Creator\warp\lib\common\cypress.v'.
Linking 'C:\Program Files (x86)\Cypress\PSoC Creator\4.4\PSoC Creator\warp\lib\common\cy_psoc3_inc.v'.
Linking 'C:\Program Files (x86)\Cypress\PSoC Creator\4.4\PSoC Creator\psoc\content\CyPrimitives\cyprimitives.cylib\cy_virtualmux_v1_0\cy_virtualmux_v1_0.v'.
Linking 'C:\Program Files (x86)\Cypress\PSoC Creator\4.4\PSoC Creator\psoc\content\CyPrimitives\cyprimitives.cylib\or_v1_0\or_v1_0.v'.
Linking 'C:\Program Files (x86)\Cypress\PSoC Creator\4.4\PSoC Creator\psoc\content\CyPrimitives\cyprimitives.cylib\OneTerminal\OneTerminal.v'.
Linking 'C:\Program Files (x86)\Cypress\PSoC Creator\4.4\PSoC Creator\warp\lib\common\stdlogic\cy_psoc3pkg.vif'.
Linking 'C:\Program Files (x86)\Cypress\PSoC Creator\4.4\PSoC Creator\warp\lib\common\stdlogic\cy_psoc3.vif'.

tovif:  No errors.


======================================================================
Compiling:  Design01.v
Program  :   topld
Options  :    -yv2 -q10 -ygs -o2 -v3 -.fftcfgtype=LE -ya -.fftprj=C:\PSoC\Psoc\Lab_8.1\Design01.cydsn\Design01.cyprj -dcpsoc3 -verilog Design01.v
======================================================================

topld V6.3 IR 41:  Synthesis and optimization
Tue Nov 22 15:05:03 2022

Linking 'C:\Program Files (x86)\Cypress\PSoC Creator\4.4\PSoC Creator\warp\lib\common\std.vhd'.
Linking 'C:\Program Files (x86)\Cypress\PSoC Creator\4.4\PSoC Creator\warp\lib\common\cypress.vhd'.
Linking 'C:\Program Files (x86)\Cypress\PSoC Creator\4.4\PSoC Creator\warp\lib\common\work\cypress.vif'.
Linking 'C:\Program Files (x86)\Cypress\PSoC Creator\4.4\PSoC Creator\warp\lib\ieee\work\stdlogic.vif'.
Linking 'C:\Program Files (x86)\Cypress\PSoC Creator\4.4\PSoC Creator\warp\lib\common\stdlogic\lpmpkg.vif'.
Linking 'C:\Program Files (x86)\Cypress\PSoC Creator\4.4\PSoC Creator\warp\lib\common\stdlogic\rtlpkg.vif'.
Linking 'C:\Program Files (x86)\Cypress\PSoC Creator\4.4\PSoC Creator\warp\lib\common\stdlogic\mod_cnst.vif'.
Linking 'C:\Program Files (x86)\Cypress\PSoC Creator\4.4\PSoC Creator\warp\lib\common\stdlogic\mod_mthv.vif'.
Linking 'C:\Program Files (x86)\Cypress\PSoC Creator\4.4\PSoC Creator\warp\lib\common\stdlogic\mod_genv.vif'.
Linking 'C:\PSoC\Psoc\Lab_8.1\Design01.cydsn\codegentemp\Design01.ctl'.
Linking 'C:\Program Files (x86)\Cypress\PSoC Creator\4.4\PSoC Creator\psoc\content\CyPrimitives\cyprimitives.cylib\ZeroTerminal\ZeroTerminal.v'.
Linking 'C:\PSoC\Psoc\Lab_8.1\Design01.cydsn\codegentemp\Design01.v'.
Linking 'C:\Program Files (x86)\Cypress\PSoC Creator\4.4\PSoC Creator\psoc\content\CyComponentLibrary\CyComponentLibrary.cylib\B_Timer_v2_80\B_Timer_v2_80.v'.
Linking 'C:\Program Files (x86)\Cypress\PSoC Creator\4.4\PSoC Creator\warp\lib\common\cypress.v'.
Linking 'C:\Program Files (x86)\Cypress\PSoC Creator\4.4\PSoC Creator\warp\lib\common\cy_psoc3_inc.v'.
Linking 'C:\Program Files (x86)\Cypress\PSoC Creator\4.4\PSoC Creator\psoc\content\CyPrimitives\cyprimitives.cylib\cy_virtualmux_v1_0\cy_virtualmux_v1_0.v'.
Linking 'C:\Program Files (x86)\Cypress\PSoC Creator\4.4\PSoC Creator\psoc\content\CyPrimitives\cyprimitives.cylib\or_v1_0\or_v1_0.v'.
Linking 'C:\Program Files (x86)\Cypress\PSoC Creator\4.4\PSoC Creator\psoc\content\CyPrimitives\cyprimitives.cylib\OneTerminal\OneTerminal.v'.
Linking 'C:\Program Files (x86)\Cypress\PSoC Creator\4.4\PSoC Creator\warp\lib\common\stdlogic\cy_psoc3pkg.vif'.
Linking 'C:\Program Files (x86)\Cypress\PSoC Creator\4.4\PSoC Creator\warp\lib\common\stdlogic\cy_psoc3.vif'.
Linking 'C:\Program Files (x86)\Cypress\PSoC Creator\4.4\PSoC Creator\warp\lib\lcpsoc3\stdlogic\cpsoc3.vif'.

----------------------------------------------------------
Detecting unused logic.
----------------------------------------------------------
    User names
	\Timer_Signal_1:TimerUDB:ctrl_ten\
	\Timer_Signal_1:TimerUDB:ctrl_cmode_0\
	\Timer_Signal_1:TimerUDB:ctrl_tmode_1\
	\Timer_Signal_1:TimerUDB:ctrl_tmode_0\
	\Timer_Signal_1:TimerUDB:ctrl_ic_1\
	\Timer_Signal_1:TimerUDB:ctrl_ic_0\
	Net_4
	\Timer_Signal_1:TimerUDB:zeros_3\
	\Timer_Signal_1:TimerUDB:zeros_2\
	\UART:Net_1257\
	\UART:uncfg_rx_irq\
	\UART:Net_1099\
	\UART:Net_1258\
	Net_21
	Net_22
	Net_23
	Net_24
	Net_25
	Net_26
	Net_27
	Net_30
	Net_31
	Net_38
	\Timer_Signal_2:TimerUDB:ctrl_ten\
	\Timer_Signal_2:TimerUDB:ctrl_cmode_0\
	\Timer_Signal_2:TimerUDB:ctrl_tmode_1\
	\Timer_Signal_2:TimerUDB:ctrl_tmode_0\
	\Timer_Signal_2:TimerUDB:ctrl_ic_1\
	\Timer_Signal_2:TimerUDB:ctrl_ic_0\
	Net_85
	\Timer_Signal_2:TimerUDB:zeros_3\
	\Timer_Signal_2:TimerUDB:zeros_2\


Deleted 32 User equations/components.
Deleted 0 Synthesized equations/components.

------------------------------------------------------
Alias Detection
------------------------------------------------------
Aliasing zero to Net_12
Aliasing \Timer_Signal_1:TimerUDB:ctrl_cmode_1\ to Net_12
Aliasing \Timer_Signal_1:TimerUDB:trigger_enable\ to one
Aliasing \Timer_Signal_1:TimerUDB:status_6\ to Net_12
Aliasing \Timer_Signal_1:TimerUDB:status_5\ to Net_12
Aliasing \Timer_Signal_1:TimerUDB:status_4\ to Net_12
Aliasing \Timer_Signal_1:TimerUDB:status_0\ to \Timer_Signal_1:TimerUDB:tc_i\
Aliasing \UART:select_s_wire\ to Net_12
Aliasing \UART:sclk_s_wire\ to Net_12
Aliasing \UART:mosi_s_wire\ to Net_12
Aliasing \UART:miso_m_wire\ to Net_12
Aliasing \UART:tmpOE__tx_net_0\ to one
Aliasing \UART:tmpOE__rx_net_0\ to one
Aliasing \UART:cts_wire\ to Net_12
Aliasing \IDAC:Net_3\ to one
Aliasing tmpOE__Pin_1_net_0 to one
Aliasing \Timer_Signal_2:TimerUDB:ctrl_cmode_1\ to Net_12
Aliasing \Timer_Signal_2:TimerUDB:trigger_enable\ to one
Aliasing \Timer_Signal_2:TimerUDB:status_6\ to Net_12
Aliasing \Timer_Signal_2:TimerUDB:status_5\ to Net_12
Aliasing \Timer_Signal_2:TimerUDB:status_4\ to Net_12
Aliasing \Timer_Signal_2:TimerUDB:status_0\ to \Timer_Signal_2:TimerUDB:tc_i\
Aliasing Net_56 to Net_12
Aliasing \Timer_Signal_1:TimerUDB:capture_last\\D\ to Net_12
Aliasing \Timer_Signal_1:TimerUDB:hwEnable_reg\\D\ to \Timer_Signal_1:TimerUDB:run_mode\
Aliasing \Timer_Signal_1:TimerUDB:capture_out_reg_i\\D\ to \Timer_Signal_1:TimerUDB:capt_fifo_load_int\
Aliasing \Timer_Signal_2:TimerUDB:capture_last\\D\ to Net_12
Aliasing \Timer_Signal_2:TimerUDB:hwEnable_reg\\D\ to \Timer_Signal_2:TimerUDB:run_mode\
Aliasing \Timer_Signal_2:TimerUDB:capture_out_reg_i\\D\ to \Timer_Signal_2:TimerUDB:capt_fifo_load_int\
Removing Rhs of wire Net_1[1] = \Timer_Signal_1:TimerUDB:tc_reg_i\[38]
Removing Lhs of wire zero[11] = Net_12[4]
Removing Lhs of wire \Timer_Signal_1:TimerUDB:ctrl_enable\[20] = \Timer_Signal_1:TimerUDB:control_7\[12]
Removing Lhs of wire \Timer_Signal_1:TimerUDB:ctrl_cmode_1\[22] = Net_12[4]
Removing Rhs of wire \Timer_Signal_1:TimerUDB:timer_enable\[31] = \Timer_Signal_1:TimerUDB:runmode_enable\[43]
Removing Rhs of wire \Timer_Signal_1:TimerUDB:run_mode\[32] = \Timer_Signal_1:TimerUDB:hwEnable\[33]
Removing Lhs of wire \Timer_Signal_1:TimerUDB:run_mode\[32] = \Timer_Signal_1:TimerUDB:control_7\[12]
Removing Lhs of wire \Timer_Signal_1:TimerUDB:trigger_enable\[35] = one[6]
Removing Lhs of wire \Timer_Signal_1:TimerUDB:tc_i\[37] = \Timer_Signal_1:TimerUDB:status_tc\[34]
Removing Lhs of wire \Timer_Signal_1:TimerUDB:capt_fifo_load_int\[42] = \Timer_Signal_1:TimerUDB:capt_fifo_load\[30]
Removing Lhs of wire \Timer_Signal_1:TimerUDB:status_6\[45] = Net_12[4]
Removing Lhs of wire \Timer_Signal_1:TimerUDB:status_5\[46] = Net_12[4]
Removing Lhs of wire \Timer_Signal_1:TimerUDB:status_4\[47] = Net_12[4]
Removing Lhs of wire \Timer_Signal_1:TimerUDB:status_0\[48] = \Timer_Signal_1:TimerUDB:status_tc\[34]
Removing Lhs of wire \Timer_Signal_1:TimerUDB:status_1\[49] = \Timer_Signal_1:TimerUDB:capt_fifo_load\[30]
Removing Rhs of wire \Timer_Signal_1:TimerUDB:status_2\[50] = \Timer_Signal_1:TimerUDB:fifo_full\[51]
Removing Rhs of wire \Timer_Signal_1:TimerUDB:status_3\[52] = \Timer_Signal_1:TimerUDB:fifo_nempty\[53]
Removing Lhs of wire \Timer_Signal_1:TimerUDB:cs_addr_2\[56] = Net_12[4]
Removing Lhs of wire \Timer_Signal_1:TimerUDB:cs_addr_1\[57] = \Timer_Signal_1:TimerUDB:trig_reg\[44]
Removing Lhs of wire \Timer_Signal_1:TimerUDB:cs_addr_0\[58] = \Timer_Signal_1:TimerUDB:per_zero\[36]
Removing Lhs of wire \UART:select_s_wire\[141] = Net_12[4]
Removing Rhs of wire \UART:rx_wire\[142] = \UART:Net_1268\[143]
Removing Lhs of wire \UART:Net_1170\[146] = \UART:Net_847\[140]
Removing Lhs of wire \UART:sclk_s_wire\[147] = Net_12[4]
Removing Lhs of wire \UART:mosi_s_wire\[148] = Net_12[4]
Removing Lhs of wire \UART:miso_m_wire\[149] = Net_12[4]
Removing Lhs of wire \UART:tmpOE__tx_net_0\[151] = one[6]
Removing Lhs of wire \UART:tmpOE__rx_net_0\[160] = one[6]
Removing Lhs of wire \UART:cts_wire\[164] = Net_12[4]
Removing Lhs of wire \IDAC:Net_3\[192] = one[6]
Removing Lhs of wire tmpOE__Pin_1_net_0[194] = one[6]
Removing Lhs of wire \Timer_Signal_2:TimerUDB:ctrl_enable\[213] = \Timer_Signal_2:TimerUDB:control_7\[205]
Removing Lhs of wire \Timer_Signal_2:TimerUDB:ctrl_cmode_1\[215] = Net_12[4]
Removing Rhs of wire \Timer_Signal_2:TimerUDB:timer_enable\[224] = \Timer_Signal_2:TimerUDB:runmode_enable\[237]
Removing Rhs of wire \Timer_Signal_2:TimerUDB:run_mode\[225] = \Timer_Signal_2:TimerUDB:hwEnable\[226]
Removing Lhs of wire \Timer_Signal_2:TimerUDB:run_mode\[225] = \Timer_Signal_2:TimerUDB:control_7\[205]
Removing Lhs of wire \Timer_Signal_2:TimerUDB:trigger_enable\[228] = one[6]
Removing Lhs of wire \Timer_Signal_2:TimerUDB:tc_i\[230] = \Timer_Signal_2:TimerUDB:status_tc\[227]
Removing Rhs of wire Net_81[233] = \Timer_Signal_2:TimerUDB:tc_reg_i\[231]
Removing Lhs of wire \Timer_Signal_2:TimerUDB:capt_fifo_load_int\[236] = \Timer_Signal_2:TimerUDB:capt_fifo_load\[223]
Removing Lhs of wire \Timer_Signal_2:TimerUDB:status_6\[239] = Net_12[4]
Removing Lhs of wire \Timer_Signal_2:TimerUDB:status_5\[240] = Net_12[4]
Removing Lhs of wire \Timer_Signal_2:TimerUDB:status_4\[241] = Net_12[4]
Removing Lhs of wire \Timer_Signal_2:TimerUDB:status_0\[242] = \Timer_Signal_2:TimerUDB:status_tc\[227]
Removing Lhs of wire \Timer_Signal_2:TimerUDB:status_1\[243] = \Timer_Signal_2:TimerUDB:capt_fifo_load\[223]
Removing Rhs of wire \Timer_Signal_2:TimerUDB:status_2\[244] = \Timer_Signal_2:TimerUDB:fifo_full\[245]
Removing Rhs of wire \Timer_Signal_2:TimerUDB:status_3\[246] = \Timer_Signal_2:TimerUDB:fifo_nempty\[247]
Removing Lhs of wire Net_56[249] = Net_12[4]
Removing Lhs of wire \Timer_Signal_2:TimerUDB:cs_addr_2\[251] = Net_12[4]
Removing Lhs of wire \Timer_Signal_2:TimerUDB:cs_addr_1\[252] = \Timer_Signal_2:TimerUDB:trig_reg\[238]
Removing Lhs of wire \Timer_Signal_2:TimerUDB:cs_addr_0\[253] = \Timer_Signal_2:TimerUDB:per_zero\[229]
Removing Lhs of wire \Timer_Signal_1:TimerUDB:capture_last\\D\[336] = Net_12[4]
Removing Lhs of wire \Timer_Signal_1:TimerUDB:tc_reg_i\\D\[337] = \Timer_Signal_1:TimerUDB:status_tc\[34]
Removing Lhs of wire \Timer_Signal_1:TimerUDB:hwEnable_reg\\D\[338] = \Timer_Signal_1:TimerUDB:control_7\[12]
Removing Lhs of wire \Timer_Signal_1:TimerUDB:capture_out_reg_i\\D\[339] = \Timer_Signal_1:TimerUDB:capt_fifo_load\[30]
Removing Lhs of wire \Timer_Signal_2:TimerUDB:capture_last\\D\[340] = Net_12[4]
Removing Lhs of wire \Timer_Signal_2:TimerUDB:tc_reg_i\\D\[341] = \Timer_Signal_2:TimerUDB:status_tc\[227]
Removing Lhs of wire \Timer_Signal_2:TimerUDB:hwEnable_reg\\D\[342] = \Timer_Signal_2:TimerUDB:control_7\[205]
Removing Lhs of wire \Timer_Signal_2:TimerUDB:capture_out_reg_i\\D\[343] = \Timer_Signal_2:TimerUDB:capt_fifo_load\[223]

------------------------------------------------------
Aliased 0 equations, 59 wires.
------------------------------------------------------

----------------------------------------------------------
Circuit simplification
----------------------------------------------------------

Substituting virtuals - pass 1:

Note:  Expanding virtual equation for 'Net_12' (cost = 0):
Net_12 <=  ('0') ;

Note:  Expanding virtual equation for 'one' (cost = 0):
one <=  ('1') ;

Note:  Expanding virtual equation for '\Timer_Signal_1:TimerUDB:fifo_load_polarized\' (cost = 0):
\Timer_Signal_1:TimerUDB:fifo_load_polarized\ <=  ('0') ;

Note:  Expanding virtual equation for '\Timer_Signal_1:TimerUDB:timer_enable\' (cost = 0):
\Timer_Signal_1:TimerUDB:timer_enable\ <= (\Timer_Signal_1:TimerUDB:control_7\);

Note:  Expanding virtual equation for '\Timer_Signal_2:TimerUDB:fifo_load_polarized\' (cost = 0):
\Timer_Signal_2:TimerUDB:fifo_load_polarized\ <=  ('0') ;

Note:  Expanding virtual equation for '\Timer_Signal_2:TimerUDB:timer_enable\' (cost = 0):
\Timer_Signal_2:TimerUDB:timer_enable\ <= (\Timer_Signal_2:TimerUDB:control_7\);


Substituting virtuals - pass 2:


----------------------------------------------------------
Circuit simplification results:

	Expanded 6 signals.
	Turned 0 signals into soft nodes.
	Maximum default expansion cost was set at 3.
----------------------------------------------------------

------------------------------------------------------
Alias Detection
------------------------------------------------------
Aliasing \Timer_Signal_1:TimerUDB:capt_fifo_load\ to Net_12
Aliasing \Timer_Signal_2:TimerUDB:capt_fifo_load\ to Net_12
Removing Lhs of wire \Timer_Signal_1:TimerUDB:capt_fifo_load\[30] = Net_12[4]
Removing Lhs of wire \Timer_Signal_1:TimerUDB:trig_reg\[44] = \Timer_Signal_1:TimerUDB:control_7\[12]
Removing Lhs of wire \Timer_Signal_2:TimerUDB:capt_fifo_load\[223] = Net_12[4]
Removing Lhs of wire \Timer_Signal_2:TimerUDB:trig_reg\[238] = \Timer_Signal_2:TimerUDB:control_7\[205]

------------------------------------------------------
Aliased 0 equations, 4 wires.
------------------------------------------------------

----------------------------------------------------------
Circuit simplification
----------------------------------------------------------

Eliminating unused logic - pass 1:


Eliminating unused logic - pass 2:


Substituting virtuals - pass 1:


----------------------------------------------------------
Circuit simplification results:

	Expanded 0 signals.
	Turned 0 signals into soft nodes.
	Maximum default expansion cost was set at 3.
----------------------------------------------------------

topld:  No errors.

CYPRESS_DIR    : C:\Program Files (x86)\Cypress\PSoC Creator\4.4\PSoC Creator\warp
Warp Program   : C:\Program Files (x86)\Cypress\PSoC Creator\4.4\PSoC Creator\warp\bin\warp.exe
Warp Arguments : -yv2 -q10 -ygs -o2 -v3 -.fftcfgtype=LE -ya -.fftprj=C:\PSoC\Psoc\Lab_8.1\Design01.cydsn\Design01.cyprj -dcpsoc3 Design01.v -verilog
</CYPRESSTAG>
Warp synthesis phase: Elapsed time ==> 1s.185ms
<CYPRESSTAG name="Fitter results...">
<CYPRESSTAG name="Fitter startup details...">
cyp3fit: V4.4.0.80, Family: PSoC3, Started at: Tuesday, 22 November 2022 15:05:03
Options: -yv2 -q10 -ygs -o2 -v3 -.fftcfgtype=LE -ya -.fftprj=C:\PSoC\Psoc\Lab_8.1\Design01.cydsn\Design01.cyprj -d CY8C4245AXI-483 Design01.v -verilog
</CYPRESSTAG>
<CYPRESSTAG name="Design parsing">
Design parsing phase: Elapsed time ==> 0s.015ms
</CYPRESSTAG>
<CYPRESSTAG name="Tech Mapping">
<CYPRESSTAG name="Initial Mapping" icon="FILE_RPT_TECHM">
    Converted constant MacroCell: \Timer_Signal_1:TimerUDB:capture_last\ from registered to combinatorial
    Converted constant MacroCell: \Timer_Signal_1:TimerUDB:capture_out_reg_i\ from registered to combinatorial
    Converted constant MacroCell: \Timer_Signal_2:TimerUDB:capture_last\ from registered to combinatorial
    Converted constant MacroCell: \Timer_Signal_2:TimerUDB:capture_out_reg_i\ from registered to combinatorial
Assigning clock timer_clock to clock HFClk because it is a pass-through
Assigning clock timer_clock_1 to clock HFClk because it is a pass-through

Removing unused cells resulting from optimization
Done removing unused cells.
<CYPRESSTAG name="Global Clock Selection" icon="FILE_RPT_TECHM">
    Fixed Function Clock 2: Automatic-assigning  clock 'UART_SCBCLK'. Signal=\UART:Net_847_ff2\
<CYPRESSTAG name="UDB Clock/Enable Remapping Results">
    UDB Clk/Enable \Timer_Signal_1:TimerUDB:clock_enable_block\: with output requested to be synchronous
        ClockIn: HFClk was determined to be a global clock that is synchronous to HFClk
        EnableIn: Constant 1 was determined to be synchronous to ClockIn
        ClockOut: HFClk, EnableOut: Constant 1
    UDB Clk/Enable \Timer_Signal_1:TimerUDB:sCTRLReg:SyncCtl:cy_psoc3_udb_Ctl_Clk_Sync\: with output requested to be synchronous
        ClockIn: HFClk was determined to be a global clock that is synchronous to HFClk
        EnableIn: Constant 1 was determined to be synchronous to ClockIn
        ClockOut: HFClk, EnableOut: Constant 1
    UDB Clk/Enable \Timer_Signal_2:TimerUDB:clock_enable_block\: with output requested to be synchronous
        ClockIn: HFClk was determined to be a global clock that is synchronous to HFClk
        EnableIn: Constant 1 was determined to be synchronous to ClockIn
        ClockOut: HFClk, EnableOut: Constant 1
    UDB Clk/Enable \Timer_Signal_2:TimerUDB:sCTRLReg:SyncCtl:cy_psoc3_udb_Ctl_Clk_Sync\: with output requested to be synchronous
        ClockIn: HFClk was determined to be a global clock that is synchronous to HFClk
        EnableIn: Constant 1 was determined to be synchronous to ClockIn
        ClockOut: HFClk, EnableOut: Constant 1
</CYPRESSTAG>
</CYPRESSTAG>

Removing unused cells resulting from optimization
Done removing unused cells.
<CYPRESSTAG name="Duplicate Macrocell detection">
</CYPRESSTAG>
</CYPRESSTAG>
<CYPRESSTAG name="Duplicate Macrocell detection">
</CYPRESSTAG>
<CYPRESSTAG name="Design Equations" icon="FILE_RPT_EQUATION">

------------------------------------------------------------
Design Equations
------------------------------------------------------------
    <CYPRESSTAG name="Pin listing">

    ------------------------------------------------------------
    Pin listing
    ------------------------------------------------------------

    Pin : Name = \UART:tx(0)\
        Attributes:
            In Group/Port: True
            In Sync Option: NOSYNC
            Out Sync Option: NOSYNC
            Interrupt generated: False
            Interrupt mode: NONE
            Drive mode: CMOS_OUT
            VTrip: CMOS
            Slew: FAST
            Input Sync needed: False
            Output Sync needed: False
            SC shield enabled: False
            POR State: ANY
            LCD Mode: COMMON
            Register Mode: RegComb
            CaSense Mode: NEITHER
            Treat as pin: True
            Is OE Registered: False
            Uses Analog: False
            Can contain Digital: True
            Is SIO: False
            SIO Output Buf: NONREGULATED
            SIO Input Buf: SINGLE_ENDED
            SIO HiFreq: LOW
            SIO Hyst: DISABLED
            SIO Vtrip: MULTIPLIER_0_5
            SIO Multiplier Index: 0
            SIO RefSel: VCC_IO
            Required Capabilities: DIGITAL
            Initial Value: 1
            IO Voltage: 0
        PORT MAP (
            pa_out => \UART:tx(0)\__PA ,
            pin_input => \UART:tx_wire\ ,
            pad => \UART:tx(0)_PAD\ );
        Properties:
        {
        }

    Pin : Name = \UART:rx(0)\
        Attributes:
            In Group/Port: True
            In Sync Option: NOSYNC
            Out Sync Option: AUTO
            Interrupt generated: False
            Interrupt mode: NONE
            Drive mode: HI_Z_DIGITAL
            VTrip: CMOS
            Slew: FAST
            Input Sync needed: False
            Output Sync needed: False
            SC shield enabled: False
            POR State: ANY
            LCD Mode: COMMON
            Register Mode: RegComb
            CaSense Mode: NEITHER
            Treat as pin: True
            Is OE Registered: False
            Uses Analog: False
            Can contain Digital: True
            Is SIO: False
            SIO Output Buf: NONREGULATED
            SIO Input Buf: SINGLE_ENDED
            SIO HiFreq: LOW
            SIO Hyst: DISABLED
            SIO Vtrip: MULTIPLIER_0_5
            SIO Multiplier Index: 0
            SIO RefSel: VCC_IO
            Required Capabilities: DIGITAL
            Initial Value: 0
            IO Voltage: 0
        PORT MAP (
            pa_out => \UART:rx(0)\__PA ,
            fb => \UART:rx_wire\ ,
            pad => \UART:rx(0)_PAD\ );
        Properties:
        {
        }

    Pin : Name = Pin_1(0)
        Attributes:
            In Group/Port: True
            In Sync Option: AUTO
            Out Sync Option: AUTO
            Interrupt generated: False
            Interrupt mode: NONE
            Drive mode: HI_Z_ANALOG
            VTrip: EITHER
            Slew: FAST
            Input Sync needed: False
            Output Sync needed: False
            SC shield enabled: False
            POR State: ANY
            LCD Mode: COMMON
            Register Mode: RegComb
            CaSense Mode: NEITHER
            Treat as pin: True
            Is OE Registered: False
            Uses Analog: True
            Can contain Digital: False
            Is SIO: False
            SIO Output Buf: NONREGULATED
            SIO Input Buf: SINGLE_ENDED
            SIO HiFreq: LOW
            SIO Hyst: DISABLED
            SIO Vtrip: MULTIPLIER_0_5
            SIO Multiplier Index: 0
            SIO RefSel: VCC_IO
            Required Capabilities: ANALOG
            Initial Value: 1
            IO Voltage: 0
        PORT MAP (
            pa_out => Pin_1(0)__PA ,
            analog_term => Net_66 ,
            pad => Pin_1(0)_PAD );
        Properties:
        {
        }
    </CYPRESSTAG>
    <CYPRESSTAG name="Macrocell listing" icon="FILE_RPT_EQUATION">

    ------------------------------------------------------------
    Macrocell listing
    ------------------------------------------------------------

    MacroCell: Name=\Timer_Signal_1:TimerUDB:status_tc\, Mode=(Combinatorial)
        Total # of inputs        : 2
        Total # of product terms : 1
            Clock Enable: True
        Main Equation            : 1 pterm
        (
              \Timer_Signal_1:TimerUDB:control_7\ * 
              \Timer_Signal_1:TimerUDB:per_zero\
        );
        Output = \Timer_Signal_1:TimerUDB:status_tc\ (fanout=1)

    MacroCell: Name=\Timer_Signal_2:TimerUDB:status_tc\, Mode=(Combinatorial)
        Total # of inputs        : 2
        Total # of product terms : 1
            Clock Enable: True
        Main Equation            : 1 pterm
        (
              \Timer_Signal_2:TimerUDB:control_7\ * 
              \Timer_Signal_2:TimerUDB:per_zero\
        );
        Output = \Timer_Signal_2:TimerUDB:status_tc\ (fanout=1)

    MacroCell: Name=__ONE__, Mode=(Combinatorial)
        Total # of inputs        : 0
        Total # of product terms : 0
            Clock Enable: True
        Main Equation            : 0 pterms
        !(
            0
        );
        Output = __ONE__ (fanout=1)

    MacroCell: Name=Net_1, Mode=(D-Register)
        Total # of inputs        : 2
        Total # of product terms : 1
        List of special equations: 
            Clock  = (ClockBlock_HFClk) => Global
            Clock Enable: True
        Main Equation            : 1 pterm
        (
              \Timer_Signal_1:TimerUDB:control_7\ * 
              \Timer_Signal_1:TimerUDB:per_zero\
        );
        Output = Net_1 (fanout=1)

    MacroCell: Name=Net_81, Mode=(D-Register)
        Total # of inputs        : 2
        Total # of product terms : 1
        List of special equations: 
            Clock  = (ClockBlock_HFClk) => Global
            Clock Enable: True
        Main Equation            : 1 pterm
        (
              \Timer_Signal_2:TimerUDB:control_7\ * 
              \Timer_Signal_2:TimerUDB:per_zero\
        );
        Output = Net_81 (fanout=1)
    </CYPRESSTAG>
    <CYPRESSTAG name="Datapath listing">

    ------------------------------------------------------------
    Datapath listing
    ------------------------------------------------------------

    datapathcell: Name =\Timer_Signal_1:TimerUDB:sT16:timerdp:u0\
        PORT MAP (
            clock => ClockBlock_HFClk ,
            cs_addr_1 => \Timer_Signal_1:TimerUDB:control_7\ ,
            cs_addr_0 => \Timer_Signal_1:TimerUDB:per_zero\ ,
            chain_out => \Timer_Signal_1:TimerUDB:sT16:timerdp:carry\ );
        Properties:
        {
            a0_init = "00000000"
            a1_init = "00000000"
            ce0_sync = 1
            ce1_sync = 1
            cl0_sync = 1
            cl1_sync = 1
            cmsb_sync = 1
            co_msb_sync = 1
            cy_dpconfig = "0000000001000000000000000100000001000000010000000000000010000000000000001000000000000000100000000000000010000000000000001000000011111111000000001111111111111111000000000000000000000001000000000000000000011000"
            d0_init = "00000000"
            d1_init = "00000000"
            f0_blk_sync = 1
            f0_bus_sync = 1
            f1_blk_sync = 1
            f1_bus_sync = 1
            ff0_sync = 1
            ff1_sync = 1
            ov_msb_sync = 1
            so_sync = 1
            z0_sync = 1
            z1_sync = 1
        }
        Clock Polarity: Active High
        Clock Enable: True
        Next in chain : \Timer_Signal_1:TimerUDB:sT16:timerdp:u1\

    datapathcell: Name =\Timer_Signal_1:TimerUDB:sT16:timerdp:u1\
        PORT MAP (
            clock => ClockBlock_HFClk ,
            cs_addr_1 => \Timer_Signal_1:TimerUDB:control_7\ ,
            cs_addr_0 => \Timer_Signal_1:TimerUDB:per_zero\ ,
            z0_comb => \Timer_Signal_1:TimerUDB:per_zero\ ,
            f0_bus_stat_comb => \Timer_Signal_1:TimerUDB:status_3\ ,
            f0_blk_stat_comb => \Timer_Signal_1:TimerUDB:status_2\ ,
            chain_in => \Timer_Signal_1:TimerUDB:sT16:timerdp:carry\ );
        Properties:
        {
            a0_init = "00000000"
            a1_init = "00000000"
            ce0_sync = 1
            ce1_sync = 1
            cl0_sync = 1
            cl1_sync = 1
            cmsb_sync = 1
            co_msb_sync = 1
            cy_dpconfig = "0000000001000000000000000100000001000000010000000000000010000000000000001000000000000000100000000000000010000000000000001000000011111111000000001111111111111111100000110000000000000001000000110000000000011000"
            d0_init = "00000000"
            d1_init = "00000000"
            f0_blk_sync = 1
            f0_bus_sync = 1
            f1_blk_sync = 1
            f1_bus_sync = 1
            ff0_sync = 1
            ff1_sync = 1
            ov_msb_sync = 1
            so_sync = 1
            z0_sync = 1
            z1_sync = 1
        }
        Clock Polarity: Active High
        Clock Enable: True
        Previous in chain : \Timer_Signal_1:TimerUDB:sT16:timerdp:u0\

    datapathcell: Name =\Timer_Signal_2:TimerUDB:sT16:timerdp:u0\
        PORT MAP (
            clock => ClockBlock_HFClk ,
            cs_addr_1 => \Timer_Signal_2:TimerUDB:control_7\ ,
            cs_addr_0 => \Timer_Signal_2:TimerUDB:per_zero\ ,
            chain_out => \Timer_Signal_2:TimerUDB:sT16:timerdp:carry\ );
        Properties:
        {
            a0_init = "00000000"
            a1_init = "00000000"
            ce0_sync = 1
            ce1_sync = 1
            cl0_sync = 1
            cl1_sync = 1
            cmsb_sync = 1
            co_msb_sync = 1
            cy_dpconfig = "0000000001000000000000000100000001000000010000000000000010000000000000001000000000000000100000000000000010000000000000001000000011111111000000001111111111111111000000000000000000000001000000000000000000011000"
            d0_init = "00000000"
            d1_init = "00000000"
            f0_blk_sync = 1
            f0_bus_sync = 1
            f1_blk_sync = 1
            f1_bus_sync = 1
            ff0_sync = 1
            ff1_sync = 1
            ov_msb_sync = 1
            so_sync = 1
            z0_sync = 1
            z1_sync = 1
        }
        Clock Polarity: Active High
        Clock Enable: True
        Next in chain : \Timer_Signal_2:TimerUDB:sT16:timerdp:u1\

    datapathcell: Name =\Timer_Signal_2:TimerUDB:sT16:timerdp:u1\
        PORT MAP (
            clock => ClockBlock_HFClk ,
            cs_addr_1 => \Timer_Signal_2:TimerUDB:control_7\ ,
            cs_addr_0 => \Timer_Signal_2:TimerUDB:per_zero\ ,
            z0_comb => \Timer_Signal_2:TimerUDB:per_zero\ ,
            f0_bus_stat_comb => \Timer_Signal_2:TimerUDB:status_3\ ,
            f0_blk_stat_comb => \Timer_Signal_2:TimerUDB:status_2\ ,
            chain_in => \Timer_Signal_2:TimerUDB:sT16:timerdp:carry\ );
        Properties:
        {
            a0_init = "00000000"
            a1_init = "00000000"
            ce0_sync = 1
            ce1_sync = 1
            cl0_sync = 1
            cl1_sync = 1
            cmsb_sync = 1
            co_msb_sync = 1
            cy_dpconfig = "0000000001000000000000000100000001000000010000000000000010000000000000001000000000000000100000000000000010000000000000001000000011111111000000001111111111111111100000110000000000000001000000110000000000011000"
            d0_init = "00000000"
            d1_init = "00000000"
            f0_blk_sync = 1
            f0_bus_sync = 1
            f1_blk_sync = 1
            f1_bus_sync = 1
            ff0_sync = 1
            ff1_sync = 1
            ov_msb_sync = 1
            so_sync = 1
            z0_sync = 1
            z1_sync = 1
        }
        Clock Polarity: Active High
        Clock Enable: True
        Previous in chain : \Timer_Signal_2:TimerUDB:sT16:timerdp:u0\
    </CYPRESSTAG>
    <CYPRESSTAG name="Status register listing">
    </CYPRESSTAG>
    <CYPRESSTAG name="StatusI register listing">

    ------------------------------------------------------------
    StatusI register listing
    ------------------------------------------------------------

    statusicell: Name =\Timer_Signal_1:TimerUDB:rstSts:stsreg\
        PORT MAP (
            clock => ClockBlock_HFClk ,
            status_3 => \Timer_Signal_1:TimerUDB:status_3\ ,
            status_2 => \Timer_Signal_1:TimerUDB:status_2\ ,
            status_0 => \Timer_Signal_1:TimerUDB:status_tc\ );
        Properties:
        {
            cy_force_order = 1
            cy_int_mask = "1111111"
            cy_md_select = "0000011"
        }
        Clock Polarity: Active High
        Clock Enable: True

    statusicell: Name =\Timer_Signal_2:TimerUDB:rstSts:stsreg\
        PORT MAP (
            clock => ClockBlock_HFClk ,
            status_3 => \Timer_Signal_2:TimerUDB:status_3\ ,
            status_2 => \Timer_Signal_2:TimerUDB:status_2\ ,
            status_0 => \Timer_Signal_2:TimerUDB:status_tc\ );
        Properties:
        {
            cy_force_order = 1
            cy_int_mask = "1111111"
            cy_md_select = "0000011"
        }
        Clock Polarity: Active High
        Clock Enable: True
    </CYPRESSTAG>
    <CYPRESSTAG name="Sync listing">
    </CYPRESSTAG>
    <CYPRESSTAG name="Control register listing">

    ------------------------------------------------------------
    Control register listing
    ------------------------------------------------------------

    controlcell: Name =\Timer_Signal_1:TimerUDB:sCTRLReg:SyncCtl:ctrlreg\
        PORT MAP (
            clock => ClockBlock_HFClk ,
            control_7 => \Timer_Signal_1:TimerUDB:control_7\ ,
            control_6 => \Timer_Signal_1:TimerUDB:control_6\ ,
            control_5 => \Timer_Signal_1:TimerUDB:control_5\ ,
            control_4 => \Timer_Signal_1:TimerUDB:control_4\ ,
            control_3 => \Timer_Signal_1:TimerUDB:control_3\ ,
            control_2 => \Timer_Signal_1:TimerUDB:control_2\ ,
            control_1 => \Timer_Signal_1:TimerUDB:control_1\ ,
            control_0 => \Timer_Signal_1:TimerUDB:control_0\ );
        Properties:
        {
            cy_ctrl_mode_0 = "11111111"
            cy_ctrl_mode_1 = "00000000"
            cy_ext_reset = 0
            cy_force_order = 1
            cy_init_value = "00000000"
        }
        Clock Polarity: Active High
        Clock Enable: True

    controlcell: Name =\Timer_Signal_2:TimerUDB:sCTRLReg:SyncCtl:ctrlreg\
        PORT MAP (
            clock => ClockBlock_HFClk ,
            control_7 => \Timer_Signal_2:TimerUDB:control_7\ ,
            control_6 => \Timer_Signal_2:TimerUDB:control_6\ ,
            control_5 => \Timer_Signal_2:TimerUDB:control_5\ ,
            control_4 => \Timer_Signal_2:TimerUDB:control_4\ ,
            control_3 => \Timer_Signal_2:TimerUDB:control_3\ ,
            control_2 => \Timer_Signal_2:TimerUDB:control_2\ ,
            control_1 => \Timer_Signal_2:TimerUDB:control_1\ ,
            control_0 => \Timer_Signal_2:TimerUDB:control_0\ );
        Properties:
        {
            cy_ctrl_mode_0 = "11111111"
            cy_ctrl_mode_1 = "00000000"
            cy_ext_reset = 0
            cy_force_order = 1
            cy_init_value = "00000000"
        }
        Clock Polarity: Active High
        Clock Enable: True
    </CYPRESSTAG>
    <CYPRESSTAG name="Count7 listing">
    </CYPRESSTAG>
    <CYPRESSTAG name="DRQ listing">
    </CYPRESSTAG>
    <CYPRESSTAG name="Interrupt listing">

    ------------------------------------------------------------
    Interrupt listing
    ------------------------------------------------------------

    interrupt: Name =ISR_Signal_1
        PORT MAP (
            interrupt => Net_1 );
        Properties:
        {
            int_type = "10"
            is_nmi = 0
        }

    interrupt: Name =ISR_Signal_2
        PORT MAP (
            interrupt => Net_81 );
        Properties:
        {
            int_type = "10"
            is_nmi = 0
        }
    </CYPRESSTAG>
</CYPRESSTAG>
<CYPRESSTAG name="Technology mapping summary" expanded>

------------------------------------------------------------
Technology mapping summary
------------------------------------------------------------

Resource Type                 : Used : Free :  Max :  % Used
============================================================
Digital Clocks                :    0 :    4 :    4 :  0.00 %
Interrupts                    :    2 :   30 :   32 :  6.25 %
IO                            :    5 :   31 :   36 : 13.89 %
Segment LCD                   :    0 :    1 :    1 :  0.00 %
CapSense                      :    0 :    1 :    1 :  0.00 %
Die Temp                      :    0 :    1 :    1 :  0.00 %
Serial Communication (SCB)    :    1 :    1 :    2 : 50.00 %
Timer/Counter/PWM             :    0 :    4 :    4 :  0.00 %
UDB                           :      :      :      :        
  Macrocells                  :    5 :   27 :   32 : 15.63 %
  Unique P-terms              :    2 :   62 :   64 :  3.13 %
  Total P-terms               :    4 :      :      :        
  Datapath Cells              :    4 :    0 :    4 : 100.00 %
  Status Cells                :    2 :    2 :    4 : 50.00 %
    StatusI Registers         :    2 :      :      :        
  Control Cells               :    2 :    2 :    4 : 50.00 %
    Control Registers         :    2 :      :      :        
Comparator/Opamp              :    0 :    2 :    2 :  0.00 %
LP Comparator                 :    0 :    2 :    2 :  0.00 %
SAR ADC                       :    0 :    1 :    1 :  0.00 %
DAC                           :      :      :      :        
  7-bit IDAC                  :    0 :    1 :    1 :  0.00 %
  8-bit IDAC                  :    1 :    0 :    1 : 100.00 %
</CYPRESSTAG>
Technology Mapping: Elapsed time ==> 0s.075ms
Tech Mapping phase: Elapsed time ==> 0s.102ms
</CYPRESSTAG>
<CYPRESSTAG name="Analog Placement">
<CYPRESSTAG name="FFB & IO Pre Placement">
<CYPRESSTAG name="Placement" icon="FILE_RPT_PLACEMENT">

Cell                                : Block                              
=========================================================================
\UART:tx(0)\                        : [IOP=(0)][IoId=(5)]                
\UART:rx(0)\                        : [IOP=(0)][IoId=(4)]                
Pin_1(0)                            : [IOP=(3)][IoId=(1)]                
ClockGenBlock                       : CLK_GEN_[FFB(CLK_GEN,0)]           
\UART:SCB\                          : SCB_[FFB(SCB,1)]                   
\IDAC:cy_psoc4_idac\                : CSIDAC8_[FFB(CSIDAC8,0)]           

</CYPRESSTAG>
</CYPRESSTAG>
<CYPRESSTAG name="Real Analog Placement">
Elapsed time ==> 0.1942991s
</CYPRESSTAG>
Analog Placement phase: Elapsed time ==> 0s.436ms
</CYPRESSTAG>
<CYPRESSTAG name="Analog Routing">
<CYPRESSTAG name="Analog Routing">
Route success=True, Iterations=1 Elapsed=0.0024677 secs
</CYPRESSTAG>
Analog Routing phase: Elapsed time ==> 0s.003ms
</CYPRESSTAG>
<CYPRESSTAG name="Analog Code Generation">
============ Analog Final Answer Routes ============
Dump of CyAnalogRoutingResultsDB
Map of net to items {
  Net: Net_66 {
    idac0_out
    swhv_1
    amuxbusa
    P3_P41
    p3_1
  }
}
Map of item to net {
  idac0_out                                        -> Net_66
  swhv_1                                           -> Net_66
  amuxbusa                                         -> Net_66
  P3_P41                                           -> Net_66
  p3_1                                             -> Net_66
}
Mux Info {
}
Analog Code Generation phase: Elapsed time ==> 0s.024ms
</CYPRESSTAG>
<CYPRESSTAG name="Digital Placement">
<CYPRESSTAG name="Detailed placement messages">
I2076: Total run-time: 0.5 sec.

</CYPRESSTAG>
<CYPRESSTAG name="PLD Packing">
<CYPRESSTAG name="PLD Packing Summary" expanded>

------------------------------------------------------------
PLD Packing Summary
------------------------------------------------------------
            Resource Type : Used : Free :  Max :  % Used
    ====================================================
                     PLDs :    2 :    6 :    8 :  25.00%

<CYPRESSTAG name="PLD Statistics">

        PLD Resource Type :     Average/LAB
    =======================================
                   Inputs :            2.00
                   Pterms :            1.00
               Macrocells :            2.50
</CYPRESSTAG>
<CYPRESSTAG name="Packed PLD Contents">
Packed PLD Contents not displayed at this verbose level.</CYPRESSTAG>
</CYPRESSTAG>
PLD Packing: Elapsed time ==> 0s.000ms
</CYPRESSTAG>
<CYPRESSTAG name="Partitioning">
<CYPRESSTAG name="Initial Partitioning Summary">
Initial Partitioning Summary not displayed at this verbose level.</CYPRESSTAG>
<CYPRESSTAG name="Final Partitioning Summary">
Final Partitioning Summary not displayed at this verbose level.</CYPRESSTAG>
Partitioning: Elapsed time ==> 0s.017ms
</CYPRESSTAG>
<CYPRESSTAG name="Final Placement Summary">

------------------------------------------------------------
Final Placement Summary
------------------------------------------------------------

       Resource Type :      Count : Avg Inputs : Avg Outputs
    ========================================================
                 UDB :          4 :       1.00 :       1.25
<CYPRESSTAG name="Final Placement Details">
<CYPRESSTAG name="Component Details">

------------------------------------------------------------
Component Placement Details
------------------------------------------------------------
UDB [UDB=(0,0)] contents:
LAB@[UDB=(0,0)][LB=0] #macrocells=3, #inputs=2, #pterms=1
{
    [McSlotId=0]:     MacroCell: Name=Net_1, Mode=(D-Register) @ [UDB=(0,0)][LB=0][MC=0]
        Total # of inputs        : 2
        Total # of product terms : 1
        List of special equations: 
            Clock  = (ClockBlock_HFClk) => Global
            Clock Enable: True
        Main Equation            : 1 pterm
        (
              \Timer_Signal_1:TimerUDB:control_7\ * 
              \Timer_Signal_1:TimerUDB:per_zero\
        );
        Output = Net_1 (fanout=1)
        Properties               : 
        {
        }

    [McSlotId=1]:     MacroCell: Name=\Timer_Signal_1:TimerUDB:status_tc\, Mode=(Combinatorial) @ [UDB=(0,0)][LB=0][MC=1]
        Total # of inputs        : 2
        Total # of product terms : 1
            Clock Enable: True
        Main Equation            : 1 pterm
        (
              \Timer_Signal_1:TimerUDB:control_7\ * 
              \Timer_Signal_1:TimerUDB:per_zero\
        );
        Output = \Timer_Signal_1:TimerUDB:status_tc\ (fanout=1)
        Properties               : 
        {
        }

    [McSlotId=2]:     MacroCell: Name=__ONE__, Mode=(Combinatorial) @ [UDB=(0,0)][LB=0][MC=2]
        Total # of inputs        : 0
        Total # of product terms : 0
            Clock Enable: True
        Main Equation            : 0 pterms
        !(
            0
        );
        Output = __ONE__ (fanout=2)
        Properties               : 
        {
        }

    [McSlotId=3]: (empty)
}

datapathcell: Name =\Timer_Signal_1:TimerUDB:sT16:timerdp:u1\
    PORT MAP (
        clock => ClockBlock_HFClk ,
        cs_addr_1 => \Timer_Signal_1:TimerUDB:control_7\ ,
        cs_addr_0 => \Timer_Signal_1:TimerUDB:per_zero\ ,
        z0_comb => \Timer_Signal_1:TimerUDB:per_zero\ ,
        f0_bus_stat_comb => \Timer_Signal_1:TimerUDB:status_3\ ,
        f0_blk_stat_comb => \Timer_Signal_1:TimerUDB:status_2\ ,
        chain_in => \Timer_Signal_1:TimerUDB:sT16:timerdp:carry\ );
    Properties:
    {
        a0_init = "00000000"
        a1_init = "00000000"
        ce0_sync = 1
        ce1_sync = 1
        cl0_sync = 1
        cl1_sync = 1
        cmsb_sync = 1
        co_msb_sync = 1
        cy_dpconfig = "0000000001000000000000000100000001000000010000000000000010000000000000001000000000000000100000000000000010000000000000001000000011111111000000001111111111111111100000110000000000000001000000110000000000011000"
        d0_init = "00000000"
        d1_init = "00000000"
        f0_blk_sync = 1
        f0_bus_sync = 1
        f1_blk_sync = 1
        f1_bus_sync = 1
        ff0_sync = 1
        ff1_sync = 1
        ov_msb_sync = 1
        so_sync = 1
        z0_sync = 1
        z1_sync = 1
    }
    Clock Polarity: Active High
    Clock Enable: True
    Previous in chain : \Timer_Signal_1:TimerUDB:sT16:timerdp:u0\

statusicell: Name =\Timer_Signal_1:TimerUDB:rstSts:stsreg\
    PORT MAP (
        clock => ClockBlock_HFClk ,
        status_3 => \Timer_Signal_1:TimerUDB:status_3\ ,
        status_2 => \Timer_Signal_1:TimerUDB:status_2\ ,
        status_0 => \Timer_Signal_1:TimerUDB:status_tc\ );
    Properties:
    {
        cy_force_order = 1
        cy_int_mask = "1111111"
        cy_md_select = "0000011"
    }
    Clock Polarity: Active High
    Clock Enable: True

controlcell: Name =\Timer_Signal_1:TimerUDB:sCTRLReg:SyncCtl:ctrlreg\
    PORT MAP (
        clock => ClockBlock_HFClk ,
        control_7 => \Timer_Signal_1:TimerUDB:control_7\ ,
        control_6 => \Timer_Signal_1:TimerUDB:control_6\ ,
        control_5 => \Timer_Signal_1:TimerUDB:control_5\ ,
        control_4 => \Timer_Signal_1:TimerUDB:control_4\ ,
        control_3 => \Timer_Signal_1:TimerUDB:control_3\ ,
        control_2 => \Timer_Signal_1:TimerUDB:control_2\ ,
        control_1 => \Timer_Signal_1:TimerUDB:control_1\ ,
        control_0 => \Timer_Signal_1:TimerUDB:control_0\ );
    Properties:
    {
        cy_ctrl_mode_0 = "11111111"
        cy_ctrl_mode_1 = "00000000"
        cy_ext_reset = 0
        cy_force_order = 1
        cy_init_value = "00000000"
    }
    Clock Polarity: Active High
    Clock Enable: True

UDB [UDB=(0,1)] contents:
datapathcell: Name =\Timer_Signal_2:TimerUDB:sT16:timerdp:u0\
    PORT MAP (
        clock => ClockBlock_HFClk ,
        cs_addr_1 => \Timer_Signal_2:TimerUDB:control_7\ ,
        cs_addr_0 => \Timer_Signal_2:TimerUDB:per_zero\ ,
        chain_out => \Timer_Signal_2:TimerUDB:sT16:timerdp:carry\ );
    Properties:
    {
        a0_init = "00000000"
        a1_init = "00000000"
        ce0_sync = 1
        ce1_sync = 1
        cl0_sync = 1
        cl1_sync = 1
        cmsb_sync = 1
        co_msb_sync = 1
        cy_dpconfig = "0000000001000000000000000100000001000000010000000000000010000000000000001000000000000000100000000000000010000000000000001000000011111111000000001111111111111111000000000000000000000001000000000000000000011000"
        d0_init = "00000000"
        d1_init = "00000000"
        f0_blk_sync = 1
        f0_bus_sync = 1
        f1_blk_sync = 1
        f1_bus_sync = 1
        ff0_sync = 1
        ff1_sync = 1
        ov_msb_sync = 1
        so_sync = 1
        z0_sync = 1
        z1_sync = 1
    }
    Clock Polarity: Active High
    Clock Enable: True
    Next in chain : \Timer_Signal_2:TimerUDB:sT16:timerdp:u1\

UDB [UDB=(1,0)] contents:
datapathcell: Name =\Timer_Signal_1:TimerUDB:sT16:timerdp:u0\
    PORT MAP (
        clock => ClockBlock_HFClk ,
        cs_addr_1 => \Timer_Signal_1:TimerUDB:control_7\ ,
        cs_addr_0 => \Timer_Signal_1:TimerUDB:per_zero\ ,
        chain_out => \Timer_Signal_1:TimerUDB:sT16:timerdp:carry\ );
    Properties:
    {
        a0_init = "00000000"
        a1_init = "00000000"
        ce0_sync = 1
        ce1_sync = 1
        cl0_sync = 1
        cl1_sync = 1
        cmsb_sync = 1
        co_msb_sync = 1
        cy_dpconfig = "0000000001000000000000000100000001000000010000000000000010000000000000001000000000000000100000000000000010000000000000001000000011111111000000001111111111111111000000000000000000000001000000000000000000011000"
        d0_init = "00000000"
        d1_init = "00000000"
        f0_blk_sync = 1
        f0_bus_sync = 1
        f1_blk_sync = 1
        f1_bus_sync = 1
        ff0_sync = 1
        ff1_sync = 1
        ov_msb_sync = 1
        so_sync = 1
        z0_sync = 1
        z1_sync = 1
    }
    Clock Polarity: Active High
    Clock Enable: True
    Next in chain : \Timer_Signal_1:TimerUDB:sT16:timerdp:u1\

UDB [UDB=(1,1)] contents:
LAB@[UDB=(1,1)][LB=0] #macrocells=2, #inputs=2, #pterms=1
{
    [McSlotId=0]:     MacroCell: Name=Net_81, Mode=(D-Register) @ [UDB=(1,1)][LB=0][MC=0]
        Total # of inputs        : 2
        Total # of product terms : 1
        List of special equations: 
            Clock  = (ClockBlock_HFClk) => Global
            Clock Enable: True
        Main Equation            : 1 pterm
        (
              \Timer_Signal_2:TimerUDB:control_7\ * 
              \Timer_Signal_2:TimerUDB:per_zero\
        );
        Output = Net_81 (fanout=1)
        Properties               : 
        {
        }

    [McSlotId=1]:     MacroCell: Name=\Timer_Signal_2:TimerUDB:status_tc\, Mode=(Combinatorial) @ [UDB=(1,1)][LB=0][MC=1]
        Total # of inputs        : 2
        Total # of product terms : 1
            Clock Enable: True
        Main Equation            : 1 pterm
        (
              \Timer_Signal_2:TimerUDB:control_7\ * 
              \Timer_Signal_2:TimerUDB:per_zero\
        );
        Output = \Timer_Signal_2:TimerUDB:status_tc\ (fanout=1)
        Properties               : 
        {
        }

    [McSlotId=2]: (empty)
    [McSlotId=3]: (empty)
}

datapathcell: Name =\Timer_Signal_2:TimerUDB:sT16:timerdp:u1\
    PORT MAP (
        clock => ClockBlock_HFClk ,
        cs_addr_1 => \Timer_Signal_2:TimerUDB:control_7\ ,
        cs_addr_0 => \Timer_Signal_2:TimerUDB:per_zero\ ,
        z0_comb => \Timer_Signal_2:TimerUDB:per_zero\ ,
        f0_bus_stat_comb => \Timer_Signal_2:TimerUDB:status_3\ ,
        f0_blk_stat_comb => \Timer_Signal_2:TimerUDB:status_2\ ,
        chain_in => \Timer_Signal_2:TimerUDB:sT16:timerdp:carry\ );
    Properties:
    {
        a0_init = "00000000"
        a1_init = "00000000"
        ce0_sync = 1
        ce1_sync = 1
        cl0_sync = 1
        cl1_sync = 1
        cmsb_sync = 1
        co_msb_sync = 1
        cy_dpconfig = "0000000001000000000000000100000001000000010000000000000010000000000000001000000000000000100000000000000010000000000000001000000011111111000000001111111111111111100000110000000000000001000000110000000000011000"
        d0_init = "00000000"
        d1_init = "00000000"
        f0_blk_sync = 1
        f0_bus_sync = 1
        f1_blk_sync = 1
        f1_bus_sync = 1
        ff0_sync = 1
        ff1_sync = 1
        ov_msb_sync = 1
        so_sync = 1
        z0_sync = 1
        z1_sync = 1
    }
    Clock Polarity: Active High
    Clock Enable: True
    Previous in chain : \Timer_Signal_2:TimerUDB:sT16:timerdp:u0\

statusicell: Name =\Timer_Signal_2:TimerUDB:rstSts:stsreg\
    PORT MAP (
        clock => ClockBlock_HFClk ,
        status_3 => \Timer_Signal_2:TimerUDB:status_3\ ,
        status_2 => \Timer_Signal_2:TimerUDB:status_2\ ,
        status_0 => \Timer_Signal_2:TimerUDB:status_tc\ );
    Properties:
    {
        cy_force_order = 1
        cy_int_mask = "1111111"
        cy_md_select = "0000011"
    }
    Clock Polarity: Active High
    Clock Enable: True

controlcell: Name =\Timer_Signal_2:TimerUDB:sCTRLReg:SyncCtl:ctrlreg\
    PORT MAP (
        clock => ClockBlock_HFClk ,
        control_7 => \Timer_Signal_2:TimerUDB:control_7\ ,
        control_6 => \Timer_Signal_2:TimerUDB:control_6\ ,
        control_5 => \Timer_Signal_2:TimerUDB:control_5\ ,
        control_4 => \Timer_Signal_2:TimerUDB:control_4\ ,
        control_3 => \Timer_Signal_2:TimerUDB:control_3\ ,
        control_2 => \Timer_Signal_2:TimerUDB:control_2\ ,
        control_1 => \Timer_Signal_2:TimerUDB:control_1\ ,
        control_0 => \Timer_Signal_2:TimerUDB:control_0\ );
    Properties:
    {
        cy_ctrl_mode_0 = "11111111"
        cy_ctrl_mode_1 = "00000000"
        cy_ext_reset = 0
        cy_force_order = 1
        cy_init_value = "00000000"
    }
    Clock Polarity: Active High
    Clock Enable: True

Intr container @ [IntrContainer=(0)]: 
  Intr@ [IntrContainer=(0)][IntrId=(0)] 
    interrupt: Name =ISR_Signal_1
        PORT MAP (
            interrupt => Net_1 );
        Properties:
        {
            int_type = "10"
            is_nmi = 0
        }
  Intr@ [IntrContainer=(0)][IntrId=(2)] 
    interrupt: Name =ISR_Signal_2
        PORT MAP (
            interrupt => Net_81 );
        Properties:
        {
            int_type = "10"
            is_nmi = 0
        }
Port 0 contains the following IO cells:
[IoId=4]: 
Pin : Name = \UART:rx(0)\
    Attributes:
        In Group/Port: True
        In Sync Option: NOSYNC
        Out Sync Option: AUTO
        Interrupt generated: False
        Interrupt mode: NONE
        Drive mode: HI_Z_DIGITAL
        VTrip: CMOS
        Slew: FAST
        Input Sync needed: False
        Output Sync needed: False
        SC shield enabled: False
        POR State: ANY
        LCD Mode: COMMON
        Register Mode: RegComb
        CaSense Mode: NEITHER
        Treat as pin: True
        Is OE Registered: False
        Uses Analog: False
        Can contain Digital: True
        Is SIO: False
        SIO Output Buf: NONREGULATED
        SIO Input Buf: SINGLE_ENDED
        SIO HiFreq: LOW
        SIO Hyst: DISABLED
        SIO Vtrip: MULTIPLIER_0_5
        SIO Multiplier Index: 0
        SIO RefSel: VCC_IO
        Required Capabilities: DIGITAL
        Initial Value: 0
        IO Voltage: 0
    PORT MAP (
        pa_out => \UART:rx(0)\__PA ,
        fb => \UART:rx_wire\ ,
        pad => \UART:rx(0)_PAD\ );
    Properties:
    {
    }

[IoId=5]: 
Pin : Name = \UART:tx(0)\
    Attributes:
        In Group/Port: True
        In Sync Option: NOSYNC
        Out Sync Option: NOSYNC
        Interrupt generated: False
        Interrupt mode: NONE
        Drive mode: CMOS_OUT
        VTrip: CMOS
        Slew: FAST
        Input Sync needed: False
        Output Sync needed: False
        SC shield enabled: False
        POR State: ANY
        LCD Mode: COMMON
        Register Mode: RegComb
        CaSense Mode: NEITHER
        Treat as pin: True
        Is OE Registered: False
        Uses Analog: False
        Can contain Digital: True
        Is SIO: False
        SIO Output Buf: NONREGULATED
        SIO Input Buf: SINGLE_ENDED
        SIO HiFreq: LOW
        SIO Hyst: DISABLED
        SIO Vtrip: MULTIPLIER_0_5
        SIO Multiplier Index: 0
        SIO RefSel: VCC_IO
        Required Capabilities: DIGITAL
        Initial Value: 1
        IO Voltage: 0
    PORT MAP (
        pa_out => \UART:tx(0)\__PA ,
        pin_input => \UART:tx_wire\ ,
        pad => \UART:tx(0)_PAD\ );
    Properties:
    {
    }

Port 1 contains the following IO cells:
Port 2 contains the following IO cells:
Port 3 contains the following IO cells:
[IoId=1]: 
Pin : Name = Pin_1(0)
    Attributes:
        In Group/Port: True
        In Sync Option: AUTO
        Out Sync Option: AUTO
        Interrupt generated: False
        Interrupt mode: NONE
        Drive mode: HI_Z_ANALOG
        VTrip: EITHER
        Slew: FAST
        Input Sync needed: False
        Output Sync needed: False
        SC shield enabled: False
        POR State: ANY
        LCD Mode: COMMON
        Register Mode: RegComb
        CaSense Mode: NEITHER
        Treat as pin: True
        Is OE Registered: False
        Uses Analog: True
        Can contain Digital: False
        Is SIO: False
        SIO Output Buf: NONREGULATED
        SIO Input Buf: SINGLE_ENDED
        SIO HiFreq: LOW
        SIO Hyst: DISABLED
        SIO Vtrip: MULTIPLIER_0_5
        SIO Multiplier Index: 0
        SIO RefSel: VCC_IO
        Required Capabilities: ANALOG
        Initial Value: 1
        IO Voltage: 0
    PORT MAP (
        pa_out => Pin_1(0)__PA ,
        analog_term => Net_66 ,
        pad => Pin_1(0)_PAD ,
        pin_input => __ONE__ );
    Properties:
    {
    }

Port 4 contains the following IO cells:
ARM group 0: empty
Clock group 0: 
    Clock Block @ F(Clock,0): 
    m0s8clockblockcell: Name =ClockBlock
        PORT MAP (
            hfclk => ClockBlock_HFClk ,
            imo => ClockBlock_IMO ,
            ext => ClockBlock_ExtClk ,
            sysclk => ClockBlock_SysClk ,
            ilo => ClockBlock_ILO ,
            lfclk => ClockBlock_LFClk ,
            dsi_in_0 => ClockBlock_Routed1 ,
            ff_div_2 => \UART:Net_847_ff2\ );
        Properties:
        {
        }
LCD group 0: empty
PICU group 0: empty
LPCOMP group 0: empty
SCB group 0: 
    SCB Block @ F(SCB,1): 
    m0s8scbcell: Name =\UART:SCB\
        PORT MAP (
            clock => \UART:Net_847_ff2\ ,
            interrupt => Net_19 ,
            uart_rx => \UART:rx_wire\ ,
            uart_tx => \UART:tx_wire\ ,
            uart_rts => \UART:rts_wire\ ,
            mosi_m => \UART:mosi_m_wire\ ,
            select_m_3 => \UART:select_m_wire_3\ ,
            select_m_2 => \UART:select_m_wire_2\ ,
            select_m_1 => \UART:select_m_wire_1\ ,
            select_m_0 => \UART:select_m_wire_0\ ,
            sclk_m => \UART:sclk_m_wire\ ,
            miso_s => \UART:miso_s_wire\ ,
            tr_tx_req => Net_37 ,
            tr_rx_req => Net_28 );
        Properties:
        {
            cy_registers = ""
            scb_mode = 2
        }
CSD group 0: empty
CSIDAC8 group 0: 
    8-bit IDAC @ F(CSIDAC8,0): 
    p4csidac8cell: Name =\IDAC:cy_psoc4_idac\
        PORT MAP (
            iout => Net_66 ,
            en => __ONE__ );
        Properties:
        {
            cy_registers = ""
            resolution = 8
        }
CSIDAC7 group 0: empty
TCPWM group 0: empty
OA group 0: empty
TEMP group 0: empty
SARADC group 0: empty
CLK_GEN group 0: 
    M0S8 Clock Gen Block @ F(CLK_GEN,0): 
    m0s8clockgenblockcell: Name =ClockGenBlock
        PORT MAP (
             );
        Properties:
        {
        }
LPCOMPBLOCK group 0: empty
PASSBLOCK group 0: empty
WCO group 0: empty
SRSS group 0: empty
CPUSS group 0: empty
EXCO group 0: empty
</CYPRESSTAG>
<CYPRESSTAG name="Port Configuration Details">

------------------------------------------------------------
Port Configuration report
------------------------------------------------------------
     |     |       | Interrupt |                  |              | 
Port | Pin | Fixed |      Type |       Drive Mode |         Name | Connections
-----+-----+-------+-----------+------------------+--------------+----------------------------
   0 |   4 |     * |      NONE |     HI_Z_DIGITAL | \UART:rx(0)\ | FB(\UART:rx_wire\)
     |   5 |     * |      NONE |         CMOS_OUT | \UART:tx(0)\ | In(\UART:tx_wire\)
-----+-----+-------+-----------+------------------+--------------+----------------------------
   3 |   1 |     * |      NONE |      HI_Z_ANALOG |     Pin_1(0) | In(__ONE__), Analog(Net_66)
----------------------------------------------------------------------------------------------
</CYPRESSTAG>
</CYPRESSTAG>
</CYPRESSTAG>
Digital component placer commit/Report: Elapsed time ==> 0s.018ms
Digital Placement phase: Elapsed time ==> 0s.806ms
</CYPRESSTAG>
<CYPRESSTAG name="Digital Routing">
"C:\Program Files (x86)\Cypress\PSoC Creator\4.4\PSoC Creator\bin/sjrouter.exe" --xml-path "C:\Program Files (x86)\Cypress\PSoC Creator\4.4\PSoC Creator\dev\psoc4/psoc4a/route_arch-rrg.cydata" --vh2-path "Design01_r.vh2" --pcf-path "Design01.pco" --des-name "Design01" --dsf-path "Design01.dsf" --sdc-path "Design01.sdc" --lib-path "Design01_r.lib"
Routing successful.
Digital Routing phase: Elapsed time ==> 0s.833ms
</CYPRESSTAG>
<CYPRESSTAG name="Bitstream Generation">
Bitstream Generation phase: Elapsed time ==> 0s.190ms
</CYPRESSTAG>
<CYPRESSTAG name="Bitstream Verification">
Bitstream Verification phase: Elapsed time ==> 0s.028ms
</CYPRESSTAG>
<CYPRESSTAG name="Static timing analysis">
Timing report is in Design01_timing.html.
Static timing analysis phase: Elapsed time ==> 0s.227ms
</CYPRESSTAG>
<CYPRESSTAG name="Data reporting">
Data reporting phase: Elapsed time ==> 0s.000ms
</CYPRESSTAG>
<CYPRESSTAG name="Database update...">
Design database save phase: Elapsed time ==> 0s.257ms
</CYPRESSTAG>
cydsfit: Elapsed time ==> 2s.989ms
</CYPRESSTAG>
Fitter phase: Elapsed time ==> 2s.990ms
API generation phase: Elapsed time ==> 1s.838ms
Dependency generation phase: Elapsed time ==> 0s.015ms
Cleanup phase: Elapsed time ==> 0s.000ms
