ARM GAS  C:\Users\Acer\AppData\Local\Temp\ccdBbm7e.s 			page 1


   1              		.syntax unified
   2              		.cpu cortex-m0
   3              		.fpu softvfp
   4              		.eabi_attribute 20, 1
   5              		.eabi_attribute 21, 1
   6              		.eabi_attribute 23, 3
   7              		.eabi_attribute 24, 1
   8              		.eabi_attribute 25, 1
   9              		.eabi_attribute 26, 1
  10              		.eabi_attribute 30, 1
  11              		.eabi_attribute 34, 0
  12              		.eabi_attribute 18, 4
  13              		.thumb
  14              		.syntax unified
  15              		.file	"main.c"
  16              		.text
  17              	.Ltext0:
  18              		.cfi_sections	.debug_frame
  19              		.section	.text.Error_Return,"ax",%progbits
  20              		.align	2
  21              		.global	Error_Return
  22              		.code	16
  23              		.thumb_func
  24              		.type	Error_Return, %function
  25              	Error_Return:
  26              	.LFB32:
  27              		.file 1 "main.c"
   1:main.c        **** #include "project.h"
   2:main.c        **** /* Number of channnels */
   3:main.c        **** #define NUMBER_OF_CHANNELS (3)
   4:main.c        **** /* The argument of the Pin_Write API to turn on the LED */
   5:main.c        **** #define LED_ON_VALUE (0)
   6:main.c        **** /* The argument of the Pin_Write API to turn off the LED */
   7:main.c        **** #define LED_OFF_VALUE (1)
   8:main.c        **** /* Size of UART buffer */
   9:main.c        **** #define UART_BUFFER_SIZE (9)
  10:main.c        **** /* UART buffer indexces */
  11:main.c        **** #define UART_BUFFER_A_IDX (0)
  12:main.c        **** #define UART_BUFFER_T_IDX (1)
  13:main.c        **** #define UART_BUFFER_EQUALS_IDX (2) // EQUALS - Symbol "="
  14:main.c        **** #define UART_BUFFER_C_IDX (3)
  15:main.c        **** #define UART_BUFFER_CHANNEL_IDX (4)
  16:main.c        **** #define UART_BUFFER_PLUS_IDX (5) // EQUALS - Symbol "="
  17:main.c        **** #define UART_BUFFER_D_VALUE_IDX (6)
  18:main.c        **** #define UART_BUFFER_H_VALUE_IDX (7)
  19:main.c        **** #define UART_BUFFER_L_VALUE_IDX (8)
  20:main.c        **** /* ASCII offset for digits. ASCII code of 0 in ASCII table. */
  21:main.c        **** #define ASCII_OFFSET_FOR_DIGITS (48)
  22:main.c        **** /* Channel Descriptor Type */
  23:main.c        **** typedef struct
  24:main.c        **** {
  25:main.c        ****  uint8 Current_D; /* Counter of state D duration */
  26:main.c        ****  uint8 Current_H; /* Counter of state H duration */
  27:main.c        ****  uint8 Current_L; /* Counter of state L duration */
  28:main.c        ****  uint8 Max_D; /* Maximum state D duration */
  29:main.c        ****  uint8 Max_H; /* Maximum state H duration */
  30:main.c        ****  uint8 Max_L; /* Maximum state L duration */
ARM GAS  C:\Users\Acer\AppData\Local\Temp\ccdBbm7e.s 			page 2


  31:main.c        ****  void (*PinControlFunction)(uint8); /* Pointer to pin control function */
  32:main.c        **** } ChannelDescriptorType;
  33:main.c        **** 
  34:main.c        **** /* Channels descriptors array with size of channels number */
  35:main.c        **** ChannelDescriptorType ChannelDescriptorsArray[NUMBER_OF_CHANNELS];
  36:main.c        **** /* Buffer to store data from UART */
  37:main.c        **** char UartBuffer[UART_BUFFER_SIZE];
  38:main.c        **** /* Index to the current UART buffer element */
  39:main.c        **** uint8 UartBufferIdx;
  40:main.c        **** 
  41:main.c        **** /* This function notifies the user that an incorrect AT-command has been entered */
  42:main.c        **** void Error_Return(void)
  43:main.c        **** {
  28              		.loc 1 43 0
  29              		.cfi_startproc
  30              		@ args = 0, pretend = 0, frame = 0
  31              		@ frame_needed = 0, uses_anonymous_args = 0
  32 0000 10B5     		push	{r4, lr}
  33              		.cfi_def_cfa_offset 8
  34              		.cfi_offset 4, -8
  35              		.cfi_offset 14, -4
  44:main.c        ****     UART_1_UartPutChar('\n');
  36              		.loc 1 44 0
  37 0002 0A20     		movs	r0, #10
  38 0004 FFF7FEFF 		bl	UART_1_SpiUartWriteTxData
  39              	.LVL0:
  45:main.c        ****     UART_1_UartPutChar('\r');
  40              		.loc 1 45 0
  41 0008 0D20     		movs	r0, #13
  42 000a FFF7FEFF 		bl	UART_1_SpiUartWriteTxData
  43              	.LVL1:
  46:main.c        ****     UART_1_UartPutChar(' ');
  44              		.loc 1 46 0
  45 000e 2020     		movs	r0, #32
  46 0010 FFF7FEFF 		bl	UART_1_SpiUartWriteTxData
  47              	.LVL2:
  47:main.c        ****     UART_1_UartPutChar('E');
  48              		.loc 1 47 0
  49 0014 4520     		movs	r0, #69
  50 0016 FFF7FEFF 		bl	UART_1_SpiUartWriteTxData
  51              	.LVL3:
  48:main.c        ****     UART_1_UartPutChar('r');
  52              		.loc 1 48 0
  53 001a 7220     		movs	r0, #114
  54 001c FFF7FEFF 		bl	UART_1_SpiUartWriteTxData
  55              	.LVL4:
  49:main.c        ****     UART_1_UartPutChar('r');
  56              		.loc 1 49 0
  57 0020 7220     		movs	r0, #114
  58 0022 FFF7FEFF 		bl	UART_1_SpiUartWriteTxData
  59              	.LVL5:
  50:main.c        ****     UART_1_UartPutChar('o');
  60              		.loc 1 50 0
  61 0026 6F20     		movs	r0, #111
  62 0028 FFF7FEFF 		bl	UART_1_SpiUartWriteTxData
  63              	.LVL6:
  51:main.c        ****     UART_1_UartPutChar('r');
ARM GAS  C:\Users\Acer\AppData\Local\Temp\ccdBbm7e.s 			page 3


  64              		.loc 1 51 0
  65 002c 7220     		movs	r0, #114
  66 002e FFF7FEFF 		bl	UART_1_SpiUartWriteTxData
  67              	.LVL7:
  52:main.c        ****     UART_1_UartPutChar(' ');
  68              		.loc 1 52 0
  69 0032 2020     		movs	r0, #32
  70 0034 FFF7FEFF 		bl	UART_1_SpiUartWriteTxData
  71              	.LVL8:
  53:main.c        ****     UART_1_UartPutChar('\n');
  72              		.loc 1 53 0
  73 0038 0A20     		movs	r0, #10
  74 003a FFF7FEFF 		bl	UART_1_SpiUartWriteTxData
  75              	.LVL9:
  54:main.c        ****     UART_1_UartPutChar('\r');
  76              		.loc 1 54 0
  77 003e 0D20     		movs	r0, #13
  78 0040 FFF7FEFF 		bl	UART_1_SpiUartWriteTxData
  79              	.LVL10:
  55:main.c        **** }
  80              		.loc 1 55 0
  81              		@ sp needed
  82 0044 10BD     		pop	{r4, pc}
  83              		.cfi_endproc
  84              	.LFE32:
  85              		.size	Error_Return, .-Error_Return
  86 0046 C046     		.section	.text.ChannelController,"ax",%progbits
  87              		.align	2
  88              		.global	ChannelController
  89              		.code	16
  90              		.thumb_func
  91              		.type	ChannelController, %function
  92              	ChannelController:
  93              	.LFB33:
  56:main.c        **** 
  57:main.c        **** /**************************************************************************
  58:main.c        ****  This function perfoms channel control.
  59:main.c        ****  It decrements counters D, H or L and toggles pin state when required.
  60:main.c        **** **************************************************************************/
  61:main.c        **** void ChannelController(uint8 Channel_Number)
  62:main.c        **** {
  94              		.loc 1 62 0
  95              		.cfi_startproc
  96              		@ args = 0, pretend = 0, frame = 0
  97              		@ frame_needed = 0, uses_anonymous_args = 0
  98              	.LVL11:
  99 0000 70B5     		push	{r4, r5, r6, lr}
 100              		.cfi_def_cfa_offset 16
 101              		.cfi_offset 4, -16
 102              		.cfi_offset 5, -12
 103              		.cfi_offset 6, -8
 104              		.cfi_offset 14, -4
  63:main.c        ****     if(ChannelDescriptorsArray[Channel_Number].Current_D > 0)
 105              		.loc 1 63 0
 106 0002 4300     		lsls	r3, r0, #1
 107 0004 1B18     		adds	r3, r3, r0
 108 0006 9A00     		lsls	r2, r3, #2
ARM GAS  C:\Users\Acer\AppData\Local\Temp\ccdBbm7e.s 			page 4


 109 0008 254B     		ldr	r3, .L7
 110 000a D15C     		ldrb	r1, [r2, r3]
 111 000c 0029     		cmp	r1, #0
 112 000e 0AD0     		beq	.L3
  64:main.c        ****     {
  65:main.c        ****         ChannelDescriptorsArray[Channel_Number].Current_D--;
 113              		.loc 1 65 0
 114 0010 1A00     		movs	r2, r3
 115 0012 4300     		lsls	r3, r0, #1
 116 0014 1D18     		adds	r5, r3, r0
 117 0016 AC00     		lsls	r4, r5, #2
 118 0018 0139     		subs	r1, r1, #1
 119 001a A154     		strb	r1, [r4, r2]
  66:main.c        ****         ChannelDescriptorsArray[Channel_Number].PinControlFunction(LED_OFF_VALUE);
 120              		.loc 1 66 0
 121 001c 1319     		adds	r3, r2, r4
 122 001e 9B68     		ldr	r3, [r3, #8]
 123 0020 0120     		movs	r0, #1
 124              	.LVL12:
 125 0022 9847     		blx	r3
 126              	.LVL13:
  67:main.c        ****         return;
 127              		.loc 1 67 0
 128 0024 3AE0     		b	.L2
 129              	.LVL14:
 130              	.L3:
  68:main.c        ****     }
  69:main.c        ****     if(ChannelDescriptorsArray[Channel_Number].Current_H > 0)
 131              		.loc 1 69 0
 132 0026 4200     		lsls	r2, r0, #1
 133 0028 1218     		adds	r2, r2, r0
 134 002a 9300     		lsls	r3, r2, #2
 135 002c 1C4A     		ldr	r2, .L7
 136 002e D318     		adds	r3, r2, r3
 137 0030 5C78     		ldrb	r4, [r3, #1]
 138 0032 002C     		cmp	r4, #0
 139 0034 0AD0     		beq	.L5
  70:main.c        ****     {
  71:main.c        ****         ChannelDescriptorsArray[Channel_Number].Current_H--;
 140              		.loc 1 71 0
 141 0036 1100     		movs	r1, r2
 142 0038 4300     		lsls	r3, r0, #1
 143 003a 1D18     		adds	r5, r3, r0
 144 003c AA00     		lsls	r2, r5, #2
 145 003e 8A18     		adds	r2, r1, r2
 146 0040 013C     		subs	r4, r4, #1
 147 0042 5470     		strb	r4, [r2, #1]
  72:main.c        ****         ChannelDescriptorsArray[Channel_Number].PinControlFunction(LED_ON_VALUE);
 148              		.loc 1 72 0
 149 0044 9368     		ldr	r3, [r2, #8]
 150 0046 0020     		movs	r0, #0
 151              	.LVL15:
 152 0048 9847     		blx	r3
 153              	.LVL16:
  73:main.c        ****         return;
 154              		.loc 1 73 0
 155 004a 27E0     		b	.L2
ARM GAS  C:\Users\Acer\AppData\Local\Temp\ccdBbm7e.s 			page 5


 156              	.LVL17:
 157              	.L5:
  74:main.c        ****     }
  75:main.c        ****     if(ChannelDescriptorsArray[Channel_Number].Current_L > 0)
 158              		.loc 1 75 0
 159 004c 4200     		lsls	r2, r0, #1
 160 004e 1218     		adds	r2, r2, r0
 161 0050 9300     		lsls	r3, r2, #2
 162 0052 134A     		ldr	r2, .L7
 163 0054 D318     		adds	r3, r2, r3
 164 0056 9B78     		ldrb	r3, [r3, #2]
 165 0058 002B     		cmp	r3, #0
 166 005a 0AD0     		beq	.L6
  76:main.c        ****     {
  77:main.c        ****         ChannelDescriptorsArray[Channel_Number].Current_L--;
 167              		.loc 1 77 0
 168 005c 1400     		movs	r4, r2
 169 005e 4200     		lsls	r2, r0, #1
 170 0060 1518     		adds	r5, r2, r0
 171 0062 A900     		lsls	r1, r5, #2
 172 0064 6118     		adds	r1, r4, r1
 173 0066 013B     		subs	r3, r3, #1
 174 0068 8B70     		strb	r3, [r1, #2]
  78:main.c        ****         ChannelDescriptorsArray[Channel_Number].PinControlFunction(LED_OFF_VALUE);
 175              		.loc 1 78 0
 176 006a 8B68     		ldr	r3, [r1, #8]
 177 006c 0120     		movs	r0, #1
 178              	.LVL18:
 179 006e 9847     		blx	r3
 180              	.LVL19:
  79:main.c        ****         return;
 181              		.loc 1 79 0
 182 0070 14E0     		b	.L2
 183              	.LVL20:
 184              	.L6:
  80:main.c        ****     }
  81:main.c        ****     
  82:main.c        ****     if (     ChannelDescriptorsArray[Channel_Number].Current_D == 0 && 
 185              		.loc 1 82 0
 186 0072 0029     		cmp	r1, #0
 187 0074 12D1     		bne	.L2
 188              		.loc 1 82 0 is_stmt 0 discriminator 1
 189 0076 002C     		cmp	r4, #0
 190 0078 10D1     		bne	.L2
  83:main.c        ****              ChannelDescriptorsArray[Channel_Number].Current_H == 0 && 
 191              		.loc 1 83 0 is_stmt 1
 192 007a 002B     		cmp	r3, #0
 193 007c 0ED1     		bne	.L2
  84:main.c        ****              ChannelDescriptorsArray[Channel_Number].Current_L == 0)
  85:main.c        ****     {
  86:main.c        ****     ChannelDescriptorsArray[Channel_Number].Current_D = 
  87:main.c        ****     ChannelDescriptorsArray[Channel_Number].Max_D;
 194              		.loc 1 87 0
 195 007e 084A     		ldr	r2, .L7
 196 0080 4100     		lsls	r1, r0, #1
 197 0082 0C18     		adds	r4, r1, r0
 198 0084 A300     		lsls	r3, r4, #2
ARM GAS  C:\Users\Acer\AppData\Local\Temp\ccdBbm7e.s 			page 6


 199 0086 D318     		adds	r3, r2, r3
 200 0088 DE78     		ldrb	r6, [r3, #3]
  86:main.c        ****     ChannelDescriptorsArray[Channel_Number].Max_D;
 201              		.loc 1 86 0
 202 008a 2500     		movs	r5, r4
 203 008c A400     		lsls	r4, r4, #2
 204 008e A654     		strb	r6, [r4, r2]
  88:main.c        ****     
  89:main.c        ****     ChannelDescriptorsArray[Channel_Number].Current_H = 
  90:main.c        ****     ChannelDescriptorsArray[Channel_Number].Max_H;
 205              		.loc 1 90 0
 206 0090 1C79     		ldrb	r4, [r3, #4]
  89:main.c        ****     ChannelDescriptorsArray[Channel_Number].Max_H;
 207              		.loc 1 89 0
 208 0092 5C70     		strb	r4, [r3, #1]
  91:main.c        ****     
  92:main.c        ****     ChannelDescriptorsArray[Channel_Number].Current_L = 
  93:main.c        ****     ChannelDescriptorsArray[Channel_Number].Max_L;
 209              		.loc 1 93 0
 210 0094 5C79     		ldrb	r4, [r3, #5]
  92:main.c        ****     ChannelDescriptorsArray[Channel_Number].Max_L;
 211              		.loc 1 92 0
 212 0096 AB00     		lsls	r3, r5, #2
 213 0098 D318     		adds	r3, r2, r3
 214 009a 9C70     		strb	r4, [r3, #2]
 215              	.LVL21:
 216              	.L2:
  94:main.c        **** 
  95:main.c        ****     return;
  96:main.c        ****     }
  97:main.c        **** }
 217              		.loc 1 97 0
 218              		@ sp needed
 219 009c 70BD     		pop	{r4, r5, r6, pc}
 220              	.L8:
 221 009e C046     		.align	2
 222              	.L7:
 223 00a0 00000000 		.word	ChannelDescriptorsArray
 224              		.cfi_endproc
 225              	.LFE33:
 226              		.size	ChannelController, .-ChannelController
 227              		.section	.text.TimeSlotInterrupt,"ax",%progbits
 228              		.align	2
 229              		.global	TimeSlotInterrupt
 230              		.code	16
 231              		.thumb_func
 232              		.type	TimeSlotInterrupt, %function
 233              	TimeSlotInterrupt:
 234              	.LFB34:
  98:main.c        **** /**************************************************************************
  99:main.c        ****  Interrupt Handler called every 500ms
 100:main.c        **** **************************************************************************/
 101:main.c        **** CY_ISR(TimeSlotInterrupt)
 102:main.c        **** {
 235              		.loc 1 102 0
 236              		.cfi_startproc
 237              		@ args = 0, pretend = 0, frame = 0
ARM GAS  C:\Users\Acer\AppData\Local\Temp\ccdBbm7e.s 			page 7


 238              		@ frame_needed = 0, uses_anonymous_args = 0
 239 0000 10B5     		push	{r4, lr}
 240              		.cfi_def_cfa_offset 8
 241              		.cfi_offset 4, -8
 242              		.cfi_offset 14, -4
 243              	.LVL22:
 103:main.c        ****  uint8 CurrentChannelNumber;
 104:main.c        ****  /* Call Channel controller function for each of channel */
 105:main.c        ****  for (CurrentChannelNumber = 0;
 244              		.loc 1 105 0
 245 0002 0024     		movs	r4, #0
 246 0004 04E0     		b	.L10
 247              	.LVL23:
 248              	.L11:
 106:main.c        ****  CurrentChannelNumber < NUMBER_OF_CHANNELS;
 107:main.c        ****  CurrentChannelNumber++)
 108:main.c        ****  {
 109:main.c        ****     ChannelController(CurrentChannelNumber);
 249              		.loc 1 109 0
 250 0006 2000     		movs	r0, r4
 251 0008 FFF7FEFF 		bl	ChannelController
 252              	.LVL24:
 107:main.c        ****  {
 253              		.loc 1 107 0
 254 000c 0134     		adds	r4, r4, #1
 255              	.LVL25:
 256 000e E4B2     		uxtb	r4, r4
 257              	.LVL26:
 258              	.L10:
 105:main.c        ****  CurrentChannelNumber < NUMBER_OF_CHANNELS;
 259              		.loc 1 105 0 discriminator 1
 260 0010 022C     		cmp	r4, #2
 261 0012 F8D9     		bls	.L11
 110:main.c        ****  }
 111:main.c        **** }
 262              		.loc 1 111 0
 263              		@ sp needed
 264              	.LVL27:
 265 0014 10BD     		pop	{r4, pc}
 266              		.cfi_endproc
 267              	.LFE34:
 268              		.size	TimeSlotInterrupt, .-TimeSlotInterrupt
 269 0016 C046     		.section	.text.UpdateChannelDescriptor,"ax",%progbits
 270              		.align	2
 271              		.global	UpdateChannelDescriptor
 272              		.code	16
 273              		.thumb_func
 274              		.type	UpdateChannelDescriptor, %function
 275              	UpdateChannelDescriptor:
 276              	.LFB35:
 112:main.c        **** /**************************************************************************
 113:main.c        ****  This function to update channel descriptors and pin state.
 114:main.c        ****  Counters D, H and L of all other channels are reset to the initial state
 115:main.c        ****  to start all channels synchronously.
 116:main.c        ****  Parameters:
 117:main.c        ****  ChannelNumber - channel to be updated;
 118:main.c        ****  D - new value of delay D;
ARM GAS  C:\Users\Acer\AppData\Local\Temp\ccdBbm7e.s 			page 8


 119:main.c        ****  H - new value of pulse duration H;
 120:main.c        ****  L - new value of pause duration L;
 121:main.c        **** **************************************************************************/
 122:main.c        **** void UpdateChannelDescriptor(uint8 ChannelNumber, uint8 D, uint8 H, uint8 L)
 123:main.c        **** {
 277              		.loc 1 123 0
 278              		.cfi_startproc
 279              		@ args = 0, pretend = 0, frame = 0
 280              		@ frame_needed = 0, uses_anonymous_args = 0
 281              	.LVL28:
 282 0000 F8B5     		push	{r3, r4, r5, r6, r7, lr}
 283              		.cfi_def_cfa_offset 24
 284              		.cfi_offset 3, -24
 285              		.cfi_offset 4, -20
 286              		.cfi_offset 5, -16
 287              		.cfi_offset 6, -12
 288              		.cfi_offset 7, -8
 289              		.cfi_offset 14, -4
 124:main.c        ****  uint8 ChannelIdx;
 125:main.c        ****  
 126:main.c        ****  /* Enter critical section to avoid interrupts during channel descriptors update */
 127:main.c        ****  CyGlobalIntDisable; /* Disable global interrupts. */
 290              		.loc 1 127 0
 291              		.syntax divided
 292              	@ 127 "main.c" 1
 293 0002 72B6     		CPSID   i
 294              	@ 0 "" 2
 128:main.c        ****  /* Update channel descriptor values from the data received from UART */
 129:main.c        ****  ChannelDescriptorsArray[ChannelNumber].Max_D = D;
 295              		.loc 1 129 0
 296              		.thumb
 297              		.syntax unified
 298 0004 104D     		ldr	r5, .L15
 299 0006 4600     		lsls	r6, r0, #1
 300 0008 3718     		adds	r7, r6, r0
 301 000a BC00     		lsls	r4, r7, #2
 302 000c 2C19     		adds	r4, r5, r4
 303 000e E170     		strb	r1, [r4, #3]
 130:main.c        ****  ChannelDescriptorsArray[ChannelNumber].Max_H = H; 
 304              		.loc 1 130 0
 305 0010 2271     		strb	r2, [r4, #4]
 131:main.c        ****  ChannelDescriptorsArray[ChannelNumber].Max_L = L; 
 306              		.loc 1 131 0
 307 0012 6371     		strb	r3, [r4, #5]
 308              	.LVL29:
 132:main.c        ****  
 133:main.c        ****  /* Reload counters in all channels to synchronize all channels. */
 134:main.c        ****  for (ChannelIdx = 0; ChannelIdx < NUMBER_OF_CHANNELS; ChannelIdx++)
 309              		.loc 1 134 0
 310 0014 0024     		movs	r4, #0
 311 0016 13E0     		b	.L13
 312              	.LVL30:
 313              	.L14:
 135:main.c        ****  {
 136:main.c        ****  ChannelDescriptorsArray[ChannelIdx].Current_D = ChannelDescriptorsArray[ChannelIdx].Max_D;
 314              		.loc 1 136 0 discriminator 3
 315 0018 0B49     		ldr	r1, .L15
ARM GAS  C:\Users\Acer\AppData\Local\Temp\ccdBbm7e.s 			page 9


 316 001a 6200     		lsls	r2, r4, #1
 317 001c 1019     		adds	r0, r2, r4
 318 001e 8300     		lsls	r3, r0, #2
 319 0020 CB18     		adds	r3, r1, r3
 320 0022 DE78     		ldrb	r6, [r3, #3]
 321 0024 0500     		movs	r5, r0
 322 0026 8000     		lsls	r0, r0, #2
 323 0028 4654     		strb	r6, [r0, r1]
 137:main.c        ****  ChannelDescriptorsArray[ChannelIdx].Current_H = ChannelDescriptorsArray[ChannelIdx].Max_H;
 324              		.loc 1 137 0 discriminator 3
 325 002a 1879     		ldrb	r0, [r3, #4]
 326 002c 5870     		strb	r0, [r3, #1]
 138:main.c        ****  ChannelDescriptorsArray[ChannelIdx].Current_L = ChannelDescriptorsArray[ChannelIdx].Max_L;
 327              		.loc 1 138 0 discriminator 3
 328 002e 5879     		ldrb	r0, [r3, #5]
 329 0030 9870     		strb	r0, [r3, #2]
 139:main.c        ****  /* Reset output pin corresponding to this channel */
 140:main.c        ****  ChannelDescriptorsArray[ChannelIdx].PinControlFunction(LED_OFF_VALUE);
 330              		.loc 1 140 0 discriminator 3
 331 0032 AB00     		lsls	r3, r5, #2
 332 0034 CB18     		adds	r3, r1, r3
 333 0036 9B68     		ldr	r3, [r3, #8]
 334 0038 0120     		movs	r0, #1
 335 003a 9847     		blx	r3
 336              	.LVL31:
 134:main.c        ****  {
 337              		.loc 1 134 0 discriminator 3
 338 003c 0134     		adds	r4, r4, #1
 339              	.LVL32:
 340 003e E4B2     		uxtb	r4, r4
 341              	.LVL33:
 342              	.L13:
 134:main.c        ****  {
 343              		.loc 1 134 0 is_stmt 0 discriminator 1
 344 0040 022C     		cmp	r4, #2
 345 0042 E9D9     		bls	.L14
 141:main.c        ****  }
 142:main.c        ****  /* Exit critical section */
 143:main.c        ****  CyGlobalIntEnable; /* Enable global interrupts. */
 346              		.loc 1 143 0 is_stmt 1
 347              		.syntax divided
 348              	@ 143 "main.c" 1
 349 0044 62B6     		CPSIE   i
 350              	@ 0 "" 2
 144:main.c        **** }
 351              		.loc 1 144 0
 352              		.thumb
 353              		.syntax unified
 354              		@ sp needed
 355              	.LVL34:
 356 0046 F8BD     		pop	{r3, r4, r5, r6, r7, pc}
 357              	.L16:
 358              		.align	2
 359              	.L15:
 360 0048 00000000 		.word	ChannelDescriptorsArray
 361              		.cfi_endproc
 362              	.LFE35:
ARM GAS  C:\Users\Acer\AppData\Local\Temp\ccdBbm7e.s 			page 10


 363              		.size	UpdateChannelDescriptor, .-UpdateChannelDescriptor
 364              		.section	.text.UartBufferParser,"ax",%progbits
 365              		.align	2
 366              		.global	UartBufferParser
 367              		.code	16
 368              		.thumb_func
 369              		.type	UartBufferParser, %function
 370              	UartBufferParser:
 371              	.LFB36:
 145:main.c        **** /**************************************************************************
 146:main.c        ****  This function parses the UART buffer and update counters D, H and L
 147:main.c        **** **************************************************************************/
 148:main.c        **** void UartBufferParser(void)
 149:main.c        **** {
 372              		.loc 1 149 0
 373              		.cfi_startproc
 374              		@ args = 0, pretend = 0, frame = 0
 375              		@ frame_needed = 0, uses_anonymous_args = 0
 376 0000 10B5     		push	{r4, lr}
 377              		.cfi_def_cfa_offset 8
 378              		.cfi_offset 4, -8
 379              		.cfi_offset 14, -4
 150:main.c        ****  uint8 ChannelNumber;
 151:main.c        ****  uint8 ValueD, ValueH, ValueL;
 152:main.c        ****  
 153:main.c        ****  ValueD = UartBuffer[UART_BUFFER_D_VALUE_IDX] - ASCII_OFFSET_FOR_DIGITS;
 380              		.loc 1 153 0
 381 0002 1E4C     		ldr	r4, .L25
 382 0004 A179     		ldrb	r1, [r4, #6]
 383 0006 3039     		subs	r1, r1, #48
 384 0008 C9B2     		uxtb	r1, r1
 385              	.LVL35:
 154:main.c        ****  ValueH = UartBuffer[UART_BUFFER_H_VALUE_IDX] - ASCII_OFFSET_FOR_DIGITS;
 386              		.loc 1 154 0
 387 000a E279     		ldrb	r2, [r4, #7]
 388 000c 303A     		subs	r2, r2, #48
 389 000e D2B2     		uxtb	r2, r2
 390              	.LVL36:
 155:main.c        ****  ValueL = UartBuffer[UART_BUFFER_L_VALUE_IDX] - ASCII_OFFSET_FOR_DIGITS;   
 391              		.loc 1 155 0
 392 0010 237A     		ldrb	r3, [r4, #8]
 393 0012 303B     		subs	r3, r3, #48
 394 0014 DBB2     		uxtb	r3, r3
 395              	.LVL37:
 156:main.c        ****  ChannelNumber = UartBuffer[UART_BUFFER_CHANNEL_IDX] - ASCII_OFFSET_FOR_DIGITS;
 396              		.loc 1 156 0
 397 0016 2079     		ldrb	r0, [r4, #4]
 398 0018 3038     		subs	r0, r0, #48
 399 001a C0B2     		uxtb	r0, r0
 400              	.LVL38:
 157:main.c        **** 
 158:main.c        ****  if ('A' != UartBuffer[UART_BUFFER_A_IDX])
 401              		.loc 1 158 0
 402 001c 2478     		ldrb	r4, [r4]
 403 001e 412C     		cmp	r4, #65
 404 0020 02D0     		beq	.L18
 159:main.c        ****     {
ARM GAS  C:\Users\Acer\AppData\Local\Temp\ccdBbm7e.s 			page 11


 160:main.c        ****         /* UART buffer content does not match to the expected value "A". Return. */
 161:main.c        ****         Error_Return();
 405              		.loc 1 161 0
 406 0022 FFF7FEFF 		bl	Error_Return
 407              	.LVL39:
 162:main.c        ****         return;
 408              		.loc 1 162 0
 409 0026 28E0     		b	.L17
 410              	.LVL40:
 411              	.L18:
 163:main.c        ****     }
 164:main.c        ****  if ('T' != UartBuffer[UART_BUFFER_T_IDX])
 412              		.loc 1 164 0
 413 0028 144C     		ldr	r4, .L25
 414 002a 6478     		ldrb	r4, [r4, #1]
 415 002c 542C     		cmp	r4, #84
 416 002e 02D0     		beq	.L20
 165:main.c        ****     {
 166:main.c        ****         Error_Return();
 417              		.loc 1 166 0
 418 0030 FFF7FEFF 		bl	Error_Return
 419              	.LVL41:
 167:main.c        ****         return;
 420              		.loc 1 167 0
 421 0034 21E0     		b	.L17
 422              	.LVL42:
 423              	.L20:
 168:main.c        ****     }
 169:main.c        ****  if ('=' != UartBuffer[UART_BUFFER_EQUALS_IDX])
 424              		.loc 1 169 0
 425 0036 114C     		ldr	r4, .L25
 426 0038 A478     		ldrb	r4, [r4, #2]
 427 003a 3D2C     		cmp	r4, #61
 428 003c 02D0     		beq	.L21
 170:main.c        ****     {
 171:main.c        ****         Error_Return();
 429              		.loc 1 171 0
 430 003e FFF7FEFF 		bl	Error_Return
 431              	.LVL43:
 172:main.c        ****         return;
 432              		.loc 1 172 0
 433 0042 1AE0     		b	.L17
 434              	.LVL44:
 435              	.L21:
 173:main.c        ****     }
 174:main.c        ****  if ('C' != UartBuffer[UART_BUFFER_C_IDX])
 436              		.loc 1 174 0
 437 0044 0D4C     		ldr	r4, .L25
 438 0046 E478     		ldrb	r4, [r4, #3]
 439 0048 432C     		cmp	r4, #67
 440 004a 02D0     		beq	.L22
 175:main.c        ****     {
 176:main.c        ****         Error_Return();
 441              		.loc 1 176 0
 442 004c FFF7FEFF 		bl	Error_Return
 443              	.LVL45:
 177:main.c        ****         return;
ARM GAS  C:\Users\Acer\AppData\Local\Temp\ccdBbm7e.s 			page 12


 444              		.loc 1 177 0
 445 0050 13E0     		b	.L17
 446              	.LVL46:
 447              	.L22:
 178:main.c        ****     }
 179:main.c        ****  if ('+' != UartBuffer[UART_BUFFER_PLUS_IDX])
 448              		.loc 1 179 0
 449 0052 0A4C     		ldr	r4, .L25
 450 0054 6479     		ldrb	r4, [r4, #5]
 451 0056 2B2C     		cmp	r4, #43
 452 0058 02D0     		beq	.L23
 180:main.c        ****     {
 181:main.c        ****         Error_Return();
 453              		.loc 1 181 0
 454 005a FFF7FEFF 		bl	Error_Return
 455              	.LVL47:
 182:main.c        ****         return;
 456              		.loc 1 182 0
 457 005e 0CE0     		b	.L17
 458              	.LVL48:
 459              	.L23:
 183:main.c        ****     }
 184:main.c        ****     
 185:main.c        ****  if (ValueD >= 0 && ValueD <= 9 &&
 460              		.loc 1 185 0
 461 0060 0929     		cmp	r1, #9
 462 0062 08D8     		bhi	.L24
 186:main.c        ****      ValueH >= 0 && ValueH <= 9 &&
 463              		.loc 1 186 0
 464 0064 092A     		cmp	r2, #9
 465 0066 06D8     		bhi	.L24
 187:main.c        ****      ValueL >= 0 && ValueL <= 9 &&
 466              		.loc 1 187 0
 467 0068 092B     		cmp	r3, #9
 468 006a 04D8     		bhi	.L24
 188:main.c        ****      ChannelNumber >= 0 && ChannelNumber < NUMBER_OF_CHANNELS)
 469              		.loc 1 188 0
 470 006c 0228     		cmp	r0, #2
 471 006e 02D8     		bhi	.L24
 189:main.c        ****     {
 190:main.c        ****         /* Update channel descriptor with received values D, H and L */
 191:main.c        ****         UpdateChannelDescriptor(ChannelNumber, ValueD, ValueH, ValueL);
 472              		.loc 1 191 0
 473 0070 FFF7FEFF 		bl	UpdateChannelDescriptor
 474              	.LVL49:
 475 0074 01E0     		b	.L17
 476              	.LVL50:
 477              	.L24:
 192:main.c        ****     }
 193:main.c        ****  else
 194:main.c        ****     {
 195:main.c        ****         Error_Return();
 478              		.loc 1 195 0
 479 0076 FFF7FEFF 		bl	Error_Return
 480              	.LVL51:
 481              	.L17:
 196:main.c        ****     }
ARM GAS  C:\Users\Acer\AppData\Local\Temp\ccdBbm7e.s 			page 13


 197:main.c        **** }
 482              		.loc 1 197 0
 483              		@ sp needed
 484 007a 10BD     		pop	{r4, pc}
 485              	.L26:
 486              		.align	2
 487              	.L25:
 488 007c 00000000 		.word	UartBuffer
 489              		.cfi_endproc
 490              	.LFE36:
 491              		.size	UartBufferParser, .-UartBufferParser
 492              		.section	.text.UartDataReader,"ax",%progbits
 493              		.align	2
 494              		.global	UartDataReader
 495              		.code	16
 496              		.thumb_func
 497              		.type	UartDataReader, %function
 498              	UartDataReader:
 499              	.LFB37:
 198:main.c        **** /**************************************************************************
 199:main.c        ****  This function to read bytes (characters) from UART, collect data to the
 200:main.c        ****  buffer and parse the buffer.
 201:main.c        **** **************************************************************************/
 202:main.c        **** void UartDataReader(void)
 203:main.c        **** {
 500              		.loc 1 203 0
 501              		.cfi_startproc
 502              		@ args = 0, pretend = 0, frame = 0
 503              		@ frame_needed = 0, uses_anonymous_args = 0
 504 0000 10B5     		push	{r4, lr}
 505              		.cfi_def_cfa_offset 8
 506              		.cfi_offset 4, -8
 507              		.cfi_offset 14, -4
 508              	.LVL52:
 204:main.c        ****  char CurrentCharacter = 0;
 205:main.c        ****  CurrentCharacter = UART_1_UartGetChar();
 509              		.loc 1 205 0
 510 0002 FFF7FEFF 		bl	UART_1_UartGetChar
 511              	.LVL53:
 512 0006 C4B2     		uxtb	r4, r0
 513              	.LVL54:
 206:main.c        ****  if (0 == CurrentCharacter)
 514              		.loc 1 206 0
 515 0008 002C     		cmp	r4, #0
 516 000a 16D0     		beq	.L27
 207:main.c        ****  {
 208:main.c        ****  /* If current character equal to zero it means that no data received
 209:main.c        **** from UART.
 210:main.c        ****  Retrun from the function. */
 211:main.c        ****  return;
 212:main.c        ****  }
 213:main.c        ****  
 214:main.c        ****  /* Send back received character to see it in the terminal */
 215:main.c        ****  UART_1_UartPutChar(CurrentCharacter);
 517              		.loc 1 215 0
 518 000c FF23     		movs	r3, #255
 519 000e 1840     		ands	r0, r3
ARM GAS  C:\Users\Acer\AppData\Local\Temp\ccdBbm7e.s 			page 14


 520 0010 FFF7FEFF 		bl	UART_1_SpiUartWriteTxData
 521              	.LVL55:
 216:main.c        ****  
 217:main.c        ****  /* Check if received character is "A" (== indicator of packet begin) */
 218:main.c        ****  if ('A' == CurrentCharacter)
 522              		.loc 1 218 0
 523 0014 412C     		cmp	r4, #65
 524 0016 02D1     		bne	.L29
 219:main.c        ****  {
 220:main.c        ****  /* UART received character "A". Reset index to begin of the UART buffer
 221:main.c        **** */
 222:main.c        ****  UartBufferIdx = 0;
 525              		.loc 1 222 0
 526 0018 0022     		movs	r2, #0
 527 001a 084B     		ldr	r3, .L30
 528 001c 1A70     		strb	r2, [r3]
 529              	.L29:
 223:main.c        ****  }
 224:main.c        ****  /* Put received character to UART buffer and increment index. */
 225:main.c        ****  UartBuffer[UartBufferIdx] = CurrentCharacter;
 530              		.loc 1 225 0
 531 001e 074A     		ldr	r2, .L30
 532 0020 1378     		ldrb	r3, [r2]
 533 0022 0749     		ldr	r1, .L30+4
 534 0024 CC54     		strb	r4, [r1, r3]
 226:main.c        ****  UartBufferIdx++;
 535              		.loc 1 226 0
 536 0026 0133     		adds	r3, r3, #1
 537 0028 DBB2     		uxtb	r3, r3
 538 002a 1370     		strb	r3, [r2]
 227:main.c        ****  
 228:main.c        ****  /* Check if UART buffer is filled */
 229:main.c        ****  if (UART_BUFFER_SIZE == UartBufferIdx)
 539              		.loc 1 229 0
 540 002c 092B     		cmp	r3, #9
 541 002e 04D1     		bne	.L27
 230:main.c        ****  {
 231:main.c        ****  /* UART buffer is full. Start parse this buffer. */
 232:main.c        ****  UartBufferParser();
 542              		.loc 1 232 0
 543 0030 FFF7FEFF 		bl	UartBufferParser
 544              	.LVL56:
 233:main.c        ****  /* Reset index to begin of the UART buffer */
 234:main.c        ****  UartBufferIdx = 0;
 545              		.loc 1 234 0
 546 0034 0022     		movs	r2, #0
 547 0036 014B     		ldr	r3, .L30
 548 0038 1A70     		strb	r2, [r3]
 549              	.L27:
 235:main.c        ****  }
 236:main.c        **** }
 550              		.loc 1 236 0
 551              		@ sp needed
 552              	.LVL57:
 553 003a 10BD     		pop	{r4, pc}
 554              	.L31:
 555              		.align	2
ARM GAS  C:\Users\Acer\AppData\Local\Temp\ccdBbm7e.s 			page 15


 556              	.L30:
 557 003c 00000000 		.word	UartBufferIdx
 558 0040 00000000 		.word	UartBuffer
 559              		.cfi_endproc
 560              	.LFE37:
 561              		.size	UartDataReader, .-UartDataReader
 562              		.section	.text.Init,"ax",%progbits
 563              		.align	2
 564              		.global	Init
 565              		.code	16
 566              		.thumb_func
 567              		.type	Init, %function
 568              	Init:
 569              	.LFB38:
 237:main.c        **** /**************************************************************************
 238:main.c        ****  This function performs generic initialization.
 239:main.c        **** **************************************************************************/
 240:main.c        **** void Init(void)
 241:main.c        **** {
 570              		.loc 1 241 0
 571              		.cfi_startproc
 572              		@ args = 0, pretend = 0, frame = 0
 573              		@ frame_needed = 0, uses_anonymous_args = 0
 574 0000 10B5     		push	{r4, lr}
 575              		.cfi_def_cfa_offset 8
 576              		.cfi_offset 4, -8
 577              		.cfi_offset 14, -4
 242:main.c        ****  /* Assign pin control functions to the channel descriptors. */
 243:main.c        ****  ChannelDescriptorsArray[0].PinControlFunction = Blue_Output_Write;
 578              		.loc 1 243 0
 579 0002 074B     		ldr	r3, .L33
 580 0004 074A     		ldr	r2, .L33+4
 581 0006 9A60     		str	r2, [r3, #8]
 244:main.c        ****  ChannelDescriptorsArray[1].PinControlFunction = Green_Output_Write;
 582              		.loc 1 244 0
 583 0008 074A     		ldr	r2, .L33+8
 584 000a 5A61     		str	r2, [r3, #20]
 245:main.c        ****  ChannelDescriptorsArray[2].PinControlFunction = Red_Output_Write;
 585              		.loc 1 245 0
 586 000c 074A     		ldr	r2, .L33+12
 587 000e 1A62     		str	r2, [r3, #32]
 246:main.c        ****  
 247:main.c        **** /* UART component start */
 248:main.c        ****  UART_1_Start();
 588              		.loc 1 248 0
 589 0010 FFF7FEFF 		bl	UART_1_Start
 590              	.LVL58:
 249:main.c        **** 
 250:main.c        ****  /* Start Interrupt component */
 251:main.c        ****  isr_1_StartEx(TimeSlotInterrupt);
 591              		.loc 1 251 0
 592 0014 0648     		ldr	r0, .L33+16
 593 0016 FFF7FEFF 		bl	isr_1_StartEx
 594              	.LVL59:
 252:main.c        **** 
 253:main.c        ****  /* Start component Timer */
 254:main.c        ****  Timer_1_Start();
ARM GAS  C:\Users\Acer\AppData\Local\Temp\ccdBbm7e.s 			page 16


 595              		.loc 1 254 0
 596 001a FFF7FEFF 		bl	Timer_1_Start
 597              	.LVL60:
 255:main.c        **** }
 598              		.loc 1 255 0
 599              		@ sp needed
 600 001e 10BD     		pop	{r4, pc}
 601              	.L34:
 602              		.align	2
 603              	.L33:
 604 0020 00000000 		.word	ChannelDescriptorsArray
 605 0024 00000000 		.word	Blue_Output_Write
 606 0028 00000000 		.word	Green_Output_Write
 607 002c 00000000 		.word	Red_Output_Write
 608 0030 00000000 		.word	TimeSlotInterrupt
 609              		.cfi_endproc
 610              	.LFE38:
 611              		.size	Init, .-Init
 612              		.section	.text.main,"ax",%progbits
 613              		.align	2
 614              		.global	main
 615              		.code	16
 616              		.thumb_func
 617              		.type	main, %function
 618              	main:
 619              	.LFB39:
 256:main.c        **** /**************************************************************************
 257:main.c        ****  Main function
 258:main.c        **** **************************************************************************/
 259:main.c        **** int main(void)
 260:main.c        **** {
 620              		.loc 1 260 0
 621              		.cfi_startproc
 622              		@ Volatile: function does not return.
 623              		@ args = 0, pretend = 0, frame = 0
 624              		@ frame_needed = 0, uses_anonymous_args = 0
 625 0000 10B5     		push	{r4, lr}
 626              		.cfi_def_cfa_offset 8
 627              		.cfi_offset 4, -8
 628              		.cfi_offset 14, -4
 261:main.c        ****  CyGlobalIntEnable; /* Enable global interrupts. */
 629              		.loc 1 261 0
 630              		.syntax divided
 631              	@ 261 "main.c" 1
 632 0002 62B6     		CPSIE   i
 633              	@ 0 "" 2
 262:main.c        ****  Red_Output_Write(1);
 634              		.loc 1 262 0
 635              		.thumb
 636              		.syntax unified
 637 0004 0120     		movs	r0, #1
 638 0006 FFF7FEFF 		bl	Red_Output_Write
 639              	.LVL61:
 263:main.c        ****  Blue_Output_Write(1);
 640              		.loc 1 263 0
 641 000a 0120     		movs	r0, #1
 642 000c FFF7FEFF 		bl	Blue_Output_Write
ARM GAS  C:\Users\Acer\AppData\Local\Temp\ccdBbm7e.s 			page 17


 643              	.LVL62:
 264:main.c        ****  Green_Output_Write(1);
 644              		.loc 1 264 0
 645 0010 0120     		movs	r0, #1
 646 0012 FFF7FEFF 		bl	Green_Output_Write
 647              	.LVL63:
 265:main.c        ****  /* Perform generic initialization */
 266:main.c        ****  Init(); 
 648              		.loc 1 266 0
 649 0016 FFF7FEFF 		bl	Init
 650              	.LVL64:
 651              	.L36:
 267:main.c        ****  /* Infinite loop */
 268:main.c        ****  for(;;)
 269:main.c        ****  {
 270:main.c        ****     UartDataReader();
 652              		.loc 1 270 0 discriminator 1
 653 001a FFF7FEFF 		bl	UartDataReader
 654              	.LVL65:
 655 001e FCE7     		b	.L36
 656              		.cfi_endproc
 657              	.LFE39:
 658              		.size	main, .-main
 659              		.comm	UartBufferIdx,1,1
 660              		.comm	UartBuffer,9,4
 661              		.comm	ChannelDescriptorsArray,36,4
 662              		.text
 663              	.Letext0:
 664              		.file 2 "Generated_Source\\PSoC4/cytypes.h"
 665              		.file 3 "Generated_Source\\PSoC4/UART_1_SPI_UART.h"
 666              		.file 4 "Generated_Source\\PSoC4/UART_1.h"
 667              		.file 5 "Generated_Source\\PSoC4/isr_1.h"
 668              		.file 6 "Generated_Source\\PSoC4/Timer_1.h"
 669              		.file 7 "Generated_Source\\PSoC4/Red_Output.h"
 670              		.file 8 "Generated_Source\\PSoC4/Blue_Output.h"
 671              		.file 9 "Generated_Source\\PSoC4/Green_Output.h"
 672              		.section	.debug_info,"",%progbits
 673              	.Ldebug_info0:
 674 0000 12050000 		.4byte	0x512
 675 0004 0400     		.2byte	0x4
 676 0006 00000000 		.4byte	.Ldebug_abbrev0
 677 000a 04       		.byte	0x4
 678 000b 01       		.uleb128 0x1
 679 000c 47020000 		.4byte	.LASF50
 680 0010 0C       		.byte	0xc
 681 0011 FB020000 		.4byte	.LASF51
 682 0015 A5010000 		.4byte	.LASF52
 683 0019 00000000 		.4byte	.Ldebug_ranges0+0
 684 001d 00000000 		.4byte	0
 685 0021 00000000 		.4byte	.Ldebug_line0
 686 0025 02       		.uleb128 0x2
 687 0026 01       		.byte	0x1
 688 0027 06       		.byte	0x6
 689 0028 BE000000 		.4byte	.LASF0
 690 002c 02       		.uleb128 0x2
 691 002d 01       		.byte	0x1
 692 002e 08       		.byte	0x8
ARM GAS  C:\Users\Acer\AppData\Local\Temp\ccdBbm7e.s 			page 18


 693 002f D1000000 		.4byte	.LASF1
 694 0033 02       		.uleb128 0x2
 695 0034 02       		.byte	0x2
 696 0035 05       		.byte	0x5
 697 0036 62010000 		.4byte	.LASF2
 698 003a 02       		.uleb128 0x2
 699 003b 02       		.byte	0x2
 700 003c 07       		.byte	0x7
 701 003d 0D010000 		.4byte	.LASF3
 702 0041 02       		.uleb128 0x2
 703 0042 04       		.byte	0x4
 704 0043 05       		.byte	0x5
 705 0044 22030000 		.4byte	.LASF4
 706 0048 02       		.uleb128 0x2
 707 0049 04       		.byte	0x4
 708 004a 07       		.byte	0x7
 709 004b F4000000 		.4byte	.LASF5
 710 004f 02       		.uleb128 0x2
 711 0050 08       		.byte	0x8
 712 0051 05       		.byte	0x5
 713 0052 ED020000 		.4byte	.LASF6
 714 0056 02       		.uleb128 0x2
 715 0057 08       		.byte	0x8
 716 0058 07       		.byte	0x7
 717 0059 F9010000 		.4byte	.LASF7
 718 005d 03       		.uleb128 0x3
 719 005e 04       		.byte	0x4
 720 005f 05       		.byte	0x5
 721 0060 696E7400 		.ascii	"int\000"
 722 0064 02       		.uleb128 0x2
 723 0065 04       		.byte	0x4
 724 0066 07       		.byte	0x7
 725 0067 98010000 		.4byte	.LASF8
 726 006b 04       		.uleb128 0x4
 727 006c 1C030000 		.4byte	.LASF9
 728 0070 02       		.byte	0x2
 729 0071 FC01     		.2byte	0x1fc
 730 0073 2C000000 		.4byte	0x2c
 731 0077 04       		.uleb128 0x4
 732 0078 8C010000 		.4byte	.LASF10
 733 007c 02       		.byte	0x2
 734 007d FE01     		.2byte	0x1fe
 735 007f 48000000 		.4byte	0x48
 736 0083 02       		.uleb128 0x2
 737 0084 04       		.byte	0x4
 738 0085 04       		.byte	0x4
 739 0086 B8000000 		.4byte	.LASF11
 740 008a 02       		.uleb128 0x2
 741 008b 08       		.byte	0x8
 742 008c 04       		.byte	0x4
 743 008d 55010000 		.4byte	.LASF12
 744 0091 02       		.uleb128 0x2
 745 0092 01       		.byte	0x1
 746 0093 08       		.byte	0x8
 747 0094 02030000 		.4byte	.LASF13
 748 0098 02       		.uleb128 0x2
 749 0099 08       		.byte	0x8
ARM GAS  C:\Users\Acer\AppData\Local\Temp\ccdBbm7e.s 			page 19


 750 009a 04       		.byte	0x4
 751 009b 39030000 		.4byte	.LASF14
 752 009f 02       		.uleb128 0x2
 753 00a0 04       		.byte	0x4
 754 00a1 07       		.byte	0x7
 755 00a2 E4020000 		.4byte	.LASF15
 756 00a6 05       		.uleb128 0x5
 757 00a7 0C       		.byte	0xc
 758 00a8 01       		.byte	0x1
 759 00a9 17       		.byte	0x17
 760 00aa 03010000 		.4byte	0x103
 761 00ae 06       		.uleb128 0x6
 762 00af 33020000 		.4byte	.LASF16
 763 00b3 01       		.byte	0x1
 764 00b4 19       		.byte	0x19
 765 00b5 6B000000 		.4byte	0x6b
 766 00b9 00       		.byte	0
 767 00ba 06       		.uleb128 0x6
 768 00bb 3D020000 		.4byte	.LASF17
 769 00bf 01       		.byte	0x1
 770 00c0 1A       		.byte	0x1a
 771 00c1 6B000000 		.4byte	0x6b
 772 00c5 01       		.byte	0x1
 773 00c6 06       		.uleb128 0x6
 774 00c7 9B000000 		.4byte	.LASF18
 775 00cb 01       		.byte	0x1
 776 00cc 1B       		.byte	0x1b
 777 00cd 6B000000 		.4byte	0x6b
 778 00d1 02       		.byte	0x2
 779 00d2 06       		.uleb128 0x6
 780 00d3 86010000 		.4byte	.LASF19
 781 00d7 01       		.byte	0x1
 782 00d8 1C       		.byte	0x1c
 783 00d9 6B000000 		.4byte	0x6b
 784 00dd 03       		.byte	0x3
 785 00de 06       		.uleb128 0x6
 786 00df 16030000 		.4byte	.LASF20
 787 00e3 01       		.byte	0x1
 788 00e4 1D       		.byte	0x1d
 789 00e5 6B000000 		.4byte	0x6b
 790 00e9 04       		.byte	0x4
 791 00ea 06       		.uleb128 0x6
 792 00eb 5C010000 		.4byte	.LASF21
 793 00ef 01       		.byte	0x1
 794 00f0 1E       		.byte	0x1e
 795 00f1 6B000000 		.4byte	0x6b
 796 00f5 05       		.byte	0x5
 797 00f6 06       		.uleb128 0x6
 798 00f7 88000000 		.4byte	.LASF22
 799 00fb 01       		.byte	0x1
 800 00fc 1F       		.byte	0x1f
 801 00fd 0E010000 		.4byte	0x10e
 802 0101 08       		.byte	0x8
 803 0102 00       		.byte	0
 804 0103 07       		.uleb128 0x7
 805 0104 0E010000 		.4byte	0x10e
 806 0108 08       		.uleb128 0x8
ARM GAS  C:\Users\Acer\AppData\Local\Temp\ccdBbm7e.s 			page 20


 807 0109 6B000000 		.4byte	0x6b
 808 010d 00       		.byte	0
 809 010e 09       		.uleb128 0x9
 810 010f 04       		.byte	0x4
 811 0110 03010000 		.4byte	0x103
 812 0114 0A       		.uleb128 0xa
 813 0115 52000000 		.4byte	.LASF23
 814 0119 01       		.byte	0x1
 815 011a 20       		.byte	0x20
 816 011b A6000000 		.4byte	0xa6
 817 011f 0B       		.uleb128 0xb
 818 0120 48010000 		.4byte	.LASF24
 819 0124 01       		.byte	0x1
 820 0125 2A       		.byte	0x2a
 821 0126 00000000 		.4byte	.LFB32
 822 012a 46000000 		.4byte	.LFE32-.LFB32
 823 012e 01       		.uleb128 0x1
 824 012f 9C       		.byte	0x9c
 825 0130 09020000 		.4byte	0x209
 826 0134 0C       		.uleb128 0xc
 827 0135 08000000 		.4byte	.LVL0
 828 0139 BB040000 		.4byte	0x4bb
 829 013d 47010000 		.4byte	0x147
 830 0141 0D       		.uleb128 0xd
 831 0142 01       		.uleb128 0x1
 832 0143 50       		.byte	0x50
 833 0144 01       		.uleb128 0x1
 834 0145 3A       		.byte	0x3a
 835 0146 00       		.byte	0
 836 0147 0C       		.uleb128 0xc
 837 0148 0E000000 		.4byte	.LVL1
 838 014c BB040000 		.4byte	0x4bb
 839 0150 5A010000 		.4byte	0x15a
 840 0154 0D       		.uleb128 0xd
 841 0155 01       		.uleb128 0x1
 842 0156 50       		.byte	0x50
 843 0157 01       		.uleb128 0x1
 844 0158 3D       		.byte	0x3d
 845 0159 00       		.byte	0
 846 015a 0C       		.uleb128 0xc
 847 015b 14000000 		.4byte	.LVL2
 848 015f BB040000 		.4byte	0x4bb
 849 0163 6E010000 		.4byte	0x16e
 850 0167 0D       		.uleb128 0xd
 851 0168 01       		.uleb128 0x1
 852 0169 50       		.byte	0x50
 853 016a 02       		.uleb128 0x2
 854 016b 08       		.byte	0x8
 855 016c 20       		.byte	0x20
 856 016d 00       		.byte	0
 857 016e 0C       		.uleb128 0xc
 858 016f 1A000000 		.4byte	.LVL3
 859 0173 BB040000 		.4byte	0x4bb
 860 0177 82010000 		.4byte	0x182
 861 017b 0D       		.uleb128 0xd
 862 017c 01       		.uleb128 0x1
 863 017d 50       		.byte	0x50
ARM GAS  C:\Users\Acer\AppData\Local\Temp\ccdBbm7e.s 			page 21


 864 017e 02       		.uleb128 0x2
 865 017f 08       		.byte	0x8
 866 0180 45       		.byte	0x45
 867 0181 00       		.byte	0
 868 0182 0C       		.uleb128 0xc
 869 0183 20000000 		.4byte	.LVL4
 870 0187 BB040000 		.4byte	0x4bb
 871 018b 96010000 		.4byte	0x196
 872 018f 0D       		.uleb128 0xd
 873 0190 01       		.uleb128 0x1
 874 0191 50       		.byte	0x50
 875 0192 02       		.uleb128 0x2
 876 0193 08       		.byte	0x8
 877 0194 72       		.byte	0x72
 878 0195 00       		.byte	0
 879 0196 0C       		.uleb128 0xc
 880 0197 26000000 		.4byte	.LVL5
 881 019b BB040000 		.4byte	0x4bb
 882 019f AA010000 		.4byte	0x1aa
 883 01a3 0D       		.uleb128 0xd
 884 01a4 01       		.uleb128 0x1
 885 01a5 50       		.byte	0x50
 886 01a6 02       		.uleb128 0x2
 887 01a7 08       		.byte	0x8
 888 01a8 72       		.byte	0x72
 889 01a9 00       		.byte	0
 890 01aa 0C       		.uleb128 0xc
 891 01ab 2C000000 		.4byte	.LVL6
 892 01af BB040000 		.4byte	0x4bb
 893 01b3 BE010000 		.4byte	0x1be
 894 01b7 0D       		.uleb128 0xd
 895 01b8 01       		.uleb128 0x1
 896 01b9 50       		.byte	0x50
 897 01ba 02       		.uleb128 0x2
 898 01bb 08       		.byte	0x8
 899 01bc 6F       		.byte	0x6f
 900 01bd 00       		.byte	0
 901 01be 0C       		.uleb128 0xc
 902 01bf 32000000 		.4byte	.LVL7
 903 01c3 BB040000 		.4byte	0x4bb
 904 01c7 D2010000 		.4byte	0x1d2
 905 01cb 0D       		.uleb128 0xd
 906 01cc 01       		.uleb128 0x1
 907 01cd 50       		.byte	0x50
 908 01ce 02       		.uleb128 0x2
 909 01cf 08       		.byte	0x8
 910 01d0 72       		.byte	0x72
 911 01d1 00       		.byte	0
 912 01d2 0C       		.uleb128 0xc
 913 01d3 38000000 		.4byte	.LVL8
 914 01d7 BB040000 		.4byte	0x4bb
 915 01db E6010000 		.4byte	0x1e6
 916 01df 0D       		.uleb128 0xd
 917 01e0 01       		.uleb128 0x1
 918 01e1 50       		.byte	0x50
 919 01e2 02       		.uleb128 0x2
 920 01e3 08       		.byte	0x8
ARM GAS  C:\Users\Acer\AppData\Local\Temp\ccdBbm7e.s 			page 22


 921 01e4 20       		.byte	0x20
 922 01e5 00       		.byte	0
 923 01e6 0C       		.uleb128 0xc
 924 01e7 3E000000 		.4byte	.LVL9
 925 01eb BB040000 		.4byte	0x4bb
 926 01ef F9010000 		.4byte	0x1f9
 927 01f3 0D       		.uleb128 0xd
 928 01f4 01       		.uleb128 0x1
 929 01f5 50       		.byte	0x50
 930 01f6 01       		.uleb128 0x1
 931 01f7 3A       		.byte	0x3a
 932 01f8 00       		.byte	0
 933 01f9 0E       		.uleb128 0xe
 934 01fa 44000000 		.4byte	.LVL10
 935 01fe BB040000 		.4byte	0x4bb
 936 0202 0D       		.uleb128 0xd
 937 0203 01       		.uleb128 0x1
 938 0204 50       		.byte	0x50
 939 0205 01       		.uleb128 0x1
 940 0206 3D       		.byte	0x3d
 941 0207 00       		.byte	0
 942 0208 00       		.byte	0
 943 0209 0B       		.uleb128 0xb
 944 020a 40000000 		.4byte	.LASF25
 945 020e 01       		.byte	0x1
 946 020f 3D       		.byte	0x3d
 947 0210 00000000 		.4byte	.LFB33
 948 0214 A4000000 		.4byte	.LFE33-.LFB33
 949 0218 01       		.uleb128 0x1
 950 0219 9C       		.byte	0x9c
 951 021a 57020000 		.4byte	0x257
 952 021e 0F       		.uleb128 0xf
 953 021f 07030000 		.4byte	.LASF28
 954 0223 01       		.byte	0x1
 955 0224 3D       		.byte	0x3d
 956 0225 6B000000 		.4byte	0x6b
 957 0229 00000000 		.4byte	.LLST0
 958 022d 10       		.uleb128 0x10
 959 022e 24000000 		.4byte	.LVL13
 960 0232 3C020000 		.4byte	0x23c
 961 0236 0D       		.uleb128 0xd
 962 0237 01       		.uleb128 0x1
 963 0238 50       		.byte	0x50
 964 0239 01       		.uleb128 0x1
 965 023a 31       		.byte	0x31
 966 023b 00       		.byte	0
 967 023c 10       		.uleb128 0x10
 968 023d 4A000000 		.4byte	.LVL16
 969 0241 4B020000 		.4byte	0x24b
 970 0245 0D       		.uleb128 0xd
 971 0246 01       		.uleb128 0x1
 972 0247 50       		.byte	0x50
 973 0248 01       		.uleb128 0x1
 974 0249 30       		.byte	0x30
 975 024a 00       		.byte	0
 976 024b 11       		.uleb128 0x11
 977 024c 70000000 		.4byte	.LVL19
ARM GAS  C:\Users\Acer\AppData\Local\Temp\ccdBbm7e.s 			page 23


 978 0250 0D       		.uleb128 0xd
 979 0251 01       		.uleb128 0x1
 980 0252 50       		.byte	0x50
 981 0253 01       		.uleb128 0x1
 982 0254 31       		.byte	0x31
 983 0255 00       		.byte	0
 984 0256 00       		.byte	0
 985 0257 0B       		.uleb128 0xb
 986 0258 2E000000 		.4byte	.LASF26
 987 025c 01       		.byte	0x1
 988 025d 65       		.byte	0x65
 989 025e 00000000 		.4byte	.LFB34
 990 0262 16000000 		.4byte	.LFE34-.LFB34
 991 0266 01       		.uleb128 0x1
 992 0267 9C       		.byte	0x9c
 993 0268 8C020000 		.4byte	0x28c
 994 026c 12       		.uleb128 0x12
 995 026d 68000000 		.4byte	.LASF30
 996 0271 01       		.byte	0x1
 997 0272 67       		.byte	0x67
 998 0273 6B000000 		.4byte	0x6b
 999 0277 6C000000 		.4byte	.LLST1
 1000 027b 0E       		.uleb128 0xe
 1001 027c 0C000000 		.4byte	.LVL24
 1002 0280 09020000 		.4byte	0x209
 1003 0284 0D       		.uleb128 0xd
 1004 0285 01       		.uleb128 0x1
 1005 0286 50       		.byte	0x50
 1006 0287 02       		.uleb128 0x2
 1007 0288 74       		.byte	0x74
 1008 0289 00       		.sleb128 0
 1009 028a 00       		.byte	0
 1010 028b 00       		.byte	0
 1011 028c 0B       		.uleb128 0xb
 1012 028d 10020000 		.4byte	.LASF27
 1013 0291 01       		.byte	0x1
 1014 0292 7A       		.byte	0x7a
 1015 0293 00000000 		.4byte	.LFB35
 1016 0297 4C000000 		.4byte	.LFE35-.LFB35
 1017 029b 01       		.uleb128 0x1
 1018 029c 9C       		.byte	0x9c
 1019 029d F2020000 		.4byte	0x2f2
 1020 02a1 0F       		.uleb128 0xf
 1021 02a2 E6000000 		.4byte	.LASF29
 1022 02a6 01       		.byte	0x1
 1023 02a7 7A       		.byte	0x7a
 1024 02a8 6B000000 		.4byte	0x6b
 1025 02ac 96000000 		.4byte	.LLST2
 1026 02b0 13       		.uleb128 0x13
 1027 02b1 4400     		.ascii	"D\000"
 1028 02b3 01       		.byte	0x1
 1029 02b4 7A       		.byte	0x7a
 1030 02b5 6B000000 		.4byte	0x6b
 1031 02b9 B7000000 		.4byte	.LLST3
 1032 02bd 13       		.uleb128 0x13
 1033 02be 4800     		.ascii	"H\000"
 1034 02c0 01       		.byte	0x1
ARM GAS  C:\Users\Acer\AppData\Local\Temp\ccdBbm7e.s 			page 24


 1035 02c1 7A       		.byte	0x7a
 1036 02c2 6B000000 		.4byte	0x6b
 1037 02c6 D8000000 		.4byte	.LLST4
 1038 02ca 13       		.uleb128 0x13
 1039 02cb 4C00     		.ascii	"L\000"
 1040 02cd 01       		.byte	0x1
 1041 02ce 7A       		.byte	0x7a
 1042 02cf 6B000000 		.4byte	0x6b
 1043 02d3 F9000000 		.4byte	.LLST5
 1044 02d7 12       		.uleb128 0x12
 1045 02d8 7D000000 		.4byte	.LASF31
 1046 02dc 01       		.byte	0x1
 1047 02dd 7C       		.byte	0x7c
 1048 02de 6B000000 		.4byte	0x6b
 1049 02e2 1A010000 		.4byte	.LLST6
 1050 02e6 11       		.uleb128 0x11
 1051 02e7 3C000000 		.4byte	.LVL31
 1052 02eb 0D       		.uleb128 0xd
 1053 02ec 01       		.uleb128 0x1
 1054 02ed 50       		.byte	0x50
 1055 02ee 01       		.uleb128 0x1
 1056 02ef 31       		.byte	0x31
 1057 02f0 00       		.byte	0
 1058 02f1 00       		.byte	0
 1059 02f2 0B       		.uleb128 0xb
 1060 02f3 5D030000 		.4byte	.LASF32
 1061 02f7 01       		.byte	0x1
 1062 02f8 94       		.byte	0x94
 1063 02f9 00000000 		.4byte	.LFB36
 1064 02fd 80000000 		.4byte	.LFE36-.LFB36
 1065 0301 01       		.uleb128 0x1
 1066 0302 9C       		.byte	0x9c
 1067 0303 83030000 		.4byte	0x383
 1068 0307 12       		.uleb128 0x12
 1069 0308 E6000000 		.4byte	.LASF29
 1070 030c 01       		.byte	0x1
 1071 030d 96       		.byte	0x96
 1072 030e 6B000000 		.4byte	0x6b
 1073 0312 44010000 		.4byte	.LLST7
 1074 0316 12       		.uleb128 0x12
 1075 0317 CA000000 		.4byte	.LASF33
 1076 031b 01       		.byte	0x1
 1077 031c 97       		.byte	0x97
 1078 031d 6B000000 		.4byte	0x6b
 1079 0321 99010000 		.4byte	.LLST8
 1080 0325 12       		.uleb128 0x12
 1081 0326 DF000000 		.4byte	.LASF34
 1082 032a 01       		.byte	0x1
 1083 032b 97       		.byte	0x97
 1084 032c 6B000000 		.4byte	0x6b
 1085 0330 EE010000 		.4byte	.LLST9
 1086 0334 12       		.uleb128 0x12
 1087 0335 06010000 		.4byte	.LASF35
 1088 0339 01       		.byte	0x1
 1089 033a 97       		.byte	0x97
 1090 033b 6B000000 		.4byte	0x6b
 1091 033f 43020000 		.4byte	.LLST10
ARM GAS  C:\Users\Acer\AppData\Local\Temp\ccdBbm7e.s 			page 25


 1092 0343 14       		.uleb128 0x14
 1093 0344 26000000 		.4byte	.LVL39
 1094 0348 1F010000 		.4byte	0x11f
 1095 034c 14       		.uleb128 0x14
 1096 034d 34000000 		.4byte	.LVL41
 1097 0351 1F010000 		.4byte	0x11f
 1098 0355 14       		.uleb128 0x14
 1099 0356 42000000 		.4byte	.LVL43
 1100 035a 1F010000 		.4byte	0x11f
 1101 035e 14       		.uleb128 0x14
 1102 035f 50000000 		.4byte	.LVL45
 1103 0363 1F010000 		.4byte	0x11f
 1104 0367 14       		.uleb128 0x14
 1105 0368 5E000000 		.4byte	.LVL47
 1106 036c 1F010000 		.4byte	0x11f
 1107 0370 14       		.uleb128 0x14
 1108 0371 74000000 		.4byte	.LVL49
 1109 0375 8C020000 		.4byte	0x28c
 1110 0379 14       		.uleb128 0x14
 1111 037a 7A000000 		.4byte	.LVL51
 1112 037e 1F010000 		.4byte	0x11f
 1113 0382 00       		.byte	0
 1114 0383 0B       		.uleb128 0xb
 1115 0384 D5020000 		.4byte	.LASF36
 1116 0388 01       		.byte	0x1
 1117 0389 CA       		.byte	0xca
 1118 038a 00000000 		.4byte	.LFB37
 1119 038e 44000000 		.4byte	.LFE37-.LFB37
 1120 0392 01       		.uleb128 0x1
 1121 0393 9C       		.byte	0x9c
 1122 0394 C3030000 		.4byte	0x3c3
 1123 0398 12       		.uleb128 0x12
 1124 0399 37010000 		.4byte	.LASF37
 1125 039d 01       		.byte	0x1
 1126 039e CC       		.byte	0xcc
 1127 039f 91000000 		.4byte	0x91
 1128 03a3 98020000 		.4byte	.LLST11
 1129 03a7 14       		.uleb128 0x14
 1130 03a8 06000000 		.4byte	.LVL53
 1131 03ac C7040000 		.4byte	0x4c7
 1132 03b0 14       		.uleb128 0x14
 1133 03b1 14000000 		.4byte	.LVL55
 1134 03b5 BB040000 		.4byte	0x4bb
 1135 03b9 14       		.uleb128 0x14
 1136 03ba 34000000 		.4byte	.LVL56
 1137 03be F2020000 		.4byte	0x2f2
 1138 03c2 00       		.byte	0
 1139 03c3 0B       		.uleb128 0xb
 1140 03c4 20010000 		.4byte	.LASF38
 1141 03c8 01       		.byte	0x1
 1142 03c9 F0       		.byte	0xf0
 1143 03ca 00000000 		.4byte	.LFB38
 1144 03ce 34000000 		.4byte	.LFE38-.LFB38
 1145 03d2 01       		.uleb128 0x1
 1146 03d3 9C       		.byte	0x9c
 1147 03d4 02040000 		.4byte	0x402
 1148 03d8 14       		.uleb128 0x14
ARM GAS  C:\Users\Acer\AppData\Local\Temp\ccdBbm7e.s 			page 26


 1149 03d9 14000000 		.4byte	.LVL58
 1150 03dd D3040000 		.4byte	0x4d3
 1151 03e1 0C       		.uleb128 0xc
 1152 03e2 1A000000 		.4byte	.LVL59
 1153 03e6 DE040000 		.4byte	0x4de
 1154 03ea F8030000 		.4byte	0x3f8
 1155 03ee 0D       		.uleb128 0xd
 1156 03ef 01       		.uleb128 0x1
 1157 03f0 50       		.byte	0x50
 1158 03f1 05       		.uleb128 0x5
 1159 03f2 03       		.byte	0x3
 1160 03f3 00000000 		.4byte	TimeSlotInterrupt
 1161 03f7 00       		.byte	0
 1162 03f8 14       		.uleb128 0x14
 1163 03f9 1E000000 		.4byte	.LVL60
 1164 03fd E9040000 		.4byte	0x4e9
 1165 0401 00       		.byte	0
 1166 0402 15       		.uleb128 0x15
 1167 0403 93010000 		.4byte	.LASF53
 1168 0407 01       		.byte	0x1
 1169 0408 0301     		.2byte	0x103
 1170 040a 5D000000 		.4byte	0x5d
 1171 040e 00000000 		.4byte	.LFB39
 1172 0412 20000000 		.4byte	.LFE39-.LFB39
 1173 0416 01       		.uleb128 0x1
 1174 0417 9C       		.byte	0x9c
 1175 0418 68040000 		.4byte	0x468
 1176 041c 0C       		.uleb128 0xc
 1177 041d 0A000000 		.4byte	.LVL61
 1178 0421 F4040000 		.4byte	0x4f4
 1179 0425 2F040000 		.4byte	0x42f
 1180 0429 0D       		.uleb128 0xd
 1181 042a 01       		.uleb128 0x1
 1182 042b 50       		.byte	0x50
 1183 042c 01       		.uleb128 0x1
 1184 042d 31       		.byte	0x31
 1185 042e 00       		.byte	0
 1186 042f 0C       		.uleb128 0xc
 1187 0430 10000000 		.4byte	.LVL62
 1188 0434 FF040000 		.4byte	0x4ff
 1189 0438 42040000 		.4byte	0x442
 1190 043c 0D       		.uleb128 0xd
 1191 043d 01       		.uleb128 0x1
 1192 043e 50       		.byte	0x50
 1193 043f 01       		.uleb128 0x1
 1194 0440 31       		.byte	0x31
 1195 0441 00       		.byte	0
 1196 0442 0C       		.uleb128 0xc
 1197 0443 16000000 		.4byte	.LVL63
 1198 0447 0A050000 		.4byte	0x50a
 1199 044b 55040000 		.4byte	0x455
 1200 044f 0D       		.uleb128 0xd
 1201 0450 01       		.uleb128 0x1
 1202 0451 50       		.byte	0x50
 1203 0452 01       		.uleb128 0x1
 1204 0453 31       		.byte	0x31
 1205 0454 00       		.byte	0
ARM GAS  C:\Users\Acer\AppData\Local\Temp\ccdBbm7e.s 			page 27


 1206 0455 14       		.uleb128 0x14
 1207 0456 1A000000 		.4byte	.LVL64
 1208 045a C3030000 		.4byte	0x3c3
 1209 045e 14       		.uleb128 0x14
 1210 045f 1E000000 		.4byte	.LVL65
 1211 0463 83030000 		.4byte	0x383
 1212 0467 00       		.byte	0
 1213 0468 16       		.uleb128 0x16
 1214 0469 14010000 		.4byte	0x114
 1215 046d 78040000 		.4byte	0x478
 1216 0471 17       		.uleb128 0x17
 1217 0472 9F000000 		.4byte	0x9f
 1218 0476 02       		.byte	0x2
 1219 0477 00       		.byte	0
 1220 0478 18       		.uleb128 0x18
 1221 0479 45030000 		.4byte	.LASF39
 1222 047d 01       		.byte	0x1
 1223 047e 23       		.byte	0x23
 1224 047f 68040000 		.4byte	0x468
 1225 0483 05       		.uleb128 0x5
 1226 0484 03       		.byte	0x3
 1227 0485 00000000 		.4byte	ChannelDescriptorsArray
 1228 0489 16       		.uleb128 0x16
 1229 048a 91000000 		.4byte	0x91
 1230 048e 99040000 		.4byte	0x499
 1231 0492 17       		.uleb128 0x17
 1232 0493 9F000000 		.4byte	0x9f
 1233 0497 08       		.byte	0x8
 1234 0498 00       		.byte	0
 1235 0499 18       		.uleb128 0x18
 1236 049a 28020000 		.4byte	.LASF40
 1237 049e 01       		.byte	0x1
 1238 049f 25       		.byte	0x25
 1239 04a0 89040000 		.4byte	0x489
 1240 04a4 05       		.uleb128 0x5
 1241 04a5 03       		.byte	0x3
 1242 04a6 00000000 		.4byte	UartBuffer
 1243 04aa 18       		.uleb128 0x18
 1244 04ab 2B030000 		.4byte	.LASF41
 1245 04af 01       		.byte	0x1
 1246 04b0 27       		.byte	0x27
 1247 04b1 6B000000 		.4byte	0x6b
 1248 04b5 05       		.uleb128 0x5
 1249 04b6 03       		.byte	0x3
 1250 04b7 00000000 		.4byte	UartBufferIdx
 1251 04bb 19       		.uleb128 0x19
 1252 04bc 6C010000 		.4byte	.LASF42
 1253 04c0 6C010000 		.4byte	.LASF42
 1254 04c4 03       		.byte	0x3
 1255 04c5 4403     		.2byte	0x344
 1256 04c7 19       		.uleb128 0x19
 1257 04c8 1B000000 		.4byte	.LASF43
 1258 04cc 1B000000 		.4byte	.LASF43
 1259 04d0 03       		.byte	0x3
 1260 04d1 0F03     		.2byte	0x30f
 1261 04d3 1A       		.uleb128 0x1a
 1262 04d4 00000000 		.4byte	.LASF44
ARM GAS  C:\Users\Acer\AppData\Local\Temp\ccdBbm7e.s 			page 28


 1263 04d8 00000000 		.4byte	.LASF44
 1264 04dc 04       		.byte	0x4
 1265 04dd 72       		.byte	0x72
 1266 04de 1A       		.uleb128 0x1a
 1267 04df 6E030000 		.4byte	.LASF45
 1268 04e3 6E030000 		.4byte	.LASF45
 1269 04e7 05       		.byte	0x5
 1270 04e8 18       		.byte	0x18
 1271 04e9 1A       		.uleb128 0x1a
 1272 04ea 0D000000 		.4byte	.LASF46
 1273 04ee 0D000000 		.4byte	.LASF46
 1274 04f2 06       		.byte	0x6
 1275 04f3 5A       		.byte	0x5a
 1276 04f4 1A       		.uleb128 0x1a
 1277 04f5 7C030000 		.4byte	.LASF47
 1278 04f9 7C030000 		.4byte	.LASF47
 1279 04fd 07       		.byte	0x7
 1280 04fe 33       		.byte	0x33
 1281 04ff 1A       		.uleb128 0x1a
 1282 0500 25010000 		.4byte	.LASF48
 1283 0504 25010000 		.4byte	.LASF48
 1284 0508 08       		.byte	0x8
 1285 0509 33       		.byte	0x33
 1286 050a 1A       		.uleb128 0x1a
 1287 050b A5000000 		.4byte	.LASF49
 1288 050f A5000000 		.4byte	.LASF49
 1289 0513 09       		.byte	0x9
 1290 0514 33       		.byte	0x33
 1291 0515 00       		.byte	0
 1292              		.section	.debug_abbrev,"",%progbits
 1293              	.Ldebug_abbrev0:
 1294 0000 01       		.uleb128 0x1
 1295 0001 11       		.uleb128 0x11
 1296 0002 01       		.byte	0x1
 1297 0003 25       		.uleb128 0x25
 1298 0004 0E       		.uleb128 0xe
 1299 0005 13       		.uleb128 0x13
 1300 0006 0B       		.uleb128 0xb
 1301 0007 03       		.uleb128 0x3
 1302 0008 0E       		.uleb128 0xe
 1303 0009 1B       		.uleb128 0x1b
 1304 000a 0E       		.uleb128 0xe
 1305 000b 55       		.uleb128 0x55
 1306 000c 17       		.uleb128 0x17
 1307 000d 11       		.uleb128 0x11
 1308 000e 01       		.uleb128 0x1
 1309 000f 10       		.uleb128 0x10
 1310 0010 17       		.uleb128 0x17
 1311 0011 00       		.byte	0
 1312 0012 00       		.byte	0
 1313 0013 02       		.uleb128 0x2
 1314 0014 24       		.uleb128 0x24
 1315 0015 00       		.byte	0
 1316 0016 0B       		.uleb128 0xb
 1317 0017 0B       		.uleb128 0xb
 1318 0018 3E       		.uleb128 0x3e
 1319 0019 0B       		.uleb128 0xb
ARM GAS  C:\Users\Acer\AppData\Local\Temp\ccdBbm7e.s 			page 29


 1320 001a 03       		.uleb128 0x3
 1321 001b 0E       		.uleb128 0xe
 1322 001c 00       		.byte	0
 1323 001d 00       		.byte	0
 1324 001e 03       		.uleb128 0x3
 1325 001f 24       		.uleb128 0x24
 1326 0020 00       		.byte	0
 1327 0021 0B       		.uleb128 0xb
 1328 0022 0B       		.uleb128 0xb
 1329 0023 3E       		.uleb128 0x3e
 1330 0024 0B       		.uleb128 0xb
 1331 0025 03       		.uleb128 0x3
 1332 0026 08       		.uleb128 0x8
 1333 0027 00       		.byte	0
 1334 0028 00       		.byte	0
 1335 0029 04       		.uleb128 0x4
 1336 002a 16       		.uleb128 0x16
 1337 002b 00       		.byte	0
 1338 002c 03       		.uleb128 0x3
 1339 002d 0E       		.uleb128 0xe
 1340 002e 3A       		.uleb128 0x3a
 1341 002f 0B       		.uleb128 0xb
 1342 0030 3B       		.uleb128 0x3b
 1343 0031 05       		.uleb128 0x5
 1344 0032 49       		.uleb128 0x49
 1345 0033 13       		.uleb128 0x13
 1346 0034 00       		.byte	0
 1347 0035 00       		.byte	0
 1348 0036 05       		.uleb128 0x5
 1349 0037 13       		.uleb128 0x13
 1350 0038 01       		.byte	0x1
 1351 0039 0B       		.uleb128 0xb
 1352 003a 0B       		.uleb128 0xb
 1353 003b 3A       		.uleb128 0x3a
 1354 003c 0B       		.uleb128 0xb
 1355 003d 3B       		.uleb128 0x3b
 1356 003e 0B       		.uleb128 0xb
 1357 003f 01       		.uleb128 0x1
 1358 0040 13       		.uleb128 0x13
 1359 0041 00       		.byte	0
 1360 0042 00       		.byte	0
 1361 0043 06       		.uleb128 0x6
 1362 0044 0D       		.uleb128 0xd
 1363 0045 00       		.byte	0
 1364 0046 03       		.uleb128 0x3
 1365 0047 0E       		.uleb128 0xe
 1366 0048 3A       		.uleb128 0x3a
 1367 0049 0B       		.uleb128 0xb
 1368 004a 3B       		.uleb128 0x3b
 1369 004b 0B       		.uleb128 0xb
 1370 004c 49       		.uleb128 0x49
 1371 004d 13       		.uleb128 0x13
 1372 004e 38       		.uleb128 0x38
 1373 004f 0B       		.uleb128 0xb
 1374 0050 00       		.byte	0
 1375 0051 00       		.byte	0
 1376 0052 07       		.uleb128 0x7
ARM GAS  C:\Users\Acer\AppData\Local\Temp\ccdBbm7e.s 			page 30


 1377 0053 15       		.uleb128 0x15
 1378 0054 01       		.byte	0x1
 1379 0055 27       		.uleb128 0x27
 1380 0056 19       		.uleb128 0x19
 1381 0057 01       		.uleb128 0x1
 1382 0058 13       		.uleb128 0x13
 1383 0059 00       		.byte	0
 1384 005a 00       		.byte	0
 1385 005b 08       		.uleb128 0x8
 1386 005c 05       		.uleb128 0x5
 1387 005d 00       		.byte	0
 1388 005e 49       		.uleb128 0x49
 1389 005f 13       		.uleb128 0x13
 1390 0060 00       		.byte	0
 1391 0061 00       		.byte	0
 1392 0062 09       		.uleb128 0x9
 1393 0063 0F       		.uleb128 0xf
 1394 0064 00       		.byte	0
 1395 0065 0B       		.uleb128 0xb
 1396 0066 0B       		.uleb128 0xb
 1397 0067 49       		.uleb128 0x49
 1398 0068 13       		.uleb128 0x13
 1399 0069 00       		.byte	0
 1400 006a 00       		.byte	0
 1401 006b 0A       		.uleb128 0xa
 1402 006c 16       		.uleb128 0x16
 1403 006d 00       		.byte	0
 1404 006e 03       		.uleb128 0x3
 1405 006f 0E       		.uleb128 0xe
 1406 0070 3A       		.uleb128 0x3a
 1407 0071 0B       		.uleb128 0xb
 1408 0072 3B       		.uleb128 0x3b
 1409 0073 0B       		.uleb128 0xb
 1410 0074 49       		.uleb128 0x49
 1411 0075 13       		.uleb128 0x13
 1412 0076 00       		.byte	0
 1413 0077 00       		.byte	0
 1414 0078 0B       		.uleb128 0xb
 1415 0079 2E       		.uleb128 0x2e
 1416 007a 01       		.byte	0x1
 1417 007b 3F       		.uleb128 0x3f
 1418 007c 19       		.uleb128 0x19
 1419 007d 03       		.uleb128 0x3
 1420 007e 0E       		.uleb128 0xe
 1421 007f 3A       		.uleb128 0x3a
 1422 0080 0B       		.uleb128 0xb
 1423 0081 3B       		.uleb128 0x3b
 1424 0082 0B       		.uleb128 0xb
 1425 0083 27       		.uleb128 0x27
 1426 0084 19       		.uleb128 0x19
 1427 0085 11       		.uleb128 0x11
 1428 0086 01       		.uleb128 0x1
 1429 0087 12       		.uleb128 0x12
 1430 0088 06       		.uleb128 0x6
 1431 0089 40       		.uleb128 0x40
 1432 008a 18       		.uleb128 0x18
 1433 008b 9742     		.uleb128 0x2117
ARM GAS  C:\Users\Acer\AppData\Local\Temp\ccdBbm7e.s 			page 31


 1434 008d 19       		.uleb128 0x19
 1435 008e 01       		.uleb128 0x1
 1436 008f 13       		.uleb128 0x13
 1437 0090 00       		.byte	0
 1438 0091 00       		.byte	0
 1439 0092 0C       		.uleb128 0xc
 1440 0093 898201   		.uleb128 0x4109
 1441 0096 01       		.byte	0x1
 1442 0097 11       		.uleb128 0x11
 1443 0098 01       		.uleb128 0x1
 1444 0099 31       		.uleb128 0x31
 1445 009a 13       		.uleb128 0x13
 1446 009b 01       		.uleb128 0x1
 1447 009c 13       		.uleb128 0x13
 1448 009d 00       		.byte	0
 1449 009e 00       		.byte	0
 1450 009f 0D       		.uleb128 0xd
 1451 00a0 8A8201   		.uleb128 0x410a
 1452 00a3 00       		.byte	0
 1453 00a4 02       		.uleb128 0x2
 1454 00a5 18       		.uleb128 0x18
 1455 00a6 9142     		.uleb128 0x2111
 1456 00a8 18       		.uleb128 0x18
 1457 00a9 00       		.byte	0
 1458 00aa 00       		.byte	0
 1459 00ab 0E       		.uleb128 0xe
 1460 00ac 898201   		.uleb128 0x4109
 1461 00af 01       		.byte	0x1
 1462 00b0 11       		.uleb128 0x11
 1463 00b1 01       		.uleb128 0x1
 1464 00b2 31       		.uleb128 0x31
 1465 00b3 13       		.uleb128 0x13
 1466 00b4 00       		.byte	0
 1467 00b5 00       		.byte	0
 1468 00b6 0F       		.uleb128 0xf
 1469 00b7 05       		.uleb128 0x5
 1470 00b8 00       		.byte	0
 1471 00b9 03       		.uleb128 0x3
 1472 00ba 0E       		.uleb128 0xe
 1473 00bb 3A       		.uleb128 0x3a
 1474 00bc 0B       		.uleb128 0xb
 1475 00bd 3B       		.uleb128 0x3b
 1476 00be 0B       		.uleb128 0xb
 1477 00bf 49       		.uleb128 0x49
 1478 00c0 13       		.uleb128 0x13
 1479 00c1 02       		.uleb128 0x2
 1480 00c2 17       		.uleb128 0x17
 1481 00c3 00       		.byte	0
 1482 00c4 00       		.byte	0
 1483 00c5 10       		.uleb128 0x10
 1484 00c6 898201   		.uleb128 0x4109
 1485 00c9 01       		.byte	0x1
 1486 00ca 11       		.uleb128 0x11
 1487 00cb 01       		.uleb128 0x1
 1488 00cc 01       		.uleb128 0x1
 1489 00cd 13       		.uleb128 0x13
 1490 00ce 00       		.byte	0
ARM GAS  C:\Users\Acer\AppData\Local\Temp\ccdBbm7e.s 			page 32


 1491 00cf 00       		.byte	0
 1492 00d0 11       		.uleb128 0x11
 1493 00d1 898201   		.uleb128 0x4109
 1494 00d4 01       		.byte	0x1
 1495 00d5 11       		.uleb128 0x11
 1496 00d6 01       		.uleb128 0x1
 1497 00d7 00       		.byte	0
 1498 00d8 00       		.byte	0
 1499 00d9 12       		.uleb128 0x12
 1500 00da 34       		.uleb128 0x34
 1501 00db 00       		.byte	0
 1502 00dc 03       		.uleb128 0x3
 1503 00dd 0E       		.uleb128 0xe
 1504 00de 3A       		.uleb128 0x3a
 1505 00df 0B       		.uleb128 0xb
 1506 00e0 3B       		.uleb128 0x3b
 1507 00e1 0B       		.uleb128 0xb
 1508 00e2 49       		.uleb128 0x49
 1509 00e3 13       		.uleb128 0x13
 1510 00e4 02       		.uleb128 0x2
 1511 00e5 17       		.uleb128 0x17
 1512 00e6 00       		.byte	0
 1513 00e7 00       		.byte	0
 1514 00e8 13       		.uleb128 0x13
 1515 00e9 05       		.uleb128 0x5
 1516 00ea 00       		.byte	0
 1517 00eb 03       		.uleb128 0x3
 1518 00ec 08       		.uleb128 0x8
 1519 00ed 3A       		.uleb128 0x3a
 1520 00ee 0B       		.uleb128 0xb
 1521 00ef 3B       		.uleb128 0x3b
 1522 00f0 0B       		.uleb128 0xb
 1523 00f1 49       		.uleb128 0x49
 1524 00f2 13       		.uleb128 0x13
 1525 00f3 02       		.uleb128 0x2
 1526 00f4 17       		.uleb128 0x17
 1527 00f5 00       		.byte	0
 1528 00f6 00       		.byte	0
 1529 00f7 14       		.uleb128 0x14
 1530 00f8 898201   		.uleb128 0x4109
 1531 00fb 00       		.byte	0
 1532 00fc 11       		.uleb128 0x11
 1533 00fd 01       		.uleb128 0x1
 1534 00fe 31       		.uleb128 0x31
 1535 00ff 13       		.uleb128 0x13
 1536 0100 00       		.byte	0
 1537 0101 00       		.byte	0
 1538 0102 15       		.uleb128 0x15
 1539 0103 2E       		.uleb128 0x2e
 1540 0104 01       		.byte	0x1
 1541 0105 3F       		.uleb128 0x3f
 1542 0106 19       		.uleb128 0x19
 1543 0107 03       		.uleb128 0x3
 1544 0108 0E       		.uleb128 0xe
 1545 0109 3A       		.uleb128 0x3a
 1546 010a 0B       		.uleb128 0xb
 1547 010b 3B       		.uleb128 0x3b
ARM GAS  C:\Users\Acer\AppData\Local\Temp\ccdBbm7e.s 			page 33


 1548 010c 05       		.uleb128 0x5
 1549 010d 27       		.uleb128 0x27
 1550 010e 19       		.uleb128 0x19
 1551 010f 49       		.uleb128 0x49
 1552 0110 13       		.uleb128 0x13
 1553 0111 8701     		.uleb128 0x87
 1554 0113 19       		.uleb128 0x19
 1555 0114 11       		.uleb128 0x11
 1556 0115 01       		.uleb128 0x1
 1557 0116 12       		.uleb128 0x12
 1558 0117 06       		.uleb128 0x6
 1559 0118 40       		.uleb128 0x40
 1560 0119 18       		.uleb128 0x18
 1561 011a 9742     		.uleb128 0x2117
 1562 011c 19       		.uleb128 0x19
 1563 011d 01       		.uleb128 0x1
 1564 011e 13       		.uleb128 0x13
 1565 011f 00       		.byte	0
 1566 0120 00       		.byte	0
 1567 0121 16       		.uleb128 0x16
 1568 0122 01       		.uleb128 0x1
 1569 0123 01       		.byte	0x1
 1570 0124 49       		.uleb128 0x49
 1571 0125 13       		.uleb128 0x13
 1572 0126 01       		.uleb128 0x1
 1573 0127 13       		.uleb128 0x13
 1574 0128 00       		.byte	0
 1575 0129 00       		.byte	0
 1576 012a 17       		.uleb128 0x17
 1577 012b 21       		.uleb128 0x21
 1578 012c 00       		.byte	0
 1579 012d 49       		.uleb128 0x49
 1580 012e 13       		.uleb128 0x13
 1581 012f 2F       		.uleb128 0x2f
 1582 0130 0B       		.uleb128 0xb
 1583 0131 00       		.byte	0
 1584 0132 00       		.byte	0
 1585 0133 18       		.uleb128 0x18
 1586 0134 34       		.uleb128 0x34
 1587 0135 00       		.byte	0
 1588 0136 03       		.uleb128 0x3
 1589 0137 0E       		.uleb128 0xe
 1590 0138 3A       		.uleb128 0x3a
 1591 0139 0B       		.uleb128 0xb
 1592 013a 3B       		.uleb128 0x3b
 1593 013b 0B       		.uleb128 0xb
 1594 013c 49       		.uleb128 0x49
 1595 013d 13       		.uleb128 0x13
 1596 013e 3F       		.uleb128 0x3f
 1597 013f 19       		.uleb128 0x19
 1598 0140 02       		.uleb128 0x2
 1599 0141 18       		.uleb128 0x18
 1600 0142 00       		.byte	0
 1601 0143 00       		.byte	0
 1602 0144 19       		.uleb128 0x19
 1603 0145 2E       		.uleb128 0x2e
 1604 0146 00       		.byte	0
ARM GAS  C:\Users\Acer\AppData\Local\Temp\ccdBbm7e.s 			page 34


 1605 0147 3F       		.uleb128 0x3f
 1606 0148 19       		.uleb128 0x19
 1607 0149 3C       		.uleb128 0x3c
 1608 014a 19       		.uleb128 0x19
 1609 014b 6E       		.uleb128 0x6e
 1610 014c 0E       		.uleb128 0xe
 1611 014d 03       		.uleb128 0x3
 1612 014e 0E       		.uleb128 0xe
 1613 014f 3A       		.uleb128 0x3a
 1614 0150 0B       		.uleb128 0xb
 1615 0151 3B       		.uleb128 0x3b
 1616 0152 05       		.uleb128 0x5
 1617 0153 00       		.byte	0
 1618 0154 00       		.byte	0
 1619 0155 1A       		.uleb128 0x1a
 1620 0156 2E       		.uleb128 0x2e
 1621 0157 00       		.byte	0
 1622 0158 3F       		.uleb128 0x3f
 1623 0159 19       		.uleb128 0x19
 1624 015a 3C       		.uleb128 0x3c
 1625 015b 19       		.uleb128 0x19
 1626 015c 6E       		.uleb128 0x6e
 1627 015d 0E       		.uleb128 0xe
 1628 015e 03       		.uleb128 0x3
 1629 015f 0E       		.uleb128 0xe
 1630 0160 3A       		.uleb128 0x3a
 1631 0161 0B       		.uleb128 0xb
 1632 0162 3B       		.uleb128 0x3b
 1633 0163 0B       		.uleb128 0xb
 1634 0164 00       		.byte	0
 1635 0165 00       		.byte	0
 1636 0166 00       		.byte	0
 1637              		.section	.debug_loc,"",%progbits
 1638              	.Ldebug_loc0:
 1639              	.LLST0:
 1640 0000 00000000 		.4byte	.LVL11
 1641 0004 22000000 		.4byte	.LVL12
 1642 0008 0100     		.2byte	0x1
 1643 000a 50       		.byte	0x50
 1644 000b 22000000 		.4byte	.LVL12
 1645 000f 26000000 		.4byte	.LVL14
 1646 0013 0400     		.2byte	0x4
 1647 0015 F3       		.byte	0xf3
 1648 0016 01       		.uleb128 0x1
 1649 0017 50       		.byte	0x50
 1650 0018 9F       		.byte	0x9f
 1651 0019 26000000 		.4byte	.LVL14
 1652 001d 48000000 		.4byte	.LVL15
 1653 0021 0100     		.2byte	0x1
 1654 0023 50       		.byte	0x50
 1655 0024 48000000 		.4byte	.LVL15
 1656 0028 4C000000 		.4byte	.LVL17
 1657 002c 0400     		.2byte	0x4
 1658 002e F3       		.byte	0xf3
 1659 002f 01       		.uleb128 0x1
 1660 0030 50       		.byte	0x50
 1661 0031 9F       		.byte	0x9f
ARM GAS  C:\Users\Acer\AppData\Local\Temp\ccdBbm7e.s 			page 35


 1662 0032 4C000000 		.4byte	.LVL17
 1663 0036 6E000000 		.4byte	.LVL18
 1664 003a 0100     		.2byte	0x1
 1665 003c 50       		.byte	0x50
 1666 003d 6E000000 		.4byte	.LVL18
 1667 0041 72000000 		.4byte	.LVL20
 1668 0045 0400     		.2byte	0x4
 1669 0047 F3       		.byte	0xf3
 1670 0048 01       		.uleb128 0x1
 1671 0049 50       		.byte	0x50
 1672 004a 9F       		.byte	0x9f
 1673 004b 72000000 		.4byte	.LVL20
 1674 004f 9C000000 		.4byte	.LVL21
 1675 0053 0100     		.2byte	0x1
 1676 0055 50       		.byte	0x50
 1677 0056 9C000000 		.4byte	.LVL21
 1678 005a A4000000 		.4byte	.LFE33
 1679 005e 0400     		.2byte	0x4
 1680 0060 F3       		.byte	0xf3
 1681 0061 01       		.uleb128 0x1
 1682 0062 50       		.byte	0x50
 1683 0063 9F       		.byte	0x9f
 1684 0064 00000000 		.4byte	0
 1685 0068 00000000 		.4byte	0
 1686              	.LLST1:
 1687 006c 02000000 		.4byte	.LVL22
 1688 0070 06000000 		.4byte	.LVL23
 1689 0074 0200     		.2byte	0x2
 1690 0076 30       		.byte	0x30
 1691 0077 9F       		.byte	0x9f
 1692 0078 06000000 		.4byte	.LVL23
 1693 007c 0E000000 		.4byte	.LVL25
 1694 0080 0100     		.2byte	0x1
 1695 0082 54       		.byte	0x54
 1696 0083 10000000 		.4byte	.LVL26
 1697 0087 14000000 		.4byte	.LVL27
 1698 008b 0100     		.2byte	0x1
 1699 008d 54       		.byte	0x54
 1700 008e 00000000 		.4byte	0
 1701 0092 00000000 		.4byte	0
 1702              	.LLST2:
 1703 0096 00000000 		.4byte	.LVL28
 1704 009a 18000000 		.4byte	.LVL30
 1705 009e 0100     		.2byte	0x1
 1706 00a0 50       		.byte	0x50
 1707 00a1 18000000 		.4byte	.LVL30
 1708 00a5 4C000000 		.4byte	.LFE35
 1709 00a9 0400     		.2byte	0x4
 1710 00ab F3       		.byte	0xf3
 1711 00ac 01       		.uleb128 0x1
 1712 00ad 50       		.byte	0x50
 1713 00ae 9F       		.byte	0x9f
 1714 00af 00000000 		.4byte	0
 1715 00b3 00000000 		.4byte	0
 1716              	.LLST3:
 1717 00b7 00000000 		.4byte	.LVL28
 1718 00bb 18000000 		.4byte	.LVL30
ARM GAS  C:\Users\Acer\AppData\Local\Temp\ccdBbm7e.s 			page 36


 1719 00bf 0100     		.2byte	0x1
 1720 00c1 51       		.byte	0x51
 1721 00c2 18000000 		.4byte	.LVL30
 1722 00c6 4C000000 		.4byte	.LFE35
 1723 00ca 0400     		.2byte	0x4
 1724 00cc F3       		.byte	0xf3
 1725 00cd 01       		.uleb128 0x1
 1726 00ce 51       		.byte	0x51
 1727 00cf 9F       		.byte	0x9f
 1728 00d0 00000000 		.4byte	0
 1729 00d4 00000000 		.4byte	0
 1730              	.LLST4:
 1731 00d8 00000000 		.4byte	.LVL28
 1732 00dc 18000000 		.4byte	.LVL30
 1733 00e0 0100     		.2byte	0x1
 1734 00e2 52       		.byte	0x52
 1735 00e3 18000000 		.4byte	.LVL30
 1736 00e7 4C000000 		.4byte	.LFE35
 1737 00eb 0400     		.2byte	0x4
 1738 00ed F3       		.byte	0xf3
 1739 00ee 01       		.uleb128 0x1
 1740 00ef 52       		.byte	0x52
 1741 00f0 9F       		.byte	0x9f
 1742 00f1 00000000 		.4byte	0
 1743 00f5 00000000 		.4byte	0
 1744              	.LLST5:
 1745 00f9 00000000 		.4byte	.LVL28
 1746 00fd 18000000 		.4byte	.LVL30
 1747 0101 0100     		.2byte	0x1
 1748 0103 53       		.byte	0x53
 1749 0104 18000000 		.4byte	.LVL30
 1750 0108 4C000000 		.4byte	.LFE35
 1751 010c 0400     		.2byte	0x4
 1752 010e F3       		.byte	0xf3
 1753 010f 01       		.uleb128 0x1
 1754 0110 53       		.byte	0x53
 1755 0111 9F       		.byte	0x9f
 1756 0112 00000000 		.4byte	0
 1757 0116 00000000 		.4byte	0
 1758              	.LLST6:
 1759 011a 14000000 		.4byte	.LVL29
 1760 011e 18000000 		.4byte	.LVL30
 1761 0122 0200     		.2byte	0x2
 1762 0124 30       		.byte	0x30
 1763 0125 9F       		.byte	0x9f
 1764 0126 18000000 		.4byte	.LVL30
 1765 012a 3E000000 		.4byte	.LVL32
 1766 012e 0100     		.2byte	0x1
 1767 0130 54       		.byte	0x54
 1768 0131 40000000 		.4byte	.LVL33
 1769 0135 46000000 		.4byte	.LVL34
 1770 0139 0100     		.2byte	0x1
 1771 013b 54       		.byte	0x54
 1772 013c 00000000 		.4byte	0
 1773 0140 00000000 		.4byte	0
 1774              	.LLST7:
 1775 0144 1C000000 		.4byte	.LVL38
ARM GAS  C:\Users\Acer\AppData\Local\Temp\ccdBbm7e.s 			page 37


 1776 0148 25000000 		.4byte	.LVL39-1
 1777 014c 0100     		.2byte	0x1
 1778 014e 50       		.byte	0x50
 1779 014f 28000000 		.4byte	.LVL40
 1780 0153 33000000 		.4byte	.LVL41-1
 1781 0157 0100     		.2byte	0x1
 1782 0159 50       		.byte	0x50
 1783 015a 36000000 		.4byte	.LVL42
 1784 015e 41000000 		.4byte	.LVL43-1
 1785 0162 0100     		.2byte	0x1
 1786 0164 50       		.byte	0x50
 1787 0165 44000000 		.4byte	.LVL44
 1788 0169 4F000000 		.4byte	.LVL45-1
 1789 016d 0100     		.2byte	0x1
 1790 016f 50       		.byte	0x50
 1791 0170 52000000 		.4byte	.LVL46
 1792 0174 5D000000 		.4byte	.LVL47-1
 1793 0178 0100     		.2byte	0x1
 1794 017a 50       		.byte	0x50
 1795 017b 60000000 		.4byte	.LVL48
 1796 017f 73000000 		.4byte	.LVL49-1
 1797 0183 0100     		.2byte	0x1
 1798 0185 50       		.byte	0x50
 1799 0186 76000000 		.4byte	.LVL50
 1800 018a 79000000 		.4byte	.LVL51-1
 1801 018e 0100     		.2byte	0x1
 1802 0190 50       		.byte	0x50
 1803 0191 00000000 		.4byte	0
 1804 0195 00000000 		.4byte	0
 1805              	.LLST8:
 1806 0199 0A000000 		.4byte	.LVL35
 1807 019d 25000000 		.4byte	.LVL39-1
 1808 01a1 0100     		.2byte	0x1
 1809 01a3 51       		.byte	0x51
 1810 01a4 28000000 		.4byte	.LVL40
 1811 01a8 33000000 		.4byte	.LVL41-1
 1812 01ac 0100     		.2byte	0x1
 1813 01ae 51       		.byte	0x51
 1814 01af 36000000 		.4byte	.LVL42
 1815 01b3 41000000 		.4byte	.LVL43-1
 1816 01b7 0100     		.2byte	0x1
 1817 01b9 51       		.byte	0x51
 1818 01ba 44000000 		.4byte	.LVL44
 1819 01be 4F000000 		.4byte	.LVL45-1
 1820 01c2 0100     		.2byte	0x1
 1821 01c4 51       		.byte	0x51
 1822 01c5 52000000 		.4byte	.LVL46
 1823 01c9 5D000000 		.4byte	.LVL47-1
 1824 01cd 0100     		.2byte	0x1
 1825 01cf 51       		.byte	0x51
 1826 01d0 60000000 		.4byte	.LVL48
 1827 01d4 73000000 		.4byte	.LVL49-1
 1828 01d8 0100     		.2byte	0x1
 1829 01da 51       		.byte	0x51
 1830 01db 76000000 		.4byte	.LVL50
 1831 01df 79000000 		.4byte	.LVL51-1
 1832 01e3 0100     		.2byte	0x1
ARM GAS  C:\Users\Acer\AppData\Local\Temp\ccdBbm7e.s 			page 38


 1833 01e5 51       		.byte	0x51
 1834 01e6 00000000 		.4byte	0
 1835 01ea 00000000 		.4byte	0
 1836              	.LLST9:
 1837 01ee 10000000 		.4byte	.LVL36
 1838 01f2 25000000 		.4byte	.LVL39-1
 1839 01f6 0100     		.2byte	0x1
 1840 01f8 52       		.byte	0x52
 1841 01f9 28000000 		.4byte	.LVL40
 1842 01fd 33000000 		.4byte	.LVL41-1
 1843 0201 0100     		.2byte	0x1
 1844 0203 52       		.byte	0x52
 1845 0204 36000000 		.4byte	.LVL42
 1846 0208 41000000 		.4byte	.LVL43-1
 1847 020c 0100     		.2byte	0x1
 1848 020e 52       		.byte	0x52
 1849 020f 44000000 		.4byte	.LVL44
 1850 0213 4F000000 		.4byte	.LVL45-1
 1851 0217 0100     		.2byte	0x1
 1852 0219 52       		.byte	0x52
 1853 021a 52000000 		.4byte	.LVL46
 1854 021e 5D000000 		.4byte	.LVL47-1
 1855 0222 0100     		.2byte	0x1
 1856 0224 52       		.byte	0x52
 1857 0225 60000000 		.4byte	.LVL48
 1858 0229 73000000 		.4byte	.LVL49-1
 1859 022d 0100     		.2byte	0x1
 1860 022f 52       		.byte	0x52
 1861 0230 76000000 		.4byte	.LVL50
 1862 0234 79000000 		.4byte	.LVL51-1
 1863 0238 0100     		.2byte	0x1
 1864 023a 52       		.byte	0x52
 1865 023b 00000000 		.4byte	0
 1866 023f 00000000 		.4byte	0
 1867              	.LLST10:
 1868 0243 16000000 		.4byte	.LVL37
 1869 0247 25000000 		.4byte	.LVL39-1
 1870 024b 0100     		.2byte	0x1
 1871 024d 53       		.byte	0x53
 1872 024e 28000000 		.4byte	.LVL40
 1873 0252 33000000 		.4byte	.LVL41-1
 1874 0256 0100     		.2byte	0x1
 1875 0258 53       		.byte	0x53
 1876 0259 36000000 		.4byte	.LVL42
 1877 025d 41000000 		.4byte	.LVL43-1
 1878 0261 0100     		.2byte	0x1
 1879 0263 53       		.byte	0x53
 1880 0264 44000000 		.4byte	.LVL44
 1881 0268 4F000000 		.4byte	.LVL45-1
 1882 026c 0100     		.2byte	0x1
 1883 026e 53       		.byte	0x53
 1884 026f 52000000 		.4byte	.LVL46
 1885 0273 5D000000 		.4byte	.LVL47-1
 1886 0277 0100     		.2byte	0x1
 1887 0279 53       		.byte	0x53
 1888 027a 60000000 		.4byte	.LVL48
 1889 027e 73000000 		.4byte	.LVL49-1
ARM GAS  C:\Users\Acer\AppData\Local\Temp\ccdBbm7e.s 			page 39


 1890 0282 0100     		.2byte	0x1
 1891 0284 53       		.byte	0x53
 1892 0285 76000000 		.4byte	.LVL50
 1893 0289 79000000 		.4byte	.LVL51-1
 1894 028d 0100     		.2byte	0x1
 1895 028f 53       		.byte	0x53
 1896 0290 00000000 		.4byte	0
 1897 0294 00000000 		.4byte	0
 1898              	.LLST11:
 1899 0298 02000000 		.4byte	.LVL52
 1900 029c 08000000 		.4byte	.LVL54
 1901 02a0 0200     		.2byte	0x2
 1902 02a2 30       		.byte	0x30
 1903 02a3 9F       		.byte	0x9f
 1904 02a4 08000000 		.4byte	.LVL54
 1905 02a8 3A000000 		.4byte	.LVL57
 1906 02ac 0100     		.2byte	0x1
 1907 02ae 54       		.byte	0x54
 1908 02af 00000000 		.4byte	0
 1909 02b3 00000000 		.4byte	0
 1910              		.section	.debug_aranges,"",%progbits
 1911 0000 54000000 		.4byte	0x54
 1912 0004 0200     		.2byte	0x2
 1913 0006 00000000 		.4byte	.Ldebug_info0
 1914 000a 04       		.byte	0x4
 1915 000b 00       		.byte	0
 1916 000c 0000     		.2byte	0
 1917 000e 0000     		.2byte	0
 1918 0010 00000000 		.4byte	.LFB32
 1919 0014 46000000 		.4byte	.LFE32-.LFB32
 1920 0018 00000000 		.4byte	.LFB33
 1921 001c A4000000 		.4byte	.LFE33-.LFB33
 1922 0020 00000000 		.4byte	.LFB34
 1923 0024 16000000 		.4byte	.LFE34-.LFB34
 1924 0028 00000000 		.4byte	.LFB35
 1925 002c 4C000000 		.4byte	.LFE35-.LFB35
 1926 0030 00000000 		.4byte	.LFB36
 1927 0034 80000000 		.4byte	.LFE36-.LFB36
 1928 0038 00000000 		.4byte	.LFB37
 1929 003c 44000000 		.4byte	.LFE37-.LFB37
 1930 0040 00000000 		.4byte	.LFB38
 1931 0044 34000000 		.4byte	.LFE38-.LFB38
 1932 0048 00000000 		.4byte	.LFB39
 1933 004c 20000000 		.4byte	.LFE39-.LFB39
 1934 0050 00000000 		.4byte	0
 1935 0054 00000000 		.4byte	0
 1936              		.section	.debug_ranges,"",%progbits
 1937              	.Ldebug_ranges0:
 1938 0000 00000000 		.4byte	.LFB32
 1939 0004 46000000 		.4byte	.LFE32
 1940 0008 00000000 		.4byte	.LFB33
 1941 000c A4000000 		.4byte	.LFE33
 1942 0010 00000000 		.4byte	.LFB34
 1943 0014 16000000 		.4byte	.LFE34
 1944 0018 00000000 		.4byte	.LFB35
 1945 001c 4C000000 		.4byte	.LFE35
 1946 0020 00000000 		.4byte	.LFB36
ARM GAS  C:\Users\Acer\AppData\Local\Temp\ccdBbm7e.s 			page 40


 1947 0024 80000000 		.4byte	.LFE36
 1948 0028 00000000 		.4byte	.LFB37
 1949 002c 44000000 		.4byte	.LFE37
 1950 0030 00000000 		.4byte	.LFB38
 1951 0034 34000000 		.4byte	.LFE38
 1952 0038 00000000 		.4byte	.LFB39
 1953 003c 20000000 		.4byte	.LFE39
 1954 0040 00000000 		.4byte	0
 1955 0044 00000000 		.4byte	0
 1956              		.section	.debug_line,"",%progbits
 1957              	.Ldebug_line0:
 1958 0000 C5010000 		.section	.debug_str,"MS",%progbits,1
 1958      0200AD00 
 1958      00000201 
 1958      FB0E0D00 
 1958      01010101 
 1959              	.LASF44:
 1960 0000 55415254 		.ascii	"UART_1_Start\000"
 1960      5F315F53 
 1960      74617274 
 1960      00
 1961              	.LASF46:
 1962 000d 54696D65 		.ascii	"Timer_1_Start\000"
 1962      725F315F 
 1962      53746172 
 1962      7400
 1963              	.LASF43:
 1964 001b 55415254 		.ascii	"UART_1_UartGetChar\000"
 1964      5F315F55 
 1964      61727447 
 1964      65744368 
 1964      617200
 1965              	.LASF26:
 1966 002e 54696D65 		.ascii	"TimeSlotInterrupt\000"
 1966      536C6F74 
 1966      496E7465 
 1966      72727570 
 1966      7400
 1967              	.LASF25:
 1968 0040 4368616E 		.ascii	"ChannelController\000"
 1968      6E656C43 
 1968      6F6E7472 
 1968      6F6C6C65 
 1968      7200
 1969              	.LASF23:
 1970 0052 4368616E 		.ascii	"ChannelDescriptorType\000"
 1970      6E656C44 
 1970      65736372 
 1970      6970746F 
 1970      72547970 
 1971              	.LASF30:
 1972 0068 43757272 		.ascii	"CurrentChannelNumber\000"
 1972      656E7443 
 1972      68616E6E 
 1972      656C4E75 
 1972      6D626572 
 1973              	.LASF31:
ARM GAS  C:\Users\Acer\AppData\Local\Temp\ccdBbm7e.s 			page 41


 1974 007d 4368616E 		.ascii	"ChannelIdx\000"
 1974      6E656C49 
 1974      647800
 1975              	.LASF22:
 1976 0088 50696E43 		.ascii	"PinControlFunction\000"
 1976      6F6E7472 
 1976      6F6C4675 
 1976      6E637469 
 1976      6F6E00
 1977              	.LASF18:
 1978 009b 43757272 		.ascii	"Current_L\000"
 1978      656E745F 
 1978      4C00
 1979              	.LASF49:
 1980 00a5 47726565 		.ascii	"Green_Output_Write\000"
 1980      6E5F4F75 
 1980      74707574 
 1980      5F577269 
 1980      746500
 1981              	.LASF11:
 1982 00b8 666C6F61 		.ascii	"float\000"
 1982      7400
 1983              	.LASF0:
 1984 00be 7369676E 		.ascii	"signed char\000"
 1984      65642063 
 1984      68617200 
 1985              	.LASF33:
 1986 00ca 56616C75 		.ascii	"ValueD\000"
 1986      654400
 1987              	.LASF1:
 1988 00d1 756E7369 		.ascii	"unsigned char\000"
 1988      676E6564 
 1988      20636861 
 1988      7200
 1989              	.LASF34:
 1990 00df 56616C75 		.ascii	"ValueH\000"
 1990      654800
 1991              	.LASF29:
 1992 00e6 4368616E 		.ascii	"ChannelNumber\000"
 1992      6E656C4E 
 1992      756D6265 
 1992      7200
 1993              	.LASF5:
 1994 00f4 6C6F6E67 		.ascii	"long unsigned int\000"
 1994      20756E73 
 1994      69676E65 
 1994      6420696E 
 1994      7400
 1995              	.LASF35:
 1996 0106 56616C75 		.ascii	"ValueL\000"
 1996      654C00
 1997              	.LASF3:
 1998 010d 73686F72 		.ascii	"short unsigned int\000"
 1998      7420756E 
 1998      7369676E 
 1998      65642069 
 1998      6E7400
ARM GAS  C:\Users\Acer\AppData\Local\Temp\ccdBbm7e.s 			page 42


 1999              	.LASF38:
 2000 0120 496E6974 		.ascii	"Init\000"
 2000      00
 2001              	.LASF48:
 2002 0125 426C7565 		.ascii	"Blue_Output_Write\000"
 2002      5F4F7574 
 2002      7075745F 
 2002      57726974 
 2002      6500
 2003              	.LASF37:
 2004 0137 43757272 		.ascii	"CurrentCharacter\000"
 2004      656E7443 
 2004      68617261 
 2004      63746572 
 2004      00
 2005              	.LASF24:
 2006 0148 4572726F 		.ascii	"Error_Return\000"
 2006      725F5265 
 2006      7475726E 
 2006      00
 2007              	.LASF12:
 2008 0155 646F7562 		.ascii	"double\000"
 2008      6C6500
 2009              	.LASF21:
 2010 015c 4D61785F 		.ascii	"Max_L\000"
 2010      4C00
 2011              	.LASF2:
 2012 0162 73686F72 		.ascii	"short int\000"
 2012      7420696E 
 2012      7400
 2013              	.LASF42:
 2014 016c 55415254 		.ascii	"UART_1_SpiUartWriteTxData\000"
 2014      5F315F53 
 2014      70695561 
 2014      72745772 
 2014      69746554 
 2015              	.LASF19:
 2016 0186 4D61785F 		.ascii	"Max_D\000"
 2016      4400
 2017              	.LASF10:
 2018 018c 75696E74 		.ascii	"uint32\000"
 2018      333200
 2019              	.LASF53:
 2020 0193 6D61696E 		.ascii	"main\000"
 2020      00
 2021              	.LASF8:
 2022 0198 756E7369 		.ascii	"unsigned int\000"
 2022      676E6564 
 2022      20696E74 
 2022      00
 2023              	.LASF52:
 2024 01a5 433A5C55 		.ascii	"C:\\Users\\Acer\\Documents\\PSoC Creator\\Lab_Works"
 2024      73657273 
 2024      5C416365 
 2024      725C446F 
 2024      63756D65 
 2025 01d3 5F4D6963 		.ascii	"_Microprocesor\\Kursova_13_Varik.cydsn\000"
ARM GAS  C:\Users\Acer\AppData\Local\Temp\ccdBbm7e.s 			page 43


 2025      726F7072 
 2025      6F636573 
 2025      6F725C4B 
 2025      7572736F 
 2026              	.LASF7:
 2027 01f9 6C6F6E67 		.ascii	"long long unsigned int\000"
 2027      206C6F6E 
 2027      6720756E 
 2027      7369676E 
 2027      65642069 
 2028              	.LASF27:
 2029 0210 55706461 		.ascii	"UpdateChannelDescriptor\000"
 2029      74654368 
 2029      616E6E65 
 2029      6C446573 
 2029      63726970 
 2030              	.LASF40:
 2031 0228 55617274 		.ascii	"UartBuffer\000"
 2031      42756666 
 2031      657200
 2032              	.LASF16:
 2033 0233 43757272 		.ascii	"Current_D\000"
 2033      656E745F 
 2033      4400
 2034              	.LASF17:
 2035 023d 43757272 		.ascii	"Current_H\000"
 2035      656E745F 
 2035      4800
 2036              	.LASF50:
 2037 0247 474E5520 		.ascii	"GNU C11 5.4.1 20160609 (release) [ARM/embedded-5-br"
 2037      43313120 
 2037      352E342E 
 2037      31203230 
 2037      31363036 
 2038 027a 616E6368 		.ascii	"anch revision 237715] -mcpu=cortex-m0 -mthumb -g -O"
 2038      20726576 
 2038      6973696F 
 2038      6E203233 
 2038      37373135 
 2039 02ad 67202D66 		.ascii	"g -ffunction-sections -ffat-lto-objects\000"
 2039      66756E63 
 2039      74696F6E 
 2039      2D736563 
 2039      74696F6E 
 2040              	.LASF36:
 2041 02d5 55617274 		.ascii	"UartDataReader\000"
 2041      44617461 
 2041      52656164 
 2041      657200
 2042              	.LASF15:
 2043 02e4 73697A65 		.ascii	"sizetype\000"
 2043      74797065 
 2043      00
 2044              	.LASF6:
 2045 02ed 6C6F6E67 		.ascii	"long long int\000"
 2045      206C6F6E 
 2045      6720696E 
ARM GAS  C:\Users\Acer\AppData\Local\Temp\ccdBbm7e.s 			page 44


 2045      7400
 2046              	.LASF51:
 2047 02fb 6D61696E 		.ascii	"main.c\000"
 2047      2E6300
 2048              	.LASF13:
 2049 0302 63686172 		.ascii	"char\000"
 2049      00
 2050              	.LASF28:
 2051 0307 4368616E 		.ascii	"Channel_Number\000"
 2051      6E656C5F 
 2051      4E756D62 
 2051      657200
 2052              	.LASF20:
 2053 0316 4D61785F 		.ascii	"Max_H\000"
 2053      4800
 2054              	.LASF9:
 2055 031c 75696E74 		.ascii	"uint8\000"
 2055      3800
 2056              	.LASF4:
 2057 0322 6C6F6E67 		.ascii	"long int\000"
 2057      20696E74 
 2057      00
 2058              	.LASF41:
 2059 032b 55617274 		.ascii	"UartBufferIdx\000"
 2059      42756666 
 2059      65724964 
 2059      7800
 2060              	.LASF14:
 2061 0339 6C6F6E67 		.ascii	"long double\000"
 2061      20646F75 
 2061      626C6500 
 2062              	.LASF39:
 2063 0345 4368616E 		.ascii	"ChannelDescriptorsArray\000"
 2063      6E656C44 
 2063      65736372 
 2063      6970746F 
 2063      72734172 
 2064              	.LASF32:
 2065 035d 55617274 		.ascii	"UartBufferParser\000"
 2065      42756666 
 2065      65725061 
 2065      72736572 
 2065      00
 2066              	.LASF45:
 2067 036e 6973725F 		.ascii	"isr_1_StartEx\000"
 2067      315F5374 
 2067      61727445 
 2067      7800
 2068              	.LASF47:
 2069 037c 5265645F 		.ascii	"Red_Output_Write\000"
 2069      4F757470 
 2069      75745F57 
 2069      72697465 
 2069      00
 2070              		.ident	"GCC: (GNU Tools for ARM Embedded Processors) 5.4.1 20160609 (release) [ARM/embedded-5-bran
